[2023-11-08T19:14:40.371+0300] {taskinstance.py:1159} INFO - Dependencies all met for dep_context=non-requeueable deps ti=<TaskInstance: my_task_score.get_data manual__2023-11-08T16:14:28.232652+00:00 [queued]>
[2023-11-08T19:14:40.402+0300] {taskinstance.py:1159} INFO - Dependencies all met for dep_context=requeueable deps ti=<TaskInstance: my_task_score.get_data manual__2023-11-08T16:14:28.232652+00:00 [queued]>
[2023-11-08T19:14:40.402+0300] {taskinstance.py:1361} INFO - Starting attempt 1 of 2
[2023-11-08T19:14:40.468+0300] {taskinstance.py:1382} INFO - Executing <Task(BashOperator): get_data> on 2023-11-08 16:14:28.232652+00:00
[2023-11-08T19:14:40.472+0300] {standard_task_runner.py:57} INFO - Started process 30029 to run task
[2023-11-08T19:14:40.491+0300] {standard_task_runner.py:84} INFO - Running: ['airflow', 'tasks', 'run', 'my_task_score', 'get_data', 'manual__2023-11-08T16:14:28.232652+00:00', '--job-id', '20', '--raw', '--subdir', 'DAGS_FOLDER/run_airflow.py', '--cfg-path', '/tmp/tmpmqyfbb2c']
[2023-11-08T19:14:40.492+0300] {standard_task_runner.py:85} INFO - Job 20: Subtask get_data
[2023-11-08T19:14:40.658+0300] {task_command.py:416} INFO - Running <TaskInstance: my_task_score.get_data manual__2023-11-08T16:14:28.232652+00:00 [running]> on host MLOPS-3-3.myguest.virtualbox.org
[2023-11-08T19:14:40.838+0300] {taskinstance.py:1662} INFO - Exporting env vars: AIRFLOW_CTX_DAG_OWNER='admin' AIRFLOW_CTX_DAG_ID='my_task_score' AIRFLOW_CTX_TASK_ID='get_data' AIRFLOW_CTX_EXECUTION_DATE='2023-11-08T16:14:28.232652+00:00' AIRFLOW_CTX_TRY_NUMBER='1' AIRFLOW_CTX_DAG_RUN_ID='manual__2023-11-08T16:14:28.232652+00:00'
[2023-11-08T19:14:40.841+0300] {subprocess.py:63} INFO - Tmp dir root location: /tmp
[2023-11-08T19:14:40.843+0300] {subprocess.py:75} INFO - Running command: ['/usr/bin/bash', '-c', 'python3 /home/petr/project/scripts/get_data.py']
[2023-11-08T19:14:40.855+0300] {subprocess.py:86} INFO - Output:
[2023-11-08T19:14:41.798+0300] {subprocess.py:93} INFO - WARNING: pip is being invoked by an old script wrapper. This will fail in a future version of pip.
[2023-11-08T19:14:41.798+0300] {subprocess.py:93} INFO - Please see https://github.com/pypa/pip/issues/5599 for advice on fixing the underlying issue.
[2023-11-08T19:14:41.798+0300] {subprocess.py:93} INFO - To avoid this problem you can invoke Python with '-m pip' instead of running pip directly.
[2023-11-08T19:14:43.547+0300] {subprocess.py:93} INFO - Collecting mlflow
[2023-11-08T19:14:43.910+0300] {subprocess.py:93} INFO -   Downloading mlflow-2.8.0-py3-none-any.whl (19.0 MB)
[2023-11-08T19:15:29.227+0300] {subprocess.py:93} INFO -      ━━━━━━━━━━━━━━━━━━━━━━━━━━━━━━━━━━━━━━━ 19.0/19.0 MB 421.6 kB/s eta 0:00:00
[2023-11-08T19:15:29.943+0300] {subprocess.py:93} INFO - Requirement already satisfied: Flask<4 in /home/petr/project/venv/lib/python3.10/site-packages (from mlflow) (2.2.5)
[2023-11-08T19:15:29.959+0300] {subprocess.py:93} INFO - Requirement already satisfied: sqlalchemy<3,>=1.4.0 in /home/petr/project/venv/lib/python3.10/site-packages (from mlflow) (1.4.50)
[2023-11-08T19:15:30.161+0300] {subprocess.py:93} INFO - Collecting cloudpickle<3
[2023-11-08T19:15:30.284+0300] {subprocess.py:93} INFO -   Downloading cloudpickle-2.2.1-py3-none-any.whl (25 kB)
[2023-11-08T19:15:30.391+0300] {subprocess.py:93} INFO - Requirement already satisfied: click<9,>=7.0 in /home/petr/project/venv/lib/python3.10/site-packages (from mlflow) (8.1.7)
[2023-11-08T19:15:30.391+0300] {subprocess.py:93} INFO - Requirement already satisfied: protobuf<5,>=3.12.0 in /home/petr/project/venv/lib/python3.10/site-packages (from mlflow) (4.25.0)
[2023-11-08T19:15:30.404+0300] {subprocess.py:93} INFO - Requirement already satisfied: sqlparse<1,>=0.4.0 in /home/petr/project/venv/lib/python3.10/site-packages (from mlflow) (0.4.4)
[2023-11-08T19:15:30.417+0300] {subprocess.py:93} INFO - Requirement already satisfied: Jinja2<4,>=2.11 in /home/petr/project/venv/lib/python3.10/site-packages (from mlflow) (3.1.2)
[2023-11-08T19:15:30.417+0300] {subprocess.py:93} INFO - Requirement already satisfied: pyyaml<7,>=5.1 in /home/petr/project/venv/lib/python3.10/site-packages (from mlflow) (6.0.1)
[2023-11-08T19:15:30.636+0300] {subprocess.py:93} INFO - Collecting databricks-cli<1,>=0.8.7
[2023-11-08T19:15:30.686+0300] {subprocess.py:93} INFO -   Downloading databricks_cli-0.18.0-py2.py3-none-any.whl (150 kB)
[2023-11-08T19:15:31.272+0300] {subprocess.py:93} INFO -      ━━━━━━━━━━━━━━━━━━━━━━━━━━━━━━━━━━━━━ 150.3/150.3 KB 264.3 kB/s eta 0:00:00
[2023-11-08T19:15:31.273+0300] {subprocess.py:93} INFO - Requirement already satisfied: packaging<24 in /home/petr/project/venv/lib/python3.10/site-packages (from mlflow) (23.2)
[2023-11-08T19:15:31.284+0300] {subprocess.py:93} INFO - Requirement already satisfied: pytz<2024 in /home/petr/project/venv/lib/python3.10/site-packages (from mlflow) (2023.3.post1)
[2023-11-08T19:15:32.106+0300] {subprocess.py:93} INFO - Collecting scikit-learn<2
[2023-11-08T19:15:32.139+0300] {subprocess.py:93} INFO -   Downloading scikit_learn-1.3.2-cp310-cp310-manylinux_2_17_x86_64.manylinux2014_x86_64.whl (10.8 MB)
[2023-11-08T19:15:57.457+0300] {subprocess.py:93} INFO -      ━━━━━━━━━━━━━━━━━━━━━━━━━━━━━━━━━━━━━━━ 10.8/10.8 MB 431.3 kB/s eta 0:00:00
[2023-11-08T19:15:57.557+0300] {subprocess.py:93} INFO - Requirement already satisfied: markdown<4,>=3.3 in /home/petr/project/venv/lib/python3.10/site-packages (from mlflow) (3.5.1)
[2023-11-08T19:15:57.559+0300] {subprocess.py:93} INFO - Requirement already satisfied: requests<3,>=2.17.3 in /home/petr/project/venv/lib/python3.10/site-packages (from mlflow) (2.31.0)
[2023-11-08T19:15:57.571+0300] {subprocess.py:93} INFO - Requirement already satisfied: psutil<6 in /home/petr/project/venv/lib/python3.10/site-packages (from mlflow) (5.9.6)
[2023-11-08T19:15:59.833+0300] {subprocess.py:93} INFO - Collecting numpy<2
[2023-11-08T19:15:59.916+0300] {subprocess.py:93} INFO -   Downloading numpy-1.26.1-cp310-cp310-manylinux_2_17_x86_64.manylinux2014_x86_64.whl (18.2 MB)
[2023-11-08T19:16:48.438+0300] {subprocess.py:93} INFO -      ━━━━━━━━━━━━━━━━━━━━━━━━━━━━━━━━━━━━━━━ 18.2/18.2 MB 366.1 kB/s eta 0:00:00
[2023-11-08T19:16:48.755+0300] {subprocess.py:93} INFO - Requirement already satisfied: gunicorn<22 in /home/petr/project/venv/lib/python3.10/site-packages (from mlflow) (21.2.0)
[2023-11-08T19:16:48.971+0300] {subprocess.py:93} INFO - Collecting querystring-parser<2
[2023-11-08T19:16:49.018+0300] {subprocess.py:93} INFO -   Downloading querystring_parser-1.2.4-py2.py3-none-any.whl (7.9 kB)
[2023-11-08T19:16:49.130+0300] {subprocess.py:93} INFO - Collecting entrypoints<1
[2023-11-08T19:16:49.195+0300] {subprocess.py:93} INFO -   Downloading entrypoints-0.4-py3-none-any.whl (5.3 kB)
[2023-11-08T19:16:51.621+0300] {subprocess.py:93} INFO - Collecting pandas<3
[2023-11-08T19:16:51.694+0300] {subprocess.py:93} INFO -   Downloading pandas-2.1.2-cp310-cp310-manylinux_2_17_x86_64.manylinux2014_x86_64.whl (12.3 MB)
[2023-11-08T19:17:23.106+0300] {subprocess.py:93} INFO -      ━━━━━━━━━━━━━━━━━━━━━━━━━━━━━━━━━━━━━━━ 12.3/12.3 MB 392.2 kB/s eta 0:00:00
[2023-11-08T19:17:23.424+0300] {subprocess.py:93} INFO - Requirement already satisfied: alembic!=1.10.0,<2 in /home/petr/project/venv/lib/python3.10/site-packages (from mlflow) (1.12.1)
[2023-11-08T19:17:24.062+0300] {subprocess.py:93} INFO - Collecting docker<7,>=4.0.0
[2023-11-08T19:17:24.258+0300] {subprocess.py:93} INFO -   Downloading docker-6.1.3-py3-none-any.whl (148 kB)
[2023-11-08T19:17:24.773+0300] {subprocess.py:93} INFO -      ━━━━━━━━━━━━━━━━━━━━━━━━━━━━━━━━━━━━━ 148.1/148.1 KB 370.4 kB/s eta 0:00:00
[2023-11-08T19:17:24.876+0300] {subprocess.py:93} INFO - Requirement already satisfied: importlib-metadata!=4.7.0,<7,>=3.7.0 in /home/petr/project/venv/lib/python3.10/site-packages (from mlflow) (6.8.0)
[2023-11-08T19:17:28.771+0300] {subprocess.py:93} INFO - Collecting matplotlib<4
[2023-11-08T19:17:28.953+0300] {subprocess.py:93} INFO -   Downloading matplotlib-3.8.1-cp310-cp310-manylinux_2_17_x86_64.manylinux2014_x86_64.whl (11.6 MB)
[2023-11-08T19:17:56.956+0300] {subprocess.py:93} INFO -      ━━━━━━━━━━━━━━━━━━━━━━━━━━━━━━━━━━━━━━━ 11.6/11.6 MB 424.0 kB/s eta 0:00:00
[2023-11-08T19:17:58.286+0300] {subprocess.py:93} INFO - Collecting pyarrow<14,>=4.0.0
[2023-11-08T19:17:58.368+0300] {subprocess.py:93} INFO -   Downloading pyarrow-13.0.0-cp310-cp310-manylinux_2_28_x86_64.whl (40.0 MB)
[2023-11-08T19:19:33.494+0300] {subprocess.py:93} INFO -      ━━━━━━━━━━━━━━━━━━━━━━━━━━━━━━━━━━━━━━━ 40.0/40.0 MB 384.8 kB/s eta 0:00:00
[2023-11-08T19:19:34.726+0300] {subprocess.py:93} INFO - Collecting gitpython<4,>=2.1.0
[2023-11-08T19:19:34.765+0300] {subprocess.py:93} INFO -   Downloading GitPython-3.1.40-py3-none-any.whl (190 kB)
[2023-11-08T19:19:35.253+0300] {subprocess.py:93} INFO -      ━━━━━━━━━━━━━━━━━━━━━━━━━━━━━━━━━━━━━ 190.6/190.6 KB 390.1 kB/s eta 0:00:00
[2023-11-08T19:19:36.408+0300] {subprocess.py:93} INFO - Collecting scipy<2
[2023-11-08T19:19:36.482+0300] {subprocess.py:93} INFO -   Downloading scipy-1.11.3-cp310-cp310-manylinux_2_17_x86_64.manylinux2014_x86_64.whl (36.4 MB)
[2023-11-08T19:21:06.726+0300] {subprocess.py:93} INFO -      ━━━━━━━━━━━━━━━━━━━━━━━━━━━━━━━━━━━━━━━ 36.4/36.4 MB 425.9 kB/s eta 0:00:00
[2023-11-08T19:21:07.297+0300] {subprocess.py:93} INFO - Requirement already satisfied: Mako in /home/petr/project/venv/lib/python3.10/site-packages (from alembic!=1.10.0,<2->mlflow) (1.2.4)
[2023-11-08T19:21:07.299+0300] {subprocess.py:93} INFO - Requirement already satisfied: typing-extensions>=4 in /home/petr/project/venv/lib/python3.10/site-packages (from alembic!=1.10.0,<2->mlflow) (4.8.0)
[2023-11-08T19:21:07.318+0300] {subprocess.py:93} INFO - Requirement already satisfied: tabulate>=0.7.7 in /home/petr/project/venv/lib/python3.10/site-packages (from databricks-cli<1,>=0.8.7->mlflow) (0.9.0)
[2023-11-08T19:21:07.336+0300] {subprocess.py:93} INFO - Requirement already satisfied: pyjwt>=1.7.0 in /home/petr/project/venv/lib/python3.10/site-packages (from databricks-cli<1,>=0.8.7->mlflow) (2.8.0)
[2023-11-08T19:21:07.337+0300] {subprocess.py:93} INFO - Requirement already satisfied: six>=1.10.0 in /home/petr/project/venv/lib/python3.10/site-packages (from databricks-cli<1,>=0.8.7->mlflow) (1.16.0)
[2023-11-08T19:21:07.433+0300] {subprocess.py:93} INFO - Collecting oauthlib>=3.1.0
[2023-11-08T19:21:07.490+0300] {subprocess.py:93} INFO -   Downloading oauthlib-3.2.2-py3-none-any.whl (151 kB)
[2023-11-08T19:21:07.975+0300] {subprocess.py:93} INFO -      ━━━━━━━━━━━━━━━━━━━━━━━━━━━━━━━━━━━━━ 151.7/151.7 KB 335.9 kB/s eta 0:00:00
[2023-11-08T19:21:07.978+0300] {subprocess.py:93} INFO - Requirement already satisfied: urllib3<3,>=1.26.7 in /home/petr/project/venv/lib/python3.10/site-packages (from databricks-cli<1,>=0.8.7->mlflow) (2.0.7)
[2023-11-08T19:21:08.215+0300] {subprocess.py:93} INFO - Collecting websocket-client>=0.32.0
[2023-11-08T19:21:08.273+0300] {subprocess.py:93} INFO -   Downloading websocket_client-1.6.4-py3-none-any.whl (57 kB)
[2023-11-08T19:21:08.430+0300] {subprocess.py:93} INFO -      ━━━━━━━━━━━━━━━━━━━━━━━━━━━━━━━━━━━━━━━ 57.3/57.3 KB 378.1 kB/s eta 0:00:00
[2023-11-08T19:21:08.447+0300] {subprocess.py:93} INFO - Requirement already satisfied: Werkzeug>=2.2.2 in /home/petr/project/venv/lib/python3.10/site-packages (from Flask<4->mlflow) (2.2.3)
[2023-11-08T19:21:08.463+0300] {subprocess.py:93} INFO - Requirement already satisfied: itsdangerous>=2.0 in /home/petr/project/venv/lib/python3.10/site-packages (from Flask<4->mlflow) (2.1.2)
[2023-11-08T19:21:08.697+0300] {subprocess.py:93} INFO - Collecting gitdb<5,>=4.0.1
[2023-11-08T19:21:08.748+0300] {subprocess.py:93} INFO -   Downloading gitdb-4.0.11-py3-none-any.whl (62 kB)
[2023-11-08T19:21:08.922+0300] {subprocess.py:93} INFO -      ━━━━━━━━━━━━━━━━━━━━━━━━━━━━━━━━━━━━━━━ 62.7/62.7 KB 406.2 kB/s eta 0:00:00
[2023-11-08T19:21:09.038+0300] {subprocess.py:93} INFO - Requirement already satisfied: zipp>=0.5 in /home/petr/project/venv/lib/python3.10/site-packages (from importlib-metadata!=4.7.0,<7,>=3.7.0->mlflow) (3.17.0)
[2023-11-08T19:21:09.056+0300] {subprocess.py:93} INFO - Requirement already satisfied: MarkupSafe>=2.0 in /home/petr/project/venv/lib/python3.10/site-packages (from Jinja2<4,>=2.11->mlflow) (2.1.3)
[2023-11-08T19:21:09.219+0300] {subprocess.py:93} INFO - Collecting cycler>=0.10
[2023-11-08T19:21:09.263+0300] {subprocess.py:93} INFO -   Downloading cycler-0.12.1-py3-none-any.whl (8.3 kB)
[2023-11-08T19:21:09.540+0300] {subprocess.py:93} INFO - Collecting pyparsing>=2.3.1
[2023-11-08T19:21:09.602+0300] {subprocess.py:93} INFO -   Downloading pyparsing-3.1.1-py3-none-any.whl (103 kB)
[2023-11-08T19:21:09.958+0300] {subprocess.py:93} INFO -      ━━━━━━━━━━━━━━━━━━━━━━━━━━━━━━━━━━━━━ 103.1/103.1 KB 304.7 kB/s eta 0:00:00
[2023-11-08T19:21:12.381+0300] {subprocess.py:93} INFO - Collecting pillow>=8
[2023-11-08T19:21:12.433+0300] {subprocess.py:93} INFO -   Downloading Pillow-10.1.0-cp310-cp310-manylinux_2_28_x86_64.whl (3.6 MB)
[2023-11-08T19:21:20.485+0300] {subprocess.py:93} INFO -      ━━━━━━━━━━━━━━━━━━━━━━━━━━━━━━━━━━━━━━━━ 3.6/3.6 MB 452.5 kB/s eta 0:00:00
[2023-11-08T19:21:20.599+0300] {subprocess.py:93} INFO - Requirement already satisfied: python-dateutil>=2.7 in /home/petr/project/venv/lib/python3.10/site-packages (from matplotlib<4->mlflow) (2.8.2)
[2023-11-08T19:21:21.245+0300] {subprocess.py:93} INFO - Collecting kiwisolver>=1.3.1
[2023-11-08T19:21:21.333+0300] {subprocess.py:93} INFO -   Downloading kiwisolver-1.4.5-cp310-cp310-manylinux_2_12_x86_64.manylinux2010_x86_64.whl (1.6 MB)
[2023-11-08T19:21:25.331+0300] {subprocess.py:93} INFO -      ━━━━━━━━━━━━━━━━━━━━━━━━━━━━━━━━━━━━━━━━ 1.6/1.6 MB 413.9 kB/s eta 0:00:00
[2023-11-08T19:21:26.070+0300] {subprocess.py:93} INFO - Collecting fonttools>=4.22.0
[2023-11-08T19:21:26.124+0300] {subprocess.py:93} INFO -   Downloading fonttools-4.44.0-cp310-cp310-manylinux_2_17_x86_64.manylinux2014_x86_64.whl (4.5 MB)
[2023-11-08T19:21:38.366+0300] {subprocess.py:93} INFO -      ━━━━━━━━━━━━━━━━━━━━━━━━━━━━━━━━━━━━━━━━ 4.5/4.5 MB 372.6 kB/s eta 0:00:00
[2023-11-08T19:21:39.157+0300] {subprocess.py:93} INFO - Collecting contourpy>=1.0.1
[2023-11-08T19:21:39.210+0300] {subprocess.py:93} INFO -   Downloading contourpy-1.2.0-cp310-cp310-manylinux_2_17_x86_64.manylinux2014_x86_64.whl (310 kB)
[2023-11-08T19:21:40.600+0300] {subprocess.py:93} INFO -      ━━━━━━━━━━━━━━━━━━━━━━━━━━━━━━━━━━━━━ 310.7/310.7 KB 223.7 kB/s eta 0:00:00
[2023-11-08T19:21:41.905+0300] {subprocess.py:93} INFO - Collecting tzdata>=2022.1
[2023-11-08T19:21:41.959+0300] {subprocess.py:93} INFO -   Downloading tzdata-2023.3-py2.py3-none-any.whl (341 kB)
[2023-11-08T19:21:43.181+0300] {subprocess.py:93} INFO -      ━━━━━━━━━━━━━━━━━━━━━━━━━━━━━━━━━━━━━ 341.8/341.8 KB 297.3 kB/s eta 0:00:00
[2023-11-08T19:21:43.602+0300] {subprocess.py:93} INFO - Requirement already satisfied: certifi>=2017.4.17 in /home/petr/project/venv/lib/python3.10/site-packages (from requests<3,>=2.17.3->mlflow) (2023.7.22)
[2023-11-08T19:21:43.602+0300] {subprocess.py:93} INFO - Requirement already satisfied: charset-normalizer<4,>=2 in /home/petr/project/venv/lib/python3.10/site-packages (from requests<3,>=2.17.3->mlflow) (2.1.1)
[2023-11-08T19:21:43.613+0300] {subprocess.py:93} INFO - Requirement already satisfied: idna<4,>=2.5 in /home/petr/project/venv/lib/python3.10/site-packages (from requests<3,>=2.17.3->mlflow) (3.4)
[2023-11-08T19:21:44.288+0300] {subprocess.py:93} INFO - Collecting threadpoolctl>=2.0.0
[2023-11-08T19:21:44.364+0300] {subprocess.py:93} INFO -   Downloading threadpoolctl-3.2.0-py3-none-any.whl (15 kB)
[2023-11-08T19:21:45.112+0300] {subprocess.py:93} INFO - Collecting joblib>=1.1.1
[2023-11-08T19:21:45.258+0300] {subprocess.py:93} INFO -   Downloading joblib-1.3.2-py3-none-any.whl (302 kB)
[2023-11-08T19:21:46.185+0300] {subprocess.py:93} INFO -      ━━━━━━━━━━━━━━━━━━━━━━━━━━━━━━━━━━━━━ 302.2/302.2 KB 330.9 kB/s eta 0:00:00
[2023-11-08T19:21:46.705+0300] {subprocess.py:93} INFO - Requirement already satisfied: greenlet!=0.4.17 in /home/petr/project/venv/lib/python3.10/site-packages (from sqlalchemy<3,>=1.4.0->mlflow) (3.0.1)
[2023-11-08T19:21:47.243+0300] {subprocess.py:93} INFO - Collecting smmap<6,>=3.0.1
[2023-11-08T19:21:47.289+0300] {subprocess.py:93} INFO -   Downloading smmap-5.0.1-py3-none-any.whl (24 kB)
[2023-11-08T19:22:10.132+0300] {subprocess.py:93} INFO - Installing collected packages: websocket-client, tzdata, threadpoolctl, smmap, querystring-parser, pyparsing, pillow, oauthlib, numpy, kiwisolver, joblib, fonttools, entrypoints, cycler, cloudpickle, scipy, pyarrow, pandas, gitdb, docker, databricks-cli, contourpy, scikit-learn, matplotlib, gitpython, mlflow
[2023-11-08T19:23:57.967+0300] {subprocess.py:93} INFO - Successfully installed cloudpickle-2.2.1 contourpy-1.2.0 cycler-0.12.1 databricks-cli-0.18.0 docker-6.1.3 entrypoints-0.4 fonttools-4.44.0 gitdb-4.0.11 gitpython-3.1.40 joblib-1.3.2 kiwisolver-1.4.5 matplotlib-3.8.1 mlflow-2.8.0 numpy-1.26.1 oauthlib-3.2.2 pandas-2.1.2 pillow-10.1.0 pyarrow-13.0.0 pyparsing-3.1.1 querystring-parser-1.2.4 scikit-learn-1.3.2 scipy-1.11.3 smmap-5.0.1 threadpoolctl-3.2.0 tzdata-2023.3 websocket-client-1.6.4
[2023-11-08T19:23:58.193+0300] {subprocess.py:93} INFO - Traceback (most recent call last):
[2023-11-08T19:23:58.193+0300] {subprocess.py:93} INFO -   File "/home/petr/project/scripts/get_data.py", line 20, in <module>
[2023-11-08T19:23:58.193+0300] {subprocess.py:93} INFO -     mlflow.set_tracking_uri("http://localhost:5000")
[2023-11-08T19:23:58.193+0300] {subprocess.py:93} INFO - NameError: name 'mlflow' is not defined
[2023-11-08T19:23:59.717+0300] {subprocess.py:97} INFO - Command exited with return code 1
[2023-11-08T19:23:59.871+0300] {taskinstance.py:1937} ERROR - Task failed with exception
Traceback (most recent call last):
  File "/home/petr/project/venv/lib/python3.10/site-packages/airflow/operators/bash.py", line 210, in execute
    raise AirflowException(
airflow.exceptions.AirflowException: Bash command failed. The command returned a non-zero exit code 1.
[2023-11-08T19:23:59.901+0300] {taskinstance.py:1400} INFO - Marking task as UP_FOR_RETRY. dag_id=my_task_score, task_id=get_data, execution_date=20231108T161428, start_date=20231108T161440, end_date=20231108T162359
[2023-11-08T19:24:00.029+0300] {standard_task_runner.py:104} ERROR - Failed to execute job 20 for task get_data (Bash command failed. The command returned a non-zero exit code 1.; 30029)
[2023-11-08T19:24:00.073+0300] {local_task_job_runner.py:228} INFO - Task exited with return code 1
[2023-11-08T19:24:00.341+0300] {taskinstance.py:2778} INFO - 0 downstream tasks scheduled from follow-on schedule check
