[2023-12-01T13:38:06.723+0300] {processor.py:157} INFO - Started process (PID=3373) to work on /home/petr/project/venv/lib/python3.10/site-packages/airflow/example_dags/subdags/subdag.py
[2023-12-01T13:38:06.724+0300] {processor.py:829} INFO - Processing file /home/petr/project/venv/lib/python3.10/site-packages/airflow/example_dags/subdags/subdag.py for tasks to queue
[2023-12-01T13:38:06.725+0300] {logging_mixin.py:154} INFO - [2023-12-01T13:38:06.724+0300] {dagbag.py:536} INFO - Filling up the DagBag from /home/petr/project/venv/lib/python3.10/site-packages/airflow/example_dags/subdags/subdag.py
[2023-12-01T13:38:06.726+0300] {processor.py:841} WARNING - No viable dags retrieved from /home/petr/project/venv/lib/python3.10/site-packages/airflow/example_dags/subdags/subdag.py
[2023-12-01T13:38:06.795+0300] {processor.py:179} INFO - Processing /home/petr/project/venv/lib/python3.10/site-packages/airflow/example_dags/subdags/subdag.py took 0.076 seconds
[2023-12-01T13:38:37.696+0300] {processor.py:157} INFO - Started process (PID=3476) to work on /home/petr/project/venv/lib/python3.10/site-packages/airflow/example_dags/subdags/subdag.py
[2023-12-01T13:38:37.696+0300] {processor.py:829} INFO - Processing file /home/petr/project/venv/lib/python3.10/site-packages/airflow/example_dags/subdags/subdag.py for tasks to queue
[2023-12-01T13:38:37.697+0300] {logging_mixin.py:154} INFO - [2023-12-01T13:38:37.697+0300] {dagbag.py:536} INFO - Filling up the DagBag from /home/petr/project/venv/lib/python3.10/site-packages/airflow/example_dags/subdags/subdag.py
[2023-12-01T13:38:37.707+0300] {processor.py:841} WARNING - No viable dags retrieved from /home/petr/project/venv/lib/python3.10/site-packages/airflow/example_dags/subdags/subdag.py
[2023-12-01T13:38:37.738+0300] {processor.py:179} INFO - Processing /home/petr/project/venv/lib/python3.10/site-packages/airflow/example_dags/subdags/subdag.py took 0.052 seconds
[2023-12-01T13:39:09.740+0300] {processor.py:157} INFO - Started process (PID=3577) to work on /home/petr/project/venv/lib/python3.10/site-packages/airflow/example_dags/subdags/subdag.py
[2023-12-01T13:39:09.746+0300] {processor.py:829} INFO - Processing file /home/petr/project/venv/lib/python3.10/site-packages/airflow/example_dags/subdags/subdag.py for tasks to queue
[2023-12-01T13:39:09.747+0300] {logging_mixin.py:154} INFO - [2023-12-01T13:39:09.746+0300] {dagbag.py:536} INFO - Filling up the DagBag from /home/petr/project/venv/lib/python3.10/site-packages/airflow/example_dags/subdags/subdag.py
[2023-12-01T13:39:09.750+0300] {processor.py:841} WARNING - No viable dags retrieved from /home/petr/project/venv/lib/python3.10/site-packages/airflow/example_dags/subdags/subdag.py
[2023-12-01T13:39:09.815+0300] {processor.py:179} INFO - Processing /home/petr/project/venv/lib/python3.10/site-packages/airflow/example_dags/subdags/subdag.py took 0.078 seconds
[2023-12-01T13:39:40.628+0300] {processor.py:157} INFO - Started process (PID=3694) to work on /home/petr/project/venv/lib/python3.10/site-packages/airflow/example_dags/subdags/subdag.py
[2023-12-01T13:39:40.629+0300] {processor.py:829} INFO - Processing file /home/petr/project/venv/lib/python3.10/site-packages/airflow/example_dags/subdags/subdag.py for tasks to queue
[2023-12-01T13:39:40.630+0300] {logging_mixin.py:154} INFO - [2023-12-01T13:39:40.629+0300] {dagbag.py:536} INFO - Filling up the DagBag from /home/petr/project/venv/lib/python3.10/site-packages/airflow/example_dags/subdags/subdag.py
[2023-12-01T13:39:40.635+0300] {processor.py:841} WARNING - No viable dags retrieved from /home/petr/project/venv/lib/python3.10/site-packages/airflow/example_dags/subdags/subdag.py
[2023-12-01T13:39:40.679+0300] {processor.py:179} INFO - Processing /home/petr/project/venv/lib/python3.10/site-packages/airflow/example_dags/subdags/subdag.py took 0.054 seconds
[2023-12-01T13:40:11.861+0300] {processor.py:157} INFO - Started process (PID=3815) to work on /home/petr/project/venv/lib/python3.10/site-packages/airflow/example_dags/subdags/subdag.py
[2023-12-01T13:40:11.869+0300] {processor.py:829} INFO - Processing file /home/petr/project/venv/lib/python3.10/site-packages/airflow/example_dags/subdags/subdag.py for tasks to queue
[2023-12-01T13:40:11.870+0300] {logging_mixin.py:154} INFO - [2023-12-01T13:40:11.869+0300] {dagbag.py:536} INFO - Filling up the DagBag from /home/petr/project/venv/lib/python3.10/site-packages/airflow/example_dags/subdags/subdag.py
[2023-12-01T13:40:11.873+0300] {processor.py:841} WARNING - No viable dags retrieved from /home/petr/project/venv/lib/python3.10/site-packages/airflow/example_dags/subdags/subdag.py
[2023-12-01T13:40:11.909+0300] {processor.py:179} INFO - Processing /home/petr/project/venv/lib/python3.10/site-packages/airflow/example_dags/subdags/subdag.py took 0.053 seconds
[2023-12-01T13:40:42.279+0300] {processor.py:157} INFO - Started process (PID=3918) to work on /home/petr/project/venv/lib/python3.10/site-packages/airflow/example_dags/subdags/subdag.py
[2023-12-01T13:40:42.287+0300] {processor.py:829} INFO - Processing file /home/petr/project/venv/lib/python3.10/site-packages/airflow/example_dags/subdags/subdag.py for tasks to queue
[2023-12-01T13:40:42.288+0300] {logging_mixin.py:154} INFO - [2023-12-01T13:40:42.288+0300] {dagbag.py:536} INFO - Filling up the DagBag from /home/petr/project/venv/lib/python3.10/site-packages/airflow/example_dags/subdags/subdag.py
[2023-12-01T13:40:42.290+0300] {processor.py:841} WARNING - No viable dags retrieved from /home/petr/project/venv/lib/python3.10/site-packages/airflow/example_dags/subdags/subdag.py
[2023-12-01T13:40:42.326+0300] {processor.py:179} INFO - Processing /home/petr/project/venv/lib/python3.10/site-packages/airflow/example_dags/subdags/subdag.py took 0.051 seconds
[2023-12-01T13:41:12.793+0300] {processor.py:157} INFO - Started process (PID=4017) to work on /home/petr/project/venv/lib/python3.10/site-packages/airflow/example_dags/subdags/subdag.py
[2023-12-01T13:41:12.797+0300] {processor.py:829} INFO - Processing file /home/petr/project/venv/lib/python3.10/site-packages/airflow/example_dags/subdags/subdag.py for tasks to queue
[2023-12-01T13:41:12.798+0300] {logging_mixin.py:154} INFO - [2023-12-01T13:41:12.798+0300] {dagbag.py:536} INFO - Filling up the DagBag from /home/petr/project/venv/lib/python3.10/site-packages/airflow/example_dags/subdags/subdag.py
[2023-12-01T13:41:12.799+0300] {processor.py:841} WARNING - No viable dags retrieved from /home/petr/project/venv/lib/python3.10/site-packages/airflow/example_dags/subdags/subdag.py
[2023-12-01T13:41:12.832+0300] {processor.py:179} INFO - Processing /home/petr/project/venv/lib/python3.10/site-packages/airflow/example_dags/subdags/subdag.py took 0.053 seconds
[2023-12-01T13:41:43.595+0300] {processor.py:157} INFO - Started process (PID=4121) to work on /home/petr/project/venv/lib/python3.10/site-packages/airflow/example_dags/subdags/subdag.py
[2023-12-01T13:41:43.596+0300] {processor.py:829} INFO - Processing file /home/petr/project/venv/lib/python3.10/site-packages/airflow/example_dags/subdags/subdag.py for tasks to queue
[2023-12-01T13:41:43.597+0300] {logging_mixin.py:154} INFO - [2023-12-01T13:41:43.596+0300] {dagbag.py:536} INFO - Filling up the DagBag from /home/petr/project/venv/lib/python3.10/site-packages/airflow/example_dags/subdags/subdag.py
[2023-12-01T13:41:43.598+0300] {processor.py:841} WARNING - No viable dags retrieved from /home/petr/project/venv/lib/python3.10/site-packages/airflow/example_dags/subdags/subdag.py
[2023-12-01T13:41:43.625+0300] {processor.py:179} INFO - Processing /home/petr/project/venv/lib/python3.10/site-packages/airflow/example_dags/subdags/subdag.py took 0.038 seconds
[2023-12-01T13:42:14.075+0300] {processor.py:157} INFO - Started process (PID=4228) to work on /home/petr/project/venv/lib/python3.10/site-packages/airflow/example_dags/subdags/subdag.py
[2023-12-01T13:42:14.085+0300] {processor.py:829} INFO - Processing file /home/petr/project/venv/lib/python3.10/site-packages/airflow/example_dags/subdags/subdag.py for tasks to queue
[2023-12-01T13:42:14.086+0300] {logging_mixin.py:154} INFO - [2023-12-01T13:42:14.086+0300] {dagbag.py:536} INFO - Filling up the DagBag from /home/petr/project/venv/lib/python3.10/site-packages/airflow/example_dags/subdags/subdag.py
[2023-12-01T13:42:14.089+0300] {processor.py:841} WARNING - No viable dags retrieved from /home/petr/project/venv/lib/python3.10/site-packages/airflow/example_dags/subdags/subdag.py
[2023-12-01T13:42:14.106+0300] {processor.py:179} INFO - Processing /home/petr/project/venv/lib/python3.10/site-packages/airflow/example_dags/subdags/subdag.py took 0.034 seconds
[2023-12-01T13:42:44.714+0300] {processor.py:157} INFO - Started process (PID=4332) to work on /home/petr/project/venv/lib/python3.10/site-packages/airflow/example_dags/subdags/subdag.py
[2023-12-01T13:42:44.715+0300] {processor.py:829} INFO - Processing file /home/petr/project/venv/lib/python3.10/site-packages/airflow/example_dags/subdags/subdag.py for tasks to queue
[2023-12-01T13:42:44.716+0300] {logging_mixin.py:154} INFO - [2023-12-01T13:42:44.716+0300] {dagbag.py:536} INFO - Filling up the DagBag from /home/petr/project/venv/lib/python3.10/site-packages/airflow/example_dags/subdags/subdag.py
[2023-12-01T13:42:44.717+0300] {processor.py:841} WARNING - No viable dags retrieved from /home/petr/project/venv/lib/python3.10/site-packages/airflow/example_dags/subdags/subdag.py
[2023-12-01T13:42:44.734+0300] {processor.py:179} INFO - Processing /home/petr/project/venv/lib/python3.10/site-packages/airflow/example_dags/subdags/subdag.py took 0.023 seconds
[2023-12-01T13:43:14.933+0300] {processor.py:157} INFO - Started process (PID=4432) to work on /home/petr/project/venv/lib/python3.10/site-packages/airflow/example_dags/subdags/subdag.py
[2023-12-01T13:43:14.937+0300] {processor.py:829} INFO - Processing file /home/petr/project/venv/lib/python3.10/site-packages/airflow/example_dags/subdags/subdag.py for tasks to queue
[2023-12-01T13:43:14.938+0300] {logging_mixin.py:154} INFO - [2023-12-01T13:43:14.938+0300] {dagbag.py:536} INFO - Filling up the DagBag from /home/petr/project/venv/lib/python3.10/site-packages/airflow/example_dags/subdags/subdag.py
[2023-12-01T13:43:14.939+0300] {processor.py:841} WARNING - No viable dags retrieved from /home/petr/project/venv/lib/python3.10/site-packages/airflow/example_dags/subdags/subdag.py
[2023-12-01T13:43:14.969+0300] {processor.py:179} INFO - Processing /home/petr/project/venv/lib/python3.10/site-packages/airflow/example_dags/subdags/subdag.py took 0.044 seconds
[2023-12-01T13:43:47.338+0300] {processor.py:157} INFO - Started process (PID=4532) to work on /home/petr/project/venv/lib/python3.10/site-packages/airflow/example_dags/subdags/subdag.py
[2023-12-01T13:43:47.348+0300] {processor.py:829} INFO - Processing file /home/petr/project/venv/lib/python3.10/site-packages/airflow/example_dags/subdags/subdag.py for tasks to queue
[2023-12-01T13:43:47.349+0300] {logging_mixin.py:154} INFO - [2023-12-01T13:43:47.349+0300] {dagbag.py:536} INFO - Filling up the DagBag from /home/petr/project/venv/lib/python3.10/site-packages/airflow/example_dags/subdags/subdag.py
[2023-12-01T13:43:47.351+0300] {processor.py:841} WARNING - No viable dags retrieved from /home/petr/project/venv/lib/python3.10/site-packages/airflow/example_dags/subdags/subdag.py
[2023-12-01T13:43:47.394+0300] {processor.py:179} INFO - Processing /home/petr/project/venv/lib/python3.10/site-packages/airflow/example_dags/subdags/subdag.py took 0.058 seconds
[2023-12-01T13:44:17.904+0300] {processor.py:157} INFO - Started process (PID=4631) to work on /home/petr/project/venv/lib/python3.10/site-packages/airflow/example_dags/subdags/subdag.py
[2023-12-01T13:44:17.915+0300] {processor.py:829} INFO - Processing file /home/petr/project/venv/lib/python3.10/site-packages/airflow/example_dags/subdags/subdag.py for tasks to queue
[2023-12-01T13:44:17.915+0300] {logging_mixin.py:154} INFO - [2023-12-01T13:44:17.915+0300] {dagbag.py:536} INFO - Filling up the DagBag from /home/petr/project/venv/lib/python3.10/site-packages/airflow/example_dags/subdags/subdag.py
[2023-12-01T13:44:17.917+0300] {processor.py:841} WARNING - No viable dags retrieved from /home/petr/project/venv/lib/python3.10/site-packages/airflow/example_dags/subdags/subdag.py
[2023-12-01T13:44:17.961+0300] {processor.py:179} INFO - Processing /home/petr/project/venv/lib/python3.10/site-packages/airflow/example_dags/subdags/subdag.py took 0.060 seconds
[2023-12-01T13:44:49.019+0300] {processor.py:157} INFO - Started process (PID=4733) to work on /home/petr/project/venv/lib/python3.10/site-packages/airflow/example_dags/subdags/subdag.py
[2023-12-01T13:44:49.032+0300] {processor.py:829} INFO - Processing file /home/petr/project/venv/lib/python3.10/site-packages/airflow/example_dags/subdags/subdag.py for tasks to queue
[2023-12-01T13:44:49.033+0300] {logging_mixin.py:154} INFO - [2023-12-01T13:44:49.032+0300] {dagbag.py:536} INFO - Filling up the DagBag from /home/petr/project/venv/lib/python3.10/site-packages/airflow/example_dags/subdags/subdag.py
[2023-12-01T13:44:49.051+0300] {processor.py:841} WARNING - No viable dags retrieved from /home/petr/project/venv/lib/python3.10/site-packages/airflow/example_dags/subdags/subdag.py
[2023-12-01T13:44:49.172+0300] {processor.py:179} INFO - Processing /home/petr/project/venv/lib/python3.10/site-packages/airflow/example_dags/subdags/subdag.py took 0.171 seconds
[2023-12-01T13:45:20.311+0300] {processor.py:157} INFO - Started process (PID=4856) to work on /home/petr/project/venv/lib/python3.10/site-packages/airflow/example_dags/subdags/subdag.py
[2023-12-01T13:45:20.312+0300] {processor.py:829} INFO - Processing file /home/petr/project/venv/lib/python3.10/site-packages/airflow/example_dags/subdags/subdag.py for tasks to queue
[2023-12-01T13:45:20.313+0300] {logging_mixin.py:154} INFO - [2023-12-01T13:45:20.313+0300] {dagbag.py:536} INFO - Filling up the DagBag from /home/petr/project/venv/lib/python3.10/site-packages/airflow/example_dags/subdags/subdag.py
[2023-12-01T13:45:20.316+0300] {processor.py:841} WARNING - No viable dags retrieved from /home/petr/project/venv/lib/python3.10/site-packages/airflow/example_dags/subdags/subdag.py
[2023-12-01T13:45:20.339+0300] {processor.py:179} INFO - Processing /home/petr/project/venv/lib/python3.10/site-packages/airflow/example_dags/subdags/subdag.py took 0.034 seconds
[2023-12-01T13:46:47.042+0300] {processor.py:157} INFO - Started process (PID=4969) to work on /home/petr/project/venv/lib/python3.10/site-packages/airflow/example_dags/subdags/subdag.py
[2023-12-01T13:46:47.054+0300] {processor.py:829} INFO - Processing file /home/petr/project/venv/lib/python3.10/site-packages/airflow/example_dags/subdags/subdag.py for tasks to queue
[2023-12-01T13:46:47.055+0300] {logging_mixin.py:154} INFO - [2023-12-01T13:46:47.054+0300] {dagbag.py:536} INFO - Filling up the DagBag from /home/petr/project/venv/lib/python3.10/site-packages/airflow/example_dags/subdags/subdag.py
[2023-12-01T13:46:47.057+0300] {processor.py:841} WARNING - No viable dags retrieved from /home/petr/project/venv/lib/python3.10/site-packages/airflow/example_dags/subdags/subdag.py
[2023-12-01T13:46:47.090+0300] {processor.py:179} INFO - Processing /home/petr/project/venv/lib/python3.10/site-packages/airflow/example_dags/subdags/subdag.py took 0.059 seconds
[2023-12-01T13:47:17.247+0300] {processor.py:157} INFO - Started process (PID=5072) to work on /home/petr/project/venv/lib/python3.10/site-packages/airflow/example_dags/subdags/subdag.py
[2023-12-01T13:47:17.247+0300] {processor.py:829} INFO - Processing file /home/petr/project/venv/lib/python3.10/site-packages/airflow/example_dags/subdags/subdag.py for tasks to queue
[2023-12-01T13:47:17.248+0300] {logging_mixin.py:154} INFO - [2023-12-01T13:47:17.248+0300] {dagbag.py:536} INFO - Filling up the DagBag from /home/petr/project/venv/lib/python3.10/site-packages/airflow/example_dags/subdags/subdag.py
[2023-12-01T13:47:17.250+0300] {processor.py:841} WARNING - No viable dags retrieved from /home/petr/project/venv/lib/python3.10/site-packages/airflow/example_dags/subdags/subdag.py
[2023-12-01T13:47:17.272+0300] {processor.py:179} INFO - Processing /home/petr/project/venv/lib/python3.10/site-packages/airflow/example_dags/subdags/subdag.py took 0.029 seconds
[2023-12-01T13:47:48.475+0300] {processor.py:157} INFO - Started process (PID=5198) to work on /home/petr/project/venv/lib/python3.10/site-packages/airflow/example_dags/subdags/subdag.py
[2023-12-01T13:47:48.485+0300] {processor.py:829} INFO - Processing file /home/petr/project/venv/lib/python3.10/site-packages/airflow/example_dags/subdags/subdag.py for tasks to queue
[2023-12-01T13:47:48.486+0300] {logging_mixin.py:154} INFO - [2023-12-01T13:47:48.485+0300] {dagbag.py:536} INFO - Filling up the DagBag from /home/petr/project/venv/lib/python3.10/site-packages/airflow/example_dags/subdags/subdag.py
[2023-12-01T13:47:48.487+0300] {processor.py:841} WARNING - No viable dags retrieved from /home/petr/project/venv/lib/python3.10/site-packages/airflow/example_dags/subdags/subdag.py
[2023-12-01T13:47:48.526+0300] {processor.py:179} INFO - Processing /home/petr/project/venv/lib/python3.10/site-packages/airflow/example_dags/subdags/subdag.py took 0.054 seconds
[2023-12-01T13:49:11.741+0300] {processor.py:157} INFO - Started process (PID=5346) to work on /home/petr/project/venv/lib/python3.10/site-packages/airflow/example_dags/subdags/subdag.py
[2023-12-01T13:49:11.757+0300] {processor.py:829} INFO - Processing file /home/petr/project/venv/lib/python3.10/site-packages/airflow/example_dags/subdags/subdag.py for tasks to queue
[2023-12-01T13:49:11.758+0300] {logging_mixin.py:154} INFO - [2023-12-01T13:49:11.758+0300] {dagbag.py:536} INFO - Filling up the DagBag from /home/petr/project/venv/lib/python3.10/site-packages/airflow/example_dags/subdags/subdag.py
[2023-12-01T13:49:11.760+0300] {processor.py:841} WARNING - No viable dags retrieved from /home/petr/project/venv/lib/python3.10/site-packages/airflow/example_dags/subdags/subdag.py
[2023-12-01T13:49:11.794+0300] {processor.py:179} INFO - Processing /home/petr/project/venv/lib/python3.10/site-packages/airflow/example_dags/subdags/subdag.py took 0.056 seconds
[2023-12-01T13:49:43.493+0300] {processor.py:157} INFO - Started process (PID=5445) to work on /home/petr/project/venv/lib/python3.10/site-packages/airflow/example_dags/subdags/subdag.py
[2023-12-01T13:49:43.502+0300] {processor.py:829} INFO - Processing file /home/petr/project/venv/lib/python3.10/site-packages/airflow/example_dags/subdags/subdag.py for tasks to queue
[2023-12-01T13:49:43.503+0300] {logging_mixin.py:154} INFO - [2023-12-01T13:49:43.503+0300] {dagbag.py:536} INFO - Filling up the DagBag from /home/petr/project/venv/lib/python3.10/site-packages/airflow/example_dags/subdags/subdag.py
[2023-12-01T13:49:43.505+0300] {processor.py:841} WARNING - No viable dags retrieved from /home/petr/project/venv/lib/python3.10/site-packages/airflow/example_dags/subdags/subdag.py
[2023-12-01T13:49:43.554+0300] {processor.py:179} INFO - Processing /home/petr/project/venv/lib/python3.10/site-packages/airflow/example_dags/subdags/subdag.py took 0.069 seconds
[2023-12-01T13:50:14.312+0300] {processor.py:157} INFO - Started process (PID=5556) to work on /home/petr/project/venv/lib/python3.10/site-packages/airflow/example_dags/subdags/subdag.py
[2023-12-01T13:50:14.323+0300] {processor.py:829} INFO - Processing file /home/petr/project/venv/lib/python3.10/site-packages/airflow/example_dags/subdags/subdag.py for tasks to queue
[2023-12-01T13:50:14.324+0300] {logging_mixin.py:154} INFO - [2023-12-01T13:50:14.324+0300] {dagbag.py:536} INFO - Filling up the DagBag from /home/petr/project/venv/lib/python3.10/site-packages/airflow/example_dags/subdags/subdag.py
[2023-12-01T13:50:14.326+0300] {processor.py:841} WARNING - No viable dags retrieved from /home/petr/project/venv/lib/python3.10/site-packages/airflow/example_dags/subdags/subdag.py
[2023-12-01T13:50:14.373+0300] {processor.py:179} INFO - Processing /home/petr/project/venv/lib/python3.10/site-packages/airflow/example_dags/subdags/subdag.py took 0.069 seconds
[2023-12-01T20:00:55.136+0300] {processor.py:157} INFO - Started process (PID=5931) to work on /home/petr/project/venv/lib/python3.10/site-packages/airflow/example_dags/subdags/subdag.py
[2023-12-01T20:00:55.192+0300] {processor.py:829} INFO - Processing file /home/petr/project/venv/lib/python3.10/site-packages/airflow/example_dags/subdags/subdag.py for tasks to queue
[2023-12-01T20:00:55.193+0300] {logging_mixin.py:154} INFO - [2023-12-01T20:00:55.193+0300] {dagbag.py:536} INFO - Filling up the DagBag from /home/petr/project/venv/lib/python3.10/site-packages/airflow/example_dags/subdags/subdag.py
[2023-12-01T20:00:55.196+0300] {processor.py:841} WARNING - No viable dags retrieved from /home/petr/project/venv/lib/python3.10/site-packages/airflow/example_dags/subdags/subdag.py
[2023-12-01T20:00:55.430+0300] {processor.py:179} INFO - Processing /home/petr/project/venv/lib/python3.10/site-packages/airflow/example_dags/subdags/subdag.py took 0.367 seconds
