[2023-12-01T13:38:06.550+0300] {processor.py:157} INFO - Started process (PID=3368) to work on /home/petr/project/venv/lib/python3.10/site-packages/airflow/example_dags/plugins/event_listener.py
[2023-12-01T13:38:06.550+0300] {processor.py:829} INFO - Processing file /home/petr/project/venv/lib/python3.10/site-packages/airflow/example_dags/plugins/event_listener.py for tasks to queue
[2023-12-01T13:38:06.564+0300] {logging_mixin.py:154} INFO - [2023-12-01T13:38:06.551+0300] {dagbag.py:536} INFO - Filling up the DagBag from /home/petr/project/venv/lib/python3.10/site-packages/airflow/example_dags/plugins/event_listener.py
[2023-12-01T13:38:06.566+0300] {processor.py:841} WARNING - No viable dags retrieved from /home/petr/project/venv/lib/python3.10/site-packages/airflow/example_dags/plugins/event_listener.py
[2023-12-01T13:38:06.603+0300] {processor.py:179} INFO - Processing /home/petr/project/venv/lib/python3.10/site-packages/airflow/example_dags/plugins/event_listener.py took 0.057 seconds
[2023-12-01T13:38:37.577+0300] {processor.py:157} INFO - Started process (PID=3472) to work on /home/petr/project/venv/lib/python3.10/site-packages/airflow/example_dags/plugins/event_listener.py
[2023-12-01T13:38:37.577+0300] {processor.py:829} INFO - Processing file /home/petr/project/venv/lib/python3.10/site-packages/airflow/example_dags/plugins/event_listener.py for tasks to queue
[2023-12-01T13:38:37.578+0300] {logging_mixin.py:154} INFO - [2023-12-01T13:38:37.578+0300] {dagbag.py:536} INFO - Filling up the DagBag from /home/petr/project/venv/lib/python3.10/site-packages/airflow/example_dags/plugins/event_listener.py
[2023-12-01T13:38:37.580+0300] {processor.py:841} WARNING - No viable dags retrieved from /home/petr/project/venv/lib/python3.10/site-packages/airflow/example_dags/plugins/event_listener.py
[2023-12-01T13:38:37.634+0300] {processor.py:179} INFO - Processing /home/petr/project/venv/lib/python3.10/site-packages/airflow/example_dags/plugins/event_listener.py took 0.061 seconds
[2023-12-01T13:39:09.650+0300] {processor.py:157} INFO - Started process (PID=3574) to work on /home/petr/project/venv/lib/python3.10/site-packages/airflow/example_dags/plugins/event_listener.py
[2023-12-01T13:39:09.657+0300] {processor.py:829} INFO - Processing file /home/petr/project/venv/lib/python3.10/site-packages/airflow/example_dags/plugins/event_listener.py for tasks to queue
[2023-12-01T13:39:09.658+0300] {logging_mixin.py:154} INFO - [2023-12-01T13:39:09.657+0300] {dagbag.py:536} INFO - Filling up the DagBag from /home/petr/project/venv/lib/python3.10/site-packages/airflow/example_dags/plugins/event_listener.py
[2023-12-01T13:39:09.659+0300] {processor.py:841} WARNING - No viable dags retrieved from /home/petr/project/venv/lib/python3.10/site-packages/airflow/example_dags/plugins/event_listener.py
[2023-12-01T13:39:09.711+0300] {processor.py:179} INFO - Processing /home/petr/project/venv/lib/python3.10/site-packages/airflow/example_dags/plugins/event_listener.py took 0.065 seconds
[2023-12-01T13:39:40.548+0300] {processor.py:157} INFO - Started process (PID=3691) to work on /home/petr/project/venv/lib/python3.10/site-packages/airflow/example_dags/plugins/event_listener.py
[2023-12-01T13:39:40.549+0300] {processor.py:829} INFO - Processing file /home/petr/project/venv/lib/python3.10/site-packages/airflow/example_dags/plugins/event_listener.py for tasks to queue
[2023-12-01T13:39:40.550+0300] {logging_mixin.py:154} INFO - [2023-12-01T13:39:40.550+0300] {dagbag.py:536} INFO - Filling up the DagBag from /home/petr/project/venv/lib/python3.10/site-packages/airflow/example_dags/plugins/event_listener.py
[2023-12-01T13:39:40.557+0300] {processor.py:841} WARNING - No viable dags retrieved from /home/petr/project/venv/lib/python3.10/site-packages/airflow/example_dags/plugins/event_listener.py
[2023-12-01T13:39:40.587+0300] {processor.py:179} INFO - Processing /home/petr/project/venv/lib/python3.10/site-packages/airflow/example_dags/plugins/event_listener.py took 0.044 seconds
[2023-12-01T13:40:11.651+0300] {processor.py:157} INFO - Started process (PID=3811) to work on /home/petr/project/venv/lib/python3.10/site-packages/airflow/example_dags/plugins/event_listener.py
[2023-12-01T13:40:11.656+0300] {processor.py:829} INFO - Processing file /home/petr/project/venv/lib/python3.10/site-packages/airflow/example_dags/plugins/event_listener.py for tasks to queue
[2023-12-01T13:40:11.657+0300] {logging_mixin.py:154} INFO - [2023-12-01T13:40:11.656+0300] {dagbag.py:536} INFO - Filling up the DagBag from /home/petr/project/venv/lib/python3.10/site-packages/airflow/example_dags/plugins/event_listener.py
[2023-12-01T13:40:11.670+0300] {processor.py:841} WARNING - No viable dags retrieved from /home/petr/project/venv/lib/python3.10/site-packages/airflow/example_dags/plugins/event_listener.py
[2023-12-01T13:40:11.738+0300] {processor.py:179} INFO - Processing /home/petr/project/venv/lib/python3.10/site-packages/airflow/example_dags/plugins/event_listener.py took 0.092 seconds
[2023-12-01T13:40:42.090+0300] {processor.py:157} INFO - Started process (PID=3914) to work on /home/petr/project/venv/lib/python3.10/site-packages/airflow/example_dags/plugins/event_listener.py
[2023-12-01T13:40:42.100+0300] {processor.py:829} INFO - Processing file /home/petr/project/venv/lib/python3.10/site-packages/airflow/example_dags/plugins/event_listener.py for tasks to queue
[2023-12-01T13:40:42.101+0300] {logging_mixin.py:154} INFO - [2023-12-01T13:40:42.101+0300] {dagbag.py:536} INFO - Filling up the DagBag from /home/petr/project/venv/lib/python3.10/site-packages/airflow/example_dags/plugins/event_listener.py
[2023-12-01T13:40:42.103+0300] {processor.py:841} WARNING - No viable dags retrieved from /home/petr/project/venv/lib/python3.10/site-packages/airflow/example_dags/plugins/event_listener.py
[2023-12-01T13:40:42.206+0300] {processor.py:179} INFO - Processing /home/petr/project/venv/lib/python3.10/site-packages/airflow/example_dags/plugins/event_listener.py took 0.119 seconds
[2023-12-01T13:41:12.661+0300] {processor.py:157} INFO - Started process (PID=4013) to work on /home/petr/project/venv/lib/python3.10/site-packages/airflow/example_dags/plugins/event_listener.py
[2023-12-01T13:41:12.670+0300] {processor.py:829} INFO - Processing file /home/petr/project/venv/lib/python3.10/site-packages/airflow/example_dags/plugins/event_listener.py for tasks to queue
[2023-12-01T13:41:12.670+0300] {logging_mixin.py:154} INFO - [2023-12-01T13:41:12.670+0300] {dagbag.py:536} INFO - Filling up the DagBag from /home/petr/project/venv/lib/python3.10/site-packages/airflow/example_dags/plugins/event_listener.py
[2023-12-01T13:41:12.672+0300] {processor.py:841} WARNING - No viable dags retrieved from /home/petr/project/venv/lib/python3.10/site-packages/airflow/example_dags/plugins/event_listener.py
[2023-12-01T13:41:12.718+0300] {processor.py:179} INFO - Processing /home/petr/project/venv/lib/python3.10/site-packages/airflow/example_dags/plugins/event_listener.py took 0.060 seconds
[2023-12-01T13:41:43.489+0300] {processor.py:157} INFO - Started process (PID=4117) to work on /home/petr/project/venv/lib/python3.10/site-packages/airflow/example_dags/plugins/event_listener.py
[2023-12-01T13:41:43.490+0300] {processor.py:829} INFO - Processing file /home/petr/project/venv/lib/python3.10/site-packages/airflow/example_dags/plugins/event_listener.py for tasks to queue
[2023-12-01T13:41:43.491+0300] {logging_mixin.py:154} INFO - [2023-12-01T13:41:43.490+0300] {dagbag.py:536} INFO - Filling up the DagBag from /home/petr/project/venv/lib/python3.10/site-packages/airflow/example_dags/plugins/event_listener.py
[2023-12-01T13:41:43.492+0300] {processor.py:841} WARNING - No viable dags retrieved from /home/petr/project/venv/lib/python3.10/site-packages/airflow/example_dags/plugins/event_listener.py
[2023-12-01T13:41:43.530+0300] {processor.py:179} INFO - Processing /home/petr/project/venv/lib/python3.10/site-packages/airflow/example_dags/plugins/event_listener.py took 0.044 seconds
[2023-12-01T13:42:13.981+0300] {processor.py:157} INFO - Started process (PID=4224) to work on /home/petr/project/venv/lib/python3.10/site-packages/airflow/example_dags/plugins/event_listener.py
[2023-12-01T13:42:13.994+0300] {processor.py:829} INFO - Processing file /home/petr/project/venv/lib/python3.10/site-packages/airflow/example_dags/plugins/event_listener.py for tasks to queue
[2023-12-01T13:42:13.995+0300] {logging_mixin.py:154} INFO - [2023-12-01T13:42:13.995+0300] {dagbag.py:536} INFO - Filling up the DagBag from /home/petr/project/venv/lib/python3.10/site-packages/airflow/example_dags/plugins/event_listener.py
[2023-12-01T13:42:13.997+0300] {processor.py:841} WARNING - No viable dags retrieved from /home/petr/project/venv/lib/python3.10/site-packages/airflow/example_dags/plugins/event_listener.py
[2023-12-01T13:42:14.047+0300] {processor.py:179} INFO - Processing /home/petr/project/venv/lib/python3.10/site-packages/airflow/example_dags/plugins/event_listener.py took 0.069 seconds
[2023-12-01T13:42:44.614+0300] {processor.py:157} INFO - Started process (PID=4328) to work on /home/petr/project/venv/lib/python3.10/site-packages/airflow/example_dags/plugins/event_listener.py
[2023-12-01T13:42:44.615+0300] {processor.py:829} INFO - Processing file /home/petr/project/venv/lib/python3.10/site-packages/airflow/example_dags/plugins/event_listener.py for tasks to queue
[2023-12-01T13:42:44.616+0300] {logging_mixin.py:154} INFO - [2023-12-01T13:42:44.616+0300] {dagbag.py:536} INFO - Filling up the DagBag from /home/petr/project/venv/lib/python3.10/site-packages/airflow/example_dags/plugins/event_listener.py
[2023-12-01T13:42:44.617+0300] {processor.py:841} WARNING - No viable dags retrieved from /home/petr/project/venv/lib/python3.10/site-packages/airflow/example_dags/plugins/event_listener.py
[2023-12-01T13:42:44.648+0300] {processor.py:179} INFO - Processing /home/petr/project/venv/lib/python3.10/site-packages/airflow/example_dags/plugins/event_listener.py took 0.045 seconds
[2023-12-01T13:43:14.840+0300] {processor.py:157} INFO - Started process (PID=4428) to work on /home/petr/project/venv/lib/python3.10/site-packages/airflow/example_dags/plugins/event_listener.py
[2023-12-01T13:43:14.845+0300] {processor.py:829} INFO - Processing file /home/petr/project/venv/lib/python3.10/site-packages/airflow/example_dags/plugins/event_listener.py for tasks to queue
[2023-12-01T13:43:14.846+0300] {logging_mixin.py:154} INFO - [2023-12-01T13:43:14.846+0300] {dagbag.py:536} INFO - Filling up the DagBag from /home/petr/project/venv/lib/python3.10/site-packages/airflow/example_dags/plugins/event_listener.py
[2023-12-01T13:43:14.853+0300] {processor.py:841} WARNING - No viable dags retrieved from /home/petr/project/venv/lib/python3.10/site-packages/airflow/example_dags/plugins/event_listener.py
[2023-12-01T13:43:14.895+0300] {processor.py:179} INFO - Processing /home/petr/project/venv/lib/python3.10/site-packages/airflow/example_dags/plugins/event_listener.py took 0.058 seconds
[2023-12-01T13:43:47.247+0300] {processor.py:157} INFO - Started process (PID=4528) to work on /home/petr/project/venv/lib/python3.10/site-packages/airflow/example_dags/plugins/event_listener.py
[2023-12-01T13:43:47.256+0300] {processor.py:829} INFO - Processing file /home/petr/project/venv/lib/python3.10/site-packages/airflow/example_dags/plugins/event_listener.py for tasks to queue
[2023-12-01T13:43:47.257+0300] {logging_mixin.py:154} INFO - [2023-12-01T13:43:47.257+0300] {dagbag.py:536} INFO - Filling up the DagBag from /home/petr/project/venv/lib/python3.10/site-packages/airflow/example_dags/plugins/event_listener.py
[2023-12-01T13:43:47.259+0300] {processor.py:841} WARNING - No viable dags retrieved from /home/petr/project/venv/lib/python3.10/site-packages/airflow/example_dags/plugins/event_listener.py
[2023-12-01T13:43:47.300+0300] {processor.py:179} INFO - Processing /home/petr/project/venv/lib/python3.10/site-packages/airflow/example_dags/plugins/event_listener.py took 0.056 seconds
[2023-12-01T13:44:17.771+0300] {processor.py:157} INFO - Started process (PID=4627) to work on /home/petr/project/venv/lib/python3.10/site-packages/airflow/example_dags/plugins/event_listener.py
[2023-12-01T13:44:17.777+0300] {processor.py:829} INFO - Processing file /home/petr/project/venv/lib/python3.10/site-packages/airflow/example_dags/plugins/event_listener.py for tasks to queue
[2023-12-01T13:44:17.777+0300] {logging_mixin.py:154} INFO - [2023-12-01T13:44:17.777+0300] {dagbag.py:536} INFO - Filling up the DagBag from /home/petr/project/venv/lib/python3.10/site-packages/airflow/example_dags/plugins/event_listener.py
[2023-12-01T13:44:17.779+0300] {processor.py:841} WARNING - No viable dags retrieved from /home/petr/project/venv/lib/python3.10/site-packages/airflow/example_dags/plugins/event_listener.py
[2023-12-01T13:44:17.820+0300] {processor.py:179} INFO - Processing /home/petr/project/venv/lib/python3.10/site-packages/airflow/example_dags/plugins/event_listener.py took 0.053 seconds
[2023-12-01T13:44:48.840+0300] {processor.py:157} INFO - Started process (PID=4729) to work on /home/petr/project/venv/lib/python3.10/site-packages/airflow/example_dags/plugins/event_listener.py
[2023-12-01T13:44:48.849+0300] {processor.py:829} INFO - Processing file /home/petr/project/venv/lib/python3.10/site-packages/airflow/example_dags/plugins/event_listener.py for tasks to queue
[2023-12-01T13:44:48.850+0300] {logging_mixin.py:154} INFO - [2023-12-01T13:44:48.850+0300] {dagbag.py:536} INFO - Filling up the DagBag from /home/petr/project/venv/lib/python3.10/site-packages/airflow/example_dags/plugins/event_listener.py
[2023-12-01T13:44:48.852+0300] {processor.py:841} WARNING - No viable dags retrieved from /home/petr/project/venv/lib/python3.10/site-packages/airflow/example_dags/plugins/event_listener.py
[2023-12-01T13:44:48.905+0300] {processor.py:179} INFO - Processing /home/petr/project/venv/lib/python3.10/site-packages/airflow/example_dags/plugins/event_listener.py took 0.085 seconds
[2023-12-01T13:45:19.997+0300] {processor.py:157} INFO - Started process (PID=4851) to work on /home/petr/project/venv/lib/python3.10/site-packages/airflow/example_dags/plugins/event_listener.py
[2023-12-01T13:45:20.005+0300] {processor.py:829} INFO - Processing file /home/petr/project/venv/lib/python3.10/site-packages/airflow/example_dags/plugins/event_listener.py for tasks to queue
[2023-12-01T13:45:20.006+0300] {logging_mixin.py:154} INFO - [2023-12-01T13:45:20.005+0300] {dagbag.py:536} INFO - Filling up the DagBag from /home/petr/project/venv/lib/python3.10/site-packages/airflow/example_dags/plugins/event_listener.py
[2023-12-01T13:45:20.009+0300] {processor.py:841} WARNING - No viable dags retrieved from /home/petr/project/venv/lib/python3.10/site-packages/airflow/example_dags/plugins/event_listener.py
[2023-12-01T13:45:20.103+0300] {processor.py:179} INFO - Processing /home/petr/project/venv/lib/python3.10/site-packages/airflow/example_dags/plugins/event_listener.py took 0.137 seconds
[2023-12-01T13:46:46.777+0300] {processor.py:157} INFO - Started process (PID=4964) to work on /home/petr/project/venv/lib/python3.10/site-packages/airflow/example_dags/plugins/event_listener.py
[2023-12-01T13:46:46.782+0300] {processor.py:829} INFO - Processing file /home/petr/project/venv/lib/python3.10/site-packages/airflow/example_dags/plugins/event_listener.py for tasks to queue
[2023-12-01T13:46:46.783+0300] {logging_mixin.py:154} INFO - [2023-12-01T13:46:46.783+0300] {dagbag.py:536} INFO - Filling up the DagBag from /home/petr/project/venv/lib/python3.10/site-packages/airflow/example_dags/plugins/event_listener.py
[2023-12-01T13:46:46.797+0300] {processor.py:841} WARNING - No viable dags retrieved from /home/petr/project/venv/lib/python3.10/site-packages/airflow/example_dags/plugins/event_listener.py
[2023-12-01T13:46:46.859+0300] {processor.py:179} INFO - Processing /home/petr/project/venv/lib/python3.10/site-packages/airflow/example_dags/plugins/event_listener.py took 0.096 seconds
[2023-12-01T13:47:17.001+0300] {processor.py:157} INFO - Started process (PID=5065) to work on /home/petr/project/venv/lib/python3.10/site-packages/airflow/example_dags/plugins/event_listener.py
[2023-12-01T13:47:17.004+0300] {processor.py:829} INFO - Processing file /home/petr/project/venv/lib/python3.10/site-packages/airflow/example_dags/plugins/event_listener.py for tasks to queue
[2023-12-01T13:47:17.005+0300] {logging_mixin.py:154} INFO - [2023-12-01T13:47:17.004+0300] {dagbag.py:536} INFO - Filling up the DagBag from /home/petr/project/venv/lib/python3.10/site-packages/airflow/example_dags/plugins/event_listener.py
[2023-12-01T13:47:17.007+0300] {processor.py:841} WARNING - No viable dags retrieved from /home/petr/project/venv/lib/python3.10/site-packages/airflow/example_dags/plugins/event_listener.py
[2023-12-01T13:47:17.052+0300] {processor.py:179} INFO - Processing /home/petr/project/venv/lib/python3.10/site-packages/airflow/example_dags/plugins/event_listener.py took 0.061 seconds
[2023-12-01T13:47:48.421+0300] {processor.py:157} INFO - Started process (PID=5195) to work on /home/petr/project/venv/lib/python3.10/site-packages/airflow/example_dags/plugins/event_listener.py
[2023-12-01T13:47:48.423+0300] {processor.py:829} INFO - Processing file /home/petr/project/venv/lib/python3.10/site-packages/airflow/example_dags/plugins/event_listener.py for tasks to queue
[2023-12-01T13:47:48.423+0300] {logging_mixin.py:154} INFO - [2023-12-01T13:47:48.423+0300] {dagbag.py:536} INFO - Filling up the DagBag from /home/petr/project/venv/lib/python3.10/site-packages/airflow/example_dags/plugins/event_listener.py
[2023-12-01T13:47:48.425+0300] {processor.py:841} WARNING - No viable dags retrieved from /home/petr/project/venv/lib/python3.10/site-packages/airflow/example_dags/plugins/event_listener.py
[2023-12-01T13:47:48.448+0300] {processor.py:179} INFO - Processing /home/petr/project/venv/lib/python3.10/site-packages/airflow/example_dags/plugins/event_listener.py took 0.030 seconds
[2023-12-01T13:49:11.569+0300] {processor.py:157} INFO - Started process (PID=5341) to work on /home/petr/project/venv/lib/python3.10/site-packages/airflow/example_dags/plugins/event_listener.py
[2023-12-01T13:49:11.581+0300] {processor.py:829} INFO - Processing file /home/petr/project/venv/lib/python3.10/site-packages/airflow/example_dags/plugins/event_listener.py for tasks to queue
[2023-12-01T13:49:11.582+0300] {logging_mixin.py:154} INFO - [2023-12-01T13:49:11.582+0300] {dagbag.py:536} INFO - Filling up the DagBag from /home/petr/project/venv/lib/python3.10/site-packages/airflow/example_dags/plugins/event_listener.py
[2023-12-01T13:49:11.584+0300] {processor.py:841} WARNING - No viable dags retrieved from /home/petr/project/venv/lib/python3.10/site-packages/airflow/example_dags/plugins/event_listener.py
[2023-12-01T13:49:11.614+0300] {processor.py:179} INFO - Processing /home/petr/project/venv/lib/python3.10/site-packages/airflow/example_dags/plugins/event_listener.py took 0.048 seconds
[2023-12-01T13:49:43.371+0300] {processor.py:157} INFO - Started process (PID=5442) to work on /home/petr/project/venv/lib/python3.10/site-packages/airflow/example_dags/plugins/event_listener.py
[2023-12-01T13:49:43.380+0300] {processor.py:829} INFO - Processing file /home/petr/project/venv/lib/python3.10/site-packages/airflow/example_dags/plugins/event_listener.py for tasks to queue
[2023-12-01T13:49:43.380+0300] {logging_mixin.py:154} INFO - [2023-12-01T13:49:43.380+0300] {dagbag.py:536} INFO - Filling up the DagBag from /home/petr/project/venv/lib/python3.10/site-packages/airflow/example_dags/plugins/event_listener.py
[2023-12-01T13:49:43.382+0300] {processor.py:841} WARNING - No viable dags retrieved from /home/petr/project/venv/lib/python3.10/site-packages/airflow/example_dags/plugins/event_listener.py
[2023-12-01T13:49:43.430+0300] {processor.py:179} INFO - Processing /home/petr/project/venv/lib/python3.10/site-packages/airflow/example_dags/plugins/event_listener.py took 0.062 seconds
[2023-12-01T13:50:14.233+0300] {processor.py:157} INFO - Started process (PID=5552) to work on /home/petr/project/venv/lib/python3.10/site-packages/airflow/example_dags/plugins/event_listener.py
[2023-12-01T13:50:14.239+0300] {processor.py:829} INFO - Processing file /home/petr/project/venv/lib/python3.10/site-packages/airflow/example_dags/plugins/event_listener.py for tasks to queue
[2023-12-01T13:50:14.240+0300] {logging_mixin.py:154} INFO - [2023-12-01T13:50:14.240+0300] {dagbag.py:536} INFO - Filling up the DagBag from /home/petr/project/venv/lib/python3.10/site-packages/airflow/example_dags/plugins/event_listener.py
[2023-12-01T13:50:14.242+0300] {processor.py:841} WARNING - No viable dags retrieved from /home/petr/project/venv/lib/python3.10/site-packages/airflow/example_dags/plugins/event_listener.py
[2023-12-01T13:50:14.283+0300] {processor.py:179} INFO - Processing /home/petr/project/venv/lib/python3.10/site-packages/airflow/example_dags/plugins/event_listener.py took 0.061 seconds
[2023-12-01T20:00:54.168+0300] {processor.py:157} INFO - Started process (PID=5926) to work on /home/petr/project/venv/lib/python3.10/site-packages/airflow/example_dags/plugins/event_listener.py
[2023-12-01T20:00:54.179+0300] {processor.py:829} INFO - Processing file /home/petr/project/venv/lib/python3.10/site-packages/airflow/example_dags/plugins/event_listener.py for tasks to queue
[2023-12-01T20:00:54.180+0300] {logging_mixin.py:154} INFO - [2023-12-01T20:00:54.180+0300] {dagbag.py:536} INFO - Filling up the DagBag from /home/petr/project/venv/lib/python3.10/site-packages/airflow/example_dags/plugins/event_listener.py
[2023-12-01T20:00:54.194+0300] {processor.py:841} WARNING - No viable dags retrieved from /home/petr/project/venv/lib/python3.10/site-packages/airflow/example_dags/plugins/event_listener.py
[2023-12-01T20:00:54.322+0300] {processor.py:179} INFO - Processing /home/petr/project/venv/lib/python3.10/site-packages/airflow/example_dags/plugins/event_listener.py took 0.178 seconds
