[2023-12-01T13:38:06.629+0300] {processor.py:157} INFO - Started process (PID=3370) to work on /home/petr/project/venv/lib/python3.10/site-packages/airflow/example_dags/plugins/listener_plugin.py
[2023-12-01T13:38:06.630+0300] {processor.py:829} INFO - Processing file /home/petr/project/venv/lib/python3.10/site-packages/airflow/example_dags/plugins/listener_plugin.py for tasks to queue
[2023-12-01T13:38:06.632+0300] {logging_mixin.py:154} INFO - [2023-12-01T13:38:06.631+0300] {dagbag.py:536} INFO - Filling up the DagBag from /home/petr/project/venv/lib/python3.10/site-packages/airflow/example_dags/plugins/listener_plugin.py
[2023-12-01T13:38:06.637+0300] {processor.py:841} WARNING - No viable dags retrieved from /home/petr/project/venv/lib/python3.10/site-packages/airflow/example_dags/plugins/listener_plugin.py
[2023-12-01T13:38:06.687+0300] {processor.py:179} INFO - Processing /home/petr/project/venv/lib/python3.10/site-packages/airflow/example_dags/plugins/listener_plugin.py took 0.065 seconds
[2023-12-01T13:38:37.650+0300] {processor.py:157} INFO - Started process (PID=3474) to work on /home/petr/project/venv/lib/python3.10/site-packages/airflow/example_dags/plugins/listener_plugin.py
[2023-12-01T13:38:37.650+0300] {processor.py:829} INFO - Processing file /home/petr/project/venv/lib/python3.10/site-packages/airflow/example_dags/plugins/listener_plugin.py for tasks to queue
[2023-12-01T13:38:37.651+0300] {logging_mixin.py:154} INFO - [2023-12-01T13:38:37.650+0300] {dagbag.py:536} INFO - Filling up the DagBag from /home/petr/project/venv/lib/python3.10/site-packages/airflow/example_dags/plugins/listener_plugin.py
[2023-12-01T13:38:37.653+0300] {processor.py:841} WARNING - No viable dags retrieved from /home/petr/project/venv/lib/python3.10/site-packages/airflow/example_dags/plugins/listener_plugin.py
[2023-12-01T13:38:37.689+0300] {processor.py:179} INFO - Processing /home/petr/project/venv/lib/python3.10/site-packages/airflow/example_dags/plugins/listener_plugin.py took 0.042 seconds
[2023-12-01T13:39:09.710+0300] {processor.py:157} INFO - Started process (PID=3576) to work on /home/petr/project/venv/lib/python3.10/site-packages/airflow/example_dags/plugins/listener_plugin.py
[2023-12-01T13:39:09.722+0300] {processor.py:829} INFO - Processing file /home/petr/project/venv/lib/python3.10/site-packages/airflow/example_dags/plugins/listener_plugin.py for tasks to queue
[2023-12-01T13:39:09.722+0300] {logging_mixin.py:154} INFO - [2023-12-01T13:39:09.722+0300] {dagbag.py:536} INFO - Filling up the DagBag from /home/petr/project/venv/lib/python3.10/site-packages/airflow/example_dags/plugins/listener_plugin.py
[2023-12-01T13:39:09.730+0300] {processor.py:841} WARNING - No viable dags retrieved from /home/petr/project/venv/lib/python3.10/site-packages/airflow/example_dags/plugins/listener_plugin.py
[2023-12-01T13:39:09.790+0300] {processor.py:179} INFO - Processing /home/petr/project/venv/lib/python3.10/site-packages/airflow/example_dags/plugins/listener_plugin.py took 0.083 seconds
[2023-12-01T13:39:40.615+0300] {processor.py:157} INFO - Started process (PID=3693) to work on /home/petr/project/venv/lib/python3.10/site-packages/airflow/example_dags/plugins/listener_plugin.py
[2023-12-01T13:39:40.615+0300] {processor.py:829} INFO - Processing file /home/petr/project/venv/lib/python3.10/site-packages/airflow/example_dags/plugins/listener_plugin.py for tasks to queue
[2023-12-01T13:39:40.616+0300] {logging_mixin.py:154} INFO - [2023-12-01T13:39:40.616+0300] {dagbag.py:536} INFO - Filling up the DagBag from /home/petr/project/venv/lib/python3.10/site-packages/airflow/example_dags/plugins/listener_plugin.py
[2023-12-01T13:39:40.618+0300] {processor.py:841} WARNING - No viable dags retrieved from /home/petr/project/venv/lib/python3.10/site-packages/airflow/example_dags/plugins/listener_plugin.py
[2023-12-01T13:39:40.660+0300] {processor.py:179} INFO - Processing /home/petr/project/venv/lib/python3.10/site-packages/airflow/example_dags/plugins/listener_plugin.py took 0.049 seconds
[2023-12-01T13:40:11.772+0300] {processor.py:157} INFO - Started process (PID=3813) to work on /home/petr/project/venv/lib/python3.10/site-packages/airflow/example_dags/plugins/listener_plugin.py
[2023-12-01T13:40:11.785+0300] {processor.py:829} INFO - Processing file /home/petr/project/venv/lib/python3.10/site-packages/airflow/example_dags/plugins/listener_plugin.py for tasks to queue
[2023-12-01T13:40:11.785+0300] {logging_mixin.py:154} INFO - [2023-12-01T13:40:11.785+0300] {dagbag.py:536} INFO - Filling up the DagBag from /home/petr/project/venv/lib/python3.10/site-packages/airflow/example_dags/plugins/listener_plugin.py
[2023-12-01T13:40:11.788+0300] {processor.py:841} WARNING - No viable dags retrieved from /home/petr/project/venv/lib/python3.10/site-packages/airflow/example_dags/plugins/listener_plugin.py
[2023-12-01T13:40:11.838+0300] {processor.py:179} INFO - Processing /home/petr/project/venv/lib/python3.10/site-packages/airflow/example_dags/plugins/listener_plugin.py took 0.070 seconds
[2023-12-01T13:40:42.217+0300] {processor.py:157} INFO - Started process (PID=3916) to work on /home/petr/project/venv/lib/python3.10/site-packages/airflow/example_dags/plugins/listener_plugin.py
[2023-12-01T13:40:42.233+0300] {processor.py:829} INFO - Processing file /home/petr/project/venv/lib/python3.10/site-packages/airflow/example_dags/plugins/listener_plugin.py for tasks to queue
[2023-12-01T13:40:42.234+0300] {logging_mixin.py:154} INFO - [2023-12-01T13:40:42.234+0300] {dagbag.py:536} INFO - Filling up the DagBag from /home/petr/project/venv/lib/python3.10/site-packages/airflow/example_dags/plugins/listener_plugin.py
[2023-12-01T13:40:42.238+0300] {processor.py:841} WARNING - No viable dags retrieved from /home/petr/project/venv/lib/python3.10/site-packages/airflow/example_dags/plugins/listener_plugin.py
[2023-12-01T13:40:42.296+0300] {processor.py:179} INFO - Processing /home/petr/project/venv/lib/python3.10/site-packages/airflow/example_dags/plugins/listener_plugin.py took 0.083 seconds
[2023-12-01T13:41:12.758+0300] {processor.py:157} INFO - Started process (PID=4015) to work on /home/petr/project/venv/lib/python3.10/site-packages/airflow/example_dags/plugins/listener_plugin.py
[2023-12-01T13:41:12.762+0300] {processor.py:829} INFO - Processing file /home/petr/project/venv/lib/python3.10/site-packages/airflow/example_dags/plugins/listener_plugin.py for tasks to queue
[2023-12-01T13:41:12.764+0300] {logging_mixin.py:154} INFO - [2023-12-01T13:41:12.763+0300] {dagbag.py:536} INFO - Filling up the DagBag from /home/petr/project/venv/lib/python3.10/site-packages/airflow/example_dags/plugins/listener_plugin.py
[2023-12-01T13:41:12.767+0300] {processor.py:841} WARNING - No viable dags retrieved from /home/petr/project/venv/lib/python3.10/site-packages/airflow/example_dags/plugins/listener_plugin.py
[2023-12-01T13:41:12.802+0300] {processor.py:179} INFO - Processing /home/petr/project/venv/lib/python3.10/site-packages/airflow/example_dags/plugins/listener_plugin.py took 0.047 seconds
[2023-12-01T13:41:43.561+0300] {processor.py:157} INFO - Started process (PID=4119) to work on /home/petr/project/venv/lib/python3.10/site-packages/airflow/example_dags/plugins/listener_plugin.py
[2023-12-01T13:41:43.562+0300] {processor.py:829} INFO - Processing file /home/petr/project/venv/lib/python3.10/site-packages/airflow/example_dags/plugins/listener_plugin.py for tasks to queue
[2023-12-01T13:41:43.563+0300] {logging_mixin.py:154} INFO - [2023-12-01T13:41:43.563+0300] {dagbag.py:536} INFO - Filling up the DagBag from /home/petr/project/venv/lib/python3.10/site-packages/airflow/example_dags/plugins/listener_plugin.py
[2023-12-01T13:41:43.565+0300] {processor.py:841} WARNING - No viable dags retrieved from /home/petr/project/venv/lib/python3.10/site-packages/airflow/example_dags/plugins/listener_plugin.py
[2023-12-01T13:41:43.601+0300] {processor.py:179} INFO - Processing /home/petr/project/venv/lib/python3.10/site-packages/airflow/example_dags/plugins/listener_plugin.py took 0.043 seconds
[2023-12-01T13:42:14.012+0300] {processor.py:157} INFO - Started process (PID=4226) to work on /home/petr/project/venv/lib/python3.10/site-packages/airflow/example_dags/plugins/listener_plugin.py
[2023-12-01T13:42:14.017+0300] {processor.py:829} INFO - Processing file /home/petr/project/venv/lib/python3.10/site-packages/airflow/example_dags/plugins/listener_plugin.py for tasks to queue
[2023-12-01T13:42:14.018+0300] {logging_mixin.py:154} INFO - [2023-12-01T13:42:14.018+0300] {dagbag.py:536} INFO - Filling up the DagBag from /home/petr/project/venv/lib/python3.10/site-packages/airflow/example_dags/plugins/listener_plugin.py
[2023-12-01T13:42:14.020+0300] {processor.py:841} WARNING - No viable dags retrieved from /home/petr/project/venv/lib/python3.10/site-packages/airflow/example_dags/plugins/listener_plugin.py
[2023-12-01T13:42:14.067+0300] {processor.py:179} INFO - Processing /home/petr/project/venv/lib/python3.10/site-packages/airflow/example_dags/plugins/listener_plugin.py took 0.058 seconds
[2023-12-01T13:42:44.672+0300] {processor.py:157} INFO - Started process (PID=4330) to work on /home/petr/project/venv/lib/python3.10/site-packages/airflow/example_dags/plugins/listener_plugin.py
[2023-12-01T13:42:44.673+0300] {processor.py:829} INFO - Processing file /home/petr/project/venv/lib/python3.10/site-packages/airflow/example_dags/plugins/listener_plugin.py for tasks to queue
[2023-12-01T13:42:44.674+0300] {logging_mixin.py:154} INFO - [2023-12-01T13:42:44.674+0300] {dagbag.py:536} INFO - Filling up the DagBag from /home/petr/project/venv/lib/python3.10/site-packages/airflow/example_dags/plugins/listener_plugin.py
[2023-12-01T13:42:44.677+0300] {processor.py:841} WARNING - No viable dags retrieved from /home/petr/project/venv/lib/python3.10/site-packages/airflow/example_dags/plugins/listener_plugin.py
[2023-12-01T13:42:44.694+0300] {processor.py:179} INFO - Processing /home/petr/project/venv/lib/python3.10/site-packages/airflow/example_dags/plugins/listener_plugin.py took 0.026 seconds
[2023-12-01T13:43:14.893+0300] {processor.py:157} INFO - Started process (PID=4430) to work on /home/petr/project/venv/lib/python3.10/site-packages/airflow/example_dags/plugins/listener_plugin.py
[2023-12-01T13:43:14.898+0300] {processor.py:829} INFO - Processing file /home/petr/project/venv/lib/python3.10/site-packages/airflow/example_dags/plugins/listener_plugin.py for tasks to queue
[2023-12-01T13:43:14.898+0300] {logging_mixin.py:154} INFO - [2023-12-01T13:43:14.898+0300] {dagbag.py:536} INFO - Filling up the DagBag from /home/petr/project/venv/lib/python3.10/site-packages/airflow/example_dags/plugins/listener_plugin.py
[2023-12-01T13:43:14.900+0300] {processor.py:841} WARNING - No viable dags retrieved from /home/petr/project/venv/lib/python3.10/site-packages/airflow/example_dags/plugins/listener_plugin.py
[2023-12-01T13:43:14.944+0300] {processor.py:179} INFO - Processing /home/petr/project/venv/lib/python3.10/site-packages/airflow/example_dags/plugins/listener_plugin.py took 0.062 seconds
[2023-12-01T13:43:47.318+0300] {processor.py:157} INFO - Started process (PID=4530) to work on /home/petr/project/venv/lib/python3.10/site-packages/airflow/example_dags/plugins/listener_plugin.py
[2023-12-01T13:43:47.323+0300] {processor.py:829} INFO - Processing file /home/petr/project/venv/lib/python3.10/site-packages/airflow/example_dags/plugins/listener_plugin.py for tasks to queue
[2023-12-01T13:43:47.324+0300] {logging_mixin.py:154} INFO - [2023-12-01T13:43:47.324+0300] {dagbag.py:536} INFO - Filling up the DagBag from /home/petr/project/venv/lib/python3.10/site-packages/airflow/example_dags/plugins/listener_plugin.py
[2023-12-01T13:43:47.327+0300] {processor.py:841} WARNING - No viable dags retrieved from /home/petr/project/venv/lib/python3.10/site-packages/airflow/example_dags/plugins/listener_plugin.py
[2023-12-01T13:43:47.360+0300] {processor.py:179} INFO - Processing /home/petr/project/venv/lib/python3.10/site-packages/airflow/example_dags/plugins/listener_plugin.py took 0.050 seconds
[2023-12-01T13:44:17.856+0300] {processor.py:157} INFO - Started process (PID=4629) to work on /home/petr/project/venv/lib/python3.10/site-packages/airflow/example_dags/plugins/listener_plugin.py
[2023-12-01T13:44:17.882+0300] {processor.py:829} INFO - Processing file /home/petr/project/venv/lib/python3.10/site-packages/airflow/example_dags/plugins/listener_plugin.py for tasks to queue
[2023-12-01T13:44:17.882+0300] {logging_mixin.py:154} INFO - [2023-12-01T13:44:17.882+0300] {dagbag.py:536} INFO - Filling up the DagBag from /home/petr/project/venv/lib/python3.10/site-packages/airflow/example_dags/plugins/listener_plugin.py
[2023-12-01T13:44:17.884+0300] {processor.py:841} WARNING - No viable dags retrieved from /home/petr/project/venv/lib/python3.10/site-packages/airflow/example_dags/plugins/listener_plugin.py
[2023-12-01T13:44:17.921+0300] {processor.py:179} INFO - Processing /home/petr/project/venv/lib/python3.10/site-packages/airflow/example_dags/plugins/listener_plugin.py took 0.068 seconds
[2023-12-01T13:44:48.941+0300] {processor.py:157} INFO - Started process (PID=4731) to work on /home/petr/project/venv/lib/python3.10/site-packages/airflow/example_dags/plugins/listener_plugin.py
[2023-12-01T13:44:48.955+0300] {processor.py:829} INFO - Processing file /home/petr/project/venv/lib/python3.10/site-packages/airflow/example_dags/plugins/listener_plugin.py for tasks to queue
[2023-12-01T13:44:48.956+0300] {logging_mixin.py:154} INFO - [2023-12-01T13:44:48.956+0300] {dagbag.py:536} INFO - Filling up the DagBag from /home/petr/project/venv/lib/python3.10/site-packages/airflow/example_dags/plugins/listener_plugin.py
[2023-12-01T13:44:48.959+0300] {processor.py:841} WARNING - No viable dags retrieved from /home/petr/project/venv/lib/python3.10/site-packages/airflow/example_dags/plugins/listener_plugin.py
[2023-12-01T13:44:49.046+0300] {processor.py:179} INFO - Processing /home/petr/project/venv/lib/python3.10/site-packages/airflow/example_dags/plugins/listener_plugin.py took 0.108 seconds
[2023-12-01T13:45:20.141+0300] {processor.py:157} INFO - Started process (PID=4854) to work on /home/petr/project/venv/lib/python3.10/site-packages/airflow/example_dags/plugins/listener_plugin.py
[2023-12-01T13:45:20.169+0300] {processor.py:829} INFO - Processing file /home/petr/project/venv/lib/python3.10/site-packages/airflow/example_dags/plugins/listener_plugin.py for tasks to queue
[2023-12-01T13:45:20.169+0300] {logging_mixin.py:154} INFO - [2023-12-01T13:45:20.169+0300] {dagbag.py:536} INFO - Filling up the DagBag from /home/petr/project/venv/lib/python3.10/site-packages/airflow/example_dags/plugins/listener_plugin.py
[2023-12-01T13:45:20.172+0300] {processor.py:841} WARNING - No viable dags retrieved from /home/petr/project/venv/lib/python3.10/site-packages/airflow/example_dags/plugins/listener_plugin.py
[2023-12-01T13:45:20.259+0300] {processor.py:179} INFO - Processing /home/petr/project/venv/lib/python3.10/site-packages/airflow/example_dags/plugins/listener_plugin.py took 0.122 seconds
[2023-12-01T13:46:46.916+0300] {processor.py:157} INFO - Started process (PID=4966) to work on /home/petr/project/venv/lib/python3.10/site-packages/airflow/example_dags/plugins/listener_plugin.py
[2023-12-01T13:46:46.923+0300] {processor.py:829} INFO - Processing file /home/petr/project/venv/lib/python3.10/site-packages/airflow/example_dags/plugins/listener_plugin.py for tasks to queue
[2023-12-01T13:46:46.924+0300] {logging_mixin.py:154} INFO - [2023-12-01T13:46:46.924+0300] {dagbag.py:536} INFO - Filling up the DagBag from /home/petr/project/venv/lib/python3.10/site-packages/airflow/example_dags/plugins/listener_plugin.py
[2023-12-01T13:46:46.928+0300] {processor.py:841} WARNING - No viable dags retrieved from /home/petr/project/venv/lib/python3.10/site-packages/airflow/example_dags/plugins/listener_plugin.py
[2023-12-01T13:46:46.996+0300] {processor.py:179} INFO - Processing /home/petr/project/venv/lib/python3.10/site-packages/airflow/example_dags/plugins/listener_plugin.py took 0.092 seconds
[2023-12-01T13:47:17.155+0300] {processor.py:157} INFO - Started process (PID=5070) to work on /home/petr/project/venv/lib/python3.10/site-packages/airflow/example_dags/plugins/listener_plugin.py
[2023-12-01T13:47:17.156+0300] {processor.py:829} INFO - Processing file /home/petr/project/venv/lib/python3.10/site-packages/airflow/example_dags/plugins/listener_plugin.py for tasks to queue
[2023-12-01T13:47:17.157+0300] {logging_mixin.py:154} INFO - [2023-12-01T13:47:17.157+0300] {dagbag.py:536} INFO - Filling up the DagBag from /home/petr/project/venv/lib/python3.10/site-packages/airflow/example_dags/plugins/listener_plugin.py
[2023-12-01T13:47:17.172+0300] {processor.py:841} WARNING - No viable dags retrieved from /home/petr/project/venv/lib/python3.10/site-packages/airflow/example_dags/plugins/listener_plugin.py
[2023-12-01T13:47:17.212+0300] {processor.py:179} INFO - Processing /home/petr/project/venv/lib/python3.10/site-packages/airflow/example_dags/plugins/listener_plugin.py took 0.062 seconds
[2023-12-01T13:47:48.477+0300] {processor.py:157} INFO - Started process (PID=5197) to work on /home/petr/project/venv/lib/python3.10/site-packages/airflow/example_dags/plugins/listener_plugin.py
[2023-12-01T13:47:48.478+0300] {processor.py:829} INFO - Processing file /home/petr/project/venv/lib/python3.10/site-packages/airflow/example_dags/plugins/listener_plugin.py for tasks to queue
[2023-12-01T13:47:48.478+0300] {logging_mixin.py:154} INFO - [2023-12-01T13:47:48.478+0300] {dagbag.py:536} INFO - Filling up the DagBag from /home/petr/project/venv/lib/python3.10/site-packages/airflow/example_dags/plugins/listener_plugin.py
[2023-12-01T13:47:48.481+0300] {processor.py:841} WARNING - No viable dags retrieved from /home/petr/project/venv/lib/python3.10/site-packages/airflow/example_dags/plugins/listener_plugin.py
[2023-12-01T13:47:48.519+0300] {processor.py:179} INFO - Processing /home/petr/project/venv/lib/python3.10/site-packages/airflow/example_dags/plugins/listener_plugin.py took 0.053 seconds
[2023-12-01T13:49:11.641+0300] {processor.py:157} INFO - Started process (PID=5343) to work on /home/petr/project/venv/lib/python3.10/site-packages/airflow/example_dags/plugins/listener_plugin.py
[2023-12-01T13:49:11.648+0300] {processor.py:829} INFO - Processing file /home/petr/project/venv/lib/python3.10/site-packages/airflow/example_dags/plugins/listener_plugin.py for tasks to queue
[2023-12-01T13:49:11.648+0300] {logging_mixin.py:154} INFO - [2023-12-01T13:49:11.648+0300] {dagbag.py:536} INFO - Filling up the DagBag from /home/petr/project/venv/lib/python3.10/site-packages/airflow/example_dags/plugins/listener_plugin.py
[2023-12-01T13:49:11.651+0300] {processor.py:841} WARNING - No viable dags retrieved from /home/petr/project/venv/lib/python3.10/site-packages/airflow/example_dags/plugins/listener_plugin.py
[2023-12-01T13:49:11.700+0300] {processor.py:179} INFO - Processing /home/petr/project/venv/lib/python3.10/site-packages/airflow/example_dags/plugins/listener_plugin.py took 0.062 seconds
[2023-12-01T13:49:43.466+0300] {processor.py:157} INFO - Started process (PID=5444) to work on /home/petr/project/venv/lib/python3.10/site-packages/airflow/example_dags/plugins/listener_plugin.py
[2023-12-01T13:49:43.474+0300] {processor.py:829} INFO - Processing file /home/petr/project/venv/lib/python3.10/site-packages/airflow/example_dags/plugins/listener_plugin.py for tasks to queue
[2023-12-01T13:49:43.475+0300] {logging_mixin.py:154} INFO - [2023-12-01T13:49:43.475+0300] {dagbag.py:536} INFO - Filling up the DagBag from /home/petr/project/venv/lib/python3.10/site-packages/airflow/example_dags/plugins/listener_plugin.py
[2023-12-01T13:49:43.477+0300] {processor.py:841} WARNING - No viable dags retrieved from /home/petr/project/venv/lib/python3.10/site-packages/airflow/example_dags/plugins/listener_plugin.py
[2023-12-01T13:49:43.514+0300] {processor.py:179} INFO - Processing /home/petr/project/venv/lib/python3.10/site-packages/airflow/example_dags/plugins/listener_plugin.py took 0.051 seconds
[2023-12-01T13:50:14.269+0300] {processor.py:157} INFO - Started process (PID=5553) to work on /home/petr/project/venv/lib/python3.10/site-packages/airflow/example_dags/plugins/listener_plugin.py
[2023-12-01T13:50:14.274+0300] {processor.py:829} INFO - Processing file /home/petr/project/venv/lib/python3.10/site-packages/airflow/example_dags/plugins/listener_plugin.py for tasks to queue
[2023-12-01T13:50:14.275+0300] {logging_mixin.py:154} INFO - [2023-12-01T13:50:14.275+0300] {dagbag.py:536} INFO - Filling up the DagBag from /home/petr/project/venv/lib/python3.10/site-packages/airflow/example_dags/plugins/listener_plugin.py
[2023-12-01T13:50:14.278+0300] {processor.py:841} WARNING - No viable dags retrieved from /home/petr/project/venv/lib/python3.10/site-packages/airflow/example_dags/plugins/listener_plugin.py
[2023-12-01T13:50:14.329+0300] {processor.py:179} INFO - Processing /home/petr/project/venv/lib/python3.10/site-packages/airflow/example_dags/plugins/listener_plugin.py took 0.063 seconds
[2023-12-01T20:00:54.408+0300] {processor.py:157} INFO - Started process (PID=5928) to work on /home/petr/project/venv/lib/python3.10/site-packages/airflow/example_dags/plugins/listener_plugin.py
[2023-12-01T20:00:54.444+0300] {processor.py:829} INFO - Processing file /home/petr/project/venv/lib/python3.10/site-packages/airflow/example_dags/plugins/listener_plugin.py for tasks to queue
[2023-12-01T20:00:54.462+0300] {logging_mixin.py:154} INFO - [2023-12-01T20:00:54.461+0300] {dagbag.py:536} INFO - Filling up the DagBag from /home/petr/project/venv/lib/python3.10/site-packages/airflow/example_dags/plugins/listener_plugin.py
[2023-12-01T20:00:54.482+0300] {processor.py:841} WARNING - No viable dags retrieved from /home/petr/project/venv/lib/python3.10/site-packages/airflow/example_dags/plugins/listener_plugin.py
[2023-12-01T20:00:54.649+0300] {processor.py:179} INFO - Processing /home/petr/project/venv/lib/python3.10/site-packages/airflow/example_dags/plugins/listener_plugin.py took 0.266 seconds
