[2023-12-01T13:38:11.036+0300] {processor.py:157} INFO - Started process (PID=3404) to work on /home/petr/project/venv/lib/python3.10/site-packages/airflow/example_dags/example_params_ui_tutorial.py
[2023-12-01T13:38:11.036+0300] {processor.py:829} INFO - Processing file /home/petr/project/venv/lib/python3.10/site-packages/airflow/example_dags/example_params_ui_tutorial.py for tasks to queue
[2023-12-01T13:38:11.037+0300] {logging_mixin.py:154} INFO - [2023-12-01T13:38:11.037+0300] {dagbag.py:536} INFO - Filling up the DagBag from /home/petr/project/venv/lib/python3.10/site-packages/airflow/example_dags/example_params_ui_tutorial.py
[2023-12-01T13:38:11.098+0300] {processor.py:839} INFO - DAG(s) dict_keys(['example_params_ui_tutorial']) retrieved from /home/petr/project/venv/lib/python3.10/site-packages/airflow/example_dags/example_params_ui_tutorial.py
[2023-12-01T13:38:11.356+0300] {logging_mixin.py:154} INFO - [2023-12-01T13:38:11.356+0300] {dag.py:2941} INFO - Sync 1 DAGs
[2023-12-01T13:38:11.392+0300] {logging_mixin.py:154} INFO - [2023-12-01T13:38:11.391+0300] {dag.py:3722} INFO - Setting next_dagrun for example_params_ui_tutorial to None, run_after=None
[2023-12-01T13:38:11.432+0300] {processor.py:179} INFO - Processing /home/petr/project/venv/lib/python3.10/site-packages/airflow/example_dags/example_params_ui_tutorial.py took 0.399 seconds
[2023-12-01T13:38:42.284+0300] {processor.py:157} INFO - Started process (PID=3508) to work on /home/petr/project/venv/lib/python3.10/site-packages/airflow/example_dags/example_params_ui_tutorial.py
[2023-12-01T13:38:42.284+0300] {processor.py:829} INFO - Processing file /home/petr/project/venv/lib/python3.10/site-packages/airflow/example_dags/example_params_ui_tutorial.py for tasks to queue
[2023-12-01T13:38:42.285+0300] {logging_mixin.py:154} INFO - [2023-12-01T13:38:42.285+0300] {dagbag.py:536} INFO - Filling up the DagBag from /home/petr/project/venv/lib/python3.10/site-packages/airflow/example_dags/example_params_ui_tutorial.py
[2023-12-01T13:38:42.331+0300] {processor.py:839} INFO - DAG(s) dict_keys(['example_params_ui_tutorial']) retrieved from /home/petr/project/venv/lib/python3.10/site-packages/airflow/example_dags/example_params_ui_tutorial.py
[2023-12-01T13:38:42.444+0300] {logging_mixin.py:154} INFO - [2023-12-01T13:38:42.436+0300] {dag.py:2941} INFO - Sync 1 DAGs
[2023-12-01T13:38:42.457+0300] {logging_mixin.py:154} INFO - [2023-12-01T13:38:42.457+0300] {dag.py:3722} INFO - Setting next_dagrun for example_params_ui_tutorial to None, run_after=None
[2023-12-01T13:38:42.510+0300] {processor.py:179} INFO - Processing /home/petr/project/venv/lib/python3.10/site-packages/airflow/example_dags/example_params_ui_tutorial.py took 0.229 seconds
[2023-12-01T13:39:13.160+0300] {processor.py:157} INFO - Started process (PID=3608) to work on /home/petr/project/venv/lib/python3.10/site-packages/airflow/example_dags/example_params_ui_tutorial.py
[2023-12-01T13:39:13.175+0300] {processor.py:829} INFO - Processing file /home/petr/project/venv/lib/python3.10/site-packages/airflow/example_dags/example_params_ui_tutorial.py for tasks to queue
[2023-12-01T13:39:13.176+0300] {logging_mixin.py:154} INFO - [2023-12-01T13:39:13.176+0300] {dagbag.py:536} INFO - Filling up the DagBag from /home/petr/project/venv/lib/python3.10/site-packages/airflow/example_dags/example_params_ui_tutorial.py
[2023-12-01T13:39:13.223+0300] {processor.py:839} INFO - DAG(s) dict_keys(['example_params_ui_tutorial']) retrieved from /home/petr/project/venv/lib/python3.10/site-packages/airflow/example_dags/example_params_ui_tutorial.py
[2023-12-01T13:39:13.341+0300] {logging_mixin.py:154} INFO - [2023-12-01T13:39:13.341+0300] {dag.py:2941} INFO - Sync 1 DAGs
[2023-12-01T13:39:13.362+0300] {logging_mixin.py:154} INFO - [2023-12-01T13:39:13.362+0300] {dag.py:3722} INFO - Setting next_dagrun for example_params_ui_tutorial to None, run_after=None
[2023-12-01T13:39:13.400+0300] {processor.py:179} INFO - Processing /home/petr/project/venv/lib/python3.10/site-packages/airflow/example_dags/example_params_ui_tutorial.py took 0.243 seconds
[2023-12-01T13:39:44.205+0300] {processor.py:157} INFO - Started process (PID=3725) to work on /home/petr/project/venv/lib/python3.10/site-packages/airflow/example_dags/example_params_ui_tutorial.py
[2023-12-01T13:39:44.206+0300] {processor.py:829} INFO - Processing file /home/petr/project/venv/lib/python3.10/site-packages/airflow/example_dags/example_params_ui_tutorial.py for tasks to queue
[2023-12-01T13:39:44.206+0300] {logging_mixin.py:154} INFO - [2023-12-01T13:39:44.206+0300] {dagbag.py:536} INFO - Filling up the DagBag from /home/petr/project/venv/lib/python3.10/site-packages/airflow/example_dags/example_params_ui_tutorial.py
[2023-12-01T13:39:44.260+0300] {processor.py:839} INFO - DAG(s) dict_keys(['example_params_ui_tutorial']) retrieved from /home/petr/project/venv/lib/python3.10/site-packages/airflow/example_dags/example_params_ui_tutorial.py
[2023-12-01T13:39:44.352+0300] {logging_mixin.py:154} INFO - [2023-12-01T13:39:44.352+0300] {dag.py:2941} INFO - Sync 1 DAGs
[2023-12-01T13:39:44.373+0300] {logging_mixin.py:154} INFO - [2023-12-01T13:39:44.373+0300] {dag.py:3722} INFO - Setting next_dagrun for example_params_ui_tutorial to None, run_after=None
[2023-12-01T13:39:44.457+0300] {processor.py:179} INFO - Processing /home/petr/project/venv/lib/python3.10/site-packages/airflow/example_dags/example_params_ui_tutorial.py took 0.255 seconds
[2023-12-01T13:40:16.189+0300] {processor.py:157} INFO - Started process (PID=3845) to work on /home/petr/project/venv/lib/python3.10/site-packages/airflow/example_dags/example_params_ui_tutorial.py
[2023-12-01T13:40:16.198+0300] {processor.py:829} INFO - Processing file /home/petr/project/venv/lib/python3.10/site-packages/airflow/example_dags/example_params_ui_tutorial.py for tasks to queue
[2023-12-01T13:40:16.198+0300] {logging_mixin.py:154} INFO - [2023-12-01T13:40:16.198+0300] {dagbag.py:536} INFO - Filling up the DagBag from /home/petr/project/venv/lib/python3.10/site-packages/airflow/example_dags/example_params_ui_tutorial.py
[2023-12-01T13:40:16.417+0300] {processor.py:839} INFO - DAG(s) dict_keys(['example_params_ui_tutorial']) retrieved from /home/petr/project/venv/lib/python3.10/site-packages/airflow/example_dags/example_params_ui_tutorial.py
[2023-12-01T13:40:16.743+0300] {logging_mixin.py:154} INFO - [2023-12-01T13:40:16.742+0300] {dag.py:2941} INFO - Sync 1 DAGs
[2023-12-01T13:40:16.815+0300] {logging_mixin.py:154} INFO - [2023-12-01T13:40:16.799+0300] {dag.py:3722} INFO - Setting next_dagrun for example_params_ui_tutorial to None, run_after=None
[2023-12-01T13:40:16.952+0300] {processor.py:179} INFO - Processing /home/petr/project/venv/lib/python3.10/site-packages/airflow/example_dags/example_params_ui_tutorial.py took 0.826 seconds
[2023-12-01T13:40:47.637+0300] {processor.py:157} INFO - Started process (PID=3946) to work on /home/petr/project/venv/lib/python3.10/site-packages/airflow/example_dags/example_params_ui_tutorial.py
[2023-12-01T13:40:47.637+0300] {processor.py:829} INFO - Processing file /home/petr/project/venv/lib/python3.10/site-packages/airflow/example_dags/example_params_ui_tutorial.py for tasks to queue
[2023-12-01T13:40:47.638+0300] {logging_mixin.py:154} INFO - [2023-12-01T13:40:47.638+0300] {dagbag.py:536} INFO - Filling up the DagBag from /home/petr/project/venv/lib/python3.10/site-packages/airflow/example_dags/example_params_ui_tutorial.py
[2023-12-01T13:40:47.701+0300] {processor.py:839} INFO - DAG(s) dict_keys(['example_params_ui_tutorial']) retrieved from /home/petr/project/venv/lib/python3.10/site-packages/airflow/example_dags/example_params_ui_tutorial.py
[2023-12-01T13:40:47.824+0300] {logging_mixin.py:154} INFO - [2023-12-01T13:40:47.823+0300] {dag.py:2941} INFO - Sync 1 DAGs
[2023-12-01T13:40:47.844+0300] {logging_mixin.py:154} INFO - [2023-12-01T13:40:47.844+0300] {dag.py:3722} INFO - Setting next_dagrun for example_params_ui_tutorial to None, run_after=None
[2023-12-01T13:40:47.883+0300] {processor.py:179} INFO - Processing /home/petr/project/venv/lib/python3.10/site-packages/airflow/example_dags/example_params_ui_tutorial.py took 0.249 seconds
[2023-12-01T13:41:18.662+0300] {processor.py:157} INFO - Started process (PID=4047) to work on /home/petr/project/venv/lib/python3.10/site-packages/airflow/example_dags/example_params_ui_tutorial.py
[2023-12-01T13:41:18.673+0300] {processor.py:829} INFO - Processing file /home/petr/project/venv/lib/python3.10/site-packages/airflow/example_dags/example_params_ui_tutorial.py for tasks to queue
[2023-12-01T13:41:18.673+0300] {logging_mixin.py:154} INFO - [2023-12-01T13:41:18.673+0300] {dagbag.py:536} INFO - Filling up the DagBag from /home/petr/project/venv/lib/python3.10/site-packages/airflow/example_dags/example_params_ui_tutorial.py
[2023-12-01T13:41:18.719+0300] {processor.py:839} INFO - DAG(s) dict_keys(['example_params_ui_tutorial']) retrieved from /home/petr/project/venv/lib/python3.10/site-packages/airflow/example_dags/example_params_ui_tutorial.py
[2023-12-01T13:41:18.833+0300] {logging_mixin.py:154} INFO - [2023-12-01T13:41:18.833+0300] {dag.py:2941} INFO - Sync 1 DAGs
[2023-12-01T13:41:18.853+0300] {logging_mixin.py:154} INFO - [2023-12-01T13:41:18.853+0300] {dag.py:3722} INFO - Setting next_dagrun for example_params_ui_tutorial to None, run_after=None
[2023-12-01T13:41:18.905+0300] {processor.py:179} INFO - Processing /home/petr/project/venv/lib/python3.10/site-packages/airflow/example_dags/example_params_ui_tutorial.py took 0.246 seconds
[2023-12-01T13:41:48.984+0300] {processor.py:157} INFO - Started process (PID=4150) to work on /home/petr/project/venv/lib/python3.10/site-packages/airflow/example_dags/example_params_ui_tutorial.py
[2023-12-01T13:41:48.986+0300] {processor.py:829} INFO - Processing file /home/petr/project/venv/lib/python3.10/site-packages/airflow/example_dags/example_params_ui_tutorial.py for tasks to queue
[2023-12-01T13:41:48.986+0300] {logging_mixin.py:154} INFO - [2023-12-01T13:41:48.986+0300] {dagbag.py:536} INFO - Filling up the DagBag from /home/petr/project/venv/lib/python3.10/site-packages/airflow/example_dags/example_params_ui_tutorial.py
[2023-12-01T13:41:49.006+0300] {processor.py:839} INFO - DAG(s) dict_keys(['example_params_ui_tutorial']) retrieved from /home/petr/project/venv/lib/python3.10/site-packages/airflow/example_dags/example_params_ui_tutorial.py
[2023-12-01T13:41:49.057+0300] {logging_mixin.py:154} INFO - [2023-12-01T13:41:49.056+0300] {dag.py:2941} INFO - Sync 1 DAGs
[2023-12-01T13:41:49.067+0300] {logging_mixin.py:154} INFO - [2023-12-01T13:41:49.066+0300] {dag.py:3722} INFO - Setting next_dagrun for example_params_ui_tutorial to None, run_after=None
[2023-12-01T13:41:49.102+0300] {processor.py:179} INFO - Processing /home/petr/project/venv/lib/python3.10/site-packages/airflow/example_dags/example_params_ui_tutorial.py took 0.121 seconds
[2023-12-01T13:42:19.654+0300] {processor.py:157} INFO - Started process (PID=4257) to work on /home/petr/project/venv/lib/python3.10/site-packages/airflow/example_dags/example_params_ui_tutorial.py
[2023-12-01T13:42:19.672+0300] {processor.py:829} INFO - Processing file /home/petr/project/venv/lib/python3.10/site-packages/airflow/example_dags/example_params_ui_tutorial.py for tasks to queue
[2023-12-01T13:42:19.698+0300] {logging_mixin.py:154} INFO - [2023-12-01T13:42:19.673+0300] {dagbag.py:536} INFO - Filling up the DagBag from /home/petr/project/venv/lib/python3.10/site-packages/airflow/example_dags/example_params_ui_tutorial.py
[2023-12-01T13:42:19.851+0300] {processor.py:839} INFO - DAG(s) dict_keys(['example_params_ui_tutorial']) retrieved from /home/petr/project/venv/lib/python3.10/site-packages/airflow/example_dags/example_params_ui_tutorial.py
[2023-12-01T13:42:19.955+0300] {logging_mixin.py:154} INFO - [2023-12-01T13:42:19.955+0300] {dag.py:2941} INFO - Sync 1 DAGs
[2023-12-01T13:42:19.980+0300] {logging_mixin.py:154} INFO - [2023-12-01T13:42:19.980+0300] {dag.py:3722} INFO - Setting next_dagrun for example_params_ui_tutorial to None, run_after=None
[2023-12-01T13:42:20.000+0300] {processor.py:179} INFO - Processing /home/petr/project/venv/lib/python3.10/site-packages/airflow/example_dags/example_params_ui_tutorial.py took 0.359 seconds
[2023-12-01T13:42:50.078+0300] {processor.py:157} INFO - Started process (PID=4362) to work on /home/petr/project/venv/lib/python3.10/site-packages/airflow/example_dags/example_params_ui_tutorial.py
[2023-12-01T13:42:50.082+0300] {processor.py:829} INFO - Processing file /home/petr/project/venv/lib/python3.10/site-packages/airflow/example_dags/example_params_ui_tutorial.py for tasks to queue
[2023-12-01T13:42:50.083+0300] {logging_mixin.py:154} INFO - [2023-12-01T13:42:50.083+0300] {dagbag.py:536} INFO - Filling up the DagBag from /home/petr/project/venv/lib/python3.10/site-packages/airflow/example_dags/example_params_ui_tutorial.py
[2023-12-01T13:42:50.140+0300] {processor.py:839} INFO - DAG(s) dict_keys(['example_params_ui_tutorial']) retrieved from /home/petr/project/venv/lib/python3.10/site-packages/airflow/example_dags/example_params_ui_tutorial.py
[2023-12-01T13:42:50.332+0300] {logging_mixin.py:154} INFO - [2023-12-01T13:42:50.332+0300] {dag.py:2941} INFO - Sync 1 DAGs
[2023-12-01T13:42:50.357+0300] {logging_mixin.py:154} INFO - [2023-12-01T13:42:50.357+0300] {dag.py:3722} INFO - Setting next_dagrun for example_params_ui_tutorial to None, run_after=None
[2023-12-01T13:42:50.383+0300] {processor.py:179} INFO - Processing /home/petr/project/venv/lib/python3.10/site-packages/airflow/example_dags/example_params_ui_tutorial.py took 0.315 seconds
[2023-12-01T13:43:20.422+0300] {processor.py:157} INFO - Started process (PID=4461) to work on /home/petr/project/venv/lib/python3.10/site-packages/airflow/example_dags/example_params_ui_tutorial.py
[2023-12-01T13:43:20.436+0300] {processor.py:829} INFO - Processing file /home/petr/project/venv/lib/python3.10/site-packages/airflow/example_dags/example_params_ui_tutorial.py for tasks to queue
[2023-12-01T13:43:20.437+0300] {logging_mixin.py:154} INFO - [2023-12-01T13:43:20.437+0300] {dagbag.py:536} INFO - Filling up the DagBag from /home/petr/project/venv/lib/python3.10/site-packages/airflow/example_dags/example_params_ui_tutorial.py
[2023-12-01T13:43:20.504+0300] {processor.py:839} INFO - DAG(s) dict_keys(['example_params_ui_tutorial']) retrieved from /home/petr/project/venv/lib/python3.10/site-packages/airflow/example_dags/example_params_ui_tutorial.py
[2023-12-01T13:43:20.622+0300] {logging_mixin.py:154} INFO - [2023-12-01T13:43:20.621+0300] {dag.py:2941} INFO - Sync 1 DAGs
[2023-12-01T13:43:20.636+0300] {logging_mixin.py:154} INFO - [2023-12-01T13:43:20.636+0300] {dag.py:3722} INFO - Setting next_dagrun for example_params_ui_tutorial to None, run_after=None
[2023-12-01T13:43:20.695+0300] {processor.py:179} INFO - Processing /home/petr/project/venv/lib/python3.10/site-packages/airflow/example_dags/example_params_ui_tutorial.py took 0.276 seconds
[2023-12-01T13:43:50.787+0300] {processor.py:157} INFO - Started process (PID=4561) to work on /home/petr/project/venv/lib/python3.10/site-packages/airflow/example_dags/example_params_ui_tutorial.py
[2023-12-01T13:43:50.793+0300] {processor.py:829} INFO - Processing file /home/petr/project/venv/lib/python3.10/site-packages/airflow/example_dags/example_params_ui_tutorial.py for tasks to queue
[2023-12-01T13:43:50.793+0300] {logging_mixin.py:154} INFO - [2023-12-01T13:43:50.793+0300] {dagbag.py:536} INFO - Filling up the DagBag from /home/petr/project/venv/lib/python3.10/site-packages/airflow/example_dags/example_params_ui_tutorial.py
[2023-12-01T13:43:50.846+0300] {processor.py:839} INFO - DAG(s) dict_keys(['example_params_ui_tutorial']) retrieved from /home/petr/project/venv/lib/python3.10/site-packages/airflow/example_dags/example_params_ui_tutorial.py
[2023-12-01T13:43:50.932+0300] {logging_mixin.py:154} INFO - [2023-12-01T13:43:50.932+0300] {dag.py:2941} INFO - Sync 1 DAGs
[2023-12-01T13:43:50.947+0300] {logging_mixin.py:154} INFO - [2023-12-01T13:43:50.947+0300] {dag.py:3722} INFO - Setting next_dagrun for example_params_ui_tutorial to None, run_after=None
[2023-12-01T13:43:50.973+0300] {processor.py:179} INFO - Processing /home/petr/project/venv/lib/python3.10/site-packages/airflow/example_dags/example_params_ui_tutorial.py took 0.189 seconds
[2023-12-01T13:44:21.080+0300] {processor.py:157} INFO - Started process (PID=4661) to work on /home/petr/project/venv/lib/python3.10/site-packages/airflow/example_dags/example_params_ui_tutorial.py
[2023-12-01T13:44:21.091+0300] {processor.py:829} INFO - Processing file /home/petr/project/venv/lib/python3.10/site-packages/airflow/example_dags/example_params_ui_tutorial.py for tasks to queue
[2023-12-01T13:44:21.091+0300] {logging_mixin.py:154} INFO - [2023-12-01T13:44:21.091+0300] {dagbag.py:536} INFO - Filling up the DagBag from /home/petr/project/venv/lib/python3.10/site-packages/airflow/example_dags/example_params_ui_tutorial.py
[2023-12-01T13:44:21.124+0300] {processor.py:839} INFO - DAG(s) dict_keys(['example_params_ui_tutorial']) retrieved from /home/petr/project/venv/lib/python3.10/site-packages/airflow/example_dags/example_params_ui_tutorial.py
[2023-12-01T13:44:21.213+0300] {logging_mixin.py:154} INFO - [2023-12-01T13:44:21.213+0300] {dag.py:2941} INFO - Sync 1 DAGs
[2023-12-01T13:44:21.235+0300] {logging_mixin.py:154} INFO - [2023-12-01T13:44:21.235+0300] {dag.py:3722} INFO - Setting next_dagrun for example_params_ui_tutorial to None, run_after=None
[2023-12-01T13:44:21.257+0300] {processor.py:179} INFO - Processing /home/petr/project/venv/lib/python3.10/site-packages/airflow/example_dags/example_params_ui_tutorial.py took 0.181 seconds
[2023-12-01T13:44:51.906+0300] {processor.py:157} INFO - Started process (PID=4767) to work on /home/petr/project/venv/lib/python3.10/site-packages/airflow/example_dags/example_params_ui_tutorial.py
[2023-12-01T13:44:51.916+0300] {processor.py:829} INFO - Processing file /home/petr/project/venv/lib/python3.10/site-packages/airflow/example_dags/example_params_ui_tutorial.py for tasks to queue
[2023-12-01T13:44:51.917+0300] {logging_mixin.py:154} INFO - [2023-12-01T13:44:51.916+0300] {dagbag.py:536} INFO - Filling up the DagBag from /home/petr/project/venv/lib/python3.10/site-packages/airflow/example_dags/example_params_ui_tutorial.py
[2023-12-01T13:44:51.978+0300] {processor.py:839} INFO - DAG(s) dict_keys(['example_params_ui_tutorial']) retrieved from /home/petr/project/venv/lib/python3.10/site-packages/airflow/example_dags/example_params_ui_tutorial.py
[2023-12-01T13:44:52.058+0300] {logging_mixin.py:154} INFO - [2023-12-01T13:44:52.058+0300] {dag.py:2941} INFO - Sync 1 DAGs
[2023-12-01T13:44:52.080+0300] {logging_mixin.py:154} INFO - [2023-12-01T13:44:52.080+0300] {dag.py:3722} INFO - Setting next_dagrun for example_params_ui_tutorial to None, run_after=None
[2023-12-01T13:44:52.108+0300] {processor.py:179} INFO - Processing /home/petr/project/venv/lib/python3.10/site-packages/airflow/example_dags/example_params_ui_tutorial.py took 0.206 seconds
[2023-12-01T13:45:22.729+0300] {processor.py:157} INFO - Started process (PID=4884) to work on /home/petr/project/venv/lib/python3.10/site-packages/airflow/example_dags/example_params_ui_tutorial.py
[2023-12-01T13:45:22.742+0300] {processor.py:829} INFO - Processing file /home/petr/project/venv/lib/python3.10/site-packages/airflow/example_dags/example_params_ui_tutorial.py for tasks to queue
[2023-12-01T13:45:22.743+0300] {logging_mixin.py:154} INFO - [2023-12-01T13:45:22.742+0300] {dagbag.py:536} INFO - Filling up the DagBag from /home/petr/project/venv/lib/python3.10/site-packages/airflow/example_dags/example_params_ui_tutorial.py
[2023-12-01T13:45:22.809+0300] {processor.py:839} INFO - DAG(s) dict_keys(['example_params_ui_tutorial']) retrieved from /home/petr/project/venv/lib/python3.10/site-packages/airflow/example_dags/example_params_ui_tutorial.py
[2023-12-01T13:45:22.924+0300] {logging_mixin.py:154} INFO - [2023-12-01T13:45:22.924+0300] {dag.py:2941} INFO - Sync 1 DAGs
[2023-12-01T13:45:22.934+0300] {logging_mixin.py:154} INFO - [2023-12-01T13:45:22.934+0300] {dag.py:3722} INFO - Setting next_dagrun for example_params_ui_tutorial to None, run_after=None
[2023-12-01T13:45:22.955+0300] {processor.py:179} INFO - Processing /home/petr/project/venv/lib/python3.10/site-packages/airflow/example_dags/example_params_ui_tutorial.py took 0.231 seconds
[2023-12-01T13:46:49.061+0300] {processor.py:157} INFO - Started process (PID=4999) to work on /home/petr/project/venv/lib/python3.10/site-packages/airflow/example_dags/example_params_ui_tutorial.py
[2023-12-01T13:46:49.074+0300] {processor.py:829} INFO - Processing file /home/petr/project/venv/lib/python3.10/site-packages/airflow/example_dags/example_params_ui_tutorial.py for tasks to queue
[2023-12-01T13:46:49.075+0300] {logging_mixin.py:154} INFO - [2023-12-01T13:46:49.075+0300] {dagbag.py:536} INFO - Filling up the DagBag from /home/petr/project/venv/lib/python3.10/site-packages/airflow/example_dags/example_params_ui_tutorial.py
[2023-12-01T13:46:49.152+0300] {processor.py:839} INFO - DAG(s) dict_keys(['example_params_ui_tutorial']) retrieved from /home/petr/project/venv/lib/python3.10/site-packages/airflow/example_dags/example_params_ui_tutorial.py
[2023-12-01T13:46:49.271+0300] {logging_mixin.py:154} INFO - [2023-12-01T13:46:49.271+0300] {dag.py:2941} INFO - Sync 1 DAGs
[2023-12-01T13:46:49.304+0300] {logging_mixin.py:154} INFO - [2023-12-01T13:46:49.304+0300] {dag.py:3722} INFO - Setting next_dagrun for example_params_ui_tutorial to None, run_after=None
[2023-12-01T13:46:49.358+0300] {processor.py:179} INFO - Processing /home/petr/project/venv/lib/python3.10/site-packages/airflow/example_dags/example_params_ui_tutorial.py took 0.300 seconds
[2023-12-01T13:47:19.861+0300] {processor.py:157} INFO - Started process (PID=5103) to work on /home/petr/project/venv/lib/python3.10/site-packages/airflow/example_dags/example_params_ui_tutorial.py
[2023-12-01T13:47:19.869+0300] {processor.py:829} INFO - Processing file /home/petr/project/venv/lib/python3.10/site-packages/airflow/example_dags/example_params_ui_tutorial.py for tasks to queue
[2023-12-01T13:47:19.869+0300] {logging_mixin.py:154} INFO - [2023-12-01T13:47:19.869+0300] {dagbag.py:536} INFO - Filling up the DagBag from /home/petr/project/venv/lib/python3.10/site-packages/airflow/example_dags/example_params_ui_tutorial.py
[2023-12-01T13:47:19.899+0300] {processor.py:839} INFO - DAG(s) dict_keys(['example_params_ui_tutorial']) retrieved from /home/petr/project/venv/lib/python3.10/site-packages/airflow/example_dags/example_params_ui_tutorial.py
[2023-12-01T13:47:20.001+0300] {logging_mixin.py:154} INFO - [2023-12-01T13:47:20.001+0300] {dag.py:2941} INFO - Sync 1 DAGs
[2023-12-01T13:47:20.011+0300] {logging_mixin.py:154} INFO - [2023-12-01T13:47:20.011+0300] {dag.py:3722} INFO - Setting next_dagrun for example_params_ui_tutorial to None, run_after=None
[2023-12-01T13:47:20.066+0300] {processor.py:179} INFO - Processing /home/petr/project/venv/lib/python3.10/site-packages/airflow/example_dags/example_params_ui_tutorial.py took 0.208 seconds
[2023-12-01T13:47:51.541+0300] {processor.py:157} INFO - Started process (PID=5230) to work on /home/petr/project/venv/lib/python3.10/site-packages/airflow/example_dags/example_params_ui_tutorial.py
[2023-12-01T13:47:51.546+0300] {processor.py:829} INFO - Processing file /home/petr/project/venv/lib/python3.10/site-packages/airflow/example_dags/example_params_ui_tutorial.py for tasks to queue
[2023-12-01T13:47:51.547+0300] {logging_mixin.py:154} INFO - [2023-12-01T13:47:51.547+0300] {dagbag.py:536} INFO - Filling up the DagBag from /home/petr/project/venv/lib/python3.10/site-packages/airflow/example_dags/example_params_ui_tutorial.py
[2023-12-01T13:47:51.625+0300] {processor.py:839} INFO - DAG(s) dict_keys(['example_params_ui_tutorial']) retrieved from /home/petr/project/venv/lib/python3.10/site-packages/airflow/example_dags/example_params_ui_tutorial.py
[2023-12-01T13:47:52.280+0300] {logging_mixin.py:154} INFO - [2023-12-01T13:47:52.279+0300] {process_utils.py:259} INFO - Waiting up to 5 seconds for processes to exit...
[2023-12-01T13:49:13.438+0300] {processor.py:157} INFO - Started process (PID=5377) to work on /home/petr/project/venv/lib/python3.10/site-packages/airflow/example_dags/example_params_ui_tutorial.py
[2023-12-01T13:49:13.440+0300] {processor.py:829} INFO - Processing file /home/petr/project/venv/lib/python3.10/site-packages/airflow/example_dags/example_params_ui_tutorial.py for tasks to queue
[2023-12-01T13:49:13.441+0300] {logging_mixin.py:154} INFO - [2023-12-01T13:49:13.440+0300] {dagbag.py:536} INFO - Filling up the DagBag from /home/petr/project/venv/lib/python3.10/site-packages/airflow/example_dags/example_params_ui_tutorial.py
[2023-12-01T13:49:13.483+0300] {processor.py:839} INFO - DAG(s) dict_keys(['example_params_ui_tutorial']) retrieved from /home/petr/project/venv/lib/python3.10/site-packages/airflow/example_dags/example_params_ui_tutorial.py
[2023-12-01T13:49:13.585+0300] {logging_mixin.py:154} INFO - [2023-12-01T13:49:13.585+0300] {dag.py:2941} INFO - Sync 1 DAGs
[2023-12-01T13:49:13.612+0300] {logging_mixin.py:154} INFO - [2023-12-01T13:49:13.612+0300] {dag.py:3722} INFO - Setting next_dagrun for example_params_ui_tutorial to None, run_after=None
[2023-12-01T13:49:13.651+0300] {processor.py:179} INFO - Processing /home/petr/project/venv/lib/python3.10/site-packages/airflow/example_dags/example_params_ui_tutorial.py took 0.216 seconds
[2023-12-01T13:49:45.859+0300] {processor.py:157} INFO - Started process (PID=5477) to work on /home/petr/project/venv/lib/python3.10/site-packages/airflow/example_dags/example_params_ui_tutorial.py
[2023-12-01T13:49:45.890+0300] {processor.py:829} INFO - Processing file /home/petr/project/venv/lib/python3.10/site-packages/airflow/example_dags/example_params_ui_tutorial.py for tasks to queue
[2023-12-01T13:49:45.913+0300] {logging_mixin.py:154} INFO - [2023-12-01T13:49:45.913+0300] {dagbag.py:536} INFO - Filling up the DagBag from /home/petr/project/venv/lib/python3.10/site-packages/airflow/example_dags/example_params_ui_tutorial.py
[2023-12-01T13:49:45.984+0300] {processor.py:839} INFO - DAG(s) dict_keys(['example_params_ui_tutorial']) retrieved from /home/petr/project/venv/lib/python3.10/site-packages/airflow/example_dags/example_params_ui_tutorial.py
[2023-12-01T13:49:46.253+0300] {logging_mixin.py:154} INFO - [2023-12-01T13:49:46.253+0300] {dag.py:2941} INFO - Sync 1 DAGs
[2023-12-01T13:49:46.272+0300] {logging_mixin.py:154} INFO - [2023-12-01T13:49:46.271+0300] {dag.py:3722} INFO - Setting next_dagrun for example_params_ui_tutorial to None, run_after=None
[2023-12-01T13:49:46.308+0300] {processor.py:179} INFO - Processing /home/petr/project/venv/lib/python3.10/site-packages/airflow/example_dags/example_params_ui_tutorial.py took 0.454 seconds
[2023-12-01T13:50:17.082+0300] {processor.py:157} INFO - Started process (PID=5586) to work on /home/petr/project/venv/lib/python3.10/site-packages/airflow/example_dags/example_params_ui_tutorial.py
[2023-12-01T13:50:17.111+0300] {processor.py:829} INFO - Processing file /home/petr/project/venv/lib/python3.10/site-packages/airflow/example_dags/example_params_ui_tutorial.py for tasks to queue
[2023-12-01T13:50:17.114+0300] {logging_mixin.py:154} INFO - [2023-12-01T13:50:17.113+0300] {dagbag.py:536} INFO - Filling up the DagBag from /home/petr/project/venv/lib/python3.10/site-packages/airflow/example_dags/example_params_ui_tutorial.py
[2023-12-01T13:50:17.272+0300] {processor.py:839} INFO - DAG(s) dict_keys(['example_params_ui_tutorial']) retrieved from /home/petr/project/venv/lib/python3.10/site-packages/airflow/example_dags/example_params_ui_tutorial.py
[2023-12-01T13:50:17.629+0300] {logging_mixin.py:154} INFO - [2023-12-01T13:50:17.628+0300] {dag.py:2941} INFO - Sync 1 DAGs
[2023-12-01T13:50:17.686+0300] {logging_mixin.py:154} INFO - [2023-12-01T13:50:17.680+0300] {dag.py:3722} INFO - Setting next_dagrun for example_params_ui_tutorial to None, run_after=None
[2023-12-01T13:50:17.747+0300] {processor.py:179} INFO - Processing /home/petr/project/venv/lib/python3.10/site-packages/airflow/example_dags/example_params_ui_tutorial.py took 0.671 seconds
[2023-12-01T20:01:03.507+0300] {processor.py:157} INFO - Started process (PID=5968) to work on /home/petr/project/venv/lib/python3.10/site-packages/airflow/example_dags/example_params_ui_tutorial.py
[2023-12-01T20:01:03.513+0300] {processor.py:829} INFO - Processing file /home/petr/project/venv/lib/python3.10/site-packages/airflow/example_dags/example_params_ui_tutorial.py for tasks to queue
[2023-12-01T20:01:03.515+0300] {logging_mixin.py:154} INFO - [2023-12-01T20:01:03.514+0300] {dagbag.py:536} INFO - Filling up the DagBag from /home/petr/project/venv/lib/python3.10/site-packages/airflow/example_dags/example_params_ui_tutorial.py
[2023-12-01T20:01:03.813+0300] {processor.py:839} INFO - DAG(s) dict_keys(['example_params_ui_tutorial']) retrieved from /home/petr/project/venv/lib/python3.10/site-packages/airflow/example_dags/example_params_ui_tutorial.py
[2023-12-01T20:01:04.231+0300] {logging_mixin.py:154} INFO - [2023-12-01T20:01:04.231+0300] {dag.py:2941} INFO - Sync 1 DAGs
[2023-12-01T20:01:04.286+0300] {logging_mixin.py:154} INFO - [2023-12-01T20:01:04.286+0300] {dag.py:3722} INFO - Setting next_dagrun for example_params_ui_tutorial to None, run_after=None
[2023-12-01T20:01:04.421+0300] {processor.py:179} INFO - Processing /home/petr/project/venv/lib/python3.10/site-packages/airflow/example_dags/example_params_ui_tutorial.py took 0.958 seconds
