[2023-12-01T13:38:06.053+0300] {processor.py:157} INFO - Started process (PID=3356) to work on /home/petr/project/venv/lib/python3.10/site-packages/airflow/example_dags/example_time_delta_sensor_async.py
[2023-12-01T13:38:06.054+0300] {processor.py:829} INFO - Processing file /home/petr/project/venv/lib/python3.10/site-packages/airflow/example_dags/example_time_delta_sensor_async.py for tasks to queue
[2023-12-01T13:38:06.054+0300] {logging_mixin.py:154} INFO - [2023-12-01T13:38:06.054+0300] {dagbag.py:536} INFO - Filling up the DagBag from /home/petr/project/venv/lib/python3.10/site-packages/airflow/example_dags/example_time_delta_sensor_async.py
[2023-12-01T13:38:06.060+0300] {processor.py:839} INFO - DAG(s) dict_keys(['example_time_delta_sensor_async']) retrieved from /home/petr/project/venv/lib/python3.10/site-packages/airflow/example_dags/example_time_delta_sensor_async.py
[2023-12-01T13:38:06.093+0300] {logging_mixin.py:154} INFO - [2023-12-01T13:38:06.093+0300] {dag.py:2941} INFO - Sync 1 DAGs
[2023-12-01T13:38:06.103+0300] {logging_mixin.py:154} INFO - [2023-12-01T13:38:06.103+0300] {dag.py:3722} INFO - Setting next_dagrun for example_time_delta_sensor_async to None, run_after=None
[2023-12-01T13:38:06.118+0300] {processor.py:179} INFO - Processing /home/petr/project/venv/lib/python3.10/site-packages/airflow/example_dags/example_time_delta_sensor_async.py took 0.068 seconds
[2023-12-01T13:38:37.002+0300] {processor.py:157} INFO - Started process (PID=3460) to work on /home/petr/project/venv/lib/python3.10/site-packages/airflow/example_dags/example_time_delta_sensor_async.py
[2023-12-01T13:38:37.002+0300] {processor.py:829} INFO - Processing file /home/petr/project/venv/lib/python3.10/site-packages/airflow/example_dags/example_time_delta_sensor_async.py for tasks to queue
[2023-12-01T13:38:37.003+0300] {logging_mixin.py:154} INFO - [2023-12-01T13:38:37.003+0300] {dagbag.py:536} INFO - Filling up the DagBag from /home/petr/project/venv/lib/python3.10/site-packages/airflow/example_dags/example_time_delta_sensor_async.py
[2023-12-01T13:38:37.021+0300] {processor.py:839} INFO - DAG(s) dict_keys(['example_time_delta_sensor_async']) retrieved from /home/petr/project/venv/lib/python3.10/site-packages/airflow/example_dags/example_time_delta_sensor_async.py
[2023-12-01T13:38:37.099+0300] {logging_mixin.py:154} INFO - [2023-12-01T13:38:37.099+0300] {dag.py:2941} INFO - Sync 1 DAGs
[2023-12-01T13:38:37.122+0300] {logging_mixin.py:154} INFO - [2023-12-01T13:38:37.122+0300] {dag.py:3722} INFO - Setting next_dagrun for example_time_delta_sensor_async to None, run_after=None
[2023-12-01T13:38:37.158+0300] {processor.py:179} INFO - Processing /home/petr/project/venv/lib/python3.10/site-packages/airflow/example_dags/example_time_delta_sensor_async.py took 0.160 seconds
[2023-12-01T13:39:08.614+0300] {processor.py:157} INFO - Started process (PID=3562) to work on /home/petr/project/venv/lib/python3.10/site-packages/airflow/example_dags/example_time_delta_sensor_async.py
[2023-12-01T13:39:08.617+0300] {processor.py:829} INFO - Processing file /home/petr/project/venv/lib/python3.10/site-packages/airflow/example_dags/example_time_delta_sensor_async.py for tasks to queue
[2023-12-01T13:39:08.619+0300] {logging_mixin.py:154} INFO - [2023-12-01T13:39:08.618+0300] {dagbag.py:536} INFO - Filling up the DagBag from /home/petr/project/venv/lib/python3.10/site-packages/airflow/example_dags/example_time_delta_sensor_async.py
[2023-12-01T13:39:08.641+0300] {processor.py:839} INFO - DAG(s) dict_keys(['example_time_delta_sensor_async']) retrieved from /home/petr/project/venv/lib/python3.10/site-packages/airflow/example_dags/example_time_delta_sensor_async.py
[2023-12-01T13:39:08.763+0300] {logging_mixin.py:154} INFO - [2023-12-01T13:39:08.762+0300] {dag.py:2941} INFO - Sync 1 DAGs
[2023-12-01T13:39:08.808+0300] {logging_mixin.py:154} INFO - [2023-12-01T13:39:08.808+0300] {dag.py:3722} INFO - Setting next_dagrun for example_time_delta_sensor_async to None, run_after=None
[2023-12-01T13:39:08.921+0300] {processor.py:179} INFO - Processing /home/petr/project/venv/lib/python3.10/site-packages/airflow/example_dags/example_time_delta_sensor_async.py took 0.343 seconds
[2023-12-01T13:39:39.070+0300] {processor.py:157} INFO - Started process (PID=3668) to work on /home/petr/project/venv/lib/python3.10/site-packages/airflow/example_dags/example_time_delta_sensor_async.py
[2023-12-01T13:39:39.071+0300] {processor.py:829} INFO - Processing file /home/petr/project/venv/lib/python3.10/site-packages/airflow/example_dags/example_time_delta_sensor_async.py for tasks to queue
[2023-12-01T13:39:39.072+0300] {logging_mixin.py:154} INFO - [2023-12-01T13:39:39.072+0300] {dagbag.py:536} INFO - Filling up the DagBag from /home/petr/project/venv/lib/python3.10/site-packages/airflow/example_dags/example_time_delta_sensor_async.py
[2023-12-01T13:39:39.080+0300] {processor.py:839} INFO - DAG(s) dict_keys(['example_time_delta_sensor_async']) retrieved from /home/petr/project/venv/lib/python3.10/site-packages/airflow/example_dags/example_time_delta_sensor_async.py
[2023-12-01T13:39:39.103+0300] {logging_mixin.py:154} INFO - [2023-12-01T13:39:39.102+0300] {dag.py:2941} INFO - Sync 1 DAGs
[2023-12-01T13:39:39.112+0300] {logging_mixin.py:154} INFO - [2023-12-01T13:39:39.112+0300] {dag.py:3722} INFO - Setting next_dagrun for example_time_delta_sensor_async to None, run_after=None
[2023-12-01T13:39:39.126+0300] {processor.py:179} INFO - Processing /home/petr/project/venv/lib/python3.10/site-packages/airflow/example_dags/example_time_delta_sensor_async.py took 0.058 seconds
[2023-12-01T13:40:10.681+0300] {processor.py:157} INFO - Started process (PID=3799) to work on /home/petr/project/venv/lib/python3.10/site-packages/airflow/example_dags/example_time_delta_sensor_async.py
[2023-12-01T13:40:10.685+0300] {processor.py:829} INFO - Processing file /home/petr/project/venv/lib/python3.10/site-packages/airflow/example_dags/example_time_delta_sensor_async.py for tasks to queue
[2023-12-01T13:40:10.686+0300] {logging_mixin.py:154} INFO - [2023-12-01T13:40:10.685+0300] {dagbag.py:536} INFO - Filling up the DagBag from /home/petr/project/venv/lib/python3.10/site-packages/airflow/example_dags/example_time_delta_sensor_async.py
[2023-12-01T13:40:10.700+0300] {processor.py:839} INFO - DAG(s) dict_keys(['example_time_delta_sensor_async']) retrieved from /home/petr/project/venv/lib/python3.10/site-packages/airflow/example_dags/example_time_delta_sensor_async.py
[2023-12-01T13:40:10.800+0300] {logging_mixin.py:154} INFO - [2023-12-01T13:40:10.800+0300] {dag.py:2941} INFO - Sync 1 DAGs
[2023-12-01T13:40:10.842+0300] {logging_mixin.py:154} INFO - [2023-12-01T13:40:10.842+0300] {dag.py:3722} INFO - Setting next_dagrun for example_time_delta_sensor_async to None, run_after=None
[2023-12-01T13:40:10.899+0300] {processor.py:179} INFO - Processing /home/petr/project/venv/lib/python3.10/site-packages/airflow/example_dags/example_time_delta_sensor_async.py took 0.237 seconds
[2023-12-01T13:40:41.329+0300] {processor.py:157} INFO - Started process (PID=3902) to work on /home/petr/project/venv/lib/python3.10/site-packages/airflow/example_dags/example_time_delta_sensor_async.py
[2023-12-01T13:40:41.343+0300] {processor.py:829} INFO - Processing file /home/petr/project/venv/lib/python3.10/site-packages/airflow/example_dags/example_time_delta_sensor_async.py for tasks to queue
[2023-12-01T13:40:41.344+0300] {logging_mixin.py:154} INFO - [2023-12-01T13:40:41.344+0300] {dagbag.py:536} INFO - Filling up the DagBag from /home/petr/project/venv/lib/python3.10/site-packages/airflow/example_dags/example_time_delta_sensor_async.py
[2023-12-01T13:40:41.362+0300] {processor.py:839} INFO - DAG(s) dict_keys(['example_time_delta_sensor_async']) retrieved from /home/petr/project/venv/lib/python3.10/site-packages/airflow/example_dags/example_time_delta_sensor_async.py
[2023-12-01T13:40:41.482+0300] {logging_mixin.py:154} INFO - [2023-12-01T13:40:41.482+0300] {dag.py:2941} INFO - Sync 1 DAGs
[2023-12-01T13:40:41.563+0300] {logging_mixin.py:154} INFO - [2023-12-01T13:40:41.563+0300] {dag.py:3722} INFO - Setting next_dagrun for example_time_delta_sensor_async to None, run_after=None
[2023-12-01T13:40:41.633+0300] {processor.py:179} INFO - Processing /home/petr/project/venv/lib/python3.10/site-packages/airflow/example_dags/example_time_delta_sensor_async.py took 0.310 seconds
[2023-12-01T13:41:12.172+0300] {processor.py:157} INFO - Started process (PID=4001) to work on /home/petr/project/venv/lib/python3.10/site-packages/airflow/example_dags/example_time_delta_sensor_async.py
[2023-12-01T13:41:12.174+0300] {processor.py:829} INFO - Processing file /home/petr/project/venv/lib/python3.10/site-packages/airflow/example_dags/example_time_delta_sensor_async.py for tasks to queue
[2023-12-01T13:41:12.174+0300] {logging_mixin.py:154} INFO - [2023-12-01T13:41:12.174+0300] {dagbag.py:536} INFO - Filling up the DagBag from /home/petr/project/venv/lib/python3.10/site-packages/airflow/example_dags/example_time_delta_sensor_async.py
[2023-12-01T13:41:12.179+0300] {processor.py:839} INFO - DAG(s) dict_keys(['example_time_delta_sensor_async']) retrieved from /home/petr/project/venv/lib/python3.10/site-packages/airflow/example_dags/example_time_delta_sensor_async.py
[2023-12-01T13:41:12.206+0300] {logging_mixin.py:154} INFO - [2023-12-01T13:41:12.206+0300] {dag.py:2941} INFO - Sync 1 DAGs
[2023-12-01T13:41:12.219+0300] {logging_mixin.py:154} INFO - [2023-12-01T13:41:12.219+0300] {dag.py:3722} INFO - Setting next_dagrun for example_time_delta_sensor_async to None, run_after=None
[2023-12-01T13:41:12.239+0300] {processor.py:179} INFO - Processing /home/petr/project/venv/lib/python3.10/site-packages/airflow/example_dags/example_time_delta_sensor_async.py took 0.070 seconds
[2023-12-01T13:41:42.982+0300] {processor.py:157} INFO - Started process (PID=4105) to work on /home/petr/project/venv/lib/python3.10/site-packages/airflow/example_dags/example_time_delta_sensor_async.py
[2023-12-01T13:41:42.983+0300] {processor.py:829} INFO - Processing file /home/petr/project/venv/lib/python3.10/site-packages/airflow/example_dags/example_time_delta_sensor_async.py for tasks to queue
[2023-12-01T13:41:42.984+0300] {logging_mixin.py:154} INFO - [2023-12-01T13:41:42.984+0300] {dagbag.py:536} INFO - Filling up the DagBag from /home/petr/project/venv/lib/python3.10/site-packages/airflow/example_dags/example_time_delta_sensor_async.py
[2023-12-01T13:41:42.988+0300] {processor.py:839} INFO - DAG(s) dict_keys(['example_time_delta_sensor_async']) retrieved from /home/petr/project/venv/lib/python3.10/site-packages/airflow/example_dags/example_time_delta_sensor_async.py
[2023-12-01T13:41:43.014+0300] {logging_mixin.py:154} INFO - [2023-12-01T13:41:43.014+0300] {dag.py:2941} INFO - Sync 1 DAGs
[2023-12-01T13:41:43.024+0300] {logging_mixin.py:154} INFO - [2023-12-01T13:41:43.024+0300] {dag.py:3722} INFO - Setting next_dagrun for example_time_delta_sensor_async to None, run_after=None
[2023-12-01T13:41:43.041+0300] {processor.py:179} INFO - Processing /home/petr/project/venv/lib/python3.10/site-packages/airflow/example_dags/example_time_delta_sensor_async.py took 0.062 seconds
[2023-12-01T13:42:13.343+0300] {processor.py:157} INFO - Started process (PID=4212) to work on /home/petr/project/venv/lib/python3.10/site-packages/airflow/example_dags/example_time_delta_sensor_async.py
[2023-12-01T13:42:13.344+0300] {processor.py:829} INFO - Processing file /home/petr/project/venv/lib/python3.10/site-packages/airflow/example_dags/example_time_delta_sensor_async.py for tasks to queue
[2023-12-01T13:42:13.345+0300] {logging_mixin.py:154} INFO - [2023-12-01T13:42:13.345+0300] {dagbag.py:536} INFO - Filling up the DagBag from /home/petr/project/venv/lib/python3.10/site-packages/airflow/example_dags/example_time_delta_sensor_async.py
[2023-12-01T13:42:13.349+0300] {processor.py:839} INFO - DAG(s) dict_keys(['example_time_delta_sensor_async']) retrieved from /home/petr/project/venv/lib/python3.10/site-packages/airflow/example_dags/example_time_delta_sensor_async.py
[2023-12-01T13:42:13.373+0300] {logging_mixin.py:154} INFO - [2023-12-01T13:42:13.373+0300] {dag.py:2941} INFO - Sync 1 DAGs
[2023-12-01T13:42:13.382+0300] {logging_mixin.py:154} INFO - [2023-12-01T13:42:13.382+0300] {dag.py:3722} INFO - Setting next_dagrun for example_time_delta_sensor_async to None, run_after=None
[2023-12-01T13:42:13.400+0300] {processor.py:179} INFO - Processing /home/petr/project/venv/lib/python3.10/site-packages/airflow/example_dags/example_time_delta_sensor_async.py took 0.060 seconds
[2023-12-01T13:42:44.108+0300] {processor.py:157} INFO - Started process (PID=4316) to work on /home/petr/project/venv/lib/python3.10/site-packages/airflow/example_dags/example_time_delta_sensor_async.py
[2023-12-01T13:42:44.109+0300] {processor.py:829} INFO - Processing file /home/petr/project/venv/lib/python3.10/site-packages/airflow/example_dags/example_time_delta_sensor_async.py for tasks to queue
[2023-12-01T13:42:44.110+0300] {logging_mixin.py:154} INFO - [2023-12-01T13:42:44.110+0300] {dagbag.py:536} INFO - Filling up the DagBag from /home/petr/project/venv/lib/python3.10/site-packages/airflow/example_dags/example_time_delta_sensor_async.py
[2023-12-01T13:42:44.113+0300] {processor.py:839} INFO - DAG(s) dict_keys(['example_time_delta_sensor_async']) retrieved from /home/petr/project/venv/lib/python3.10/site-packages/airflow/example_dags/example_time_delta_sensor_async.py
[2023-12-01T13:42:44.137+0300] {logging_mixin.py:154} INFO - [2023-12-01T13:42:44.137+0300] {dag.py:2941} INFO - Sync 1 DAGs
[2023-12-01T13:42:44.150+0300] {logging_mixin.py:154} INFO - [2023-12-01T13:42:44.150+0300] {dag.py:3722} INFO - Setting next_dagrun for example_time_delta_sensor_async to None, run_after=None
[2023-12-01T13:42:44.165+0300] {processor.py:179} INFO - Processing /home/petr/project/venv/lib/python3.10/site-packages/airflow/example_dags/example_time_delta_sensor_async.py took 0.060 seconds
[2023-12-01T13:43:14.209+0300] {processor.py:157} INFO - Started process (PID=4415) to work on /home/petr/project/venv/lib/python3.10/site-packages/airflow/example_dags/example_time_delta_sensor_async.py
[2023-12-01T13:43:14.220+0300] {processor.py:829} INFO - Processing file /home/petr/project/venv/lib/python3.10/site-packages/airflow/example_dags/example_time_delta_sensor_async.py for tasks to queue
[2023-12-01T13:43:14.221+0300] {logging_mixin.py:154} INFO - [2023-12-01T13:43:14.220+0300] {dagbag.py:536} INFO - Filling up the DagBag from /home/petr/project/venv/lib/python3.10/site-packages/airflow/example_dags/example_time_delta_sensor_async.py
[2023-12-01T13:43:14.224+0300] {processor.py:839} INFO - DAG(s) dict_keys(['example_time_delta_sensor_async']) retrieved from /home/petr/project/venv/lib/python3.10/site-packages/airflow/example_dags/example_time_delta_sensor_async.py
[2023-12-01T13:43:14.272+0300] {logging_mixin.py:154} INFO - [2023-12-01T13:43:14.272+0300] {dag.py:2941} INFO - Sync 1 DAGs
[2023-12-01T13:43:14.298+0300] {logging_mixin.py:154} INFO - [2023-12-01T13:43:14.298+0300] {dag.py:3722} INFO - Setting next_dagrun for example_time_delta_sensor_async to None, run_after=None
[2023-12-01T13:43:14.342+0300] {processor.py:179} INFO - Processing /home/petr/project/venv/lib/python3.10/site-packages/airflow/example_dags/example_time_delta_sensor_async.py took 0.136 seconds
[2023-12-01T13:43:46.434+0300] {processor.py:157} INFO - Started process (PID=4516) to work on /home/petr/project/venv/lib/python3.10/site-packages/airflow/example_dags/example_time_delta_sensor_async.py
[2023-12-01T13:43:46.448+0300] {processor.py:829} INFO - Processing file /home/petr/project/venv/lib/python3.10/site-packages/airflow/example_dags/example_time_delta_sensor_async.py for tasks to queue
[2023-12-01T13:43:46.449+0300] {logging_mixin.py:154} INFO - [2023-12-01T13:43:46.449+0300] {dagbag.py:536} INFO - Filling up the DagBag from /home/petr/project/venv/lib/python3.10/site-packages/airflow/example_dags/example_time_delta_sensor_async.py
[2023-12-01T13:43:46.453+0300] {processor.py:839} INFO - DAG(s) dict_keys(['example_time_delta_sensor_async']) retrieved from /home/petr/project/venv/lib/python3.10/site-packages/airflow/example_dags/example_time_delta_sensor_async.py
[2023-12-01T13:43:46.614+0300] {logging_mixin.py:154} INFO - [2023-12-01T13:43:46.613+0300] {dag.py:2941} INFO - Sync 1 DAGs
[2023-12-01T13:43:46.690+0300] {logging_mixin.py:154} INFO - [2023-12-01T13:43:46.689+0300] {dag.py:3722} INFO - Setting next_dagrun for example_time_delta_sensor_async to None, run_after=None
[2023-12-01T13:43:46.799+0300] {processor.py:179} INFO - Processing /home/petr/project/venv/lib/python3.10/site-packages/airflow/example_dags/example_time_delta_sensor_async.py took 0.369 seconds
[2023-12-01T13:44:17.308+0300] {processor.py:157} INFO - Started process (PID=4615) to work on /home/petr/project/venv/lib/python3.10/site-packages/airflow/example_dags/example_time_delta_sensor_async.py
[2023-12-01T13:44:17.312+0300] {processor.py:829} INFO - Processing file /home/petr/project/venv/lib/python3.10/site-packages/airflow/example_dags/example_time_delta_sensor_async.py for tasks to queue
[2023-12-01T13:44:17.313+0300] {logging_mixin.py:154} INFO - [2023-12-01T13:44:17.313+0300] {dagbag.py:536} INFO - Filling up the DagBag from /home/petr/project/venv/lib/python3.10/site-packages/airflow/example_dags/example_time_delta_sensor_async.py
[2023-12-01T13:44:17.319+0300] {processor.py:839} INFO - DAG(s) dict_keys(['example_time_delta_sensor_async']) retrieved from /home/petr/project/venv/lib/python3.10/site-packages/airflow/example_dags/example_time_delta_sensor_async.py
[2023-12-01T13:44:17.346+0300] {logging_mixin.py:154} INFO - [2023-12-01T13:44:17.346+0300] {dag.py:2941} INFO - Sync 1 DAGs
[2023-12-01T13:44:17.356+0300] {logging_mixin.py:154} INFO - [2023-12-01T13:44:17.356+0300] {dag.py:3722} INFO - Setting next_dagrun for example_time_delta_sensor_async to None, run_after=None
[2023-12-01T13:44:17.371+0300] {processor.py:179} INFO - Processing /home/petr/project/venv/lib/python3.10/site-packages/airflow/example_dags/example_time_delta_sensor_async.py took 0.068 seconds
[2023-12-01T13:44:48.079+0300] {processor.py:157} INFO - Started process (PID=4717) to work on /home/petr/project/venv/lib/python3.10/site-packages/airflow/example_dags/example_time_delta_sensor_async.py
[2023-12-01T13:44:48.081+0300] {processor.py:829} INFO - Processing file /home/petr/project/venv/lib/python3.10/site-packages/airflow/example_dags/example_time_delta_sensor_async.py for tasks to queue
[2023-12-01T13:44:48.082+0300] {logging_mixin.py:154} INFO - [2023-12-01T13:44:48.081+0300] {dagbag.py:536} INFO - Filling up the DagBag from /home/petr/project/venv/lib/python3.10/site-packages/airflow/example_dags/example_time_delta_sensor_async.py
[2023-12-01T13:44:48.086+0300] {processor.py:839} INFO - DAG(s) dict_keys(['example_time_delta_sensor_async']) retrieved from /home/petr/project/venv/lib/python3.10/site-packages/airflow/example_dags/example_time_delta_sensor_async.py
[2023-12-01T13:44:48.114+0300] {logging_mixin.py:154} INFO - [2023-12-01T13:44:48.114+0300] {dag.py:2941} INFO - Sync 1 DAGs
[2023-12-01T13:44:48.128+0300] {logging_mixin.py:154} INFO - [2023-12-01T13:44:48.128+0300] {dag.py:3722} INFO - Setting next_dagrun for example_time_delta_sensor_async to None, run_after=None
[2023-12-01T13:44:48.152+0300] {processor.py:179} INFO - Processing /home/petr/project/venv/lib/python3.10/site-packages/airflow/example_dags/example_time_delta_sensor_async.py took 0.078 seconds
[2023-12-01T13:45:18.965+0300] {processor.py:157} INFO - Started process (PID=4840) to work on /home/petr/project/venv/lib/python3.10/site-packages/airflow/example_dags/example_time_delta_sensor_async.py
[2023-12-01T13:45:18.974+0300] {processor.py:829} INFO - Processing file /home/petr/project/venv/lib/python3.10/site-packages/airflow/example_dags/example_time_delta_sensor_async.py for tasks to queue
[2023-12-01T13:45:18.976+0300] {logging_mixin.py:154} INFO - [2023-12-01T13:45:18.976+0300] {dagbag.py:536} INFO - Filling up the DagBag from /home/petr/project/venv/lib/python3.10/site-packages/airflow/example_dags/example_time_delta_sensor_async.py
[2023-12-01T13:45:18.980+0300] {processor.py:839} INFO - DAG(s) dict_keys(['example_time_delta_sensor_async']) retrieved from /home/petr/project/venv/lib/python3.10/site-packages/airflow/example_dags/example_time_delta_sensor_async.py
[2023-12-01T13:45:19.066+0300] {logging_mixin.py:154} INFO - [2023-12-01T13:45:19.066+0300] {dag.py:2941} INFO - Sync 1 DAGs
[2023-12-01T13:45:19.100+0300] {logging_mixin.py:154} INFO - [2023-12-01T13:45:19.100+0300] {dag.py:3722} INFO - Setting next_dagrun for example_time_delta_sensor_async to None, run_after=None
[2023-12-01T13:45:19.149+0300] {processor.py:179} INFO - Processing /home/petr/project/venv/lib/python3.10/site-packages/airflow/example_dags/example_time_delta_sensor_async.py took 0.202 seconds
[2023-12-01T13:46:45.629+0300] {processor.py:157} INFO - Started process (PID=4951) to work on /home/petr/project/venv/lib/python3.10/site-packages/airflow/example_dags/example_time_delta_sensor_async.py
[2023-12-01T13:46:45.632+0300] {processor.py:829} INFO - Processing file /home/petr/project/venv/lib/python3.10/site-packages/airflow/example_dags/example_time_delta_sensor_async.py for tasks to queue
[2023-12-01T13:46:45.634+0300] {logging_mixin.py:154} INFO - [2023-12-01T13:46:45.633+0300] {dagbag.py:536} INFO - Filling up the DagBag from /home/petr/project/venv/lib/python3.10/site-packages/airflow/example_dags/example_time_delta_sensor_async.py
[2023-12-01T13:46:45.649+0300] {processor.py:839} INFO - DAG(s) dict_keys(['example_time_delta_sensor_async']) retrieved from /home/petr/project/venv/lib/python3.10/site-packages/airflow/example_dags/example_time_delta_sensor_async.py
[2023-12-01T13:46:45.785+0300] {logging_mixin.py:154} INFO - [2023-12-01T13:46:45.784+0300] {dag.py:2941} INFO - Sync 1 DAGs
[2023-12-01T13:46:45.829+0300] {logging_mixin.py:154} INFO - [2023-12-01T13:46:45.828+0300] {dag.py:3722} INFO - Setting next_dagrun for example_time_delta_sensor_async to None, run_after=None
[2023-12-01T13:46:45.911+0300] {processor.py:179} INFO - Processing /home/petr/project/venv/lib/python3.10/site-packages/airflow/example_dags/example_time_delta_sensor_async.py took 0.301 seconds
[2023-12-01T13:47:16.606+0300] {processor.py:157} INFO - Started process (PID=5056) to work on /home/petr/project/venv/lib/python3.10/site-packages/airflow/example_dags/example_time_delta_sensor_async.py
[2023-12-01T13:47:16.610+0300] {processor.py:829} INFO - Processing file /home/petr/project/venv/lib/python3.10/site-packages/airflow/example_dags/example_time_delta_sensor_async.py for tasks to queue
[2023-12-01T13:47:16.611+0300] {logging_mixin.py:154} INFO - [2023-12-01T13:47:16.611+0300] {dagbag.py:536} INFO - Filling up the DagBag from /home/petr/project/venv/lib/python3.10/site-packages/airflow/example_dags/example_time_delta_sensor_async.py
[2023-12-01T13:47:16.615+0300] {processor.py:839} INFO - DAG(s) dict_keys(['example_time_delta_sensor_async']) retrieved from /home/petr/project/venv/lib/python3.10/site-packages/airflow/example_dags/example_time_delta_sensor_async.py
[2023-12-01T13:47:16.661+0300] {logging_mixin.py:154} INFO - [2023-12-01T13:47:16.661+0300] {dag.py:2941} INFO - Sync 1 DAGs
[2023-12-01T13:47:16.676+0300] {logging_mixin.py:154} INFO - [2023-12-01T13:47:16.676+0300] {dag.py:3722} INFO - Setting next_dagrun for example_time_delta_sensor_async to None, run_after=None
[2023-12-01T13:47:16.707+0300] {processor.py:179} INFO - Processing /home/petr/project/venv/lib/python3.10/site-packages/airflow/example_dags/example_time_delta_sensor_async.py took 0.111 seconds
[2023-12-01T13:47:47.769+0300] {processor.py:157} INFO - Started process (PID=5183) to work on /home/petr/project/venv/lib/python3.10/site-packages/airflow/example_dags/example_time_delta_sensor_async.py
[2023-12-01T13:47:47.772+0300] {processor.py:829} INFO - Processing file /home/petr/project/venv/lib/python3.10/site-packages/airflow/example_dags/example_time_delta_sensor_async.py for tasks to queue
[2023-12-01T13:47:47.773+0300] {logging_mixin.py:154} INFO - [2023-12-01T13:47:47.772+0300] {dagbag.py:536} INFO - Filling up the DagBag from /home/petr/project/venv/lib/python3.10/site-packages/airflow/example_dags/example_time_delta_sensor_async.py
[2023-12-01T13:47:47.777+0300] {processor.py:839} INFO - DAG(s) dict_keys(['example_time_delta_sensor_async']) retrieved from /home/petr/project/venv/lib/python3.10/site-packages/airflow/example_dags/example_time_delta_sensor_async.py
[2023-12-01T13:47:47.803+0300] {logging_mixin.py:154} INFO - [2023-12-01T13:47:47.802+0300] {dag.py:2941} INFO - Sync 1 DAGs
[2023-12-01T13:47:47.812+0300] {logging_mixin.py:154} INFO - [2023-12-01T13:47:47.812+0300] {dag.py:3722} INFO - Setting next_dagrun for example_time_delta_sensor_async to None, run_after=None
[2023-12-01T13:47:47.835+0300] {processor.py:179} INFO - Processing /home/petr/project/venv/lib/python3.10/site-packages/airflow/example_dags/example_time_delta_sensor_async.py took 0.070 seconds
[2023-12-01T13:49:11.000+0300] {processor.py:157} INFO - Started process (PID=5329) to work on /home/petr/project/venv/lib/python3.10/site-packages/airflow/example_dags/example_time_delta_sensor_async.py
[2023-12-01T13:49:11.002+0300] {processor.py:829} INFO - Processing file /home/petr/project/venv/lib/python3.10/site-packages/airflow/example_dags/example_time_delta_sensor_async.py for tasks to queue
[2023-12-01T13:49:11.003+0300] {logging_mixin.py:154} INFO - [2023-12-01T13:49:11.003+0300] {dagbag.py:536} INFO - Filling up the DagBag from /home/petr/project/venv/lib/python3.10/site-packages/airflow/example_dags/example_time_delta_sensor_async.py
[2023-12-01T13:49:11.009+0300] {processor.py:839} INFO - DAG(s) dict_keys(['example_time_delta_sensor_async']) retrieved from /home/petr/project/venv/lib/python3.10/site-packages/airflow/example_dags/example_time_delta_sensor_async.py
[2023-12-01T13:49:11.087+0300] {logging_mixin.py:154} INFO - [2023-12-01T13:49:11.087+0300] {dag.py:2941} INFO - Sync 1 DAGs
[2023-12-01T13:49:11.116+0300] {logging_mixin.py:154} INFO - [2023-12-01T13:49:11.116+0300] {dag.py:3722} INFO - Setting next_dagrun for example_time_delta_sensor_async to None, run_after=None
[2023-12-01T13:49:11.137+0300] {processor.py:179} INFO - Processing /home/petr/project/venv/lib/python3.10/site-packages/airflow/example_dags/example_time_delta_sensor_async.py took 0.151 seconds
[2023-12-01T13:49:42.710+0300] {processor.py:157} INFO - Started process (PID=5430) to work on /home/petr/project/venv/lib/python3.10/site-packages/airflow/example_dags/example_time_delta_sensor_async.py
[2023-12-01T13:49:42.725+0300] {processor.py:829} INFO - Processing file /home/petr/project/venv/lib/python3.10/site-packages/airflow/example_dags/example_time_delta_sensor_async.py for tasks to queue
[2023-12-01T13:49:42.725+0300] {logging_mixin.py:154} INFO - [2023-12-01T13:49:42.725+0300] {dagbag.py:536} INFO - Filling up the DagBag from /home/petr/project/venv/lib/python3.10/site-packages/airflow/example_dags/example_time_delta_sensor_async.py
[2023-12-01T13:49:42.729+0300] {processor.py:839} INFO - DAG(s) dict_keys(['example_time_delta_sensor_async']) retrieved from /home/petr/project/venv/lib/python3.10/site-packages/airflow/example_dags/example_time_delta_sensor_async.py
[2023-12-01T13:49:42.792+0300] {logging_mixin.py:154} INFO - [2023-12-01T13:49:42.792+0300] {dag.py:2941} INFO - Sync 1 DAGs
[2023-12-01T13:49:42.812+0300] {logging_mixin.py:154} INFO - [2023-12-01T13:49:42.811+0300] {dag.py:3722} INFO - Setting next_dagrun for example_time_delta_sensor_async to None, run_after=None
[2023-12-01T13:49:42.861+0300] {processor.py:179} INFO - Processing /home/petr/project/venv/lib/python3.10/site-packages/airflow/example_dags/example_time_delta_sensor_async.py took 0.155 seconds
[2023-12-01T13:50:13.697+0300] {processor.py:157} INFO - Started process (PID=5540) to work on /home/petr/project/venv/lib/python3.10/site-packages/airflow/example_dags/example_time_delta_sensor_async.py
[2023-12-01T13:50:13.703+0300] {processor.py:829} INFO - Processing file /home/petr/project/venv/lib/python3.10/site-packages/airflow/example_dags/example_time_delta_sensor_async.py for tasks to queue
[2023-12-01T13:50:13.703+0300] {logging_mixin.py:154} INFO - [2023-12-01T13:50:13.703+0300] {dagbag.py:536} INFO - Filling up the DagBag from /home/petr/project/venv/lib/python3.10/site-packages/airflow/example_dags/example_time_delta_sensor_async.py
[2023-12-01T13:50:13.707+0300] {processor.py:839} INFO - DAG(s) dict_keys(['example_time_delta_sensor_async']) retrieved from /home/petr/project/venv/lib/python3.10/site-packages/airflow/example_dags/example_time_delta_sensor_async.py
[2023-12-01T13:50:13.765+0300] {logging_mixin.py:154} INFO - [2023-12-01T13:50:13.764+0300] {dag.py:2941} INFO - Sync 1 DAGs
[2023-12-01T13:50:13.788+0300] {logging_mixin.py:154} INFO - [2023-12-01T13:50:13.788+0300] {dag.py:3722} INFO - Setting next_dagrun for example_time_delta_sensor_async to None, run_after=None
[2023-12-01T13:50:13.809+0300] {processor.py:179} INFO - Processing /home/petr/project/venv/lib/python3.10/site-packages/airflow/example_dags/example_time_delta_sensor_async.py took 0.115 seconds
[2023-12-01T20:00:52.341+0300] {processor.py:157} INFO - Started process (PID=5913) to work on /home/petr/project/venv/lib/python3.10/site-packages/airflow/example_dags/example_time_delta_sensor_async.py
[2023-12-01T20:00:52.345+0300] {processor.py:829} INFO - Processing file /home/petr/project/venv/lib/python3.10/site-packages/airflow/example_dags/example_time_delta_sensor_async.py for tasks to queue
[2023-12-01T20:00:52.347+0300] {logging_mixin.py:154} INFO - [2023-12-01T20:00:52.347+0300] {dagbag.py:536} INFO - Filling up the DagBag from /home/petr/project/venv/lib/python3.10/site-packages/airflow/example_dags/example_time_delta_sensor_async.py
[2023-12-01T20:00:52.368+0300] {processor.py:839} INFO - DAG(s) dict_keys(['example_time_delta_sensor_async']) retrieved from /home/petr/project/venv/lib/python3.10/site-packages/airflow/example_dags/example_time_delta_sensor_async.py
[2023-12-01T20:00:52.532+0300] {logging_mixin.py:154} INFO - [2023-12-01T20:00:52.532+0300] {dag.py:2941} INFO - Sync 1 DAGs
[2023-12-01T20:00:52.619+0300] {logging_mixin.py:154} INFO - [2023-12-01T20:00:52.618+0300] {dag.py:3722} INFO - Setting next_dagrun for example_time_delta_sensor_async to None, run_after=None
[2023-12-01T20:00:52.766+0300] {processor.py:179} INFO - Processing /home/petr/project/venv/lib/python3.10/site-packages/airflow/example_dags/example_time_delta_sensor_async.py took 0.456 seconds
