[2023-12-01T13:38:05.609+0300] {processor.py:157} INFO - Started process (PID=3346) to work on /home/petr/project/venv/lib/python3.10/site-packages/airflow/example_dags/example_short_circuit_operator.py
[2023-12-01T13:38:05.610+0300] {processor.py:829} INFO - Processing file /home/petr/project/venv/lib/python3.10/site-packages/airflow/example_dags/example_short_circuit_operator.py for tasks to queue
[2023-12-01T13:38:05.610+0300] {logging_mixin.py:154} INFO - [2023-12-01T13:38:05.610+0300] {dagbag.py:536} INFO - Filling up the DagBag from /home/petr/project/venv/lib/python3.10/site-packages/airflow/example_dags/example_short_circuit_operator.py
[2023-12-01T13:38:05.627+0300] {processor.py:839} INFO - DAG(s) dict_keys(['example_short_circuit_operator']) retrieved from /home/petr/project/venv/lib/python3.10/site-packages/airflow/example_dags/example_short_circuit_operator.py
[2023-12-01T13:38:05.683+0300] {logging_mixin.py:154} INFO - [2023-12-01T13:38:05.683+0300] {dag.py:2941} INFO - Sync 1 DAGs
[2023-12-01T13:38:05.716+0300] {logging_mixin.py:154} INFO - [2023-12-01T13:38:05.716+0300] {dag.py:3722} INFO - Setting next_dagrun for example_short_circuit_operator to 2023-11-30T10:38:05.716164+00:00, run_after=2023-12-01T10:38:05.716164+00:00
[2023-12-01T13:38:05.759+0300] {processor.py:179} INFO - Processing /home/petr/project/venv/lib/python3.10/site-packages/airflow/example_dags/example_short_circuit_operator.py took 0.164 seconds
[2023-12-01T13:38:36.353+0300] {processor.py:157} INFO - Started process (PID=3449) to work on /home/petr/project/venv/lib/python3.10/site-packages/airflow/example_dags/example_short_circuit_operator.py
[2023-12-01T13:38:36.356+0300] {processor.py:829} INFO - Processing file /home/petr/project/venv/lib/python3.10/site-packages/airflow/example_dags/example_short_circuit_operator.py for tasks to queue
[2023-12-01T13:38:36.357+0300] {logging_mixin.py:154} INFO - [2023-12-01T13:38:36.357+0300] {dagbag.py:536} INFO - Filling up the DagBag from /home/petr/project/venv/lib/python3.10/site-packages/airflow/example_dags/example_short_circuit_operator.py
[2023-12-01T13:38:36.393+0300] {processor.py:839} INFO - DAG(s) dict_keys(['example_short_circuit_operator']) retrieved from /home/petr/project/venv/lib/python3.10/site-packages/airflow/example_dags/example_short_circuit_operator.py
[2023-12-01T13:38:36.469+0300] {logging_mixin.py:154} INFO - [2023-12-01T13:38:36.469+0300] {dag.py:2941} INFO - Sync 1 DAGs
[2023-12-01T13:38:36.520+0300] {logging_mixin.py:154} INFO - [2023-12-01T13:38:36.520+0300] {dag.py:3722} INFO - Setting next_dagrun for example_short_circuit_operator to 2023-11-30T10:38:36.520286+00:00, run_after=2023-12-01T10:38:36.520286+00:00
[2023-12-01T13:38:36.556+0300] {processor.py:179} INFO - Processing /home/petr/project/venv/lib/python3.10/site-packages/airflow/example_dags/example_short_circuit_operator.py took 0.241 seconds
[2023-12-01T13:39:07.467+0300] {processor.py:157} INFO - Started process (PID=3550) to work on /home/petr/project/venv/lib/python3.10/site-packages/airflow/example_dags/example_short_circuit_operator.py
[2023-12-01T13:39:07.476+0300] {processor.py:829} INFO - Processing file /home/petr/project/venv/lib/python3.10/site-packages/airflow/example_dags/example_short_circuit_operator.py for tasks to queue
[2023-12-01T13:39:07.477+0300] {logging_mixin.py:154} INFO - [2023-12-01T13:39:07.476+0300] {dagbag.py:536} INFO - Filling up the DagBag from /home/petr/project/venv/lib/python3.10/site-packages/airflow/example_dags/example_short_circuit_operator.py
[2023-12-01T13:39:07.496+0300] {processor.py:839} INFO - DAG(s) dict_keys(['example_short_circuit_operator']) retrieved from /home/petr/project/venv/lib/python3.10/site-packages/airflow/example_dags/example_short_circuit_operator.py
[2023-12-01T13:39:07.595+0300] {logging_mixin.py:154} INFO - [2023-12-01T13:39:07.595+0300] {dag.py:2941} INFO - Sync 1 DAGs
[2023-12-01T13:39:07.676+0300] {logging_mixin.py:154} INFO - [2023-12-01T13:39:07.675+0300] {dag.py:3722} INFO - Setting next_dagrun for example_short_circuit_operator to 2023-11-30T10:39:07.675665+00:00, run_after=2023-12-01T10:39:07.675665+00:00
[2023-12-01T13:39:07.775+0300] {processor.py:179} INFO - Processing /home/petr/project/venv/lib/python3.10/site-packages/airflow/example_dags/example_short_circuit_operator.py took 0.311 seconds
[2023-12-01T13:39:38.495+0300] {processor.py:157} INFO - Started process (PID=3657) to work on /home/petr/project/venv/lib/python3.10/site-packages/airflow/example_dags/example_short_circuit_operator.py
[2023-12-01T13:39:38.495+0300] {processor.py:829} INFO - Processing file /home/petr/project/venv/lib/python3.10/site-packages/airflow/example_dags/example_short_circuit_operator.py for tasks to queue
[2023-12-01T13:39:38.496+0300] {logging_mixin.py:154} INFO - [2023-12-01T13:39:38.496+0300] {dagbag.py:536} INFO - Filling up the DagBag from /home/petr/project/venv/lib/python3.10/site-packages/airflow/example_dags/example_short_circuit_operator.py
[2023-12-01T13:39:38.517+0300] {processor.py:839} INFO - DAG(s) dict_keys(['example_short_circuit_operator']) retrieved from /home/petr/project/venv/lib/python3.10/site-packages/airflow/example_dags/example_short_circuit_operator.py
[2023-12-01T13:39:38.585+0300] {logging_mixin.py:154} INFO - [2023-12-01T13:39:38.585+0300] {dag.py:2941} INFO - Sync 1 DAGs
[2023-12-01T13:39:38.626+0300] {logging_mixin.py:154} INFO - [2023-12-01T13:39:38.625+0300] {dag.py:3722} INFO - Setting next_dagrun for example_short_circuit_operator to 2023-11-30T10:39:38.625766+00:00, run_after=2023-12-01T10:39:38.625766+00:00
[2023-12-01T13:39:38.669+0300] {processor.py:179} INFO - Processing /home/petr/project/venv/lib/python3.10/site-packages/airflow/example_dags/example_short_circuit_operator.py took 0.177 seconds
[2023-12-01T13:40:09.481+0300] {processor.py:157} INFO - Started process (PID=3786) to work on /home/petr/project/venv/lib/python3.10/site-packages/airflow/example_dags/example_short_circuit_operator.py
[2023-12-01T13:40:09.489+0300] {processor.py:829} INFO - Processing file /home/petr/project/venv/lib/python3.10/site-packages/airflow/example_dags/example_short_circuit_operator.py for tasks to queue
[2023-12-01T13:40:09.490+0300] {logging_mixin.py:154} INFO - [2023-12-01T13:40:09.490+0300] {dagbag.py:536} INFO - Filling up the DagBag from /home/petr/project/venv/lib/python3.10/site-packages/airflow/example_dags/example_short_circuit_operator.py
[2023-12-01T13:40:09.507+0300] {processor.py:839} INFO - DAG(s) dict_keys(['example_short_circuit_operator']) retrieved from /home/petr/project/venv/lib/python3.10/site-packages/airflow/example_dags/example_short_circuit_operator.py
[2023-12-01T13:40:09.698+0300] {logging_mixin.py:154} INFO - [2023-12-01T13:40:09.698+0300] {dag.py:2941} INFO - Sync 1 DAGs
[2023-12-01T13:40:09.847+0300] {logging_mixin.py:154} INFO - [2023-12-01T13:40:09.847+0300] {dag.py:3722} INFO - Setting next_dagrun for example_short_circuit_operator to 2023-11-30T10:40:09.828560+00:00, run_after=2023-12-01T10:40:09.828560+00:00
[2023-12-01T13:40:09.988+0300] {processor.py:179} INFO - Processing /home/petr/project/venv/lib/python3.10/site-packages/airflow/example_dags/example_short_circuit_operator.py took 0.515 seconds
[2023-12-01T13:40:40.343+0300] {processor.py:157} INFO - Started process (PID=3892) to work on /home/petr/project/venv/lib/python3.10/site-packages/airflow/example_dags/example_short_circuit_operator.py
[2023-12-01T13:40:40.345+0300] {processor.py:829} INFO - Processing file /home/petr/project/venv/lib/python3.10/site-packages/airflow/example_dags/example_short_circuit_operator.py for tasks to queue
[2023-12-01T13:40:40.346+0300] {logging_mixin.py:154} INFO - [2023-12-01T13:40:40.345+0300] {dagbag.py:536} INFO - Filling up the DagBag from /home/petr/project/venv/lib/python3.10/site-packages/airflow/example_dags/example_short_circuit_operator.py
[2023-12-01T13:40:40.352+0300] {processor.py:839} INFO - DAG(s) dict_keys(['example_short_circuit_operator']) retrieved from /home/petr/project/venv/lib/python3.10/site-packages/airflow/example_dags/example_short_circuit_operator.py
[2023-12-01T13:40:40.377+0300] {logging_mixin.py:154} INFO - [2023-12-01T13:40:40.377+0300] {dag.py:2941} INFO - Sync 1 DAGs
[2023-12-01T13:40:40.396+0300] {logging_mixin.py:154} INFO - [2023-12-01T13:40:40.396+0300] {dag.py:3722} INFO - Setting next_dagrun for example_short_circuit_operator to 2023-11-30T10:40:40.396576+00:00, run_after=2023-12-01T10:40:40.396576+00:00
[2023-12-01T13:40:40.419+0300] {processor.py:179} INFO - Processing /home/petr/project/venv/lib/python3.10/site-packages/airflow/example_dags/example_short_circuit_operator.py took 0.078 seconds
[2023-12-01T13:41:10.762+0300] {processor.py:157} INFO - Started process (PID=3991) to work on /home/petr/project/venv/lib/python3.10/site-packages/airflow/example_dags/example_short_circuit_operator.py
[2023-12-01T13:41:10.775+0300] {processor.py:829} INFO - Processing file /home/petr/project/venv/lib/python3.10/site-packages/airflow/example_dags/example_short_circuit_operator.py for tasks to queue
[2023-12-01T13:41:10.775+0300] {logging_mixin.py:154} INFO - [2023-12-01T13:41:10.775+0300] {dagbag.py:536} INFO - Filling up the DagBag from /home/petr/project/venv/lib/python3.10/site-packages/airflow/example_dags/example_short_circuit_operator.py
[2023-12-01T13:41:10.794+0300] {processor.py:839} INFO - DAG(s) dict_keys(['example_short_circuit_operator']) retrieved from /home/petr/project/venv/lib/python3.10/site-packages/airflow/example_dags/example_short_circuit_operator.py
[2023-12-01T13:41:10.866+0300] {logging_mixin.py:154} INFO - [2023-12-01T13:41:10.866+0300] {dag.py:2941} INFO - Sync 1 DAGs
[2023-12-01T13:41:10.910+0300] {logging_mixin.py:154} INFO - [2023-12-01T13:41:10.910+0300] {dag.py:3722} INFO - Setting next_dagrun for example_short_circuit_operator to 2023-11-30T10:41:10.910322+00:00, run_after=2023-12-01T10:41:10.910322+00:00
[2023-12-01T13:41:10.953+0300] {processor.py:179} INFO - Processing /home/petr/project/venv/lib/python3.10/site-packages/airflow/example_dags/example_short_circuit_operator.py took 0.194 seconds
[2023-12-01T13:41:41.503+0300] {processor.py:157} INFO - Started process (PID=4095) to work on /home/petr/project/venv/lib/python3.10/site-packages/airflow/example_dags/example_short_circuit_operator.py
[2023-12-01T13:41:41.512+0300] {processor.py:829} INFO - Processing file /home/petr/project/venv/lib/python3.10/site-packages/airflow/example_dags/example_short_circuit_operator.py for tasks to queue
[2023-12-01T13:41:41.518+0300] {logging_mixin.py:154} INFO - [2023-12-01T13:41:41.513+0300] {dagbag.py:536} INFO - Filling up the DagBag from /home/petr/project/venv/lib/python3.10/site-packages/airflow/example_dags/example_short_circuit_operator.py
[2023-12-01T13:41:41.530+0300] {processor.py:839} INFO - DAG(s) dict_keys(['example_short_circuit_operator']) retrieved from /home/petr/project/venv/lib/python3.10/site-packages/airflow/example_dags/example_short_circuit_operator.py
[2023-12-01T13:41:41.603+0300] {logging_mixin.py:154} INFO - [2023-12-01T13:41:41.603+0300] {dag.py:2941} INFO - Sync 1 DAGs
[2023-12-01T13:41:41.659+0300] {logging_mixin.py:154} INFO - [2023-12-01T13:41:41.658+0300] {dag.py:3722} INFO - Setting next_dagrun for example_short_circuit_operator to 2023-11-30T10:41:41.658066+00:00, run_after=2023-12-01T10:41:41.658066+00:00
[2023-12-01T13:41:41.702+0300] {processor.py:179} INFO - Processing /home/petr/project/venv/lib/python3.10/site-packages/airflow/example_dags/example_short_circuit_operator.py took 0.202 seconds
[2023-12-01T13:42:11.844+0300] {processor.py:157} INFO - Started process (PID=4201) to work on /home/petr/project/venv/lib/python3.10/site-packages/airflow/example_dags/example_short_circuit_operator.py
[2023-12-01T13:42:11.845+0300] {processor.py:829} INFO - Processing file /home/petr/project/venv/lib/python3.10/site-packages/airflow/example_dags/example_short_circuit_operator.py for tasks to queue
[2023-12-01T13:42:11.846+0300] {logging_mixin.py:154} INFO - [2023-12-01T13:42:11.845+0300] {dagbag.py:536} INFO - Filling up the DagBag from /home/petr/project/venv/lib/python3.10/site-packages/airflow/example_dags/example_short_circuit_operator.py
[2023-12-01T13:42:11.865+0300] {processor.py:839} INFO - DAG(s) dict_keys(['example_short_circuit_operator']) retrieved from /home/petr/project/venv/lib/python3.10/site-packages/airflow/example_dags/example_short_circuit_operator.py
[2023-12-01T13:42:11.924+0300] {logging_mixin.py:154} INFO - [2023-12-01T13:42:11.924+0300] {dag.py:2941} INFO - Sync 1 DAGs
[2023-12-01T13:42:11.958+0300] {logging_mixin.py:154} INFO - [2023-12-01T13:42:11.958+0300] {dag.py:3722} INFO - Setting next_dagrun for example_short_circuit_operator to 2023-11-30T10:42:11.957942+00:00, run_after=2023-12-01T10:42:11.957942+00:00
[2023-12-01T13:42:11.994+0300] {processor.py:179} INFO - Processing /home/petr/project/venv/lib/python3.10/site-packages/airflow/example_dags/example_short_circuit_operator.py took 0.153 seconds
[2023-12-01T13:42:42.657+0300] {processor.py:157} INFO - Started process (PID=4306) to work on /home/petr/project/venv/lib/python3.10/site-packages/airflow/example_dags/example_short_circuit_operator.py
[2023-12-01T13:42:42.661+0300] {processor.py:829} INFO - Processing file /home/petr/project/venv/lib/python3.10/site-packages/airflow/example_dags/example_short_circuit_operator.py for tasks to queue
[2023-12-01T13:42:42.662+0300] {logging_mixin.py:154} INFO - [2023-12-01T13:42:42.661+0300] {dagbag.py:536} INFO - Filling up the DagBag from /home/petr/project/venv/lib/python3.10/site-packages/airflow/example_dags/example_short_circuit_operator.py
[2023-12-01T13:42:42.680+0300] {processor.py:839} INFO - DAG(s) dict_keys(['example_short_circuit_operator']) retrieved from /home/petr/project/venv/lib/python3.10/site-packages/airflow/example_dags/example_short_circuit_operator.py
[2023-12-01T13:42:42.741+0300] {logging_mixin.py:154} INFO - [2023-12-01T13:42:42.741+0300] {dag.py:2941} INFO - Sync 1 DAGs
[2023-12-01T13:42:42.778+0300] {logging_mixin.py:154} INFO - [2023-12-01T13:42:42.777+0300] {dag.py:3722} INFO - Setting next_dagrun for example_short_circuit_operator to 2023-11-30T10:42:42.777767+00:00, run_after=2023-12-01T10:42:42.777767+00:00
[2023-12-01T13:42:42.822+0300] {processor.py:179} INFO - Processing /home/petr/project/venv/lib/python3.10/site-packages/airflow/example_dags/example_short_circuit_operator.py took 0.168 seconds
[2023-12-01T13:43:13.760+0300] {processor.py:157} INFO - Started process (PID=4405) to work on /home/petr/project/venv/lib/python3.10/site-packages/airflow/example_dags/example_short_circuit_operator.py
[2023-12-01T13:43:13.768+0300] {processor.py:829} INFO - Processing file /home/petr/project/venv/lib/python3.10/site-packages/airflow/example_dags/example_short_circuit_operator.py for tasks to queue
[2023-12-01T13:43:13.769+0300] {logging_mixin.py:154} INFO - [2023-12-01T13:43:13.769+0300] {dagbag.py:536} INFO - Filling up the DagBag from /home/petr/project/venv/lib/python3.10/site-packages/airflow/example_dags/example_short_circuit_operator.py
[2023-12-01T13:43:13.776+0300] {processor.py:839} INFO - DAG(s) dict_keys(['example_short_circuit_operator']) retrieved from /home/petr/project/venv/lib/python3.10/site-packages/airflow/example_dags/example_short_circuit_operator.py
[2023-12-01T13:43:13.836+0300] {logging_mixin.py:154} INFO - [2023-12-01T13:43:13.836+0300] {dag.py:2941} INFO - Sync 1 DAGs
[2023-12-01T13:43:13.869+0300] {logging_mixin.py:154} INFO - [2023-12-01T13:43:13.869+0300] {dag.py:3722} INFO - Setting next_dagrun for example_short_circuit_operator to 2023-11-30T10:43:13.868902+00:00, run_after=2023-12-01T10:43:13.868902+00:00
[2023-12-01T13:43:13.923+0300] {processor.py:179} INFO - Processing /home/petr/project/venv/lib/python3.10/site-packages/airflow/example_dags/example_short_circuit_operator.py took 0.166 seconds
[2023-12-01T13:43:45.767+0300] {processor.py:157} INFO - Started process (PID=4506) to work on /home/petr/project/venv/lib/python3.10/site-packages/airflow/example_dags/example_short_circuit_operator.py
[2023-12-01T13:43:45.772+0300] {processor.py:829} INFO - Processing file /home/petr/project/venv/lib/python3.10/site-packages/airflow/example_dags/example_short_circuit_operator.py for tasks to queue
[2023-12-01T13:43:45.772+0300] {logging_mixin.py:154} INFO - [2023-12-01T13:43:45.772+0300] {dagbag.py:536} INFO - Filling up the DagBag from /home/petr/project/venv/lib/python3.10/site-packages/airflow/example_dags/example_short_circuit_operator.py
[2023-12-01T13:43:45.779+0300] {processor.py:839} INFO - DAG(s) dict_keys(['example_short_circuit_operator']) retrieved from /home/petr/project/venv/lib/python3.10/site-packages/airflow/example_dags/example_short_circuit_operator.py
[2023-12-01T13:43:45.844+0300] {logging_mixin.py:154} INFO - [2023-12-01T13:43:45.844+0300] {dag.py:2941} INFO - Sync 1 DAGs
[2023-12-01T13:43:45.889+0300] {logging_mixin.py:154} INFO - [2023-12-01T13:43:45.889+0300] {dag.py:3722} INFO - Setting next_dagrun for example_short_circuit_operator to 2023-11-30T10:43:45.889380+00:00, run_after=2023-12-01T10:43:45.889380+00:00
[2023-12-01T13:43:45.921+0300] {processor.py:179} INFO - Processing /home/petr/project/venv/lib/python3.10/site-packages/airflow/example_dags/example_short_circuit_operator.py took 0.157 seconds
[2023-12-01T13:44:15.943+0300] {processor.py:157} INFO - Started process (PID=4605) to work on /home/petr/project/venv/lib/python3.10/site-packages/airflow/example_dags/example_short_circuit_operator.py
[2023-12-01T13:44:15.944+0300] {processor.py:829} INFO - Processing file /home/petr/project/venv/lib/python3.10/site-packages/airflow/example_dags/example_short_circuit_operator.py for tasks to queue
[2023-12-01T13:44:15.945+0300] {logging_mixin.py:154} INFO - [2023-12-01T13:44:15.944+0300] {dagbag.py:536} INFO - Filling up the DagBag from /home/petr/project/venv/lib/python3.10/site-packages/airflow/example_dags/example_short_circuit_operator.py
[2023-12-01T13:44:15.951+0300] {processor.py:839} INFO - DAG(s) dict_keys(['example_short_circuit_operator']) retrieved from /home/petr/project/venv/lib/python3.10/site-packages/airflow/example_dags/example_short_circuit_operator.py
[2023-12-01T13:44:15.974+0300] {logging_mixin.py:154} INFO - [2023-12-01T13:44:15.974+0300] {dag.py:2941} INFO - Sync 1 DAGs
[2023-12-01T13:44:15.989+0300] {logging_mixin.py:154} INFO - [2023-12-01T13:44:15.989+0300] {dag.py:3722} INFO - Setting next_dagrun for example_short_circuit_operator to 2023-11-30T10:44:15.989209+00:00, run_after=2023-12-01T10:44:15.989209+00:00
[2023-12-01T13:44:16.003+0300] {processor.py:179} INFO - Processing /home/petr/project/venv/lib/python3.10/site-packages/airflow/example_dags/example_short_circuit_operator.py took 0.063 seconds
[2023-12-01T13:44:47.423+0300] {processor.py:157} INFO - Started process (PID=4706) to work on /home/petr/project/venv/lib/python3.10/site-packages/airflow/example_dags/example_short_circuit_operator.py
[2023-12-01T13:44:47.424+0300] {processor.py:829} INFO - Processing file /home/petr/project/venv/lib/python3.10/site-packages/airflow/example_dags/example_short_circuit_operator.py for tasks to queue
[2023-12-01T13:44:47.424+0300] {logging_mixin.py:154} INFO - [2023-12-01T13:44:47.424+0300] {dagbag.py:536} INFO - Filling up the DagBag from /home/petr/project/venv/lib/python3.10/site-packages/airflow/example_dags/example_short_circuit_operator.py
[2023-12-01T13:44:47.431+0300] {processor.py:839} INFO - DAG(s) dict_keys(['example_short_circuit_operator']) retrieved from /home/petr/project/venv/lib/python3.10/site-packages/airflow/example_dags/example_short_circuit_operator.py
[2023-12-01T13:44:47.499+0300] {logging_mixin.py:154} INFO - [2023-12-01T13:44:47.499+0300] {dag.py:2941} INFO - Sync 1 DAGs
[2023-12-01T13:44:47.546+0300] {logging_mixin.py:154} INFO - [2023-12-01T13:44:47.546+0300] {dag.py:3722} INFO - Setting next_dagrun for example_short_circuit_operator to 2023-11-30T10:44:47.546095+00:00, run_after=2023-12-01T10:44:47.546095+00:00
[2023-12-01T13:44:47.598+0300] {processor.py:179} INFO - Processing /home/petr/project/venv/lib/python3.10/site-packages/airflow/example_dags/example_short_circuit_operator.py took 0.187 seconds
[2023-12-01T13:45:18.054+0300] {processor.py:157} INFO - Started process (PID=4826) to work on /home/petr/project/venv/lib/python3.10/site-packages/airflow/example_dags/example_short_circuit_operator.py
[2023-12-01T13:45:18.056+0300] {processor.py:829} INFO - Processing file /home/petr/project/venv/lib/python3.10/site-packages/airflow/example_dags/example_short_circuit_operator.py for tasks to queue
[2023-12-01T13:45:18.057+0300] {logging_mixin.py:154} INFO - [2023-12-01T13:45:18.056+0300] {dagbag.py:536} INFO - Filling up the DagBag from /home/petr/project/venv/lib/python3.10/site-packages/airflow/example_dags/example_short_circuit_operator.py
[2023-12-01T13:45:18.064+0300] {processor.py:839} INFO - DAG(s) dict_keys(['example_short_circuit_operator']) retrieved from /home/petr/project/venv/lib/python3.10/site-packages/airflow/example_dags/example_short_circuit_operator.py
[2023-12-01T13:45:18.138+0300] {logging_mixin.py:154} INFO - [2023-12-01T13:45:18.138+0300] {dag.py:2941} INFO - Sync 1 DAGs
[2023-12-01T13:45:18.167+0300] {logging_mixin.py:154} INFO - [2023-12-01T13:45:18.167+0300] {dag.py:3722} INFO - Setting next_dagrun for example_short_circuit_operator to 2023-11-30T10:45:18.166940+00:00, run_after=2023-12-01T10:45:18.166940+00:00
[2023-12-01T13:45:18.193+0300] {processor.py:179} INFO - Processing /home/petr/project/venv/lib/python3.10/site-packages/airflow/example_dags/example_short_circuit_operator.py took 0.151 seconds
[2023-12-01T13:46:44.439+0300] {processor.py:157} INFO - Started process (PID=4942) to work on /home/petr/project/venv/lib/python3.10/site-packages/airflow/example_dags/example_short_circuit_operator.py
[2023-12-01T13:46:44.451+0300] {processor.py:829} INFO - Processing file /home/petr/project/venv/lib/python3.10/site-packages/airflow/example_dags/example_short_circuit_operator.py for tasks to queue
[2023-12-01T13:46:44.453+0300] {logging_mixin.py:154} INFO - [2023-12-01T13:46:44.453+0300] {dagbag.py:536} INFO - Filling up the DagBag from /home/petr/project/venv/lib/python3.10/site-packages/airflow/example_dags/example_short_circuit_operator.py
[2023-12-01T13:46:44.495+0300] {processor.py:839} INFO - DAG(s) dict_keys(['example_short_circuit_operator']) retrieved from /home/petr/project/venv/lib/python3.10/site-packages/airflow/example_dags/example_short_circuit_operator.py
[2023-12-01T13:46:44.658+0300] {logging_mixin.py:154} INFO - [2023-12-01T13:46:44.658+0300] {dag.py:2941} INFO - Sync 1 DAGs
[2023-12-01T13:46:44.759+0300] {logging_mixin.py:154} INFO - [2023-12-01T13:46:44.759+0300] {dag.py:3722} INFO - Setting next_dagrun for example_short_circuit_operator to 2023-11-30T10:46:44.758860+00:00, run_after=2023-12-01T10:46:44.758860+00:00
[2023-12-01T13:46:44.930+0300] {processor.py:179} INFO - Processing /home/petr/project/venv/lib/python3.10/site-packages/airflow/example_dags/example_short_circuit_operator.py took 0.514 seconds
[2023-12-01T13:47:15.229+0300] {processor.py:157} INFO - Started process (PID=5046) to work on /home/petr/project/venv/lib/python3.10/site-packages/airflow/example_dags/example_short_circuit_operator.py
[2023-12-01T13:47:15.234+0300] {processor.py:829} INFO - Processing file /home/petr/project/venv/lib/python3.10/site-packages/airflow/example_dags/example_short_circuit_operator.py for tasks to queue
[2023-12-01T13:47:15.235+0300] {logging_mixin.py:154} INFO - [2023-12-01T13:47:15.235+0300] {dagbag.py:536} INFO - Filling up the DagBag from /home/petr/project/venv/lib/python3.10/site-packages/airflow/example_dags/example_short_circuit_operator.py
[2023-12-01T13:47:15.243+0300] {processor.py:839} INFO - DAG(s) dict_keys(['example_short_circuit_operator']) retrieved from /home/petr/project/venv/lib/python3.10/site-packages/airflow/example_dags/example_short_circuit_operator.py
[2023-12-01T13:47:15.274+0300] {logging_mixin.py:154} INFO - [2023-12-01T13:47:15.274+0300] {dag.py:2941} INFO - Sync 1 DAGs
[2023-12-01T13:47:15.292+0300] {logging_mixin.py:154} INFO - [2023-12-01T13:47:15.292+0300] {dag.py:3722} INFO - Setting next_dagrun for example_short_circuit_operator to 2023-11-30T10:47:15.292546+00:00, run_after=2023-12-01T10:47:15.292546+00:00
[2023-12-01T13:47:15.306+0300] {processor.py:179} INFO - Processing /home/petr/project/venv/lib/python3.10/site-packages/airflow/example_dags/example_short_circuit_operator.py took 0.080 seconds
[2023-12-01T13:47:45.960+0300] {processor.py:157} INFO - Started process (PID=5173) to work on /home/petr/project/venv/lib/python3.10/site-packages/airflow/example_dags/example_short_circuit_operator.py
[2023-12-01T13:47:45.972+0300] {processor.py:829} INFO - Processing file /home/petr/project/venv/lib/python3.10/site-packages/airflow/example_dags/example_short_circuit_operator.py for tasks to queue
[2023-12-01T13:47:45.972+0300] {logging_mixin.py:154} INFO - [2023-12-01T13:47:45.972+0300] {dagbag.py:536} INFO - Filling up the DagBag from /home/petr/project/venv/lib/python3.10/site-packages/airflow/example_dags/example_short_circuit_operator.py
[2023-12-01T13:47:46.007+0300] {processor.py:839} INFO - DAG(s) dict_keys(['example_short_circuit_operator']) retrieved from /home/petr/project/venv/lib/python3.10/site-packages/airflow/example_dags/example_short_circuit_operator.py
[2023-12-01T13:47:46.082+0300] {logging_mixin.py:154} INFO - [2023-12-01T13:47:46.082+0300] {dag.py:2941} INFO - Sync 1 DAGs
[2023-12-01T13:47:46.154+0300] {logging_mixin.py:154} INFO - [2023-12-01T13:47:46.154+0300] {dag.py:3722} INFO - Setting next_dagrun for example_short_circuit_operator to 2023-11-30T10:47:46.154393+00:00, run_after=2023-12-01T10:47:46.154393+00:00
[2023-12-01T13:47:46.205+0300] {processor.py:179} INFO - Processing /home/petr/project/venv/lib/python3.10/site-packages/airflow/example_dags/example_short_circuit_operator.py took 0.248 seconds
[2023-12-01T13:49:10.492+0300] {processor.py:157} INFO - Started process (PID=5318) to work on /home/petr/project/venv/lib/python3.10/site-packages/airflow/example_dags/example_short_circuit_operator.py
[2023-12-01T13:49:10.494+0300] {processor.py:829} INFO - Processing file /home/petr/project/venv/lib/python3.10/site-packages/airflow/example_dags/example_short_circuit_operator.py for tasks to queue
[2023-12-01T13:49:10.494+0300] {logging_mixin.py:154} INFO - [2023-12-01T13:49:10.494+0300] {dagbag.py:536} INFO - Filling up the DagBag from /home/petr/project/venv/lib/python3.10/site-packages/airflow/example_dags/example_short_circuit_operator.py
[2023-12-01T13:49:10.511+0300] {processor.py:839} INFO - DAG(s) dict_keys(['example_short_circuit_operator']) retrieved from /home/petr/project/venv/lib/python3.10/site-packages/airflow/example_dags/example_short_circuit_operator.py
[2023-12-01T13:49:10.572+0300] {logging_mixin.py:154} INFO - [2023-12-01T13:49:10.572+0300] {dag.py:2941} INFO - Sync 1 DAGs
[2023-12-01T13:49:10.606+0300] {logging_mixin.py:154} INFO - [2023-12-01T13:49:10.606+0300] {dag.py:3722} INFO - Setting next_dagrun for example_short_circuit_operator to 2023-11-30T10:49:10.606041+00:00, run_after=2023-12-01T10:49:10.606041+00:00
[2023-12-01T13:49:10.641+0300] {processor.py:179} INFO - Processing /home/petr/project/venv/lib/python3.10/site-packages/airflow/example_dags/example_short_circuit_operator.py took 0.152 seconds
[2023-12-01T13:49:41.931+0300] {processor.py:157} INFO - Started process (PID=5419) to work on /home/petr/project/venv/lib/python3.10/site-packages/airflow/example_dags/example_short_circuit_operator.py
[2023-12-01T13:49:41.937+0300] {processor.py:829} INFO - Processing file /home/petr/project/venv/lib/python3.10/site-packages/airflow/example_dags/example_short_circuit_operator.py for tasks to queue
[2023-12-01T13:49:41.937+0300] {logging_mixin.py:154} INFO - [2023-12-01T13:49:41.937+0300] {dagbag.py:536} INFO - Filling up the DagBag from /home/petr/project/venv/lib/python3.10/site-packages/airflow/example_dags/example_short_circuit_operator.py
[2023-12-01T13:49:41.946+0300] {processor.py:839} INFO - DAG(s) dict_keys(['example_short_circuit_operator']) retrieved from /home/petr/project/venv/lib/python3.10/site-packages/airflow/example_dags/example_short_circuit_operator.py
[2023-12-01T13:49:42.025+0300] {logging_mixin.py:154} INFO - [2023-12-01T13:49:42.025+0300] {dag.py:2941} INFO - Sync 1 DAGs
[2023-12-01T13:49:42.087+0300] {logging_mixin.py:154} INFO - [2023-12-01T13:49:42.087+0300] {dag.py:3722} INFO - Setting next_dagrun for example_short_circuit_operator to 2023-11-30T10:49:42.087193+00:00, run_after=2023-12-01T10:49:42.087193+00:00
[2023-12-01T13:49:42.148+0300] {processor.py:179} INFO - Processing /home/petr/project/venv/lib/python3.10/site-packages/airflow/example_dags/example_short_circuit_operator.py took 0.221 seconds
[2023-12-01T13:50:12.320+0300] {processor.py:157} INFO - Started process (PID=5530) to work on /home/petr/project/venv/lib/python3.10/site-packages/airflow/example_dags/example_short_circuit_operator.py
[2023-12-01T13:50:12.322+0300] {processor.py:829} INFO - Processing file /home/petr/project/venv/lib/python3.10/site-packages/airflow/example_dags/example_short_circuit_operator.py for tasks to queue
[2023-12-01T13:50:12.322+0300] {logging_mixin.py:154} INFO - [2023-12-01T13:50:12.322+0300] {dagbag.py:536} INFO - Filling up the DagBag from /home/petr/project/venv/lib/python3.10/site-packages/airflow/example_dags/example_short_circuit_operator.py
[2023-12-01T13:50:12.329+0300] {processor.py:839} INFO - DAG(s) dict_keys(['example_short_circuit_operator']) retrieved from /home/petr/project/venv/lib/python3.10/site-packages/airflow/example_dags/example_short_circuit_operator.py
[2023-12-01T13:50:12.386+0300] {logging_mixin.py:154} INFO - [2023-12-01T13:50:12.386+0300] {dag.py:2941} INFO - Sync 1 DAGs
[2023-12-01T13:50:12.402+0300] {logging_mixin.py:154} INFO - [2023-12-01T13:50:12.402+0300] {dag.py:3722} INFO - Setting next_dagrun for example_short_circuit_operator to 2023-11-30T10:50:12.402267+00:00, run_after=2023-12-01T10:50:12.402267+00:00
[2023-12-01T13:50:12.418+0300] {processor.py:179} INFO - Processing /home/petr/project/venv/lib/python3.10/site-packages/airflow/example_dags/example_short_circuit_operator.py took 0.108 seconds
[2023-12-01T20:00:49.933+0300] {processor.py:157} INFO - Started process (PID=5903) to work on /home/petr/project/venv/lib/python3.10/site-packages/airflow/example_dags/example_short_circuit_operator.py
[2023-12-01T20:00:49.962+0300] {processor.py:829} INFO - Processing file /home/petr/project/venv/lib/python3.10/site-packages/airflow/example_dags/example_short_circuit_operator.py for tasks to queue
[2023-12-01T20:00:49.964+0300] {logging_mixin.py:154} INFO - [2023-12-01T20:00:49.963+0300] {dagbag.py:536} INFO - Filling up the DagBag from /home/petr/project/venv/lib/python3.10/site-packages/airflow/example_dags/example_short_circuit_operator.py
[2023-12-01T20:00:50.040+0300] {processor.py:839} INFO - DAG(s) dict_keys(['example_short_circuit_operator']) retrieved from /home/petr/project/venv/lib/python3.10/site-packages/airflow/example_dags/example_short_circuit_operator.py
[2023-12-01T20:00:50.362+0300] {logging_mixin.py:154} INFO - [2023-12-01T20:00:50.362+0300] {dag.py:2941} INFO - Sync 1 DAGs
[2023-12-01T20:00:50.599+0300] {logging_mixin.py:154} INFO - [2023-12-01T20:00:50.571+0300] {dag.py:3722} INFO - Setting next_dagrun for example_short_circuit_operator to 2023-11-30T17:00:50.570724+00:00, run_after=2023-12-01T17:00:50.570724+00:00
[2023-12-01T20:00:50.934+0300] {processor.py:179} INFO - Processing /home/petr/project/venv/lib/python3.10/site-packages/airflow/example_dags/example_short_circuit_operator.py took 1.051 seconds
