[2023-12-01T13:38:11.795+0300] {processor.py:157} INFO - Started process (PID=3414) to work on /home/petr/project/venv/lib/python3.10/site-packages/airflow/example_dags/example_datasets.py
[2023-12-01T13:38:11.796+0300] {processor.py:829} INFO - Processing file /home/petr/project/venv/lib/python3.10/site-packages/airflow/example_dags/example_datasets.py for tasks to queue
[2023-12-01T13:38:11.796+0300] {logging_mixin.py:154} INFO - [2023-12-01T13:38:11.796+0300] {dagbag.py:536} INFO - Filling up the DagBag from /home/petr/project/venv/lib/python3.10/site-packages/airflow/example_dags/example_datasets.py
[2023-12-01T13:38:11.828+0300] {processor.py:839} INFO - DAG(s) dict_keys(['dataset_consumes_1_never_scheduled', 'dataset_consumes_1_and_2', 'dataset_produces_1', 'dataset_produces_2', 'dataset_consumes_unknown_never_scheduled', 'dataset_consumes_1']) retrieved from /home/petr/project/venv/lib/python3.10/site-packages/airflow/example_dags/example_datasets.py
[2023-12-01T13:38:12.009+0300] {logging_mixin.py:154} INFO - [2023-12-01T13:38:12.009+0300] {dag.py:2941} INFO - Sync 6 DAGs
[2023-12-01T13:38:12.100+0300] {logging_mixin.py:154} INFO - [2023-12-01T13:38:12.100+0300] {dag.py:3722} INFO - Setting next_dagrun for dataset_consumes_1 to None, run_after=None
[2023-12-01T13:38:12.115+0300] {logging_mixin.py:154} INFO - [2023-12-01T13:38:12.115+0300] {dag.py:3722} INFO - Setting next_dagrun for dataset_consumes_1_and_2 to None, run_after=None
[2023-12-01T13:38:12.116+0300] {logging_mixin.py:154} INFO - [2023-12-01T13:38:12.116+0300] {dag.py:3722} INFO - Setting next_dagrun for dataset_consumes_1_never_scheduled to None, run_after=None
[2023-12-01T13:38:12.121+0300] {logging_mixin.py:154} INFO - [2023-12-01T13:38:12.121+0300] {dag.py:3722} INFO - Setting next_dagrun for dataset_consumes_unknown_never_scheduled to None, run_after=None
[2023-12-01T13:38:12.138+0300] {logging_mixin.py:154} INFO - [2023-12-01T13:38:12.138+0300] {dag.py:3722} INFO - Setting next_dagrun for dataset_produces_1 to 2023-11-30T00:00:00+00:00, run_after=2023-12-01T00:00:00+00:00
[2023-12-01T13:38:12.143+0300] {logging_mixin.py:154} INFO - [2023-12-01T13:38:12.143+0300] {dag.py:3722} INFO - Setting next_dagrun for dataset_produces_2 to None, run_after=None
[2023-12-01T13:38:12.381+0300] {processor.py:179} INFO - Processing /home/petr/project/venv/lib/python3.10/site-packages/airflow/example_dags/example_datasets.py took 0.588 seconds
[2023-12-01T13:38:43.101+0300] {processor.py:157} INFO - Started process (PID=3518) to work on /home/petr/project/venv/lib/python3.10/site-packages/airflow/example_dags/example_datasets.py
[2023-12-01T13:38:43.102+0300] {processor.py:829} INFO - Processing file /home/petr/project/venv/lib/python3.10/site-packages/airflow/example_dags/example_datasets.py for tasks to queue
[2023-12-01T13:38:43.103+0300] {logging_mixin.py:154} INFO - [2023-12-01T13:38:43.103+0300] {dagbag.py:536} INFO - Filling up the DagBag from /home/petr/project/venv/lib/python3.10/site-packages/airflow/example_dags/example_datasets.py
[2023-12-01T13:38:43.130+0300] {processor.py:839} INFO - DAG(s) dict_keys(['dataset_produces_1', 'dataset_consumes_1', 'dataset_consumes_unknown_never_scheduled', 'dataset_consumes_1_and_2', 'dataset_consumes_1_never_scheduled', 'dataset_produces_2']) retrieved from /home/petr/project/venv/lib/python3.10/site-packages/airflow/example_dags/example_datasets.py
[2023-12-01T13:38:43.328+0300] {logging_mixin.py:154} INFO - [2023-12-01T13:38:43.328+0300] {dag.py:2941} INFO - Sync 6 DAGs
[2023-12-01T13:38:43.441+0300] {logging_mixin.py:154} INFO - [2023-12-01T13:38:43.440+0300] {dag.py:3722} INFO - Setting next_dagrun for dataset_consumes_1 to None, run_after=None
[2023-12-01T13:38:43.460+0300] {logging_mixin.py:154} INFO - [2023-12-01T13:38:43.459+0300] {dag.py:3722} INFO - Setting next_dagrun for dataset_consumes_1_and_2 to None, run_after=None
[2023-12-01T13:38:43.461+0300] {logging_mixin.py:154} INFO - [2023-12-01T13:38:43.461+0300] {dag.py:3722} INFO - Setting next_dagrun for dataset_consumes_1_never_scheduled to None, run_after=None
[2023-12-01T13:38:43.472+0300] {logging_mixin.py:154} INFO - [2023-12-01T13:38:43.471+0300] {dag.py:3722} INFO - Setting next_dagrun for dataset_consumes_unknown_never_scheduled to None, run_after=None
[2023-12-01T13:38:43.490+0300] {logging_mixin.py:154} INFO - [2023-12-01T13:38:43.490+0300] {dag.py:3722} INFO - Setting next_dagrun for dataset_produces_1 to 2023-11-30T00:00:00+00:00, run_after=2023-12-01T00:00:00+00:00
[2023-12-01T13:38:43.493+0300] {logging_mixin.py:154} INFO - [2023-12-01T13:38:43.492+0300] {dag.py:3722} INFO - Setting next_dagrun for dataset_produces_2 to None, run_after=None
[2023-12-01T13:38:43.644+0300] {processor.py:179} INFO - Processing /home/petr/project/venv/lib/python3.10/site-packages/airflow/example_dags/example_datasets.py took 0.553 seconds
[2023-12-01T13:39:13.877+0300] {processor.py:157} INFO - Started process (PID=3619) to work on /home/petr/project/venv/lib/python3.10/site-packages/airflow/example_dags/example_datasets.py
[2023-12-01T13:39:13.884+0300] {processor.py:829} INFO - Processing file /home/petr/project/venv/lib/python3.10/site-packages/airflow/example_dags/example_datasets.py for tasks to queue
[2023-12-01T13:39:13.885+0300] {logging_mixin.py:154} INFO - [2023-12-01T13:39:13.884+0300] {dagbag.py:536} INFO - Filling up the DagBag from /home/petr/project/venv/lib/python3.10/site-packages/airflow/example_dags/example_datasets.py
[2023-12-01T13:39:13.942+0300] {processor.py:839} INFO - DAG(s) dict_keys(['dataset_produces_1', 'dataset_produces_2', 'dataset_consumes_1_never_scheduled', 'dataset_consumes_1_and_2', 'dataset_consumes_unknown_never_scheduled', 'dataset_consumes_1']) retrieved from /home/petr/project/venv/lib/python3.10/site-packages/airflow/example_dags/example_datasets.py
[2023-12-01T13:39:14.177+0300] {logging_mixin.py:154} INFO - [2023-12-01T13:39:14.177+0300] {dag.py:2941} INFO - Sync 6 DAGs
[2023-12-01T13:39:14.314+0300] {logging_mixin.py:154} INFO - [2023-12-01T13:39:14.314+0300] {dag.py:3722} INFO - Setting next_dagrun for dataset_consumes_1 to None, run_after=None
[2023-12-01T13:39:14.330+0300] {logging_mixin.py:154} INFO - [2023-12-01T13:39:14.330+0300] {dag.py:3722} INFO - Setting next_dagrun for dataset_consumes_1_and_2 to None, run_after=None
[2023-12-01T13:39:14.346+0300] {logging_mixin.py:154} INFO - [2023-12-01T13:39:14.346+0300] {dag.py:3722} INFO - Setting next_dagrun for dataset_consumes_1_never_scheduled to None, run_after=None
[2023-12-01T13:39:14.356+0300] {logging_mixin.py:154} INFO - [2023-12-01T13:39:14.356+0300] {dag.py:3722} INFO - Setting next_dagrun for dataset_consumes_unknown_never_scheduled to None, run_after=None
[2023-12-01T13:39:14.367+0300] {logging_mixin.py:154} INFO - [2023-12-01T13:39:14.367+0300] {dag.py:3722} INFO - Setting next_dagrun for dataset_produces_1 to 2023-11-30T00:00:00+00:00, run_after=2023-12-01T00:00:00+00:00
[2023-12-01T13:39:14.406+0300] {logging_mixin.py:154} INFO - [2023-12-01T13:39:14.406+0300] {dag.py:3722} INFO - Setting next_dagrun for dataset_produces_2 to None, run_after=None
[2023-12-01T13:39:14.575+0300] {processor.py:179} INFO - Processing /home/petr/project/venv/lib/python3.10/site-packages/airflow/example_dags/example_datasets.py took 0.710 seconds
[2023-12-01T13:39:44.773+0300] {processor.py:157} INFO - Started process (PID=3736) to work on /home/petr/project/venv/lib/python3.10/site-packages/airflow/example_dags/example_datasets.py
[2023-12-01T13:39:44.781+0300] {processor.py:829} INFO - Processing file /home/petr/project/venv/lib/python3.10/site-packages/airflow/example_dags/example_datasets.py for tasks to queue
[2023-12-01T13:39:44.781+0300] {logging_mixin.py:154} INFO - [2023-12-01T13:39:44.781+0300] {dagbag.py:536} INFO - Filling up the DagBag from /home/petr/project/venv/lib/python3.10/site-packages/airflow/example_dags/example_datasets.py
[2023-12-01T13:39:44.808+0300] {processor.py:839} INFO - DAG(s) dict_keys(['dataset_produces_1', 'dataset_consumes_1_and_2', 'dataset_produces_2', 'dataset_consumes_unknown_never_scheduled', 'dataset_consumes_1_never_scheduled', 'dataset_consumes_1']) retrieved from /home/petr/project/venv/lib/python3.10/site-packages/airflow/example_dags/example_datasets.py
[2023-12-01T13:39:44.885+0300] {logging_mixin.py:154} INFO - [2023-12-01T13:39:44.885+0300] {dag.py:2941} INFO - Sync 6 DAGs
[2023-12-01T13:39:44.919+0300] {logging_mixin.py:154} INFO - [2023-12-01T13:39:44.919+0300] {dag.py:3722} INFO - Setting next_dagrun for dataset_consumes_1 to None, run_after=None
[2023-12-01T13:39:44.922+0300] {logging_mixin.py:154} INFO - [2023-12-01T13:39:44.922+0300] {dag.py:3722} INFO - Setting next_dagrun for dataset_consumes_1_and_2 to None, run_after=None
[2023-12-01T13:39:44.938+0300] {logging_mixin.py:154} INFO - [2023-12-01T13:39:44.938+0300] {dag.py:3722} INFO - Setting next_dagrun for dataset_consumes_1_never_scheduled to None, run_after=None
[2023-12-01T13:39:44.943+0300] {logging_mixin.py:154} INFO - [2023-12-01T13:39:44.942+0300] {dag.py:3722} INFO - Setting next_dagrun for dataset_consumes_unknown_never_scheduled to None, run_after=None
[2023-12-01T13:39:44.947+0300] {logging_mixin.py:154} INFO - [2023-12-01T13:39:44.947+0300] {dag.py:3722} INFO - Setting next_dagrun for dataset_produces_1 to 2023-11-30T00:00:00+00:00, run_after=2023-12-01T00:00:00+00:00
[2023-12-01T13:39:44.956+0300] {logging_mixin.py:154} INFO - [2023-12-01T13:39:44.956+0300] {dag.py:3722} INFO - Setting next_dagrun for dataset_produces_2 to None, run_after=None
[2023-12-01T13:39:45.023+0300] {processor.py:179} INFO - Processing /home/petr/project/venv/lib/python3.10/site-packages/airflow/example_dags/example_datasets.py took 0.275 seconds
[2023-12-01T13:40:17.958+0300] {processor.py:157} INFO - Started process (PID=3856) to work on /home/petr/project/venv/lib/python3.10/site-packages/airflow/example_dags/example_datasets.py
[2023-12-01T13:40:17.994+0300] {processor.py:829} INFO - Processing file /home/petr/project/venv/lib/python3.10/site-packages/airflow/example_dags/example_datasets.py for tasks to queue
[2023-12-01T13:40:17.994+0300] {logging_mixin.py:154} INFO - [2023-12-01T13:40:17.994+0300] {dagbag.py:536} INFO - Filling up the DagBag from /home/petr/project/venv/lib/python3.10/site-packages/airflow/example_dags/example_datasets.py
[2023-12-01T13:40:18.040+0300] {processor.py:839} INFO - DAG(s) dict_keys(['dataset_produces_2', 'dataset_consumes_1_never_scheduled', 'dataset_consumes_1', 'dataset_consumes_unknown_never_scheduled', 'dataset_consumes_1_and_2', 'dataset_produces_1']) retrieved from /home/petr/project/venv/lib/python3.10/site-packages/airflow/example_dags/example_datasets.py
[2023-12-01T13:40:18.383+0300] {logging_mixin.py:154} INFO - [2023-12-01T13:40:18.382+0300] {dag.py:2941} INFO - Sync 6 DAGs
[2023-12-01T13:40:18.583+0300] {logging_mixin.py:154} INFO - [2023-12-01T13:40:18.582+0300] {dag.py:3722} INFO - Setting next_dagrun for dataset_consumes_1 to None, run_after=None
[2023-12-01T13:40:18.608+0300] {logging_mixin.py:154} INFO - [2023-12-01T13:40:18.607+0300] {dag.py:3722} INFO - Setting next_dagrun for dataset_consumes_1_and_2 to None, run_after=None
[2023-12-01T13:40:18.615+0300] {logging_mixin.py:154} INFO - [2023-12-01T13:40:18.615+0300] {dag.py:3722} INFO - Setting next_dagrun for dataset_consumes_1_never_scheduled to None, run_after=None
[2023-12-01T13:40:18.629+0300] {logging_mixin.py:154} INFO - [2023-12-01T13:40:18.628+0300] {dag.py:3722} INFO - Setting next_dagrun for dataset_consumes_unknown_never_scheduled to None, run_after=None
[2023-12-01T13:40:18.640+0300] {logging_mixin.py:154} INFO - [2023-12-01T13:40:18.640+0300] {dag.py:3722} INFO - Setting next_dagrun for dataset_produces_1 to 2023-11-30T00:00:00+00:00, run_after=2023-12-01T00:00:00+00:00
[2023-12-01T13:40:18.653+0300] {logging_mixin.py:154} INFO - [2023-12-01T13:40:18.653+0300] {dag.py:3722} INFO - Setting next_dagrun for dataset_produces_2 to None, run_after=None
[2023-12-01T13:40:18.877+0300] {processor.py:179} INFO - Processing /home/petr/project/venv/lib/python3.10/site-packages/airflow/example_dags/example_datasets.py took 0.922 seconds
[2023-12-01T13:40:49.359+0300] {processor.py:157} INFO - Started process (PID=3960) to work on /home/petr/project/venv/lib/python3.10/site-packages/airflow/example_dags/example_datasets.py
[2023-12-01T13:40:49.369+0300] {processor.py:829} INFO - Processing file /home/petr/project/venv/lib/python3.10/site-packages/airflow/example_dags/example_datasets.py for tasks to queue
[2023-12-01T13:40:49.370+0300] {logging_mixin.py:154} INFO - [2023-12-01T13:40:49.369+0300] {dagbag.py:536} INFO - Filling up the DagBag from /home/petr/project/venv/lib/python3.10/site-packages/airflow/example_dags/example_datasets.py
[2023-12-01T13:40:49.408+0300] {processor.py:839} INFO - DAG(s) dict_keys(['dataset_produces_2', 'dataset_consumes_1', 'dataset_consumes_1_and_2', 'dataset_produces_1', 'dataset_consumes_unknown_never_scheduled', 'dataset_consumes_1_never_scheduled']) retrieved from /home/petr/project/venv/lib/python3.10/site-packages/airflow/example_dags/example_datasets.py
[2023-12-01T13:40:49.643+0300] {logging_mixin.py:154} INFO - [2023-12-01T13:40:49.643+0300] {dag.py:2941} INFO - Sync 6 DAGs
[2023-12-01T13:40:49.723+0300] {logging_mixin.py:154} INFO - [2023-12-01T13:40:49.723+0300] {dag.py:3722} INFO - Setting next_dagrun for dataset_consumes_1 to None, run_after=None
[2023-12-01T13:40:49.733+0300] {logging_mixin.py:154} INFO - [2023-12-01T13:40:49.733+0300] {dag.py:3722} INFO - Setting next_dagrun for dataset_consumes_1_and_2 to None, run_after=None
[2023-12-01T13:40:49.744+0300] {logging_mixin.py:154} INFO - [2023-12-01T13:40:49.744+0300] {dag.py:3722} INFO - Setting next_dagrun for dataset_consumes_1_never_scheduled to None, run_after=None
[2023-12-01T13:40:49.765+0300] {logging_mixin.py:154} INFO - [2023-12-01T13:40:49.764+0300] {dag.py:3722} INFO - Setting next_dagrun for dataset_consumes_unknown_never_scheduled to None, run_after=None
[2023-12-01T13:40:49.773+0300] {logging_mixin.py:154} INFO - [2023-12-01T13:40:49.773+0300] {dag.py:3722} INFO - Setting next_dagrun for dataset_produces_1 to 2023-11-30T00:00:00+00:00, run_after=2023-12-01T00:00:00+00:00
[2023-12-01T13:40:49.789+0300] {logging_mixin.py:154} INFO - [2023-12-01T13:40:49.789+0300] {dag.py:3722} INFO - Setting next_dagrun for dataset_produces_2 to None, run_after=None
[2023-12-01T13:40:49.959+0300] {processor.py:179} INFO - Processing /home/petr/project/venv/lib/python3.10/site-packages/airflow/example_dags/example_datasets.py took 0.604 seconds
[2023-12-01T13:41:20.644+0300] {processor.py:157} INFO - Started process (PID=4059) to work on /home/petr/project/venv/lib/python3.10/site-packages/airflow/example_dags/example_datasets.py
[2023-12-01T13:41:20.672+0300] {processor.py:829} INFO - Processing file /home/petr/project/venv/lib/python3.10/site-packages/airflow/example_dags/example_datasets.py for tasks to queue
[2023-12-01T13:41:20.673+0300] {logging_mixin.py:154} INFO - [2023-12-01T13:41:20.673+0300] {dagbag.py:536} INFO - Filling up the DagBag from /home/petr/project/venv/lib/python3.10/site-packages/airflow/example_dags/example_datasets.py
[2023-12-01T13:41:20.709+0300] {processor.py:839} INFO - DAG(s) dict_keys(['dataset_consumes_unknown_never_scheduled', 'dataset_consumes_1_never_scheduled', 'dataset_produces_1', 'dataset_consumes_1_and_2', 'dataset_consumes_1', 'dataset_produces_2']) retrieved from /home/petr/project/venv/lib/python3.10/site-packages/airflow/example_dags/example_datasets.py
[2023-12-01T13:41:20.967+0300] {logging_mixin.py:154} INFO - [2023-12-01T13:41:20.949+0300] {dag.py:2941} INFO - Sync 6 DAGs
[2023-12-01T13:41:21.138+0300] {logging_mixin.py:154} INFO - [2023-12-01T13:41:21.138+0300] {dag.py:3722} INFO - Setting next_dagrun for dataset_consumes_1 to None, run_after=None
[2023-12-01T13:41:21.181+0300] {logging_mixin.py:154} INFO - [2023-12-01T13:41:21.181+0300] {dag.py:3722} INFO - Setting next_dagrun for dataset_consumes_1_and_2 to None, run_after=None
[2023-12-01T13:41:21.187+0300] {logging_mixin.py:154} INFO - [2023-12-01T13:41:21.187+0300] {dag.py:3722} INFO - Setting next_dagrun for dataset_consumes_1_never_scheduled to None, run_after=None
[2023-12-01T13:41:21.191+0300] {logging_mixin.py:154} INFO - [2023-12-01T13:41:21.189+0300] {dag.py:3722} INFO - Setting next_dagrun for dataset_consumes_unknown_never_scheduled to None, run_after=None
[2023-12-01T13:41:21.194+0300] {logging_mixin.py:154} INFO - [2023-12-01T13:41:21.194+0300] {dag.py:3722} INFO - Setting next_dagrun for dataset_produces_1 to 2023-11-30T00:00:00+00:00, run_after=2023-12-01T00:00:00+00:00
[2023-12-01T13:41:21.220+0300] {logging_mixin.py:154} INFO - [2023-12-01T13:41:21.219+0300] {dag.py:3722} INFO - Setting next_dagrun for dataset_produces_2 to None, run_after=None
[2023-12-01T13:41:21.369+0300] {processor.py:179} INFO - Processing /home/petr/project/venv/lib/python3.10/site-packages/airflow/example_dags/example_datasets.py took 0.757 seconds
[2023-12-01T13:41:51.589+0300] {processor.py:157} INFO - Started process (PID=4163) to work on /home/petr/project/venv/lib/python3.10/site-packages/airflow/example_dags/example_datasets.py
[2023-12-01T13:41:51.589+0300] {processor.py:829} INFO - Processing file /home/petr/project/venv/lib/python3.10/site-packages/airflow/example_dags/example_datasets.py for tasks to queue
[2023-12-01T13:41:51.590+0300] {logging_mixin.py:154} INFO - [2023-12-01T13:41:51.590+0300] {dagbag.py:536} INFO - Filling up the DagBag from /home/petr/project/venv/lib/python3.10/site-packages/airflow/example_dags/example_datasets.py
[2023-12-01T13:41:51.615+0300] {processor.py:839} INFO - DAG(s) dict_keys(['dataset_consumes_1', 'dataset_consumes_unknown_never_scheduled', 'dataset_consumes_1_never_scheduled', 'dataset_consumes_1_and_2', 'dataset_produces_2', 'dataset_produces_1']) retrieved from /home/petr/project/venv/lib/python3.10/site-packages/airflow/example_dags/example_datasets.py
[2023-12-01T13:41:51.704+0300] {logging_mixin.py:154} INFO - [2023-12-01T13:41:51.704+0300] {dag.py:2941} INFO - Sync 6 DAGs
[2023-12-01T13:41:51.753+0300] {logging_mixin.py:154} INFO - [2023-12-01T13:41:51.745+0300] {dag.py:3722} INFO - Setting next_dagrun for dataset_consumes_1 to None, run_after=None
[2023-12-01T13:41:51.755+0300] {logging_mixin.py:154} INFO - [2023-12-01T13:41:51.755+0300] {dag.py:3722} INFO - Setting next_dagrun for dataset_consumes_1_and_2 to None, run_after=None
[2023-12-01T13:41:51.759+0300] {logging_mixin.py:154} INFO - [2023-12-01T13:41:51.759+0300] {dag.py:3722} INFO - Setting next_dagrun for dataset_consumes_1_never_scheduled to None, run_after=None
[2023-12-01T13:41:51.760+0300] {logging_mixin.py:154} INFO - [2023-12-01T13:41:51.760+0300] {dag.py:3722} INFO - Setting next_dagrun for dataset_consumes_unknown_never_scheduled to None, run_after=None
[2023-12-01T13:41:51.768+0300] {logging_mixin.py:154} INFO - [2023-12-01T13:41:51.768+0300] {dag.py:3722} INFO - Setting next_dagrun for dataset_produces_1 to 2023-11-30T00:00:00+00:00, run_after=2023-12-01T00:00:00+00:00
[2023-12-01T13:41:51.769+0300] {logging_mixin.py:154} INFO - [2023-12-01T13:41:51.769+0300] {dag.py:3722} INFO - Setting next_dagrun for dataset_produces_2 to None, run_after=None
[2023-12-01T13:41:51.816+0300] {processor.py:179} INFO - Processing /home/petr/project/venv/lib/python3.10/site-packages/airflow/example_dags/example_datasets.py took 0.231 seconds
[2023-12-01T13:42:22.019+0300] {processor.py:157} INFO - Started process (PID=4270) to work on /home/petr/project/venv/lib/python3.10/site-packages/airflow/example_dags/example_datasets.py
[2023-12-01T13:42:22.029+0300] {processor.py:829} INFO - Processing file /home/petr/project/venv/lib/python3.10/site-packages/airflow/example_dags/example_datasets.py for tasks to queue
[2023-12-01T13:42:22.029+0300] {logging_mixin.py:154} INFO - [2023-12-01T13:42:22.029+0300] {dagbag.py:536} INFO - Filling up the DagBag from /home/petr/project/venv/lib/python3.10/site-packages/airflow/example_dags/example_datasets.py
[2023-12-01T13:42:22.050+0300] {processor.py:839} INFO - DAG(s) dict_keys(['dataset_consumes_1_and_2', 'dataset_consumes_1', 'dataset_consumes_unknown_never_scheduled', 'dataset_produces_2', 'dataset_consumes_1_never_scheduled', 'dataset_produces_1']) retrieved from /home/petr/project/venv/lib/python3.10/site-packages/airflow/example_dags/example_datasets.py
[2023-12-01T13:42:22.191+0300] {logging_mixin.py:154} INFO - [2023-12-01T13:42:22.191+0300] {dag.py:2941} INFO - Sync 6 DAGs
[2023-12-01T13:42:22.221+0300] {logging_mixin.py:154} INFO - [2023-12-01T13:42:22.221+0300] {dag.py:3722} INFO - Setting next_dagrun for dataset_consumes_1 to None, run_after=None
[2023-12-01T13:42:22.224+0300] {logging_mixin.py:154} INFO - [2023-12-01T13:42:22.224+0300] {dag.py:3722} INFO - Setting next_dagrun for dataset_consumes_1_and_2 to None, run_after=None
[2023-12-01T13:42:22.225+0300] {logging_mixin.py:154} INFO - [2023-12-01T13:42:22.225+0300] {dag.py:3722} INFO - Setting next_dagrun for dataset_consumes_1_never_scheduled to None, run_after=None
[2023-12-01T13:42:22.225+0300] {logging_mixin.py:154} INFO - [2023-12-01T13:42:22.225+0300] {dag.py:3722} INFO - Setting next_dagrun for dataset_consumes_unknown_never_scheduled to None, run_after=None
[2023-12-01T13:42:22.227+0300] {logging_mixin.py:154} INFO - [2023-12-01T13:42:22.227+0300] {dag.py:3722} INFO - Setting next_dagrun for dataset_produces_1 to 2023-11-30T00:00:00+00:00, run_after=2023-12-01T00:00:00+00:00
[2023-12-01T13:42:22.228+0300] {logging_mixin.py:154} INFO - [2023-12-01T13:42:22.228+0300] {dag.py:3722} INFO - Setting next_dagrun for dataset_produces_2 to None, run_after=None
[2023-12-01T13:42:22.307+0300] {processor.py:179} INFO - Processing /home/petr/project/venv/lib/python3.10/site-packages/airflow/example_dags/example_datasets.py took 0.291 seconds
[2023-12-01T13:42:52.686+0300] {processor.py:157} INFO - Started process (PID=4373) to work on /home/petr/project/venv/lib/python3.10/site-packages/airflow/example_dags/example_datasets.py
[2023-12-01T13:42:52.692+0300] {processor.py:829} INFO - Processing file /home/petr/project/venv/lib/python3.10/site-packages/airflow/example_dags/example_datasets.py for tasks to queue
[2023-12-01T13:42:52.692+0300] {logging_mixin.py:154} INFO - [2023-12-01T13:42:52.692+0300] {dagbag.py:536} INFO - Filling up the DagBag from /home/petr/project/venv/lib/python3.10/site-packages/airflow/example_dags/example_datasets.py
[2023-12-01T13:42:52.712+0300] {processor.py:839} INFO - DAG(s) dict_keys(['dataset_consumes_1', 'dataset_consumes_unknown_never_scheduled', 'dataset_consumes_1_and_2', 'dataset_consumes_1_never_scheduled', 'dataset_produces_1', 'dataset_produces_2']) retrieved from /home/petr/project/venv/lib/python3.10/site-packages/airflow/example_dags/example_datasets.py
[2023-12-01T13:42:52.790+0300] {logging_mixin.py:154} INFO - [2023-12-01T13:42:52.789+0300] {dag.py:2941} INFO - Sync 6 DAGs
[2023-12-01T13:42:52.840+0300] {logging_mixin.py:154} INFO - [2023-12-01T13:42:52.840+0300] {dag.py:3722} INFO - Setting next_dagrun for dataset_consumes_1 to None, run_after=None
[2023-12-01T13:42:52.843+0300] {logging_mixin.py:154} INFO - [2023-12-01T13:42:52.843+0300] {dag.py:3722} INFO - Setting next_dagrun for dataset_consumes_1_and_2 to None, run_after=None
[2023-12-01T13:42:52.844+0300] {logging_mixin.py:154} INFO - [2023-12-01T13:42:52.844+0300] {dag.py:3722} INFO - Setting next_dagrun for dataset_consumes_1_never_scheduled to None, run_after=None
[2023-12-01T13:42:52.848+0300] {logging_mixin.py:154} INFO - [2023-12-01T13:42:52.848+0300] {dag.py:3722} INFO - Setting next_dagrun for dataset_consumes_unknown_never_scheduled to None, run_after=None
[2023-12-01T13:42:52.850+0300] {logging_mixin.py:154} INFO - [2023-12-01T13:42:52.850+0300] {dag.py:3722} INFO - Setting next_dagrun for dataset_produces_1 to 2023-11-30T00:00:00+00:00, run_after=2023-12-01T00:00:00+00:00
[2023-12-01T13:42:52.858+0300] {logging_mixin.py:154} INFO - [2023-12-01T13:42:52.858+0300] {dag.py:3722} INFO - Setting next_dagrun for dataset_produces_2 to None, run_after=None
[2023-12-01T13:42:52.914+0300] {processor.py:179} INFO - Processing /home/petr/project/venv/lib/python3.10/site-packages/airflow/example_dags/example_datasets.py took 0.232 seconds
[2023-12-01T13:43:23.070+0300] {processor.py:157} INFO - Started process (PID=4471) to work on /home/petr/project/venv/lib/python3.10/site-packages/airflow/example_dags/example_datasets.py
[2023-12-01T13:43:23.072+0300] {processor.py:829} INFO - Processing file /home/petr/project/venv/lib/python3.10/site-packages/airflow/example_dags/example_datasets.py for tasks to queue
[2023-12-01T13:43:23.073+0300] {logging_mixin.py:154} INFO - [2023-12-01T13:43:23.072+0300] {dagbag.py:536} INFO - Filling up the DagBag from /home/petr/project/venv/lib/python3.10/site-packages/airflow/example_dags/example_datasets.py
[2023-12-01T13:43:23.084+0300] {processor.py:839} INFO - DAG(s) dict_keys(['dataset_consumes_1', 'dataset_consumes_1_never_scheduled', 'dataset_produces_1', 'dataset_produces_2', 'dataset_consumes_1_and_2', 'dataset_consumes_unknown_never_scheduled']) retrieved from /home/petr/project/venv/lib/python3.10/site-packages/airflow/example_dags/example_datasets.py
[2023-12-01T13:43:23.120+0300] {logging_mixin.py:154} INFO - [2023-12-01T13:43:23.120+0300] {dag.py:2941} INFO - Sync 6 DAGs
[2023-12-01T13:43:23.154+0300] {logging_mixin.py:154} INFO - [2023-12-01T13:43:23.154+0300] {dag.py:3722} INFO - Setting next_dagrun for dataset_consumes_1 to None, run_after=None
[2023-12-01T13:43:23.157+0300] {logging_mixin.py:154} INFO - [2023-12-01T13:43:23.157+0300] {dag.py:3722} INFO - Setting next_dagrun for dataset_consumes_1_and_2 to None, run_after=None
[2023-12-01T13:43:23.158+0300] {logging_mixin.py:154} INFO - [2023-12-01T13:43:23.158+0300] {dag.py:3722} INFO - Setting next_dagrun for dataset_consumes_1_never_scheduled to None, run_after=None
[2023-12-01T13:43:23.159+0300] {logging_mixin.py:154} INFO - [2023-12-01T13:43:23.158+0300] {dag.py:3722} INFO - Setting next_dagrun for dataset_consumes_unknown_never_scheduled to None, run_after=None
[2023-12-01T13:43:23.161+0300] {logging_mixin.py:154} INFO - [2023-12-01T13:43:23.160+0300] {dag.py:3722} INFO - Setting next_dagrun for dataset_produces_1 to 2023-11-30T00:00:00+00:00, run_after=2023-12-01T00:00:00+00:00
[2023-12-01T13:43:23.161+0300] {logging_mixin.py:154} INFO - [2023-12-01T13:43:23.161+0300] {dag.py:3722} INFO - Setting next_dagrun for dataset_produces_2 to None, run_after=None
[2023-12-01T13:43:23.204+0300] {processor.py:179} INFO - Processing /home/petr/project/venv/lib/python3.10/site-packages/airflow/example_dags/example_datasets.py took 0.139 seconds
[2023-12-01T13:43:54.203+0300] {processor.py:157} INFO - Started process (PID=4571) to work on /home/petr/project/venv/lib/python3.10/site-packages/airflow/example_dags/example_datasets.py
[2023-12-01T13:43:54.205+0300] {processor.py:829} INFO - Processing file /home/petr/project/venv/lib/python3.10/site-packages/airflow/example_dags/example_datasets.py for tasks to queue
[2023-12-01T13:43:54.205+0300] {logging_mixin.py:154} INFO - [2023-12-01T13:43:54.205+0300] {dagbag.py:536} INFO - Filling up the DagBag from /home/petr/project/venv/lib/python3.10/site-packages/airflow/example_dags/example_datasets.py
[2023-12-01T13:43:54.213+0300] {processor.py:839} INFO - DAG(s) dict_keys(['dataset_consumes_1_and_2', 'dataset_consumes_unknown_never_scheduled', 'dataset_produces_1', 'dataset_consumes_1_never_scheduled', 'dataset_produces_2', 'dataset_consumes_1']) retrieved from /home/petr/project/venv/lib/python3.10/site-packages/airflow/example_dags/example_datasets.py
[2023-12-01T13:43:54.249+0300] {logging_mixin.py:154} INFO - [2023-12-01T13:43:54.248+0300] {dag.py:2941} INFO - Sync 6 DAGs
[2023-12-01T13:43:54.270+0300] {logging_mixin.py:154} INFO - [2023-12-01T13:43:54.270+0300] {dag.py:3722} INFO - Setting next_dagrun for dataset_consumes_1 to None, run_after=None
[2023-12-01T13:43:54.272+0300] {logging_mixin.py:154} INFO - [2023-12-01T13:43:54.272+0300] {dag.py:3722} INFO - Setting next_dagrun for dataset_consumes_1_and_2 to None, run_after=None
[2023-12-01T13:43:54.273+0300] {logging_mixin.py:154} INFO - [2023-12-01T13:43:54.272+0300] {dag.py:3722} INFO - Setting next_dagrun for dataset_consumes_1_never_scheduled to None, run_after=None
[2023-12-01T13:43:54.273+0300] {logging_mixin.py:154} INFO - [2023-12-01T13:43:54.273+0300] {dag.py:3722} INFO - Setting next_dagrun for dataset_consumes_unknown_never_scheduled to None, run_after=None
[2023-12-01T13:43:54.275+0300] {logging_mixin.py:154} INFO - [2023-12-01T13:43:54.275+0300] {dag.py:3722} INFO - Setting next_dagrun for dataset_produces_1 to 2023-11-30T00:00:00+00:00, run_after=2023-12-01T00:00:00+00:00
[2023-12-01T13:43:54.275+0300] {logging_mixin.py:154} INFO - [2023-12-01T13:43:54.275+0300] {dag.py:3722} INFO - Setting next_dagrun for dataset_produces_2 to None, run_after=None
[2023-12-01T13:43:54.322+0300] {processor.py:179} INFO - Processing /home/petr/project/venv/lib/python3.10/site-packages/airflow/example_dags/example_datasets.py took 0.122 seconds
[2023-12-01T13:44:24.483+0300] {processor.py:157} INFO - Started process (PID=4671) to work on /home/petr/project/venv/lib/python3.10/site-packages/airflow/example_dags/example_datasets.py
[2023-12-01T13:44:24.484+0300] {processor.py:829} INFO - Processing file /home/petr/project/venv/lib/python3.10/site-packages/airflow/example_dags/example_datasets.py for tasks to queue
[2023-12-01T13:44:24.485+0300] {logging_mixin.py:154} INFO - [2023-12-01T13:44:24.485+0300] {dagbag.py:536} INFO - Filling up the DagBag from /home/petr/project/venv/lib/python3.10/site-packages/airflow/example_dags/example_datasets.py
[2023-12-01T13:44:24.493+0300] {processor.py:839} INFO - DAG(s) dict_keys(['dataset_consumes_1_never_scheduled', 'dataset_consumes_1', 'dataset_consumes_unknown_never_scheduled', 'dataset_consumes_1_and_2', 'dataset_produces_1', 'dataset_produces_2']) retrieved from /home/petr/project/venv/lib/python3.10/site-packages/airflow/example_dags/example_datasets.py
[2023-12-01T13:44:24.529+0300] {logging_mixin.py:154} INFO - [2023-12-01T13:44:24.528+0300] {dag.py:2941} INFO - Sync 6 DAGs
[2023-12-01T13:44:24.548+0300] {logging_mixin.py:154} INFO - [2023-12-01T13:44:24.547+0300] {dag.py:3722} INFO - Setting next_dagrun for dataset_consumes_1 to None, run_after=None
[2023-12-01T13:44:24.550+0300] {logging_mixin.py:154} INFO - [2023-12-01T13:44:24.550+0300] {dag.py:3722} INFO - Setting next_dagrun for dataset_consumes_1_and_2 to None, run_after=None
[2023-12-01T13:44:24.551+0300] {logging_mixin.py:154} INFO - [2023-12-01T13:44:24.551+0300] {dag.py:3722} INFO - Setting next_dagrun for dataset_consumes_1_never_scheduled to None, run_after=None
[2023-12-01T13:44:24.551+0300] {logging_mixin.py:154} INFO - [2023-12-01T13:44:24.551+0300] {dag.py:3722} INFO - Setting next_dagrun for dataset_consumes_unknown_never_scheduled to None, run_after=None
[2023-12-01T13:44:24.553+0300] {logging_mixin.py:154} INFO - [2023-12-01T13:44:24.553+0300] {dag.py:3722} INFO - Setting next_dagrun for dataset_produces_1 to 2023-11-30T00:00:00+00:00, run_after=2023-12-01T00:00:00+00:00
[2023-12-01T13:44:24.554+0300] {logging_mixin.py:154} INFO - [2023-12-01T13:44:24.554+0300] {dag.py:3722} INFO - Setting next_dagrun for dataset_produces_2 to None, run_after=None
[2023-12-01T13:44:24.600+0300] {processor.py:179} INFO - Processing /home/petr/project/venv/lib/python3.10/site-packages/airflow/example_dags/example_datasets.py took 0.120 seconds
[2023-12-01T13:44:55.184+0300] {processor.py:157} INFO - Started process (PID=4781) to work on /home/petr/project/venv/lib/python3.10/site-packages/airflow/example_dags/example_datasets.py
[2023-12-01T13:44:55.186+0300] {processor.py:829} INFO - Processing file /home/petr/project/venv/lib/python3.10/site-packages/airflow/example_dags/example_datasets.py for tasks to queue
[2023-12-01T13:44:55.187+0300] {logging_mixin.py:154} INFO - [2023-12-01T13:44:55.187+0300] {dagbag.py:536} INFO - Filling up the DagBag from /home/petr/project/venv/lib/python3.10/site-packages/airflow/example_dags/example_datasets.py
[2023-12-01T13:44:55.198+0300] {processor.py:839} INFO - DAG(s) dict_keys(['dataset_produces_2', 'dataset_produces_1', 'dataset_consumes_1_and_2', 'dataset_consumes_unknown_never_scheduled', 'dataset_consumes_1_never_scheduled', 'dataset_consumes_1']) retrieved from /home/petr/project/venv/lib/python3.10/site-packages/airflow/example_dags/example_datasets.py
[2023-12-01T13:44:55.240+0300] {logging_mixin.py:154} INFO - [2023-12-01T13:44:55.240+0300] {dag.py:2941} INFO - Sync 6 DAGs
[2023-12-01T13:44:55.259+0300] {logging_mixin.py:154} INFO - [2023-12-01T13:44:55.259+0300] {dag.py:3722} INFO - Setting next_dagrun for dataset_consumes_1 to None, run_after=None
[2023-12-01T13:44:55.261+0300] {logging_mixin.py:154} INFO - [2023-12-01T13:44:55.261+0300] {dag.py:3722} INFO - Setting next_dagrun for dataset_consumes_1_and_2 to None, run_after=None
[2023-12-01T13:44:55.262+0300] {logging_mixin.py:154} INFO - [2023-12-01T13:44:55.262+0300] {dag.py:3722} INFO - Setting next_dagrun for dataset_consumes_1_never_scheduled to None, run_after=None
[2023-12-01T13:44:55.262+0300] {logging_mixin.py:154} INFO - [2023-12-01T13:44:55.262+0300] {dag.py:3722} INFO - Setting next_dagrun for dataset_consumes_unknown_never_scheduled to None, run_after=None
[2023-12-01T13:44:55.264+0300] {logging_mixin.py:154} INFO - [2023-12-01T13:44:55.264+0300] {dag.py:3722} INFO - Setting next_dagrun for dataset_produces_1 to 2023-11-30T00:00:00+00:00, run_after=2023-12-01T00:00:00+00:00
[2023-12-01T13:44:55.265+0300] {logging_mixin.py:154} INFO - [2023-12-01T13:44:55.265+0300] {dag.py:3722} INFO - Setting next_dagrun for dataset_produces_2 to None, run_after=None
[2023-12-01T13:44:55.306+0300] {processor.py:179} INFO - Processing /home/petr/project/venv/lib/python3.10/site-packages/airflow/example_dags/example_datasets.py took 0.125 seconds
[2023-12-01T13:45:26.006+0300] {processor.py:157} INFO - Started process (PID=4899) to work on /home/petr/project/venv/lib/python3.10/site-packages/airflow/example_dags/example_datasets.py
[2023-12-01T13:45:26.020+0300] {processor.py:829} INFO - Processing file /home/petr/project/venv/lib/python3.10/site-packages/airflow/example_dags/example_datasets.py for tasks to queue
[2023-12-01T13:45:26.021+0300] {logging_mixin.py:154} INFO - [2023-12-01T13:45:26.021+0300] {dagbag.py:536} INFO - Filling up the DagBag from /home/petr/project/venv/lib/python3.10/site-packages/airflow/example_dags/example_datasets.py
[2023-12-01T13:45:26.040+0300] {processor.py:839} INFO - DAG(s) dict_keys(['dataset_produces_2', 'dataset_consumes_1_never_scheduled', 'dataset_produces_1', 'dataset_consumes_1', 'dataset_consumes_1_and_2', 'dataset_consumes_unknown_never_scheduled']) retrieved from /home/petr/project/venv/lib/python3.10/site-packages/airflow/example_dags/example_datasets.py
[2023-12-01T13:45:26.136+0300] {logging_mixin.py:154} INFO - [2023-12-01T13:45:26.135+0300] {dag.py:2941} INFO - Sync 6 DAGs
[2023-12-01T13:45:26.177+0300] {logging_mixin.py:154} INFO - [2023-12-01T13:45:26.177+0300] {dag.py:3722} INFO - Setting next_dagrun for dataset_consumes_1 to None, run_after=None
[2023-12-01T13:45:26.182+0300] {logging_mixin.py:154} INFO - [2023-12-01T13:45:26.182+0300] {dag.py:3722} INFO - Setting next_dagrun for dataset_consumes_1_and_2 to None, run_after=None
[2023-12-01T13:45:26.187+0300] {logging_mixin.py:154} INFO - [2023-12-01T13:45:26.187+0300] {dag.py:3722} INFO - Setting next_dagrun for dataset_consumes_1_never_scheduled to None, run_after=None
[2023-12-01T13:45:26.190+0300] {logging_mixin.py:154} INFO - [2023-12-01T13:45:26.190+0300] {dag.py:3722} INFO - Setting next_dagrun for dataset_consumes_unknown_never_scheduled to None, run_after=None
[2023-12-01T13:45:26.193+0300] {logging_mixin.py:154} INFO - [2023-12-01T13:45:26.193+0300] {dag.py:3722} INFO - Setting next_dagrun for dataset_produces_1 to 2023-11-30T00:00:00+00:00, run_after=2023-12-01T00:00:00+00:00
[2023-12-01T13:45:26.195+0300] {logging_mixin.py:154} INFO - [2023-12-01T13:45:26.195+0300] {dag.py:3722} INFO - Setting next_dagrun for dataset_produces_2 to None, run_after=None
[2023-12-01T13:45:26.276+0300] {processor.py:179} INFO - Processing /home/petr/project/venv/lib/python3.10/site-packages/airflow/example_dags/example_datasets.py took 0.273 seconds
[2023-12-01T13:46:49.662+0300] {processor.py:157} INFO - Started process (PID=5009) to work on /home/petr/project/venv/lib/python3.10/site-packages/airflow/example_dags/example_datasets.py
[2023-12-01T13:46:49.672+0300] {processor.py:829} INFO - Processing file /home/petr/project/venv/lib/python3.10/site-packages/airflow/example_dags/example_datasets.py for tasks to queue
[2023-12-01T13:46:49.673+0300] {logging_mixin.py:154} INFO - [2023-12-01T13:46:49.673+0300] {dagbag.py:536} INFO - Filling up the DagBag from /home/petr/project/venv/lib/python3.10/site-packages/airflow/example_dags/example_datasets.py
[2023-12-01T13:46:49.702+0300] {processor.py:839} INFO - DAG(s) dict_keys(['dataset_consumes_1_never_scheduled', 'dataset_consumes_1_and_2', 'dataset_consumes_1', 'dataset_produces_1', 'dataset_produces_2', 'dataset_consumes_unknown_never_scheduled']) retrieved from /home/petr/project/venv/lib/python3.10/site-packages/airflow/example_dags/example_datasets.py
[2023-12-01T13:46:49.789+0300] {logging_mixin.py:154} INFO - [2023-12-01T13:46:49.788+0300] {dag.py:2941} INFO - Sync 6 DAGs
[2023-12-01T13:46:49.830+0300] {logging_mixin.py:154} INFO - [2023-12-01T13:46:49.829+0300] {dag.py:3722} INFO - Setting next_dagrun for dataset_consumes_1 to None, run_after=None
[2023-12-01T13:46:49.834+0300] {logging_mixin.py:154} INFO - [2023-12-01T13:46:49.834+0300] {dag.py:3722} INFO - Setting next_dagrun for dataset_consumes_1_and_2 to None, run_after=None
[2023-12-01T13:46:49.839+0300] {logging_mixin.py:154} INFO - [2023-12-01T13:46:49.839+0300] {dag.py:3722} INFO - Setting next_dagrun for dataset_consumes_1_never_scheduled to None, run_after=None
[2023-12-01T13:46:49.842+0300] {logging_mixin.py:154} INFO - [2023-12-01T13:46:49.842+0300] {dag.py:3722} INFO - Setting next_dagrun for dataset_consumes_unknown_never_scheduled to None, run_after=None
[2023-12-01T13:46:49.845+0300] {logging_mixin.py:154} INFO - [2023-12-01T13:46:49.844+0300] {dag.py:3722} INFO - Setting next_dagrun for dataset_produces_1 to 2023-11-30T00:00:00+00:00, run_after=2023-12-01T00:00:00+00:00
[2023-12-01T13:46:49.849+0300] {logging_mixin.py:154} INFO - [2023-12-01T13:46:49.849+0300] {dag.py:3722} INFO - Setting next_dagrun for dataset_produces_2 to None, run_after=None
[2023-12-01T13:46:49.928+0300] {processor.py:179} INFO - Processing /home/petr/project/venv/lib/python3.10/site-packages/airflow/example_dags/example_datasets.py took 0.269 seconds
[2023-12-01T13:47:20.368+0300] {processor.py:157} INFO - Started process (PID=5113) to work on /home/petr/project/venv/lib/python3.10/site-packages/airflow/example_dags/example_datasets.py
[2023-12-01T13:47:20.369+0300] {processor.py:829} INFO - Processing file /home/petr/project/venv/lib/python3.10/site-packages/airflow/example_dags/example_datasets.py for tasks to queue
[2023-12-01T13:47:20.369+0300] {logging_mixin.py:154} INFO - [2023-12-01T13:47:20.369+0300] {dagbag.py:536} INFO - Filling up the DagBag from /home/petr/project/venv/lib/python3.10/site-packages/airflow/example_dags/example_datasets.py
[2023-12-01T13:47:20.389+0300] {processor.py:839} INFO - DAG(s) dict_keys(['dataset_consumes_1_and_2', 'dataset_produces_2', 'dataset_consumes_1_never_scheduled', 'dataset_produces_1', 'dataset_consumes_unknown_never_scheduled', 'dataset_consumes_1']) retrieved from /home/petr/project/venv/lib/python3.10/site-packages/airflow/example_dags/example_datasets.py
[2023-12-01T13:47:20.459+0300] {logging_mixin.py:154} INFO - [2023-12-01T13:47:20.458+0300] {dag.py:2941} INFO - Sync 6 DAGs
[2023-12-01T13:47:20.503+0300] {logging_mixin.py:154} INFO - [2023-12-01T13:47:20.503+0300] {dag.py:3722} INFO - Setting next_dagrun for dataset_consumes_1 to None, run_after=None
[2023-12-01T13:47:20.512+0300] {logging_mixin.py:154} INFO - [2023-12-01T13:47:20.512+0300] {dag.py:3722} INFO - Setting next_dagrun for dataset_consumes_1_and_2 to None, run_after=None
[2023-12-01T13:47:20.513+0300] {logging_mixin.py:154} INFO - [2023-12-01T13:47:20.513+0300] {dag.py:3722} INFO - Setting next_dagrun for dataset_consumes_1_never_scheduled to None, run_after=None
[2023-12-01T13:47:20.513+0300] {logging_mixin.py:154} INFO - [2023-12-01T13:47:20.513+0300] {dag.py:3722} INFO - Setting next_dagrun for dataset_consumes_unknown_never_scheduled to None, run_after=None
[2023-12-01T13:47:20.515+0300] {logging_mixin.py:154} INFO - [2023-12-01T13:47:20.515+0300] {dag.py:3722} INFO - Setting next_dagrun for dataset_produces_1 to 2023-11-30T00:00:00+00:00, run_after=2023-12-01T00:00:00+00:00
[2023-12-01T13:47:20.520+0300] {logging_mixin.py:154} INFO - [2023-12-01T13:47:20.520+0300] {dag.py:3722} INFO - Setting next_dagrun for dataset_produces_2 to None, run_after=None
[2023-12-01T13:47:20.582+0300] {processor.py:179} INFO - Processing /home/petr/project/venv/lib/python3.10/site-packages/airflow/example_dags/example_datasets.py took 0.219 seconds
[2023-12-01T13:49:14.017+0300] {processor.py:157} INFO - Started process (PID=5387) to work on /home/petr/project/venv/lib/python3.10/site-packages/airflow/example_dags/example_datasets.py
[2023-12-01T13:49:14.019+0300] {processor.py:829} INFO - Processing file /home/petr/project/venv/lib/python3.10/site-packages/airflow/example_dags/example_datasets.py for tasks to queue
[2023-12-01T13:49:14.020+0300] {logging_mixin.py:154} INFO - [2023-12-01T13:49:14.020+0300] {dagbag.py:536} INFO - Filling up the DagBag from /home/petr/project/venv/lib/python3.10/site-packages/airflow/example_dags/example_datasets.py
[2023-12-01T13:49:14.038+0300] {processor.py:839} INFO - DAG(s) dict_keys(['dataset_consumes_1', 'dataset_produces_1', 'dataset_consumes_unknown_never_scheduled', 'dataset_consumes_1_and_2', 'dataset_consumes_1_never_scheduled', 'dataset_produces_2']) retrieved from /home/petr/project/venv/lib/python3.10/site-packages/airflow/example_dags/example_datasets.py
[2023-12-01T13:49:14.108+0300] {logging_mixin.py:154} INFO - [2023-12-01T13:49:14.107+0300] {dag.py:2941} INFO - Sync 6 DAGs
[2023-12-01T13:49:14.147+0300] {logging_mixin.py:154} INFO - [2023-12-01T13:49:14.147+0300] {dag.py:3722} INFO - Setting next_dagrun for dataset_consumes_1 to None, run_after=None
[2023-12-01T13:49:14.150+0300] {logging_mixin.py:154} INFO - [2023-12-01T13:49:14.150+0300] {dag.py:3722} INFO - Setting next_dagrun for dataset_consumes_1_and_2 to None, run_after=None
[2023-12-01T13:49:14.153+0300] {logging_mixin.py:154} INFO - [2023-12-01T13:49:14.153+0300] {dag.py:3722} INFO - Setting next_dagrun for dataset_consumes_1_never_scheduled to None, run_after=None
[2023-12-01T13:49:14.153+0300] {logging_mixin.py:154} INFO - [2023-12-01T13:49:14.153+0300] {dag.py:3722} INFO - Setting next_dagrun for dataset_consumes_unknown_never_scheduled to None, run_after=None
[2023-12-01T13:49:14.158+0300] {logging_mixin.py:154} INFO - [2023-12-01T13:49:14.158+0300] {dag.py:3722} INFO - Setting next_dagrun for dataset_produces_1 to 2023-11-30T00:00:00+00:00, run_after=2023-12-01T00:00:00+00:00
[2023-12-01T13:49:14.161+0300] {logging_mixin.py:154} INFO - [2023-12-01T13:49:14.160+0300] {dag.py:3722} INFO - Setting next_dagrun for dataset_produces_2 to None, run_after=None
[2023-12-01T13:49:14.227+0300] {processor.py:179} INFO - Processing /home/petr/project/venv/lib/python3.10/site-packages/airflow/example_dags/example_datasets.py took 0.224 seconds
[2023-12-01T13:49:46.753+0300] {processor.py:157} INFO - Started process (PID=5487) to work on /home/petr/project/venv/lib/python3.10/site-packages/airflow/example_dags/example_datasets.py
[2023-12-01T13:49:46.753+0300] {processor.py:829} INFO - Processing file /home/petr/project/venv/lib/python3.10/site-packages/airflow/example_dags/example_datasets.py for tasks to queue
[2023-12-01T13:49:46.765+0300] {logging_mixin.py:154} INFO - [2023-12-01T13:49:46.754+0300] {dagbag.py:536} INFO - Filling up the DagBag from /home/petr/project/venv/lib/python3.10/site-packages/airflow/example_dags/example_datasets.py
[2023-12-01T13:49:46.773+0300] {processor.py:839} INFO - DAG(s) dict_keys(['dataset_produces_2', 'dataset_produces_1', 'dataset_consumes_1', 'dataset_consumes_1_never_scheduled', 'dataset_consumes_unknown_never_scheduled', 'dataset_consumes_1_and_2']) retrieved from /home/petr/project/venv/lib/python3.10/site-packages/airflow/example_dags/example_datasets.py
[2023-12-01T13:49:46.844+0300] {logging_mixin.py:154} INFO - [2023-12-01T13:49:46.843+0300] {dag.py:2941} INFO - Sync 6 DAGs
[2023-12-01T13:49:46.884+0300] {logging_mixin.py:154} INFO - [2023-12-01T13:49:46.883+0300] {dag.py:3722} INFO - Setting next_dagrun for dataset_consumes_1 to None, run_after=None
[2023-12-01T13:49:46.900+0300] {logging_mixin.py:154} INFO - [2023-12-01T13:49:46.899+0300] {dag.py:3722} INFO - Setting next_dagrun for dataset_consumes_1_and_2 to None, run_after=None
[2023-12-01T13:49:46.901+0300] {logging_mixin.py:154} INFO - [2023-12-01T13:49:46.901+0300] {dag.py:3722} INFO - Setting next_dagrun for dataset_consumes_1_never_scheduled to None, run_after=None
[2023-12-01T13:49:46.902+0300] {logging_mixin.py:154} INFO - [2023-12-01T13:49:46.902+0300] {dag.py:3722} INFO - Setting next_dagrun for dataset_consumes_unknown_never_scheduled to None, run_after=None
[2023-12-01T13:49:46.904+0300] {logging_mixin.py:154} INFO - [2023-12-01T13:49:46.904+0300] {dag.py:3722} INFO - Setting next_dagrun for dataset_produces_1 to 2023-11-30T00:00:00+00:00, run_after=2023-12-01T00:00:00+00:00
[2023-12-01T13:49:46.905+0300] {logging_mixin.py:154} INFO - [2023-12-01T13:49:46.905+0300] {dag.py:3722} INFO - Setting next_dagrun for dataset_produces_2 to None, run_after=None
[2023-12-01T13:49:46.973+0300] {processor.py:179} INFO - Processing /home/petr/project/venv/lib/python3.10/site-packages/airflow/example_dags/example_datasets.py took 0.224 seconds
[2023-12-01T13:50:18.331+0300] {processor.py:157} INFO - Started process (PID=5597) to work on /home/petr/project/venv/lib/python3.10/site-packages/airflow/example_dags/example_datasets.py
[2023-12-01T13:50:18.343+0300] {processor.py:829} INFO - Processing file /home/petr/project/venv/lib/python3.10/site-packages/airflow/example_dags/example_datasets.py for tasks to queue
[2023-12-01T13:50:18.344+0300] {logging_mixin.py:154} INFO - [2023-12-01T13:50:18.344+0300] {dagbag.py:536} INFO - Filling up the DagBag from /home/petr/project/venv/lib/python3.10/site-packages/airflow/example_dags/example_datasets.py
[2023-12-01T13:50:18.392+0300] {processor.py:839} INFO - DAG(s) dict_keys(['dataset_produces_1', 'dataset_produces_2', 'dataset_consumes_1_and_2', 'dataset_consumes_1', 'dataset_consumes_unknown_never_scheduled', 'dataset_consumes_1_never_scheduled']) retrieved from /home/petr/project/venv/lib/python3.10/site-packages/airflow/example_dags/example_datasets.py
[2023-12-01T13:50:18.511+0300] {logging_mixin.py:154} INFO - [2023-12-01T13:50:18.511+0300] {dag.py:2941} INFO - Sync 6 DAGs
[2023-12-01T13:50:18.560+0300] {logging_mixin.py:154} INFO - [2023-12-01T13:50:18.560+0300] {dag.py:3722} INFO - Setting next_dagrun for dataset_consumes_1 to None, run_after=None
[2023-12-01T13:50:18.563+0300] {logging_mixin.py:154} INFO - [2023-12-01T13:50:18.563+0300] {dag.py:3722} INFO - Setting next_dagrun for dataset_consumes_1_and_2 to None, run_after=None
[2023-12-01T13:50:18.567+0300] {logging_mixin.py:154} INFO - [2023-12-01T13:50:18.567+0300] {dag.py:3722} INFO - Setting next_dagrun for dataset_consumes_1_never_scheduled to None, run_after=None
[2023-12-01T13:50:18.569+0300] {logging_mixin.py:154} INFO - [2023-12-01T13:50:18.569+0300] {dag.py:3722} INFO - Setting next_dagrun for dataset_consumes_unknown_never_scheduled to None, run_after=None
[2023-12-01T13:50:18.571+0300] {logging_mixin.py:154} INFO - [2023-12-01T13:50:18.571+0300] {dag.py:3722} INFO - Setting next_dagrun for dataset_produces_1 to 2023-11-30T00:00:00+00:00, run_after=2023-12-01T00:00:00+00:00
[2023-12-01T13:50:18.577+0300] {logging_mixin.py:154} INFO - [2023-12-01T13:50:18.577+0300] {dag.py:3722} INFO - Setting next_dagrun for dataset_produces_2 to None, run_after=None
[2023-12-01T13:50:18.639+0300] {processor.py:179} INFO - Processing /home/petr/project/venv/lib/python3.10/site-packages/airflow/example_dags/example_datasets.py took 0.314 seconds
[2023-12-01T20:01:05.221+0300] {processor.py:157} INFO - Started process (PID=5978) to work on /home/petr/project/venv/lib/python3.10/site-packages/airflow/example_dags/example_datasets.py
[2023-12-01T20:01:05.255+0300] {processor.py:829} INFO - Processing file /home/petr/project/venv/lib/python3.10/site-packages/airflow/example_dags/example_datasets.py for tasks to queue
[2023-12-01T20:01:05.260+0300] {logging_mixin.py:154} INFO - [2023-12-01T20:01:05.256+0300] {dagbag.py:536} INFO - Filling up the DagBag from /home/petr/project/venv/lib/python3.10/site-packages/airflow/example_dags/example_datasets.py
[2023-12-01T20:01:05.304+0300] {processor.py:839} INFO - DAG(s) dict_keys(['dataset_consumes_1_and_2', 'dataset_produces_1', 'dataset_consumes_unknown_never_scheduled', 'dataset_consumes_1_never_scheduled', 'dataset_produces_2', 'dataset_consumes_1']) retrieved from /home/petr/project/venv/lib/python3.10/site-packages/airflow/example_dags/example_datasets.py
[2023-12-01T20:01:05.506+0300] {logging_mixin.py:154} INFO - [2023-12-01T20:01:05.505+0300] {dag.py:2941} INFO - Sync 6 DAGs
[2023-12-01T20:01:05.606+0300] {logging_mixin.py:154} INFO - [2023-12-01T20:01:05.605+0300] {dag.py:3722} INFO - Setting next_dagrun for dataset_consumes_1 to None, run_after=None
[2023-12-01T20:01:05.629+0300] {logging_mixin.py:154} INFO - [2023-12-01T20:01:05.629+0300] {dag.py:3722} INFO - Setting next_dagrun for dataset_consumes_1_and_2 to None, run_after=None
[2023-12-01T20:01:05.635+0300] {logging_mixin.py:154} INFO - [2023-12-01T20:01:05.635+0300] {dag.py:3722} INFO - Setting next_dagrun for dataset_consumes_1_never_scheduled to None, run_after=None
[2023-12-01T20:01:05.640+0300] {logging_mixin.py:154} INFO - [2023-12-01T20:01:05.640+0300] {dag.py:3722} INFO - Setting next_dagrun for dataset_consumes_unknown_never_scheduled to None, run_after=None
[2023-12-01T20:01:05.648+0300] {logging_mixin.py:154} INFO - [2023-12-01T20:01:05.648+0300] {dag.py:3722} INFO - Setting next_dagrun for dataset_produces_1 to 2023-11-30T00:00:00+00:00, run_after=2023-12-01T00:00:00+00:00
[2023-12-01T20:01:05.657+0300] {logging_mixin.py:154} INFO - [2023-12-01T20:01:05.657+0300] {dag.py:3722} INFO - Setting next_dagrun for dataset_produces_2 to None, run_after=None
[2023-12-01T20:01:05.804+0300] {processor.py:179} INFO - Processing /home/petr/project/venv/lib/python3.10/site-packages/airflow/example_dags/example_datasets.py took 0.623 seconds
