[2023-12-01T13:38:11.515+0300] {processor.py:157} INFO - Started process (PID=3410) to work on /home/petr/project/venv/lib/python3.10/site-packages/airflow/example_dags/example_latest_only.py
[2023-12-01T13:38:11.516+0300] {processor.py:829} INFO - Processing file /home/petr/project/venv/lib/python3.10/site-packages/airflow/example_dags/example_latest_only.py for tasks to queue
[2023-12-01T13:38:11.516+0300] {logging_mixin.py:154} INFO - [2023-12-01T13:38:11.516+0300] {dagbag.py:536} INFO - Filling up the DagBag from /home/petr/project/venv/lib/python3.10/site-packages/airflow/example_dags/example_latest_only.py
[2023-12-01T13:38:11.526+0300] {processor.py:839} INFO - DAG(s) dict_keys(['latest_only']) retrieved from /home/petr/project/venv/lib/python3.10/site-packages/airflow/example_dags/example_latest_only.py
[2023-12-01T13:38:11.594+0300] {logging_mixin.py:154} INFO - [2023-12-01T13:38:11.593+0300] {dag.py:2941} INFO - Sync 1 DAGs
[2023-12-01T13:38:11.650+0300] {logging_mixin.py:154} INFO - [2023-12-01T13:38:11.650+0300] {dag.py:3722} INFO - Setting next_dagrun for latest_only to 2023-12-01T06:38:11.649960+00:00, run_after=2023-12-01T10:38:11.649960+00:00
[2023-12-01T13:38:11.729+0300] {processor.py:179} INFO - Processing /home/petr/project/venv/lib/python3.10/site-packages/airflow/example_dags/example_latest_only.py took 0.216 seconds
[2023-12-01T13:38:42.638+0300] {processor.py:157} INFO - Started process (PID=3513) to work on /home/petr/project/venv/lib/python3.10/site-packages/airflow/example_dags/example_latest_only.py
[2023-12-01T13:38:42.639+0300] {processor.py:829} INFO - Processing file /home/petr/project/venv/lib/python3.10/site-packages/airflow/example_dags/example_latest_only.py for tasks to queue
[2023-12-01T13:38:42.639+0300] {logging_mixin.py:154} INFO - [2023-12-01T13:38:42.639+0300] {dagbag.py:536} INFO - Filling up the DagBag from /home/petr/project/venv/lib/python3.10/site-packages/airflow/example_dags/example_latest_only.py
[2023-12-01T13:38:42.644+0300] {processor.py:839} INFO - DAG(s) dict_keys(['latest_only']) retrieved from /home/petr/project/venv/lib/python3.10/site-packages/airflow/example_dags/example_latest_only.py
[2023-12-01T13:38:42.762+0300] {logging_mixin.py:154} INFO - [2023-12-01T13:38:42.762+0300] {dag.py:2941} INFO - Sync 1 DAGs
[2023-12-01T13:38:42.856+0300] {logging_mixin.py:154} INFO - [2023-12-01T13:38:42.855+0300] {dag.py:3722} INFO - Setting next_dagrun for latest_only to 2023-12-01T06:38:42.852290+00:00, run_after=2023-12-01T10:38:42.852290+00:00
[2023-12-01T13:38:42.964+0300] {processor.py:179} INFO - Processing /home/petr/project/venv/lib/python3.10/site-packages/airflow/example_dags/example_latest_only.py took 0.328 seconds
[2023-12-01T13:39:13.551+0300] {processor.py:157} INFO - Started process (PID=3615) to work on /home/petr/project/venv/lib/python3.10/site-packages/airflow/example_dags/example_latest_only.py
[2023-12-01T13:39:13.557+0300] {processor.py:829} INFO - Processing file /home/petr/project/venv/lib/python3.10/site-packages/airflow/example_dags/example_latest_only.py for tasks to queue
[2023-12-01T13:39:13.558+0300] {logging_mixin.py:154} INFO - [2023-12-01T13:39:13.558+0300] {dagbag.py:536} INFO - Filling up the DagBag from /home/petr/project/venv/lib/python3.10/site-packages/airflow/example_dags/example_latest_only.py
[2023-12-01T13:39:13.586+0300] {processor.py:839} INFO - DAG(s) dict_keys(['latest_only']) retrieved from /home/petr/project/venv/lib/python3.10/site-packages/airflow/example_dags/example_latest_only.py
[2023-12-01T13:39:13.696+0300] {logging_mixin.py:154} INFO - [2023-12-01T13:39:13.696+0300] {dag.py:2941} INFO - Sync 1 DAGs
[2023-12-01T13:39:13.792+0300] {logging_mixin.py:154} INFO - [2023-12-01T13:39:13.791+0300] {dag.py:3722} INFO - Setting next_dagrun for latest_only to 2023-12-01T06:39:13.791617+00:00, run_after=2023-12-01T10:39:13.791617+00:00
[2023-12-01T13:39:13.911+0300] {processor.py:179} INFO - Processing /home/petr/project/venv/lib/python3.10/site-packages/airflow/example_dags/example_latest_only.py took 0.365 seconds
[2023-12-01T13:39:44.620+0300] {processor.py:157} INFO - Started process (PID=3732) to work on /home/petr/project/venv/lib/python3.10/site-packages/airflow/example_dags/example_latest_only.py
[2023-12-01T13:39:44.622+0300] {processor.py:829} INFO - Processing file /home/petr/project/venv/lib/python3.10/site-packages/airflow/example_dags/example_latest_only.py for tasks to queue
[2023-12-01T13:39:44.623+0300] {logging_mixin.py:154} INFO - [2023-12-01T13:39:44.623+0300] {dagbag.py:536} INFO - Filling up the DagBag from /home/petr/project/venv/lib/python3.10/site-packages/airflow/example_dags/example_latest_only.py
[2023-12-01T13:39:44.633+0300] {processor.py:839} INFO - DAG(s) dict_keys(['latest_only']) retrieved from /home/petr/project/venv/lib/python3.10/site-packages/airflow/example_dags/example_latest_only.py
[2023-12-01T13:39:44.692+0300] {logging_mixin.py:154} INFO - [2023-12-01T13:39:44.691+0300] {dag.py:2941} INFO - Sync 1 DAGs
[2023-12-01T13:39:44.736+0300] {logging_mixin.py:154} INFO - [2023-12-01T13:39:44.736+0300] {dag.py:3722} INFO - Setting next_dagrun for latest_only to 2023-12-01T06:39:44.736587+00:00, run_after=2023-12-01T10:39:44.736587+00:00
[2023-12-01T13:39:44.793+0300] {processor.py:179} INFO - Processing /home/petr/project/venv/lib/python3.10/site-packages/airflow/example_dags/example_latest_only.py took 0.181 seconds
[2023-12-01T13:40:17.777+0300] {processor.py:157} INFO - Started process (PID=3852) to work on /home/petr/project/venv/lib/python3.10/site-packages/airflow/example_dags/example_latest_only.py
[2023-12-01T13:40:17.781+0300] {processor.py:829} INFO - Processing file /home/petr/project/venv/lib/python3.10/site-packages/airflow/example_dags/example_latest_only.py for tasks to queue
[2023-12-01T13:40:17.781+0300] {logging_mixin.py:154} INFO - [2023-12-01T13:40:17.781+0300] {dagbag.py:536} INFO - Filling up the DagBag from /home/petr/project/venv/lib/python3.10/site-packages/airflow/example_dags/example_latest_only.py
[2023-12-01T13:40:17.790+0300] {processor.py:839} INFO - DAG(s) dict_keys(['latest_only']) retrieved from /home/petr/project/venv/lib/python3.10/site-packages/airflow/example_dags/example_latest_only.py
[2023-12-01T13:40:17.834+0300] {logging_mixin.py:154} INFO - [2023-12-01T13:40:17.834+0300] {dag.py:2941} INFO - Sync 1 DAGs
[2023-12-01T13:40:17.863+0300] {logging_mixin.py:154} INFO - [2023-12-01T13:40:17.863+0300] {dag.py:3722} INFO - Setting next_dagrun for latest_only to 2023-12-01T06:40:17.861627+00:00, run_after=2023-12-01T10:40:17.861627+00:00
[2023-12-01T13:40:17.897+0300] {processor.py:179} INFO - Processing /home/petr/project/venv/lib/python3.10/site-packages/airflow/example_dags/example_latest_only.py took 0.129 seconds
[2023-12-01T13:40:48.075+0300] {processor.py:157} INFO - Started process (PID=3955) to work on /home/petr/project/venv/lib/python3.10/site-packages/airflow/example_dags/example_latest_only.py
[2023-12-01T13:40:48.076+0300] {processor.py:829} INFO - Processing file /home/petr/project/venv/lib/python3.10/site-packages/airflow/example_dags/example_latest_only.py for tasks to queue
[2023-12-01T13:40:48.076+0300] {logging_mixin.py:154} INFO - [2023-12-01T13:40:48.076+0300] {dagbag.py:536} INFO - Filling up the DagBag from /home/petr/project/venv/lib/python3.10/site-packages/airflow/example_dags/example_latest_only.py
[2023-12-01T13:40:48.093+0300] {processor.py:839} INFO - DAG(s) dict_keys(['latest_only']) retrieved from /home/petr/project/venv/lib/python3.10/site-packages/airflow/example_dags/example_latest_only.py
[2023-12-01T13:40:48.157+0300] {logging_mixin.py:154} INFO - [2023-12-01T13:40:48.156+0300] {dag.py:2941} INFO - Sync 1 DAGs
[2023-12-01T13:40:48.192+0300] {logging_mixin.py:154} INFO - [2023-12-01T13:40:48.192+0300] {dag.py:3722} INFO - Setting next_dagrun for latest_only to 2023-12-01T06:40:48.192262+00:00, run_after=2023-12-01T10:40:48.192262+00:00
[2023-12-01T13:40:48.214+0300] {processor.py:179} INFO - Processing /home/petr/project/venv/lib/python3.10/site-packages/airflow/example_dags/example_latest_only.py took 0.144 seconds
[2023-12-01T13:41:19.317+0300] {processor.py:157} INFO - Started process (PID=4054) to work on /home/petr/project/venv/lib/python3.10/site-packages/airflow/example_dags/example_latest_only.py
[2023-12-01T13:41:19.319+0300] {processor.py:829} INFO - Processing file /home/petr/project/venv/lib/python3.10/site-packages/airflow/example_dags/example_latest_only.py for tasks to queue
[2023-12-01T13:41:19.320+0300] {logging_mixin.py:154} INFO - [2023-12-01T13:41:19.320+0300] {dagbag.py:536} INFO - Filling up the DagBag from /home/petr/project/venv/lib/python3.10/site-packages/airflow/example_dags/example_latest_only.py
[2023-12-01T13:41:19.325+0300] {processor.py:839} INFO - DAG(s) dict_keys(['latest_only']) retrieved from /home/petr/project/venv/lib/python3.10/site-packages/airflow/example_dags/example_latest_only.py
[2023-12-01T13:41:19.384+0300] {logging_mixin.py:154} INFO - [2023-12-01T13:41:19.383+0300] {dag.py:2941} INFO - Sync 1 DAGs
[2023-12-01T13:41:19.437+0300] {logging_mixin.py:154} INFO - [2023-12-01T13:41:19.437+0300] {dag.py:3722} INFO - Setting next_dagrun for latest_only to 2023-12-01T06:41:19.436450+00:00, run_after=2023-12-01T10:41:19.436450+00:00
[2023-12-01T13:41:19.515+0300] {processor.py:179} INFO - Processing /home/petr/project/venv/lib/python3.10/site-packages/airflow/example_dags/example_latest_only.py took 0.201 seconds
[2023-12-01T13:41:50.349+0300] {processor.py:157} INFO - Started process (PID=4158) to work on /home/petr/project/venv/lib/python3.10/site-packages/airflow/example_dags/example_latest_only.py
[2023-12-01T13:41:50.355+0300] {processor.py:829} INFO - Processing file /home/petr/project/venv/lib/python3.10/site-packages/airflow/example_dags/example_latest_only.py for tasks to queue
[2023-12-01T13:41:50.356+0300] {logging_mixin.py:154} INFO - [2023-12-01T13:41:50.356+0300] {dagbag.py:536} INFO - Filling up the DagBag from /home/petr/project/venv/lib/python3.10/site-packages/airflow/example_dags/example_latest_only.py
[2023-12-01T13:41:50.361+0300] {processor.py:839} INFO - DAG(s) dict_keys(['latest_only']) retrieved from /home/petr/project/venv/lib/python3.10/site-packages/airflow/example_dags/example_latest_only.py
[2023-12-01T13:41:50.406+0300] {logging_mixin.py:154} INFO - [2023-12-01T13:41:50.405+0300] {dag.py:2941} INFO - Sync 1 DAGs
[2023-12-01T13:41:50.444+0300] {logging_mixin.py:154} INFO - [2023-12-01T13:41:50.444+0300] {dag.py:3722} INFO - Setting next_dagrun for latest_only to 2023-12-01T06:41:50.444530+00:00, run_after=2023-12-01T10:41:50.444530+00:00
[2023-12-01T13:41:50.464+0300] {processor.py:179} INFO - Processing /home/petr/project/venv/lib/python3.10/site-packages/airflow/example_dags/example_latest_only.py took 0.119 seconds
[2023-12-01T13:42:21.262+0300] {processor.py:157} INFO - Started process (PID=4264) to work on /home/petr/project/venv/lib/python3.10/site-packages/airflow/example_dags/example_latest_only.py
[2023-12-01T13:42:21.263+0300] {processor.py:829} INFO - Processing file /home/petr/project/venv/lib/python3.10/site-packages/airflow/example_dags/example_latest_only.py for tasks to queue
[2023-12-01T13:42:21.264+0300] {logging_mixin.py:154} INFO - [2023-12-01T13:42:21.264+0300] {dagbag.py:536} INFO - Filling up the DagBag from /home/petr/project/venv/lib/python3.10/site-packages/airflow/example_dags/example_latest_only.py
[2023-12-01T13:42:21.269+0300] {processor.py:839} INFO - DAG(s) dict_keys(['latest_only']) retrieved from /home/petr/project/venv/lib/python3.10/site-packages/airflow/example_dags/example_latest_only.py
[2023-12-01T13:42:21.338+0300] {logging_mixin.py:154} INFO - [2023-12-01T13:42:21.337+0300] {dag.py:2941} INFO - Sync 1 DAGs
[2023-12-01T13:42:21.383+0300] {logging_mixin.py:154} INFO - [2023-12-01T13:42:21.383+0300] {dag.py:3722} INFO - Setting next_dagrun for latest_only to 2023-12-01T06:42:21.383514+00:00, run_after=2023-12-01T10:42:21.383514+00:00
[2023-12-01T13:42:21.435+0300] {processor.py:179} INFO - Processing /home/petr/project/venv/lib/python3.10/site-packages/airflow/example_dags/example_latest_only.py took 0.177 seconds
[2023-12-01T13:42:51.555+0300] {processor.py:157} INFO - Started process (PID=4368) to work on /home/petr/project/venv/lib/python3.10/site-packages/airflow/example_dags/example_latest_only.py
[2023-12-01T13:42:51.559+0300] {processor.py:829} INFO - Processing file /home/petr/project/venv/lib/python3.10/site-packages/airflow/example_dags/example_latest_only.py for tasks to queue
[2023-12-01T13:42:51.560+0300] {logging_mixin.py:154} INFO - [2023-12-01T13:42:51.560+0300] {dagbag.py:536} INFO - Filling up the DagBag from /home/petr/project/venv/lib/python3.10/site-packages/airflow/example_dags/example_latest_only.py
[2023-12-01T13:42:51.567+0300] {processor.py:839} INFO - DAG(s) dict_keys(['latest_only']) retrieved from /home/petr/project/venv/lib/python3.10/site-packages/airflow/example_dags/example_latest_only.py
[2023-12-01T13:42:51.633+0300] {logging_mixin.py:154} INFO - [2023-12-01T13:42:51.633+0300] {dag.py:2941} INFO - Sync 1 DAGs
[2023-12-01T13:42:51.663+0300] {logging_mixin.py:154} INFO - [2023-12-01T13:42:51.663+0300] {dag.py:3722} INFO - Setting next_dagrun for latest_only to 2023-12-01T06:42:51.663058+00:00, run_after=2023-12-01T10:42:51.663058+00:00
[2023-12-01T13:42:51.709+0300] {processor.py:179} INFO - Processing /home/petr/project/venv/lib/python3.10/site-packages/airflow/example_dags/example_latest_only.py took 0.162 seconds
[2023-12-01T13:43:21.850+0300] {processor.py:157} INFO - Started process (PID=4469) to work on /home/petr/project/venv/lib/python3.10/site-packages/airflow/example_dags/example_latest_only.py
[2023-12-01T13:43:21.867+0300] {processor.py:829} INFO - Processing file /home/petr/project/venv/lib/python3.10/site-packages/airflow/example_dags/example_latest_only.py for tasks to queue
[2023-12-01T13:43:21.869+0300] {logging_mixin.py:154} INFO - [2023-12-01T13:43:21.868+0300] {dagbag.py:536} INFO - Filling up the DagBag from /home/petr/project/venv/lib/python3.10/site-packages/airflow/example_dags/example_latest_only.py
[2023-12-01T13:43:21.889+0300] {processor.py:839} INFO - DAG(s) dict_keys(['latest_only']) retrieved from /home/petr/project/venv/lib/python3.10/site-packages/airflow/example_dags/example_latest_only.py
[2023-12-01T13:43:22.005+0300] {logging_mixin.py:154} INFO - [2023-12-01T13:43:22.005+0300] {dag.py:2941} INFO - Sync 1 DAGs
[2023-12-01T13:43:22.094+0300] {logging_mixin.py:154} INFO - [2023-12-01T13:43:22.093+0300] {dag.py:3722} INFO - Setting next_dagrun for latest_only to 2023-12-01T06:43:22.093633+00:00, run_after=2023-12-01T10:43:22.093633+00:00
[2023-12-01T13:43:22.168+0300] {processor.py:179} INFO - Processing /home/petr/project/venv/lib/python3.10/site-packages/airflow/example_dags/example_latest_only.py took 0.337 seconds
[2023-12-01T13:43:53.028+0300] {processor.py:157} INFO - Started process (PID=4568) to work on /home/petr/project/venv/lib/python3.10/site-packages/airflow/example_dags/example_latest_only.py
[2023-12-01T13:43:53.034+0300] {processor.py:829} INFO - Processing file /home/petr/project/venv/lib/python3.10/site-packages/airflow/example_dags/example_latest_only.py for tasks to queue
[2023-12-01T13:43:53.035+0300] {logging_mixin.py:154} INFO - [2023-12-01T13:43:53.035+0300] {dagbag.py:536} INFO - Filling up the DagBag from /home/petr/project/venv/lib/python3.10/site-packages/airflow/example_dags/example_latest_only.py
[2023-12-01T13:43:53.040+0300] {processor.py:839} INFO - DAG(s) dict_keys(['latest_only']) retrieved from /home/petr/project/venv/lib/python3.10/site-packages/airflow/example_dags/example_latest_only.py
[2023-12-01T13:43:53.108+0300] {logging_mixin.py:154} INFO - [2023-12-01T13:43:53.108+0300] {dag.py:2941} INFO - Sync 1 DAGs
[2023-12-01T13:43:53.139+0300] {logging_mixin.py:154} INFO - [2023-12-01T13:43:53.139+0300] {dag.py:3722} INFO - Setting next_dagrun for latest_only to 2023-12-01T06:43:53.139310+00:00, run_after=2023-12-01T10:43:53.139310+00:00
[2023-12-01T13:43:53.176+0300] {processor.py:179} INFO - Processing /home/petr/project/venv/lib/python3.10/site-packages/airflow/example_dags/example_latest_only.py took 0.151 seconds
[2023-12-01T13:44:23.309+0300] {processor.py:157} INFO - Started process (PID=4668) to work on /home/petr/project/venv/lib/python3.10/site-packages/airflow/example_dags/example_latest_only.py
[2023-12-01T13:44:23.323+0300] {processor.py:829} INFO - Processing file /home/petr/project/venv/lib/python3.10/site-packages/airflow/example_dags/example_latest_only.py for tasks to queue
[2023-12-01T13:44:23.325+0300] {logging_mixin.py:154} INFO - [2023-12-01T13:44:23.324+0300] {dagbag.py:536} INFO - Filling up the DagBag from /home/petr/project/venv/lib/python3.10/site-packages/airflow/example_dags/example_latest_only.py
[2023-12-01T13:44:23.331+0300] {processor.py:839} INFO - DAG(s) dict_keys(['latest_only']) retrieved from /home/petr/project/venv/lib/python3.10/site-packages/airflow/example_dags/example_latest_only.py
[2023-12-01T13:44:23.386+0300] {logging_mixin.py:154} INFO - [2023-12-01T13:44:23.386+0300] {dag.py:2941} INFO - Sync 1 DAGs
[2023-12-01T13:44:23.423+0300] {logging_mixin.py:154} INFO - [2023-12-01T13:44:23.423+0300] {dag.py:3722} INFO - Setting next_dagrun for latest_only to 2023-12-01T06:44:23.423545+00:00, run_after=2023-12-01T10:44:23.423545+00:00
[2023-12-01T13:44:23.459+0300] {processor.py:179} INFO - Processing /home/petr/project/venv/lib/python3.10/site-packages/airflow/example_dags/example_latest_only.py took 0.158 seconds
[2023-12-01T13:44:54.165+0300] {processor.py:157} INFO - Started process (PID=4774) to work on /home/petr/project/venv/lib/python3.10/site-packages/airflow/example_dags/example_latest_only.py
[2023-12-01T13:44:54.176+0300] {processor.py:829} INFO - Processing file /home/petr/project/venv/lib/python3.10/site-packages/airflow/example_dags/example_latest_only.py for tasks to queue
[2023-12-01T13:44:54.176+0300] {logging_mixin.py:154} INFO - [2023-12-01T13:44:54.176+0300] {dagbag.py:536} INFO - Filling up the DagBag from /home/petr/project/venv/lib/python3.10/site-packages/airflow/example_dags/example_latest_only.py
[2023-12-01T13:44:54.182+0300] {processor.py:839} INFO - DAG(s) dict_keys(['latest_only']) retrieved from /home/petr/project/venv/lib/python3.10/site-packages/airflow/example_dags/example_latest_only.py
[2023-12-01T13:44:54.256+0300] {logging_mixin.py:154} INFO - [2023-12-01T13:44:54.256+0300] {dag.py:2941} INFO - Sync 1 DAGs
[2023-12-01T13:44:54.299+0300] {logging_mixin.py:154} INFO - [2023-12-01T13:44:54.298+0300] {dag.py:3722} INFO - Setting next_dagrun for latest_only to 2023-12-01T06:44:54.298537+00:00, run_after=2023-12-01T10:44:54.298537+00:00
[2023-12-01T13:44:54.337+0300] {processor.py:179} INFO - Processing /home/petr/project/venv/lib/python3.10/site-packages/airflow/example_dags/example_latest_only.py took 0.175 seconds
[2023-12-01T13:45:24.972+0300] {processor.py:157} INFO - Started process (PID=4891) to work on /home/petr/project/venv/lib/python3.10/site-packages/airflow/example_dags/example_latest_only.py
[2023-12-01T13:45:24.980+0300] {processor.py:829} INFO - Processing file /home/petr/project/venv/lib/python3.10/site-packages/airflow/example_dags/example_latest_only.py for tasks to queue
[2023-12-01T13:45:24.980+0300] {logging_mixin.py:154} INFO - [2023-12-01T13:45:24.980+0300] {dagbag.py:536} INFO - Filling up the DagBag from /home/petr/project/venv/lib/python3.10/site-packages/airflow/example_dags/example_latest_only.py
[2023-12-01T13:45:24.998+0300] {processor.py:839} INFO - DAG(s) dict_keys(['latest_only']) retrieved from /home/petr/project/venv/lib/python3.10/site-packages/airflow/example_dags/example_latest_only.py
[2023-12-01T13:45:25.084+0300] {logging_mixin.py:154} INFO - [2023-12-01T13:45:25.084+0300] {dag.py:2941} INFO - Sync 1 DAGs
[2023-12-01T13:45:25.131+0300] {logging_mixin.py:154} INFO - [2023-12-01T13:45:25.131+0300] {dag.py:3722} INFO - Setting next_dagrun for latest_only to 2023-12-01T06:45:25.131422+00:00, run_after=2023-12-01T10:45:25.131422+00:00
[2023-12-01T13:45:25.190+0300] {processor.py:179} INFO - Processing /home/petr/project/venv/lib/python3.10/site-packages/airflow/example_dags/example_latest_only.py took 0.233 seconds
[2023-12-01T13:46:49.526+0300] {processor.py:157} INFO - Started process (PID=5005) to work on /home/petr/project/venv/lib/python3.10/site-packages/airflow/example_dags/example_latest_only.py
[2023-12-01T13:46:49.530+0300] {processor.py:829} INFO - Processing file /home/petr/project/venv/lib/python3.10/site-packages/airflow/example_dags/example_latest_only.py for tasks to queue
[2023-12-01T13:46:49.531+0300] {logging_mixin.py:154} INFO - [2023-12-01T13:46:49.530+0300] {dagbag.py:536} INFO - Filling up the DagBag from /home/petr/project/venv/lib/python3.10/site-packages/airflow/example_dags/example_latest_only.py
[2023-12-01T13:46:49.551+0300] {processor.py:839} INFO - DAG(s) dict_keys(['latest_only']) retrieved from /home/petr/project/venv/lib/python3.10/site-packages/airflow/example_dags/example_latest_only.py
[2023-12-01T13:46:49.599+0300] {logging_mixin.py:154} INFO - [2023-12-01T13:46:49.598+0300] {dag.py:2941} INFO - Sync 1 DAGs
[2023-12-01T13:46:49.653+0300] {logging_mixin.py:154} INFO - [2023-12-01T13:46:49.653+0300] {dag.py:3722} INFO - Setting next_dagrun for latest_only to 2023-12-01T06:46:49.653047+00:00, run_after=2023-12-01T10:46:49.653047+00:00
[2023-12-01T13:46:49.693+0300] {processor.py:179} INFO - Processing /home/petr/project/venv/lib/python3.10/site-packages/airflow/example_dags/example_latest_only.py took 0.170 seconds
[2023-12-01T13:47:20.249+0300] {processor.py:157} INFO - Started process (PID=5109) to work on /home/petr/project/venv/lib/python3.10/site-packages/airflow/example_dags/example_latest_only.py
[2023-12-01T13:47:20.257+0300] {processor.py:829} INFO - Processing file /home/petr/project/venv/lib/python3.10/site-packages/airflow/example_dags/example_latest_only.py for tasks to queue
[2023-12-01T13:47:20.258+0300] {logging_mixin.py:154} INFO - [2023-12-01T13:47:20.258+0300] {dagbag.py:536} INFO - Filling up the DagBag from /home/petr/project/venv/lib/python3.10/site-packages/airflow/example_dags/example_latest_only.py
[2023-12-01T13:47:20.269+0300] {processor.py:839} INFO - DAG(s) dict_keys(['latest_only']) retrieved from /home/petr/project/venv/lib/python3.10/site-packages/airflow/example_dags/example_latest_only.py
[2023-12-01T13:47:20.314+0300] {logging_mixin.py:154} INFO - [2023-12-01T13:47:20.314+0300] {dag.py:2941} INFO - Sync 1 DAGs
[2023-12-01T13:47:20.360+0300] {logging_mixin.py:154} INFO - [2023-12-01T13:47:20.360+0300] {dag.py:3722} INFO - Setting next_dagrun for latest_only to 2023-12-01T06:47:20.360291+00:00, run_after=2023-12-01T10:47:20.360291+00:00
[2023-12-01T13:47:20.395+0300] {processor.py:179} INFO - Processing /home/petr/project/venv/lib/python3.10/site-packages/airflow/example_dags/example_latest_only.py took 0.150 seconds
[2023-12-01T13:49:13.847+0300] {processor.py:157} INFO - Started process (PID=5383) to work on /home/petr/project/venv/lib/python3.10/site-packages/airflow/example_dags/example_latest_only.py
[2023-12-01T13:49:13.850+0300] {processor.py:829} INFO - Processing file /home/petr/project/venv/lib/python3.10/site-packages/airflow/example_dags/example_latest_only.py for tasks to queue
[2023-12-01T13:49:13.850+0300] {logging_mixin.py:154} INFO - [2023-12-01T13:49:13.850+0300] {dagbag.py:536} INFO - Filling up the DagBag from /home/petr/project/venv/lib/python3.10/site-packages/airflow/example_dags/example_latest_only.py
[2023-12-01T13:49:13.870+0300] {processor.py:839} INFO - DAG(s) dict_keys(['latest_only']) retrieved from /home/petr/project/venv/lib/python3.10/site-packages/airflow/example_dags/example_latest_only.py
[2023-12-01T13:49:13.918+0300] {logging_mixin.py:154} INFO - [2023-12-01T13:49:13.918+0300] {dag.py:2941} INFO - Sync 1 DAGs
[2023-12-01T13:49:13.954+0300] {logging_mixin.py:154} INFO - [2023-12-01T13:49:13.953+0300] {dag.py:3722} INFO - Setting next_dagrun for latest_only to 2023-12-01T06:49:13.953652+00:00, run_after=2023-12-01T10:49:13.953652+00:00
[2023-12-01T13:49:14.008+0300] {processor.py:179} INFO - Processing /home/petr/project/venv/lib/python3.10/site-packages/airflow/example_dags/example_latest_only.py took 0.172 seconds
[2023-12-01T13:49:46.449+0300] {processor.py:157} INFO - Started process (PID=5483) to work on /home/petr/project/venv/lib/python3.10/site-packages/airflow/example_dags/example_latest_only.py
[2023-12-01T13:49:46.484+0300] {processor.py:829} INFO - Processing file /home/petr/project/venv/lib/python3.10/site-packages/airflow/example_dags/example_latest_only.py for tasks to queue
[2023-12-01T13:49:46.485+0300] {logging_mixin.py:154} INFO - [2023-12-01T13:49:46.484+0300] {dagbag.py:536} INFO - Filling up the DagBag from /home/petr/project/venv/lib/python3.10/site-packages/airflow/example_dags/example_latest_only.py
[2023-12-01T13:49:46.490+0300] {processor.py:839} INFO - DAG(s) dict_keys(['latest_only']) retrieved from /home/petr/project/venv/lib/python3.10/site-packages/airflow/example_dags/example_latest_only.py
[2023-12-01T13:49:46.630+0300] {logging_mixin.py:154} INFO - [2023-12-01T13:49:46.630+0300] {dag.py:2941} INFO - Sync 1 DAGs
[2023-12-01T13:49:46.694+0300] {logging_mixin.py:154} INFO - [2023-12-01T13:49:46.694+0300] {dag.py:3722} INFO - Setting next_dagrun for latest_only to 2023-12-01T06:49:46.694181+00:00, run_after=2023-12-01T10:49:46.694181+00:00
[2023-12-01T13:49:46.757+0300] {processor.py:179} INFO - Processing /home/petr/project/venv/lib/python3.10/site-packages/airflow/example_dags/example_latest_only.py took 0.311 seconds
[2023-12-01T13:50:18.066+0300] {processor.py:157} INFO - Started process (PID=5593) to work on /home/petr/project/venv/lib/python3.10/site-packages/airflow/example_dags/example_latest_only.py
[2023-12-01T13:50:18.091+0300] {processor.py:829} INFO - Processing file /home/petr/project/venv/lib/python3.10/site-packages/airflow/example_dags/example_latest_only.py for tasks to queue
[2023-12-01T13:50:18.092+0300] {logging_mixin.py:154} INFO - [2023-12-01T13:50:18.091+0300] {dagbag.py:536} INFO - Filling up the DagBag from /home/petr/project/venv/lib/python3.10/site-packages/airflow/example_dags/example_latest_only.py
[2023-12-01T13:50:18.133+0300] {processor.py:839} INFO - DAG(s) dict_keys(['latest_only']) retrieved from /home/petr/project/venv/lib/python3.10/site-packages/airflow/example_dags/example_latest_only.py
[2023-12-01T13:50:18.228+0300] {logging_mixin.py:154} INFO - [2023-12-01T13:50:18.228+0300] {dag.py:2941} INFO - Sync 1 DAGs
[2023-12-01T13:50:18.288+0300] {logging_mixin.py:154} INFO - [2023-12-01T13:50:18.288+0300] {dag.py:3722} INFO - Setting next_dagrun for latest_only to 2023-12-01T06:50:18.288590+00:00, run_after=2023-12-01T10:50:18.288590+00:00
[2023-12-01T13:50:18.356+0300] {processor.py:179} INFO - Processing /home/petr/project/venv/lib/python3.10/site-packages/airflow/example_dags/example_latest_only.py took 0.294 seconds
[2023-12-01T20:01:04.835+0300] {processor.py:157} INFO - Started process (PID=5974) to work on /home/petr/project/venv/lib/python3.10/site-packages/airflow/example_dags/example_latest_only.py
[2023-12-01T20:01:04.846+0300] {processor.py:829} INFO - Processing file /home/petr/project/venv/lib/python3.10/site-packages/airflow/example_dags/example_latest_only.py for tasks to queue
[2023-12-01T20:01:04.848+0300] {logging_mixin.py:154} INFO - [2023-12-01T20:01:04.847+0300] {dagbag.py:536} INFO - Filling up the DagBag from /home/petr/project/venv/lib/python3.10/site-packages/airflow/example_dags/example_latest_only.py
[2023-12-01T20:01:04.870+0300] {processor.py:839} INFO - DAG(s) dict_keys(['latest_only']) retrieved from /home/petr/project/venv/lib/python3.10/site-packages/airflow/example_dags/example_latest_only.py
[2023-12-01T20:01:04.993+0300] {logging_mixin.py:154} INFO - [2023-12-01T20:01:04.992+0300] {dag.py:2941} INFO - Sync 1 DAGs
[2023-12-01T20:01:05.103+0300] {logging_mixin.py:154} INFO - [2023-12-01T20:01:05.103+0300] {dag.py:3722} INFO - Setting next_dagrun for latest_only to 2023-12-01T13:01:05.102821+00:00, run_after=2023-12-01T17:01:05.102821+00:00
[2023-12-01T20:01:05.244+0300] {processor.py:179} INFO - Processing /home/petr/project/venv/lib/python3.10/site-packages/airflow/example_dags/example_latest_only.py took 0.424 seconds
