[2023-12-01T13:38:06.519+0300] {processor.py:157} INFO - Started process (PID=3366) to work on /home/petr/project/venv/lib/python3.10/site-packages/airflow/example_dags/example_trigger_target_dag.py
[2023-12-01T13:38:06.531+0300] {processor.py:829} INFO - Processing file /home/petr/project/venv/lib/python3.10/site-packages/airflow/example_dags/example_trigger_target_dag.py for tasks to queue
[2023-12-01T13:38:06.531+0300] {logging_mixin.py:154} INFO - [2023-12-01T13:38:06.531+0300] {dagbag.py:536} INFO - Filling up the DagBag from /home/petr/project/venv/lib/python3.10/site-packages/airflow/example_dags/example_trigger_target_dag.py
[2023-12-01T13:38:06.535+0300] {processor.py:839} INFO - DAG(s) dict_keys(['example_trigger_target_dag']) retrieved from /home/petr/project/venv/lib/python3.10/site-packages/airflow/example_dags/example_trigger_target_dag.py
[2023-12-01T13:38:06.589+0300] {logging_mixin.py:154} INFO - [2023-12-01T13:38:06.589+0300] {dag.py:2941} INFO - Sync 1 DAGs
[2023-12-01T13:38:06.616+0300] {logging_mixin.py:154} INFO - [2023-12-01T13:38:06.616+0300] {dag.py:3722} INFO - Setting next_dagrun for example_trigger_target_dag to None, run_after=None
[2023-12-01T13:38:06.648+0300] {processor.py:179} INFO - Processing /home/petr/project/venv/lib/python3.10/site-packages/airflow/example_dags/example_trigger_target_dag.py took 0.132 seconds
[2023-12-01T13:38:37.490+0300] {processor.py:157} INFO - Started process (PID=3470) to work on /home/petr/project/venv/lib/python3.10/site-packages/airflow/example_dags/example_trigger_target_dag.py
[2023-12-01T13:38:37.490+0300] {processor.py:829} INFO - Processing file /home/petr/project/venv/lib/python3.10/site-packages/airflow/example_dags/example_trigger_target_dag.py for tasks to queue
[2023-12-01T13:38:37.491+0300] {logging_mixin.py:154} INFO - [2023-12-01T13:38:37.491+0300] {dagbag.py:536} INFO - Filling up the DagBag from /home/petr/project/venv/lib/python3.10/site-packages/airflow/example_dags/example_trigger_target_dag.py
[2023-12-01T13:38:37.504+0300] {processor.py:839} INFO - DAG(s) dict_keys(['example_trigger_target_dag']) retrieved from /home/petr/project/venv/lib/python3.10/site-packages/airflow/example_dags/example_trigger_target_dag.py
[2023-12-01T13:38:37.552+0300] {logging_mixin.py:154} INFO - [2023-12-01T13:38:37.552+0300] {dag.py:2941} INFO - Sync 1 DAGs
[2023-12-01T13:38:37.585+0300] {logging_mixin.py:154} INFO - [2023-12-01T13:38:37.585+0300] {dag.py:3722} INFO - Setting next_dagrun for example_trigger_target_dag to None, run_after=None
[2023-12-01T13:38:37.613+0300] {processor.py:179} INFO - Processing /home/petr/project/venv/lib/python3.10/site-packages/airflow/example_dags/example_trigger_target_dag.py took 0.126 seconds
[2023-12-01T13:39:09.562+0300] {processor.py:157} INFO - Started process (PID=3572) to work on /home/petr/project/venv/lib/python3.10/site-packages/airflow/example_dags/example_trigger_target_dag.py
[2023-12-01T13:39:09.564+0300] {processor.py:829} INFO - Processing file /home/petr/project/venv/lib/python3.10/site-packages/airflow/example_dags/example_trigger_target_dag.py for tasks to queue
[2023-12-01T13:39:09.564+0300] {logging_mixin.py:154} INFO - [2023-12-01T13:39:09.564+0300] {dagbag.py:536} INFO - Filling up the DagBag from /home/petr/project/venv/lib/python3.10/site-packages/airflow/example_dags/example_trigger_target_dag.py
[2023-12-01T13:39:09.576+0300] {processor.py:839} INFO - DAG(s) dict_keys(['example_trigger_target_dag']) retrieved from /home/petr/project/venv/lib/python3.10/site-packages/airflow/example_dags/example_trigger_target_dag.py
[2023-12-01T13:39:09.631+0300] {logging_mixin.py:154} INFO - [2023-12-01T13:39:09.630+0300] {dag.py:2941} INFO - Sync 1 DAGs
[2023-12-01T13:39:09.653+0300] {logging_mixin.py:154} INFO - [2023-12-01T13:39:09.653+0300] {dag.py:3722} INFO - Setting next_dagrun for example_trigger_target_dag to None, run_after=None
[2023-12-01T13:39:09.684+0300] {processor.py:179} INFO - Processing /home/petr/project/venv/lib/python3.10/site-packages/airflow/example_dags/example_trigger_target_dag.py took 0.125 seconds
[2023-12-01T13:39:40.396+0300] {processor.py:157} INFO - Started process (PID=3688) to work on /home/petr/project/venv/lib/python3.10/site-packages/airflow/example_dags/example_trigger_target_dag.py
[2023-12-01T13:39:40.397+0300] {processor.py:829} INFO - Processing file /home/petr/project/venv/lib/python3.10/site-packages/airflow/example_dags/example_trigger_target_dag.py for tasks to queue
[2023-12-01T13:39:40.397+0300] {logging_mixin.py:154} INFO - [2023-12-01T13:39:40.397+0300] {dagbag.py:536} INFO - Filling up the DagBag from /home/petr/project/venv/lib/python3.10/site-packages/airflow/example_dags/example_trigger_target_dag.py
[2023-12-01T13:39:40.402+0300] {processor.py:839} INFO - DAG(s) dict_keys(['example_trigger_target_dag']) retrieved from /home/petr/project/venv/lib/python3.10/site-packages/airflow/example_dags/example_trigger_target_dag.py
[2023-12-01T13:39:40.457+0300] {logging_mixin.py:154} INFO - [2023-12-01T13:39:40.457+0300] {dag.py:2941} INFO - Sync 1 DAGs
[2023-12-01T13:39:40.477+0300] {logging_mixin.py:154} INFO - [2023-12-01T13:39:40.477+0300] {dag.py:3722} INFO - Setting next_dagrun for example_trigger_target_dag to None, run_after=None
[2023-12-01T13:39:40.508+0300] {processor.py:179} INFO - Processing /home/petr/project/venv/lib/python3.10/site-packages/airflow/example_dags/example_trigger_target_dag.py took 0.113 seconds
[2023-12-01T13:40:11.506+0300] {processor.py:157} INFO - Started process (PID=3809) to work on /home/petr/project/venv/lib/python3.10/site-packages/airflow/example_dags/example_trigger_target_dag.py
[2023-12-01T13:40:11.517+0300] {processor.py:829} INFO - Processing file /home/petr/project/venv/lib/python3.10/site-packages/airflow/example_dags/example_trigger_target_dag.py for tasks to queue
[2023-12-01T13:40:11.518+0300] {logging_mixin.py:154} INFO - [2023-12-01T13:40:11.517+0300] {dagbag.py:536} INFO - Filling up the DagBag from /home/petr/project/venv/lib/python3.10/site-packages/airflow/example_dags/example_trigger_target_dag.py
[2023-12-01T13:40:11.541+0300] {processor.py:839} INFO - DAG(s) dict_keys(['example_trigger_target_dag']) retrieved from /home/petr/project/venv/lib/python3.10/site-packages/airflow/example_dags/example_trigger_target_dag.py
[2023-12-01T13:40:11.634+0300] {logging_mixin.py:154} INFO - [2023-12-01T13:40:11.633+0300] {dag.py:2941} INFO - Sync 1 DAGs
[2023-12-01T13:40:11.664+0300] {logging_mixin.py:154} INFO - [2023-12-01T13:40:11.664+0300] {dag.py:3722} INFO - Setting next_dagrun for example_trigger_target_dag to None, run_after=None
[2023-12-01T13:40:11.727+0300] {processor.py:179} INFO - Processing /home/petr/project/venv/lib/python3.10/site-packages/airflow/example_dags/example_trigger_target_dag.py took 0.225 seconds
[2023-12-01T13:40:41.978+0300] {processor.py:157} INFO - Started process (PID=3912) to work on /home/petr/project/venv/lib/python3.10/site-packages/airflow/example_dags/example_trigger_target_dag.py
[2023-12-01T13:40:41.980+0300] {processor.py:829} INFO - Processing file /home/petr/project/venv/lib/python3.10/site-packages/airflow/example_dags/example_trigger_target_dag.py for tasks to queue
[2023-12-01T13:40:41.981+0300] {logging_mixin.py:154} INFO - [2023-12-01T13:40:41.981+0300] {dagbag.py:536} INFO - Filling up the DagBag from /home/petr/project/venv/lib/python3.10/site-packages/airflow/example_dags/example_trigger_target_dag.py
[2023-12-01T13:40:42.000+0300] {processor.py:839} INFO - DAG(s) dict_keys(['example_trigger_target_dag']) retrieved from /home/petr/project/venv/lib/python3.10/site-packages/airflow/example_dags/example_trigger_target_dag.py
[2023-12-01T13:40:42.067+0300] {logging_mixin.py:154} INFO - [2023-12-01T13:40:42.067+0300] {dag.py:2941} INFO - Sync 1 DAGs
[2023-12-01T13:40:42.084+0300] {logging_mixin.py:154} INFO - [2023-12-01T13:40:42.084+0300] {dag.py:3722} INFO - Setting next_dagrun for example_trigger_target_dag to None, run_after=None
[2023-12-01T13:40:42.153+0300] {processor.py:179} INFO - Processing /home/petr/project/venv/lib/python3.10/site-packages/airflow/example_dags/example_trigger_target_dag.py took 0.180 seconds
[2023-12-01T13:41:12.598+0300] {processor.py:157} INFO - Started process (PID=4011) to work on /home/petr/project/venv/lib/python3.10/site-packages/airflow/example_dags/example_trigger_target_dag.py
[2023-12-01T13:41:12.603+0300] {processor.py:829} INFO - Processing file /home/petr/project/venv/lib/python3.10/site-packages/airflow/example_dags/example_trigger_target_dag.py for tasks to queue
[2023-12-01T13:41:12.604+0300] {logging_mixin.py:154} INFO - [2023-12-01T13:41:12.604+0300] {dagbag.py:536} INFO - Filling up the DagBag from /home/petr/project/venv/lib/python3.10/site-packages/airflow/example_dags/example_trigger_target_dag.py
[2023-12-01T13:41:12.609+0300] {processor.py:839} INFO - DAG(s) dict_keys(['example_trigger_target_dag']) retrieved from /home/petr/project/venv/lib/python3.10/site-packages/airflow/example_dags/example_trigger_target_dag.py
[2023-12-01T13:41:12.678+0300] {logging_mixin.py:154} INFO - [2023-12-01T13:41:12.678+0300] {dag.py:2941} INFO - Sync 1 DAGs
[2023-12-01T13:41:12.702+0300] {logging_mixin.py:154} INFO - [2023-12-01T13:41:12.696+0300] {dag.py:3722} INFO - Setting next_dagrun for example_trigger_target_dag to None, run_after=None
[2023-12-01T13:41:12.745+0300] {processor.py:179} INFO - Processing /home/petr/project/venv/lib/python3.10/site-packages/airflow/example_dags/example_trigger_target_dag.py took 0.154 seconds
[2023-12-01T13:41:43.419+0300] {processor.py:157} INFO - Started process (PID=4115) to work on /home/petr/project/venv/lib/python3.10/site-packages/airflow/example_dags/example_trigger_target_dag.py
[2023-12-01T13:41:43.419+0300] {processor.py:829} INFO - Processing file /home/petr/project/venv/lib/python3.10/site-packages/airflow/example_dags/example_trigger_target_dag.py for tasks to queue
[2023-12-01T13:41:43.420+0300] {logging_mixin.py:154} INFO - [2023-12-01T13:41:43.420+0300] {dagbag.py:536} INFO - Filling up the DagBag from /home/petr/project/venv/lib/python3.10/site-packages/airflow/example_dags/example_trigger_target_dag.py
[2023-12-01T13:41:43.440+0300] {processor.py:839} INFO - DAG(s) dict_keys(['example_trigger_target_dag']) retrieved from /home/petr/project/venv/lib/python3.10/site-packages/airflow/example_dags/example_trigger_target_dag.py
[2023-12-01T13:41:43.497+0300] {logging_mixin.py:154} INFO - [2023-12-01T13:41:43.497+0300] {dag.py:2941} INFO - Sync 1 DAGs
[2023-12-01T13:41:43.517+0300] {logging_mixin.py:154} INFO - [2023-12-01T13:41:43.517+0300] {dag.py:3722} INFO - Setting next_dagrun for example_trigger_target_dag to None, run_after=None
[2023-12-01T13:41:43.552+0300] {processor.py:179} INFO - Processing /home/petr/project/venv/lib/python3.10/site-packages/airflow/example_dags/example_trigger_target_dag.py took 0.137 seconds
[2023-12-01T13:42:13.837+0300] {processor.py:157} INFO - Started process (PID=4221) to work on /home/petr/project/venv/lib/python3.10/site-packages/airflow/example_dags/example_trigger_target_dag.py
[2023-12-01T13:42:13.850+0300] {processor.py:829} INFO - Processing file /home/petr/project/venv/lib/python3.10/site-packages/airflow/example_dags/example_trigger_target_dag.py for tasks to queue
[2023-12-01T13:42:13.850+0300] {logging_mixin.py:154} INFO - [2023-12-01T13:42:13.850+0300] {dagbag.py:536} INFO - Filling up the DagBag from /home/petr/project/venv/lib/python3.10/site-packages/airflow/example_dags/example_trigger_target_dag.py
[2023-12-01T13:42:13.855+0300] {processor.py:839} INFO - DAG(s) dict_keys(['example_trigger_target_dag']) retrieved from /home/petr/project/venv/lib/python3.10/site-packages/airflow/example_dags/example_trigger_target_dag.py
[2023-12-01T13:42:13.904+0300] {logging_mixin.py:154} INFO - [2023-12-01T13:42:13.904+0300] {dag.py:2941} INFO - Sync 1 DAGs
[2023-12-01T13:42:13.924+0300] {logging_mixin.py:154} INFO - [2023-12-01T13:42:13.924+0300] {dag.py:3722} INFO - Setting next_dagrun for example_trigger_target_dag to None, run_after=None
[2023-12-01T13:42:13.953+0300] {processor.py:179} INFO - Processing /home/petr/project/venv/lib/python3.10/site-packages/airflow/example_dags/example_trigger_target_dag.py took 0.120 seconds
[2023-12-01T13:42:44.537+0300] {processor.py:157} INFO - Started process (PID=4326) to work on /home/petr/project/venv/lib/python3.10/site-packages/airflow/example_dags/example_trigger_target_dag.py
[2023-12-01T13:42:44.539+0300] {processor.py:829} INFO - Processing file /home/petr/project/venv/lib/python3.10/site-packages/airflow/example_dags/example_trigger_target_dag.py for tasks to queue
[2023-12-01T13:42:44.539+0300] {logging_mixin.py:154} INFO - [2023-12-01T13:42:44.539+0300] {dagbag.py:536} INFO - Filling up the DagBag from /home/petr/project/venv/lib/python3.10/site-packages/airflow/example_dags/example_trigger_target_dag.py
[2023-12-01T13:42:44.544+0300] {processor.py:839} INFO - DAG(s) dict_keys(['example_trigger_target_dag']) retrieved from /home/petr/project/venv/lib/python3.10/site-packages/airflow/example_dags/example_trigger_target_dag.py
[2023-12-01T13:42:44.605+0300] {logging_mixin.py:154} INFO - [2023-12-01T13:42:44.605+0300] {dag.py:2941} INFO - Sync 1 DAGs
[2023-12-01T13:42:44.622+0300] {logging_mixin.py:154} INFO - [2023-12-01T13:42:44.622+0300] {dag.py:3722} INFO - Setting next_dagrun for example_trigger_target_dag to None, run_after=None
[2023-12-01T13:42:44.651+0300] {processor.py:179} INFO - Processing /home/petr/project/venv/lib/python3.10/site-packages/airflow/example_dags/example_trigger_target_dag.py took 0.121 seconds
[2023-12-01T13:43:14.734+0300] {processor.py:157} INFO - Started process (PID=4426) to work on /home/petr/project/venv/lib/python3.10/site-packages/airflow/example_dags/example_trigger_target_dag.py
[2023-12-01T13:43:14.751+0300] {processor.py:829} INFO - Processing file /home/petr/project/venv/lib/python3.10/site-packages/airflow/example_dags/example_trigger_target_dag.py for tasks to queue
[2023-12-01T13:43:14.752+0300] {logging_mixin.py:154} INFO - [2023-12-01T13:43:14.751+0300] {dagbag.py:536} INFO - Filling up the DagBag from /home/petr/project/venv/lib/python3.10/site-packages/airflow/example_dags/example_trigger_target_dag.py
[2023-12-01T13:43:14.757+0300] {processor.py:839} INFO - DAG(s) dict_keys(['example_trigger_target_dag']) retrieved from /home/petr/project/venv/lib/python3.10/site-packages/airflow/example_dags/example_trigger_target_dag.py
[2023-12-01T13:43:14.803+0300] {logging_mixin.py:154} INFO - [2023-12-01T13:43:14.802+0300] {dag.py:2941} INFO - Sync 1 DAGs
[2023-12-01T13:43:14.825+0300] {logging_mixin.py:154} INFO - [2023-12-01T13:43:14.825+0300] {dag.py:3722} INFO - Setting next_dagrun for example_trigger_target_dag to None, run_after=None
[2023-12-01T13:43:14.856+0300] {processor.py:179} INFO - Processing /home/petr/project/venv/lib/python3.10/site-packages/airflow/example_dags/example_trigger_target_dag.py took 0.124 seconds
[2023-12-01T13:43:47.121+0300] {processor.py:157} INFO - Started process (PID=4526) to work on /home/petr/project/venv/lib/python3.10/site-packages/airflow/example_dags/example_trigger_target_dag.py
[2023-12-01T13:43:47.138+0300] {processor.py:829} INFO - Processing file /home/petr/project/venv/lib/python3.10/site-packages/airflow/example_dags/example_trigger_target_dag.py for tasks to queue
[2023-12-01T13:43:47.138+0300] {logging_mixin.py:154} INFO - [2023-12-01T13:43:47.138+0300] {dagbag.py:536} INFO - Filling up the DagBag from /home/petr/project/venv/lib/python3.10/site-packages/airflow/example_dags/example_trigger_target_dag.py
[2023-12-01T13:43:47.145+0300] {processor.py:839} INFO - DAG(s) dict_keys(['example_trigger_target_dag']) retrieved from /home/petr/project/venv/lib/python3.10/site-packages/airflow/example_dags/example_trigger_target_dag.py
[2023-12-01T13:43:47.217+0300] {logging_mixin.py:154} INFO - [2023-12-01T13:43:47.216+0300] {dag.py:2941} INFO - Sync 1 DAGs
[2023-12-01T13:43:47.250+0300] {logging_mixin.py:154} INFO - [2023-12-01T13:43:47.250+0300] {dag.py:3722} INFO - Setting next_dagrun for example_trigger_target_dag to None, run_after=None
[2023-12-01T13:43:47.276+0300] {processor.py:179} INFO - Processing /home/petr/project/venv/lib/python3.10/site-packages/airflow/example_dags/example_trigger_target_dag.py took 0.158 seconds
[2023-12-01T13:44:17.717+0300] {processor.py:157} INFO - Started process (PID=4625) to work on /home/petr/project/venv/lib/python3.10/site-packages/airflow/example_dags/example_trigger_target_dag.py
[2023-12-01T13:44:17.725+0300] {processor.py:829} INFO - Processing file /home/petr/project/venv/lib/python3.10/site-packages/airflow/example_dags/example_trigger_target_dag.py for tasks to queue
[2023-12-01T13:44:17.726+0300] {logging_mixin.py:154} INFO - [2023-12-01T13:44:17.726+0300] {dagbag.py:536} INFO - Filling up the DagBag from /home/petr/project/venv/lib/python3.10/site-packages/airflow/example_dags/example_trigger_target_dag.py
[2023-12-01T13:44:17.736+0300] {processor.py:839} INFO - DAG(s) dict_keys(['example_trigger_target_dag']) retrieved from /home/petr/project/venv/lib/python3.10/site-packages/airflow/example_dags/example_trigger_target_dag.py
[2023-12-01T13:44:17.799+0300] {logging_mixin.py:154} INFO - [2023-12-01T13:44:17.798+0300] {dag.py:2941} INFO - Sync 1 DAGs
[2023-12-01T13:44:17.814+0300] {logging_mixin.py:154} INFO - [2023-12-01T13:44:17.814+0300] {dag.py:3722} INFO - Setting next_dagrun for example_trigger_target_dag to None, run_after=None
[2023-12-01T13:44:17.867+0300] {processor.py:179} INFO - Processing /home/petr/project/venv/lib/python3.10/site-packages/airflow/example_dags/example_trigger_target_dag.py took 0.152 seconds
[2023-12-01T13:44:48.740+0300] {processor.py:157} INFO - Started process (PID=4727) to work on /home/petr/project/venv/lib/python3.10/site-packages/airflow/example_dags/example_trigger_target_dag.py
[2023-12-01T13:44:48.750+0300] {processor.py:829} INFO - Processing file /home/petr/project/venv/lib/python3.10/site-packages/airflow/example_dags/example_trigger_target_dag.py for tasks to queue
[2023-12-01T13:44:48.751+0300] {logging_mixin.py:154} INFO - [2023-12-01T13:44:48.750+0300] {dagbag.py:536} INFO - Filling up the DagBag from /home/petr/project/venv/lib/python3.10/site-packages/airflow/example_dags/example_trigger_target_dag.py
[2023-12-01T13:44:48.787+0300] {processor.py:839} INFO - DAG(s) dict_keys(['example_trigger_target_dag']) retrieved from /home/petr/project/venv/lib/python3.10/site-packages/airflow/example_dags/example_trigger_target_dag.py
[2023-12-01T13:44:48.867+0300] {logging_mixin.py:154} INFO - [2023-12-01T13:44:48.867+0300] {dag.py:2941} INFO - Sync 1 DAGs
[2023-12-01T13:44:48.890+0300] {logging_mixin.py:154} INFO - [2023-12-01T13:44:48.890+0300] {dag.py:3722} INFO - Setting next_dagrun for example_trigger_target_dag to None, run_after=None
[2023-12-01T13:44:48.948+0300] {processor.py:179} INFO - Processing /home/petr/project/venv/lib/python3.10/site-packages/airflow/example_dags/example_trigger_target_dag.py took 0.218 seconds
[2023-12-01T13:45:19.937+0300] {processor.py:157} INFO - Started process (PID=4850) to work on /home/petr/project/venv/lib/python3.10/site-packages/airflow/example_dags/example_trigger_target_dag.py
[2023-12-01T13:45:19.977+0300] {processor.py:829} INFO - Processing file /home/petr/project/venv/lib/python3.10/site-packages/airflow/example_dags/example_trigger_target_dag.py for tasks to queue
[2023-12-01T13:45:19.978+0300] {logging_mixin.py:154} INFO - [2023-12-01T13:45:19.978+0300] {dagbag.py:536} INFO - Filling up the DagBag from /home/petr/project/venv/lib/python3.10/site-packages/airflow/example_dags/example_trigger_target_dag.py
[2023-12-01T13:45:20.018+0300] {processor.py:839} INFO - DAG(s) dict_keys(['example_trigger_target_dag']) retrieved from /home/petr/project/venv/lib/python3.10/site-packages/airflow/example_dags/example_trigger_target_dag.py
[2023-12-01T13:45:20.130+0300] {logging_mixin.py:154} INFO - [2023-12-01T13:45:20.130+0300] {dag.py:2941} INFO - Sync 1 DAGs
[2023-12-01T13:45:20.184+0300] {logging_mixin.py:154} INFO - [2023-12-01T13:45:20.184+0300] {dag.py:3722} INFO - Setting next_dagrun for example_trigger_target_dag to None, run_after=None
[2023-12-01T13:45:20.264+0300] {processor.py:179} INFO - Processing /home/petr/project/venv/lib/python3.10/site-packages/airflow/example_dags/example_trigger_target_dag.py took 0.332 seconds
[2023-12-01T13:46:46.692+0300] {processor.py:157} INFO - Started process (PID=4962) to work on /home/petr/project/venv/lib/python3.10/site-packages/airflow/example_dags/example_trigger_target_dag.py
[2023-12-01T13:46:46.708+0300] {processor.py:829} INFO - Processing file /home/petr/project/venv/lib/python3.10/site-packages/airflow/example_dags/example_trigger_target_dag.py for tasks to queue
[2023-12-01T13:46:46.709+0300] {logging_mixin.py:154} INFO - [2023-12-01T13:46:46.708+0300] {dagbag.py:536} INFO - Filling up the DagBag from /home/petr/project/venv/lib/python3.10/site-packages/airflow/example_dags/example_trigger_target_dag.py
[2023-12-01T13:46:46.735+0300] {processor.py:839} INFO - DAG(s) dict_keys(['example_trigger_target_dag']) retrieved from /home/petr/project/venv/lib/python3.10/site-packages/airflow/example_dags/example_trigger_target_dag.py
[2023-12-01T13:46:46.829+0300] {logging_mixin.py:154} INFO - [2023-12-01T13:46:46.829+0300] {dag.py:2941} INFO - Sync 1 DAGs
[2023-12-01T13:46:46.875+0300] {logging_mixin.py:154} INFO - [2023-12-01T13:46:46.875+0300] {dag.py:3722} INFO - Setting next_dagrun for example_trigger_target_dag to None, run_after=None
[2023-12-01T13:46:46.936+0300] {processor.py:179} INFO - Processing /home/petr/project/venv/lib/python3.10/site-packages/airflow/example_dags/example_trigger_target_dag.py took 0.249 seconds
[2023-12-01T13:47:17.099+0300] {processor.py:157} INFO - Started process (PID=5068) to work on /home/petr/project/venv/lib/python3.10/site-packages/airflow/example_dags/example_trigger_target_dag.py
[2023-12-01T13:47:17.112+0300] {processor.py:829} INFO - Processing file /home/petr/project/venv/lib/python3.10/site-packages/airflow/example_dags/example_trigger_target_dag.py for tasks to queue
[2023-12-01T13:47:17.115+0300] {logging_mixin.py:154} INFO - [2023-12-01T13:47:17.115+0300] {dagbag.py:536} INFO - Filling up the DagBag from /home/petr/project/venv/lib/python3.10/site-packages/airflow/example_dags/example_trigger_target_dag.py
[2023-12-01T13:47:17.120+0300] {processor.py:839} INFO - DAG(s) dict_keys(['example_trigger_target_dag']) retrieved from /home/petr/project/venv/lib/python3.10/site-packages/airflow/example_dags/example_trigger_target_dag.py
[2023-12-01T13:47:17.176+0300] {logging_mixin.py:154} INFO - [2023-12-01T13:47:17.176+0300] {dag.py:2941} INFO - Sync 1 DAGs
[2023-12-01T13:47:17.191+0300] {logging_mixin.py:154} INFO - [2023-12-01T13:47:17.191+0300] {dag.py:3722} INFO - Setting next_dagrun for example_trigger_target_dag to None, run_after=None
[2023-12-01T13:47:17.230+0300] {processor.py:179} INFO - Processing /home/petr/project/venv/lib/python3.10/site-packages/airflow/example_dags/example_trigger_target_dag.py took 0.134 seconds
[2023-12-01T13:47:48.198+0300] {processor.py:157} INFO - Started process (PID=5192) to work on /home/petr/project/venv/lib/python3.10/site-packages/airflow/example_dags/example_trigger_target_dag.py
[2023-12-01T13:47:48.200+0300] {processor.py:829} INFO - Processing file /home/petr/project/venv/lib/python3.10/site-packages/airflow/example_dags/example_trigger_target_dag.py for tasks to queue
[2023-12-01T13:47:48.202+0300] {logging_mixin.py:154} INFO - [2023-12-01T13:47:48.201+0300] {dagbag.py:536} INFO - Filling up the DagBag from /home/petr/project/venv/lib/python3.10/site-packages/airflow/example_dags/example_trigger_target_dag.py
[2023-12-01T13:47:48.207+0300] {processor.py:839} INFO - DAG(s) dict_keys(['example_trigger_target_dag']) retrieved from /home/petr/project/venv/lib/python3.10/site-packages/airflow/example_dags/example_trigger_target_dag.py
[2023-12-01T13:47:48.303+0300] {logging_mixin.py:154} INFO - [2023-12-01T13:47:48.302+0300] {dag.py:2941} INFO - Sync 1 DAGs
[2023-12-01T13:47:48.338+0300] {logging_mixin.py:154} INFO - [2023-12-01T13:47:48.338+0300] {dag.py:3722} INFO - Setting next_dagrun for example_trigger_target_dag to None, run_after=None
[2023-12-01T13:47:48.396+0300] {processor.py:179} INFO - Processing /home/petr/project/venv/lib/python3.10/site-packages/airflow/example_dags/example_trigger_target_dag.py took 0.225 seconds
[2023-12-01T13:49:11.514+0300] {processor.py:157} INFO - Started process (PID=5339) to work on /home/petr/project/venv/lib/python3.10/site-packages/airflow/example_dags/example_trigger_target_dag.py
[2023-12-01T13:49:11.520+0300] {processor.py:829} INFO - Processing file /home/petr/project/venv/lib/python3.10/site-packages/airflow/example_dags/example_trigger_target_dag.py for tasks to queue
[2023-12-01T13:49:11.521+0300] {logging_mixin.py:154} INFO - [2023-12-01T13:49:11.521+0300] {dagbag.py:536} INFO - Filling up the DagBag from /home/petr/project/venv/lib/python3.10/site-packages/airflow/example_dags/example_trigger_target_dag.py
[2023-12-01T13:49:11.532+0300] {processor.py:839} INFO - DAG(s) dict_keys(['example_trigger_target_dag']) retrieved from /home/petr/project/venv/lib/python3.10/site-packages/airflow/example_dags/example_trigger_target_dag.py
[2023-12-01T13:49:11.600+0300] {logging_mixin.py:154} INFO - [2023-12-01T13:49:11.600+0300] {dag.py:2941} INFO - Sync 1 DAGs
[2023-12-01T13:49:11.618+0300] {logging_mixin.py:154} INFO - [2023-12-01T13:49:11.618+0300] {dag.py:3722} INFO - Setting next_dagrun for example_trigger_target_dag to None, run_after=None
[2023-12-01T13:49:11.657+0300] {processor.py:179} INFO - Processing /home/petr/project/venv/lib/python3.10/site-packages/airflow/example_dags/example_trigger_target_dag.py took 0.147 seconds
[2023-12-01T13:49:43.308+0300] {processor.py:157} INFO - Started process (PID=5440) to work on /home/petr/project/venv/lib/python3.10/site-packages/airflow/example_dags/example_trigger_target_dag.py
[2023-12-01T13:49:43.309+0300] {processor.py:829} INFO - Processing file /home/petr/project/venv/lib/python3.10/site-packages/airflow/example_dags/example_trigger_target_dag.py for tasks to queue
[2023-12-01T13:49:43.309+0300] {logging_mixin.py:154} INFO - [2023-12-01T13:49:43.309+0300] {dagbag.py:536} INFO - Filling up the DagBag from /home/petr/project/venv/lib/python3.10/site-packages/airflow/example_dags/example_trigger_target_dag.py
[2023-12-01T13:49:43.325+0300] {processor.py:839} INFO - DAG(s) dict_keys(['example_trigger_target_dag']) retrieved from /home/petr/project/venv/lib/python3.10/site-packages/airflow/example_dags/example_trigger_target_dag.py
[2023-12-01T13:49:43.385+0300] {logging_mixin.py:154} INFO - [2023-12-01T13:49:43.385+0300] {dag.py:2941} INFO - Sync 1 DAGs
[2023-12-01T13:49:43.404+0300] {logging_mixin.py:154} INFO - [2023-12-01T13:49:43.404+0300] {dag.py:3722} INFO - Setting next_dagrun for example_trigger_target_dag to None, run_after=None
[2023-12-01T13:49:43.451+0300] {processor.py:179} INFO - Processing /home/petr/project/venv/lib/python3.10/site-packages/airflow/example_dags/example_trigger_target_dag.py took 0.145 seconds
[2023-12-01T13:50:14.094+0300] {processor.py:157} INFO - Started process (PID=5549) to work on /home/petr/project/venv/lib/python3.10/site-packages/airflow/example_dags/example_trigger_target_dag.py
[2023-12-01T13:50:14.109+0300] {processor.py:829} INFO - Processing file /home/petr/project/venv/lib/python3.10/site-packages/airflow/example_dags/example_trigger_target_dag.py for tasks to queue
[2023-12-01T13:50:14.110+0300] {logging_mixin.py:154} INFO - [2023-12-01T13:50:14.110+0300] {dagbag.py:536} INFO - Filling up the DagBag from /home/petr/project/venv/lib/python3.10/site-packages/airflow/example_dags/example_trigger_target_dag.py
[2023-12-01T13:50:14.117+0300] {processor.py:839} INFO - DAG(s) dict_keys(['example_trigger_target_dag']) retrieved from /home/petr/project/venv/lib/python3.10/site-packages/airflow/example_dags/example_trigger_target_dag.py
[2023-12-01T13:50:14.165+0300] {logging_mixin.py:154} INFO - [2023-12-01T13:50:14.165+0300] {dag.py:2941} INFO - Sync 1 DAGs
[2023-12-01T13:50:14.185+0300] {logging_mixin.py:154} INFO - [2023-12-01T13:50:14.185+0300] {dag.py:3722} INFO - Setting next_dagrun for example_trigger_target_dag to None, run_after=None
[2023-12-01T13:50:14.226+0300] {processor.py:179} INFO - Processing /home/petr/project/venv/lib/python3.10/site-packages/airflow/example_dags/example_trigger_target_dag.py took 0.135 seconds
[2023-12-01T20:00:53.782+0300] {processor.py:157} INFO - Started process (PID=5924) to work on /home/petr/project/venv/lib/python3.10/site-packages/airflow/example_dags/example_trigger_target_dag.py
[2023-12-01T20:00:53.785+0300] {processor.py:829} INFO - Processing file /home/petr/project/venv/lib/python3.10/site-packages/airflow/example_dags/example_trigger_target_dag.py for tasks to queue
[2023-12-01T20:00:53.788+0300] {logging_mixin.py:154} INFO - [2023-12-01T20:00:53.787+0300] {dagbag.py:536} INFO - Filling up the DagBag from /home/petr/project/venv/lib/python3.10/site-packages/airflow/example_dags/example_trigger_target_dag.py
[2023-12-01T20:00:53.815+0300] {processor.py:839} INFO - DAG(s) dict_keys(['example_trigger_target_dag']) retrieved from /home/petr/project/venv/lib/python3.10/site-packages/airflow/example_dags/example_trigger_target_dag.py
[2023-12-01T20:00:54.082+0300] {logging_mixin.py:154} INFO - [2023-12-01T20:00:54.082+0300] {dag.py:2941} INFO - Sync 1 DAGs
[2023-12-01T20:00:54.163+0300] {logging_mixin.py:154} INFO - [2023-12-01T20:00:54.162+0300] {dag.py:3722} INFO - Setting next_dagrun for example_trigger_target_dag to None, run_after=None
[2023-12-01T20:00:54.299+0300] {processor.py:179} INFO - Processing /home/petr/project/venv/lib/python3.10/site-packages/airflow/example_dags/example_trigger_target_dag.py took 0.535 seconds
