[2023-12-01T13:38:10.641+0300] {processor.py:157} INFO - Started process (PID=3400) to work on /home/petr/project/venv/lib/python3.10/site-packages/airflow/example_dags/example_sensors.py
[2023-12-01T13:38:10.642+0300] {processor.py:829} INFO - Processing file /home/petr/project/venv/lib/python3.10/site-packages/airflow/example_dags/example_sensors.py for tasks to queue
[2023-12-01T13:38:10.642+0300] {logging_mixin.py:154} INFO - [2023-12-01T13:38:10.642+0300] {dagbag.py:536} INFO - Filling up the DagBag from /home/petr/project/venv/lib/python3.10/site-packages/airflow/example_dags/example_sensors.py
[2023-12-01T13:38:10.688+0300] {processor.py:839} INFO - DAG(s) dict_keys(['example_sensors']) retrieved from /home/petr/project/venv/lib/python3.10/site-packages/airflow/example_dags/example_sensors.py
[2023-12-01T13:38:10.823+0300] {logging_mixin.py:154} INFO - [2023-12-01T13:38:10.823+0300] {dag.py:2941} INFO - Sync 1 DAGs
[2023-12-01T13:38:10.893+0300] {logging_mixin.py:154} INFO - [2023-12-01T13:38:10.893+0300] {dag.py:3722} INFO - Setting next_dagrun for example_sensors to None, run_after=None
[2023-12-01T13:38:10.982+0300] {processor.py:179} INFO - Processing /home/petr/project/venv/lib/python3.10/site-packages/airflow/example_dags/example_sensors.py took 0.356 seconds
[2023-12-01T13:38:42.108+0300] {processor.py:157} INFO - Started process (PID=3503) to work on /home/petr/project/venv/lib/python3.10/site-packages/airflow/example_dags/example_sensors.py
[2023-12-01T13:38:42.109+0300] {processor.py:829} INFO - Processing file /home/petr/project/venv/lib/python3.10/site-packages/airflow/example_dags/example_sensors.py for tasks to queue
[2023-12-01T13:38:42.110+0300] {logging_mixin.py:154} INFO - [2023-12-01T13:38:42.109+0300] {dagbag.py:536} INFO - Filling up the DagBag from /home/petr/project/venv/lib/python3.10/site-packages/airflow/example_dags/example_sensors.py
[2023-12-01T13:38:42.134+0300] {processor.py:839} INFO - DAG(s) dict_keys(['example_sensors']) retrieved from /home/petr/project/venv/lib/python3.10/site-packages/airflow/example_dags/example_sensors.py
[2023-12-01T13:38:42.191+0300] {logging_mixin.py:154} INFO - [2023-12-01T13:38:42.191+0300] {dag.py:2941} INFO - Sync 1 DAGs
[2023-12-01T13:38:42.213+0300] {logging_mixin.py:154} INFO - [2023-12-01T13:38:42.213+0300] {dag.py:3722} INFO - Setting next_dagrun for example_sensors to None, run_after=None
[2023-12-01T13:38:42.250+0300] {processor.py:179} INFO - Processing /home/petr/project/venv/lib/python3.10/site-packages/airflow/example_dags/example_sensors.py took 0.146 seconds
[2023-12-01T13:39:12.588+0300] {processor.py:157} INFO - Started process (PID=3603) to work on /home/petr/project/venv/lib/python3.10/site-packages/airflow/example_dags/example_sensors.py
[2023-12-01T13:39:12.589+0300] {processor.py:829} INFO - Processing file /home/petr/project/venv/lib/python3.10/site-packages/airflow/example_dags/example_sensors.py for tasks to queue
[2023-12-01T13:39:12.590+0300] {logging_mixin.py:154} INFO - [2023-12-01T13:39:12.590+0300] {dagbag.py:536} INFO - Filling up the DagBag from /home/petr/project/venv/lib/python3.10/site-packages/airflow/example_dags/example_sensors.py
[2023-12-01T13:39:12.610+0300] {processor.py:839} INFO - DAG(s) dict_keys(['example_sensors']) retrieved from /home/petr/project/venv/lib/python3.10/site-packages/airflow/example_dags/example_sensors.py
[2023-12-01T13:39:12.668+0300] {logging_mixin.py:154} INFO - [2023-12-01T13:39:12.667+0300] {dag.py:2941} INFO - Sync 1 DAGs
[2023-12-01T13:39:12.690+0300] {logging_mixin.py:154} INFO - [2023-12-01T13:39:12.687+0300] {dag.py:3722} INFO - Setting next_dagrun for example_sensors to None, run_after=None
[2023-12-01T13:39:12.758+0300] {processor.py:179} INFO - Processing /home/petr/project/venv/lib/python3.10/site-packages/airflow/example_dags/example_sensors.py took 0.186 seconds
[2023-12-01T13:39:43.670+0300] {processor.py:157} INFO - Started process (PID=3720) to work on /home/petr/project/venv/lib/python3.10/site-packages/airflow/example_dags/example_sensors.py
[2023-12-01T13:39:43.671+0300] {processor.py:829} INFO - Processing file /home/petr/project/venv/lib/python3.10/site-packages/airflow/example_dags/example_sensors.py for tasks to queue
[2023-12-01T13:39:43.672+0300] {logging_mixin.py:154} INFO - [2023-12-01T13:39:43.672+0300] {dagbag.py:536} INFO - Filling up the DagBag from /home/petr/project/venv/lib/python3.10/site-packages/airflow/example_dags/example_sensors.py
[2023-12-01T13:39:43.703+0300] {processor.py:839} INFO - DAG(s) dict_keys(['example_sensors']) retrieved from /home/petr/project/venv/lib/python3.10/site-packages/airflow/example_dags/example_sensors.py
[2023-12-01T13:39:43.762+0300] {logging_mixin.py:154} INFO - [2023-12-01T13:39:43.762+0300] {dag.py:2941} INFO - Sync 1 DAGs
[2023-12-01T13:39:43.786+0300] {logging_mixin.py:154} INFO - [2023-12-01T13:39:43.786+0300] {dag.py:3722} INFO - Setting next_dagrun for example_sensors to None, run_after=None
[2023-12-01T13:39:43.824+0300] {processor.py:179} INFO - Processing /home/petr/project/venv/lib/python3.10/site-packages/airflow/example_dags/example_sensors.py took 0.161 seconds
[2023-12-01T13:40:14.296+0300] {processor.py:157} INFO - Started process (PID=3839) to work on /home/petr/project/venv/lib/python3.10/site-packages/airflow/example_dags/example_sensors.py
[2023-12-01T13:40:14.329+0300] {processor.py:829} INFO - Processing file /home/petr/project/venv/lib/python3.10/site-packages/airflow/example_dags/example_sensors.py for tasks to queue
[2023-12-01T13:40:14.330+0300] {logging_mixin.py:154} INFO - [2023-12-01T13:40:14.329+0300] {dagbag.py:536} INFO - Filling up the DagBag from /home/petr/project/venv/lib/python3.10/site-packages/airflow/example_dags/example_sensors.py
[2023-12-01T13:40:14.338+0300] {processor.py:839} INFO - DAG(s) dict_keys(['example_sensors']) retrieved from /home/petr/project/venv/lib/python3.10/site-packages/airflow/example_dags/example_sensors.py
[2023-12-01T13:40:14.511+0300] {logging_mixin.py:154} INFO - [2023-12-01T13:40:14.510+0300] {dag.py:2941} INFO - Sync 1 DAGs
[2023-12-01T13:40:14.553+0300] {logging_mixin.py:154} INFO - [2023-12-01T13:40:14.553+0300] {dag.py:3722} INFO - Setting next_dagrun for example_sensors to None, run_after=None
[2023-12-01T13:40:14.619+0300] {processor.py:179} INFO - Processing /home/petr/project/venv/lib/python3.10/site-packages/airflow/example_dags/example_sensors.py took 0.327 seconds
[2023-12-01T13:40:45.420+0300] {processor.py:157} INFO - Started process (PID=3942) to work on /home/petr/project/venv/lib/python3.10/site-packages/airflow/example_dags/example_sensors.py
[2023-12-01T13:40:45.421+0300] {processor.py:829} INFO - Processing file /home/petr/project/venv/lib/python3.10/site-packages/airflow/example_dags/example_sensors.py for tasks to queue
[2023-12-01T13:40:45.422+0300] {logging_mixin.py:154} INFO - [2023-12-01T13:40:45.421+0300] {dagbag.py:536} INFO - Filling up the DagBag from /home/petr/project/venv/lib/python3.10/site-packages/airflow/example_dags/example_sensors.py
[2023-12-01T13:40:45.431+0300] {processor.py:839} INFO - DAG(s) dict_keys(['example_sensors']) retrieved from /home/petr/project/venv/lib/python3.10/site-packages/airflow/example_dags/example_sensors.py
[2023-12-01T13:40:45.563+0300] {logging_mixin.py:154} INFO - [2023-12-01T13:40:45.563+0300] {dag.py:2941} INFO - Sync 1 DAGs
[2023-12-01T13:40:45.583+0300] {logging_mixin.py:154} INFO - [2023-12-01T13:40:45.582+0300] {dag.py:3722} INFO - Setting next_dagrun for example_sensors to None, run_after=None
[2023-12-01T13:40:45.606+0300] {processor.py:179} INFO - Processing /home/petr/project/venv/lib/python3.10/site-packages/airflow/example_dags/example_sensors.py took 0.189 seconds
[2023-12-01T13:41:16.522+0300] {processor.py:157} INFO - Started process (PID=4041) to work on /home/petr/project/venv/lib/python3.10/site-packages/airflow/example_dags/example_sensors.py
[2023-12-01T13:41:16.527+0300] {processor.py:829} INFO - Processing file /home/petr/project/venv/lib/python3.10/site-packages/airflow/example_dags/example_sensors.py for tasks to queue
[2023-12-01T13:41:16.528+0300] {logging_mixin.py:154} INFO - [2023-12-01T13:41:16.528+0300] {dagbag.py:536} INFO - Filling up the DagBag from /home/petr/project/venv/lib/python3.10/site-packages/airflow/example_dags/example_sensors.py
[2023-12-01T13:41:16.538+0300] {processor.py:839} INFO - DAG(s) dict_keys(['example_sensors']) retrieved from /home/petr/project/venv/lib/python3.10/site-packages/airflow/example_dags/example_sensors.py
[2023-12-01T13:41:16.566+0300] {logging_mixin.py:154} INFO - [2023-12-01T13:41:16.566+0300] {dag.py:2941} INFO - Sync 1 DAGs
[2023-12-01T13:41:16.575+0300] {logging_mixin.py:154} INFO - [2023-12-01T13:41:16.575+0300] {dag.py:3722} INFO - Setting next_dagrun for example_sensors to None, run_after=None
[2023-12-01T13:41:16.610+0300] {processor.py:179} INFO - Processing /home/petr/project/venv/lib/python3.10/site-packages/airflow/example_dags/example_sensors.py took 0.093 seconds
[2023-12-01T13:41:46.661+0300] {processor.py:157} INFO - Started process (PID=4145) to work on /home/petr/project/venv/lib/python3.10/site-packages/airflow/example_dags/example_sensors.py
[2023-12-01T13:41:46.662+0300] {processor.py:829} INFO - Processing file /home/petr/project/venv/lib/python3.10/site-packages/airflow/example_dags/example_sensors.py for tasks to queue
[2023-12-01T13:41:46.662+0300] {logging_mixin.py:154} INFO - [2023-12-01T13:41:46.662+0300] {dagbag.py:536} INFO - Filling up the DagBag from /home/petr/project/venv/lib/python3.10/site-packages/airflow/example_dags/example_sensors.py
[2023-12-01T13:41:46.674+0300] {processor.py:839} INFO - DAG(s) dict_keys(['example_sensors']) retrieved from /home/petr/project/venv/lib/python3.10/site-packages/airflow/example_dags/example_sensors.py
[2023-12-01T13:41:46.707+0300] {logging_mixin.py:154} INFO - [2023-12-01T13:41:46.707+0300] {dag.py:2941} INFO - Sync 1 DAGs
[2023-12-01T13:41:46.719+0300] {logging_mixin.py:154} INFO - [2023-12-01T13:41:46.719+0300] {dag.py:3722} INFO - Setting next_dagrun for example_sensors to None, run_after=None
[2023-12-01T13:41:46.740+0300] {processor.py:179} INFO - Processing /home/petr/project/venv/lib/python3.10/site-packages/airflow/example_dags/example_sensors.py took 0.084 seconds
[2023-12-01T13:42:17.473+0300] {processor.py:157} INFO - Started process (PID=4252) to work on /home/petr/project/venv/lib/python3.10/site-packages/airflow/example_dags/example_sensors.py
[2023-12-01T13:42:17.478+0300] {processor.py:829} INFO - Processing file /home/petr/project/venv/lib/python3.10/site-packages/airflow/example_dags/example_sensors.py for tasks to queue
[2023-12-01T13:42:17.478+0300] {logging_mixin.py:154} INFO - [2023-12-01T13:42:17.478+0300] {dagbag.py:536} INFO - Filling up the DagBag from /home/petr/project/venv/lib/python3.10/site-packages/airflow/example_dags/example_sensors.py
[2023-12-01T13:42:17.488+0300] {processor.py:839} INFO - DAG(s) dict_keys(['example_sensors']) retrieved from /home/petr/project/venv/lib/python3.10/site-packages/airflow/example_dags/example_sensors.py
[2023-12-01T13:42:17.520+0300] {logging_mixin.py:154} INFO - [2023-12-01T13:42:17.520+0300] {dag.py:2941} INFO - Sync 1 DAGs
[2023-12-01T13:42:17.546+0300] {logging_mixin.py:154} INFO - [2023-12-01T13:42:17.545+0300] {dag.py:3722} INFO - Setting next_dagrun for example_sensors to None, run_after=None
[2023-12-01T13:42:17.593+0300] {processor.py:179} INFO - Processing /home/petr/project/venv/lib/python3.10/site-packages/airflow/example_dags/example_sensors.py took 0.137 seconds
[2023-12-01T13:42:47.857+0300] {processor.py:157} INFO - Started process (PID=4356) to work on /home/petr/project/venv/lib/python3.10/site-packages/airflow/example_dags/example_sensors.py
[2023-12-01T13:42:47.861+0300] {processor.py:829} INFO - Processing file /home/petr/project/venv/lib/python3.10/site-packages/airflow/example_dags/example_sensors.py for tasks to queue
[2023-12-01T13:42:47.862+0300] {logging_mixin.py:154} INFO - [2023-12-01T13:42:47.861+0300] {dagbag.py:536} INFO - Filling up the DagBag from /home/petr/project/venv/lib/python3.10/site-packages/airflow/example_dags/example_sensors.py
[2023-12-01T13:42:47.874+0300] {processor.py:839} INFO - DAG(s) dict_keys(['example_sensors']) retrieved from /home/petr/project/venv/lib/python3.10/site-packages/airflow/example_dags/example_sensors.py
[2023-12-01T13:42:47.958+0300] {logging_mixin.py:154} INFO - [2023-12-01T13:42:47.958+0300] {dag.py:2941} INFO - Sync 1 DAGs
[2023-12-01T13:42:47.977+0300] {logging_mixin.py:154} INFO - [2023-12-01T13:42:47.977+0300] {dag.py:3722} INFO - Setting next_dagrun for example_sensors to None, run_after=None
[2023-12-01T13:42:48.009+0300] {processor.py:179} INFO - Processing /home/petr/project/venv/lib/python3.10/site-packages/airflow/example_dags/example_sensors.py took 0.157 seconds
[2023-12-01T13:43:18.119+0300] {processor.py:157} INFO - Started process (PID=4457) to work on /home/petr/project/venv/lib/python3.10/site-packages/airflow/example_dags/example_sensors.py
[2023-12-01T13:43:18.123+0300] {processor.py:829} INFO - Processing file /home/petr/project/venv/lib/python3.10/site-packages/airflow/example_dags/example_sensors.py for tasks to queue
[2023-12-01T13:43:18.124+0300] {logging_mixin.py:154} INFO - [2023-12-01T13:43:18.123+0300] {dagbag.py:536} INFO - Filling up the DagBag from /home/petr/project/venv/lib/python3.10/site-packages/airflow/example_dags/example_sensors.py
[2023-12-01T13:43:18.132+0300] {processor.py:839} INFO - DAG(s) dict_keys(['example_sensors']) retrieved from /home/petr/project/venv/lib/python3.10/site-packages/airflow/example_dags/example_sensors.py
[2023-12-01T13:43:18.158+0300] {logging_mixin.py:154} INFO - [2023-12-01T13:43:18.158+0300] {dag.py:2941} INFO - Sync 1 DAGs
[2023-12-01T13:43:18.171+0300] {logging_mixin.py:154} INFO - [2023-12-01T13:43:18.170+0300] {dag.py:3722} INFO - Setting next_dagrun for example_sensors to None, run_after=None
[2023-12-01T13:43:18.185+0300] {processor.py:179} INFO - Processing /home/petr/project/venv/lib/python3.10/site-packages/airflow/example_dags/example_sensors.py took 0.069 seconds
[2023-12-01T13:43:48.635+0300] {processor.py:157} INFO - Started process (PID=4557) to work on /home/petr/project/venv/lib/python3.10/site-packages/airflow/example_dags/example_sensors.py
[2023-12-01T13:43:48.641+0300] {processor.py:829} INFO - Processing file /home/petr/project/venv/lib/python3.10/site-packages/airflow/example_dags/example_sensors.py for tasks to queue
[2023-12-01T13:43:48.642+0300] {logging_mixin.py:154} INFO - [2023-12-01T13:43:48.642+0300] {dagbag.py:536} INFO - Filling up the DagBag from /home/petr/project/venv/lib/python3.10/site-packages/airflow/example_dags/example_sensors.py
[2023-12-01T13:43:48.651+0300] {processor.py:839} INFO - DAG(s) dict_keys(['example_sensors']) retrieved from /home/petr/project/venv/lib/python3.10/site-packages/airflow/example_dags/example_sensors.py
[2023-12-01T13:43:48.701+0300] {logging_mixin.py:154} INFO - [2023-12-01T13:43:48.701+0300] {dag.py:2941} INFO - Sync 1 DAGs
[2023-12-01T13:43:48.712+0300] {logging_mixin.py:154} INFO - [2023-12-01T13:43:48.712+0300] {dag.py:3722} INFO - Setting next_dagrun for example_sensors to None, run_after=None
[2023-12-01T13:43:48.745+0300] {processor.py:179} INFO - Processing /home/petr/project/venv/lib/python3.10/site-packages/airflow/example_dags/example_sensors.py took 0.114 seconds
[2023-12-01T13:44:18.953+0300] {processor.py:157} INFO - Started process (PID=4656) to work on /home/petr/project/venv/lib/python3.10/site-packages/airflow/example_dags/example_sensors.py
[2023-12-01T13:44:18.956+0300] {processor.py:829} INFO - Processing file /home/petr/project/venv/lib/python3.10/site-packages/airflow/example_dags/example_sensors.py for tasks to queue
[2023-12-01T13:44:18.957+0300] {logging_mixin.py:154} INFO - [2023-12-01T13:44:18.957+0300] {dagbag.py:536} INFO - Filling up the DagBag from /home/petr/project/venv/lib/python3.10/site-packages/airflow/example_dags/example_sensors.py
[2023-12-01T13:44:18.978+0300] {processor.py:839} INFO - DAG(s) dict_keys(['example_sensors']) retrieved from /home/petr/project/venv/lib/python3.10/site-packages/airflow/example_dags/example_sensors.py
[2023-12-01T13:44:19.003+0300] {logging_mixin.py:154} INFO - [2023-12-01T13:44:19.003+0300] {dag.py:2941} INFO - Sync 1 DAGs
[2023-12-01T13:44:19.015+0300] {logging_mixin.py:154} INFO - [2023-12-01T13:44:19.014+0300] {dag.py:3722} INFO - Setting next_dagrun for example_sensors to None, run_after=None
[2023-12-01T13:44:19.036+0300] {processor.py:179} INFO - Processing /home/petr/project/venv/lib/python3.10/site-packages/airflow/example_dags/example_sensors.py took 0.094 seconds
[2023-12-01T13:44:50.720+0300] {processor.py:157} INFO - Started process (PID=4763) to work on /home/petr/project/venv/lib/python3.10/site-packages/airflow/example_dags/example_sensors.py
[2023-12-01T13:44:50.733+0300] {processor.py:829} INFO - Processing file /home/petr/project/venv/lib/python3.10/site-packages/airflow/example_dags/example_sensors.py for tasks to queue
[2023-12-01T13:44:50.734+0300] {logging_mixin.py:154} INFO - [2023-12-01T13:44:50.734+0300] {dagbag.py:536} INFO - Filling up the DagBag from /home/petr/project/venv/lib/python3.10/site-packages/airflow/example_dags/example_sensors.py
[2023-12-01T13:44:50.748+0300] {processor.py:839} INFO - DAG(s) dict_keys(['example_sensors']) retrieved from /home/petr/project/venv/lib/python3.10/site-packages/airflow/example_dags/example_sensors.py
[2023-12-01T13:44:50.807+0300] {logging_mixin.py:154} INFO - [2023-12-01T13:44:50.806+0300] {dag.py:2941} INFO - Sync 1 DAGs
[2023-12-01T13:44:50.832+0300] {logging_mixin.py:154} INFO - [2023-12-01T13:44:50.832+0300] {dag.py:3722} INFO - Setting next_dagrun for example_sensors to None, run_after=None
[2023-12-01T13:44:50.873+0300] {processor.py:179} INFO - Processing /home/petr/project/venv/lib/python3.10/site-packages/airflow/example_dags/example_sensors.py took 0.156 seconds
[2023-12-01T13:45:21.545+0300] {processor.py:157} INFO - Started process (PID=4880) to work on /home/petr/project/venv/lib/python3.10/site-packages/airflow/example_dags/example_sensors.py
[2023-12-01T13:45:21.554+0300] {processor.py:829} INFO - Processing file /home/petr/project/venv/lib/python3.10/site-packages/airflow/example_dags/example_sensors.py for tasks to queue
[2023-12-01T13:45:21.555+0300] {logging_mixin.py:154} INFO - [2023-12-01T13:45:21.554+0300] {dagbag.py:536} INFO - Filling up the DagBag from /home/petr/project/venv/lib/python3.10/site-packages/airflow/example_dags/example_sensors.py
[2023-12-01T13:45:21.576+0300] {processor.py:839} INFO - DAG(s) dict_keys(['example_sensors']) retrieved from /home/petr/project/venv/lib/python3.10/site-packages/airflow/example_dags/example_sensors.py
[2023-12-01T13:45:21.633+0300] {logging_mixin.py:154} INFO - [2023-12-01T13:45:21.633+0300] {dag.py:2941} INFO - Sync 1 DAGs
[2023-12-01T13:45:21.656+0300] {logging_mixin.py:154} INFO - [2023-12-01T13:45:21.655+0300] {dag.py:3722} INFO - Setting next_dagrun for example_sensors to None, run_after=None
[2023-12-01T13:45:21.698+0300] {processor.py:179} INFO - Processing /home/petr/project/venv/lib/python3.10/site-packages/airflow/example_dags/example_sensors.py took 0.156 seconds
[2023-12-01T13:46:48.857+0300] {processor.py:157} INFO - Started process (PID=4995) to work on /home/petr/project/venv/lib/python3.10/site-packages/airflow/example_dags/example_sensors.py
[2023-12-01T13:46:48.863+0300] {processor.py:829} INFO - Processing file /home/petr/project/venv/lib/python3.10/site-packages/airflow/example_dags/example_sensors.py for tasks to queue
[2023-12-01T13:46:48.864+0300] {logging_mixin.py:154} INFO - [2023-12-01T13:46:48.864+0300] {dagbag.py:536} INFO - Filling up the DagBag from /home/petr/project/venv/lib/python3.10/site-packages/airflow/example_dags/example_sensors.py
[2023-12-01T13:46:48.888+0300] {processor.py:839} INFO - DAG(s) dict_keys(['example_sensors']) retrieved from /home/petr/project/venv/lib/python3.10/site-packages/airflow/example_dags/example_sensors.py
[2023-12-01T13:46:48.967+0300] {logging_mixin.py:154} INFO - [2023-12-01T13:46:48.967+0300] {dag.py:2941} INFO - Sync 1 DAGs
[2023-12-01T13:46:48.987+0300] {logging_mixin.py:154} INFO - [2023-12-01T13:46:48.987+0300] {dag.py:3722} INFO - Setting next_dagrun for example_sensors to None, run_after=None
[2023-12-01T13:46:49.022+0300] {processor.py:179} INFO - Processing /home/petr/project/venv/lib/python3.10/site-packages/airflow/example_dags/example_sensors.py took 0.168 seconds
[2023-12-01T13:47:19.696+0300] {processor.py:157} INFO - Started process (PID=5099) to work on /home/petr/project/venv/lib/python3.10/site-packages/airflow/example_dags/example_sensors.py
[2023-12-01T13:47:19.700+0300] {processor.py:829} INFO - Processing file /home/petr/project/venv/lib/python3.10/site-packages/airflow/example_dags/example_sensors.py for tasks to queue
[2023-12-01T13:47:19.700+0300] {logging_mixin.py:154} INFO - [2023-12-01T13:47:19.700+0300] {dagbag.py:536} INFO - Filling up the DagBag from /home/petr/project/venv/lib/python3.10/site-packages/airflow/example_dags/example_sensors.py
[2023-12-01T13:47:19.725+0300] {processor.py:839} INFO - DAG(s) dict_keys(['example_sensors']) retrieved from /home/petr/project/venv/lib/python3.10/site-packages/airflow/example_dags/example_sensors.py
[2023-12-01T13:47:19.776+0300] {logging_mixin.py:154} INFO - [2023-12-01T13:47:19.775+0300] {dag.py:2941} INFO - Sync 1 DAGs
[2023-12-01T13:47:19.792+0300] {logging_mixin.py:154} INFO - [2023-12-01T13:47:19.792+0300] {dag.py:3722} INFO - Setting next_dagrun for example_sensors to None, run_after=None
[2023-12-01T13:47:19.829+0300] {processor.py:179} INFO - Processing /home/petr/project/venv/lib/python3.10/site-packages/airflow/example_dags/example_sensors.py took 0.136 seconds
[2023-12-01T13:47:51.294+0300] {processor.py:157} INFO - Started process (PID=5226) to work on /home/petr/project/venv/lib/python3.10/site-packages/airflow/example_dags/example_sensors.py
[2023-12-01T13:47:51.300+0300] {processor.py:829} INFO - Processing file /home/petr/project/venv/lib/python3.10/site-packages/airflow/example_dags/example_sensors.py for tasks to queue
[2023-12-01T13:47:51.302+0300] {logging_mixin.py:154} INFO - [2023-12-01T13:47:51.301+0300] {dagbag.py:536} INFO - Filling up the DagBag from /home/petr/project/venv/lib/python3.10/site-packages/airflow/example_dags/example_sensors.py
[2023-12-01T13:47:51.331+0300] {processor.py:839} INFO - DAG(s) dict_keys(['example_sensors']) retrieved from /home/petr/project/venv/lib/python3.10/site-packages/airflow/example_dags/example_sensors.py
[2023-12-01T13:47:51.410+0300] {logging_mixin.py:154} INFO - [2023-12-01T13:47:51.410+0300] {dag.py:2941} INFO - Sync 1 DAGs
[2023-12-01T13:47:51.445+0300] {logging_mixin.py:154} INFO - [2023-12-01T13:47:51.445+0300] {dag.py:3722} INFO - Setting next_dagrun for example_sensors to None, run_after=None
[2023-12-01T13:47:51.495+0300] {processor.py:179} INFO - Processing /home/petr/project/venv/lib/python3.10/site-packages/airflow/example_dags/example_sensors.py took 0.217 seconds
[2023-12-01T13:49:13.274+0300] {processor.py:157} INFO - Started process (PID=5373) to work on /home/petr/project/venv/lib/python3.10/site-packages/airflow/example_dags/example_sensors.py
[2023-12-01T13:49:13.277+0300] {processor.py:829} INFO - Processing file /home/petr/project/venv/lib/python3.10/site-packages/airflow/example_dags/example_sensors.py for tasks to queue
[2023-12-01T13:49:13.278+0300] {logging_mixin.py:154} INFO - [2023-12-01T13:49:13.277+0300] {dagbag.py:536} INFO - Filling up the DagBag from /home/petr/project/venv/lib/python3.10/site-packages/airflow/example_dags/example_sensors.py
[2023-12-01T13:49:13.297+0300] {processor.py:839} INFO - DAG(s) dict_keys(['example_sensors']) retrieved from /home/petr/project/venv/lib/python3.10/site-packages/airflow/example_dags/example_sensors.py
[2023-12-01T13:49:13.345+0300] {logging_mixin.py:154} INFO - [2023-12-01T13:49:13.345+0300] {dag.py:2941} INFO - Sync 1 DAGs
[2023-12-01T13:49:13.367+0300] {logging_mixin.py:154} INFO - [2023-12-01T13:49:13.367+0300] {dag.py:3722} INFO - Setting next_dagrun for example_sensors to None, run_after=None
[2023-12-01T13:49:13.400+0300] {processor.py:179} INFO - Processing /home/petr/project/venv/lib/python3.10/site-packages/airflow/example_dags/example_sensors.py took 0.138 seconds
[2023-12-01T13:49:45.387+0300] {processor.py:157} INFO - Started process (PID=5473) to work on /home/petr/project/venv/lib/python3.10/site-packages/airflow/example_dags/example_sensors.py
[2023-12-01T13:49:45.389+0300] {processor.py:829} INFO - Processing file /home/petr/project/venv/lib/python3.10/site-packages/airflow/example_dags/example_sensors.py for tasks to queue
[2023-12-01T13:49:45.390+0300] {logging_mixin.py:154} INFO - [2023-12-01T13:49:45.389+0300] {dagbag.py:536} INFO - Filling up the DagBag from /home/petr/project/venv/lib/python3.10/site-packages/airflow/example_dags/example_sensors.py
[2023-12-01T13:49:45.433+0300] {processor.py:839} INFO - DAG(s) dict_keys(['example_sensors']) retrieved from /home/petr/project/venv/lib/python3.10/site-packages/airflow/example_dags/example_sensors.py
[2023-12-01T13:49:45.589+0300] {logging_mixin.py:154} INFO - [2023-12-01T13:49:45.588+0300] {dag.py:2941} INFO - Sync 1 DAGs
[2023-12-01T13:49:45.628+0300] {logging_mixin.py:154} INFO - [2023-12-01T13:49:45.627+0300] {dag.py:3722} INFO - Setting next_dagrun for example_sensors to None, run_after=None
[2023-12-01T13:49:45.761+0300] {processor.py:179} INFO - Processing /home/petr/project/venv/lib/python3.10/site-packages/airflow/example_dags/example_sensors.py took 0.394 seconds
[2023-12-01T13:50:15.996+0300] {processor.py:157} INFO - Started process (PID=5583) to work on /home/petr/project/venv/lib/python3.10/site-packages/airflow/example_dags/example_sensors.py
[2023-12-01T13:50:16.001+0300] {processor.py:829} INFO - Processing file /home/petr/project/venv/lib/python3.10/site-packages/airflow/example_dags/example_sensors.py for tasks to queue
[2023-12-01T13:50:16.001+0300] {logging_mixin.py:154} INFO - [2023-12-01T13:50:16.001+0300] {dagbag.py:536} INFO - Filling up the DagBag from /home/petr/project/venv/lib/python3.10/site-packages/airflow/example_dags/example_sensors.py
[2023-12-01T13:50:16.012+0300] {processor.py:839} INFO - DAG(s) dict_keys(['example_sensors']) retrieved from /home/petr/project/venv/lib/python3.10/site-packages/airflow/example_dags/example_sensors.py
[2023-12-01T13:50:16.047+0300] {logging_mixin.py:154} INFO - [2023-12-01T13:50:16.047+0300] {dag.py:2941} INFO - Sync 1 DAGs
[2023-12-01T13:50:16.058+0300] {logging_mixin.py:154} INFO - [2023-12-01T13:50:16.058+0300] {dag.py:3722} INFO - Setting next_dagrun for example_sensors to None, run_after=None
[2023-12-01T13:50:16.081+0300] {processor.py:179} INFO - Processing /home/petr/project/venv/lib/python3.10/site-packages/airflow/example_dags/example_sensors.py took 0.090 seconds
[2023-12-01T20:01:02.553+0300] {processor.py:157} INFO - Started process (PID=5963) to work on /home/petr/project/venv/lib/python3.10/site-packages/airflow/example_dags/example_sensors.py
[2023-12-01T20:01:02.556+0300] {processor.py:829} INFO - Processing file /home/petr/project/venv/lib/python3.10/site-packages/airflow/example_dags/example_sensors.py for tasks to queue
[2023-12-01T20:01:02.558+0300] {logging_mixin.py:154} INFO - [2023-12-01T20:01:02.557+0300] {dagbag.py:536} INFO - Filling up the DagBag from /home/petr/project/venv/lib/python3.10/site-packages/airflow/example_dags/example_sensors.py
[2023-12-01T20:01:02.722+0300] {processor.py:839} INFO - DAG(s) dict_keys(['example_sensors']) retrieved from /home/petr/project/venv/lib/python3.10/site-packages/airflow/example_dags/example_sensors.py
[2023-12-01T20:01:02.984+0300] {logging_mixin.py:154} INFO - [2023-12-01T20:01:02.984+0300] {dag.py:2941} INFO - Sync 1 DAGs
[2023-12-01T20:01:03.080+0300] {logging_mixin.py:154} INFO - [2023-12-01T20:01:03.080+0300] {dag.py:3722} INFO - Setting next_dagrun for example_sensors to None, run_after=None
[2023-12-01T20:01:03.273+0300] {processor.py:179} INFO - Processing /home/petr/project/venv/lib/python3.10/site-packages/airflow/example_dags/example_sensors.py took 0.822 seconds
