[2023-12-01T13:38:09.711+0300] {processor.py:157} INFO - Started process (PID=3391) to work on /home/petr/project/venv/lib/python3.10/site-packages/airflow/example_dags/example_branch_day_of_week_operator.py
[2023-12-01T13:38:09.712+0300] {processor.py:829} INFO - Processing file /home/petr/project/venv/lib/python3.10/site-packages/airflow/example_dags/example_branch_day_of_week_operator.py for tasks to queue
[2023-12-01T13:38:09.713+0300] {logging_mixin.py:154} INFO - [2023-12-01T13:38:09.713+0300] {dagbag.py:536} INFO - Filling up the DagBag from /home/petr/project/venv/lib/python3.10/site-packages/airflow/example_dags/example_branch_day_of_week_operator.py
[2023-12-01T13:38:09.764+0300] {processor.py:839} INFO - DAG(s) dict_keys(['example_weekday_branch_operator']) retrieved from /home/petr/project/venv/lib/python3.10/site-packages/airflow/example_dags/example_branch_day_of_week_operator.py
[2023-12-01T13:38:09.913+0300] {logging_mixin.py:154} INFO - [2023-12-01T13:38:09.913+0300] {dag.py:2941} INFO - Sync 1 DAGs
[2023-12-01T13:38:09.990+0300] {logging_mixin.py:154} INFO - [2023-12-01T13:38:09.990+0300] {dag.py:3722} INFO - Setting next_dagrun for example_weekday_branch_operator to 2023-11-30T00:00:00+00:00, run_after=2023-12-01T00:00:00+00:00
[2023-12-01T13:38:10.078+0300] {processor.py:179} INFO - Processing /home/petr/project/venv/lib/python3.10/site-packages/airflow/example_dags/example_branch_day_of_week_operator.py took 0.370 seconds
[2023-12-01T13:38:40.881+0300] {processor.py:157} INFO - Started process (PID=3494) to work on /home/petr/project/venv/lib/python3.10/site-packages/airflow/example_dags/example_branch_day_of_week_operator.py
[2023-12-01T13:38:40.883+0300] {processor.py:829} INFO - Processing file /home/petr/project/venv/lib/python3.10/site-packages/airflow/example_dags/example_branch_day_of_week_operator.py for tasks to queue
[2023-12-01T13:38:40.885+0300] {logging_mixin.py:154} INFO - [2023-12-01T13:38:40.884+0300] {dagbag.py:536} INFO - Filling up the DagBag from /home/petr/project/venv/lib/python3.10/site-packages/airflow/example_dags/example_branch_day_of_week_operator.py
[2023-12-01T13:38:40.929+0300] {processor.py:839} INFO - DAG(s) dict_keys(['example_weekday_branch_operator']) retrieved from /home/petr/project/venv/lib/python3.10/site-packages/airflow/example_dags/example_branch_day_of_week_operator.py
[2023-12-01T13:38:41.041+0300] {logging_mixin.py:154} INFO - [2023-12-01T13:38:41.041+0300] {dag.py:2941} INFO - Sync 1 DAGs
[2023-12-01T13:38:41.131+0300] {logging_mixin.py:154} INFO - [2023-12-01T13:38:41.131+0300] {dag.py:3722} INFO - Setting next_dagrun for example_weekday_branch_operator to 2023-11-30T00:00:00+00:00, run_after=2023-12-01T00:00:00+00:00
[2023-12-01T13:38:41.235+0300] {processor.py:179} INFO - Processing /home/petr/project/venv/lib/python3.10/site-packages/airflow/example_dags/example_branch_day_of_week_operator.py took 0.358 seconds
[2023-12-01T13:39:11.484+0300] {processor.py:157} INFO - Started process (PID=3594) to work on /home/petr/project/venv/lib/python3.10/site-packages/airflow/example_dags/example_branch_day_of_week_operator.py
[2023-12-01T13:39:11.495+0300] {processor.py:829} INFO - Processing file /home/petr/project/venv/lib/python3.10/site-packages/airflow/example_dags/example_branch_day_of_week_operator.py for tasks to queue
[2023-12-01T13:39:11.496+0300] {logging_mixin.py:154} INFO - [2023-12-01T13:39:11.496+0300] {dagbag.py:536} INFO - Filling up the DagBag from /home/petr/project/venv/lib/python3.10/site-packages/airflow/example_dags/example_branch_day_of_week_operator.py
[2023-12-01T13:39:11.513+0300] {processor.py:839} INFO - DAG(s) dict_keys(['example_weekday_branch_operator']) retrieved from /home/petr/project/venv/lib/python3.10/site-packages/airflow/example_dags/example_branch_day_of_week_operator.py
[2023-12-01T13:39:11.594+0300] {logging_mixin.py:154} INFO - [2023-12-01T13:39:11.594+0300] {dag.py:2941} INFO - Sync 1 DAGs
[2023-12-01T13:39:11.644+0300] {logging_mixin.py:154} INFO - [2023-12-01T13:39:11.644+0300] {dag.py:3722} INFO - Setting next_dagrun for example_weekday_branch_operator to 2023-11-30T00:00:00+00:00, run_after=2023-12-01T00:00:00+00:00
[2023-12-01T13:39:11.709+0300] {processor.py:179} INFO - Processing /home/petr/project/venv/lib/python3.10/site-packages/airflow/example_dags/example_branch_day_of_week_operator.py took 0.236 seconds
[2023-12-01T13:39:42.288+0300] {processor.py:157} INFO - Started process (PID=3711) to work on /home/petr/project/venv/lib/python3.10/site-packages/airflow/example_dags/example_branch_day_of_week_operator.py
[2023-12-01T13:39:42.289+0300] {processor.py:829} INFO - Processing file /home/petr/project/venv/lib/python3.10/site-packages/airflow/example_dags/example_branch_day_of_week_operator.py for tasks to queue
[2023-12-01T13:39:42.290+0300] {logging_mixin.py:154} INFO - [2023-12-01T13:39:42.289+0300] {dagbag.py:536} INFO - Filling up the DagBag from /home/petr/project/venv/lib/python3.10/site-packages/airflow/example_dags/example_branch_day_of_week_operator.py
[2023-12-01T13:39:42.305+0300] {processor.py:839} INFO - DAG(s) dict_keys(['example_weekday_branch_operator']) retrieved from /home/petr/project/venv/lib/python3.10/site-packages/airflow/example_dags/example_branch_day_of_week_operator.py
[2023-12-01T13:39:42.377+0300] {logging_mixin.py:154} INFO - [2023-12-01T13:39:42.376+0300] {dag.py:2941} INFO - Sync 1 DAGs
[2023-12-01T13:39:42.413+0300] {logging_mixin.py:154} INFO - [2023-12-01T13:39:42.413+0300] {dag.py:3722} INFO - Setting next_dagrun for example_weekday_branch_operator to 2023-11-30T00:00:00+00:00, run_after=2023-12-01T00:00:00+00:00
[2023-12-01T13:39:42.440+0300] {processor.py:179} INFO - Processing /home/petr/project/venv/lib/python3.10/site-packages/airflow/example_dags/example_branch_day_of_week_operator.py took 0.154 seconds
[2023-12-01T13:40:13.477+0300] {processor.py:157} INFO - Started process (PID=3831) to work on /home/petr/project/venv/lib/python3.10/site-packages/airflow/example_dags/example_branch_day_of_week_operator.py
[2023-12-01T13:40:13.511+0300] {processor.py:829} INFO - Processing file /home/petr/project/venv/lib/python3.10/site-packages/airflow/example_dags/example_branch_day_of_week_operator.py for tasks to queue
[2023-12-01T13:40:13.511+0300] {logging_mixin.py:154} INFO - [2023-12-01T13:40:13.511+0300] {dagbag.py:536} INFO - Filling up the DagBag from /home/petr/project/venv/lib/python3.10/site-packages/airflow/example_dags/example_branch_day_of_week_operator.py
[2023-12-01T13:40:13.551+0300] {processor.py:839} INFO - DAG(s) dict_keys(['example_weekday_branch_operator']) retrieved from /home/petr/project/venv/lib/python3.10/site-packages/airflow/example_dags/example_branch_day_of_week_operator.py
[2023-12-01T13:40:13.717+0300] {logging_mixin.py:154} INFO - [2023-12-01T13:40:13.717+0300] {dag.py:2941} INFO - Sync 1 DAGs
[2023-12-01T13:40:13.781+0300] {logging_mixin.py:154} INFO - [2023-12-01T13:40:13.781+0300] {dag.py:3722} INFO - Setting next_dagrun for example_weekday_branch_operator to 2023-11-30T00:00:00+00:00, run_after=2023-12-01T00:00:00+00:00
[2023-12-01T13:40:13.863+0300] {processor.py:179} INFO - Processing /home/petr/project/venv/lib/python3.10/site-packages/airflow/example_dags/example_branch_day_of_week_operator.py took 0.390 seconds
[2023-12-01T13:40:43.922+0300] {processor.py:157} INFO - Started process (PID=3934) to work on /home/petr/project/venv/lib/python3.10/site-packages/airflow/example_dags/example_branch_day_of_week_operator.py
[2023-12-01T13:40:43.922+0300] {processor.py:829} INFO - Processing file /home/petr/project/venv/lib/python3.10/site-packages/airflow/example_dags/example_branch_day_of_week_operator.py for tasks to queue
[2023-12-01T13:40:43.923+0300] {logging_mixin.py:154} INFO - [2023-12-01T13:40:43.922+0300] {dagbag.py:536} INFO - Filling up the DagBag from /home/petr/project/venv/lib/python3.10/site-packages/airflow/example_dags/example_branch_day_of_week_operator.py
[2023-12-01T13:40:43.939+0300] {processor.py:839} INFO - DAG(s) dict_keys(['example_weekday_branch_operator']) retrieved from /home/petr/project/venv/lib/python3.10/site-packages/airflow/example_dags/example_branch_day_of_week_operator.py
[2023-12-01T13:40:43.989+0300] {logging_mixin.py:154} INFO - [2023-12-01T13:40:43.988+0300] {dag.py:2941} INFO - Sync 1 DAGs
[2023-12-01T13:40:44.105+0300] {logging_mixin.py:154} INFO - [2023-12-01T13:40:44.104+0300] {dag.py:3722} INFO - Setting next_dagrun for example_weekday_branch_operator to 2023-11-30T00:00:00+00:00, run_after=2023-12-01T00:00:00+00:00
[2023-12-01T13:40:44.176+0300] {processor.py:179} INFO - Processing /home/petr/project/venv/lib/python3.10/site-packages/airflow/example_dags/example_branch_day_of_week_operator.py took 0.257 seconds
[2023-12-01T13:41:15.091+0300] {processor.py:157} INFO - Started process (PID=4033) to work on /home/petr/project/venv/lib/python3.10/site-packages/airflow/example_dags/example_branch_day_of_week_operator.py
[2023-12-01T13:41:15.105+0300] {processor.py:829} INFO - Processing file /home/petr/project/venv/lib/python3.10/site-packages/airflow/example_dags/example_branch_day_of_week_operator.py for tasks to queue
[2023-12-01T13:41:15.106+0300] {logging_mixin.py:154} INFO - [2023-12-01T13:41:15.105+0300] {dagbag.py:536} INFO - Filling up the DagBag from /home/petr/project/venv/lib/python3.10/site-packages/airflow/example_dags/example_branch_day_of_week_operator.py
[2023-12-01T13:41:15.126+0300] {processor.py:839} INFO - DAG(s) dict_keys(['example_weekday_branch_operator']) retrieved from /home/petr/project/venv/lib/python3.10/site-packages/airflow/example_dags/example_branch_day_of_week_operator.py
[2023-12-01T13:41:15.186+0300] {logging_mixin.py:154} INFO - [2023-12-01T13:41:15.185+0300] {dag.py:2941} INFO - Sync 1 DAGs
[2023-12-01T13:41:15.234+0300] {logging_mixin.py:154} INFO - [2023-12-01T13:41:15.234+0300] {dag.py:3722} INFO - Setting next_dagrun for example_weekday_branch_operator to 2023-11-30T00:00:00+00:00, run_after=2023-12-01T00:00:00+00:00
[2023-12-01T13:41:15.265+0300] {processor.py:179} INFO - Processing /home/petr/project/venv/lib/python3.10/site-packages/airflow/example_dags/example_branch_day_of_week_operator.py took 0.204 seconds
[2023-12-01T13:41:45.291+0300] {processor.py:157} INFO - Started process (PID=4137) to work on /home/petr/project/venv/lib/python3.10/site-packages/airflow/example_dags/example_branch_day_of_week_operator.py
[2023-12-01T13:41:45.292+0300] {processor.py:829} INFO - Processing file /home/petr/project/venv/lib/python3.10/site-packages/airflow/example_dags/example_branch_day_of_week_operator.py for tasks to queue
[2023-12-01T13:41:45.293+0300] {logging_mixin.py:154} INFO - [2023-12-01T13:41:45.293+0300] {dagbag.py:536} INFO - Filling up the DagBag from /home/petr/project/venv/lib/python3.10/site-packages/airflow/example_dags/example_branch_day_of_week_operator.py
[2023-12-01T13:41:45.299+0300] {processor.py:839} INFO - DAG(s) dict_keys(['example_weekday_branch_operator']) retrieved from /home/petr/project/venv/lib/python3.10/site-packages/airflow/example_dags/example_branch_day_of_week_operator.py
[2023-12-01T13:41:45.332+0300] {logging_mixin.py:154} INFO - [2023-12-01T13:41:45.331+0300] {dag.py:2941} INFO - Sync 1 DAGs
[2023-12-01T13:41:45.362+0300] {logging_mixin.py:154} INFO - [2023-12-01T13:41:45.362+0300] {dag.py:3722} INFO - Setting next_dagrun for example_weekday_branch_operator to 2023-11-30T00:00:00+00:00, run_after=2023-12-01T00:00:00+00:00
[2023-12-01T13:41:45.388+0300] {processor.py:179} INFO - Processing /home/petr/project/venv/lib/python3.10/site-packages/airflow/example_dags/example_branch_day_of_week_operator.py took 0.100 seconds
[2023-12-01T13:42:15.992+0300] {processor.py:157} INFO - Started process (PID=4244) to work on /home/petr/project/venv/lib/python3.10/site-packages/airflow/example_dags/example_branch_day_of_week_operator.py
[2023-12-01T13:42:15.999+0300] {processor.py:829} INFO - Processing file /home/petr/project/venv/lib/python3.10/site-packages/airflow/example_dags/example_branch_day_of_week_operator.py for tasks to queue
[2023-12-01T13:42:16.000+0300] {logging_mixin.py:154} INFO - [2023-12-01T13:42:16.000+0300] {dagbag.py:536} INFO - Filling up the DagBag from /home/petr/project/venv/lib/python3.10/site-packages/airflow/example_dags/example_branch_day_of_week_operator.py
[2023-12-01T13:42:16.017+0300] {processor.py:839} INFO - DAG(s) dict_keys(['example_weekday_branch_operator']) retrieved from /home/petr/project/venv/lib/python3.10/site-packages/airflow/example_dags/example_branch_day_of_week_operator.py
[2023-12-01T13:42:16.100+0300] {logging_mixin.py:154} INFO - [2023-12-01T13:42:16.100+0300] {dag.py:2941} INFO - Sync 1 DAGs
[2023-12-01T13:42:16.180+0300] {logging_mixin.py:154} INFO - [2023-12-01T13:42:16.180+0300] {dag.py:3722} INFO - Setting next_dagrun for example_weekday_branch_operator to 2023-11-30T00:00:00+00:00, run_after=2023-12-01T00:00:00+00:00
[2023-12-01T13:42:16.223+0300] {processor.py:179} INFO - Processing /home/petr/project/venv/lib/python3.10/site-packages/airflow/example_dags/example_branch_day_of_week_operator.py took 0.245 seconds
[2023-12-01T13:42:46.379+0300] {processor.py:157} INFO - Started process (PID=4348) to work on /home/petr/project/venv/lib/python3.10/site-packages/airflow/example_dags/example_branch_day_of_week_operator.py
[2023-12-01T13:42:46.383+0300] {processor.py:829} INFO - Processing file /home/petr/project/venv/lib/python3.10/site-packages/airflow/example_dags/example_branch_day_of_week_operator.py for tasks to queue
[2023-12-01T13:42:46.383+0300] {logging_mixin.py:154} INFO - [2023-12-01T13:42:46.383+0300] {dagbag.py:536} INFO - Filling up the DagBag from /home/petr/project/venv/lib/python3.10/site-packages/airflow/example_dags/example_branch_day_of_week_operator.py
[2023-12-01T13:42:46.390+0300] {processor.py:839} INFO - DAG(s) dict_keys(['example_weekday_branch_operator']) retrieved from /home/petr/project/venv/lib/python3.10/site-packages/airflow/example_dags/example_branch_day_of_week_operator.py
[2023-12-01T13:42:46.464+0300] {logging_mixin.py:154} INFO - [2023-12-01T13:42:46.463+0300] {dag.py:2941} INFO - Sync 1 DAGs
[2023-12-01T13:42:46.494+0300] {logging_mixin.py:154} INFO - [2023-12-01T13:42:46.494+0300] {dag.py:3722} INFO - Setting next_dagrun for example_weekday_branch_operator to 2023-11-30T00:00:00+00:00, run_after=2023-12-01T00:00:00+00:00
[2023-12-01T13:42:46.526+0300] {processor.py:179} INFO - Processing /home/petr/project/venv/lib/python3.10/site-packages/airflow/example_dags/example_branch_day_of_week_operator.py took 0.156 seconds
[2023-12-01T13:43:16.836+0300] {processor.py:157} INFO - Started process (PID=4448) to work on /home/petr/project/venv/lib/python3.10/site-packages/airflow/example_dags/example_branch_day_of_week_operator.py
[2023-12-01T13:43:16.838+0300] {processor.py:829} INFO - Processing file /home/petr/project/venv/lib/python3.10/site-packages/airflow/example_dags/example_branch_day_of_week_operator.py for tasks to queue
[2023-12-01T13:43:16.839+0300] {logging_mixin.py:154} INFO - [2023-12-01T13:43:16.839+0300] {dagbag.py:536} INFO - Filling up the DagBag from /home/petr/project/venv/lib/python3.10/site-packages/airflow/example_dags/example_branch_day_of_week_operator.py
[2023-12-01T13:43:16.846+0300] {processor.py:839} INFO - DAG(s) dict_keys(['example_weekday_branch_operator']) retrieved from /home/petr/project/venv/lib/python3.10/site-packages/airflow/example_dags/example_branch_day_of_week_operator.py
[2023-12-01T13:43:16.872+0300] {logging_mixin.py:154} INFO - [2023-12-01T13:43:16.872+0300] {dag.py:2941} INFO - Sync 1 DAGs
[2023-12-01T13:43:16.893+0300] {logging_mixin.py:154} INFO - [2023-12-01T13:43:16.893+0300] {dag.py:3722} INFO - Setting next_dagrun for example_weekday_branch_operator to 2023-11-30T00:00:00+00:00, run_after=2023-12-01T00:00:00+00:00
[2023-12-01T13:43:16.907+0300] {processor.py:179} INFO - Processing /home/petr/project/venv/lib/python3.10/site-packages/airflow/example_dags/example_branch_day_of_week_operator.py took 0.074 seconds
[2023-12-01T13:43:48.272+0300] {processor.py:157} INFO - Started process (PID=4549) to work on /home/petr/project/venv/lib/python3.10/site-packages/airflow/example_dags/example_branch_day_of_week_operator.py
[2023-12-01T13:43:48.274+0300] {processor.py:829} INFO - Processing file /home/petr/project/venv/lib/python3.10/site-packages/airflow/example_dags/example_branch_day_of_week_operator.py for tasks to queue
[2023-12-01T13:43:48.275+0300] {logging_mixin.py:154} INFO - [2023-12-01T13:43:48.274+0300] {dagbag.py:536} INFO - Filling up the DagBag from /home/petr/project/venv/lib/python3.10/site-packages/airflow/example_dags/example_branch_day_of_week_operator.py
[2023-12-01T13:43:48.286+0300] {processor.py:839} INFO - DAG(s) dict_keys(['example_weekday_branch_operator']) retrieved from /home/petr/project/venv/lib/python3.10/site-packages/airflow/example_dags/example_branch_day_of_week_operator.py
[2023-12-01T13:43:48.349+0300] {logging_mixin.py:154} INFO - [2023-12-01T13:43:48.348+0300] {dag.py:2941} INFO - Sync 1 DAGs
[2023-12-01T13:43:48.394+0300] {logging_mixin.py:154} INFO - [2023-12-01T13:43:48.394+0300] {dag.py:3722} INFO - Setting next_dagrun for example_weekday_branch_operator to 2023-11-30T00:00:00+00:00, run_after=2023-12-01T00:00:00+00:00
[2023-12-01T13:43:48.422+0300] {processor.py:179} INFO - Processing /home/petr/project/venv/lib/python3.10/site-packages/airflow/example_dags/example_branch_day_of_week_operator.py took 0.156 seconds
[2023-12-01T13:44:18.561+0300] {processor.py:157} INFO - Started process (PID=4648) to work on /home/petr/project/venv/lib/python3.10/site-packages/airflow/example_dags/example_branch_day_of_week_operator.py
[2023-12-01T13:44:18.569+0300] {processor.py:829} INFO - Processing file /home/petr/project/venv/lib/python3.10/site-packages/airflow/example_dags/example_branch_day_of_week_operator.py for tasks to queue
[2023-12-01T13:44:18.570+0300] {logging_mixin.py:154} INFO - [2023-12-01T13:44:18.569+0300] {dagbag.py:536} INFO - Filling up the DagBag from /home/petr/project/venv/lib/python3.10/site-packages/airflow/example_dags/example_branch_day_of_week_operator.py
[2023-12-01T13:44:18.580+0300] {processor.py:839} INFO - DAG(s) dict_keys(['example_weekday_branch_operator']) retrieved from /home/petr/project/venv/lib/python3.10/site-packages/airflow/example_dags/example_branch_day_of_week_operator.py
[2023-12-01T13:44:18.638+0300] {logging_mixin.py:154} INFO - [2023-12-01T13:44:18.638+0300] {dag.py:2941} INFO - Sync 1 DAGs
[2023-12-01T13:44:18.670+0300] {logging_mixin.py:154} INFO - [2023-12-01T13:44:18.670+0300] {dag.py:3722} INFO - Setting next_dagrun for example_weekday_branch_operator to 2023-11-30T00:00:00+00:00, run_after=2023-12-01T00:00:00+00:00
[2023-12-01T13:44:18.702+0300] {processor.py:179} INFO - Processing /home/petr/project/venv/lib/python3.10/site-packages/airflow/example_dags/example_branch_day_of_week_operator.py took 0.144 seconds
[2023-12-01T13:44:50.163+0300] {processor.py:157} INFO - Started process (PID=4749) to work on /home/petr/project/venv/lib/python3.10/site-packages/airflow/example_dags/example_branch_day_of_week_operator.py
[2023-12-01T13:44:50.167+0300] {processor.py:829} INFO - Processing file /home/petr/project/venv/lib/python3.10/site-packages/airflow/example_dags/example_branch_day_of_week_operator.py for tasks to queue
[2023-12-01T13:44:50.167+0300] {logging_mixin.py:154} INFO - [2023-12-01T13:44:50.167+0300] {dagbag.py:536} INFO - Filling up the DagBag from /home/petr/project/venv/lib/python3.10/site-packages/airflow/example_dags/example_branch_day_of_week_operator.py
[2023-12-01T13:44:50.180+0300] {processor.py:839} INFO - DAG(s) dict_keys(['example_weekday_branch_operator']) retrieved from /home/petr/project/venv/lib/python3.10/site-packages/airflow/example_dags/example_branch_day_of_week_operator.py
[2023-12-01T13:44:50.246+0300] {logging_mixin.py:154} INFO - [2023-12-01T13:44:50.246+0300] {dag.py:2941} INFO - Sync 1 DAGs
[2023-12-01T13:44:50.287+0300] {logging_mixin.py:154} INFO - [2023-12-01T13:44:50.287+0300] {dag.py:3722} INFO - Setting next_dagrun for example_weekday_branch_operator to 2023-11-30T00:00:00+00:00, run_after=2023-12-01T00:00:00+00:00
[2023-12-01T13:44:50.336+0300] {processor.py:179} INFO - Processing /home/petr/project/venv/lib/python3.10/site-packages/airflow/example_dags/example_branch_day_of_week_operator.py took 0.177 seconds
[2023-12-01T13:45:21.169+0300] {processor.py:157} INFO - Started process (PID=4872) to work on /home/petr/project/venv/lib/python3.10/site-packages/airflow/example_dags/example_branch_day_of_week_operator.py
[2023-12-01T13:45:21.181+0300] {processor.py:829} INFO - Processing file /home/petr/project/venv/lib/python3.10/site-packages/airflow/example_dags/example_branch_day_of_week_operator.py for tasks to queue
[2023-12-01T13:45:21.182+0300] {logging_mixin.py:154} INFO - [2023-12-01T13:45:21.181+0300] {dagbag.py:536} INFO - Filling up the DagBag from /home/petr/project/venv/lib/python3.10/site-packages/airflow/example_dags/example_branch_day_of_week_operator.py
[2023-12-01T13:45:21.190+0300] {processor.py:839} INFO - DAG(s) dict_keys(['example_weekday_branch_operator']) retrieved from /home/petr/project/venv/lib/python3.10/site-packages/airflow/example_dags/example_branch_day_of_week_operator.py
[2023-12-01T13:45:21.257+0300] {logging_mixin.py:154} INFO - [2023-12-01T13:45:21.257+0300] {dag.py:2941} INFO - Sync 1 DAGs
[2023-12-01T13:45:21.286+0300] {logging_mixin.py:154} INFO - [2023-12-01T13:45:21.285+0300] {dag.py:3722} INFO - Setting next_dagrun for example_weekday_branch_operator to 2023-11-30T00:00:00+00:00, run_after=2023-12-01T00:00:00+00:00
[2023-12-01T13:45:21.321+0300] {processor.py:179} INFO - Processing /home/petr/project/venv/lib/python3.10/site-packages/airflow/example_dags/example_branch_day_of_week_operator.py took 0.155 seconds
[2023-12-01T13:46:48.421+0300] {processor.py:157} INFO - Started process (PID=4987) to work on /home/petr/project/venv/lib/python3.10/site-packages/airflow/example_dags/example_branch_day_of_week_operator.py
[2023-12-01T13:46:48.423+0300] {processor.py:829} INFO - Processing file /home/petr/project/venv/lib/python3.10/site-packages/airflow/example_dags/example_branch_day_of_week_operator.py for tasks to queue
[2023-12-01T13:46:48.424+0300] {logging_mixin.py:154} INFO - [2023-12-01T13:46:48.424+0300] {dagbag.py:536} INFO - Filling up the DagBag from /home/petr/project/venv/lib/python3.10/site-packages/airflow/example_dags/example_branch_day_of_week_operator.py
[2023-12-01T13:46:48.442+0300] {processor.py:839} INFO - DAG(s) dict_keys(['example_weekday_branch_operator']) retrieved from /home/petr/project/venv/lib/python3.10/site-packages/airflow/example_dags/example_branch_day_of_week_operator.py
[2023-12-01T13:46:48.505+0300] {logging_mixin.py:154} INFO - [2023-12-01T13:46:48.505+0300] {dag.py:2941} INFO - Sync 1 DAGs
[2023-12-01T13:46:48.555+0300] {logging_mixin.py:154} INFO - [2023-12-01T13:46:48.555+0300] {dag.py:3722} INFO - Setting next_dagrun for example_weekday_branch_operator to 2023-11-30T00:00:00+00:00, run_after=2023-12-01T00:00:00+00:00
[2023-12-01T13:46:48.585+0300] {processor.py:179} INFO - Processing /home/petr/project/venv/lib/python3.10/site-packages/airflow/example_dags/example_branch_day_of_week_operator.py took 0.178 seconds
[2023-12-01T13:47:19.306+0300] {processor.py:157} INFO - Started process (PID=5091) to work on /home/petr/project/venv/lib/python3.10/site-packages/airflow/example_dags/example_branch_day_of_week_operator.py
[2023-12-01T13:47:19.306+0300] {processor.py:829} INFO - Processing file /home/petr/project/venv/lib/python3.10/site-packages/airflow/example_dags/example_branch_day_of_week_operator.py for tasks to queue
[2023-12-01T13:47:19.322+0300] {logging_mixin.py:154} INFO - [2023-12-01T13:47:19.307+0300] {dagbag.py:536} INFO - Filling up the DagBag from /home/petr/project/venv/lib/python3.10/site-packages/airflow/example_dags/example_branch_day_of_week_operator.py
[2023-12-01T13:47:19.329+0300] {processor.py:839} INFO - DAG(s) dict_keys(['example_weekday_branch_operator']) retrieved from /home/petr/project/venv/lib/python3.10/site-packages/airflow/example_dags/example_branch_day_of_week_operator.py
[2023-12-01T13:47:19.393+0300] {logging_mixin.py:154} INFO - [2023-12-01T13:47:19.393+0300] {dag.py:2941} INFO - Sync 1 DAGs
[2023-12-01T13:47:19.430+0300] {logging_mixin.py:154} INFO - [2023-12-01T13:47:19.430+0300] {dag.py:3722} INFO - Setting next_dagrun for example_weekday_branch_operator to 2023-11-30T00:00:00+00:00, run_after=2023-12-01T00:00:00+00:00
[2023-12-01T13:47:19.470+0300] {processor.py:179} INFO - Processing /home/petr/project/venv/lib/python3.10/site-packages/airflow/example_dags/example_branch_day_of_week_operator.py took 0.167 seconds
[2023-12-01T13:47:50.729+0300] {processor.py:157} INFO - Started process (PID=5218) to work on /home/petr/project/venv/lib/python3.10/site-packages/airflow/example_dags/example_branch_day_of_week_operator.py
[2023-12-01T13:47:50.748+0300] {processor.py:829} INFO - Processing file /home/petr/project/venv/lib/python3.10/site-packages/airflow/example_dags/example_branch_day_of_week_operator.py for tasks to queue
[2023-12-01T13:47:50.749+0300] {logging_mixin.py:154} INFO - [2023-12-01T13:47:50.749+0300] {dagbag.py:536} INFO - Filling up the DagBag from /home/petr/project/venv/lib/python3.10/site-packages/airflow/example_dags/example_branch_day_of_week_operator.py
[2023-12-01T13:47:50.770+0300] {processor.py:839} INFO - DAG(s) dict_keys(['example_weekday_branch_operator']) retrieved from /home/petr/project/venv/lib/python3.10/site-packages/airflow/example_dags/example_branch_day_of_week_operator.py
[2023-12-01T13:47:50.904+0300] {logging_mixin.py:154} INFO - [2023-12-01T13:47:50.904+0300] {dag.py:2941} INFO - Sync 1 DAGs
[2023-12-01T13:47:50.995+0300] {logging_mixin.py:154} INFO - [2023-12-01T13:47:50.995+0300] {dag.py:3722} INFO - Setting next_dagrun for example_weekday_branch_operator to 2023-11-30T00:00:00+00:00, run_after=2023-12-01T00:00:00+00:00
[2023-12-01T13:47:51.061+0300] {processor.py:179} INFO - Processing /home/petr/project/venv/lib/python3.10/site-packages/airflow/example_dags/example_branch_day_of_week_operator.py took 0.335 seconds
[2023-12-01T13:49:12.846+0300] {processor.py:157} INFO - Started process (PID=5365) to work on /home/petr/project/venv/lib/python3.10/site-packages/airflow/example_dags/example_branch_day_of_week_operator.py
[2023-12-01T13:49:12.851+0300] {processor.py:829} INFO - Processing file /home/petr/project/venv/lib/python3.10/site-packages/airflow/example_dags/example_branch_day_of_week_operator.py for tasks to queue
[2023-12-01T13:49:12.852+0300] {logging_mixin.py:154} INFO - [2023-12-01T13:49:12.851+0300] {dagbag.py:536} INFO - Filling up the DagBag from /home/petr/project/venv/lib/python3.10/site-packages/airflow/example_dags/example_branch_day_of_week_operator.py
[2023-12-01T13:49:12.874+0300] {processor.py:839} INFO - DAG(s) dict_keys(['example_weekday_branch_operator']) retrieved from /home/petr/project/venv/lib/python3.10/site-packages/airflow/example_dags/example_branch_day_of_week_operator.py
[2023-12-01T13:49:12.954+0300] {logging_mixin.py:154} INFO - [2023-12-01T13:49:12.953+0300] {dag.py:2941} INFO - Sync 1 DAGs
[2023-12-01T13:49:12.982+0300] {logging_mixin.py:154} INFO - [2023-12-01T13:49:12.982+0300] {dag.py:3722} INFO - Setting next_dagrun for example_weekday_branch_operator to 2023-11-30T00:00:00+00:00, run_after=2023-12-01T00:00:00+00:00
[2023-12-01T13:49:13.021+0300] {processor.py:179} INFO - Processing /home/petr/project/venv/lib/python3.10/site-packages/airflow/example_dags/example_branch_day_of_week_operator.py took 0.178 seconds
[2023-12-01T13:49:44.776+0300] {processor.py:157} INFO - Started process (PID=5465) to work on /home/petr/project/venv/lib/python3.10/site-packages/airflow/example_dags/example_branch_day_of_week_operator.py
[2023-12-01T13:49:44.785+0300] {processor.py:829} INFO - Processing file /home/petr/project/venv/lib/python3.10/site-packages/airflow/example_dags/example_branch_day_of_week_operator.py for tasks to queue
[2023-12-01T13:49:44.786+0300] {logging_mixin.py:154} INFO - [2023-12-01T13:49:44.785+0300] {dagbag.py:536} INFO - Filling up the DagBag from /home/petr/project/venv/lib/python3.10/site-packages/airflow/example_dags/example_branch_day_of_week_operator.py
[2023-12-01T13:49:44.804+0300] {processor.py:839} INFO - DAG(s) dict_keys(['example_weekday_branch_operator']) retrieved from /home/petr/project/venv/lib/python3.10/site-packages/airflow/example_dags/example_branch_day_of_week_operator.py
[2023-12-01T13:49:44.855+0300] {logging_mixin.py:154} INFO - [2023-12-01T13:49:44.855+0300] {dag.py:2941} INFO - Sync 1 DAGs
[2023-12-01T13:49:44.898+0300] {logging_mixin.py:154} INFO - [2023-12-01T13:49:44.898+0300] {dag.py:3722} INFO - Setting next_dagrun for example_weekday_branch_operator to 2023-11-30T00:00:00+00:00, run_after=2023-12-01T00:00:00+00:00
[2023-12-01T13:49:44.930+0300] {processor.py:179} INFO - Processing /home/petr/project/venv/lib/python3.10/site-packages/airflow/example_dags/example_branch_day_of_week_operator.py took 0.157 seconds
[2023-12-01T13:50:15.565+0300] {processor.py:157} INFO - Started process (PID=5575) to work on /home/petr/project/venv/lib/python3.10/site-packages/airflow/example_dags/example_branch_day_of_week_operator.py
[2023-12-01T13:50:15.571+0300] {processor.py:829} INFO - Processing file /home/petr/project/venv/lib/python3.10/site-packages/airflow/example_dags/example_branch_day_of_week_operator.py for tasks to queue
[2023-12-01T13:50:15.572+0300] {logging_mixin.py:154} INFO - [2023-12-01T13:50:15.571+0300] {dagbag.py:536} INFO - Filling up the DagBag from /home/petr/project/venv/lib/python3.10/site-packages/airflow/example_dags/example_branch_day_of_week_operator.py
[2023-12-01T13:50:15.578+0300] {processor.py:839} INFO - DAG(s) dict_keys(['example_weekday_branch_operator']) retrieved from /home/petr/project/venv/lib/python3.10/site-packages/airflow/example_dags/example_branch_day_of_week_operator.py
[2023-12-01T13:50:15.641+0300] {logging_mixin.py:154} INFO - [2023-12-01T13:50:15.641+0300] {dag.py:2941} INFO - Sync 1 DAGs
[2023-12-01T13:50:15.681+0300] {logging_mixin.py:154} INFO - [2023-12-01T13:50:15.680+0300] {dag.py:3722} INFO - Setting next_dagrun for example_weekday_branch_operator to 2023-11-30T00:00:00+00:00, run_after=2023-12-01T00:00:00+00:00
[2023-12-01T13:50:15.723+0300] {processor.py:179} INFO - Processing /home/petr/project/venv/lib/python3.10/site-packages/airflow/example_dags/example_branch_day_of_week_operator.py took 0.163 seconds
[2023-12-01T20:01:00.175+0300] {processor.py:157} INFO - Started process (PID=5955) to work on /home/petr/project/venv/lib/python3.10/site-packages/airflow/example_dags/example_branch_day_of_week_operator.py
[2023-12-01T20:01:00.183+0300] {processor.py:829} INFO - Processing file /home/petr/project/venv/lib/python3.10/site-packages/airflow/example_dags/example_branch_day_of_week_operator.py for tasks to queue
[2023-12-01T20:01:00.185+0300] {logging_mixin.py:154} INFO - [2023-12-01T20:01:00.184+0300] {dagbag.py:536} INFO - Filling up the DagBag from /home/petr/project/venv/lib/python3.10/site-packages/airflow/example_dags/example_branch_day_of_week_operator.py
[2023-12-01T20:01:00.227+0300] {processor.py:839} INFO - DAG(s) dict_keys(['example_weekday_branch_operator']) retrieved from /home/petr/project/venv/lib/python3.10/site-packages/airflow/example_dags/example_branch_day_of_week_operator.py
[2023-12-01T20:01:00.429+0300] {logging_mixin.py:154} INFO - [2023-12-01T20:01:00.428+0300] {dag.py:2941} INFO - Sync 1 DAGs
[2023-12-01T20:01:00.610+0300] {logging_mixin.py:154} INFO - [2023-12-01T20:01:00.609+0300] {dag.py:3722} INFO - Setting next_dagrun for example_weekday_branch_operator to 2023-11-30T00:00:00+00:00, run_after=2023-12-01T00:00:00+00:00
[2023-12-01T20:01:00.698+0300] {processor.py:179} INFO - Processing /home/petr/project/venv/lib/python3.10/site-packages/airflow/example_dags/example_branch_day_of_week_operator.py took 0.563 seconds
