[2023-12-01T13:38:11.319+0300] {processor.py:157} INFO - Started process (PID=3406) to work on /home/petr/project/venv/lib/python3.10/site-packages/airflow/example_dags/example_branch_labels.py
[2023-12-01T13:38:11.331+0300] {processor.py:829} INFO - Processing file /home/petr/project/venv/lib/python3.10/site-packages/airflow/example_dags/example_branch_labels.py for tasks to queue
[2023-12-01T13:38:11.332+0300] {logging_mixin.py:154} INFO - [2023-12-01T13:38:11.331+0300] {dagbag.py:536} INFO - Filling up the DagBag from /home/petr/project/venv/lib/python3.10/site-packages/airflow/example_dags/example_branch_labels.py
[2023-12-01T13:38:11.340+0300] {processor.py:839} INFO - DAG(s) dict_keys(['example_branch_labels']) retrieved from /home/petr/project/venv/lib/python3.10/site-packages/airflow/example_dags/example_branch_labels.py
[2023-12-01T13:38:11.415+0300] {logging_mixin.py:154} INFO - [2023-12-01T13:38:11.415+0300] {dag.py:2941} INFO - Sync 1 DAGs
[2023-12-01T13:38:11.455+0300] {logging_mixin.py:154} INFO - [2023-12-01T13:38:11.455+0300] {dag.py:3722} INFO - Setting next_dagrun for example_branch_labels to 2023-11-30T00:00:00+00:00, run_after=2023-12-01T00:00:00+00:00
[2023-12-01T13:38:11.491+0300] {processor.py:179} INFO - Processing /home/petr/project/venv/lib/python3.10/site-packages/airflow/example_dags/example_branch_labels.py took 0.177 seconds
[2023-12-01T13:38:42.533+0300] {processor.py:157} INFO - Started process (PID=3510) to work on /home/petr/project/venv/lib/python3.10/site-packages/airflow/example_dags/example_branch_labels.py
[2023-12-01T13:38:42.534+0300] {processor.py:829} INFO - Processing file /home/petr/project/venv/lib/python3.10/site-packages/airflow/example_dags/example_branch_labels.py for tasks to queue
[2023-12-01T13:38:42.534+0300] {logging_mixin.py:154} INFO - [2023-12-01T13:38:42.534+0300] {dagbag.py:536} INFO - Filling up the DagBag from /home/petr/project/venv/lib/python3.10/site-packages/airflow/example_dags/example_branch_labels.py
[2023-12-01T13:38:42.542+0300] {processor.py:839} INFO - DAG(s) dict_keys(['example_branch_labels']) retrieved from /home/petr/project/venv/lib/python3.10/site-packages/airflow/example_dags/example_branch_labels.py
[2023-12-01T13:38:42.568+0300] {logging_mixin.py:154} INFO - [2023-12-01T13:38:42.568+0300] {dag.py:2941} INFO - Sync 1 DAGs
[2023-12-01T13:38:42.586+0300] {logging_mixin.py:154} INFO - [2023-12-01T13:38:42.586+0300] {dag.py:3722} INFO - Setting next_dagrun for example_branch_labels to 2023-11-30T00:00:00+00:00, run_after=2023-12-01T00:00:00+00:00
[2023-12-01T13:38:42.601+0300] {processor.py:179} INFO - Processing /home/petr/project/venv/lib/python3.10/site-packages/airflow/example_dags/example_branch_labels.py took 0.072 seconds
[2023-12-01T13:39:13.367+0300] {processor.py:157} INFO - Started process (PID=3611) to work on /home/petr/project/venv/lib/python3.10/site-packages/airflow/example_dags/example_branch_labels.py
[2023-12-01T13:39:13.371+0300] {processor.py:829} INFO - Processing file /home/petr/project/venv/lib/python3.10/site-packages/airflow/example_dags/example_branch_labels.py for tasks to queue
[2023-12-01T13:39:13.371+0300] {logging_mixin.py:154} INFO - [2023-12-01T13:39:13.371+0300] {dagbag.py:536} INFO - Filling up the DagBag from /home/petr/project/venv/lib/python3.10/site-packages/airflow/example_dags/example_branch_labels.py
[2023-12-01T13:39:13.378+0300] {processor.py:839} INFO - DAG(s) dict_keys(['example_branch_labels']) retrieved from /home/petr/project/venv/lib/python3.10/site-packages/airflow/example_dags/example_branch_labels.py
[2023-12-01T13:39:13.444+0300] {logging_mixin.py:154} INFO - [2023-12-01T13:39:13.444+0300] {dag.py:2941} INFO - Sync 1 DAGs
[2023-12-01T13:39:13.487+0300] {logging_mixin.py:154} INFO - [2023-12-01T13:39:13.487+0300] {dag.py:3722} INFO - Setting next_dagrun for example_branch_labels to 2023-11-30T00:00:00+00:00, run_after=2023-12-01T00:00:00+00:00
[2023-12-01T13:39:13.519+0300] {processor.py:179} INFO - Processing /home/petr/project/venv/lib/python3.10/site-packages/airflow/example_dags/example_branch_labels.py took 0.161 seconds
[2023-12-01T13:39:44.394+0300] {processor.py:157} INFO - Started process (PID=3728) to work on /home/petr/project/venv/lib/python3.10/site-packages/airflow/example_dags/example_branch_labels.py
[2023-12-01T13:39:44.395+0300] {processor.py:829} INFO - Processing file /home/petr/project/venv/lib/python3.10/site-packages/airflow/example_dags/example_branch_labels.py for tasks to queue
[2023-12-01T13:39:44.396+0300] {logging_mixin.py:154} INFO - [2023-12-01T13:39:44.396+0300] {dagbag.py:536} INFO - Filling up the DagBag from /home/petr/project/venv/lib/python3.10/site-packages/airflow/example_dags/example_branch_labels.py
[2023-12-01T13:39:44.447+0300] {processor.py:839} INFO - DAG(s) dict_keys(['example_branch_labels']) retrieved from /home/petr/project/venv/lib/python3.10/site-packages/airflow/example_dags/example_branch_labels.py
[2023-12-01T13:39:44.517+0300] {logging_mixin.py:154} INFO - [2023-12-01T13:39:44.517+0300] {dag.py:2941} INFO - Sync 1 DAGs
[2023-12-01T13:39:44.549+0300] {logging_mixin.py:154} INFO - [2023-12-01T13:39:44.549+0300] {dag.py:3722} INFO - Setting next_dagrun for example_branch_labels to 2023-11-30T00:00:00+00:00, run_after=2023-12-01T00:00:00+00:00
[2023-12-01T13:39:44.590+0300] {processor.py:179} INFO - Processing /home/petr/project/venv/lib/python3.10/site-packages/airflow/example_dags/example_branch_labels.py took 0.212 seconds
[2023-12-01T13:40:17.032+0300] {processor.py:157} INFO - Started process (PID=3847) to work on /home/petr/project/venv/lib/python3.10/site-packages/airflow/example_dags/example_branch_labels.py
[2023-12-01T13:40:17.048+0300] {processor.py:829} INFO - Processing file /home/petr/project/venv/lib/python3.10/site-packages/airflow/example_dags/example_branch_labels.py for tasks to queue
[2023-12-01T13:40:17.049+0300] {logging_mixin.py:154} INFO - [2023-12-01T13:40:17.049+0300] {dagbag.py:536} INFO - Filling up the DagBag from /home/petr/project/venv/lib/python3.10/site-packages/airflow/example_dags/example_branch_labels.py
[2023-12-01T13:40:17.074+0300] {processor.py:839} INFO - DAG(s) dict_keys(['example_branch_labels']) retrieved from /home/petr/project/venv/lib/python3.10/site-packages/airflow/example_dags/example_branch_labels.py
[2023-12-01T13:40:17.215+0300] {logging_mixin.py:154} INFO - [2023-12-01T13:40:17.215+0300] {dag.py:2941} INFO - Sync 1 DAGs
[2023-12-01T13:40:17.292+0300] {logging_mixin.py:154} INFO - [2023-12-01T13:40:17.292+0300] {dag.py:3722} INFO - Setting next_dagrun for example_branch_labels to 2023-11-30T00:00:00+00:00, run_after=2023-12-01T00:00:00+00:00
[2023-12-01T13:40:17.378+0300] {processor.py:179} INFO - Processing /home/petr/project/venv/lib/python3.10/site-packages/airflow/example_dags/example_branch_labels.py took 0.361 seconds
[2023-12-01T13:40:47.651+0300] {processor.py:157} INFO - Started process (PID=3947) to work on /home/petr/project/venv/lib/python3.10/site-packages/airflow/example_dags/example_branch_labels.py
[2023-12-01T13:40:47.667+0300] {processor.py:829} INFO - Processing file /home/petr/project/venv/lib/python3.10/site-packages/airflow/example_dags/example_branch_labels.py for tasks to queue
[2023-12-01T13:40:47.668+0300] {logging_mixin.py:154} INFO - [2023-12-01T13:40:47.668+0300] {dagbag.py:536} INFO - Filling up the DagBag from /home/petr/project/venv/lib/python3.10/site-packages/airflow/example_dags/example_branch_labels.py
[2023-12-01T13:40:47.688+0300] {processor.py:839} INFO - DAG(s) dict_keys(['example_branch_labels']) retrieved from /home/petr/project/venv/lib/python3.10/site-packages/airflow/example_dags/example_branch_labels.py
[2023-12-01T13:40:47.778+0300] {logging_mixin.py:154} INFO - [2023-12-01T13:40:47.778+0300] {dag.py:2941} INFO - Sync 1 DAGs
[2023-12-01T13:40:47.815+0300] {logging_mixin.py:154} INFO - [2023-12-01T13:40:47.815+0300] {dag.py:3722} INFO - Setting next_dagrun for example_branch_labels to 2023-11-30T00:00:00+00:00, run_after=2023-12-01T00:00:00+00:00
[2023-12-01T13:40:47.838+0300] {processor.py:179} INFO - Processing /home/petr/project/venv/lib/python3.10/site-packages/airflow/example_dags/example_branch_labels.py took 0.190 seconds
[2023-12-01T13:41:18.951+0300] {processor.py:157} INFO - Started process (PID=4050) to work on /home/petr/project/venv/lib/python3.10/site-packages/airflow/example_dags/example_branch_labels.py
[2023-12-01T13:41:18.954+0300] {processor.py:829} INFO - Processing file /home/petr/project/venv/lib/python3.10/site-packages/airflow/example_dags/example_branch_labels.py for tasks to queue
[2023-12-01T13:41:18.955+0300] {logging_mixin.py:154} INFO - [2023-12-01T13:41:18.955+0300] {dagbag.py:536} INFO - Filling up the DagBag from /home/petr/project/venv/lib/python3.10/site-packages/airflow/example_dags/example_branch_labels.py
[2023-12-01T13:41:18.966+0300] {processor.py:839} INFO - DAG(s) dict_keys(['example_branch_labels']) retrieved from /home/petr/project/venv/lib/python3.10/site-packages/airflow/example_dags/example_branch_labels.py
[2023-12-01T13:41:19.022+0300] {logging_mixin.py:154} INFO - [2023-12-01T13:41:19.021+0300] {dag.py:2941} INFO - Sync 1 DAGs
[2023-12-01T13:41:19.055+0300] {logging_mixin.py:154} INFO - [2023-12-01T13:41:19.055+0300] {dag.py:3722} INFO - Setting next_dagrun for example_branch_labels to 2023-11-30T00:00:00+00:00, run_after=2023-12-01T00:00:00+00:00
[2023-12-01T13:41:19.085+0300] {processor.py:179} INFO - Processing /home/petr/project/venv/lib/python3.10/site-packages/airflow/example_dags/example_branch_labels.py took 0.154 seconds
[2023-12-01T13:41:49.122+0300] {processor.py:157} INFO - Started process (PID=4152) to work on /home/petr/project/venv/lib/python3.10/site-packages/airflow/example_dags/example_branch_labels.py
[2023-12-01T13:41:49.122+0300] {processor.py:829} INFO - Processing file /home/petr/project/venv/lib/python3.10/site-packages/airflow/example_dags/example_branch_labels.py for tasks to queue
[2023-12-01T13:41:49.123+0300] {logging_mixin.py:154} INFO - [2023-12-01T13:41:49.123+0300] {dagbag.py:536} INFO - Filling up the DagBag from /home/petr/project/venv/lib/python3.10/site-packages/airflow/example_dags/example_branch_labels.py
[2023-12-01T13:41:49.130+0300] {processor.py:839} INFO - DAG(s) dict_keys(['example_branch_labels']) retrieved from /home/petr/project/venv/lib/python3.10/site-packages/airflow/example_dags/example_branch_labels.py
[2023-12-01T13:41:49.153+0300] {logging_mixin.py:154} INFO - [2023-12-01T13:41:49.153+0300] {dag.py:2941} INFO - Sync 1 DAGs
[2023-12-01T13:41:49.170+0300] {logging_mixin.py:154} INFO - [2023-12-01T13:41:49.170+0300] {dag.py:3722} INFO - Setting next_dagrun for example_branch_labels to 2023-11-30T00:00:00+00:00, run_after=2023-12-01T00:00:00+00:00
[2023-12-01T13:41:49.185+0300] {processor.py:179} INFO - Processing /home/petr/project/venv/lib/python3.10/site-packages/airflow/example_dags/example_branch_labels.py took 0.067 seconds
[2023-12-01T13:42:19.665+0300] {processor.py:157} INFO - Started process (PID=4258) to work on /home/petr/project/venv/lib/python3.10/site-packages/airflow/example_dags/example_branch_labels.py
[2023-12-01T13:42:19.732+0300] {processor.py:829} INFO - Processing file /home/petr/project/venv/lib/python3.10/site-packages/airflow/example_dags/example_branch_labels.py for tasks to queue
[2023-12-01T13:42:19.734+0300] {logging_mixin.py:154} INFO - [2023-12-01T13:42:19.733+0300] {dagbag.py:536} INFO - Filling up the DagBag from /home/petr/project/venv/lib/python3.10/site-packages/airflow/example_dags/example_branch_labels.py
[2023-12-01T13:42:19.806+0300] {processor.py:839} INFO - DAG(s) dict_keys(['example_branch_labels']) retrieved from /home/petr/project/venv/lib/python3.10/site-packages/airflow/example_dags/example_branch_labels.py
[2023-12-01T13:42:19.889+0300] {logging_mixin.py:154} INFO - [2023-12-01T13:42:19.889+0300] {dag.py:2941} INFO - Sync 1 DAGs
[2023-12-01T13:42:19.931+0300] {logging_mixin.py:154} INFO - [2023-12-01T13:42:19.931+0300] {dag.py:3722} INFO - Setting next_dagrun for example_branch_labels to 2023-11-30T00:00:00+00:00, run_after=2023-12-01T00:00:00+00:00
[2023-12-01T13:42:19.967+0300] {processor.py:179} INFO - Processing /home/petr/project/venv/lib/python3.10/site-packages/airflow/example_dags/example_branch_labels.py took 0.306 seconds
[2023-12-01T13:42:50.101+0300] {processor.py:157} INFO - Started process (PID=4363) to work on /home/petr/project/venv/lib/python3.10/site-packages/airflow/example_dags/example_branch_labels.py
[2023-12-01T13:42:50.101+0300] {processor.py:829} INFO - Processing file /home/petr/project/venv/lib/python3.10/site-packages/airflow/example_dags/example_branch_labels.py for tasks to queue
[2023-12-01T13:42:50.102+0300] {logging_mixin.py:154} INFO - [2023-12-01T13:42:50.102+0300] {dagbag.py:536} INFO - Filling up the DagBag from /home/petr/project/venv/lib/python3.10/site-packages/airflow/example_dags/example_branch_labels.py
[2023-12-01T13:42:50.119+0300] {processor.py:839} INFO - DAG(s) dict_keys(['example_branch_labels']) retrieved from /home/petr/project/venv/lib/python3.10/site-packages/airflow/example_dags/example_branch_labels.py
[2023-12-01T13:42:50.193+0300] {logging_mixin.py:154} INFO - [2023-12-01T13:42:50.192+0300] {dag.py:2941} INFO - Sync 1 DAGs
[2023-12-01T13:42:50.277+0300] {logging_mixin.py:154} INFO - [2023-12-01T13:42:50.277+0300] {dag.py:3722} INFO - Setting next_dagrun for example_branch_labels to 2023-11-30T00:00:00+00:00, run_after=2023-12-01T00:00:00+00:00
[2023-12-01T13:42:50.314+0300] {processor.py:179} INFO - Processing /home/petr/project/venv/lib/python3.10/site-packages/airflow/example_dags/example_branch_labels.py took 0.219 seconds
[2023-12-01T13:43:20.448+0300] {processor.py:157} INFO - Started process (PID=4462) to work on /home/petr/project/venv/lib/python3.10/site-packages/airflow/example_dags/example_branch_labels.py
[2023-12-01T13:43:20.450+0300] {processor.py:829} INFO - Processing file /home/petr/project/venv/lib/python3.10/site-packages/airflow/example_dags/example_branch_labels.py for tasks to queue
[2023-12-01T13:43:20.451+0300] {logging_mixin.py:154} INFO - [2023-12-01T13:43:20.450+0300] {dagbag.py:536} INFO - Filling up the DagBag from /home/petr/project/venv/lib/python3.10/site-packages/airflow/example_dags/example_branch_labels.py
[2023-12-01T13:43:20.470+0300] {processor.py:839} INFO - DAG(s) dict_keys(['example_branch_labels']) retrieved from /home/petr/project/venv/lib/python3.10/site-packages/airflow/example_dags/example_branch_labels.py
[2023-12-01T13:43:20.551+0300] {logging_mixin.py:154} INFO - [2023-12-01T13:43:20.550+0300] {dag.py:2941} INFO - Sync 1 DAGs
[2023-12-01T13:43:20.596+0300] {logging_mixin.py:154} INFO - [2023-12-01T13:43:20.596+0300] {dag.py:3722} INFO - Setting next_dagrun for example_branch_labels to 2023-11-30T00:00:00+00:00, run_after=2023-12-01T00:00:00+00:00
[2023-12-01T13:43:20.680+0300] {processor.py:179} INFO - Processing /home/petr/project/venv/lib/python3.10/site-packages/airflow/example_dags/example_branch_labels.py took 0.235 seconds
[2023-12-01T13:43:50.791+0300] {processor.py:157} INFO - Started process (PID=4562) to work on /home/petr/project/venv/lib/python3.10/site-packages/airflow/example_dags/example_branch_labels.py
[2023-12-01T13:43:50.796+0300] {processor.py:829} INFO - Processing file /home/petr/project/venv/lib/python3.10/site-packages/airflow/example_dags/example_branch_labels.py for tasks to queue
[2023-12-01T13:43:50.797+0300] {logging_mixin.py:154} INFO - [2023-12-01T13:43:50.796+0300] {dagbag.py:536} INFO - Filling up the DagBag from /home/petr/project/venv/lib/python3.10/site-packages/airflow/example_dags/example_branch_labels.py
[2023-12-01T13:43:50.803+0300] {processor.py:839} INFO - DAG(s) dict_keys(['example_branch_labels']) retrieved from /home/petr/project/venv/lib/python3.10/site-packages/airflow/example_dags/example_branch_labels.py
[2023-12-01T13:43:50.862+0300] {logging_mixin.py:154} INFO - [2023-12-01T13:43:50.861+0300] {dag.py:2941} INFO - Sync 1 DAGs
[2023-12-01T13:43:50.912+0300] {logging_mixin.py:154} INFO - [2023-12-01T13:43:50.911+0300] {dag.py:3722} INFO - Setting next_dagrun for example_branch_labels to 2023-11-30T00:00:00+00:00, run_after=2023-12-01T00:00:00+00:00
[2023-12-01T13:43:50.950+0300] {processor.py:179} INFO - Processing /home/petr/project/venv/lib/python3.10/site-packages/airflow/example_dags/example_branch_labels.py took 0.162 seconds
[2023-12-01T13:44:21.090+0300] {processor.py:157} INFO - Started process (PID=4662) to work on /home/petr/project/venv/lib/python3.10/site-packages/airflow/example_dags/example_branch_labels.py
[2023-12-01T13:44:21.105+0300] {processor.py:829} INFO - Processing file /home/petr/project/venv/lib/python3.10/site-packages/airflow/example_dags/example_branch_labels.py for tasks to queue
[2023-12-01T13:44:21.106+0300] {logging_mixin.py:154} INFO - [2023-12-01T13:44:21.105+0300] {dagbag.py:536} INFO - Filling up the DagBag from /home/petr/project/venv/lib/python3.10/site-packages/airflow/example_dags/example_branch_labels.py
[2023-12-01T13:44:21.111+0300] {processor.py:839} INFO - DAG(s) dict_keys(['example_branch_labels']) retrieved from /home/petr/project/venv/lib/python3.10/site-packages/airflow/example_dags/example_branch_labels.py
[2023-12-01T13:44:21.150+0300] {logging_mixin.py:154} INFO - [2023-12-01T13:44:21.149+0300] {dag.py:2941} INFO - Sync 1 DAGs
[2023-12-01T13:44:21.193+0300] {logging_mixin.py:154} INFO - [2023-12-01T13:44:21.193+0300] {dag.py:3722} INFO - Setting next_dagrun for example_branch_labels to 2023-11-30T00:00:00+00:00, run_after=2023-12-01T00:00:00+00:00
[2023-12-01T13:44:21.231+0300] {processor.py:179} INFO - Processing /home/petr/project/venv/lib/python3.10/site-packages/airflow/example_dags/example_branch_labels.py took 0.144 seconds
[2023-12-01T13:44:51.913+0300] {processor.py:157} INFO - Started process (PID=4768) to work on /home/petr/project/venv/lib/python3.10/site-packages/airflow/example_dags/example_branch_labels.py
[2023-12-01T13:44:51.919+0300] {processor.py:829} INFO - Processing file /home/petr/project/venv/lib/python3.10/site-packages/airflow/example_dags/example_branch_labels.py for tasks to queue
[2023-12-01T13:44:51.919+0300] {logging_mixin.py:154} INFO - [2023-12-01T13:44:51.919+0300] {dagbag.py:536} INFO - Filling up the DagBag from /home/petr/project/venv/lib/python3.10/site-packages/airflow/example_dags/example_branch_labels.py
[2023-12-01T13:44:51.925+0300] {processor.py:839} INFO - DAG(s) dict_keys(['example_branch_labels']) retrieved from /home/petr/project/venv/lib/python3.10/site-packages/airflow/example_dags/example_branch_labels.py
[2023-12-01T13:44:51.981+0300] {logging_mixin.py:154} INFO - [2023-12-01T13:44:51.981+0300] {dag.py:2941} INFO - Sync 1 DAGs
[2023-12-01T13:44:52.027+0300] {logging_mixin.py:154} INFO - [2023-12-01T13:44:52.027+0300] {dag.py:3722} INFO - Setting next_dagrun for example_branch_labels to 2023-11-30T00:00:00+00:00, run_after=2023-12-01T00:00:00+00:00
[2023-12-01T13:44:52.083+0300] {processor.py:179} INFO - Processing /home/petr/project/venv/lib/python3.10/site-packages/airflow/example_dags/example_branch_labels.py took 0.173 seconds
[2023-12-01T13:45:22.741+0300] {processor.py:157} INFO - Started process (PID=4885) to work on /home/petr/project/venv/lib/python3.10/site-packages/airflow/example_dags/example_branch_labels.py
[2023-12-01T13:45:22.756+0300] {processor.py:829} INFO - Processing file /home/petr/project/venv/lib/python3.10/site-packages/airflow/example_dags/example_branch_labels.py for tasks to queue
[2023-12-01T13:45:22.757+0300] {logging_mixin.py:154} INFO - [2023-12-01T13:45:22.757+0300] {dagbag.py:536} INFO - Filling up the DagBag from /home/petr/project/venv/lib/python3.10/site-packages/airflow/example_dags/example_branch_labels.py
[2023-12-01T13:45:22.773+0300] {processor.py:839} INFO - DAG(s) dict_keys(['example_branch_labels']) retrieved from /home/petr/project/venv/lib/python3.10/site-packages/airflow/example_dags/example_branch_labels.py
[2023-12-01T13:45:22.829+0300] {logging_mixin.py:154} INFO - [2023-12-01T13:45:22.829+0300] {dag.py:2941} INFO - Sync 1 DAGs
[2023-12-01T13:45:22.881+0300] {logging_mixin.py:154} INFO - [2023-12-01T13:45:22.881+0300] {dag.py:3722} INFO - Setting next_dagrun for example_branch_labels to 2023-11-30T00:00:00+00:00, run_after=2023-12-01T00:00:00+00:00
[2023-12-01T13:45:22.909+0300] {processor.py:179} INFO - Processing /home/petr/project/venv/lib/python3.10/site-packages/airflow/example_dags/example_branch_labels.py took 0.172 seconds
[2023-12-01T13:46:49.329+0300] {processor.py:157} INFO - Started process (PID=5001) to work on /home/petr/project/venv/lib/python3.10/site-packages/airflow/example_dags/example_branch_labels.py
[2023-12-01T13:46:49.336+0300] {processor.py:829} INFO - Processing file /home/petr/project/venv/lib/python3.10/site-packages/airflow/example_dags/example_branch_labels.py for tasks to queue
[2023-12-01T13:46:49.343+0300] {logging_mixin.py:154} INFO - [2023-12-01T13:46:49.342+0300] {dagbag.py:536} INFO - Filling up the DagBag from /home/petr/project/venv/lib/python3.10/site-packages/airflow/example_dags/example_branch_labels.py
[2023-12-01T13:46:49.352+0300] {processor.py:839} INFO - DAG(s) dict_keys(['example_branch_labels']) retrieved from /home/petr/project/venv/lib/python3.10/site-packages/airflow/example_dags/example_branch_labels.py
[2023-12-01T13:46:49.419+0300] {logging_mixin.py:154} INFO - [2023-12-01T13:46:49.419+0300] {dag.py:2941} INFO - Sync 1 DAGs
[2023-12-01T13:46:49.464+0300] {logging_mixin.py:154} INFO - [2023-12-01T13:46:49.464+0300] {dag.py:3722} INFO - Setting next_dagrun for example_branch_labels to 2023-11-30T00:00:00+00:00, run_after=2023-12-01T00:00:00+00:00
[2023-12-01T13:46:49.496+0300] {processor.py:179} INFO - Processing /home/petr/project/venv/lib/python3.10/site-packages/airflow/example_dags/example_branch_labels.py took 0.170 seconds
[2023-12-01T13:47:20.073+0300] {processor.py:157} INFO - Started process (PID=5105) to work on /home/petr/project/venv/lib/python3.10/site-packages/airflow/example_dags/example_branch_labels.py
[2023-12-01T13:47:20.085+0300] {processor.py:829} INFO - Processing file /home/petr/project/venv/lib/python3.10/site-packages/airflow/example_dags/example_branch_labels.py for tasks to queue
[2023-12-01T13:47:20.085+0300] {logging_mixin.py:154} INFO - [2023-12-01T13:47:20.085+0300] {dagbag.py:536} INFO - Filling up the DagBag from /home/petr/project/venv/lib/python3.10/site-packages/airflow/example_dags/example_branch_labels.py
[2023-12-01T13:47:20.103+0300] {processor.py:839} INFO - DAG(s) dict_keys(['example_branch_labels']) retrieved from /home/petr/project/venv/lib/python3.10/site-packages/airflow/example_dags/example_branch_labels.py
[2023-12-01T13:47:20.152+0300] {logging_mixin.py:154} INFO - [2023-12-01T13:47:20.152+0300] {dag.py:2941} INFO - Sync 1 DAGs
[2023-12-01T13:47:20.189+0300] {logging_mixin.py:154} INFO - [2023-12-01T13:47:20.189+0300] {dag.py:3722} INFO - Setting next_dagrun for example_branch_labels to 2023-11-30T00:00:00+00:00, run_after=2023-12-01T00:00:00+00:00
[2023-12-01T13:47:20.214+0300] {processor.py:179} INFO - Processing /home/petr/project/venv/lib/python3.10/site-packages/airflow/example_dags/example_branch_labels.py took 0.145 seconds
[2023-12-01T13:47:51.717+0300] {processor.py:157} INFO - Started process (PID=5232) to work on /home/petr/project/venv/lib/python3.10/site-packages/airflow/example_dags/example_branch_labels.py
[2023-12-01T13:47:51.747+0300] {processor.py:829} INFO - Processing file /home/petr/project/venv/lib/python3.10/site-packages/airflow/example_dags/example_branch_labels.py for tasks to queue
[2023-12-01T13:47:51.749+0300] {logging_mixin.py:154} INFO - [2023-12-01T13:47:51.748+0300] {dagbag.py:536} INFO - Filling up the DagBag from /home/petr/project/venv/lib/python3.10/site-packages/airflow/example_dags/example_branch_labels.py
[2023-12-01T13:47:51.776+0300] {processor.py:839} INFO - DAG(s) dict_keys(['example_branch_labels']) retrieved from /home/petr/project/venv/lib/python3.10/site-packages/airflow/example_dags/example_branch_labels.py
[2023-12-01T13:47:52.293+0300] {logging_mixin.py:154} INFO - [2023-12-01T13:47:52.293+0300] {process_utils.py:259} INFO - Waiting up to 5 seconds for processes to exit...
[2023-12-01T13:47:52.303+0300] {logging_mixin.py:154} INFO - [2023-12-01T13:47:52.302+0300] {process_utils.py:259} INFO - Waiting up to 5 seconds for processes to exit...
[2023-12-01T13:49:13.620+0300] {processor.py:157} INFO - Started process (PID=5379) to work on /home/petr/project/venv/lib/python3.10/site-packages/airflow/example_dags/example_branch_labels.py
[2023-12-01T13:49:13.629+0300] {processor.py:829} INFO - Processing file /home/petr/project/venv/lib/python3.10/site-packages/airflow/example_dags/example_branch_labels.py for tasks to queue
[2023-12-01T13:49:13.630+0300] {logging_mixin.py:154} INFO - [2023-12-01T13:49:13.630+0300] {dagbag.py:536} INFO - Filling up the DagBag from /home/petr/project/venv/lib/python3.10/site-packages/airflow/example_dags/example_branch_labels.py
[2023-12-01T13:49:13.648+0300] {processor.py:839} INFO - DAG(s) dict_keys(['example_branch_labels']) retrieved from /home/petr/project/venv/lib/python3.10/site-packages/airflow/example_dags/example_branch_labels.py
[2023-12-01T13:49:13.723+0300] {logging_mixin.py:154} INFO - [2023-12-01T13:49:13.723+0300] {dag.py:2941} INFO - Sync 1 DAGs
[2023-12-01T13:49:13.756+0300] {logging_mixin.py:154} INFO - [2023-12-01T13:49:13.756+0300] {dag.py:3722} INFO - Setting next_dagrun for example_branch_labels to 2023-11-30T00:00:00+00:00, run_after=2023-12-01T00:00:00+00:00
[2023-12-01T13:49:13.791+0300] {processor.py:179} INFO - Processing /home/petr/project/venv/lib/python3.10/site-packages/airflow/example_dags/example_branch_labels.py took 0.177 seconds
[2023-12-01T13:49:46.262+0300] {processor.py:157} INFO - Started process (PID=5479) to work on /home/petr/project/venv/lib/python3.10/site-packages/airflow/example_dags/example_branch_labels.py
[2023-12-01T13:49:46.274+0300] {processor.py:829} INFO - Processing file /home/petr/project/venv/lib/python3.10/site-packages/airflow/example_dags/example_branch_labels.py for tasks to queue
[2023-12-01T13:49:46.275+0300] {logging_mixin.py:154} INFO - [2023-12-01T13:49:46.275+0300] {dagbag.py:536} INFO - Filling up the DagBag from /home/petr/project/venv/lib/python3.10/site-packages/airflow/example_dags/example_branch_labels.py
[2023-12-01T13:49:46.284+0300] {processor.py:839} INFO - DAG(s) dict_keys(['example_branch_labels']) retrieved from /home/petr/project/venv/lib/python3.10/site-packages/airflow/example_dags/example_branch_labels.py
[2023-12-01T13:49:46.344+0300] {logging_mixin.py:154} INFO - [2023-12-01T13:49:46.344+0300] {dag.py:2941} INFO - Sync 1 DAGs
[2023-12-01T13:49:46.386+0300] {logging_mixin.py:154} INFO - [2023-12-01T13:49:46.386+0300] {dag.py:3722} INFO - Setting next_dagrun for example_branch_labels to 2023-11-30T00:00:00+00:00, run_after=2023-12-01T00:00:00+00:00
[2023-12-01T13:49:46.418+0300] {processor.py:179} INFO - Processing /home/petr/project/venv/lib/python3.10/site-packages/airflow/example_dags/example_branch_labels.py took 0.159 seconds
[2023-12-01T13:50:17.792+0300] {processor.py:157} INFO - Started process (PID=5589) to work on /home/petr/project/venv/lib/python3.10/site-packages/airflow/example_dags/example_branch_labels.py
[2023-12-01T13:50:17.804+0300] {processor.py:829} INFO - Processing file /home/petr/project/venv/lib/python3.10/site-packages/airflow/example_dags/example_branch_labels.py for tasks to queue
[2023-12-01T13:50:17.805+0300] {logging_mixin.py:154} INFO - [2023-12-01T13:50:17.805+0300] {dagbag.py:536} INFO - Filling up the DagBag from /home/petr/project/venv/lib/python3.10/site-packages/airflow/example_dags/example_branch_labels.py
[2023-12-01T13:50:17.812+0300] {processor.py:839} INFO - DAG(s) dict_keys(['example_branch_labels']) retrieved from /home/petr/project/venv/lib/python3.10/site-packages/airflow/example_dags/example_branch_labels.py
[2023-12-01T13:50:17.874+0300] {logging_mixin.py:154} INFO - [2023-12-01T13:50:17.873+0300] {dag.py:2941} INFO - Sync 1 DAGs
[2023-12-01T13:50:17.941+0300] {logging_mixin.py:154} INFO - [2023-12-01T13:50:17.941+0300] {dag.py:3722} INFO - Setting next_dagrun for example_branch_labels to 2023-11-30T00:00:00+00:00, run_after=2023-12-01T00:00:00+00:00
[2023-12-01T13:50:18.018+0300] {processor.py:179} INFO - Processing /home/petr/project/venv/lib/python3.10/site-packages/airflow/example_dags/example_branch_labels.py took 0.244 seconds
[2023-12-01T20:01:04.360+0300] {processor.py:157} INFO - Started process (PID=5970) to work on /home/petr/project/venv/lib/python3.10/site-packages/airflow/example_dags/example_branch_labels.py
[2023-12-01T20:01:04.386+0300] {processor.py:829} INFO - Processing file /home/petr/project/venv/lib/python3.10/site-packages/airflow/example_dags/example_branch_labels.py for tasks to queue
[2023-12-01T20:01:04.388+0300] {logging_mixin.py:154} INFO - [2023-12-01T20:01:04.387+0300] {dagbag.py:536} INFO - Filling up the DagBag from /home/petr/project/venv/lib/python3.10/site-packages/airflow/example_dags/example_branch_labels.py
[2023-12-01T20:01:04.414+0300] {processor.py:839} INFO - DAG(s) dict_keys(['example_branch_labels']) retrieved from /home/petr/project/venv/lib/python3.10/site-packages/airflow/example_dags/example_branch_labels.py
[2023-12-01T20:01:04.563+0300] {logging_mixin.py:154} INFO - [2023-12-01T20:01:04.562+0300] {dag.py:2941} INFO - Sync 1 DAGs
[2023-12-01T20:01:04.688+0300] {logging_mixin.py:154} INFO - [2023-12-01T20:01:04.687+0300] {dag.py:3722} INFO - Setting next_dagrun for example_branch_labels to 2023-11-30T00:00:00+00:00, run_after=2023-12-01T00:00:00+00:00
[2023-12-01T20:01:04.750+0300] {processor.py:179} INFO - Processing /home/petr/project/venv/lib/python3.10/site-packages/airflow/example_dags/example_branch_labels.py took 0.399 seconds
