[2023-12-01T13:38:05.871+0300] {processor.py:157} INFO - Started process (PID=3353) to work on /home/petr/project/venv/lib/python3.10/site-packages/airflow/example_dags/example_skip_dag.py
[2023-12-01T13:38:05.872+0300] {processor.py:829} INFO - Processing file /home/petr/project/venv/lib/python3.10/site-packages/airflow/example_dags/example_skip_dag.py for tasks to queue
[2023-12-01T13:38:05.872+0300] {logging_mixin.py:154} INFO - [2023-12-01T13:38:05.872+0300] {dagbag.py:536} INFO - Filling up the DagBag from /home/petr/project/venv/lib/python3.10/site-packages/airflow/example_dags/example_skip_dag.py
[2023-12-01T13:38:05.887+0300] {processor.py:839} INFO - DAG(s) dict_keys(['example_skip_dag']) retrieved from /home/petr/project/venv/lib/python3.10/site-packages/airflow/example_dags/example_skip_dag.py
[2023-12-01T13:38:05.948+0300] {logging_mixin.py:154} INFO - [2023-12-01T13:38:05.948+0300] {dag.py:2941} INFO - Sync 1 DAGs
[2023-12-01T13:38:05.991+0300] {logging_mixin.py:154} INFO - [2023-12-01T13:38:05.991+0300] {dag.py:3722} INFO - Setting next_dagrun for example_skip_dag to 2023-11-30T10:38:05.991011+00:00, run_after=2023-12-01T10:38:05.991011+00:00
[2023-12-01T13:38:06.032+0300] {processor.py:179} INFO - Processing /home/petr/project/venv/lib/python3.10/site-packages/airflow/example_dags/example_skip_dag.py took 0.164 seconds
[2023-12-01T13:38:36.833+0300] {processor.py:157} INFO - Started process (PID=3458) to work on /home/petr/project/venv/lib/python3.10/site-packages/airflow/example_dags/example_skip_dag.py
[2023-12-01T13:38:36.834+0300] {processor.py:829} INFO - Processing file /home/petr/project/venv/lib/python3.10/site-packages/airflow/example_dags/example_skip_dag.py for tasks to queue
[2023-12-01T13:38:36.835+0300] {logging_mixin.py:154} INFO - [2023-12-01T13:38:36.834+0300] {dagbag.py:536} INFO - Filling up the DagBag from /home/petr/project/venv/lib/python3.10/site-packages/airflow/example_dags/example_skip_dag.py
[2023-12-01T13:38:36.884+0300] {processor.py:839} INFO - DAG(s) dict_keys(['example_skip_dag']) retrieved from /home/petr/project/venv/lib/python3.10/site-packages/airflow/example_dags/example_skip_dag.py
[2023-12-01T13:38:36.955+0300] {logging_mixin.py:154} INFO - [2023-12-01T13:38:36.955+0300] {dag.py:2941} INFO - Sync 1 DAGs
[2023-12-01T13:38:37.012+0300] {logging_mixin.py:154} INFO - [2023-12-01T13:38:37.012+0300] {dag.py:3722} INFO - Setting next_dagrun for example_skip_dag to 2023-11-30T10:38:37.012104+00:00, run_after=2023-12-01T10:38:37.012104+00:00
[2023-12-01T13:38:37.058+0300] {processor.py:179} INFO - Processing /home/petr/project/venv/lib/python3.10/site-packages/airflow/example_dags/example_skip_dag.py took 0.228 seconds
[2023-12-01T13:39:08.306+0300] {processor.py:157} INFO - Started process (PID=3560) to work on /home/petr/project/venv/lib/python3.10/site-packages/airflow/example_dags/example_skip_dag.py
[2023-12-01T13:39:08.310+0300] {processor.py:829} INFO - Processing file /home/petr/project/venv/lib/python3.10/site-packages/airflow/example_dags/example_skip_dag.py for tasks to queue
[2023-12-01T13:39:08.311+0300] {logging_mixin.py:154} INFO - [2023-12-01T13:39:08.311+0300] {dagbag.py:536} INFO - Filling up the DagBag from /home/petr/project/venv/lib/python3.10/site-packages/airflow/example_dags/example_skip_dag.py
[2023-12-01T13:39:08.356+0300] {processor.py:839} INFO - DAG(s) dict_keys(['example_skip_dag']) retrieved from /home/petr/project/venv/lib/python3.10/site-packages/airflow/example_dags/example_skip_dag.py
[2023-12-01T13:39:08.466+0300] {logging_mixin.py:154} INFO - [2023-12-01T13:39:08.466+0300] {dag.py:2941} INFO - Sync 1 DAGs
[2023-12-01T13:39:08.569+0300] {logging_mixin.py:154} INFO - [2023-12-01T13:39:08.569+0300] {dag.py:3722} INFO - Setting next_dagrun for example_skip_dag to 2023-11-30T10:39:08.568997+00:00, run_after=2023-12-01T10:39:08.568997+00:00
[2023-12-01T13:39:08.673+0300] {processor.py:179} INFO - Processing /home/petr/project/venv/lib/python3.10/site-packages/airflow/example_dags/example_skip_dag.py took 0.392 seconds
[2023-12-01T13:39:38.911+0300] {processor.py:157} INFO - Started process (PID=3665) to work on /home/petr/project/venv/lib/python3.10/site-packages/airflow/example_dags/example_skip_dag.py
[2023-12-01T13:39:38.912+0300] {processor.py:829} INFO - Processing file /home/petr/project/venv/lib/python3.10/site-packages/airflow/example_dags/example_skip_dag.py for tasks to queue
[2023-12-01T13:39:38.913+0300] {logging_mixin.py:154} INFO - [2023-12-01T13:39:38.912+0300] {dagbag.py:536} INFO - Filling up the DagBag from /home/petr/project/venv/lib/python3.10/site-packages/airflow/example_dags/example_skip_dag.py
[2023-12-01T13:39:38.933+0300] {processor.py:839} INFO - DAG(s) dict_keys(['example_skip_dag']) retrieved from /home/petr/project/venv/lib/python3.10/site-packages/airflow/example_dags/example_skip_dag.py
[2023-12-01T13:39:38.984+0300] {logging_mixin.py:154} INFO - [2023-12-01T13:39:38.984+0300] {dag.py:2941} INFO - Sync 1 DAGs
[2023-12-01T13:39:39.020+0300] {logging_mixin.py:154} INFO - [2023-12-01T13:39:39.020+0300] {dag.py:3722} INFO - Setting next_dagrun for example_skip_dag to 2023-11-30T10:39:39.019911+00:00, run_after=2023-12-01T10:39:39.019911+00:00
[2023-12-01T13:39:39.060+0300] {processor.py:179} INFO - Processing /home/petr/project/venv/lib/python3.10/site-packages/airflow/example_dags/example_skip_dag.py took 0.154 seconds
[2023-12-01T13:40:10.476+0300] {processor.py:157} INFO - Started process (PID=3797) to work on /home/petr/project/venv/lib/python3.10/site-packages/airflow/example_dags/example_skip_dag.py
[2023-12-01T13:40:10.489+0300] {processor.py:829} INFO - Processing file /home/petr/project/venv/lib/python3.10/site-packages/airflow/example_dags/example_skip_dag.py for tasks to queue
[2023-12-01T13:40:10.490+0300] {logging_mixin.py:154} INFO - [2023-12-01T13:40:10.490+0300] {dagbag.py:536} INFO - Filling up the DagBag from /home/petr/project/venv/lib/python3.10/site-packages/airflow/example_dags/example_skip_dag.py
[2023-12-01T13:40:10.513+0300] {processor.py:839} INFO - DAG(s) dict_keys(['example_skip_dag']) retrieved from /home/petr/project/venv/lib/python3.10/site-packages/airflow/example_dags/example_skip_dag.py
[2023-12-01T13:40:10.584+0300] {logging_mixin.py:154} INFO - [2023-12-01T13:40:10.583+0300] {dag.py:2941} INFO - Sync 1 DAGs
[2023-12-01T13:40:10.673+0300] {logging_mixin.py:154} INFO - [2023-12-01T13:40:10.673+0300] {dag.py:3722} INFO - Setting next_dagrun for example_skip_dag to 2023-11-30T10:40:10.673328+00:00, run_after=2023-12-01T10:40:10.673328+00:00
[2023-12-01T13:40:10.740+0300] {processor.py:179} INFO - Processing /home/petr/project/venv/lib/python3.10/site-packages/airflow/example_dags/example_skip_dag.py took 0.266 seconds
[2023-12-01T13:40:40.858+0300] {processor.py:157} INFO - Started process (PID=3899) to work on /home/petr/project/venv/lib/python3.10/site-packages/airflow/example_dags/example_skip_dag.py
[2023-12-01T13:40:40.885+0300] {processor.py:829} INFO - Processing file /home/petr/project/venv/lib/python3.10/site-packages/airflow/example_dags/example_skip_dag.py for tasks to queue
[2023-12-01T13:40:40.886+0300] {logging_mixin.py:154} INFO - [2023-12-01T13:40:40.885+0300] {dagbag.py:536} INFO - Filling up the DagBag from /home/petr/project/venv/lib/python3.10/site-packages/airflow/example_dags/example_skip_dag.py
[2023-12-01T13:40:40.918+0300] {processor.py:839} INFO - DAG(s) dict_keys(['example_skip_dag']) retrieved from /home/petr/project/venv/lib/python3.10/site-packages/airflow/example_dags/example_skip_dag.py
[2023-12-01T13:40:41.083+0300] {logging_mixin.py:154} INFO - [2023-12-01T13:40:41.083+0300] {dag.py:2941} INFO - Sync 1 DAGs
[2023-12-01T13:40:41.184+0300] {logging_mixin.py:154} INFO - [2023-12-01T13:40:41.184+0300] {dag.py:3722} INFO - Setting next_dagrun for example_skip_dag to 2023-11-30T10:40:41.183897+00:00, run_after=2023-12-01T10:40:41.183897+00:00
[2023-12-01T13:40:41.310+0300] {processor.py:179} INFO - Processing /home/petr/project/venv/lib/python3.10/site-packages/airflow/example_dags/example_skip_dag.py took 0.481 seconds
[2023-12-01T13:41:12.001+0300] {processor.py:157} INFO - Started process (PID=3998) to work on /home/petr/project/venv/lib/python3.10/site-packages/airflow/example_dags/example_skip_dag.py
[2023-12-01T13:41:12.009+0300] {processor.py:829} INFO - Processing file /home/petr/project/venv/lib/python3.10/site-packages/airflow/example_dags/example_skip_dag.py for tasks to queue
[2023-12-01T13:41:12.010+0300] {logging_mixin.py:154} INFO - [2023-12-01T13:41:12.010+0300] {dagbag.py:536} INFO - Filling up the DagBag from /home/petr/project/venv/lib/python3.10/site-packages/airflow/example_dags/example_skip_dag.py
[2023-12-01T13:41:12.017+0300] {processor.py:839} INFO - DAG(s) dict_keys(['example_skip_dag']) retrieved from /home/petr/project/venv/lib/python3.10/site-packages/airflow/example_dags/example_skip_dag.py
[2023-12-01T13:41:12.072+0300] {logging_mixin.py:154} INFO - [2023-12-01T13:41:12.071+0300] {dag.py:2941} INFO - Sync 1 DAGs
[2023-12-01T13:41:12.102+0300] {logging_mixin.py:154} INFO - [2023-12-01T13:41:12.102+0300] {dag.py:3722} INFO - Setting next_dagrun for example_skip_dag to 2023-11-30T10:41:12.102583+00:00, run_after=2023-12-01T10:41:12.102583+00:00
[2023-12-01T13:41:12.153+0300] {processor.py:179} INFO - Processing /home/petr/project/venv/lib/python3.10/site-packages/airflow/example_dags/example_skip_dag.py took 0.155 seconds
[2023-12-01T13:41:42.815+0300] {processor.py:157} INFO - Started process (PID=4102) to work on /home/petr/project/venv/lib/python3.10/site-packages/airflow/example_dags/example_skip_dag.py
[2023-12-01T13:41:42.817+0300] {processor.py:829} INFO - Processing file /home/petr/project/venv/lib/python3.10/site-packages/airflow/example_dags/example_skip_dag.py for tasks to queue
[2023-12-01T13:41:42.818+0300] {logging_mixin.py:154} INFO - [2023-12-01T13:41:42.817+0300] {dagbag.py:536} INFO - Filling up the DagBag from /home/petr/project/venv/lib/python3.10/site-packages/airflow/example_dags/example_skip_dag.py
[2023-12-01T13:41:42.824+0300] {processor.py:839} INFO - DAG(s) dict_keys(['example_skip_dag']) retrieved from /home/petr/project/venv/lib/python3.10/site-packages/airflow/example_dags/example_skip_dag.py
[2023-12-01T13:41:42.885+0300] {logging_mixin.py:154} INFO - [2023-12-01T13:41:42.885+0300] {dag.py:2941} INFO - Sync 1 DAGs
[2023-12-01T13:41:42.914+0300] {logging_mixin.py:154} INFO - [2023-12-01T13:41:42.914+0300] {dag.py:3722} INFO - Setting next_dagrun for example_skip_dag to 2023-11-30T10:41:42.914350+00:00, run_after=2023-12-01T10:41:42.914350+00:00
[2023-12-01T13:41:42.965+0300] {processor.py:179} INFO - Processing /home/petr/project/venv/lib/python3.10/site-packages/airflow/example_dags/example_skip_dag.py took 0.167 seconds
[2023-12-01T13:42:13.127+0300] {processor.py:157} INFO - Started process (PID=4209) to work on /home/petr/project/venv/lib/python3.10/site-packages/airflow/example_dags/example_skip_dag.py
[2023-12-01T13:42:13.134+0300] {processor.py:829} INFO - Processing file /home/petr/project/venv/lib/python3.10/site-packages/airflow/example_dags/example_skip_dag.py for tasks to queue
[2023-12-01T13:42:13.134+0300] {logging_mixin.py:154} INFO - [2023-12-01T13:42:13.134+0300] {dagbag.py:536} INFO - Filling up the DagBag from /home/petr/project/venv/lib/python3.10/site-packages/airflow/example_dags/example_skip_dag.py
[2023-12-01T13:42:13.140+0300] {processor.py:839} INFO - DAG(s) dict_keys(['example_skip_dag']) retrieved from /home/petr/project/venv/lib/python3.10/site-packages/airflow/example_dags/example_skip_dag.py
[2023-12-01T13:42:13.217+0300] {logging_mixin.py:154} INFO - [2023-12-01T13:42:13.217+0300] {dag.py:2941} INFO - Sync 1 DAGs
[2023-12-01T13:42:13.261+0300] {logging_mixin.py:154} INFO - [2023-12-01T13:42:13.260+0300] {dag.py:3722} INFO - Setting next_dagrun for example_skip_dag to 2023-11-30T10:42:13.260797+00:00, run_after=2023-12-01T10:42:13.260797+00:00
[2023-12-01T13:42:13.309+0300] {processor.py:179} INFO - Processing /home/petr/project/venv/lib/python3.10/site-packages/airflow/example_dags/example_skip_dag.py took 0.185 seconds
[2023-12-01T13:42:43.945+0300] {processor.py:157} INFO - Started process (PID=4313) to work on /home/petr/project/venv/lib/python3.10/site-packages/airflow/example_dags/example_skip_dag.py
[2023-12-01T13:42:43.958+0300] {processor.py:829} INFO - Processing file /home/petr/project/venv/lib/python3.10/site-packages/airflow/example_dags/example_skip_dag.py for tasks to queue
[2023-12-01T13:42:43.959+0300] {logging_mixin.py:154} INFO - [2023-12-01T13:42:43.958+0300] {dagbag.py:536} INFO - Filling up the DagBag from /home/petr/project/venv/lib/python3.10/site-packages/airflow/example_dags/example_skip_dag.py
[2023-12-01T13:42:43.964+0300] {processor.py:839} INFO - DAG(s) dict_keys(['example_skip_dag']) retrieved from /home/petr/project/venv/lib/python3.10/site-packages/airflow/example_dags/example_skip_dag.py
[2023-12-01T13:42:44.011+0300] {logging_mixin.py:154} INFO - [2023-12-01T13:42:44.011+0300] {dag.py:2941} INFO - Sync 1 DAGs
[2023-12-01T13:42:44.049+0300] {logging_mixin.py:154} INFO - [2023-12-01T13:42:44.049+0300] {dag.py:3722} INFO - Setting next_dagrun for example_skip_dag to 2023-11-30T10:42:44.049297+00:00, run_after=2023-12-01T10:42:44.049297+00:00
[2023-12-01T13:42:44.091+0300] {processor.py:179} INFO - Processing /home/petr/project/venv/lib/python3.10/site-packages/airflow/example_dags/example_skip_dag.py took 0.149 seconds
[2023-12-01T13:43:14.203+0300] {processor.py:157} INFO - Started process (PID=4414) to work on /home/petr/project/venv/lib/python3.10/site-packages/airflow/example_dags/example_skip_dag.py
[2023-12-01T13:43:14.210+0300] {processor.py:829} INFO - Processing file /home/petr/project/venv/lib/python3.10/site-packages/airflow/example_dags/example_skip_dag.py for tasks to queue
[2023-12-01T13:43:14.211+0300] {logging_mixin.py:154} INFO - [2023-12-01T13:43:14.211+0300] {dagbag.py:536} INFO - Filling up the DagBag from /home/petr/project/venv/lib/python3.10/site-packages/airflow/example_dags/example_skip_dag.py
[2023-12-01T13:43:14.219+0300] {processor.py:839} INFO - DAG(s) dict_keys(['example_skip_dag']) retrieved from /home/petr/project/venv/lib/python3.10/site-packages/airflow/example_dags/example_skip_dag.py
[2023-12-01T13:43:14.282+0300] {logging_mixin.py:154} INFO - [2023-12-01T13:43:14.281+0300] {dag.py:2941} INFO - Sync 1 DAGs
[2023-12-01T13:43:14.325+0300] {logging_mixin.py:154} INFO - [2023-12-01T13:43:14.325+0300] {dag.py:3722} INFO - Setting next_dagrun for example_skip_dag to 2023-11-30T10:43:14.324932+00:00, run_after=2023-12-01T10:43:14.324932+00:00
[2023-12-01T13:43:14.374+0300] {processor.py:179} INFO - Processing /home/petr/project/venv/lib/python3.10/site-packages/airflow/example_dags/example_skip_dag.py took 0.174 seconds
[2023-12-01T13:43:46.008+0300] {processor.py:157} INFO - Started process (PID=4513) to work on /home/petr/project/venv/lib/python3.10/site-packages/airflow/example_dags/example_skip_dag.py
[2023-12-01T13:43:46.033+0300] {processor.py:829} INFO - Processing file /home/petr/project/venv/lib/python3.10/site-packages/airflow/example_dags/example_skip_dag.py for tasks to queue
[2023-12-01T13:43:46.033+0300] {logging_mixin.py:154} INFO - [2023-12-01T13:43:46.033+0300] {dagbag.py:536} INFO - Filling up the DagBag from /home/petr/project/venv/lib/python3.10/site-packages/airflow/example_dags/example_skip_dag.py
[2023-12-01T13:43:46.056+0300] {processor.py:839} INFO - DAG(s) dict_keys(['example_skip_dag']) retrieved from /home/petr/project/venv/lib/python3.10/site-packages/airflow/example_dags/example_skip_dag.py
[2023-12-01T13:43:46.198+0300] {logging_mixin.py:154} INFO - [2023-12-01T13:43:46.198+0300] {dag.py:2941} INFO - Sync 1 DAGs
[2023-12-01T13:43:46.305+0300] {logging_mixin.py:154} INFO - [2023-12-01T13:43:46.305+0300] {dag.py:3722} INFO - Setting next_dagrun for example_skip_dag to 2023-11-30T10:43:46.305099+00:00, run_after=2023-12-01T10:43:46.305099+00:00
[2023-12-01T13:43:46.411+0300] {processor.py:179} INFO - Processing /home/petr/project/venv/lib/python3.10/site-packages/airflow/example_dags/example_skip_dag.py took 0.409 seconds
[2023-12-01T13:44:17.135+0300] {processor.py:157} INFO - Started process (PID=4612) to work on /home/petr/project/venv/lib/python3.10/site-packages/airflow/example_dags/example_skip_dag.py
[2023-12-01T13:44:17.141+0300] {processor.py:829} INFO - Processing file /home/petr/project/venv/lib/python3.10/site-packages/airflow/example_dags/example_skip_dag.py for tasks to queue
[2023-12-01T13:44:17.142+0300] {logging_mixin.py:154} INFO - [2023-12-01T13:44:17.142+0300] {dagbag.py:536} INFO - Filling up the DagBag from /home/petr/project/venv/lib/python3.10/site-packages/airflow/example_dags/example_skip_dag.py
[2023-12-01T13:44:17.147+0300] {processor.py:839} INFO - DAG(s) dict_keys(['example_skip_dag']) retrieved from /home/petr/project/venv/lib/python3.10/site-packages/airflow/example_dags/example_skip_dag.py
[2023-12-01T13:44:17.204+0300] {logging_mixin.py:154} INFO - [2023-12-01T13:44:17.204+0300] {dag.py:2941} INFO - Sync 1 DAGs
[2023-12-01T13:44:17.239+0300] {logging_mixin.py:154} INFO - [2023-12-01T13:44:17.238+0300] {dag.py:3722} INFO - Setting next_dagrun for example_skip_dag to 2023-11-30T10:44:17.238693+00:00, run_after=2023-12-01T10:44:17.238693+00:00
[2023-12-01T13:44:17.289+0300] {processor.py:179} INFO - Processing /home/petr/project/venv/lib/python3.10/site-packages/airflow/example_dags/example_skip_dag.py took 0.157 seconds
[2023-12-01T13:44:47.824+0300] {processor.py:157} INFO - Started process (PID=4713) to work on /home/petr/project/venv/lib/python3.10/site-packages/airflow/example_dags/example_skip_dag.py
[2023-12-01T13:44:47.828+0300] {processor.py:829} INFO - Processing file /home/petr/project/venv/lib/python3.10/site-packages/airflow/example_dags/example_skip_dag.py for tasks to queue
[2023-12-01T13:44:47.829+0300] {logging_mixin.py:154} INFO - [2023-12-01T13:44:47.829+0300] {dagbag.py:536} INFO - Filling up the DagBag from /home/petr/project/venv/lib/python3.10/site-packages/airflow/example_dags/example_skip_dag.py
[2023-12-01T13:44:47.862+0300] {processor.py:839} INFO - DAG(s) dict_keys(['example_skip_dag']) retrieved from /home/petr/project/venv/lib/python3.10/site-packages/airflow/example_dags/example_skip_dag.py
[2023-12-01T13:44:47.945+0300] {logging_mixin.py:154} INFO - [2023-12-01T13:44:47.944+0300] {dag.py:2941} INFO - Sync 1 DAGs
[2023-12-01T13:44:47.992+0300] {logging_mixin.py:154} INFO - [2023-12-01T13:44:47.992+0300] {dag.py:3722} INFO - Setting next_dagrun for example_skip_dag to 2023-11-30T10:44:47.992168+00:00, run_after=2023-12-01T10:44:47.992168+00:00
[2023-12-01T13:44:48.035+0300] {processor.py:179} INFO - Processing /home/petr/project/venv/lib/python3.10/site-packages/airflow/example_dags/example_skip_dag.py took 0.215 seconds
[2023-12-01T13:45:18.533+0300] {processor.py:157} INFO - Started process (PID=4837) to work on /home/petr/project/venv/lib/python3.10/site-packages/airflow/example_dags/example_skip_dag.py
[2023-12-01T13:45:18.577+0300] {processor.py:829} INFO - Processing file /home/petr/project/venv/lib/python3.10/site-packages/airflow/example_dags/example_skip_dag.py for tasks to queue
[2023-12-01T13:45:18.578+0300] {logging_mixin.py:154} INFO - [2023-12-01T13:45:18.578+0300] {dagbag.py:536} INFO - Filling up the DagBag from /home/petr/project/venv/lib/python3.10/site-packages/airflow/example_dags/example_skip_dag.py
[2023-12-01T13:45:18.586+0300] {processor.py:839} INFO - DAG(s) dict_keys(['example_skip_dag']) retrieved from /home/petr/project/venv/lib/python3.10/site-packages/airflow/example_dags/example_skip_dag.py
[2023-12-01T13:45:18.730+0300] {logging_mixin.py:154} INFO - [2023-12-01T13:45:18.729+0300] {dag.py:2941} INFO - Sync 1 DAGs
[2023-12-01T13:45:18.855+0300] {logging_mixin.py:154} INFO - [2023-12-01T13:45:18.855+0300] {dag.py:3722} INFO - Setting next_dagrun for example_skip_dag to 2023-11-30T10:45:18.854971+00:00, run_after=2023-12-01T10:45:18.854971+00:00
[2023-12-01T13:45:18.951+0300] {processor.py:179} INFO - Processing /home/petr/project/venv/lib/python3.10/site-packages/airflow/example_dags/example_skip_dag.py took 0.422 seconds
[2023-12-01T13:46:45.591+0300] {processor.py:157} INFO - Started process (PID=4950) to work on /home/petr/project/venv/lib/python3.10/site-packages/airflow/example_dags/example_skip_dag.py
[2023-12-01T13:46:45.599+0300] {processor.py:829} INFO - Processing file /home/petr/project/venv/lib/python3.10/site-packages/airflow/example_dags/example_skip_dag.py for tasks to queue
[2023-12-01T13:46:45.601+0300] {logging_mixin.py:154} INFO - [2023-12-01T13:46:45.601+0300] {dagbag.py:536} INFO - Filling up the DagBag from /home/petr/project/venv/lib/python3.10/site-packages/airflow/example_dags/example_skip_dag.py
[2023-12-01T13:46:45.627+0300] {processor.py:839} INFO - DAG(s) dict_keys(['example_skip_dag']) retrieved from /home/petr/project/venv/lib/python3.10/site-packages/airflow/example_dags/example_skip_dag.py
[2023-12-01T13:46:45.758+0300] {logging_mixin.py:154} INFO - [2023-12-01T13:46:45.757+0300] {dag.py:2941} INFO - Sync 1 DAGs
[2023-12-01T13:46:45.869+0300] {logging_mixin.py:154} INFO - [2023-12-01T13:46:45.868+0300] {dag.py:3722} INFO - Setting next_dagrun for example_skip_dag to 2023-11-30T10:46:45.868306+00:00, run_after=2023-12-01T10:46:45.868306+00:00
[2023-12-01T13:46:45.955+0300] {processor.py:179} INFO - Processing /home/petr/project/venv/lib/python3.10/site-packages/airflow/example_dags/example_skip_dag.py took 0.382 seconds
[2023-12-01T13:47:16.448+0300] {processor.py:157} INFO - Started process (PID=5053) to work on /home/petr/project/venv/lib/python3.10/site-packages/airflow/example_dags/example_skip_dag.py
[2023-12-01T13:47:16.453+0300] {processor.py:829} INFO - Processing file /home/petr/project/venv/lib/python3.10/site-packages/airflow/example_dags/example_skip_dag.py for tasks to queue
[2023-12-01T13:47:16.453+0300] {logging_mixin.py:154} INFO - [2023-12-01T13:47:16.453+0300] {dagbag.py:536} INFO - Filling up the DagBag from /home/petr/project/venv/lib/python3.10/site-packages/airflow/example_dags/example_skip_dag.py
[2023-12-01T13:47:16.459+0300] {processor.py:839} INFO - DAG(s) dict_keys(['example_skip_dag']) retrieved from /home/petr/project/venv/lib/python3.10/site-packages/airflow/example_dags/example_skip_dag.py
[2023-12-01T13:47:16.520+0300] {logging_mixin.py:154} INFO - [2023-12-01T13:47:16.514+0300] {dag.py:2941} INFO - Sync 1 DAGs
[2023-12-01T13:47:16.555+0300] {logging_mixin.py:154} INFO - [2023-12-01T13:47:16.555+0300] {dag.py:3722} INFO - Setting next_dagrun for example_skip_dag to 2023-11-30T10:47:16.555516+00:00, run_after=2023-12-01T10:47:16.555516+00:00
[2023-12-01T13:47:16.599+0300] {processor.py:179} INFO - Processing /home/petr/project/venv/lib/python3.10/site-packages/airflow/example_dags/example_skip_dag.py took 0.155 seconds
[2023-12-01T13:47:47.459+0300] {processor.py:157} INFO - Started process (PID=5180) to work on /home/petr/project/venv/lib/python3.10/site-packages/airflow/example_dags/example_skip_dag.py
[2023-12-01T13:47:47.493+0300] {processor.py:829} INFO - Processing file /home/petr/project/venv/lib/python3.10/site-packages/airflow/example_dags/example_skip_dag.py for tasks to queue
[2023-12-01T13:47:47.494+0300] {logging_mixin.py:154} INFO - [2023-12-01T13:47:47.494+0300] {dagbag.py:536} INFO - Filling up the DagBag from /home/petr/project/venv/lib/python3.10/site-packages/airflow/example_dags/example_skip_dag.py
[2023-12-01T13:47:47.500+0300] {processor.py:839} INFO - DAG(s) dict_keys(['example_skip_dag']) retrieved from /home/petr/project/venv/lib/python3.10/site-packages/airflow/example_dags/example_skip_dag.py
[2023-12-01T13:47:47.593+0300] {logging_mixin.py:154} INFO - [2023-12-01T13:47:47.593+0300] {dag.py:2941} INFO - Sync 1 DAGs
[2023-12-01T13:47:47.661+0300] {logging_mixin.py:154} INFO - [2023-12-01T13:47:47.661+0300] {dag.py:3722} INFO - Setting next_dagrun for example_skip_dag to 2023-11-30T10:47:47.661568+00:00, run_after=2023-12-01T10:47:47.661568+00:00
[2023-12-01T13:47:47.734+0300] {processor.py:179} INFO - Processing /home/petr/project/venv/lib/python3.10/site-packages/airflow/example_dags/example_skip_dag.py took 0.279 seconds
[2023-12-01T13:49:10.906+0300] {processor.py:157} INFO - Started process (PID=5327) to work on /home/petr/project/venv/lib/python3.10/site-packages/airflow/example_dags/example_skip_dag.py
[2023-12-01T13:49:10.909+0300] {processor.py:829} INFO - Processing file /home/petr/project/venv/lib/python3.10/site-packages/airflow/example_dags/example_skip_dag.py for tasks to queue
[2023-12-01T13:49:10.910+0300] {logging_mixin.py:154} INFO - [2023-12-01T13:49:10.910+0300] {dagbag.py:536} INFO - Filling up the DagBag from /home/petr/project/venv/lib/python3.10/site-packages/airflow/example_dags/example_skip_dag.py
[2023-12-01T13:49:10.925+0300] {processor.py:839} INFO - DAG(s) dict_keys(['example_skip_dag']) retrieved from /home/petr/project/venv/lib/python3.10/site-packages/airflow/example_dags/example_skip_dag.py
[2023-12-01T13:49:10.993+0300] {logging_mixin.py:154} INFO - [2023-12-01T13:49:10.993+0300] {dag.py:2941} INFO - Sync 1 DAGs
[2023-12-01T13:49:11.027+0300] {logging_mixin.py:154} INFO - [2023-12-01T13:49:11.027+0300] {dag.py:3722} INFO - Setting next_dagrun for example_skip_dag to 2023-11-30T10:49:11.027401+00:00, run_after=2023-12-01T10:49:11.027401+00:00
[2023-12-01T13:49:11.066+0300] {processor.py:179} INFO - Processing /home/petr/project/venv/lib/python3.10/site-packages/airflow/example_dags/example_skip_dag.py took 0.174 seconds
[2023-12-01T13:49:42.499+0300] {processor.py:157} INFO - Started process (PID=5428) to work on /home/petr/project/venv/lib/python3.10/site-packages/airflow/example_dags/example_skip_dag.py
[2023-12-01T13:49:42.499+0300] {processor.py:829} INFO - Processing file /home/petr/project/venv/lib/python3.10/site-packages/airflow/example_dags/example_skip_dag.py for tasks to queue
[2023-12-01T13:49:42.500+0300] {logging_mixin.py:154} INFO - [2023-12-01T13:49:42.500+0300] {dagbag.py:536} INFO - Filling up the DagBag from /home/petr/project/venv/lib/python3.10/site-packages/airflow/example_dags/example_skip_dag.py
[2023-12-01T13:49:42.544+0300] {processor.py:839} INFO - DAG(s) dict_keys(['example_skip_dag']) retrieved from /home/petr/project/venv/lib/python3.10/site-packages/airflow/example_dags/example_skip_dag.py
[2023-12-01T13:49:42.676+0300] {logging_mixin.py:154} INFO - [2023-12-01T13:49:42.676+0300] {dag.py:2941} INFO - Sync 1 DAGs
[2023-12-01T13:49:42.737+0300] {logging_mixin.py:154} INFO - [2023-12-01T13:49:42.737+0300] {dag.py:3722} INFO - Setting next_dagrun for example_skip_dag to 2023-11-30T10:49:42.737057+00:00, run_after=2023-12-01T10:49:42.737057+00:00
[2023-12-01T13:49:42.777+0300] {processor.py:179} INFO - Processing /home/petr/project/venv/lib/python3.10/site-packages/airflow/example_dags/example_skip_dag.py took 0.283 seconds
[2023-12-01T13:50:13.604+0300] {processor.py:157} INFO - Started process (PID=5538) to work on /home/petr/project/venv/lib/python3.10/site-packages/airflow/example_dags/example_skip_dag.py
[2023-12-01T13:50:13.605+0300] {processor.py:829} INFO - Processing file /home/petr/project/venv/lib/python3.10/site-packages/airflow/example_dags/example_skip_dag.py for tasks to queue
[2023-12-01T13:50:13.606+0300] {logging_mixin.py:154} INFO - [2023-12-01T13:50:13.606+0300] {dagbag.py:536} INFO - Filling up the DagBag from /home/petr/project/venv/lib/python3.10/site-packages/airflow/example_dags/example_skip_dag.py
[2023-12-01T13:50:13.612+0300] {processor.py:839} INFO - DAG(s) dict_keys(['example_skip_dag']) retrieved from /home/petr/project/venv/lib/python3.10/site-packages/airflow/example_dags/example_skip_dag.py
[2023-12-01T13:50:13.642+0300] {logging_mixin.py:154} INFO - [2023-12-01T13:50:13.641+0300] {dag.py:2941} INFO - Sync 1 DAGs
[2023-12-01T13:50:13.659+0300] {logging_mixin.py:154} INFO - [2023-12-01T13:50:13.659+0300] {dag.py:3722} INFO - Setting next_dagrun for example_skip_dag to 2023-11-30T10:50:13.658963+00:00, run_after=2023-12-01T10:50:13.658963+00:00
[2023-12-01T13:50:13.676+0300] {processor.py:179} INFO - Processing /home/petr/project/venv/lib/python3.10/site-packages/airflow/example_dags/example_skip_dag.py took 0.075 seconds
[2023-12-01T20:00:51.614+0300] {processor.py:157} INFO - Started process (PID=5910) to work on /home/petr/project/venv/lib/python3.10/site-packages/airflow/example_dags/example_skip_dag.py
[2023-12-01T20:00:51.626+0300] {processor.py:829} INFO - Processing file /home/petr/project/venv/lib/python3.10/site-packages/airflow/example_dags/example_skip_dag.py for tasks to queue
[2023-12-01T20:00:51.628+0300] {logging_mixin.py:154} INFO - [2023-12-01T20:00:51.628+0300] {dagbag.py:536} INFO - Filling up the DagBag from /home/petr/project/venv/lib/python3.10/site-packages/airflow/example_dags/example_skip_dag.py
[2023-12-01T20:00:51.697+0300] {processor.py:839} INFO - DAG(s) dict_keys(['example_skip_dag']) retrieved from /home/petr/project/venv/lib/python3.10/site-packages/airflow/example_dags/example_skip_dag.py
[2023-12-01T20:00:51.838+0300] {logging_mixin.py:154} INFO - [2023-12-01T20:00:51.837+0300] {dag.py:2941} INFO - Sync 1 DAGs
[2023-12-01T20:00:52.126+0300] {logging_mixin.py:154} INFO - [2023-12-01T20:00:52.125+0300] {dag.py:3722} INFO - Setting next_dagrun for example_skip_dag to 2023-11-30T17:00:52.124604+00:00, run_after=2023-12-01T17:00:52.124604+00:00
[2023-12-01T20:00:52.321+0300] {processor.py:179} INFO - Processing /home/petr/project/venv/lib/python3.10/site-packages/airflow/example_dags/example_skip_dag.py took 0.735 seconds
