[2023-12-01T13:38:12.696+0300] {processor.py:157} INFO - Started process (PID=3425) to work on /home/petr/project/venv/lib/python3.10/site-packages/airflow/example_dags/example_setup_teardown.py
[2023-12-01T13:38:12.697+0300] {processor.py:829} INFO - Processing file /home/petr/project/venv/lib/python3.10/site-packages/airflow/example_dags/example_setup_teardown.py for tasks to queue
[2023-12-01T13:38:12.698+0300] {logging_mixin.py:154} INFO - [2023-12-01T13:38:12.698+0300] {dagbag.py:536} INFO - Filling up the DagBag from /home/petr/project/venv/lib/python3.10/site-packages/airflow/example_dags/example_setup_teardown.py
[2023-12-01T13:38:12.718+0300] {processor.py:839} INFO - DAG(s) dict_keys(['example_setup_teardown']) retrieved from /home/petr/project/venv/lib/python3.10/site-packages/airflow/example_dags/example_setup_teardown.py
[2023-12-01T13:38:12.787+0300] {logging_mixin.py:154} INFO - [2023-12-01T13:38:12.787+0300] {dag.py:2941} INFO - Sync 1 DAGs
[2023-12-01T13:38:12.825+0300] {logging_mixin.py:154} INFO - [2023-12-01T13:38:12.825+0300] {dag.py:3722} INFO - Setting next_dagrun for example_setup_teardown to 2023-11-30T10:38:12.825334+00:00, run_after=2023-12-01T10:38:12.825334+00:00
[2023-12-01T13:38:12.853+0300] {processor.py:179} INFO - Processing /home/petr/project/venv/lib/python3.10/site-packages/airflow/example_dags/example_setup_teardown.py took 0.159 seconds
[2023-12-01T13:38:43.943+0300] {processor.py:157} INFO - Started process (PID=3526) to work on /home/petr/project/venv/lib/python3.10/site-packages/airflow/example_dags/example_setup_teardown.py
[2023-12-01T13:38:43.946+0300] {processor.py:829} INFO - Processing file /home/petr/project/venv/lib/python3.10/site-packages/airflow/example_dags/example_setup_teardown.py for tasks to queue
[2023-12-01T13:38:43.947+0300] {logging_mixin.py:154} INFO - [2023-12-01T13:38:43.947+0300] {dagbag.py:536} INFO - Filling up the DagBag from /home/petr/project/venv/lib/python3.10/site-packages/airflow/example_dags/example_setup_teardown.py
[2023-12-01T13:38:43.988+0300] {processor.py:839} INFO - DAG(s) dict_keys(['example_setup_teardown']) retrieved from /home/petr/project/venv/lib/python3.10/site-packages/airflow/example_dags/example_setup_teardown.py
[2023-12-01T13:38:44.141+0300] {logging_mixin.py:154} INFO - [2023-12-01T13:38:44.141+0300] {dag.py:2941} INFO - Sync 1 DAGs
[2023-12-01T13:38:44.233+0300] {logging_mixin.py:154} INFO - [2023-12-01T13:38:44.233+0300] {dag.py:3722} INFO - Setting next_dagrun for example_setup_teardown to 2023-11-30T10:38:44.232781+00:00, run_after=2023-12-01T10:38:44.232781+00:00
[2023-12-01T13:38:44.353+0300] {processor.py:179} INFO - Processing /home/petr/project/venv/lib/python3.10/site-packages/airflow/example_dags/example_setup_teardown.py took 0.448 seconds
[2023-12-01T13:39:15.339+0300] {processor.py:157} INFO - Started process (PID=3627) to work on /home/petr/project/venv/lib/python3.10/site-packages/airflow/example_dags/example_setup_teardown.py
[2023-12-01T13:39:15.353+0300] {processor.py:829} INFO - Processing file /home/petr/project/venv/lib/python3.10/site-packages/airflow/example_dags/example_setup_teardown.py for tasks to queue
[2023-12-01T13:39:15.354+0300] {logging_mixin.py:154} INFO - [2023-12-01T13:39:15.354+0300] {dagbag.py:536} INFO - Filling up the DagBag from /home/petr/project/venv/lib/python3.10/site-packages/airflow/example_dags/example_setup_teardown.py
[2023-12-01T13:39:15.414+0300] {processor.py:839} INFO - DAG(s) dict_keys(['example_setup_teardown']) retrieved from /home/petr/project/venv/lib/python3.10/site-packages/airflow/example_dags/example_setup_teardown.py
[2023-12-01T13:39:15.570+0300] {logging_mixin.py:154} INFO - [2023-12-01T13:39:15.569+0300] {dag.py:2941} INFO - Sync 1 DAGs
[2023-12-01T13:39:15.645+0300] {logging_mixin.py:154} INFO - [2023-12-01T13:39:15.645+0300] {dag.py:3722} INFO - Setting next_dagrun for example_setup_teardown to 2023-11-30T10:39:15.644923+00:00, run_after=2023-12-01T10:39:15.644923+00:00
[2023-12-01T13:39:15.690+0300] {processor.py:179} INFO - Processing /home/petr/project/venv/lib/python3.10/site-packages/airflow/example_dags/example_setup_teardown.py took 0.379 seconds
[2023-12-01T13:39:46.366+0300] {processor.py:157} INFO - Started process (PID=3744) to work on /home/petr/project/venv/lib/python3.10/site-packages/airflow/example_dags/example_setup_teardown.py
[2023-12-01T13:39:46.368+0300] {processor.py:829} INFO - Processing file /home/petr/project/venv/lib/python3.10/site-packages/airflow/example_dags/example_setup_teardown.py for tasks to queue
[2023-12-01T13:39:46.368+0300] {logging_mixin.py:154} INFO - [2023-12-01T13:39:46.368+0300] {dagbag.py:536} INFO - Filling up the DagBag from /home/petr/project/venv/lib/python3.10/site-packages/airflow/example_dags/example_setup_teardown.py
[2023-12-01T13:39:46.378+0300] {processor.py:839} INFO - DAG(s) dict_keys(['example_setup_teardown']) retrieved from /home/petr/project/venv/lib/python3.10/site-packages/airflow/example_dags/example_setup_teardown.py
[2023-12-01T13:39:46.416+0300] {logging_mixin.py:154} INFO - [2023-12-01T13:39:46.415+0300] {dag.py:2941} INFO - Sync 1 DAGs
[2023-12-01T13:39:46.438+0300] {logging_mixin.py:154} INFO - [2023-12-01T13:39:46.437+0300] {dag.py:3722} INFO - Setting next_dagrun for example_setup_teardown to 2023-11-30T10:39:46.437785+00:00, run_after=2023-12-01T10:39:46.437785+00:00
[2023-12-01T13:39:46.453+0300] {processor.py:179} INFO - Processing /home/petr/project/venv/lib/python3.10/site-packages/airflow/example_dags/example_setup_teardown.py took 0.092 seconds
[2023-12-01T13:40:19.173+0300] {processor.py:157} INFO - Started process (PID=3865) to work on /home/petr/project/venv/lib/python3.10/site-packages/airflow/example_dags/example_setup_teardown.py
[2023-12-01T13:40:19.174+0300] {processor.py:829} INFO - Processing file /home/petr/project/venv/lib/python3.10/site-packages/airflow/example_dags/example_setup_teardown.py for tasks to queue
[2023-12-01T13:40:19.174+0300] {logging_mixin.py:154} INFO - [2023-12-01T13:40:19.174+0300] {dagbag.py:536} INFO - Filling up the DagBag from /home/petr/project/venv/lib/python3.10/site-packages/airflow/example_dags/example_setup_teardown.py
[2023-12-01T13:40:19.206+0300] {processor.py:839} INFO - DAG(s) dict_keys(['example_setup_teardown']) retrieved from /home/petr/project/venv/lib/python3.10/site-packages/airflow/example_dags/example_setup_teardown.py
[2023-12-01T13:40:19.294+0300] {logging_mixin.py:154} INFO - [2023-12-01T13:40:19.294+0300] {dag.py:2941} INFO - Sync 1 DAGs
[2023-12-01T13:40:19.355+0300] {logging_mixin.py:154} INFO - [2023-12-01T13:40:19.354+0300] {dag.py:3722} INFO - Setting next_dagrun for example_setup_teardown to 2023-11-30T10:40:19.354667+00:00, run_after=2023-12-01T10:40:19.354667+00:00
[2023-12-01T13:40:19.417+0300] {processor.py:179} INFO - Processing /home/petr/project/venv/lib/python3.10/site-packages/airflow/example_dags/example_setup_teardown.py took 0.252 seconds
[2023-12-01T13:40:50.203+0300] {processor.py:157} INFO - Started process (PID=3968) to work on /home/petr/project/venv/lib/python3.10/site-packages/airflow/example_dags/example_setup_teardown.py
[2023-12-01T13:40:50.214+0300] {processor.py:829} INFO - Processing file /home/petr/project/venv/lib/python3.10/site-packages/airflow/example_dags/example_setup_teardown.py for tasks to queue
[2023-12-01T13:40:50.215+0300] {logging_mixin.py:154} INFO - [2023-12-01T13:40:50.214+0300] {dagbag.py:536} INFO - Filling up the DagBag from /home/petr/project/venv/lib/python3.10/site-packages/airflow/example_dags/example_setup_teardown.py
[2023-12-01T13:40:50.221+0300] {processor.py:839} INFO - DAG(s) dict_keys(['example_setup_teardown']) retrieved from /home/petr/project/venv/lib/python3.10/site-packages/airflow/example_dags/example_setup_teardown.py
[2023-12-01T13:40:50.277+0300] {logging_mixin.py:154} INFO - [2023-12-01T13:40:50.277+0300] {dag.py:2941} INFO - Sync 1 DAGs
[2023-12-01T13:40:50.308+0300] {logging_mixin.py:154} INFO - [2023-12-01T13:40:50.308+0300] {dag.py:3722} INFO - Setting next_dagrun for example_setup_teardown to 2023-11-30T10:40:50.307916+00:00, run_after=2023-12-01T10:40:50.307916+00:00
[2023-12-01T13:40:50.351+0300] {processor.py:179} INFO - Processing /home/petr/project/venv/lib/python3.10/site-packages/airflow/example_dags/example_setup_teardown.py took 0.151 seconds
[2023-12-01T13:41:21.714+0300] {processor.py:157} INFO - Started process (PID=4069) to work on /home/petr/project/venv/lib/python3.10/site-packages/airflow/example_dags/example_setup_teardown.py
[2023-12-01T13:41:21.724+0300] {processor.py:829} INFO - Processing file /home/petr/project/venv/lib/python3.10/site-packages/airflow/example_dags/example_setup_teardown.py for tasks to queue
[2023-12-01T13:41:21.724+0300] {logging_mixin.py:154} INFO - [2023-12-01T13:41:21.724+0300] {dagbag.py:536} INFO - Filling up the DagBag from /home/petr/project/venv/lib/python3.10/site-packages/airflow/example_dags/example_setup_teardown.py
[2023-12-01T13:41:21.773+0300] {processor.py:839} INFO - DAG(s) dict_keys(['example_setup_teardown']) retrieved from /home/petr/project/venv/lib/python3.10/site-packages/airflow/example_dags/example_setup_teardown.py
[2023-12-01T13:41:21.910+0300] {logging_mixin.py:154} INFO - [2023-12-01T13:41:21.910+0300] {dag.py:2941} INFO - Sync 1 DAGs
[2023-12-01T13:41:22.034+0300] {logging_mixin.py:154} INFO - [2023-12-01T13:41:22.034+0300] {dag.py:3722} INFO - Setting next_dagrun for example_setup_teardown to 2023-11-30T10:41:22.033974+00:00, run_after=2023-12-01T10:41:22.033974+00:00
[2023-12-01T13:41:22.127+0300] {processor.py:179} INFO - Processing /home/petr/project/venv/lib/python3.10/site-packages/airflow/example_dags/example_setup_teardown.py took 0.425 seconds
[2023-12-01T13:41:52.915+0300] {processor.py:157} INFO - Started process (PID=4171) to work on /home/petr/project/venv/lib/python3.10/site-packages/airflow/example_dags/example_setup_teardown.py
[2023-12-01T13:41:52.916+0300] {processor.py:829} INFO - Processing file /home/petr/project/venv/lib/python3.10/site-packages/airflow/example_dags/example_setup_teardown.py for tasks to queue
[2023-12-01T13:41:52.916+0300] {logging_mixin.py:154} INFO - [2023-12-01T13:41:52.916+0300] {dagbag.py:536} INFO - Filling up the DagBag from /home/petr/project/venv/lib/python3.10/site-packages/airflow/example_dags/example_setup_teardown.py
[2023-12-01T13:41:52.923+0300] {processor.py:839} INFO - DAG(s) dict_keys(['example_setup_teardown']) retrieved from /home/petr/project/venv/lib/python3.10/site-packages/airflow/example_dags/example_setup_teardown.py
[2023-12-01T13:41:52.993+0300] {logging_mixin.py:154} INFO - [2023-12-01T13:41:52.989+0300] {dag.py:2941} INFO - Sync 1 DAGs
[2023-12-01T13:41:53.032+0300] {logging_mixin.py:154} INFO - [2023-12-01T13:41:53.031+0300] {dag.py:3722} INFO - Setting next_dagrun for example_setup_teardown to 2023-11-30T10:41:53.031792+00:00, run_after=2023-12-01T10:41:53.031792+00:00
[2023-12-01T13:41:53.074+0300] {processor.py:179} INFO - Processing /home/petr/project/venv/lib/python3.10/site-packages/airflow/example_dags/example_setup_teardown.py took 0.170 seconds
[2023-12-01T13:42:23.503+0300] {processor.py:157} INFO - Started process (PID=4282) to work on /home/petr/project/venv/lib/python3.10/site-packages/airflow/example_dags/example_setup_teardown.py
[2023-12-01T13:42:23.546+0300] {processor.py:829} INFO - Processing file /home/petr/project/venv/lib/python3.10/site-packages/airflow/example_dags/example_setup_teardown.py for tasks to queue
[2023-12-01T13:42:23.547+0300] {logging_mixin.py:154} INFO - [2023-12-01T13:42:23.546+0300] {dagbag.py:536} INFO - Filling up the DagBag from /home/petr/project/venv/lib/python3.10/site-packages/airflow/example_dags/example_setup_teardown.py
[2023-12-01T13:42:23.557+0300] {processor.py:839} INFO - DAG(s) dict_keys(['example_setup_teardown']) retrieved from /home/petr/project/venv/lib/python3.10/site-packages/airflow/example_dags/example_setup_teardown.py
[2023-12-01T13:42:23.669+0300] {logging_mixin.py:154} INFO - [2023-12-01T13:42:23.669+0300] {dag.py:2941} INFO - Sync 1 DAGs
[2023-12-01T13:42:23.715+0300] {logging_mixin.py:154} INFO - [2023-12-01T13:42:23.715+0300] {dag.py:3722} INFO - Setting next_dagrun for example_setup_teardown to 2023-11-30T10:42:23.715446+00:00, run_after=2023-12-01T10:42:23.715446+00:00
[2023-12-01T13:42:23.755+0300] {processor.py:179} INFO - Processing /home/petr/project/venv/lib/python3.10/site-packages/airflow/example_dags/example_setup_teardown.py took 0.256 seconds
[2023-12-01T13:42:54.628+0300] {processor.py:157} INFO - Started process (PID=4382) to work on /home/petr/project/venv/lib/python3.10/site-packages/airflow/example_dags/example_setup_teardown.py
[2023-12-01T13:42:54.636+0300] {processor.py:829} INFO - Processing file /home/petr/project/venv/lib/python3.10/site-packages/airflow/example_dags/example_setup_teardown.py for tasks to queue
[2023-12-01T13:42:54.636+0300] {logging_mixin.py:154} INFO - [2023-12-01T13:42:54.636+0300] {dagbag.py:536} INFO - Filling up the DagBag from /home/petr/project/venv/lib/python3.10/site-packages/airflow/example_dags/example_setup_teardown.py
[2023-12-01T13:42:54.658+0300] {processor.py:839} INFO - DAG(s) dict_keys(['example_setup_teardown']) retrieved from /home/petr/project/venv/lib/python3.10/site-packages/airflow/example_dags/example_setup_teardown.py
[2023-12-01T13:42:54.753+0300] {logging_mixin.py:154} INFO - [2023-12-01T13:42:54.752+0300] {dag.py:2941} INFO - Sync 1 DAGs
[2023-12-01T13:42:54.812+0300] {logging_mixin.py:154} INFO - [2023-12-01T13:42:54.812+0300] {dag.py:3722} INFO - Setting next_dagrun for example_setup_teardown to 2023-11-30T10:42:54.812537+00:00, run_after=2023-12-01T10:42:54.812537+00:00
[2023-12-01T13:42:54.852+0300] {processor.py:179} INFO - Processing /home/petr/project/venv/lib/python3.10/site-packages/airflow/example_dags/example_setup_teardown.py took 0.227 seconds
[2023-12-01T13:43:25.518+0300] {processor.py:157} INFO - Started process (PID=4481) to work on /home/petr/project/venv/lib/python3.10/site-packages/airflow/example_dags/example_setup_teardown.py
[2023-12-01T13:43:25.520+0300] {processor.py:829} INFO - Processing file /home/petr/project/venv/lib/python3.10/site-packages/airflow/example_dags/example_setup_teardown.py for tasks to queue
[2023-12-01T13:43:25.520+0300] {logging_mixin.py:154} INFO - [2023-12-01T13:43:25.520+0300] {dagbag.py:536} INFO - Filling up the DagBag from /home/petr/project/venv/lib/python3.10/site-packages/airflow/example_dags/example_setup_teardown.py
[2023-12-01T13:43:25.530+0300] {processor.py:839} INFO - DAG(s) dict_keys(['example_setup_teardown']) retrieved from /home/petr/project/venv/lib/python3.10/site-packages/airflow/example_dags/example_setup_teardown.py
[2023-12-01T13:43:25.575+0300] {logging_mixin.py:154} INFO - [2023-12-01T13:43:25.575+0300] {dag.py:2941} INFO - Sync 1 DAGs
[2023-12-01T13:43:25.616+0300] {logging_mixin.py:154} INFO - [2023-12-01T13:43:25.615+0300] {dag.py:3722} INFO - Setting next_dagrun for example_setup_teardown to 2023-11-30T10:43:25.615727+00:00, run_after=2023-12-01T10:43:25.615727+00:00
[2023-12-01T13:43:25.662+0300] {processor.py:179} INFO - Processing /home/petr/project/venv/lib/python3.10/site-packages/airflow/example_dags/example_setup_teardown.py took 0.147 seconds
[2023-12-01T13:43:56.631+0300] {processor.py:157} INFO - Started process (PID=4581) to work on /home/petr/project/venv/lib/python3.10/site-packages/airflow/example_dags/example_setup_teardown.py
[2023-12-01T13:43:56.646+0300] {processor.py:829} INFO - Processing file /home/petr/project/venv/lib/python3.10/site-packages/airflow/example_dags/example_setup_teardown.py for tasks to queue
[2023-12-01T13:43:56.647+0300] {logging_mixin.py:154} INFO - [2023-12-01T13:43:56.647+0300] {dagbag.py:536} INFO - Filling up the DagBag from /home/petr/project/venv/lib/python3.10/site-packages/airflow/example_dags/example_setup_teardown.py
[2023-12-01T13:43:56.653+0300] {processor.py:839} INFO - DAG(s) dict_keys(['example_setup_teardown']) retrieved from /home/petr/project/venv/lib/python3.10/site-packages/airflow/example_dags/example_setup_teardown.py
[2023-12-01T13:43:56.713+0300] {logging_mixin.py:154} INFO - [2023-12-01T13:43:56.713+0300] {dag.py:2941} INFO - Sync 1 DAGs
[2023-12-01T13:43:56.751+0300] {logging_mixin.py:154} INFO - [2023-12-01T13:43:56.751+0300] {dag.py:3722} INFO - Setting next_dagrun for example_setup_teardown to 2023-11-30T10:43:56.751476+00:00, run_after=2023-12-01T10:43:56.751476+00:00
[2023-12-01T13:43:56.782+0300] {processor.py:179} INFO - Processing /home/petr/project/venv/lib/python3.10/site-packages/airflow/example_dags/example_setup_teardown.py took 0.154 seconds
[2023-12-01T13:44:27.700+0300] {processor.py:157} INFO - Started process (PID=4680) to work on /home/petr/project/venv/lib/python3.10/site-packages/airflow/example_dags/example_setup_teardown.py
[2023-12-01T13:44:27.705+0300] {processor.py:829} INFO - Processing file /home/petr/project/venv/lib/python3.10/site-packages/airflow/example_dags/example_setup_teardown.py for tasks to queue
[2023-12-01T13:44:27.706+0300] {logging_mixin.py:154} INFO - [2023-12-01T13:44:27.705+0300] {dagbag.py:536} INFO - Filling up the DagBag from /home/petr/project/venv/lib/python3.10/site-packages/airflow/example_dags/example_setup_teardown.py
[2023-12-01T13:44:27.712+0300] {processor.py:839} INFO - DAG(s) dict_keys(['example_setup_teardown']) retrieved from /home/petr/project/venv/lib/python3.10/site-packages/airflow/example_dags/example_setup_teardown.py
[2023-12-01T13:44:27.778+0300] {logging_mixin.py:154} INFO - [2023-12-01T13:44:27.778+0300] {dag.py:2941} INFO - Sync 1 DAGs
[2023-12-01T13:44:27.809+0300] {logging_mixin.py:154} INFO - [2023-12-01T13:44:27.809+0300] {dag.py:3722} INFO - Setting next_dagrun for example_setup_teardown to 2023-11-30T10:44:27.809234+00:00, run_after=2023-12-01T10:44:27.809234+00:00
[2023-12-01T13:44:27.852+0300] {processor.py:179} INFO - Processing /home/petr/project/venv/lib/python3.10/site-packages/airflow/example_dags/example_setup_teardown.py took 0.155 seconds
[2023-12-01T13:44:58.391+0300] {processor.py:157} INFO - Started process (PID=4790) to work on /home/petr/project/venv/lib/python3.10/site-packages/airflow/example_dags/example_setup_teardown.py
[2023-12-01T13:44:58.403+0300] {processor.py:829} INFO - Processing file /home/petr/project/venv/lib/python3.10/site-packages/airflow/example_dags/example_setup_teardown.py for tasks to queue
[2023-12-01T13:44:58.404+0300] {logging_mixin.py:154} INFO - [2023-12-01T13:44:58.404+0300] {dagbag.py:536} INFO - Filling up the DagBag from /home/petr/project/venv/lib/python3.10/site-packages/airflow/example_dags/example_setup_teardown.py
[2023-12-01T13:44:58.410+0300] {processor.py:839} INFO - DAG(s) dict_keys(['example_setup_teardown']) retrieved from /home/petr/project/venv/lib/python3.10/site-packages/airflow/example_dags/example_setup_teardown.py
[2023-12-01T13:44:58.472+0300] {logging_mixin.py:154} INFO - [2023-12-01T13:44:58.472+0300] {dag.py:2941} INFO - Sync 1 DAGs
[2023-12-01T13:44:58.513+0300] {logging_mixin.py:154} INFO - [2023-12-01T13:44:58.512+0300] {dag.py:3722} INFO - Setting next_dagrun for example_setup_teardown to 2023-11-30T10:44:58.512763+00:00, run_after=2023-12-01T10:44:58.512763+00:00
[2023-12-01T13:44:58.554+0300] {processor.py:179} INFO - Processing /home/petr/project/venv/lib/python3.10/site-packages/airflow/example_dags/example_setup_teardown.py took 0.166 seconds
[2023-12-01T13:45:28.608+0300] {processor.py:157} INFO - Started process (PID=4907) to work on /home/petr/project/venv/lib/python3.10/site-packages/airflow/example_dags/example_setup_teardown.py
[2023-12-01T13:45:28.609+0300] {processor.py:829} INFO - Processing file /home/petr/project/venv/lib/python3.10/site-packages/airflow/example_dags/example_setup_teardown.py for tasks to queue
[2023-12-01T13:45:28.610+0300] {logging_mixin.py:154} INFO - [2023-12-01T13:45:28.610+0300] {dagbag.py:536} INFO - Filling up the DagBag from /home/petr/project/venv/lib/python3.10/site-packages/airflow/example_dags/example_setup_teardown.py
[2023-12-01T13:45:28.618+0300] {processor.py:839} INFO - DAG(s) dict_keys(['example_setup_teardown']) retrieved from /home/petr/project/venv/lib/python3.10/site-packages/airflow/example_dags/example_setup_teardown.py
[2023-12-01T13:45:28.645+0300] {logging_mixin.py:154} INFO - [2023-12-01T13:45:28.645+0300] {dag.py:2941} INFO - Sync 1 DAGs
[2023-12-01T13:45:28.663+0300] {logging_mixin.py:154} INFO - [2023-12-01T13:45:28.663+0300] {dag.py:3722} INFO - Setting next_dagrun for example_setup_teardown to 2023-11-30T10:45:28.663018+00:00, run_after=2023-12-01T10:45:28.663018+00:00
[2023-12-01T13:45:28.696+0300] {processor.py:179} INFO - Processing /home/petr/project/venv/lib/python3.10/site-packages/airflow/example_dags/example_setup_teardown.py took 0.092 seconds
[2023-12-01T13:46:50.177+0300] {processor.py:157} INFO - Started process (PID=5017) to work on /home/petr/project/venv/lib/python3.10/site-packages/airflow/example_dags/example_setup_teardown.py
[2023-12-01T13:46:50.187+0300] {processor.py:829} INFO - Processing file /home/petr/project/venv/lib/python3.10/site-packages/airflow/example_dags/example_setup_teardown.py for tasks to queue
[2023-12-01T13:46:50.188+0300] {logging_mixin.py:154} INFO - [2023-12-01T13:46:50.187+0300] {dagbag.py:536} INFO - Filling up the DagBag from /home/petr/project/venv/lib/python3.10/site-packages/airflow/example_dags/example_setup_teardown.py
[2023-12-01T13:46:50.194+0300] {processor.py:839} INFO - DAG(s) dict_keys(['example_setup_teardown']) retrieved from /home/petr/project/venv/lib/python3.10/site-packages/airflow/example_dags/example_setup_teardown.py
[2023-12-01T13:46:50.234+0300] {logging_mixin.py:154} INFO - [2023-12-01T13:46:50.234+0300] {dag.py:2941} INFO - Sync 1 DAGs
[2023-12-01T13:46:50.270+0300] {logging_mixin.py:154} INFO - [2023-12-01T13:46:50.270+0300] {dag.py:3722} INFO - Setting next_dagrun for example_setup_teardown to 2023-11-30T10:46:50.270524+00:00, run_after=2023-12-01T10:46:50.270524+00:00
[2023-12-01T13:46:50.317+0300] {processor.py:179} INFO - Processing /home/petr/project/venv/lib/python3.10/site-packages/airflow/example_dags/example_setup_teardown.py took 0.154 seconds
[2023-12-01T13:47:20.778+0300] {processor.py:157} INFO - Started process (PID=5121) to work on /home/petr/project/venv/lib/python3.10/site-packages/airflow/example_dags/example_setup_teardown.py
[2023-12-01T13:47:20.779+0300] {processor.py:829} INFO - Processing file /home/petr/project/venv/lib/python3.10/site-packages/airflow/example_dags/example_setup_teardown.py for tasks to queue
[2023-12-01T13:47:20.780+0300] {logging_mixin.py:154} INFO - [2023-12-01T13:47:20.779+0300] {dagbag.py:536} INFO - Filling up the DagBag from /home/petr/project/venv/lib/python3.10/site-packages/airflow/example_dags/example_setup_teardown.py
[2023-12-01T13:47:20.787+0300] {processor.py:839} INFO - DAG(s) dict_keys(['example_setup_teardown']) retrieved from /home/petr/project/venv/lib/python3.10/site-packages/airflow/example_dags/example_setup_teardown.py
[2023-12-01T13:47:20.812+0300] {logging_mixin.py:154} INFO - [2023-12-01T13:47:20.812+0300] {dag.py:2941} INFO - Sync 1 DAGs
[2023-12-01T13:47:20.836+0300] {logging_mixin.py:154} INFO - [2023-12-01T13:47:20.835+0300] {dag.py:3722} INFO - Setting next_dagrun for example_setup_teardown to 2023-11-30T10:47:20.835559+00:00, run_after=2023-12-01T10:47:20.835559+00:00
[2023-12-01T13:47:20.852+0300] {processor.py:179} INFO - Processing /home/petr/project/venv/lib/python3.10/site-packages/airflow/example_dags/example_setup_teardown.py took 0.076 seconds
[2023-12-01T13:49:14.384+0300] {processor.py:157} INFO - Started process (PID=5395) to work on /home/petr/project/venv/lib/python3.10/site-packages/airflow/example_dags/example_setup_teardown.py
[2023-12-01T13:49:14.400+0300] {processor.py:829} INFO - Processing file /home/petr/project/venv/lib/python3.10/site-packages/airflow/example_dags/example_setup_teardown.py for tasks to queue
[2023-12-01T13:49:14.401+0300] {logging_mixin.py:154} INFO - [2023-12-01T13:49:14.401+0300] {dagbag.py:536} INFO - Filling up the DagBag from /home/petr/project/venv/lib/python3.10/site-packages/airflow/example_dags/example_setup_teardown.py
[2023-12-01T13:49:14.408+0300] {processor.py:839} INFO - DAG(s) dict_keys(['example_setup_teardown']) retrieved from /home/petr/project/venv/lib/python3.10/site-packages/airflow/example_dags/example_setup_teardown.py
[2023-12-01T13:49:14.473+0300] {logging_mixin.py:154} INFO - [2023-12-01T13:49:14.473+0300] {dag.py:2941} INFO - Sync 1 DAGs
[2023-12-01T13:49:14.517+0300] {logging_mixin.py:154} INFO - [2023-12-01T13:49:14.517+0300] {dag.py:3722} INFO - Setting next_dagrun for example_setup_teardown to 2023-11-30T10:49:14.516982+00:00, run_after=2023-12-01T10:49:14.516982+00:00
[2023-12-01T13:49:14.553+0300] {processor.py:179} INFO - Processing /home/petr/project/venv/lib/python3.10/site-packages/airflow/example_dags/example_setup_teardown.py took 0.172 seconds
[2023-12-01T13:49:47.114+0300] {processor.py:157} INFO - Started process (PID=5494) to work on /home/petr/project/venv/lib/python3.10/site-packages/airflow/example_dags/example_setup_teardown.py
[2023-12-01T13:49:47.115+0300] {processor.py:829} INFO - Processing file /home/petr/project/venv/lib/python3.10/site-packages/airflow/example_dags/example_setup_teardown.py for tasks to queue
[2023-12-01T13:49:47.115+0300] {logging_mixin.py:154} INFO - [2023-12-01T13:49:47.115+0300] {dagbag.py:536} INFO - Filling up the DagBag from /home/petr/project/venv/lib/python3.10/site-packages/airflow/example_dags/example_setup_teardown.py
[2023-12-01T13:49:47.133+0300] {processor.py:839} INFO - DAG(s) dict_keys(['example_setup_teardown']) retrieved from /home/petr/project/venv/lib/python3.10/site-packages/airflow/example_dags/example_setup_teardown.py
[2023-12-01T13:49:47.185+0300] {logging_mixin.py:154} INFO - [2023-12-01T13:49:47.185+0300] {dag.py:2941} INFO - Sync 1 DAGs
[2023-12-01T13:49:47.230+0300] {logging_mixin.py:154} INFO - [2023-12-01T13:49:47.230+0300] {dag.py:3722} INFO - Setting next_dagrun for example_setup_teardown to 2023-11-30T10:49:47.230487+00:00, run_after=2023-12-01T10:49:47.230487+00:00
[2023-12-01T13:49:47.282+0300] {processor.py:179} INFO - Processing /home/petr/project/venv/lib/python3.10/site-packages/airflow/example_dags/example_setup_teardown.py took 0.170 seconds
[2023-12-01T13:50:18.842+0300] {processor.py:157} INFO - Started process (PID=5604) to work on /home/petr/project/venv/lib/python3.10/site-packages/airflow/example_dags/example_setup_teardown.py
[2023-12-01T13:50:18.849+0300] {processor.py:829} INFO - Processing file /home/petr/project/venv/lib/python3.10/site-packages/airflow/example_dags/example_setup_teardown.py for tasks to queue
[2023-12-01T13:50:18.849+0300] {logging_mixin.py:154} INFO - [2023-12-01T13:50:18.849+0300] {dagbag.py:536} INFO - Filling up the DagBag from /home/petr/project/venv/lib/python3.10/site-packages/airflow/example_dags/example_setup_teardown.py
[2023-12-01T13:50:18.856+0300] {processor.py:839} INFO - DAG(s) dict_keys(['example_setup_teardown']) retrieved from /home/petr/project/venv/lib/python3.10/site-packages/airflow/example_dags/example_setup_teardown.py
[2023-12-01T13:50:18.931+0300] {logging_mixin.py:154} INFO - [2023-12-01T13:50:18.930+0300] {dag.py:2941} INFO - Sync 1 DAGs
[2023-12-01T13:50:18.982+0300] {logging_mixin.py:154} INFO - [2023-12-01T13:50:18.982+0300] {dag.py:3722} INFO - Setting next_dagrun for example_setup_teardown to 2023-11-30T10:50:18.982586+00:00, run_after=2023-12-01T10:50:18.982586+00:00
[2023-12-01T13:50:19.042+0300] {processor.py:179} INFO - Processing /home/petr/project/venv/lib/python3.10/site-packages/airflow/example_dags/example_setup_teardown.py took 0.203 seconds
[2023-12-01T20:01:06.198+0300] {processor.py:157} INFO - Started process (PID=5987) to work on /home/petr/project/venv/lib/python3.10/site-packages/airflow/example_dags/example_setup_teardown.py
[2023-12-01T20:01:06.213+0300] {processor.py:829} INFO - Processing file /home/petr/project/venv/lib/python3.10/site-packages/airflow/example_dags/example_setup_teardown.py for tasks to queue
[2023-12-01T20:01:06.214+0300] {logging_mixin.py:154} INFO - [2023-12-01T20:01:06.214+0300] {dagbag.py:536} INFO - Filling up the DagBag from /home/petr/project/venv/lib/python3.10/site-packages/airflow/example_dags/example_setup_teardown.py
[2023-12-01T20:01:06.240+0300] {processor.py:839} INFO - DAG(s) dict_keys(['example_setup_teardown']) retrieved from /home/petr/project/venv/lib/python3.10/site-packages/airflow/example_dags/example_setup_teardown.py
[2023-12-01T20:01:06.462+0300] {logging_mixin.py:154} INFO - [2023-12-01T20:01:06.462+0300] {dag.py:2941} INFO - Sync 1 DAGs
[2023-12-01T20:01:06.557+0300] {logging_mixin.py:154} INFO - [2023-12-01T20:01:06.556+0300] {dag.py:3722} INFO - Setting next_dagrun for example_setup_teardown to 2023-11-30T17:01:06.556250+00:00, run_after=2023-12-01T17:01:06.556250+00:00
[2023-12-01T20:01:06.653+0300] {processor.py:179} INFO - Processing /home/petr/project/venv/lib/python3.10/site-packages/airflow/example_dags/example_setup_teardown.py took 0.461 seconds
