[2023-12-01T13:38:10.417+0300] {processor.py:157} INFO - Started process (PID=3398) to work on /home/petr/project/venv/lib/python3.10/site-packages/airflow/example_dags/example_dynamic_task_mapping.py
[2023-12-01T13:38:10.418+0300] {processor.py:829} INFO - Processing file /home/petr/project/venv/lib/python3.10/site-packages/airflow/example_dags/example_dynamic_task_mapping.py for tasks to queue
[2023-12-01T13:38:10.418+0300] {logging_mixin.py:154} INFO - [2023-12-01T13:38:10.418+0300] {dagbag.py:536} INFO - Filling up the DagBag from /home/petr/project/venv/lib/python3.10/site-packages/airflow/example_dags/example_dynamic_task_mapping.py
[2023-12-01T13:38:10.436+0300] {processor.py:839} INFO - DAG(s) dict_keys(['example_dynamic_task_mapping']) retrieved from /home/petr/project/venv/lib/python3.10/site-packages/airflow/example_dags/example_dynamic_task_mapping.py
[2023-12-01T13:38:10.488+0300] {logging_mixin.py:154} INFO - [2023-12-01T13:38:10.488+0300] {dag.py:2941} INFO - Sync 1 DAGs
[2023-12-01T13:38:10.578+0300] {logging_mixin.py:154} INFO - [2023-12-01T13:38:10.574+0300] {dag.py:3722} INFO - Setting next_dagrun for example_dynamic_task_mapping to 2022-03-04T00:00:00+00:00, run_after=2022-03-05T00:00:00+00:00
[2023-12-01T13:38:10.663+0300] {processor.py:179} INFO - Processing /home/petr/project/venv/lib/python3.10/site-packages/airflow/example_dags/example_dynamic_task_mapping.py took 0.258 seconds
[2023-12-01T13:38:41.910+0300] {processor.py:157} INFO - Started process (PID=3501) to work on /home/petr/project/venv/lib/python3.10/site-packages/airflow/example_dags/example_dynamic_task_mapping.py
[2023-12-01T13:38:41.910+0300] {processor.py:829} INFO - Processing file /home/petr/project/venv/lib/python3.10/site-packages/airflow/example_dags/example_dynamic_task_mapping.py for tasks to queue
[2023-12-01T13:38:41.911+0300] {logging_mixin.py:154} INFO - [2023-12-01T13:38:41.911+0300] {dagbag.py:536} INFO - Filling up the DagBag from /home/petr/project/venv/lib/python3.10/site-packages/airflow/example_dags/example_dynamic_task_mapping.py
[2023-12-01T13:38:41.929+0300] {processor.py:839} INFO - DAG(s) dict_keys(['example_dynamic_task_mapping']) retrieved from /home/petr/project/venv/lib/python3.10/site-packages/airflow/example_dags/example_dynamic_task_mapping.py
[2023-12-01T13:38:41.977+0300] {logging_mixin.py:154} INFO - [2023-12-01T13:38:41.977+0300] {dag.py:2941} INFO - Sync 1 DAGs
[2023-12-01T13:38:42.006+0300] {logging_mixin.py:154} INFO - [2023-12-01T13:38:42.006+0300] {dag.py:3722} INFO - Setting next_dagrun for example_dynamic_task_mapping to 2022-03-04T00:00:00+00:00, run_after=2022-03-05T00:00:00+00:00
[2023-12-01T13:38:42.044+0300] {processor.py:179} INFO - Processing /home/petr/project/venv/lib/python3.10/site-packages/airflow/example_dags/example_dynamic_task_mapping.py took 0.138 seconds
[2023-12-01T13:39:12.283+0300] {processor.py:157} INFO - Started process (PID=3601) to work on /home/petr/project/venv/lib/python3.10/site-packages/airflow/example_dags/example_dynamic_task_mapping.py
[2023-12-01T13:39:12.322+0300] {processor.py:829} INFO - Processing file /home/petr/project/venv/lib/python3.10/site-packages/airflow/example_dags/example_dynamic_task_mapping.py for tasks to queue
[2023-12-01T13:39:12.324+0300] {logging_mixin.py:154} INFO - [2023-12-01T13:39:12.323+0300] {dagbag.py:536} INFO - Filling up the DagBag from /home/petr/project/venv/lib/python3.10/site-packages/airflow/example_dags/example_dynamic_task_mapping.py
[2023-12-01T13:39:12.335+0300] {processor.py:839} INFO - DAG(s) dict_keys(['example_dynamic_task_mapping']) retrieved from /home/petr/project/venv/lib/python3.10/site-packages/airflow/example_dags/example_dynamic_task_mapping.py
[2023-12-01T13:39:12.443+0300] {logging_mixin.py:154} INFO - [2023-12-01T13:39:12.443+0300] {dag.py:2941} INFO - Sync 1 DAGs
[2023-12-01T13:39:12.493+0300] {logging_mixin.py:154} INFO - [2023-12-01T13:39:12.493+0300] {dag.py:3722} INFO - Setting next_dagrun for example_dynamic_task_mapping to 2022-03-04T00:00:00+00:00, run_after=2022-03-05T00:00:00+00:00
[2023-12-01T13:39:12.528+0300] {processor.py:179} INFO - Processing /home/petr/project/venv/lib/python3.10/site-packages/airflow/example_dags/example_dynamic_task_mapping.py took 0.249 seconds
[2023-12-01T13:39:43.485+0300] {processor.py:157} INFO - Started process (PID=3718) to work on /home/petr/project/venv/lib/python3.10/site-packages/airflow/example_dags/example_dynamic_task_mapping.py
[2023-12-01T13:39:43.485+0300] {processor.py:829} INFO - Processing file /home/petr/project/venv/lib/python3.10/site-packages/airflow/example_dags/example_dynamic_task_mapping.py for tasks to queue
[2023-12-01T13:39:43.486+0300] {logging_mixin.py:154} INFO - [2023-12-01T13:39:43.486+0300] {dagbag.py:536} INFO - Filling up the DagBag from /home/petr/project/venv/lib/python3.10/site-packages/airflow/example_dags/example_dynamic_task_mapping.py
[2023-12-01T13:39:43.504+0300] {processor.py:839} INFO - DAG(s) dict_keys(['example_dynamic_task_mapping']) retrieved from /home/petr/project/venv/lib/python3.10/site-packages/airflow/example_dags/example_dynamic_task_mapping.py
[2023-12-01T13:39:43.556+0300] {logging_mixin.py:154} INFO - [2023-12-01T13:39:43.555+0300] {dag.py:2941} INFO - Sync 1 DAGs
[2023-12-01T13:39:43.598+0300] {logging_mixin.py:154} INFO - [2023-12-01T13:39:43.598+0300] {dag.py:3722} INFO - Setting next_dagrun for example_dynamic_task_mapping to 2022-03-04T00:00:00+00:00, run_after=2022-03-05T00:00:00+00:00
[2023-12-01T13:39:43.626+0300] {processor.py:179} INFO - Processing /home/petr/project/venv/lib/python3.10/site-packages/airflow/example_dags/example_dynamic_task_mapping.py took 0.144 seconds
[2023-12-01T13:40:14.034+0300] {processor.py:157} INFO - Started process (PID=3836) to work on /home/petr/project/venv/lib/python3.10/site-packages/airflow/example_dags/example_dynamic_task_mapping.py
[2023-12-01T13:40:14.045+0300] {processor.py:829} INFO - Processing file /home/petr/project/venv/lib/python3.10/site-packages/airflow/example_dags/example_dynamic_task_mapping.py for tasks to queue
[2023-12-01T13:40:14.046+0300] {logging_mixin.py:154} INFO - [2023-12-01T13:40:14.046+0300] {dagbag.py:536} INFO - Filling up the DagBag from /home/petr/project/venv/lib/python3.10/site-packages/airflow/example_dags/example_dynamic_task_mapping.py
[2023-12-01T13:40:14.078+0300] {processor.py:839} INFO - DAG(s) dict_keys(['example_dynamic_task_mapping']) retrieved from /home/petr/project/venv/lib/python3.10/site-packages/airflow/example_dags/example_dynamic_task_mapping.py
[2023-12-01T13:40:14.161+0300] {logging_mixin.py:154} INFO - [2023-12-01T13:40:14.160+0300] {dag.py:2941} INFO - Sync 1 DAGs
[2023-12-01T13:40:14.248+0300] {logging_mixin.py:154} INFO - [2023-12-01T13:40:14.248+0300] {dag.py:3722} INFO - Setting next_dagrun for example_dynamic_task_mapping to 2022-03-04T00:00:00+00:00, run_after=2022-03-05T00:00:00+00:00
[2023-12-01T13:40:14.375+0300] {processor.py:179} INFO - Processing /home/petr/project/venv/lib/python3.10/site-packages/airflow/example_dags/example_dynamic_task_mapping.py took 0.345 seconds
[2023-12-01T13:40:44.407+0300] {processor.py:157} INFO - Started process (PID=3940) to work on /home/petr/project/venv/lib/python3.10/site-packages/airflow/example_dags/example_dynamic_task_mapping.py
[2023-12-01T13:40:44.409+0300] {processor.py:829} INFO - Processing file /home/petr/project/venv/lib/python3.10/site-packages/airflow/example_dags/example_dynamic_task_mapping.py for tasks to queue
[2023-12-01T13:40:44.410+0300] {logging_mixin.py:154} INFO - [2023-12-01T13:40:44.409+0300] {dagbag.py:536} INFO - Filling up the DagBag from /home/petr/project/venv/lib/python3.10/site-packages/airflow/example_dags/example_dynamic_task_mapping.py
[2023-12-01T13:40:44.417+0300] {processor.py:839} INFO - DAG(s) dict_keys(['example_dynamic_task_mapping']) retrieved from /home/petr/project/venv/lib/python3.10/site-packages/airflow/example_dags/example_dynamic_task_mapping.py
[2023-12-01T13:40:44.440+0300] {logging_mixin.py:154} INFO - [2023-12-01T13:40:44.440+0300] {dag.py:2941} INFO - Sync 1 DAGs
[2023-12-01T13:40:44.458+0300] {logging_mixin.py:154} INFO - [2023-12-01T13:40:44.458+0300] {dag.py:3722} INFO - Setting next_dagrun for example_dynamic_task_mapping to 2022-03-04T00:00:00+00:00, run_after=2022-03-05T00:00:00+00:00
[2023-12-01T13:40:44.474+0300] {processor.py:179} INFO - Processing /home/petr/project/venv/lib/python3.10/site-packages/airflow/example_dags/example_dynamic_task_mapping.py took 0.071 seconds
[2023-12-01T13:41:15.335+0300] {processor.py:157} INFO - Started process (PID=4038) to work on /home/petr/project/venv/lib/python3.10/site-packages/airflow/example_dags/example_dynamic_task_mapping.py
[2023-12-01T13:41:15.349+0300] {processor.py:829} INFO - Processing file /home/petr/project/venv/lib/python3.10/site-packages/airflow/example_dags/example_dynamic_task_mapping.py for tasks to queue
[2023-12-01T13:41:15.349+0300] {logging_mixin.py:154} INFO - [2023-12-01T13:41:15.349+0300] {dagbag.py:536} INFO - Filling up the DagBag from /home/petr/project/venv/lib/python3.10/site-packages/airflow/example_dags/example_dynamic_task_mapping.py
[2023-12-01T13:41:15.356+0300] {processor.py:839} INFO - DAG(s) dict_keys(['example_dynamic_task_mapping']) retrieved from /home/petr/project/venv/lib/python3.10/site-packages/airflow/example_dags/example_dynamic_task_mapping.py
[2023-12-01T13:41:15.413+0300] {logging_mixin.py:154} INFO - [2023-12-01T13:41:15.412+0300] {dag.py:2941} INFO - Sync 1 DAGs
[2023-12-01T13:41:15.448+0300] {logging_mixin.py:154} INFO - [2023-12-01T13:41:15.448+0300] {dag.py:3722} INFO - Setting next_dagrun for example_dynamic_task_mapping to 2022-03-04T00:00:00+00:00, run_after=2022-03-05T00:00:00+00:00
[2023-12-01T13:41:15.509+0300] {processor.py:179} INFO - Processing /home/petr/project/venv/lib/python3.10/site-packages/airflow/example_dags/example_dynamic_task_mapping.py took 0.178 seconds
[2023-12-01T13:41:46.444+0300] {processor.py:157} INFO - Started process (PID=4142) to work on /home/petr/project/venv/lib/python3.10/site-packages/airflow/example_dags/example_dynamic_task_mapping.py
[2023-12-01T13:41:46.445+0300] {processor.py:829} INFO - Processing file /home/petr/project/venv/lib/python3.10/site-packages/airflow/example_dags/example_dynamic_task_mapping.py for tasks to queue
[2023-12-01T13:41:46.446+0300] {logging_mixin.py:154} INFO - [2023-12-01T13:41:46.446+0300] {dagbag.py:536} INFO - Filling up the DagBag from /home/petr/project/venv/lib/python3.10/site-packages/airflow/example_dags/example_dynamic_task_mapping.py
[2023-12-01T13:41:46.468+0300] {processor.py:839} INFO - DAG(s) dict_keys(['example_dynamic_task_mapping']) retrieved from /home/petr/project/venv/lib/python3.10/site-packages/airflow/example_dags/example_dynamic_task_mapping.py
[2023-12-01T13:41:46.537+0300] {logging_mixin.py:154} INFO - [2023-12-01T13:41:46.537+0300] {dag.py:2941} INFO - Sync 1 DAGs
[2023-12-01T13:41:46.582+0300] {logging_mixin.py:154} INFO - [2023-12-01T13:41:46.581+0300] {dag.py:3722} INFO - Setting next_dagrun for example_dynamic_task_mapping to 2022-03-04T00:00:00+00:00, run_after=2022-03-05T00:00:00+00:00
[2023-12-01T13:41:46.635+0300] {processor.py:179} INFO - Processing /home/petr/project/venv/lib/python3.10/site-packages/airflow/example_dags/example_dynamic_task_mapping.py took 0.194 seconds
[2023-12-01T13:42:17.266+0300] {processor.py:157} INFO - Started process (PID=4249) to work on /home/petr/project/venv/lib/python3.10/site-packages/airflow/example_dags/example_dynamic_task_mapping.py
[2023-12-01T13:42:17.281+0300] {processor.py:829} INFO - Processing file /home/petr/project/venv/lib/python3.10/site-packages/airflow/example_dags/example_dynamic_task_mapping.py for tasks to queue
[2023-12-01T13:42:17.282+0300] {logging_mixin.py:154} INFO - [2023-12-01T13:42:17.281+0300] {dagbag.py:536} INFO - Filling up the DagBag from /home/petr/project/venv/lib/python3.10/site-packages/airflow/example_dags/example_dynamic_task_mapping.py
[2023-12-01T13:42:17.289+0300] {processor.py:839} INFO - DAG(s) dict_keys(['example_dynamic_task_mapping']) retrieved from /home/petr/project/venv/lib/python3.10/site-packages/airflow/example_dags/example_dynamic_task_mapping.py
[2023-12-01T13:42:17.357+0300] {logging_mixin.py:154} INFO - [2023-12-01T13:42:17.357+0300] {dag.py:2941} INFO - Sync 1 DAGs
[2023-12-01T13:42:17.403+0300] {logging_mixin.py:154} INFO - [2023-12-01T13:42:17.402+0300] {dag.py:3722} INFO - Setting next_dagrun for example_dynamic_task_mapping to 2022-03-04T00:00:00+00:00, run_after=2022-03-05T00:00:00+00:00
[2023-12-01T13:42:17.430+0300] {processor.py:179} INFO - Processing /home/petr/project/venv/lib/python3.10/site-packages/airflow/example_dags/example_dynamic_task_mapping.py took 0.167 seconds
[2023-12-01T13:42:47.586+0300] {processor.py:157} INFO - Started process (PID=4353) to work on /home/petr/project/venv/lib/python3.10/site-packages/airflow/example_dags/example_dynamic_task_mapping.py
[2023-12-01T13:42:47.598+0300] {processor.py:829} INFO - Processing file /home/petr/project/venv/lib/python3.10/site-packages/airflow/example_dags/example_dynamic_task_mapping.py for tasks to queue
[2023-12-01T13:42:47.598+0300] {logging_mixin.py:154} INFO - [2023-12-01T13:42:47.598+0300] {dagbag.py:536} INFO - Filling up the DagBag from /home/petr/project/venv/lib/python3.10/site-packages/airflow/example_dags/example_dynamic_task_mapping.py
[2023-12-01T13:42:47.611+0300] {processor.py:839} INFO - DAG(s) dict_keys(['example_dynamic_task_mapping']) retrieved from /home/petr/project/venv/lib/python3.10/site-packages/airflow/example_dags/example_dynamic_task_mapping.py
[2023-12-01T13:42:47.682+0300] {logging_mixin.py:154} INFO - [2023-12-01T13:42:47.682+0300] {dag.py:2941} INFO - Sync 1 DAGs
[2023-12-01T13:42:47.747+0300] {logging_mixin.py:154} INFO - [2023-12-01T13:42:47.747+0300] {dag.py:3722} INFO - Setting next_dagrun for example_dynamic_task_mapping to 2022-03-04T00:00:00+00:00, run_after=2022-03-05T00:00:00+00:00
[2023-12-01T13:42:47.814+0300] {processor.py:179} INFO - Processing /home/petr/project/venv/lib/python3.10/site-packages/airflow/example_dags/example_dynamic_task_mapping.py took 0.231 seconds
[2023-12-01T13:43:17.944+0300] {processor.py:157} INFO - Started process (PID=4454) to work on /home/petr/project/venv/lib/python3.10/site-packages/airflow/example_dags/example_dynamic_task_mapping.py
[2023-12-01T13:43:17.957+0300] {processor.py:829} INFO - Processing file /home/petr/project/venv/lib/python3.10/site-packages/airflow/example_dags/example_dynamic_task_mapping.py for tasks to queue
[2023-12-01T13:43:17.958+0300] {logging_mixin.py:154} INFO - [2023-12-01T13:43:17.958+0300] {dagbag.py:536} INFO - Filling up the DagBag from /home/petr/project/venv/lib/python3.10/site-packages/airflow/example_dags/example_dynamic_task_mapping.py
[2023-12-01T13:43:17.964+0300] {processor.py:839} INFO - DAG(s) dict_keys(['example_dynamic_task_mapping']) retrieved from /home/petr/project/venv/lib/python3.10/site-packages/airflow/example_dags/example_dynamic_task_mapping.py
[2023-12-01T13:43:18.009+0300] {logging_mixin.py:154} INFO - [2023-12-01T13:43:18.008+0300] {dag.py:2941} INFO - Sync 1 DAGs
[2023-12-01T13:43:18.043+0300] {logging_mixin.py:154} INFO - [2023-12-01T13:43:18.043+0300] {dag.py:3722} INFO - Setting next_dagrun for example_dynamic_task_mapping to 2022-03-04T00:00:00+00:00, run_after=2022-03-05T00:00:00+00:00
[2023-12-01T13:43:18.091+0300] {processor.py:179} INFO - Processing /home/petr/project/venv/lib/python3.10/site-packages/airflow/example_dags/example_dynamic_task_mapping.py took 0.151 seconds
[2023-12-01T13:43:48.531+0300] {processor.py:157} INFO - Started process (PID=4555) to work on /home/petr/project/venv/lib/python3.10/site-packages/airflow/example_dags/example_dynamic_task_mapping.py
[2023-12-01T13:43:48.531+0300] {processor.py:829} INFO - Processing file /home/petr/project/venv/lib/python3.10/site-packages/airflow/example_dags/example_dynamic_task_mapping.py for tasks to queue
[2023-12-01T13:43:48.532+0300] {logging_mixin.py:154} INFO - [2023-12-01T13:43:48.532+0300] {dagbag.py:536} INFO - Filling up the DagBag from /home/petr/project/venv/lib/python3.10/site-packages/airflow/example_dags/example_dynamic_task_mapping.py
[2023-12-01T13:43:48.550+0300] {processor.py:839} INFO - DAG(s) dict_keys(['example_dynamic_task_mapping']) retrieved from /home/petr/project/venv/lib/python3.10/site-packages/airflow/example_dags/example_dynamic_task_mapping.py
[2023-12-01T13:43:48.589+0300] {logging_mixin.py:154} INFO - [2023-12-01T13:43:48.589+0300] {dag.py:2941} INFO - Sync 1 DAGs
[2023-12-01T13:43:48.638+0300] {logging_mixin.py:154} INFO - [2023-12-01T13:43:48.638+0300] {dag.py:3722} INFO - Setting next_dagrun for example_dynamic_task_mapping to 2022-03-04T00:00:00+00:00, run_after=2022-03-05T00:00:00+00:00
[2023-12-01T13:43:48.674+0300] {processor.py:179} INFO - Processing /home/petr/project/venv/lib/python3.10/site-packages/airflow/example_dags/example_dynamic_task_mapping.py took 0.146 seconds
[2023-12-01T13:44:18.789+0300] {processor.py:157} INFO - Started process (PID=4653) to work on /home/petr/project/venv/lib/python3.10/site-packages/airflow/example_dags/example_dynamic_task_mapping.py
[2023-12-01T13:44:18.796+0300] {processor.py:829} INFO - Processing file /home/petr/project/venv/lib/python3.10/site-packages/airflow/example_dags/example_dynamic_task_mapping.py for tasks to queue
[2023-12-01T13:44:18.796+0300] {logging_mixin.py:154} INFO - [2023-12-01T13:44:18.796+0300] {dagbag.py:536} INFO - Filling up the DagBag from /home/petr/project/venv/lib/python3.10/site-packages/airflow/example_dags/example_dynamic_task_mapping.py
[2023-12-01T13:44:18.802+0300] {processor.py:839} INFO - DAG(s) dict_keys(['example_dynamic_task_mapping']) retrieved from /home/petr/project/venv/lib/python3.10/site-packages/airflow/example_dags/example_dynamic_task_mapping.py
[2023-12-01T13:44:18.870+0300] {logging_mixin.py:154} INFO - [2023-12-01T13:44:18.869+0300] {dag.py:2941} INFO - Sync 1 DAGs
[2023-12-01T13:44:18.912+0300] {logging_mixin.py:154} INFO - [2023-12-01T13:44:18.912+0300] {dag.py:3722} INFO - Setting next_dagrun for example_dynamic_task_mapping to 2022-03-04T00:00:00+00:00, run_after=2022-03-05T00:00:00+00:00
[2023-12-01T13:44:18.960+0300] {processor.py:179} INFO - Processing /home/petr/project/venv/lib/python3.10/site-packages/airflow/example_dags/example_dynamic_task_mapping.py took 0.174 seconds
[2023-12-01T13:44:50.468+0300] {processor.py:157} INFO - Started process (PID=4754) to work on /home/petr/project/venv/lib/python3.10/site-packages/airflow/example_dags/example_dynamic_task_mapping.py
[2023-12-01T13:44:50.507+0300] {processor.py:829} INFO - Processing file /home/petr/project/venv/lib/python3.10/site-packages/airflow/example_dags/example_dynamic_task_mapping.py for tasks to queue
[2023-12-01T13:44:50.508+0300] {logging_mixin.py:154} INFO - [2023-12-01T13:44:50.508+0300] {dagbag.py:536} INFO - Filling up the DagBag from /home/petr/project/venv/lib/python3.10/site-packages/airflow/example_dags/example_dynamic_task_mapping.py
[2023-12-01T13:44:50.559+0300] {processor.py:839} INFO - DAG(s) dict_keys(['example_dynamic_task_mapping']) retrieved from /home/petr/project/venv/lib/python3.10/site-packages/airflow/example_dags/example_dynamic_task_mapping.py
[2023-12-01T13:44:50.629+0300] {logging_mixin.py:154} INFO - [2023-12-01T13:44:50.629+0300] {dag.py:2941} INFO - Sync 1 DAGs
[2023-12-01T13:44:50.663+0300] {logging_mixin.py:154} INFO - [2023-12-01T13:44:50.662+0300] {dag.py:3722} INFO - Setting next_dagrun for example_dynamic_task_mapping to 2022-03-04T00:00:00+00:00, run_after=2022-03-05T00:00:00+00:00
[2023-12-01T13:44:50.727+0300] {processor.py:179} INFO - Processing /home/petr/project/venv/lib/python3.10/site-packages/airflow/example_dags/example_dynamic_task_mapping.py took 0.272 seconds
[2023-12-01T13:45:21.451+0300] {processor.py:157} INFO - Started process (PID=4878) to work on /home/petr/project/venv/lib/python3.10/site-packages/airflow/example_dags/example_dynamic_task_mapping.py
[2023-12-01T13:45:21.463+0300] {processor.py:829} INFO - Processing file /home/petr/project/venv/lib/python3.10/site-packages/airflow/example_dags/example_dynamic_task_mapping.py for tasks to queue
[2023-12-01T13:45:21.463+0300] {logging_mixin.py:154} INFO - [2023-12-01T13:45:21.463+0300] {dagbag.py:536} INFO - Filling up the DagBag from /home/petr/project/venv/lib/python3.10/site-packages/airflow/example_dags/example_dynamic_task_mapping.py
[2023-12-01T13:45:21.472+0300] {processor.py:839} INFO - DAG(s) dict_keys(['example_dynamic_task_mapping']) retrieved from /home/petr/project/venv/lib/python3.10/site-packages/airflow/example_dags/example_dynamic_task_mapping.py
[2023-12-01T13:45:21.529+0300] {logging_mixin.py:154} INFO - [2023-12-01T13:45:21.529+0300] {dag.py:2941} INFO - Sync 1 DAGs
[2023-12-01T13:45:21.563+0300] {logging_mixin.py:154} INFO - [2023-12-01T13:45:21.562+0300] {dag.py:3722} INFO - Setting next_dagrun for example_dynamic_task_mapping to 2022-03-04T00:00:00+00:00, run_after=2022-03-05T00:00:00+00:00
[2023-12-01T13:45:21.591+0300] {processor.py:179} INFO - Processing /home/petr/project/venv/lib/python3.10/site-packages/airflow/example_dags/example_dynamic_task_mapping.py took 0.144 seconds
[2023-12-01T13:46:48.741+0300] {processor.py:157} INFO - Started process (PID=4993) to work on /home/petr/project/venv/lib/python3.10/site-packages/airflow/example_dags/example_dynamic_task_mapping.py
[2023-12-01T13:46:48.745+0300] {processor.py:829} INFO - Processing file /home/petr/project/venv/lib/python3.10/site-packages/airflow/example_dags/example_dynamic_task_mapping.py for tasks to queue
[2023-12-01T13:46:48.746+0300] {logging_mixin.py:154} INFO - [2023-12-01T13:46:48.746+0300] {dagbag.py:536} INFO - Filling up the DagBag from /home/petr/project/venv/lib/python3.10/site-packages/airflow/example_dags/example_dynamic_task_mapping.py
[2023-12-01T13:46:48.765+0300] {processor.py:839} INFO - DAG(s) dict_keys(['example_dynamic_task_mapping']) retrieved from /home/petr/project/venv/lib/python3.10/site-packages/airflow/example_dags/example_dynamic_task_mapping.py
[2023-12-01T13:46:48.859+0300] {logging_mixin.py:154} INFO - [2023-12-01T13:46:48.859+0300] {dag.py:2941} INFO - Sync 1 DAGs
[2023-12-01T13:46:48.896+0300] {logging_mixin.py:154} INFO - [2023-12-01T13:46:48.895+0300] {dag.py:3722} INFO - Setting next_dagrun for example_dynamic_task_mapping to 2022-03-04T00:00:00+00:00, run_after=2022-03-05T00:00:00+00:00
[2023-12-01T13:46:48.942+0300] {processor.py:179} INFO - Processing /home/petr/project/venv/lib/python3.10/site-packages/airflow/example_dags/example_dynamic_task_mapping.py took 0.204 seconds
[2023-12-01T13:47:19.565+0300] {processor.py:157} INFO - Started process (PID=5097) to work on /home/petr/project/venv/lib/python3.10/site-packages/airflow/example_dags/example_dynamic_task_mapping.py
[2023-12-01T13:47:19.566+0300] {processor.py:829} INFO - Processing file /home/petr/project/venv/lib/python3.10/site-packages/airflow/example_dags/example_dynamic_task_mapping.py for tasks to queue
[2023-12-01T13:47:19.567+0300] {logging_mixin.py:154} INFO - [2023-12-01T13:47:19.567+0300] {dagbag.py:536} INFO - Filling up the DagBag from /home/petr/project/venv/lib/python3.10/site-packages/airflow/example_dags/example_dynamic_task_mapping.py
[2023-12-01T13:47:19.602+0300] {processor.py:839} INFO - DAG(s) dict_keys(['example_dynamic_task_mapping']) retrieved from /home/petr/project/venv/lib/python3.10/site-packages/airflow/example_dags/example_dynamic_task_mapping.py
[2023-12-01T13:47:19.640+0300] {logging_mixin.py:154} INFO - [2023-12-01T13:47:19.639+0300] {dag.py:2941} INFO - Sync 1 DAGs
[2023-12-01T13:47:19.683+0300] {logging_mixin.py:154} INFO - [2023-12-01T13:47:19.683+0300] {dag.py:3722} INFO - Setting next_dagrun for example_dynamic_task_mapping to 2022-03-04T00:00:00+00:00, run_after=2022-03-05T00:00:00+00:00
[2023-12-01T13:47:19.715+0300] {processor.py:179} INFO - Processing /home/petr/project/venv/lib/python3.10/site-packages/airflow/example_dags/example_dynamic_task_mapping.py took 0.154 seconds
[2023-12-01T13:47:51.133+0300] {processor.py:157} INFO - Started process (PID=5223) to work on /home/petr/project/venv/lib/python3.10/site-packages/airflow/example_dags/example_dynamic_task_mapping.py
[2023-12-01T13:47:51.143+0300] {processor.py:829} INFO - Processing file /home/petr/project/venv/lib/python3.10/site-packages/airflow/example_dags/example_dynamic_task_mapping.py for tasks to queue
[2023-12-01T13:47:51.144+0300] {logging_mixin.py:154} INFO - [2023-12-01T13:47:51.143+0300] {dagbag.py:536} INFO - Filling up the DagBag from /home/petr/project/venv/lib/python3.10/site-packages/airflow/example_dags/example_dynamic_task_mapping.py
[2023-12-01T13:47:51.164+0300] {processor.py:839} INFO - DAG(s) dict_keys(['example_dynamic_task_mapping']) retrieved from /home/petr/project/venv/lib/python3.10/site-packages/airflow/example_dags/example_dynamic_task_mapping.py
[2023-12-01T13:47:51.209+0300] {logging_mixin.py:154} INFO - [2023-12-01T13:47:51.209+0300] {dag.py:2941} INFO - Sync 1 DAGs
[2023-12-01T13:47:51.242+0300] {logging_mixin.py:154} INFO - [2023-12-01T13:47:51.242+0300] {dag.py:3722} INFO - Setting next_dagrun for example_dynamic_task_mapping to 2022-03-04T00:00:00+00:00, run_after=2022-03-05T00:00:00+00:00
[2023-12-01T13:47:51.285+0300] {processor.py:179} INFO - Processing /home/petr/project/venv/lib/python3.10/site-packages/airflow/example_dags/example_dynamic_task_mapping.py took 0.158 seconds
[2023-12-01T13:49:13.115+0300] {processor.py:157} INFO - Started process (PID=5371) to work on /home/petr/project/venv/lib/python3.10/site-packages/airflow/example_dags/example_dynamic_task_mapping.py
[2023-12-01T13:49:13.127+0300] {processor.py:829} INFO - Processing file /home/petr/project/venv/lib/python3.10/site-packages/airflow/example_dags/example_dynamic_task_mapping.py for tasks to queue
[2023-12-01T13:49:13.127+0300] {logging_mixin.py:154} INFO - [2023-12-01T13:49:13.127+0300] {dagbag.py:536} INFO - Filling up the DagBag from /home/petr/project/venv/lib/python3.10/site-packages/airflow/example_dags/example_dynamic_task_mapping.py
[2023-12-01T13:49:13.143+0300] {processor.py:839} INFO - DAG(s) dict_keys(['example_dynamic_task_mapping']) retrieved from /home/petr/project/venv/lib/python3.10/site-packages/airflow/example_dags/example_dynamic_task_mapping.py
[2023-12-01T13:49:13.188+0300] {logging_mixin.py:154} INFO - [2023-12-01T13:49:13.188+0300] {dag.py:2941} INFO - Sync 1 DAGs
[2023-12-01T13:49:13.245+0300] {logging_mixin.py:154} INFO - [2023-12-01T13:49:13.245+0300] {dag.py:3722} INFO - Setting next_dagrun for example_dynamic_task_mapping to 2022-03-04T00:00:00+00:00, run_after=2022-03-05T00:00:00+00:00
[2023-12-01T13:49:13.268+0300] {processor.py:179} INFO - Processing /home/petr/project/venv/lib/python3.10/site-packages/airflow/example_dags/example_dynamic_task_mapping.py took 0.156 seconds
[2023-12-01T13:49:45.191+0300] {processor.py:157} INFO - Started process (PID=5471) to work on /home/petr/project/venv/lib/python3.10/site-packages/airflow/example_dags/example_dynamic_task_mapping.py
[2023-12-01T13:49:45.197+0300] {processor.py:829} INFO - Processing file /home/petr/project/venv/lib/python3.10/site-packages/airflow/example_dags/example_dynamic_task_mapping.py for tasks to queue
[2023-12-01T13:49:45.197+0300] {logging_mixin.py:154} INFO - [2023-12-01T13:49:45.197+0300] {dagbag.py:536} INFO - Filling up the DagBag from /home/petr/project/venv/lib/python3.10/site-packages/airflow/example_dags/example_dynamic_task_mapping.py
[2023-12-01T13:49:45.222+0300] {processor.py:839} INFO - DAG(s) dict_keys(['example_dynamic_task_mapping']) retrieved from /home/petr/project/venv/lib/python3.10/site-packages/airflow/example_dags/example_dynamic_task_mapping.py
[2023-12-01T13:49:45.339+0300] {logging_mixin.py:154} INFO - [2023-12-01T13:49:45.338+0300] {dag.py:2941} INFO - Sync 1 DAGs
[2023-12-01T13:49:45.416+0300] {logging_mixin.py:154} INFO - [2023-12-01T13:49:45.415+0300] {dag.py:3722} INFO - Setting next_dagrun for example_dynamic_task_mapping to 2022-03-04T00:00:00+00:00, run_after=2022-03-05T00:00:00+00:00
[2023-12-01T13:49:45.491+0300] {processor.py:179} INFO - Processing /home/petr/project/venv/lib/python3.10/site-packages/airflow/example_dags/example_dynamic_task_mapping.py took 0.320 seconds
[2023-12-01T13:50:15.807+0300] {processor.py:157} INFO - Started process (PID=5580) to work on /home/petr/project/venv/lib/python3.10/site-packages/airflow/example_dags/example_dynamic_task_mapping.py
[2023-12-01T13:50:15.815+0300] {processor.py:829} INFO - Processing file /home/petr/project/venv/lib/python3.10/site-packages/airflow/example_dags/example_dynamic_task_mapping.py for tasks to queue
[2023-12-01T13:50:15.816+0300] {logging_mixin.py:154} INFO - [2023-12-01T13:50:15.816+0300] {dagbag.py:536} INFO - Filling up the DagBag from /home/petr/project/venv/lib/python3.10/site-packages/airflow/example_dags/example_dynamic_task_mapping.py
[2023-12-01T13:50:15.831+0300] {processor.py:839} INFO - DAG(s) dict_keys(['example_dynamic_task_mapping']) retrieved from /home/petr/project/venv/lib/python3.10/site-packages/airflow/example_dags/example_dynamic_task_mapping.py
[2023-12-01T13:50:15.898+0300] {logging_mixin.py:154} INFO - [2023-12-01T13:50:15.898+0300] {dag.py:2941} INFO - Sync 1 DAGs
[2023-12-01T13:50:15.937+0300] {logging_mixin.py:154} INFO - [2023-12-01T13:50:15.937+0300] {dag.py:3722} INFO - Setting next_dagrun for example_dynamic_task_mapping to 2022-03-04T00:00:00+00:00, run_after=2022-03-05T00:00:00+00:00
[2023-12-01T13:50:15.977+0300] {processor.py:179} INFO - Processing /home/petr/project/venv/lib/python3.10/site-packages/airflow/example_dags/example_dynamic_task_mapping.py took 0.174 seconds
[2023-12-01T20:01:01.669+0300] {processor.py:157} INFO - Started process (PID=5961) to work on /home/petr/project/venv/lib/python3.10/site-packages/airflow/example_dags/example_dynamic_task_mapping.py
[2023-12-01T20:01:01.709+0300] {processor.py:829} INFO - Processing file /home/petr/project/venv/lib/python3.10/site-packages/airflow/example_dags/example_dynamic_task_mapping.py for tasks to queue
[2023-12-01T20:01:01.736+0300] {logging_mixin.py:154} INFO - [2023-12-01T20:01:01.735+0300] {dagbag.py:536} INFO - Filling up the DagBag from /home/petr/project/venv/lib/python3.10/site-packages/airflow/example_dags/example_dynamic_task_mapping.py
[2023-12-01T20:01:01.936+0300] {processor.py:839} INFO - DAG(s) dict_keys(['example_dynamic_task_mapping']) retrieved from /home/petr/project/venv/lib/python3.10/site-packages/airflow/example_dags/example_dynamic_task_mapping.py
[2023-12-01T20:01:02.082+0300] {logging_mixin.py:154} INFO - [2023-12-01T20:01:02.081+0300] {dag.py:2941} INFO - Sync 1 DAGs
[2023-12-01T20:01:02.206+0300] {logging_mixin.py:154} INFO - [2023-12-01T20:01:02.206+0300] {dag.py:3722} INFO - Setting next_dagrun for example_dynamic_task_mapping to 2022-03-04T00:00:00+00:00, run_after=2022-03-05T00:00:00+00:00
[2023-12-01T20:01:02.349+0300] {processor.py:179} INFO - Processing /home/petr/project/venv/lib/python3.10/site-packages/airflow/example_dags/example_dynamic_task_mapping.py took 0.745 seconds
