[2023-12-01T13:38:12.362+0300] {processor.py:157} INFO - Started process (PID=3421) to work on /home/petr/project/venv/lib/python3.10/site-packages/airflow/example_dags/example_branch_operator.py
[2023-12-01T13:38:12.363+0300] {processor.py:829} INFO - Processing file /home/petr/project/venv/lib/python3.10/site-packages/airflow/example_dags/example_branch_operator.py for tasks to queue
[2023-12-01T13:38:12.363+0300] {logging_mixin.py:154} INFO - [2023-12-01T13:38:12.363+0300] {dagbag.py:536} INFO - Filling up the DagBag from /home/petr/project/venv/lib/python3.10/site-packages/airflow/example_dags/example_branch_operator.py
[2023-12-01T13:38:12.400+0300] {processor.py:839} INFO - DAG(s) dict_keys(['example_branch_operator']) retrieved from /home/petr/project/venv/lib/python3.10/site-packages/airflow/example_dags/example_branch_operator.py
[2023-12-01T13:38:12.568+0300] {logging_mixin.py:154} INFO - [2023-12-01T13:38:12.567+0300] {dag.py:2941} INFO - Sync 1 DAGs
[2023-12-01T13:38:12.634+0300] {logging_mixin.py:154} INFO - [2023-12-01T13:38:12.634+0300] {dag.py:3722} INFO - Setting next_dagrun for example_branch_operator to 2023-11-30T00:00:00+00:00, run_after=2023-12-01T00:00:00+00:00
[2023-12-01T13:38:12.671+0300] {processor.py:179} INFO - Processing /home/petr/project/venv/lib/python3.10/site-packages/airflow/example_dags/example_branch_operator.py took 0.335 seconds
[2023-12-01T13:38:43.481+0300] {processor.py:157} INFO - Started process (PID=3522) to work on /home/petr/project/venv/lib/python3.10/site-packages/airflow/example_dags/example_branch_operator.py
[2023-12-01T13:38:43.500+0300] {processor.py:829} INFO - Processing file /home/petr/project/venv/lib/python3.10/site-packages/airflow/example_dags/example_branch_operator.py for tasks to queue
[2023-12-01T13:38:43.500+0300] {logging_mixin.py:154} INFO - [2023-12-01T13:38:43.500+0300] {dagbag.py:536} INFO - Filling up the DagBag from /home/petr/project/venv/lib/python3.10/site-packages/airflow/example_dags/example_branch_operator.py
[2023-12-01T13:38:43.539+0300] {processor.py:839} INFO - DAG(s) dict_keys(['example_branch_operator']) retrieved from /home/petr/project/venv/lib/python3.10/site-packages/airflow/example_dags/example_branch_operator.py
[2023-12-01T13:38:43.655+0300] {logging_mixin.py:154} INFO - [2023-12-01T13:38:43.655+0300] {dag.py:2941} INFO - Sync 1 DAGs
[2023-12-01T13:38:43.743+0300] {logging_mixin.py:154} INFO - [2023-12-01T13:38:43.743+0300] {dag.py:3722} INFO - Setting next_dagrun for example_branch_operator to 2023-11-30T00:00:00+00:00, run_after=2023-12-01T00:00:00+00:00
[2023-12-01T13:38:43.843+0300] {processor.py:179} INFO - Processing /home/petr/project/venv/lib/python3.10/site-packages/airflow/example_dags/example_branch_operator.py took 0.365 seconds
[2023-12-01T13:39:14.542+0300] {processor.py:157} INFO - Started process (PID=3623) to work on /home/petr/project/venv/lib/python3.10/site-packages/airflow/example_dags/example_branch_operator.py
[2023-12-01T13:39:14.549+0300] {processor.py:829} INFO - Processing file /home/petr/project/venv/lib/python3.10/site-packages/airflow/example_dags/example_branch_operator.py for tasks to queue
[2023-12-01T13:39:14.550+0300] {logging_mixin.py:154} INFO - [2023-12-01T13:39:14.549+0300] {dagbag.py:536} INFO - Filling up the DagBag from /home/petr/project/venv/lib/python3.10/site-packages/airflow/example_dags/example_branch_operator.py
[2023-12-01T13:39:14.617+0300] {processor.py:839} INFO - DAG(s) dict_keys(['example_branch_operator']) retrieved from /home/petr/project/venv/lib/python3.10/site-packages/airflow/example_dags/example_branch_operator.py
[2023-12-01T13:39:14.834+0300] {logging_mixin.py:154} INFO - [2023-12-01T13:39:14.833+0300] {dag.py:2941} INFO - Sync 1 DAGs
[2023-12-01T13:39:14.957+0300] {logging_mixin.py:154} INFO - [2023-12-01T13:39:14.957+0300] {dag.py:3722} INFO - Setting next_dagrun for example_branch_operator to 2023-11-30T00:00:00+00:00, run_after=2023-12-01T00:00:00+00:00
[2023-12-01T13:39:15.156+0300] {processor.py:179} INFO - Processing /home/petr/project/venv/lib/python3.10/site-packages/airflow/example_dags/example_branch_operator.py took 0.635 seconds
[2023-12-01T13:39:46.026+0300] {processor.py:157} INFO - Started process (PID=3740) to work on /home/petr/project/venv/lib/python3.10/site-packages/airflow/example_dags/example_branch_operator.py
[2023-12-01T13:39:46.042+0300] {processor.py:829} INFO - Processing file /home/petr/project/venv/lib/python3.10/site-packages/airflow/example_dags/example_branch_operator.py for tasks to queue
[2023-12-01T13:39:46.043+0300] {logging_mixin.py:154} INFO - [2023-12-01T13:39:46.043+0300] {dagbag.py:536} INFO - Filling up the DagBag from /home/petr/project/venv/lib/python3.10/site-packages/airflow/example_dags/example_branch_operator.py
[2023-12-01T13:39:46.083+0300] {processor.py:839} INFO - DAG(s) dict_keys(['example_branch_operator']) retrieved from /home/petr/project/venv/lib/python3.10/site-packages/airflow/example_dags/example_branch_operator.py
[2023-12-01T13:39:46.195+0300] {logging_mixin.py:154} INFO - [2023-12-01T13:39:46.195+0300] {dag.py:2941} INFO - Sync 1 DAGs
[2023-12-01T13:39:46.277+0300] {logging_mixin.py:154} INFO - [2023-12-01T13:39:46.277+0300] {dag.py:3722} INFO - Setting next_dagrun for example_branch_operator to 2023-11-30T00:00:00+00:00, run_after=2023-12-01T00:00:00+00:00
[2023-12-01T13:39:46.341+0300] {processor.py:179} INFO - Processing /home/petr/project/venv/lib/python3.10/site-packages/airflow/example_dags/example_branch_operator.py took 0.319 seconds
[2023-12-01T13:40:18.834+0300] {processor.py:157} INFO - Started process (PID=3861) to work on /home/petr/project/venv/lib/python3.10/site-packages/airflow/example_dags/example_branch_operator.py
[2023-12-01T13:40:18.850+0300] {processor.py:829} INFO - Processing file /home/petr/project/venv/lib/python3.10/site-packages/airflow/example_dags/example_branch_operator.py for tasks to queue
[2023-12-01T13:40:18.851+0300] {logging_mixin.py:154} INFO - [2023-12-01T13:40:18.850+0300] {dagbag.py:536} INFO - Filling up the DagBag from /home/petr/project/venv/lib/python3.10/site-packages/airflow/example_dags/example_branch_operator.py
[2023-12-01T13:40:18.858+0300] {processor.py:839} INFO - DAG(s) dict_keys(['example_branch_operator']) retrieved from /home/petr/project/venv/lib/python3.10/site-packages/airflow/example_dags/example_branch_operator.py
[2023-12-01T13:40:18.976+0300] {logging_mixin.py:154} INFO - [2023-12-01T13:40:18.976+0300] {dag.py:2941} INFO - Sync 1 DAGs
[2023-12-01T13:40:19.055+0300] {logging_mixin.py:154} INFO - [2023-12-01T13:40:19.055+0300] {dag.py:3722} INFO - Setting next_dagrun for example_branch_operator to 2023-11-30T00:00:00+00:00, run_after=2023-12-01T00:00:00+00:00
[2023-12-01T13:40:19.118+0300] {processor.py:179} INFO - Processing /home/petr/project/venv/lib/python3.10/site-packages/airflow/example_dags/example_branch_operator.py took 0.303 seconds
[2023-12-01T13:40:49.921+0300] {processor.py:157} INFO - Started process (PID=3964) to work on /home/petr/project/venv/lib/python3.10/site-packages/airflow/example_dags/example_branch_operator.py
[2023-12-01T13:40:49.934+0300] {processor.py:829} INFO - Processing file /home/petr/project/venv/lib/python3.10/site-packages/airflow/example_dags/example_branch_operator.py for tasks to queue
[2023-12-01T13:40:49.936+0300] {logging_mixin.py:154} INFO - [2023-12-01T13:40:49.935+0300] {dagbag.py:536} INFO - Filling up the DagBag from /home/petr/project/venv/lib/python3.10/site-packages/airflow/example_dags/example_branch_operator.py
[2023-12-01T13:40:49.975+0300] {processor.py:839} INFO - DAG(s) dict_keys(['example_branch_operator']) retrieved from /home/petr/project/venv/lib/python3.10/site-packages/airflow/example_dags/example_branch_operator.py
[2023-12-01T13:40:50.074+0300] {logging_mixin.py:154} INFO - [2023-12-01T13:40:50.074+0300] {dag.py:2941} INFO - Sync 1 DAGs
[2023-12-01T13:40:50.137+0300] {logging_mixin.py:154} INFO - [2023-12-01T13:40:50.137+0300] {dag.py:3722} INFO - Setting next_dagrun for example_branch_operator to 2023-11-30T00:00:00+00:00, run_after=2023-12-01T00:00:00+00:00
[2023-12-01T13:40:50.173+0300] {processor.py:179} INFO - Processing /home/petr/project/venv/lib/python3.10/site-packages/airflow/example_dags/example_branch_operator.py took 0.273 seconds
[2023-12-01T13:41:21.165+0300] {processor.py:157} INFO - Started process (PID=4065) to work on /home/petr/project/venv/lib/python3.10/site-packages/airflow/example_dags/example_branch_operator.py
[2023-12-01T13:41:21.204+0300] {processor.py:829} INFO - Processing file /home/petr/project/venv/lib/python3.10/site-packages/airflow/example_dags/example_branch_operator.py for tasks to queue
[2023-12-01T13:41:21.205+0300] {logging_mixin.py:154} INFO - [2023-12-01T13:41:21.205+0300] {dagbag.py:536} INFO - Filling up the DagBag from /home/petr/project/venv/lib/python3.10/site-packages/airflow/example_dags/example_branch_operator.py
[2023-12-01T13:41:21.244+0300] {processor.py:839} INFO - DAG(s) dict_keys(['example_branch_operator']) retrieved from /home/petr/project/venv/lib/python3.10/site-packages/airflow/example_dags/example_branch_operator.py
[2023-12-01T13:41:21.409+0300] {logging_mixin.py:154} INFO - [2023-12-01T13:41:21.409+0300] {dag.py:2941} INFO - Sync 1 DAGs
[2023-12-01T13:41:21.474+0300] {logging_mixin.py:154} INFO - [2023-12-01T13:41:21.474+0300] {dag.py:3722} INFO - Setting next_dagrun for example_branch_operator to 2023-11-30T00:00:00+00:00, run_after=2023-12-01T00:00:00+00:00
[2023-12-01T13:41:21.591+0300] {processor.py:179} INFO - Processing /home/petr/project/venv/lib/python3.10/site-packages/airflow/example_dags/example_branch_operator.py took 0.429 seconds
[2023-12-01T13:41:51.765+0300] {processor.py:157} INFO - Started process (PID=4167) to work on /home/petr/project/venv/lib/python3.10/site-packages/airflow/example_dags/example_branch_operator.py
[2023-12-01T13:41:51.774+0300] {processor.py:829} INFO - Processing file /home/petr/project/venv/lib/python3.10/site-packages/airflow/example_dags/example_branch_operator.py for tasks to queue
[2023-12-01T13:41:51.775+0300] {logging_mixin.py:154} INFO - [2023-12-01T13:41:51.775+0300] {dagbag.py:536} INFO - Filling up the DagBag from /home/petr/project/venv/lib/python3.10/site-packages/airflow/example_dags/example_branch_operator.py
[2023-12-01T13:41:51.786+0300] {processor.py:839} INFO - DAG(s) dict_keys(['example_branch_operator']) retrieved from /home/petr/project/venv/lib/python3.10/site-packages/airflow/example_dags/example_branch_operator.py
[2023-12-01T13:41:51.839+0300] {logging_mixin.py:154} INFO - [2023-12-01T13:41:51.839+0300] {dag.py:2941} INFO - Sync 1 DAGs
[2023-12-01T13:41:51.858+0300] {logging_mixin.py:154} INFO - [2023-12-01T13:41:51.857+0300] {dag.py:3722} INFO - Setting next_dagrun for example_branch_operator to 2023-11-30T00:00:00+00:00, run_after=2023-12-01T00:00:00+00:00
[2023-12-01T13:41:51.878+0300] {processor.py:179} INFO - Processing /home/petr/project/venv/lib/python3.10/site-packages/airflow/example_dags/example_branch_operator.py took 0.117 seconds
[2023-12-01T13:42:22.296+0300] {processor.py:157} INFO - Started process (PID=4274) to work on /home/petr/project/venv/lib/python3.10/site-packages/airflow/example_dags/example_branch_operator.py
[2023-12-01T13:42:22.299+0300] {processor.py:829} INFO - Processing file /home/petr/project/venv/lib/python3.10/site-packages/airflow/example_dags/example_branch_operator.py for tasks to queue
[2023-12-01T13:42:22.300+0300] {logging_mixin.py:154} INFO - [2023-12-01T13:42:22.299+0300] {dagbag.py:536} INFO - Filling up the DagBag from /home/petr/project/venv/lib/python3.10/site-packages/airflow/example_dags/example_branch_operator.py
[2023-12-01T13:42:22.320+0300] {processor.py:839} INFO - DAG(s) dict_keys(['example_branch_operator']) retrieved from /home/petr/project/venv/lib/python3.10/site-packages/airflow/example_dags/example_branch_operator.py
[2023-12-01T13:42:22.371+0300] {logging_mixin.py:154} INFO - [2023-12-01T13:42:22.371+0300] {dag.py:2941} INFO - Sync 1 DAGs
[2023-12-01T13:42:22.411+0300] {logging_mixin.py:154} INFO - [2023-12-01T13:42:22.411+0300] {dag.py:3722} INFO - Setting next_dagrun for example_branch_operator to 2023-11-30T00:00:00+00:00, run_after=2023-12-01T00:00:00+00:00
[2023-12-01T13:42:22.438+0300] {processor.py:179} INFO - Processing /home/petr/project/venv/lib/python3.10/site-packages/airflow/example_dags/example_branch_operator.py took 0.156 seconds
[2023-12-01T13:42:53.292+0300] {processor.py:157} INFO - Started process (PID=4378) to work on /home/petr/project/venv/lib/python3.10/site-packages/airflow/example_dags/example_branch_operator.py
[2023-12-01T13:42:53.307+0300] {processor.py:829} INFO - Processing file /home/petr/project/venv/lib/python3.10/site-packages/airflow/example_dags/example_branch_operator.py for tasks to queue
[2023-12-01T13:42:53.310+0300] {logging_mixin.py:154} INFO - [2023-12-01T13:42:53.309+0300] {dagbag.py:536} INFO - Filling up the DagBag from /home/petr/project/venv/lib/python3.10/site-packages/airflow/example_dags/example_branch_operator.py
[2023-12-01T13:42:53.356+0300] {processor.py:839} INFO - DAG(s) dict_keys(['example_branch_operator']) retrieved from /home/petr/project/venv/lib/python3.10/site-packages/airflow/example_dags/example_branch_operator.py
[2023-12-01T13:42:53.680+0300] {logging_mixin.py:154} INFO - [2023-12-01T13:42:53.680+0300] {dag.py:2941} INFO - Sync 1 DAGs
[2023-12-01T13:42:53.871+0300] {logging_mixin.py:154} INFO - [2023-12-01T13:42:53.871+0300] {dag.py:3722} INFO - Setting next_dagrun for example_branch_operator to 2023-11-30T00:00:00+00:00, run_after=2023-12-01T00:00:00+00:00
[2023-12-01T13:42:54.022+0300] {processor.py:179} INFO - Processing /home/petr/project/venv/lib/python3.10/site-packages/airflow/example_dags/example_branch_operator.py took 0.753 seconds
[2023-12-01T13:43:24.208+0300] {processor.py:157} INFO - Started process (PID=4474) to work on /home/petr/project/venv/lib/python3.10/site-packages/airflow/example_dags/example_branch_operator.py
[2023-12-01T13:43:24.209+0300] {processor.py:829} INFO - Processing file /home/petr/project/venv/lib/python3.10/site-packages/airflow/example_dags/example_branch_operator.py for tasks to queue
[2023-12-01T13:43:24.210+0300] {logging_mixin.py:154} INFO - [2023-12-01T13:43:24.209+0300] {dagbag.py:536} INFO - Filling up the DagBag from /home/petr/project/venv/lib/python3.10/site-packages/airflow/example_dags/example_branch_operator.py
[2023-12-01T13:43:24.232+0300] {processor.py:839} INFO - DAG(s) dict_keys(['example_branch_operator']) retrieved from /home/petr/project/venv/lib/python3.10/site-packages/airflow/example_dags/example_branch_operator.py
[2023-12-01T13:43:24.301+0300] {logging_mixin.py:154} INFO - [2023-12-01T13:43:24.301+0300] {dag.py:2941} INFO - Sync 1 DAGs
[2023-12-01T13:43:24.333+0300] {logging_mixin.py:154} INFO - [2023-12-01T13:43:24.333+0300] {dag.py:3722} INFO - Setting next_dagrun for example_branch_operator to 2023-11-30T00:00:00+00:00, run_after=2023-12-01T00:00:00+00:00
[2023-12-01T13:43:24.371+0300] {processor.py:179} INFO - Processing /home/petr/project/venv/lib/python3.10/site-packages/airflow/example_dags/example_branch_operator.py took 0.165 seconds
[2023-12-01T13:43:55.229+0300] {processor.py:157} INFO - Started process (PID=4574) to work on /home/petr/project/venv/lib/python3.10/site-packages/airflow/example_dags/example_branch_operator.py
[2023-12-01T13:43:55.242+0300] {processor.py:829} INFO - Processing file /home/petr/project/venv/lib/python3.10/site-packages/airflow/example_dags/example_branch_operator.py for tasks to queue
[2023-12-01T13:43:55.243+0300] {logging_mixin.py:154} INFO - [2023-12-01T13:43:55.243+0300] {dagbag.py:536} INFO - Filling up the DagBag from /home/petr/project/venv/lib/python3.10/site-packages/airflow/example_dags/example_branch_operator.py
[2023-12-01T13:43:55.264+0300] {processor.py:839} INFO - DAG(s) dict_keys(['example_branch_operator']) retrieved from /home/petr/project/venv/lib/python3.10/site-packages/airflow/example_dags/example_branch_operator.py
[2023-12-01T13:43:55.325+0300] {logging_mixin.py:154} INFO - [2023-12-01T13:43:55.325+0300] {dag.py:2941} INFO - Sync 1 DAGs
[2023-12-01T13:43:55.368+0300] {logging_mixin.py:154} INFO - [2023-12-01T13:43:55.368+0300] {dag.py:3722} INFO - Setting next_dagrun for example_branch_operator to 2023-11-30T00:00:00+00:00, run_after=2023-12-01T00:00:00+00:00
[2023-12-01T13:43:55.412+0300] {processor.py:179} INFO - Processing /home/petr/project/venv/lib/python3.10/site-packages/airflow/example_dags/example_branch_operator.py took 0.187 seconds
[2023-12-01T13:44:25.516+0300] {processor.py:157} INFO - Started process (PID=4674) to work on /home/petr/project/venv/lib/python3.10/site-packages/airflow/example_dags/example_branch_operator.py
[2023-12-01T13:44:25.517+0300] {processor.py:829} INFO - Processing file /home/petr/project/venv/lib/python3.10/site-packages/airflow/example_dags/example_branch_operator.py for tasks to queue
[2023-12-01T13:44:25.518+0300] {logging_mixin.py:154} INFO - [2023-12-01T13:44:25.518+0300] {dagbag.py:536} INFO - Filling up the DagBag from /home/petr/project/venv/lib/python3.10/site-packages/airflow/example_dags/example_branch_operator.py
[2023-12-01T13:44:25.536+0300] {processor.py:839} INFO - DAG(s) dict_keys(['example_branch_operator']) retrieved from /home/petr/project/venv/lib/python3.10/site-packages/airflow/example_dags/example_branch_operator.py
[2023-12-01T13:44:25.596+0300] {logging_mixin.py:154} INFO - [2023-12-01T13:44:25.596+0300] {dag.py:2941} INFO - Sync 1 DAGs
[2023-12-01T13:44:25.633+0300] {logging_mixin.py:154} INFO - [2023-12-01T13:44:25.633+0300] {dag.py:3722} INFO - Setting next_dagrun for example_branch_operator to 2023-11-30T00:00:00+00:00, run_after=2023-12-01T00:00:00+00:00
[2023-12-01T13:44:25.653+0300] {processor.py:179} INFO - Processing /home/petr/project/venv/lib/python3.10/site-packages/airflow/example_dags/example_branch_operator.py took 0.142 seconds
[2023-12-01T13:44:56.207+0300] {processor.py:157} INFO - Started process (PID=4784) to work on /home/petr/project/venv/lib/python3.10/site-packages/airflow/example_dags/example_branch_operator.py
[2023-12-01T13:44:56.219+0300] {processor.py:829} INFO - Processing file /home/petr/project/venv/lib/python3.10/site-packages/airflow/example_dags/example_branch_operator.py for tasks to queue
[2023-12-01T13:44:56.219+0300] {logging_mixin.py:154} INFO - [2023-12-01T13:44:56.219+0300] {dagbag.py:536} INFO - Filling up the DagBag from /home/petr/project/venv/lib/python3.10/site-packages/airflow/example_dags/example_branch_operator.py
[2023-12-01T13:44:56.226+0300] {processor.py:839} INFO - DAG(s) dict_keys(['example_branch_operator']) retrieved from /home/petr/project/venv/lib/python3.10/site-packages/airflow/example_dags/example_branch_operator.py
[2023-12-01T13:44:56.284+0300] {logging_mixin.py:154} INFO - [2023-12-01T13:44:56.284+0300] {dag.py:2941} INFO - Sync 1 DAGs
[2023-12-01T13:44:56.314+0300] {logging_mixin.py:154} INFO - [2023-12-01T13:44:56.314+0300] {dag.py:3722} INFO - Setting next_dagrun for example_branch_operator to 2023-11-30T00:00:00+00:00, run_after=2023-12-01T00:00:00+00:00
[2023-12-01T13:44:56.347+0300] {processor.py:179} INFO - Processing /home/petr/project/venv/lib/python3.10/site-packages/airflow/example_dags/example_branch_operator.py took 0.143 seconds
[2023-12-01T13:45:27.254+0300] {processor.py:157} INFO - Started process (PID=4902) to work on /home/petr/project/venv/lib/python3.10/site-packages/airflow/example_dags/example_branch_operator.py
[2023-12-01T13:45:27.256+0300] {processor.py:829} INFO - Processing file /home/petr/project/venv/lib/python3.10/site-packages/airflow/example_dags/example_branch_operator.py for tasks to queue
[2023-12-01T13:45:27.256+0300] {logging_mixin.py:154} INFO - [2023-12-01T13:45:27.256+0300] {dagbag.py:536} INFO - Filling up the DagBag from /home/petr/project/venv/lib/python3.10/site-packages/airflow/example_dags/example_branch_operator.py
[2023-12-01T13:45:27.271+0300] {processor.py:839} INFO - DAG(s) dict_keys(['example_branch_operator']) retrieved from /home/petr/project/venv/lib/python3.10/site-packages/airflow/example_dags/example_branch_operator.py
[2023-12-01T13:45:27.346+0300] {logging_mixin.py:154} INFO - [2023-12-01T13:45:27.345+0300] {dag.py:2941} INFO - Sync 1 DAGs
[2023-12-01T13:45:27.433+0300] {logging_mixin.py:154} INFO - [2023-12-01T13:45:27.433+0300] {dag.py:3722} INFO - Setting next_dagrun for example_branch_operator to 2023-11-30T00:00:00+00:00, run_after=2023-12-01T00:00:00+00:00
[2023-12-01T13:45:27.549+0300] {processor.py:179} INFO - Processing /home/petr/project/venv/lib/python3.10/site-packages/airflow/example_dags/example_branch_operator.py took 0.309 seconds
[2023-12-01T13:46:49.939+0300] {processor.py:157} INFO - Started process (PID=5013) to work on /home/petr/project/venv/lib/python3.10/site-packages/airflow/example_dags/example_branch_operator.py
[2023-12-01T13:46:49.943+0300] {processor.py:829} INFO - Processing file /home/petr/project/venv/lib/python3.10/site-packages/airflow/example_dags/example_branch_operator.py for tasks to queue
[2023-12-01T13:46:49.944+0300] {logging_mixin.py:154} INFO - [2023-12-01T13:46:49.944+0300] {dagbag.py:536} INFO - Filling up the DagBag from /home/petr/project/venv/lib/python3.10/site-packages/airflow/example_dags/example_branch_operator.py
[2023-12-01T13:46:49.971+0300] {processor.py:839} INFO - DAG(s) dict_keys(['example_branch_operator']) retrieved from /home/petr/project/venv/lib/python3.10/site-packages/airflow/example_dags/example_branch_operator.py
[2023-12-01T13:46:50.017+0300] {logging_mixin.py:154} INFO - [2023-12-01T13:46:50.017+0300] {dag.py:2941} INFO - Sync 1 DAGs
[2023-12-01T13:46:50.066+0300] {logging_mixin.py:154} INFO - [2023-12-01T13:46:50.065+0300] {dag.py:3722} INFO - Setting next_dagrun for example_branch_operator to 2023-11-30T00:00:00+00:00, run_after=2023-12-01T00:00:00+00:00
[2023-12-01T13:46:50.128+0300] {processor.py:179} INFO - Processing /home/petr/project/venv/lib/python3.10/site-packages/airflow/example_dags/example_branch_operator.py took 0.204 seconds
[2023-12-01T13:47:20.598+0300] {processor.py:157} INFO - Started process (PID=5117) to work on /home/petr/project/venv/lib/python3.10/site-packages/airflow/example_dags/example_branch_operator.py
[2023-12-01T13:47:20.605+0300] {processor.py:829} INFO - Processing file /home/petr/project/venv/lib/python3.10/site-packages/airflow/example_dags/example_branch_operator.py for tasks to queue
[2023-12-01T13:47:20.605+0300] {logging_mixin.py:154} INFO - [2023-12-01T13:47:20.605+0300] {dagbag.py:536} INFO - Filling up the DagBag from /home/petr/project/venv/lib/python3.10/site-packages/airflow/example_dags/example_branch_operator.py
[2023-12-01T13:47:20.612+0300] {processor.py:839} INFO - DAG(s) dict_keys(['example_branch_operator']) retrieved from /home/petr/project/venv/lib/python3.10/site-packages/airflow/example_dags/example_branch_operator.py
[2023-12-01T13:47:20.663+0300] {logging_mixin.py:154} INFO - [2023-12-01T13:47:20.663+0300] {dag.py:2941} INFO - Sync 1 DAGs
[2023-12-01T13:47:20.700+0300] {logging_mixin.py:154} INFO - [2023-12-01T13:47:20.700+0300] {dag.py:3722} INFO - Setting next_dagrun for example_branch_operator to 2023-11-30T00:00:00+00:00, run_after=2023-12-01T00:00:00+00:00
[2023-12-01T13:47:20.744+0300] {processor.py:179} INFO - Processing /home/petr/project/venv/lib/python3.10/site-packages/airflow/example_dags/example_branch_operator.py took 0.153 seconds
[2023-12-01T13:49:14.201+0300] {processor.py:157} INFO - Started process (PID=5391) to work on /home/petr/project/venv/lib/python3.10/site-packages/airflow/example_dags/example_branch_operator.py
[2023-12-01T13:49:14.207+0300] {processor.py:829} INFO - Processing file /home/petr/project/venv/lib/python3.10/site-packages/airflow/example_dags/example_branch_operator.py for tasks to queue
[2023-12-01T13:49:14.208+0300] {logging_mixin.py:154} INFO - [2023-12-01T13:49:14.207+0300] {dagbag.py:536} INFO - Filling up the DagBag from /home/petr/project/venv/lib/python3.10/site-packages/airflow/example_dags/example_branch_operator.py
[2023-12-01T13:49:14.221+0300] {processor.py:839} INFO - DAG(s) dict_keys(['example_branch_operator']) retrieved from /home/petr/project/venv/lib/python3.10/site-packages/airflow/example_dags/example_branch_operator.py
[2023-12-01T13:49:14.289+0300] {logging_mixin.py:154} INFO - [2023-12-01T13:49:14.289+0300] {dag.py:2941} INFO - Sync 1 DAGs
[2023-12-01T13:49:14.323+0300] {logging_mixin.py:154} INFO - [2023-12-01T13:49:14.323+0300] {dag.py:3722} INFO - Setting next_dagrun for example_branch_operator to 2023-11-30T00:00:00+00:00, run_after=2023-12-01T00:00:00+00:00
[2023-12-01T13:49:14.361+0300] {processor.py:179} INFO - Processing /home/petr/project/venv/lib/python3.10/site-packages/airflow/example_dags/example_branch_operator.py took 0.163 seconds
[2023-12-01T13:49:46.998+0300] {processor.py:157} INFO - Started process (PID=5491) to work on /home/petr/project/venv/lib/python3.10/site-packages/airflow/example_dags/example_branch_operator.py
[2023-12-01T13:49:47.000+0300] {processor.py:829} INFO - Processing file /home/petr/project/venv/lib/python3.10/site-packages/airflow/example_dags/example_branch_operator.py for tasks to queue
[2023-12-01T13:49:47.000+0300] {logging_mixin.py:154} INFO - [2023-12-01T13:49:47.000+0300] {dagbag.py:536} INFO - Filling up the DagBag from /home/petr/project/venv/lib/python3.10/site-packages/airflow/example_dags/example_branch_operator.py
[2023-12-01T13:49:47.010+0300] {processor.py:839} INFO - DAG(s) dict_keys(['example_branch_operator']) retrieved from /home/petr/project/venv/lib/python3.10/site-packages/airflow/example_dags/example_branch_operator.py
[2023-12-01T13:49:47.038+0300] {logging_mixin.py:154} INFO - [2023-12-01T13:49:47.038+0300] {dag.py:2941} INFO - Sync 1 DAGs
[2023-12-01T13:49:47.057+0300] {logging_mixin.py:154} INFO - [2023-12-01T13:49:47.057+0300] {dag.py:3722} INFO - Setting next_dagrun for example_branch_operator to 2023-11-30T00:00:00+00:00, run_after=2023-12-01T00:00:00+00:00
[2023-12-01T13:49:47.076+0300] {processor.py:179} INFO - Processing /home/petr/project/venv/lib/python3.10/site-packages/airflow/example_dags/example_branch_operator.py took 0.081 seconds
[2023-12-01T13:50:18.664+0300] {processor.py:157} INFO - Started process (PID=5601) to work on /home/petr/project/venv/lib/python3.10/site-packages/airflow/example_dags/example_branch_operator.py
[2023-12-01T13:50:18.671+0300] {processor.py:829} INFO - Processing file /home/petr/project/venv/lib/python3.10/site-packages/airflow/example_dags/example_branch_operator.py for tasks to queue
[2023-12-01T13:50:18.672+0300] {logging_mixin.py:154} INFO - [2023-12-01T13:50:18.672+0300] {dagbag.py:536} INFO - Filling up the DagBag from /home/petr/project/venv/lib/python3.10/site-packages/airflow/example_dags/example_branch_operator.py
[2023-12-01T13:50:18.684+0300] {processor.py:839} INFO - DAG(s) dict_keys(['example_branch_operator']) retrieved from /home/petr/project/venv/lib/python3.10/site-packages/airflow/example_dags/example_branch_operator.py
[2023-12-01T13:50:18.752+0300] {logging_mixin.py:154} INFO - [2023-12-01T13:50:18.752+0300] {dag.py:2941} INFO - Sync 1 DAGs
[2023-12-01T13:50:18.787+0300] {logging_mixin.py:154} INFO - [2023-12-01T13:50:18.787+0300] {dag.py:3722} INFO - Setting next_dagrun for example_branch_operator to 2023-11-30T00:00:00+00:00, run_after=2023-12-01T00:00:00+00:00
[2023-12-01T13:50:18.806+0300] {processor.py:179} INFO - Processing /home/petr/project/venv/lib/python3.10/site-packages/airflow/example_dags/example_branch_operator.py took 0.146 seconds
[2023-12-01T20:01:05.750+0300] {processor.py:157} INFO - Started process (PID=5983) to work on /home/petr/project/venv/lib/python3.10/site-packages/airflow/example_dags/example_branch_operator.py
[2023-12-01T20:01:05.765+0300] {processor.py:829} INFO - Processing file /home/petr/project/venv/lib/python3.10/site-packages/airflow/example_dags/example_branch_operator.py for tasks to queue
[2023-12-01T20:01:05.766+0300] {logging_mixin.py:154} INFO - [2023-12-01T20:01:05.766+0300] {dagbag.py:536} INFO - Filling up the DagBag from /home/petr/project/venv/lib/python3.10/site-packages/airflow/example_dags/example_branch_operator.py
[2023-12-01T20:01:05.811+0300] {processor.py:839} INFO - DAG(s) dict_keys(['example_branch_operator']) retrieved from /home/petr/project/venv/lib/python3.10/site-packages/airflow/example_dags/example_branch_operator.py
[2023-12-01T20:01:05.943+0300] {logging_mixin.py:154} INFO - [2023-12-01T20:01:05.943+0300] {dag.py:2941} INFO - Sync 1 DAGs
[2023-12-01T20:01:06.029+0300] {logging_mixin.py:154} INFO - [2023-12-01T20:01:06.029+0300] {dag.py:3722} INFO - Setting next_dagrun for example_branch_operator to 2023-11-30T00:00:00+00:00, run_after=2023-12-01T00:00:00+00:00
[2023-12-01T20:01:06.122+0300] {processor.py:179} INFO - Processing /home/petr/project/venv/lib/python3.10/site-packages/airflow/example_dags/example_branch_operator.py took 0.391 seconds
