[2023-12-01T13:38:11.463+0300] {processor.py:157} INFO - Started process (PID=3408) to work on /home/petr/project/venv/lib/python3.10/site-packages/airflow/example_dags/example_dynamic_task_mapping_with_no_taskflow_operators.py
[2023-12-01T13:38:11.463+0300] {processor.py:829} INFO - Processing file /home/petr/project/venv/lib/python3.10/site-packages/airflow/example_dags/example_dynamic_task_mapping_with_no_taskflow_operators.py for tasks to queue
[2023-12-01T13:38:11.464+0300] {logging_mixin.py:154} INFO - [2023-12-01T13:38:11.464+0300] {dagbag.py:536} INFO - Filling up the DagBag from /home/petr/project/venv/lib/python3.10/site-packages/airflow/example_dags/example_dynamic_task_mapping_with_no_taskflow_operators.py
[2023-12-01T13:38:11.483+0300] {processor.py:839} INFO - DAG(s) dict_keys(['example_dynamic_task_mapping_with_no_taskflow_operators']) retrieved from /home/petr/project/venv/lib/python3.10/site-packages/airflow/example_dags/example_dynamic_task_mapping_with_no_taskflow_operators.py
[2023-12-01T13:38:11.551+0300] {logging_mixin.py:154} INFO - [2023-12-01T13:38:11.550+0300] {dag.py:2941} INFO - Sync 1 DAGs
[2023-12-01T13:38:11.613+0300] {logging_mixin.py:154} INFO - [2023-12-01T13:38:11.613+0300] {dag.py:3722} INFO - Setting next_dagrun for example_dynamic_task_mapping_with_no_taskflow_operators to 2023-11-30T10:38:11.613455+00:00, run_after=2023-12-01T10:38:11.613455+00:00
[2023-12-01T13:38:11.690+0300] {processor.py:179} INFO - Processing /home/petr/project/venv/lib/python3.10/site-packages/airflow/example_dags/example_dynamic_task_mapping_with_no_taskflow_operators.py took 0.231 seconds
[2023-12-01T13:38:42.630+0300] {processor.py:157} INFO - Started process (PID=3512) to work on /home/petr/project/venv/lib/python3.10/site-packages/airflow/example_dags/example_dynamic_task_mapping_with_no_taskflow_operators.py
[2023-12-01T13:38:42.631+0300] {processor.py:829} INFO - Processing file /home/petr/project/venv/lib/python3.10/site-packages/airflow/example_dags/example_dynamic_task_mapping_with_no_taskflow_operators.py for tasks to queue
[2023-12-01T13:38:42.632+0300] {logging_mixin.py:154} INFO - [2023-12-01T13:38:42.632+0300] {dagbag.py:536} INFO - Filling up the DagBag from /home/petr/project/venv/lib/python3.10/site-packages/airflow/example_dags/example_dynamic_task_mapping_with_no_taskflow_operators.py
[2023-12-01T13:38:42.649+0300] {processor.py:839} INFO - DAG(s) dict_keys(['example_dynamic_task_mapping_with_no_taskflow_operators']) retrieved from /home/petr/project/venv/lib/python3.10/site-packages/airflow/example_dags/example_dynamic_task_mapping_with_no_taskflow_operators.py
[2023-12-01T13:38:42.719+0300] {logging_mixin.py:154} INFO - [2023-12-01T13:38:42.719+0300] {dag.py:2941} INFO - Sync 1 DAGs
[2023-12-01T13:38:42.837+0300] {logging_mixin.py:154} INFO - [2023-12-01T13:38:42.837+0300] {dag.py:3722} INFO - Setting next_dagrun for example_dynamic_task_mapping_with_no_taskflow_operators to 2023-11-30T10:38:42.837070+00:00, run_after=2023-12-01T10:38:42.837070+00:00
[2023-12-01T13:38:42.952+0300] {processor.py:179} INFO - Processing /home/petr/project/venv/lib/python3.10/site-packages/airflow/example_dags/example_dynamic_task_mapping_with_no_taskflow_operators.py took 0.324 seconds
[2023-12-01T13:39:13.434+0300] {processor.py:157} INFO - Started process (PID=3613) to work on /home/petr/project/venv/lib/python3.10/site-packages/airflow/example_dags/example_dynamic_task_mapping_with_no_taskflow_operators.py
[2023-12-01T13:39:13.436+0300] {processor.py:829} INFO - Processing file /home/petr/project/venv/lib/python3.10/site-packages/airflow/example_dags/example_dynamic_task_mapping_with_no_taskflow_operators.py for tasks to queue
[2023-12-01T13:39:13.436+0300] {logging_mixin.py:154} INFO - [2023-12-01T13:39:13.436+0300] {dagbag.py:536} INFO - Filling up the DagBag from /home/petr/project/venv/lib/python3.10/site-packages/airflow/example_dags/example_dynamic_task_mapping_with_no_taskflow_operators.py
[2023-12-01T13:39:13.442+0300] {processor.py:839} INFO - DAG(s) dict_keys(['example_dynamic_task_mapping_with_no_taskflow_operators']) retrieved from /home/petr/project/venv/lib/python3.10/site-packages/airflow/example_dags/example_dynamic_task_mapping_with_no_taskflow_operators.py
[2023-12-01T13:39:13.491+0300] {logging_mixin.py:154} INFO - [2023-12-01T13:39:13.491+0300] {dag.py:2941} INFO - Sync 1 DAGs
[2023-12-01T13:39:13.532+0300] {logging_mixin.py:154} INFO - [2023-12-01T13:39:13.532+0300] {dag.py:3722} INFO - Setting next_dagrun for example_dynamic_task_mapping_with_no_taskflow_operators to 2023-11-30T10:39:13.531827+00:00, run_after=2023-12-01T10:39:13.531827+00:00
[2023-12-01T13:39:13.563+0300] {processor.py:179} INFO - Processing /home/petr/project/venv/lib/python3.10/site-packages/airflow/example_dags/example_dynamic_task_mapping_with_no_taskflow_operators.py took 0.141 seconds
[2023-12-01T13:39:44.493+0300] {processor.py:157} INFO - Started process (PID=3730) to work on /home/petr/project/venv/lib/python3.10/site-packages/airflow/example_dags/example_dynamic_task_mapping_with_no_taskflow_operators.py
[2023-12-01T13:39:44.505+0300] {processor.py:829} INFO - Processing file /home/petr/project/venv/lib/python3.10/site-packages/airflow/example_dags/example_dynamic_task_mapping_with_no_taskflow_operators.py for tasks to queue
[2023-12-01T13:39:44.506+0300] {logging_mixin.py:154} INFO - [2023-12-01T13:39:44.506+0300] {dagbag.py:536} INFO - Filling up the DagBag from /home/petr/project/venv/lib/python3.10/site-packages/airflow/example_dags/example_dynamic_task_mapping_with_no_taskflow_operators.py
[2023-12-01T13:39:44.513+0300] {processor.py:839} INFO - DAG(s) dict_keys(['example_dynamic_task_mapping_with_no_taskflow_operators']) retrieved from /home/petr/project/venv/lib/python3.10/site-packages/airflow/example_dags/example_dynamic_task_mapping_with_no_taskflow_operators.py
[2023-12-01T13:39:44.562+0300] {logging_mixin.py:154} INFO - [2023-12-01T13:39:44.562+0300] {dag.py:2941} INFO - Sync 1 DAGs
[2023-12-01T13:39:44.606+0300] {logging_mixin.py:154} INFO - [2023-12-01T13:39:44.606+0300] {dag.py:3722} INFO - Setting next_dagrun for example_dynamic_task_mapping_with_no_taskflow_operators to 2023-11-30T10:39:44.606574+00:00, run_after=2023-12-01T10:39:44.606574+00:00
[2023-12-01T13:39:44.636+0300] {processor.py:179} INFO - Processing /home/petr/project/venv/lib/python3.10/site-packages/airflow/example_dags/example_dynamic_task_mapping_with_no_taskflow_operators.py took 0.146 seconds
[2023-12-01T13:40:17.434+0300] {processor.py:157} INFO - Started process (PID=3849) to work on /home/petr/project/venv/lib/python3.10/site-packages/airflow/example_dags/example_dynamic_task_mapping_with_no_taskflow_operators.py
[2023-12-01T13:40:17.440+0300] {processor.py:829} INFO - Processing file /home/petr/project/venv/lib/python3.10/site-packages/airflow/example_dags/example_dynamic_task_mapping_with_no_taskflow_operators.py for tasks to queue
[2023-12-01T13:40:17.441+0300] {logging_mixin.py:154} INFO - [2023-12-01T13:40:17.441+0300] {dagbag.py:536} INFO - Filling up the DagBag from /home/petr/project/venv/lib/python3.10/site-packages/airflow/example_dags/example_dynamic_task_mapping_with_no_taskflow_operators.py
[2023-12-01T13:40:17.461+0300] {processor.py:839} INFO - DAG(s) dict_keys(['example_dynamic_task_mapping_with_no_taskflow_operators']) retrieved from /home/petr/project/venv/lib/python3.10/site-packages/airflow/example_dags/example_dynamic_task_mapping_with_no_taskflow_operators.py
[2023-12-01T13:40:17.560+0300] {logging_mixin.py:154} INFO - [2023-12-01T13:40:17.560+0300] {dag.py:2941} INFO - Sync 1 DAGs
[2023-12-01T13:40:17.669+0300] {logging_mixin.py:154} INFO - [2023-12-01T13:40:17.668+0300] {dag.py:3722} INFO - Setting next_dagrun for example_dynamic_task_mapping_with_no_taskflow_operators to 2023-11-30T10:40:17.668444+00:00, run_after=2023-12-01T10:40:17.668444+00:00
[2023-12-01T13:40:17.749+0300] {processor.py:179} INFO - Processing /home/petr/project/venv/lib/python3.10/site-packages/airflow/example_dags/example_dynamic_task_mapping_with_no_taskflow_operators.py took 0.326 seconds
[2023-12-01T13:40:47.918+0300] {processor.py:157} INFO - Started process (PID=3952) to work on /home/petr/project/venv/lib/python3.10/site-packages/airflow/example_dags/example_dynamic_task_mapping_with_no_taskflow_operators.py
[2023-12-01T13:40:47.919+0300] {processor.py:829} INFO - Processing file /home/petr/project/venv/lib/python3.10/site-packages/airflow/example_dags/example_dynamic_task_mapping_with_no_taskflow_operators.py for tasks to queue
[2023-12-01T13:40:47.920+0300] {logging_mixin.py:154} INFO - [2023-12-01T13:40:47.920+0300] {dagbag.py:536} INFO - Filling up the DagBag from /home/petr/project/venv/lib/python3.10/site-packages/airflow/example_dags/example_dynamic_task_mapping_with_no_taskflow_operators.py
[2023-12-01T13:40:47.937+0300] {processor.py:839} INFO - DAG(s) dict_keys(['example_dynamic_task_mapping_with_no_taskflow_operators']) retrieved from /home/petr/project/venv/lib/python3.10/site-packages/airflow/example_dags/example_dynamic_task_mapping_with_no_taskflow_operators.py
[2023-12-01T13:40:47.986+0300] {logging_mixin.py:154} INFO - [2023-12-01T13:40:47.986+0300] {dag.py:2941} INFO - Sync 1 DAGs
[2023-12-01T13:40:48.027+0300] {logging_mixin.py:154} INFO - [2023-12-01T13:40:48.027+0300] {dag.py:3722} INFO - Setting next_dagrun for example_dynamic_task_mapping_with_no_taskflow_operators to 2023-11-30T10:40:48.026845+00:00, run_after=2023-12-01T10:40:48.026845+00:00
[2023-12-01T13:40:48.041+0300] {processor.py:179} INFO - Processing /home/petr/project/venv/lib/python3.10/site-packages/airflow/example_dags/example_dynamic_task_mapping_with_no_taskflow_operators.py took 0.127 seconds
[2023-12-01T13:41:19.119+0300] {processor.py:157} INFO - Started process (PID=4052) to work on /home/petr/project/venv/lib/python3.10/site-packages/airflow/example_dags/example_dynamic_task_mapping_with_no_taskflow_operators.py
[2023-12-01T13:41:19.121+0300] {processor.py:829} INFO - Processing file /home/petr/project/venv/lib/python3.10/site-packages/airflow/example_dags/example_dynamic_task_mapping_with_no_taskflow_operators.py for tasks to queue
[2023-12-01T13:41:19.122+0300] {logging_mixin.py:154} INFO - [2023-12-01T13:41:19.121+0300] {dagbag.py:536} INFO - Filling up the DagBag from /home/petr/project/venv/lib/python3.10/site-packages/airflow/example_dags/example_dynamic_task_mapping_with_no_taskflow_operators.py
[2023-12-01T13:41:19.128+0300] {processor.py:839} INFO - DAG(s) dict_keys(['example_dynamic_task_mapping_with_no_taskflow_operators']) retrieved from /home/petr/project/venv/lib/python3.10/site-packages/airflow/example_dags/example_dynamic_task_mapping_with_no_taskflow_operators.py
[2023-12-01T13:41:19.187+0300] {logging_mixin.py:154} INFO - [2023-12-01T13:41:19.187+0300] {dag.py:2941} INFO - Sync 1 DAGs
[2023-12-01T13:41:19.234+0300] {logging_mixin.py:154} INFO - [2023-12-01T13:41:19.233+0300] {dag.py:3722} INFO - Setting next_dagrun for example_dynamic_task_mapping_with_no_taskflow_operators to 2023-11-30T10:41:19.233764+00:00, run_after=2023-12-01T10:41:19.233764+00:00
[2023-12-01T13:41:19.282+0300] {processor.py:179} INFO - Processing /home/petr/project/venv/lib/python3.10/site-packages/airflow/example_dags/example_dynamic_task_mapping_with_no_taskflow_operators.py took 0.165 seconds
[2023-12-01T13:41:50.145+0300] {processor.py:157} INFO - Started process (PID=4155) to work on /home/petr/project/venv/lib/python3.10/site-packages/airflow/example_dags/example_dynamic_task_mapping_with_no_taskflow_operators.py
[2023-12-01T13:41:50.156+0300] {processor.py:829} INFO - Processing file /home/petr/project/venv/lib/python3.10/site-packages/airflow/example_dags/example_dynamic_task_mapping_with_no_taskflow_operators.py for tasks to queue
[2023-12-01T13:41:50.156+0300] {logging_mixin.py:154} INFO - [2023-12-01T13:41:50.156+0300] {dagbag.py:536} INFO - Filling up the DagBag from /home/petr/project/venv/lib/python3.10/site-packages/airflow/example_dags/example_dynamic_task_mapping_with_no_taskflow_operators.py
[2023-12-01T13:41:50.163+0300] {processor.py:839} INFO - DAG(s) dict_keys(['example_dynamic_task_mapping_with_no_taskflow_operators']) retrieved from /home/petr/project/venv/lib/python3.10/site-packages/airflow/example_dags/example_dynamic_task_mapping_with_no_taskflow_operators.py
[2023-12-01T13:41:50.231+0300] {logging_mixin.py:154} INFO - [2023-12-01T13:41:50.230+0300] {dag.py:2941} INFO - Sync 1 DAGs
[2023-12-01T13:41:50.272+0300] {logging_mixin.py:154} INFO - [2023-12-01T13:41:50.272+0300] {dag.py:3722} INFO - Setting next_dagrun for example_dynamic_task_mapping_with_no_taskflow_operators to 2023-11-30T10:41:50.272360+00:00, run_after=2023-12-01T10:41:50.272360+00:00
[2023-12-01T13:41:50.306+0300] {processor.py:179} INFO - Processing /home/petr/project/venv/lib/python3.10/site-packages/airflow/example_dags/example_dynamic_task_mapping_with_no_taskflow_operators.py took 0.165 seconds
[2023-12-01T13:42:21.001+0300] {processor.py:157} INFO - Started process (PID=4262) to work on /home/petr/project/venv/lib/python3.10/site-packages/airflow/example_dags/example_dynamic_task_mapping_with_no_taskflow_operators.py
[2023-12-01T13:42:21.026+0300] {processor.py:829} INFO - Processing file /home/petr/project/venv/lib/python3.10/site-packages/airflow/example_dags/example_dynamic_task_mapping_with_no_taskflow_operators.py for tasks to queue
[2023-12-01T13:42:21.027+0300] {logging_mixin.py:154} INFO - [2023-12-01T13:42:21.027+0300] {dagbag.py:536} INFO - Filling up the DagBag from /home/petr/project/venv/lib/python3.10/site-packages/airflow/example_dags/example_dynamic_task_mapping_with_no_taskflow_operators.py
[2023-12-01T13:42:21.043+0300] {processor.py:839} INFO - DAG(s) dict_keys(['example_dynamic_task_mapping_with_no_taskflow_operators']) retrieved from /home/petr/project/venv/lib/python3.10/site-packages/airflow/example_dags/example_dynamic_task_mapping_with_no_taskflow_operators.py
[2023-12-01T13:42:21.120+0300] {logging_mixin.py:154} INFO - [2023-12-01T13:42:21.120+0300] {dag.py:2941} INFO - Sync 1 DAGs
[2023-12-01T13:42:21.183+0300] {logging_mixin.py:154} INFO - [2023-12-01T13:42:21.182+0300] {dag.py:3722} INFO - Setting next_dagrun for example_dynamic_task_mapping_with_no_taskflow_operators to 2023-11-30T10:42:21.182623+00:00, run_after=2023-12-01T10:42:21.182623+00:00
[2023-12-01T13:42:21.235+0300] {processor.py:179} INFO - Processing /home/petr/project/venv/lib/python3.10/site-packages/airflow/example_dags/example_dynamic_task_mapping_with_no_taskflow_operators.py took 0.237 seconds
[2023-12-01T13:42:51.360+0300] {processor.py:157} INFO - Started process (PID=4366) to work on /home/petr/project/venv/lib/python3.10/site-packages/airflow/example_dags/example_dynamic_task_mapping_with_no_taskflow_operators.py
[2023-12-01T13:42:51.362+0300] {processor.py:829} INFO - Processing file /home/petr/project/venv/lib/python3.10/site-packages/airflow/example_dags/example_dynamic_task_mapping_with_no_taskflow_operators.py for tasks to queue
[2023-12-01T13:42:51.364+0300] {logging_mixin.py:154} INFO - [2023-12-01T13:42:51.363+0300] {dagbag.py:536} INFO - Filling up the DagBag from /home/petr/project/venv/lib/python3.10/site-packages/airflow/example_dags/example_dynamic_task_mapping_with_no_taskflow_operators.py
[2023-12-01T13:42:51.372+0300] {processor.py:839} INFO - DAG(s) dict_keys(['example_dynamic_task_mapping_with_no_taskflow_operators']) retrieved from /home/petr/project/venv/lib/python3.10/site-packages/airflow/example_dags/example_dynamic_task_mapping_with_no_taskflow_operators.py
[2023-12-01T13:42:51.412+0300] {logging_mixin.py:154} INFO - [2023-12-01T13:42:51.411+0300] {dag.py:2941} INFO - Sync 1 DAGs
[2023-12-01T13:42:51.474+0300] {logging_mixin.py:154} INFO - [2023-12-01T13:42:51.474+0300] {dag.py:3722} INFO - Setting next_dagrun for example_dynamic_task_mapping_with_no_taskflow_operators to 2023-11-30T10:42:51.473896+00:00, run_after=2023-12-01T10:42:51.473896+00:00
[2023-12-01T13:42:51.518+0300] {processor.py:179} INFO - Processing /home/petr/project/venv/lib/python3.10/site-packages/airflow/example_dags/example_dynamic_task_mapping_with_no_taskflow_operators.py took 0.162 seconds
[2023-12-01T13:43:21.728+0300] {processor.py:157} INFO - Started process (PID=4465) to work on /home/petr/project/venv/lib/python3.10/site-packages/airflow/example_dags/example_dynamic_task_mapping_with_no_taskflow_operators.py
[2023-12-01T13:43:21.742+0300] {processor.py:829} INFO - Processing file /home/petr/project/venv/lib/python3.10/site-packages/airflow/example_dags/example_dynamic_task_mapping_with_no_taskflow_operators.py for tasks to queue
[2023-12-01T13:43:21.743+0300] {logging_mixin.py:154} INFO - [2023-12-01T13:43:21.743+0300] {dagbag.py:536} INFO - Filling up the DagBag from /home/petr/project/venv/lib/python3.10/site-packages/airflow/example_dags/example_dynamic_task_mapping_with_no_taskflow_operators.py
[2023-12-01T13:43:21.749+0300] {processor.py:839} INFO - DAG(s) dict_keys(['example_dynamic_task_mapping_with_no_taskflow_operators']) retrieved from /home/petr/project/venv/lib/python3.10/site-packages/airflow/example_dags/example_dynamic_task_mapping_with_no_taskflow_operators.py
[2023-12-01T13:43:21.818+0300] {logging_mixin.py:154} INFO - [2023-12-01T13:43:21.817+0300] {dag.py:2941} INFO - Sync 1 DAGs
[2023-12-01T13:43:21.899+0300] {logging_mixin.py:154} INFO - [2023-12-01T13:43:21.899+0300] {dag.py:3722} INFO - Setting next_dagrun for example_dynamic_task_mapping_with_no_taskflow_operators to 2023-11-30T10:43:21.898542+00:00, run_after=2023-12-01T10:43:21.898542+00:00
[2023-12-01T13:43:21.994+0300] {processor.py:179} INFO - Processing /home/petr/project/venv/lib/python3.10/site-packages/airflow/example_dags/example_dynamic_task_mapping_with_no_taskflow_operators.py took 0.270 seconds
[2023-12-01T13:43:53.012+0300] {processor.py:157} INFO - Started process (PID=4567) to work on /home/petr/project/venv/lib/python3.10/site-packages/airflow/example_dags/example_dynamic_task_mapping_with_no_taskflow_operators.py
[2023-12-01T13:43:53.020+0300] {processor.py:829} INFO - Processing file /home/petr/project/venv/lib/python3.10/site-packages/airflow/example_dags/example_dynamic_task_mapping_with_no_taskflow_operators.py for tasks to queue
[2023-12-01T13:43:53.021+0300] {logging_mixin.py:154} INFO - [2023-12-01T13:43:53.021+0300] {dagbag.py:536} INFO - Filling up the DagBag from /home/petr/project/venv/lib/python3.10/site-packages/airflow/example_dags/example_dynamic_task_mapping_with_no_taskflow_operators.py
[2023-12-01T13:43:53.046+0300] {processor.py:839} INFO - DAG(s) dict_keys(['example_dynamic_task_mapping_with_no_taskflow_operators']) retrieved from /home/petr/project/venv/lib/python3.10/site-packages/airflow/example_dags/example_dynamic_task_mapping_with_no_taskflow_operators.py
[2023-12-01T13:43:53.094+0300] {logging_mixin.py:154} INFO - [2023-12-01T13:43:53.094+0300] {dag.py:2941} INFO - Sync 1 DAGs
[2023-12-01T13:43:53.124+0300] {logging_mixin.py:154} INFO - [2023-12-01T13:43:53.124+0300] {dag.py:3722} INFO - Setting next_dagrun for example_dynamic_task_mapping_with_no_taskflow_operators to 2023-11-30T10:43:53.124414+00:00, run_after=2023-12-01T10:43:53.124414+00:00
[2023-12-01T13:43:53.168+0300] {processor.py:179} INFO - Processing /home/petr/project/venv/lib/python3.10/site-packages/airflow/example_dags/example_dynamic_task_mapping_with_no_taskflow_operators.py took 0.159 seconds
[2023-12-01T13:44:23.297+0300] {processor.py:157} INFO - Started process (PID=4667) to work on /home/petr/project/venv/lib/python3.10/site-packages/airflow/example_dags/example_dynamic_task_mapping_with_no_taskflow_operators.py
[2023-12-01T13:44:23.307+0300] {processor.py:829} INFO - Processing file /home/petr/project/venv/lib/python3.10/site-packages/airflow/example_dags/example_dynamic_task_mapping_with_no_taskflow_operators.py for tasks to queue
[2023-12-01T13:44:23.319+0300] {logging_mixin.py:154} INFO - [2023-12-01T13:44:23.319+0300] {dagbag.py:536} INFO - Filling up the DagBag from /home/petr/project/venv/lib/python3.10/site-packages/airflow/example_dags/example_dynamic_task_mapping_with_no_taskflow_operators.py
[2023-12-01T13:44:23.337+0300] {processor.py:839} INFO - DAG(s) dict_keys(['example_dynamic_task_mapping_with_no_taskflow_operators']) retrieved from /home/petr/project/venv/lib/python3.10/site-packages/airflow/example_dags/example_dynamic_task_mapping_with_no_taskflow_operators.py
[2023-12-01T13:44:23.382+0300] {logging_mixin.py:154} INFO - [2023-12-01T13:44:23.382+0300] {dag.py:2941} INFO - Sync 1 DAGs
[2023-12-01T13:44:23.418+0300] {logging_mixin.py:154} INFO - [2023-12-01T13:44:23.418+0300] {dag.py:3722} INFO - Setting next_dagrun for example_dynamic_task_mapping_with_no_taskflow_operators to 2023-11-30T10:44:23.418361+00:00, run_after=2023-12-01T10:44:23.418361+00:00
[2023-12-01T13:44:23.450+0300] {processor.py:179} INFO - Processing /home/petr/project/venv/lib/python3.10/site-packages/airflow/example_dags/example_dynamic_task_mapping_with_no_taskflow_operators.py took 0.156 seconds
[2023-12-01T13:44:54.144+0300] {processor.py:157} INFO - Started process (PID=4773) to work on /home/petr/project/venv/lib/python3.10/site-packages/airflow/example_dags/example_dynamic_task_mapping_with_no_taskflow_operators.py
[2023-12-01T13:44:54.153+0300] {processor.py:829} INFO - Processing file /home/petr/project/venv/lib/python3.10/site-packages/airflow/example_dags/example_dynamic_task_mapping_with_no_taskflow_operators.py for tasks to queue
[2023-12-01T13:44:54.154+0300] {logging_mixin.py:154} INFO - [2023-12-01T13:44:54.154+0300] {dagbag.py:536} INFO - Filling up the DagBag from /home/petr/project/venv/lib/python3.10/site-packages/airflow/example_dags/example_dynamic_task_mapping_with_no_taskflow_operators.py
[2023-12-01T13:44:54.172+0300] {processor.py:839} INFO - DAG(s) dict_keys(['example_dynamic_task_mapping_with_no_taskflow_operators']) retrieved from /home/petr/project/venv/lib/python3.10/site-packages/airflow/example_dags/example_dynamic_task_mapping_with_no_taskflow_operators.py
[2023-12-01T13:44:54.243+0300] {logging_mixin.py:154} INFO - [2023-12-01T13:44:54.243+0300] {dag.py:2941} INFO - Sync 1 DAGs
[2023-12-01T13:44:54.282+0300] {logging_mixin.py:154} INFO - [2023-12-01T13:44:54.282+0300] {dag.py:3722} INFO - Setting next_dagrun for example_dynamic_task_mapping_with_no_taskflow_operators to 2023-11-30T10:44:54.281871+00:00, run_after=2023-12-01T10:44:54.281871+00:00
[2023-12-01T13:44:54.328+0300] {processor.py:179} INFO - Processing /home/petr/project/venv/lib/python3.10/site-packages/airflow/example_dags/example_dynamic_task_mapping_with_no_taskflow_operators.py took 0.187 seconds
[2023-12-01T13:45:24.961+0300] {processor.py:157} INFO - Started process (PID=4890) to work on /home/petr/project/venv/lib/python3.10/site-packages/airflow/example_dags/example_dynamic_task_mapping_with_no_taskflow_operators.py
[2023-12-01T13:45:24.963+0300] {processor.py:829} INFO - Processing file /home/petr/project/venv/lib/python3.10/site-packages/airflow/example_dags/example_dynamic_task_mapping_with_no_taskflow_operators.py for tasks to queue
[2023-12-01T13:45:24.964+0300] {logging_mixin.py:154} INFO - [2023-12-01T13:45:24.964+0300] {dagbag.py:536} INFO - Filling up the DagBag from /home/petr/project/venv/lib/python3.10/site-packages/airflow/example_dags/example_dynamic_task_mapping_with_no_taskflow_operators.py
[2023-12-01T13:45:24.992+0300] {processor.py:839} INFO - DAG(s) dict_keys(['example_dynamic_task_mapping_with_no_taskflow_operators']) retrieved from /home/petr/project/venv/lib/python3.10/site-packages/airflow/example_dags/example_dynamic_task_mapping_with_no_taskflow_operators.py
[2023-12-01T13:45:25.067+0300] {logging_mixin.py:154} INFO - [2023-12-01T13:45:25.067+0300] {dag.py:2941} INFO - Sync 1 DAGs
[2023-12-01T13:45:25.124+0300] {logging_mixin.py:154} INFO - [2023-12-01T13:45:25.124+0300] {dag.py:3722} INFO - Setting next_dagrun for example_dynamic_task_mapping_with_no_taskflow_operators to 2023-11-30T10:45:25.123399+00:00, run_after=2023-12-01T10:45:25.123399+00:00
[2023-12-01T13:45:25.183+0300] {processor.py:179} INFO - Processing /home/petr/project/venv/lib/python3.10/site-packages/airflow/example_dags/example_dynamic_task_mapping_with_no_taskflow_operators.py took 0.237 seconds
[2023-12-01T13:46:49.394+0300] {processor.py:157} INFO - Started process (PID=5002) to work on /home/petr/project/venv/lib/python3.10/site-packages/airflow/example_dags/example_dynamic_task_mapping_with_no_taskflow_operators.py
[2023-12-01T13:46:49.406+0300] {processor.py:829} INFO - Processing file /home/petr/project/venv/lib/python3.10/site-packages/airflow/example_dags/example_dynamic_task_mapping_with_no_taskflow_operators.py for tasks to queue
[2023-12-01T13:46:49.407+0300] {logging_mixin.py:154} INFO - [2023-12-01T13:46:49.407+0300] {dagbag.py:536} INFO - Filling up the DagBag from /home/petr/project/venv/lib/python3.10/site-packages/airflow/example_dags/example_dynamic_task_mapping_with_no_taskflow_operators.py
[2023-12-01T13:46:49.414+0300] {processor.py:839} INFO - DAG(s) dict_keys(['example_dynamic_task_mapping_with_no_taskflow_operators']) retrieved from /home/petr/project/venv/lib/python3.10/site-packages/airflow/example_dags/example_dynamic_task_mapping_with_no_taskflow_operators.py
[2023-12-01T13:46:49.468+0300] {logging_mixin.py:154} INFO - [2023-12-01T13:46:49.468+0300] {dag.py:2941} INFO - Sync 1 DAGs
[2023-12-01T13:46:49.506+0300] {logging_mixin.py:154} INFO - [2023-12-01T13:46:49.506+0300] {dag.py:3722} INFO - Setting next_dagrun for example_dynamic_task_mapping_with_no_taskflow_operators to 2023-11-30T10:46:49.505835+00:00, run_after=2023-12-01T10:46:49.505835+00:00
[2023-12-01T13:46:49.543+0300] {processor.py:179} INFO - Processing /home/petr/project/venv/lib/python3.10/site-packages/airflow/example_dags/example_dynamic_task_mapping_with_no_taskflow_operators.py took 0.159 seconds
[2023-12-01T13:47:20.110+0300] {processor.py:157} INFO - Started process (PID=5106) to work on /home/petr/project/venv/lib/python3.10/site-packages/airflow/example_dags/example_dynamic_task_mapping_with_no_taskflow_operators.py
[2023-12-01T13:47:20.115+0300] {processor.py:829} INFO - Processing file /home/petr/project/venv/lib/python3.10/site-packages/airflow/example_dags/example_dynamic_task_mapping_with_no_taskflow_operators.py for tasks to queue
[2023-12-01T13:47:20.116+0300] {logging_mixin.py:154} INFO - [2023-12-01T13:47:20.116+0300] {dagbag.py:536} INFO - Filling up the DagBag from /home/petr/project/venv/lib/python3.10/site-packages/airflow/example_dags/example_dynamic_task_mapping_with_no_taskflow_operators.py
[2023-12-01T13:47:20.126+0300] {processor.py:839} INFO - DAG(s) dict_keys(['example_dynamic_task_mapping_with_no_taskflow_operators']) retrieved from /home/petr/project/venv/lib/python3.10/site-packages/airflow/example_dags/example_dynamic_task_mapping_with_no_taskflow_operators.py
[2023-12-01T13:47:20.177+0300] {logging_mixin.py:154} INFO - [2023-12-01T13:47:20.177+0300] {dag.py:2941} INFO - Sync 1 DAGs
[2023-12-01T13:47:20.211+0300] {logging_mixin.py:154} INFO - [2023-12-01T13:47:20.211+0300] {dag.py:3722} INFO - Setting next_dagrun for example_dynamic_task_mapping_with_no_taskflow_operators to 2023-11-30T10:47:20.211278+00:00, run_after=2023-12-01T10:47:20.211278+00:00
[2023-12-01T13:47:20.242+0300] {processor.py:179} INFO - Processing /home/petr/project/venv/lib/python3.10/site-packages/airflow/example_dags/example_dynamic_task_mapping_with_no_taskflow_operators.py took 0.136 seconds
[2023-12-01T13:49:13.713+0300] {processor.py:157} INFO - Started process (PID=5381) to work on /home/petr/project/venv/lib/python3.10/site-packages/airflow/example_dags/example_dynamic_task_mapping_with_no_taskflow_operators.py
[2023-12-01T13:49:13.715+0300] {processor.py:829} INFO - Processing file /home/petr/project/venv/lib/python3.10/site-packages/airflow/example_dags/example_dynamic_task_mapping_with_no_taskflow_operators.py for tasks to queue
[2023-12-01T13:49:13.716+0300] {logging_mixin.py:154} INFO - [2023-12-01T13:49:13.715+0300] {dagbag.py:536} INFO - Filling up the DagBag from /home/petr/project/venv/lib/python3.10/site-packages/airflow/example_dags/example_dynamic_task_mapping_with_no_taskflow_operators.py
[2023-12-01T13:49:13.722+0300] {processor.py:839} INFO - DAG(s) dict_keys(['example_dynamic_task_mapping_with_no_taskflow_operators']) retrieved from /home/petr/project/venv/lib/python3.10/site-packages/airflow/example_dags/example_dynamic_task_mapping_with_no_taskflow_operators.py
[2023-12-01T13:49:13.775+0300] {logging_mixin.py:154} INFO - [2023-12-01T13:49:13.775+0300] {dag.py:2941} INFO - Sync 1 DAGs
[2023-12-01T13:49:13.824+0300] {logging_mixin.py:154} INFO - [2023-12-01T13:49:13.824+0300] {dag.py:3722} INFO - Setting next_dagrun for example_dynamic_task_mapping_with_no_taskflow_operators to 2023-11-30T10:49:13.823801+00:00, run_after=2023-12-01T10:49:13.823801+00:00
[2023-12-01T13:49:13.860+0300] {processor.py:179} INFO - Processing /home/petr/project/venv/lib/python3.10/site-packages/airflow/example_dags/example_dynamic_task_mapping_with_no_taskflow_operators.py took 0.150 seconds
[2023-12-01T13:49:46.342+0300] {processor.py:157} INFO - Started process (PID=5481) to work on /home/petr/project/venv/lib/python3.10/site-packages/airflow/example_dags/example_dynamic_task_mapping_with_no_taskflow_operators.py
[2023-12-01T13:49:46.350+0300] {processor.py:829} INFO - Processing file /home/petr/project/venv/lib/python3.10/site-packages/airflow/example_dags/example_dynamic_task_mapping_with_no_taskflow_operators.py for tasks to queue
[2023-12-01T13:49:46.351+0300] {logging_mixin.py:154} INFO - [2023-12-01T13:49:46.351+0300] {dagbag.py:536} INFO - Filling up the DagBag from /home/petr/project/venv/lib/python3.10/site-packages/airflow/example_dags/example_dynamic_task_mapping_with_no_taskflow_operators.py
[2023-12-01T13:49:46.358+0300] {processor.py:839} INFO - DAG(s) dict_keys(['example_dynamic_task_mapping_with_no_taskflow_operators']) retrieved from /home/petr/project/venv/lib/python3.10/site-packages/airflow/example_dags/example_dynamic_task_mapping_with_no_taskflow_operators.py
[2023-12-01T13:49:46.406+0300] {logging_mixin.py:154} INFO - [2023-12-01T13:49:46.406+0300] {dag.py:2941} INFO - Sync 1 DAGs
[2023-12-01T13:49:46.469+0300] {logging_mixin.py:154} INFO - [2023-12-01T13:49:46.469+0300] {dag.py:3722} INFO - Setting next_dagrun for example_dynamic_task_mapping_with_no_taskflow_operators to 2023-11-30T10:49:46.469098+00:00, run_after=2023-12-01T10:49:46.469098+00:00
[2023-12-01T13:49:46.571+0300] {processor.py:179} INFO - Processing /home/petr/project/venv/lib/python3.10/site-packages/airflow/example_dags/example_dynamic_task_mapping_with_no_taskflow_operators.py took 0.232 seconds
[2023-12-01T13:50:17.851+0300] {processor.py:157} INFO - Started process (PID=5591) to work on /home/petr/project/venv/lib/python3.10/site-packages/airflow/example_dags/example_dynamic_task_mapping_with_no_taskflow_operators.py
[2023-12-01T13:50:17.858+0300] {processor.py:829} INFO - Processing file /home/petr/project/venv/lib/python3.10/site-packages/airflow/example_dags/example_dynamic_task_mapping_with_no_taskflow_operators.py for tasks to queue
[2023-12-01T13:50:17.859+0300] {logging_mixin.py:154} INFO - [2023-12-01T13:50:17.859+0300] {dagbag.py:536} INFO - Filling up the DagBag from /home/petr/project/venv/lib/python3.10/site-packages/airflow/example_dags/example_dynamic_task_mapping_with_no_taskflow_operators.py
[2023-12-01T13:50:17.880+0300] {processor.py:839} INFO - DAG(s) dict_keys(['example_dynamic_task_mapping_with_no_taskflow_operators']) retrieved from /home/petr/project/venv/lib/python3.10/site-packages/airflow/example_dags/example_dynamic_task_mapping_with_no_taskflow_operators.py
[2023-12-01T13:50:17.979+0300] {logging_mixin.py:154} INFO - [2023-12-01T13:50:17.979+0300] {dag.py:2941} INFO - Sync 1 DAGs
[2023-12-01T13:50:18.079+0300] {logging_mixin.py:154} INFO - [2023-12-01T13:50:18.079+0300] {dag.py:3722} INFO - Setting next_dagrun for example_dynamic_task_mapping_with_no_taskflow_operators to 2023-11-30T10:50:18.078891+00:00, run_after=2023-12-01T10:50:18.078891+00:00
[2023-12-01T13:50:18.163+0300] {processor.py:179} INFO - Processing /home/petr/project/venv/lib/python3.10/site-packages/airflow/example_dags/example_dynamic_task_mapping_with_no_taskflow_operators.py took 0.315 seconds
[2023-12-01T20:01:04.498+0300] {processor.py:157} INFO - Started process (PID=5972) to work on /home/petr/project/venv/lib/python3.10/site-packages/airflow/example_dags/example_dynamic_task_mapping_with_no_taskflow_operators.py
[2023-12-01T20:01:04.508+0300] {processor.py:829} INFO - Processing file /home/petr/project/venv/lib/python3.10/site-packages/airflow/example_dags/example_dynamic_task_mapping_with_no_taskflow_operators.py for tasks to queue
[2023-12-01T20:01:04.510+0300] {logging_mixin.py:154} INFO - [2023-12-01T20:01:04.509+0300] {dagbag.py:536} INFO - Filling up the DagBag from /home/petr/project/venv/lib/python3.10/site-packages/airflow/example_dags/example_dynamic_task_mapping_with_no_taskflow_operators.py
[2023-12-01T20:01:04.545+0300] {processor.py:839} INFO - DAG(s) dict_keys(['example_dynamic_task_mapping_with_no_taskflow_operators']) retrieved from /home/petr/project/venv/lib/python3.10/site-packages/airflow/example_dags/example_dynamic_task_mapping_with_no_taskflow_operators.py
[2023-12-01T20:01:04.677+0300] {logging_mixin.py:154} INFO - [2023-12-01T20:01:04.676+0300] {dag.py:2941} INFO - Sync 1 DAGs
[2023-12-01T20:01:04.781+0300] {logging_mixin.py:154} INFO - [2023-12-01T20:01:04.781+0300] {dag.py:3722} INFO - Setting next_dagrun for example_dynamic_task_mapping_with_no_taskflow_operators to 2023-11-30T17:01:04.780708+00:00, run_after=2023-12-01T17:01:04.780708+00:00
[2023-12-01T20:01:04.856+0300] {processor.py:179} INFO - Processing /home/petr/project/venv/lib/python3.10/site-packages/airflow/example_dags/example_dynamic_task_mapping_with_no_taskflow_operators.py took 0.371 seconds
