[2023-12-01T13:38:05.406+0300] {processor.py:157} INFO - Started process (PID=3342) to work on /home/petr/project/venv/lib/python3.10/site-packages/airflow/example_dags/example_setup_teardown_taskflow.py
[2023-12-01T13:38:05.407+0300] {processor.py:829} INFO - Processing file /home/petr/project/venv/lib/python3.10/site-packages/airflow/example_dags/example_setup_teardown_taskflow.py for tasks to queue
[2023-12-01T13:38:05.408+0300] {logging_mixin.py:154} INFO - [2023-12-01T13:38:05.407+0300] {dagbag.py:536} INFO - Filling up the DagBag from /home/petr/project/venv/lib/python3.10/site-packages/airflow/example_dags/example_setup_teardown_taskflow.py
[2023-12-01T13:38:05.428+0300] {processor.py:839} INFO - DAG(s) dict_keys(['example_setup_teardown_taskflow']) retrieved from /home/petr/project/venv/lib/python3.10/site-packages/airflow/example_dags/example_setup_teardown_taskflow.py
[2023-12-01T13:38:05.488+0300] {logging_mixin.py:154} INFO - [2023-12-01T13:38:05.488+0300] {dag.py:2941} INFO - Sync 1 DAGs
[2023-12-01T13:38:05.525+0300] {logging_mixin.py:154} INFO - [2023-12-01T13:38:05.525+0300] {dag.py:3722} INFO - Setting next_dagrun for example_setup_teardown_taskflow to 2023-11-30T10:38:05.524904+00:00, run_after=2023-12-01T10:38:05.524904+00:00
[2023-12-01T13:38:05.556+0300] {processor.py:179} INFO - Processing /home/petr/project/venv/lib/python3.10/site-packages/airflow/example_dags/example_setup_teardown_taskflow.py took 0.152 seconds
[2023-12-01T13:38:35.833+0300] {processor.py:157} INFO - Started process (PID=3445) to work on /home/petr/project/venv/lib/python3.10/site-packages/airflow/example_dags/example_setup_teardown_taskflow.py
[2023-12-01T13:38:35.835+0300] {processor.py:829} INFO - Processing file /home/petr/project/venv/lib/python3.10/site-packages/airflow/example_dags/example_setup_teardown_taskflow.py for tasks to queue
[2023-12-01T13:38:35.836+0300] {logging_mixin.py:154} INFO - [2023-12-01T13:38:35.836+0300] {dagbag.py:536} INFO - Filling up the DagBag from /home/petr/project/venv/lib/python3.10/site-packages/airflow/example_dags/example_setup_teardown_taskflow.py
[2023-12-01T13:38:35.915+0300] {processor.py:839} INFO - DAG(s) dict_keys(['example_setup_teardown_taskflow']) retrieved from /home/petr/project/venv/lib/python3.10/site-packages/airflow/example_dags/example_setup_teardown_taskflow.py
[2023-12-01T13:38:36.042+0300] {logging_mixin.py:154} INFO - [2023-12-01T13:38:36.041+0300] {dag.py:2941} INFO - Sync 1 DAGs
[2023-12-01T13:38:36.114+0300] {logging_mixin.py:154} INFO - [2023-12-01T13:38:36.114+0300] {dag.py:3722} INFO - Setting next_dagrun for example_setup_teardown_taskflow to 2023-11-30T10:38:36.114348+00:00, run_after=2023-12-01T10:38:36.114348+00:00
[2023-12-01T13:38:36.199+0300] {processor.py:179} INFO - Processing /home/petr/project/venv/lib/python3.10/site-packages/airflow/example_dags/example_setup_teardown_taskflow.py took 0.370 seconds
[2023-12-01T13:39:06.267+0300] {processor.py:157} INFO - Started process (PID=3546) to work on /home/petr/project/venv/lib/python3.10/site-packages/airflow/example_dags/example_setup_teardown_taskflow.py
[2023-12-01T13:39:06.280+0300] {processor.py:829} INFO - Processing file /home/petr/project/venv/lib/python3.10/site-packages/airflow/example_dags/example_setup_teardown_taskflow.py for tasks to queue
[2023-12-01T13:39:06.281+0300] {logging_mixin.py:154} INFO - [2023-12-01T13:39:06.281+0300] {dagbag.py:536} INFO - Filling up the DagBag from /home/petr/project/venv/lib/python3.10/site-packages/airflow/example_dags/example_setup_teardown_taskflow.py
[2023-12-01T13:39:06.289+0300] {processor.py:839} INFO - DAG(s) dict_keys(['example_setup_teardown_taskflow']) retrieved from /home/petr/project/venv/lib/python3.10/site-packages/airflow/example_dags/example_setup_teardown_taskflow.py
[2023-12-01T13:39:06.345+0300] {logging_mixin.py:154} INFO - [2023-12-01T13:39:06.344+0300] {dag.py:2941} INFO - Sync 1 DAGs
[2023-12-01T13:39:06.380+0300] {logging_mixin.py:154} INFO - [2023-12-01T13:39:06.380+0300] {dag.py:3722} INFO - Setting next_dagrun for example_setup_teardown_taskflow to 2023-11-30T10:39:06.380613+00:00, run_after=2023-12-01T10:39:06.380613+00:00
[2023-12-01T13:39:06.424+0300] {processor.py:179} INFO - Processing /home/petr/project/venv/lib/python3.10/site-packages/airflow/example_dags/example_setup_teardown_taskflow.py took 0.159 seconds
[2023-12-01T13:39:37.405+0300] {processor.py:157} INFO - Started process (PID=3654) to work on /home/petr/project/venv/lib/python3.10/site-packages/airflow/example_dags/example_setup_teardown_taskflow.py
[2023-12-01T13:39:37.406+0300] {processor.py:829} INFO - Processing file /home/petr/project/venv/lib/python3.10/site-packages/airflow/example_dags/example_setup_teardown_taskflow.py for tasks to queue
[2023-12-01T13:39:37.406+0300] {logging_mixin.py:154} INFO - [2023-12-01T13:39:37.406+0300] {dagbag.py:536} INFO - Filling up the DagBag from /home/petr/project/venv/lib/python3.10/site-packages/airflow/example_dags/example_setup_teardown_taskflow.py
[2023-12-01T13:39:37.426+0300] {processor.py:839} INFO - DAG(s) dict_keys(['example_setup_teardown_taskflow']) retrieved from /home/petr/project/venv/lib/python3.10/site-packages/airflow/example_dags/example_setup_teardown_taskflow.py
[2023-12-01T13:39:37.470+0300] {logging_mixin.py:154} INFO - [2023-12-01T13:39:37.470+0300] {dag.py:2941} INFO - Sync 1 DAGs
[2023-12-01T13:39:37.487+0300] {logging_mixin.py:154} INFO - [2023-12-01T13:39:37.487+0300] {dag.py:3722} INFO - Setting next_dagrun for example_setup_teardown_taskflow to 2023-11-30T10:39:37.487057+00:00, run_after=2023-12-01T10:39:37.487057+00:00
[2023-12-01T13:39:37.505+0300] {processor.py:179} INFO - Processing /home/petr/project/venv/lib/python3.10/site-packages/airflow/example_dags/example_setup_teardown_taskflow.py took 0.102 seconds
[2023-12-01T13:40:09.096+0300] {processor.py:157} INFO - Started process (PID=3782) to work on /home/petr/project/venv/lib/python3.10/site-packages/airflow/example_dags/example_setup_teardown_taskflow.py
[2023-12-01T13:40:09.105+0300] {processor.py:829} INFO - Processing file /home/petr/project/venv/lib/python3.10/site-packages/airflow/example_dags/example_setup_teardown_taskflow.py for tasks to queue
[2023-12-01T13:40:09.105+0300] {logging_mixin.py:154} INFO - [2023-12-01T13:40:09.105+0300] {dagbag.py:536} INFO - Filling up the DagBag from /home/petr/project/venv/lib/python3.10/site-packages/airflow/example_dags/example_setup_teardown_taskflow.py
[2023-12-01T13:40:09.141+0300] {processor.py:839} INFO - DAG(s) dict_keys(['example_setup_teardown_taskflow']) retrieved from /home/petr/project/venv/lib/python3.10/site-packages/airflow/example_dags/example_setup_teardown_taskflow.py
[2023-12-01T13:40:09.214+0300] {logging_mixin.py:154} INFO - [2023-12-01T13:40:09.214+0300] {dag.py:2941} INFO - Sync 1 DAGs
[2023-12-01T13:40:09.333+0300] {logging_mixin.py:154} INFO - [2023-12-01T13:40:09.332+0300] {dag.py:3722} INFO - Setting next_dagrun for example_setup_teardown_taskflow to 2023-11-30T10:40:09.332662+00:00, run_after=2023-12-01T10:40:09.332662+00:00
[2023-12-01T13:40:09.423+0300] {processor.py:179} INFO - Processing /home/petr/project/venv/lib/python3.10/site-packages/airflow/example_dags/example_setup_teardown_taskflow.py took 0.331 seconds
[2023-12-01T13:40:40.058+0300] {processor.py:157} INFO - Started process (PID=3887) to work on /home/petr/project/venv/lib/python3.10/site-packages/airflow/example_dags/example_setup_teardown_taskflow.py
[2023-12-01T13:40:40.058+0300] {processor.py:829} INFO - Processing file /home/petr/project/venv/lib/python3.10/site-packages/airflow/example_dags/example_setup_teardown_taskflow.py for tasks to queue
[2023-12-01T13:40:40.059+0300] {logging_mixin.py:154} INFO - [2023-12-01T13:40:40.059+0300] {dagbag.py:536} INFO - Filling up the DagBag from /home/petr/project/venv/lib/python3.10/site-packages/airflow/example_dags/example_setup_teardown_taskflow.py
[2023-12-01T13:40:40.077+0300] {processor.py:839} INFO - DAG(s) dict_keys(['example_setup_teardown_taskflow']) retrieved from /home/petr/project/venv/lib/python3.10/site-packages/airflow/example_dags/example_setup_teardown_taskflow.py
[2023-12-01T13:40:40.132+0300] {logging_mixin.py:154} INFO - [2023-12-01T13:40:40.132+0300] {dag.py:2941} INFO - Sync 1 DAGs
[2023-12-01T13:40:40.163+0300] {logging_mixin.py:154} INFO - [2023-12-01T13:40:40.162+0300] {dag.py:3722} INFO - Setting next_dagrun for example_setup_teardown_taskflow to 2023-11-30T10:40:40.162751+00:00, run_after=2023-12-01T10:40:40.162751+00:00
[2023-12-01T13:40:40.205+0300] {processor.py:179} INFO - Processing /home/petr/project/venv/lib/python3.10/site-packages/airflow/example_dags/example_setup_teardown_taskflow.py took 0.155 seconds
[2023-12-01T13:41:10.410+0300] {processor.py:157} INFO - Started process (PID=3986) to work on /home/petr/project/venv/lib/python3.10/site-packages/airflow/example_dags/example_setup_teardown_taskflow.py
[2023-12-01T13:41:10.412+0300] {processor.py:829} INFO - Processing file /home/petr/project/venv/lib/python3.10/site-packages/airflow/example_dags/example_setup_teardown_taskflow.py for tasks to queue
[2023-12-01T13:41:10.412+0300] {logging_mixin.py:154} INFO - [2023-12-01T13:41:10.412+0300] {dagbag.py:536} INFO - Filling up the DagBag from /home/petr/project/venv/lib/python3.10/site-packages/airflow/example_dags/example_setup_teardown_taskflow.py
[2023-12-01T13:41:10.430+0300] {processor.py:839} INFO - DAG(s) dict_keys(['example_setup_teardown_taskflow']) retrieved from /home/petr/project/venv/lib/python3.10/site-packages/airflow/example_dags/example_setup_teardown_taskflow.py
[2023-12-01T13:41:10.504+0300] {logging_mixin.py:154} INFO - [2023-12-01T13:41:10.504+0300] {dag.py:2941} INFO - Sync 1 DAGs
[2023-12-01T13:41:10.550+0300] {logging_mixin.py:154} INFO - [2023-12-01T13:41:10.550+0300] {dag.py:3722} INFO - Setting next_dagrun for example_setup_teardown_taskflow to 2023-11-30T10:41:10.549904+00:00, run_after=2023-12-01T10:41:10.549904+00:00
[2023-12-01T13:41:10.584+0300] {processor.py:179} INFO - Processing /home/petr/project/venv/lib/python3.10/site-packages/airflow/example_dags/example_setup_teardown_taskflow.py took 0.196 seconds
[2023-12-01T13:41:41.266+0300] {processor.py:157} INFO - Started process (PID=4091) to work on /home/petr/project/venv/lib/python3.10/site-packages/airflow/example_dags/example_setup_teardown_taskflow.py
[2023-12-01T13:41:41.266+0300] {processor.py:829} INFO - Processing file /home/petr/project/venv/lib/python3.10/site-packages/airflow/example_dags/example_setup_teardown_taskflow.py for tasks to queue
[2023-12-01T13:41:41.267+0300] {logging_mixin.py:154} INFO - [2023-12-01T13:41:41.267+0300] {dagbag.py:536} INFO - Filling up the DagBag from /home/petr/project/venv/lib/python3.10/site-packages/airflow/example_dags/example_setup_teardown_taskflow.py
[2023-12-01T13:41:41.288+0300] {processor.py:839} INFO - DAG(s) dict_keys(['example_setup_teardown_taskflow']) retrieved from /home/petr/project/venv/lib/python3.10/site-packages/airflow/example_dags/example_setup_teardown_taskflow.py
[2023-12-01T13:41:41.353+0300] {logging_mixin.py:154} INFO - [2023-12-01T13:41:41.353+0300] {dag.py:2941} INFO - Sync 1 DAGs
[2023-12-01T13:41:41.393+0300] {logging_mixin.py:154} INFO - [2023-12-01T13:41:41.393+0300] {dag.py:3722} INFO - Setting next_dagrun for example_setup_teardown_taskflow to 2023-11-30T10:41:41.392968+00:00, run_after=2023-12-01T10:41:41.392968+00:00
[2023-12-01T13:41:41.455+0300] {processor.py:179} INFO - Processing /home/petr/project/venv/lib/python3.10/site-packages/airflow/example_dags/example_setup_teardown_taskflow.py took 0.193 seconds
[2023-12-01T13:42:11.644+0300] {processor.py:157} INFO - Started process (PID=4197) to work on /home/petr/project/venv/lib/python3.10/site-packages/airflow/example_dags/example_setup_teardown_taskflow.py
[2023-12-01T13:42:11.654+0300] {processor.py:829} INFO - Processing file /home/petr/project/venv/lib/python3.10/site-packages/airflow/example_dags/example_setup_teardown_taskflow.py for tasks to queue
[2023-12-01T13:42:11.656+0300] {logging_mixin.py:154} INFO - [2023-12-01T13:42:11.656+0300] {dagbag.py:536} INFO - Filling up the DagBag from /home/petr/project/venv/lib/python3.10/site-packages/airflow/example_dags/example_setup_teardown_taskflow.py
[2023-12-01T13:42:11.683+0300] {processor.py:839} INFO - DAG(s) dict_keys(['example_setup_teardown_taskflow']) retrieved from /home/petr/project/venv/lib/python3.10/site-packages/airflow/example_dags/example_setup_teardown_taskflow.py
[2023-12-01T13:42:11.732+0300] {logging_mixin.py:154} INFO - [2023-12-01T13:42:11.731+0300] {dag.py:2941} INFO - Sync 1 DAGs
[2023-12-01T13:42:11.764+0300] {logging_mixin.py:154} INFO - [2023-12-01T13:42:11.764+0300] {dag.py:3722} INFO - Setting next_dagrun for example_setup_teardown_taskflow to 2023-11-30T10:42:11.764250+00:00, run_after=2023-12-01T10:42:11.764250+00:00
[2023-12-01T13:42:11.806+0300] {processor.py:179} INFO - Processing /home/petr/project/venv/lib/python3.10/site-packages/airflow/example_dags/example_setup_teardown_taskflow.py took 0.178 seconds
[2023-12-01T13:42:42.482+0300] {processor.py:157} INFO - Started process (PID=4302) to work on /home/petr/project/venv/lib/python3.10/site-packages/airflow/example_dags/example_setup_teardown_taskflow.py
[2023-12-01T13:42:42.486+0300] {processor.py:829} INFO - Processing file /home/petr/project/venv/lib/python3.10/site-packages/airflow/example_dags/example_setup_teardown_taskflow.py for tasks to queue
[2023-12-01T13:42:42.486+0300] {logging_mixin.py:154} INFO - [2023-12-01T13:42:42.486+0300] {dagbag.py:536} INFO - Filling up the DagBag from /home/petr/project/venv/lib/python3.10/site-packages/airflow/example_dags/example_setup_teardown_taskflow.py
[2023-12-01T13:42:42.497+0300] {processor.py:839} INFO - DAG(s) dict_keys(['example_setup_teardown_taskflow']) retrieved from /home/petr/project/venv/lib/python3.10/site-packages/airflow/example_dags/example_setup_teardown_taskflow.py
[2023-12-01T13:42:42.562+0300] {logging_mixin.py:154} INFO - [2023-12-01T13:42:42.562+0300] {dag.py:2941} INFO - Sync 1 DAGs
[2023-12-01T13:42:42.591+0300] {logging_mixin.py:154} INFO - [2023-12-01T13:42:42.591+0300] {dag.py:3722} INFO - Setting next_dagrun for example_setup_teardown_taskflow to 2023-11-30T10:42:42.590856+00:00, run_after=2023-12-01T10:42:42.590856+00:00
[2023-12-01T13:42:42.622+0300] {processor.py:179} INFO - Processing /home/petr/project/venv/lib/python3.10/site-packages/airflow/example_dags/example_setup_teardown_taskflow.py took 0.148 seconds
[2023-12-01T13:43:13.578+0300] {processor.py:157} INFO - Started process (PID=4401) to work on /home/petr/project/venv/lib/python3.10/site-packages/airflow/example_dags/example_setup_teardown_taskflow.py
[2023-12-01T13:43:13.585+0300] {processor.py:829} INFO - Processing file /home/petr/project/venv/lib/python3.10/site-packages/airflow/example_dags/example_setup_teardown_taskflow.py for tasks to queue
[2023-12-01T13:43:13.585+0300] {logging_mixin.py:154} INFO - [2023-12-01T13:43:13.585+0300] {dagbag.py:536} INFO - Filling up the DagBag from /home/petr/project/venv/lib/python3.10/site-packages/airflow/example_dags/example_setup_teardown_taskflow.py
[2023-12-01T13:43:13.594+0300] {processor.py:839} INFO - DAG(s) dict_keys(['example_setup_teardown_taskflow']) retrieved from /home/petr/project/venv/lib/python3.10/site-packages/airflow/example_dags/example_setup_teardown_taskflow.py
[2023-12-01T13:43:13.650+0300] {logging_mixin.py:154} INFO - [2023-12-01T13:43:13.650+0300] {dag.py:2941} INFO - Sync 1 DAGs
[2023-12-01T13:43:13.678+0300] {logging_mixin.py:154} INFO - [2023-12-01T13:43:13.678+0300] {dag.py:3722} INFO - Setting next_dagrun for example_setup_teardown_taskflow to 2023-11-30T10:43:13.678182+00:00, run_after=2023-12-01T10:43:13.678182+00:00
[2023-12-01T13:43:13.719+0300] {processor.py:179} INFO - Processing /home/petr/project/venv/lib/python3.10/site-packages/airflow/example_dags/example_setup_teardown_taskflow.py took 0.144 seconds
[2023-12-01T13:43:45.173+0300] {processor.py:157} INFO - Started process (PID=4501) to work on /home/petr/project/venv/lib/python3.10/site-packages/airflow/example_dags/example_setup_teardown_taskflow.py
[2023-12-01T13:43:45.180+0300] {processor.py:829} INFO - Processing file /home/petr/project/venv/lib/python3.10/site-packages/airflow/example_dags/example_setup_teardown_taskflow.py for tasks to queue
[2023-12-01T13:43:45.180+0300] {logging_mixin.py:154} INFO - [2023-12-01T13:43:45.180+0300] {dagbag.py:536} INFO - Filling up the DagBag from /home/petr/project/venv/lib/python3.10/site-packages/airflow/example_dags/example_setup_teardown_taskflow.py
[2023-12-01T13:43:45.189+0300] {processor.py:839} INFO - DAG(s) dict_keys(['example_setup_teardown_taskflow']) retrieved from /home/petr/project/venv/lib/python3.10/site-packages/airflow/example_dags/example_setup_teardown_taskflow.py
[2023-12-01T13:43:45.321+0300] {logging_mixin.py:154} INFO - [2023-12-01T13:43:45.321+0300] {dag.py:2941} INFO - Sync 1 DAGs
[2023-12-01T13:43:45.446+0300] {logging_mixin.py:154} INFO - [2023-12-01T13:43:45.446+0300] {dag.py:3722} INFO - Setting next_dagrun for example_setup_teardown_taskflow to 2023-11-30T10:43:45.446168+00:00, run_after=2023-12-01T10:43:45.446168+00:00
[2023-12-01T13:43:45.532+0300] {processor.py:179} INFO - Processing /home/petr/project/venv/lib/python3.10/site-packages/airflow/example_dags/example_setup_teardown_taskflow.py took 0.362 seconds
[2023-12-01T13:44:15.766+0300] {processor.py:157} INFO - Started process (PID=4601) to work on /home/petr/project/venv/lib/python3.10/site-packages/airflow/example_dags/example_setup_teardown_taskflow.py
[2023-12-01T13:44:15.767+0300] {processor.py:829} INFO - Processing file /home/petr/project/venv/lib/python3.10/site-packages/airflow/example_dags/example_setup_teardown_taskflow.py for tasks to queue
[2023-12-01T13:44:15.768+0300] {logging_mixin.py:154} INFO - [2023-12-01T13:44:15.768+0300] {dagbag.py:536} INFO - Filling up the DagBag from /home/petr/project/venv/lib/python3.10/site-packages/airflow/example_dags/example_setup_teardown_taskflow.py
[2023-12-01T13:44:15.776+0300] {processor.py:839} INFO - DAG(s) dict_keys(['example_setup_teardown_taskflow']) retrieved from /home/petr/project/venv/lib/python3.10/site-packages/airflow/example_dags/example_setup_teardown_taskflow.py
[2023-12-01T13:44:15.801+0300] {logging_mixin.py:154} INFO - [2023-12-01T13:44:15.800+0300] {dag.py:2941} INFO - Sync 1 DAGs
[2023-12-01T13:44:15.820+0300] {logging_mixin.py:154} INFO - [2023-12-01T13:44:15.820+0300] {dag.py:3722} INFO - Setting next_dagrun for example_setup_teardown_taskflow to 2023-11-30T10:44:15.820176+00:00, run_after=2023-12-01T10:44:15.820176+00:00
[2023-12-01T13:44:15.835+0300] {processor.py:179} INFO - Processing /home/petr/project/venv/lib/python3.10/site-packages/airflow/example_dags/example_setup_teardown_taskflow.py took 0.072 seconds
[2023-12-01T13:44:47.125+0300] {processor.py:157} INFO - Started process (PID=4701) to work on /home/petr/project/venv/lib/python3.10/site-packages/airflow/example_dags/example_setup_teardown_taskflow.py
[2023-12-01T13:44:47.126+0300] {processor.py:829} INFO - Processing file /home/petr/project/venv/lib/python3.10/site-packages/airflow/example_dags/example_setup_teardown_taskflow.py for tasks to queue
[2023-12-01T13:44:47.127+0300] {logging_mixin.py:154} INFO - [2023-12-01T13:44:47.126+0300] {dagbag.py:536} INFO - Filling up the DagBag from /home/petr/project/venv/lib/python3.10/site-packages/airflow/example_dags/example_setup_teardown_taskflow.py
[2023-12-01T13:44:47.148+0300] {processor.py:839} INFO - DAG(s) dict_keys(['example_setup_teardown_taskflow']) retrieved from /home/petr/project/venv/lib/python3.10/site-packages/airflow/example_dags/example_setup_teardown_taskflow.py
[2023-12-01T13:44:47.198+0300] {logging_mixin.py:154} INFO - [2023-12-01T13:44:47.198+0300] {dag.py:2941} INFO - Sync 1 DAGs
[2023-12-01T13:44:47.247+0300] {logging_mixin.py:154} INFO - [2023-12-01T13:44:47.247+0300] {dag.py:3722} INFO - Setting next_dagrun for example_setup_teardown_taskflow to 2023-11-30T10:44:47.246987+00:00, run_after=2023-12-01T10:44:47.246987+00:00
[2023-12-01T13:44:47.288+0300] {processor.py:179} INFO - Processing /home/petr/project/venv/lib/python3.10/site-packages/airflow/example_dags/example_setup_teardown_taskflow.py took 0.166 seconds
[2023-12-01T13:45:17.866+0300] {processor.py:157} INFO - Started process (PID=4821) to work on /home/petr/project/venv/lib/python3.10/site-packages/airflow/example_dags/example_setup_teardown_taskflow.py
[2023-12-01T13:45:17.868+0300] {processor.py:829} INFO - Processing file /home/petr/project/venv/lib/python3.10/site-packages/airflow/example_dags/example_setup_teardown_taskflow.py for tasks to queue
[2023-12-01T13:45:17.869+0300] {logging_mixin.py:154} INFO - [2023-12-01T13:45:17.869+0300] {dagbag.py:536} INFO - Filling up the DagBag from /home/petr/project/venv/lib/python3.10/site-packages/airflow/example_dags/example_setup_teardown_taskflow.py
[2023-12-01T13:45:17.877+0300] {processor.py:839} INFO - DAG(s) dict_keys(['example_setup_teardown_taskflow']) retrieved from /home/petr/project/venv/lib/python3.10/site-packages/airflow/example_dags/example_setup_teardown_taskflow.py
[2023-12-01T13:45:17.944+0300] {logging_mixin.py:154} INFO - [2023-12-01T13:45:17.944+0300] {dag.py:2941} INFO - Sync 1 DAGs
[2023-12-01T13:45:17.975+0300] {logging_mixin.py:154} INFO - [2023-12-01T13:45:17.974+0300] {dag.py:3722} INFO - Setting next_dagrun for example_setup_teardown_taskflow to 2023-11-30T10:45:17.974667+00:00, run_after=2023-12-01T10:45:17.974667+00:00
[2023-12-01T13:45:18.009+0300] {processor.py:179} INFO - Processing /home/petr/project/venv/lib/python3.10/site-packages/airflow/example_dags/example_setup_teardown_taskflow.py took 0.169 seconds
[2023-12-01T13:46:43.829+0300] {processor.py:157} INFO - Started process (PID=4938) to work on /home/petr/project/venv/lib/python3.10/site-packages/airflow/example_dags/example_setup_teardown_taskflow.py
[2023-12-01T13:46:43.858+0300] {processor.py:829} INFO - Processing file /home/petr/project/venv/lib/python3.10/site-packages/airflow/example_dags/example_setup_teardown_taskflow.py for tasks to queue
[2023-12-01T13:46:43.860+0300] {logging_mixin.py:154} INFO - [2023-12-01T13:46:43.859+0300] {dagbag.py:536} INFO - Filling up the DagBag from /home/petr/project/venv/lib/python3.10/site-packages/airflow/example_dags/example_setup_teardown_taskflow.py
[2023-12-01T13:46:44.004+0300] {processor.py:839} INFO - DAG(s) dict_keys(['example_setup_teardown_taskflow']) retrieved from /home/petr/project/venv/lib/python3.10/site-packages/airflow/example_dags/example_setup_teardown_taskflow.py
[2023-12-01T13:46:44.184+0300] {logging_mixin.py:154} INFO - [2023-12-01T13:46:44.184+0300] {dag.py:2941} INFO - Sync 1 DAGs
[2023-12-01T13:46:44.270+0300] {logging_mixin.py:154} INFO - [2023-12-01T13:46:44.269+0300] {dag.py:3722} INFO - Setting next_dagrun for example_setup_teardown_taskflow to 2023-11-30T10:46:44.269457+00:00, run_after=2023-12-01T10:46:44.269457+00:00
[2023-12-01T13:46:44.344+0300] {processor.py:179} INFO - Processing /home/petr/project/venv/lib/python3.10/site-packages/airflow/example_dags/example_setup_teardown_taskflow.py took 0.520 seconds
[2023-12-01T13:47:15.036+0300] {processor.py:157} INFO - Started process (PID=5042) to work on /home/petr/project/venv/lib/python3.10/site-packages/airflow/example_dags/example_setup_teardown_taskflow.py
[2023-12-01T13:47:15.051+0300] {processor.py:829} INFO - Processing file /home/petr/project/venv/lib/python3.10/site-packages/airflow/example_dags/example_setup_teardown_taskflow.py for tasks to queue
[2023-12-01T13:47:15.052+0300] {logging_mixin.py:154} INFO - [2023-12-01T13:47:15.052+0300] {dagbag.py:536} INFO - Filling up the DagBag from /home/petr/project/venv/lib/python3.10/site-packages/airflow/example_dags/example_setup_teardown_taskflow.py
[2023-12-01T13:47:15.064+0300] {processor.py:839} INFO - DAG(s) dict_keys(['example_setup_teardown_taskflow']) retrieved from /home/petr/project/venv/lib/python3.10/site-packages/airflow/example_dags/example_setup_teardown_taskflow.py
[2023-12-01T13:47:15.124+0300] {logging_mixin.py:154} INFO - [2023-12-01T13:47:15.123+0300] {dag.py:2941} INFO - Sync 1 DAGs
[2023-12-01T13:47:15.160+0300] {logging_mixin.py:154} INFO - [2023-12-01T13:47:15.160+0300] {dag.py:3722} INFO - Setting next_dagrun for example_setup_teardown_taskflow to 2023-11-30T10:47:15.159830+00:00, run_after=2023-12-01T10:47:15.159830+00:00
[2023-12-01T13:47:15.192+0300] {processor.py:179} INFO - Processing /home/petr/project/venv/lib/python3.10/site-packages/airflow/example_dags/example_setup_teardown_taskflow.py took 0.159 seconds
[2023-12-01T13:47:45.773+0300] {processor.py:157} INFO - Started process (PID=5169) to work on /home/petr/project/venv/lib/python3.10/site-packages/airflow/example_dags/example_setup_teardown_taskflow.py
[2023-12-01T13:47:45.781+0300] {processor.py:829} INFO - Processing file /home/petr/project/venv/lib/python3.10/site-packages/airflow/example_dags/example_setup_teardown_taskflow.py for tasks to queue
[2023-12-01T13:47:45.782+0300] {logging_mixin.py:154} INFO - [2023-12-01T13:47:45.782+0300] {dagbag.py:536} INFO - Filling up the DagBag from /home/petr/project/venv/lib/python3.10/site-packages/airflow/example_dags/example_setup_teardown_taskflow.py
[2023-12-01T13:47:45.811+0300] {processor.py:839} INFO - DAG(s) dict_keys(['example_setup_teardown_taskflow']) retrieved from /home/petr/project/venv/lib/python3.10/site-packages/airflow/example_dags/example_setup_teardown_taskflow.py
[2023-12-01T13:47:45.867+0300] {logging_mixin.py:154} INFO - [2023-12-01T13:47:45.867+0300] {dag.py:2941} INFO - Sync 1 DAGs
[2023-12-01T13:47:45.904+0300] {logging_mixin.py:154} INFO - [2023-12-01T13:47:45.904+0300] {dag.py:3722} INFO - Setting next_dagrun for example_setup_teardown_taskflow to 2023-11-30T10:47:45.904484+00:00, run_after=2023-12-01T10:47:45.904484+00:00
[2023-12-01T13:47:45.932+0300] {processor.py:179} INFO - Processing /home/petr/project/venv/lib/python3.10/site-packages/airflow/example_dags/example_setup_teardown_taskflow.py took 0.162 seconds
[2023-12-01T13:49:10.314+0300] {processor.py:157} INFO - Started process (PID=5314) to work on /home/petr/project/venv/lib/python3.10/site-packages/airflow/example_dags/example_setup_teardown_taskflow.py
[2023-12-01T13:49:10.317+0300] {processor.py:829} INFO - Processing file /home/petr/project/venv/lib/python3.10/site-packages/airflow/example_dags/example_setup_teardown_taskflow.py for tasks to queue
[2023-12-01T13:49:10.317+0300] {logging_mixin.py:154} INFO - [2023-12-01T13:49:10.317+0300] {dagbag.py:536} INFO - Filling up the DagBag from /home/petr/project/venv/lib/python3.10/site-packages/airflow/example_dags/example_setup_teardown_taskflow.py
[2023-12-01T13:49:10.338+0300] {processor.py:839} INFO - DAG(s) dict_keys(['example_setup_teardown_taskflow']) retrieved from /home/petr/project/venv/lib/python3.10/site-packages/airflow/example_dags/example_setup_teardown_taskflow.py
[2023-12-01T13:49:10.393+0300] {logging_mixin.py:154} INFO - [2023-12-01T13:49:10.393+0300] {dag.py:2941} INFO - Sync 1 DAGs
[2023-12-01T13:49:10.426+0300] {logging_mixin.py:154} INFO - [2023-12-01T13:49:10.426+0300] {dag.py:3722} INFO - Setting next_dagrun for example_setup_teardown_taskflow to 2023-11-30T10:49:10.425904+00:00, run_after=2023-12-01T10:49:10.425904+00:00
[2023-12-01T13:49:10.456+0300] {processor.py:179} INFO - Processing /home/petr/project/venv/lib/python3.10/site-packages/airflow/example_dags/example_setup_teardown_taskflow.py took 0.150 seconds
[2023-12-01T13:49:41.435+0300] {processor.py:157} INFO - Started process (PID=5414) to work on /home/petr/project/venv/lib/python3.10/site-packages/airflow/example_dags/example_setup_teardown_taskflow.py
[2023-12-01T13:49:41.441+0300] {processor.py:829} INFO - Processing file /home/petr/project/venv/lib/python3.10/site-packages/airflow/example_dags/example_setup_teardown_taskflow.py for tasks to queue
[2023-12-01T13:49:41.442+0300] {logging_mixin.py:154} INFO - [2023-12-01T13:49:41.442+0300] {dagbag.py:536} INFO - Filling up the DagBag from /home/petr/project/venv/lib/python3.10/site-packages/airflow/example_dags/example_setup_teardown_taskflow.py
[2023-12-01T13:49:41.458+0300] {processor.py:839} INFO - DAG(s) dict_keys(['example_setup_teardown_taskflow']) retrieved from /home/petr/project/venv/lib/python3.10/site-packages/airflow/example_dags/example_setup_teardown_taskflow.py
[2023-12-01T13:49:41.576+0300] {logging_mixin.py:154} INFO - [2023-12-01T13:49:41.575+0300] {dag.py:2941} INFO - Sync 1 DAGs
[2023-12-01T13:49:41.661+0300] {logging_mixin.py:154} INFO - [2023-12-01T13:49:41.661+0300] {dag.py:3722} INFO - Setting next_dagrun for example_setup_teardown_taskflow to 2023-11-30T10:49:41.660700+00:00, run_after=2023-12-01T10:49:41.660700+00:00
[2023-12-01T13:49:41.721+0300] {processor.py:179} INFO - Processing /home/petr/project/venv/lib/python3.10/site-packages/airflow/example_dags/example_setup_teardown_taskflow.py took 0.290 seconds
[2023-12-01T13:50:12.008+0300] {processor.py:157} INFO - Started process (PID=5524) to work on /home/petr/project/venv/lib/python3.10/site-packages/airflow/example_dags/example_setup_teardown_taskflow.py
[2023-12-01T13:50:12.012+0300] {processor.py:829} INFO - Processing file /home/petr/project/venv/lib/python3.10/site-packages/airflow/example_dags/example_setup_teardown_taskflow.py for tasks to queue
[2023-12-01T13:50:12.013+0300] {logging_mixin.py:154} INFO - [2023-12-01T13:50:12.013+0300] {dagbag.py:536} INFO - Filling up the DagBag from /home/petr/project/venv/lib/python3.10/site-packages/airflow/example_dags/example_setup_teardown_taskflow.py
[2023-12-01T13:50:12.027+0300] {processor.py:839} INFO - DAG(s) dict_keys(['example_setup_teardown_taskflow']) retrieved from /home/petr/project/venv/lib/python3.10/site-packages/airflow/example_dags/example_setup_teardown_taskflow.py
[2023-12-01T13:50:12.088+0300] {logging_mixin.py:154} INFO - [2023-12-01T13:50:12.088+0300] {dag.py:2941} INFO - Sync 1 DAGs
[2023-12-01T13:50:12.133+0300] {logging_mixin.py:154} INFO - [2023-12-01T13:50:12.133+0300] {dag.py:3722} INFO - Setting next_dagrun for example_setup_teardown_taskflow to 2023-11-30T10:50:12.133466+00:00, run_after=2023-12-01T10:50:12.133466+00:00
[2023-12-01T13:50:12.168+0300] {processor.py:179} INFO - Processing /home/petr/project/venv/lib/python3.10/site-packages/airflow/example_dags/example_setup_teardown_taskflow.py took 0.170 seconds
[2023-12-01T20:00:48.038+0300] {processor.py:157} INFO - Started process (PID=5872) to work on /home/petr/project/venv/lib/python3.10/site-packages/airflow/example_dags/example_setup_teardown_taskflow.py
[2023-12-01T20:00:48.098+0300] {processor.py:829} INFO - Processing file /home/petr/project/venv/lib/python3.10/site-packages/airflow/example_dags/example_setup_teardown_taskflow.py for tasks to queue
[2023-12-01T20:00:48.100+0300] {logging_mixin.py:154} INFO - [2023-12-01T20:00:48.099+0300] {dagbag.py:536} INFO - Filling up the DagBag from /home/petr/project/venv/lib/python3.10/site-packages/airflow/example_dags/example_setup_teardown_taskflow.py
[2023-12-01T20:00:48.364+0300] {processor.py:839} INFO - DAG(s) dict_keys(['example_setup_teardown_taskflow']) retrieved from /home/petr/project/venv/lib/python3.10/site-packages/airflow/example_dags/example_setup_teardown_taskflow.py
[2023-12-01T20:00:48.761+0300] {logging_mixin.py:154} INFO - [2023-12-01T20:00:48.761+0300] {dag.py:2941} INFO - Sync 1 DAGs
[2023-12-01T20:00:49.367+0300] {logging_mixin.py:154} INFO - [2023-12-01T20:00:49.367+0300] {dag.py:3722} INFO - Setting next_dagrun for example_setup_teardown_taskflow to 2023-11-30T17:00:49.366494+00:00, run_after=2023-12-01T17:00:49.366494+00:00
[2023-12-01T20:00:49.711+0300] {processor.py:179} INFO - Processing /home/petr/project/venv/lib/python3.10/site-packages/airflow/example_dags/example_setup_teardown_taskflow.py took 1.707 seconds
