[2023-12-01T13:38:08.235+0300] {processor.py:157} INFO - Started process (PID=3382) to work on /home/petr/project/venv/lib/python3.10/site-packages/airflow/example_dags/example_latest_only_with_trigger.py
[2023-12-01T13:38:08.237+0300] {processor.py:829} INFO - Processing file /home/petr/project/venv/lib/python3.10/site-packages/airflow/example_dags/example_latest_only_with_trigger.py for tasks to queue
[2023-12-01T13:38:08.240+0300] {logging_mixin.py:154} INFO - [2023-12-01T13:38:08.240+0300] {dagbag.py:536} INFO - Filling up the DagBag from /home/petr/project/venv/lib/python3.10/site-packages/airflow/example_dags/example_latest_only_with_trigger.py
[2023-12-01T13:38:08.257+0300] {processor.py:839} INFO - DAG(s) dict_keys(['latest_only_with_trigger']) retrieved from /home/petr/project/venv/lib/python3.10/site-packages/airflow/example_dags/example_latest_only_with_trigger.py
[2023-12-01T13:38:08.415+0300] {logging_mixin.py:154} INFO - [2023-12-01T13:38:08.415+0300] {dag.py:2941} INFO - Sync 1 DAGs
[2023-12-01T13:38:08.629+0300] {logging_mixin.py:154} INFO - [2023-12-01T13:38:08.628+0300] {dag.py:3722} INFO - Setting next_dagrun for latest_only_with_trigger to 2023-12-01T06:38:08.628543+00:00, run_after=2023-12-01T10:38:08.628543+00:00
[2023-12-01T13:38:08.692+0300] {processor.py:179} INFO - Processing /home/petr/project/venv/lib/python3.10/site-packages/airflow/example_dags/example_latest_only_with_trigger.py took 0.465 seconds
[2023-12-01T13:38:39.037+0300] {processor.py:157} INFO - Started process (PID=3484) to work on /home/petr/project/venv/lib/python3.10/site-packages/airflow/example_dags/example_latest_only_with_trigger.py
[2023-12-01T13:38:39.038+0300] {processor.py:829} INFO - Processing file /home/petr/project/venv/lib/python3.10/site-packages/airflow/example_dags/example_latest_only_with_trigger.py for tasks to queue
[2023-12-01T13:38:39.039+0300] {logging_mixin.py:154} INFO - [2023-12-01T13:38:39.039+0300] {dagbag.py:536} INFO - Filling up the DagBag from /home/petr/project/venv/lib/python3.10/site-packages/airflow/example_dags/example_latest_only_with_trigger.py
[2023-12-01T13:38:39.066+0300] {processor.py:839} INFO - DAG(s) dict_keys(['latest_only_with_trigger']) retrieved from /home/petr/project/venv/lib/python3.10/site-packages/airflow/example_dags/example_latest_only_with_trigger.py
[2023-12-01T13:38:39.187+0300] {logging_mixin.py:154} INFO - [2023-12-01T13:38:39.186+0300] {dag.py:2941} INFO - Sync 1 DAGs
[2023-12-01T13:38:39.264+0300] {logging_mixin.py:154} INFO - [2023-12-01T13:38:39.264+0300] {dag.py:3722} INFO - Setting next_dagrun for latest_only_with_trigger to 2023-12-01T06:38:39.264113+00:00, run_after=2023-12-01T10:38:39.264113+00:00
[2023-12-01T13:38:39.385+0300] {processor.py:179} INFO - Processing /home/petr/project/venv/lib/python3.10/site-packages/airflow/example_dags/example_latest_only_with_trigger.py took 0.359 seconds
[2023-12-01T13:39:10.051+0300] {processor.py:157} INFO - Started process (PID=3585) to work on /home/petr/project/venv/lib/python3.10/site-packages/airflow/example_dags/example_latest_only_with_trigger.py
[2023-12-01T13:39:10.069+0300] {processor.py:829} INFO - Processing file /home/petr/project/venv/lib/python3.10/site-packages/airflow/example_dags/example_latest_only_with_trigger.py for tasks to queue
[2023-12-01T13:39:10.070+0300] {logging_mixin.py:154} INFO - [2023-12-01T13:39:10.069+0300] {dagbag.py:536} INFO - Filling up the DagBag from /home/petr/project/venv/lib/python3.10/site-packages/airflow/example_dags/example_latest_only_with_trigger.py
[2023-12-01T13:39:10.096+0300] {processor.py:839} INFO - DAG(s) dict_keys(['latest_only_with_trigger']) retrieved from /home/petr/project/venv/lib/python3.10/site-packages/airflow/example_dags/example_latest_only_with_trigger.py
[2023-12-01T13:39:10.141+0300] {logging_mixin.py:154} INFO - [2023-12-01T13:39:10.140+0300] {dag.py:2941} INFO - Sync 1 DAGs
[2023-12-01T13:39:10.177+0300] {logging_mixin.py:154} INFO - [2023-12-01T13:39:10.177+0300] {dag.py:3722} INFO - Setting next_dagrun for latest_only_with_trigger to 2023-12-01T06:39:10.176781+00:00, run_after=2023-12-01T10:39:10.176781+00:00
[2023-12-01T13:39:10.224+0300] {processor.py:179} INFO - Processing /home/petr/project/venv/lib/python3.10/site-packages/airflow/example_dags/example_latest_only_with_trigger.py took 0.175 seconds
[2023-12-01T13:39:40.910+0300] {processor.py:157} INFO - Started process (PID=3702) to work on /home/petr/project/venv/lib/python3.10/site-packages/airflow/example_dags/example_latest_only_with_trigger.py
[2023-12-01T13:39:40.923+0300] {processor.py:829} INFO - Processing file /home/petr/project/venv/lib/python3.10/site-packages/airflow/example_dags/example_latest_only_with_trigger.py for tasks to queue
[2023-12-01T13:39:40.924+0300] {logging_mixin.py:154} INFO - [2023-12-01T13:39:40.924+0300] {dagbag.py:536} INFO - Filling up the DagBag from /home/petr/project/venv/lib/python3.10/site-packages/airflow/example_dags/example_latest_only_with_trigger.py
[2023-12-01T13:39:40.931+0300] {processor.py:839} INFO - DAG(s) dict_keys(['latest_only_with_trigger']) retrieved from /home/petr/project/venv/lib/python3.10/site-packages/airflow/example_dags/example_latest_only_with_trigger.py
[2023-12-01T13:39:40.986+0300] {logging_mixin.py:154} INFO - [2023-12-01T13:39:40.986+0300] {dag.py:2941} INFO - Sync 1 DAGs
[2023-12-01T13:39:41.026+0300] {logging_mixin.py:154} INFO - [2023-12-01T13:39:41.026+0300] {dag.py:3722} INFO - Setting next_dagrun for latest_only_with_trigger to 2023-12-01T06:39:41.025969+00:00, run_after=2023-12-01T10:39:41.025969+00:00
[2023-12-01T13:39:41.061+0300] {processor.py:179} INFO - Processing /home/petr/project/venv/lib/python3.10/site-packages/airflow/example_dags/example_latest_only_with_trigger.py took 0.159 seconds
[2023-12-01T13:40:12.458+0300] {processor.py:157} INFO - Started process (PID=3822) to work on /home/petr/project/venv/lib/python3.10/site-packages/airflow/example_dags/example_latest_only_with_trigger.py
[2023-12-01T13:40:12.462+0300] {processor.py:829} INFO - Processing file /home/petr/project/venv/lib/python3.10/site-packages/airflow/example_dags/example_latest_only_with_trigger.py for tasks to queue
[2023-12-01T13:40:12.463+0300] {logging_mixin.py:154} INFO - [2023-12-01T13:40:12.462+0300] {dagbag.py:536} INFO - Filling up the DagBag from /home/petr/project/venv/lib/python3.10/site-packages/airflow/example_dags/example_latest_only_with_trigger.py
[2023-12-01T13:40:12.512+0300] {processor.py:839} INFO - DAG(s) dict_keys(['latest_only_with_trigger']) retrieved from /home/petr/project/venv/lib/python3.10/site-packages/airflow/example_dags/example_latest_only_with_trigger.py
[2023-12-01T13:40:12.637+0300] {logging_mixin.py:154} INFO - [2023-12-01T13:40:12.637+0300] {dag.py:2941} INFO - Sync 1 DAGs
[2023-12-01T13:40:12.706+0300] {logging_mixin.py:154} INFO - [2023-12-01T13:40:12.706+0300] {dag.py:3722} INFO - Setting next_dagrun for latest_only_with_trigger to 2023-12-01T06:40:12.694397+00:00, run_after=2023-12-01T10:40:12.694397+00:00
[2023-12-01T13:40:12.800+0300] {processor.py:179} INFO - Processing /home/petr/project/venv/lib/python3.10/site-packages/airflow/example_dags/example_latest_only_with_trigger.py took 0.346 seconds
[2023-12-01T13:40:43.628+0300] {processor.py:157} INFO - Started process (PID=3926) to work on /home/petr/project/venv/lib/python3.10/site-packages/airflow/example_dags/example_latest_only_with_trigger.py
[2023-12-01T13:40:43.629+0300] {processor.py:829} INFO - Processing file /home/petr/project/venv/lib/python3.10/site-packages/airflow/example_dags/example_latest_only_with_trigger.py for tasks to queue
[2023-12-01T13:40:43.629+0300] {logging_mixin.py:154} INFO - [2023-12-01T13:40:43.629+0300] {dagbag.py:536} INFO - Filling up the DagBag from /home/petr/project/venv/lib/python3.10/site-packages/airflow/example_dags/example_latest_only_with_trigger.py
[2023-12-01T13:40:43.655+0300] {processor.py:839} INFO - DAG(s) dict_keys(['latest_only_with_trigger']) retrieved from /home/petr/project/venv/lib/python3.10/site-packages/airflow/example_dags/example_latest_only_with_trigger.py
[2023-12-01T13:40:43.717+0300] {logging_mixin.py:154} INFO - [2023-12-01T13:40:43.717+0300] {dag.py:2941} INFO - Sync 1 DAGs
[2023-12-01T13:40:43.758+0300] {logging_mixin.py:154} INFO - [2023-12-01T13:40:43.758+0300] {dag.py:3722} INFO - Setting next_dagrun for latest_only_with_trigger to 2023-12-01T06:40:43.758669+00:00, run_after=2023-12-01T10:40:43.758669+00:00
[2023-12-01T13:40:43.786+0300] {processor.py:179} INFO - Processing /home/petr/project/venv/lib/python3.10/site-packages/airflow/example_dags/example_latest_only_with_trigger.py took 0.161 seconds
[2023-12-01T13:41:14.450+0300] {processor.py:157} INFO - Started process (PID=4024) to work on /home/petr/project/venv/lib/python3.10/site-packages/airflow/example_dags/example_latest_only_with_trigger.py
[2023-12-01T13:41:14.458+0300] {processor.py:829} INFO - Processing file /home/petr/project/venv/lib/python3.10/site-packages/airflow/example_dags/example_latest_only_with_trigger.py for tasks to queue
[2023-12-01T13:41:14.459+0300] {logging_mixin.py:154} INFO - [2023-12-01T13:41:14.458+0300] {dagbag.py:536} INFO - Filling up the DagBag from /home/petr/project/venv/lib/python3.10/site-packages/airflow/example_dags/example_latest_only_with_trigger.py
[2023-12-01T13:41:14.479+0300] {processor.py:839} INFO - DAG(s) dict_keys(['latest_only_with_trigger']) retrieved from /home/petr/project/venv/lib/python3.10/site-packages/airflow/example_dags/example_latest_only_with_trigger.py
[2023-12-01T13:41:14.672+0300] {logging_mixin.py:154} INFO - [2023-12-01T13:41:14.672+0300] {dag.py:2941} INFO - Sync 1 DAGs
[2023-12-01T13:41:14.740+0300] {logging_mixin.py:154} INFO - [2023-12-01T13:41:14.740+0300] {dag.py:3722} INFO - Setting next_dagrun for latest_only_with_trigger to 2023-12-01T06:41:14.740285+00:00, run_after=2023-12-01T10:41:14.740285+00:00
[2023-12-01T13:41:14.772+0300] {processor.py:179} INFO - Processing /home/petr/project/venv/lib/python3.10/site-packages/airflow/example_dags/example_latest_only_with_trigger.py took 0.345 seconds
[2023-12-01T13:41:44.871+0300] {processor.py:157} INFO - Started process (PID=4129) to work on /home/petr/project/venv/lib/python3.10/site-packages/airflow/example_dags/example_latest_only_with_trigger.py
[2023-12-01T13:41:44.884+0300] {processor.py:829} INFO - Processing file /home/petr/project/venv/lib/python3.10/site-packages/airflow/example_dags/example_latest_only_with_trigger.py for tasks to queue
[2023-12-01T13:41:44.885+0300] {logging_mixin.py:154} INFO - [2023-12-01T13:41:44.884+0300] {dagbag.py:536} INFO - Filling up the DagBag from /home/petr/project/venv/lib/python3.10/site-packages/airflow/example_dags/example_latest_only_with_trigger.py
[2023-12-01T13:41:44.899+0300] {processor.py:839} INFO - DAG(s) dict_keys(['latest_only_with_trigger']) retrieved from /home/petr/project/venv/lib/python3.10/site-packages/airflow/example_dags/example_latest_only_with_trigger.py
[2023-12-01T13:41:44.951+0300] {logging_mixin.py:154} INFO - [2023-12-01T13:41:44.950+0300] {dag.py:2941} INFO - Sync 1 DAGs
[2023-12-01T13:41:44.985+0300] {logging_mixin.py:154} INFO - [2023-12-01T13:41:44.985+0300] {dag.py:3722} INFO - Setting next_dagrun for latest_only_with_trigger to 2023-12-01T06:41:44.985478+00:00, run_after=2023-12-01T10:41:44.985478+00:00
[2023-12-01T13:41:45.029+0300] {processor.py:179} INFO - Processing /home/petr/project/venv/lib/python3.10/site-packages/airflow/example_dags/example_latest_only_with_trigger.py took 0.163 seconds
[2023-12-01T13:42:15.391+0300] {processor.py:157} INFO - Started process (PID=4235) to work on /home/petr/project/venv/lib/python3.10/site-packages/airflow/example_dags/example_latest_only_with_trigger.py
[2023-12-01T13:42:15.398+0300] {processor.py:829} INFO - Processing file /home/petr/project/venv/lib/python3.10/site-packages/airflow/example_dags/example_latest_only_with_trigger.py for tasks to queue
[2023-12-01T13:42:15.399+0300] {logging_mixin.py:154} INFO - [2023-12-01T13:42:15.399+0300] {dagbag.py:536} INFO - Filling up the DagBag from /home/petr/project/venv/lib/python3.10/site-packages/airflow/example_dags/example_latest_only_with_trigger.py
[2023-12-01T13:42:15.425+0300] {processor.py:839} INFO - DAG(s) dict_keys(['latest_only_with_trigger']) retrieved from /home/petr/project/venv/lib/python3.10/site-packages/airflow/example_dags/example_latest_only_with_trigger.py
[2023-12-01T13:42:15.545+0300] {logging_mixin.py:154} INFO - [2023-12-01T13:42:15.545+0300] {dag.py:2941} INFO - Sync 1 DAGs
[2023-12-01T13:42:15.589+0300] {logging_mixin.py:154} INFO - [2023-12-01T13:42:15.589+0300] {dag.py:3722} INFO - Setting next_dagrun for latest_only_with_trigger to 2023-12-01T06:42:15.588867+00:00, run_after=2023-12-01T10:42:15.588867+00:00
[2023-12-01T13:42:15.637+0300] {processor.py:179} INFO - Processing /home/petr/project/venv/lib/python3.10/site-packages/airflow/example_dags/example_latest_only_with_trigger.py took 0.249 seconds
[2023-12-01T13:42:45.935+0300] {processor.py:157} INFO - Started process (PID=4339) to work on /home/petr/project/venv/lib/python3.10/site-packages/airflow/example_dags/example_latest_only_with_trigger.py
[2023-12-01T13:42:45.936+0300] {processor.py:829} INFO - Processing file /home/petr/project/venv/lib/python3.10/site-packages/airflow/example_dags/example_latest_only_with_trigger.py for tasks to queue
[2023-12-01T13:42:45.936+0300] {logging_mixin.py:154} INFO - [2023-12-01T13:42:45.936+0300] {dagbag.py:536} INFO - Filling up the DagBag from /home/petr/project/venv/lib/python3.10/site-packages/airflow/example_dags/example_latest_only_with_trigger.py
[2023-12-01T13:42:45.944+0300] {processor.py:839} INFO - DAG(s) dict_keys(['latest_only_with_trigger']) retrieved from /home/petr/project/venv/lib/python3.10/site-packages/airflow/example_dags/example_latest_only_with_trigger.py
[2023-12-01T13:42:46.029+0300] {logging_mixin.py:154} INFO - [2023-12-01T13:42:46.029+0300] {dag.py:2941} INFO - Sync 1 DAGs
[2023-12-01T13:42:46.073+0300] {logging_mixin.py:154} INFO - [2023-12-01T13:42:46.073+0300] {dag.py:3722} INFO - Setting next_dagrun for latest_only_with_trigger to 2023-12-01T06:42:46.072997+00:00, run_after=2023-12-01T10:42:46.072997+00:00
[2023-12-01T13:42:46.105+0300] {processor.py:179} INFO - Processing /home/petr/project/venv/lib/python3.10/site-packages/airflow/example_dags/example_latest_only_with_trigger.py took 0.173 seconds
[2023-12-01T13:43:16.438+0300] {processor.py:157} INFO - Started process (PID=4440) to work on /home/petr/project/venv/lib/python3.10/site-packages/airflow/example_dags/example_latest_only_with_trigger.py
[2023-12-01T13:43:16.456+0300] {processor.py:829} INFO - Processing file /home/petr/project/venv/lib/python3.10/site-packages/airflow/example_dags/example_latest_only_with_trigger.py for tasks to queue
[2023-12-01T13:43:16.457+0300] {logging_mixin.py:154} INFO - [2023-12-01T13:43:16.456+0300] {dagbag.py:536} INFO - Filling up the DagBag from /home/petr/project/venv/lib/python3.10/site-packages/airflow/example_dags/example_latest_only_with_trigger.py
[2023-12-01T13:43:16.462+0300] {processor.py:839} INFO - DAG(s) dict_keys(['latest_only_with_trigger']) retrieved from /home/petr/project/venv/lib/python3.10/site-packages/airflow/example_dags/example_latest_only_with_trigger.py
[2023-12-01T13:43:16.512+0300] {logging_mixin.py:154} INFO - [2023-12-01T13:43:16.512+0300] {dag.py:2941} INFO - Sync 1 DAGs
[2023-12-01T13:43:16.555+0300] {logging_mixin.py:154} INFO - [2023-12-01T13:43:16.555+0300] {dag.py:3722} INFO - Setting next_dagrun for latest_only_with_trigger to 2023-12-01T06:43:16.555003+00:00, run_after=2023-12-01T10:43:16.555003+00:00
[2023-12-01T13:43:16.587+0300] {processor.py:179} INFO - Processing /home/petr/project/venv/lib/python3.10/site-packages/airflow/example_dags/example_latest_only_with_trigger.py took 0.153 seconds
[2023-12-01T13:43:47.794+0300] {processor.py:157} INFO - Started process (PID=4539) to work on /home/petr/project/venv/lib/python3.10/site-packages/airflow/example_dags/example_latest_only_with_trigger.py
[2023-12-01T13:43:47.799+0300] {processor.py:829} INFO - Processing file /home/petr/project/venv/lib/python3.10/site-packages/airflow/example_dags/example_latest_only_with_trigger.py for tasks to queue
[2023-12-01T13:43:47.800+0300] {logging_mixin.py:154} INFO - [2023-12-01T13:43:47.800+0300] {dagbag.py:536} INFO - Filling up the DagBag from /home/petr/project/venv/lib/python3.10/site-packages/airflow/example_dags/example_latest_only_with_trigger.py
[2023-12-01T13:43:47.835+0300] {processor.py:839} INFO - DAG(s) dict_keys(['latest_only_with_trigger']) retrieved from /home/petr/project/venv/lib/python3.10/site-packages/airflow/example_dags/example_latest_only_with_trigger.py
[2023-12-01T13:43:47.900+0300] {logging_mixin.py:154} INFO - [2023-12-01T13:43:47.900+0300] {dag.py:2941} INFO - Sync 1 DAGs
[2023-12-01T13:43:47.970+0300] {logging_mixin.py:154} INFO - [2023-12-01T13:43:47.966+0300] {dag.py:3722} INFO - Setting next_dagrun for latest_only_with_trigger to 2023-12-01T06:43:47.966474+00:00, run_after=2023-12-01T10:43:47.966474+00:00
[2023-12-01T13:43:48.018+0300] {processor.py:179} INFO - Processing /home/petr/project/venv/lib/python3.10/site-packages/airflow/example_dags/example_latest_only_with_trigger.py took 0.243 seconds
[2023-12-01T13:44:18.177+0300] {processor.py:157} INFO - Started process (PID=4640) to work on /home/petr/project/venv/lib/python3.10/site-packages/airflow/example_dags/example_latest_only_with_trigger.py
[2023-12-01T13:44:18.179+0300] {processor.py:829} INFO - Processing file /home/petr/project/venv/lib/python3.10/site-packages/airflow/example_dags/example_latest_only_with_trigger.py for tasks to queue
[2023-12-01T13:44:18.179+0300] {logging_mixin.py:154} INFO - [2023-12-01T13:44:18.179+0300] {dagbag.py:536} INFO - Filling up the DagBag from /home/petr/project/venv/lib/python3.10/site-packages/airflow/example_dags/example_latest_only_with_trigger.py
[2023-12-01T13:44:18.185+0300] {processor.py:839} INFO - DAG(s) dict_keys(['latest_only_with_trigger']) retrieved from /home/petr/project/venv/lib/python3.10/site-packages/airflow/example_dags/example_latest_only_with_trigger.py
[2023-12-01T13:44:18.233+0300] {logging_mixin.py:154} INFO - [2023-12-01T13:44:18.232+0300] {dag.py:2941} INFO - Sync 1 DAGs
[2023-12-01T13:44:18.264+0300] {logging_mixin.py:154} INFO - [2023-12-01T13:44:18.263+0300] {dag.py:3722} INFO - Setting next_dagrun for latest_only_with_trigger to 2023-12-01T06:44:18.263597+00:00, run_after=2023-12-01T10:44:18.263597+00:00
[2023-12-01T13:44:18.308+0300] {processor.py:179} INFO - Processing /home/petr/project/venv/lib/python3.10/site-packages/airflow/example_dags/example_latest_only_with_trigger.py took 0.134 seconds
[2023-12-01T13:44:49.631+0300] {processor.py:157} INFO - Started process (PID=4740) to work on /home/petr/project/venv/lib/python3.10/site-packages/airflow/example_dags/example_latest_only_with_trigger.py
[2023-12-01T13:44:49.634+0300] {processor.py:829} INFO - Processing file /home/petr/project/venv/lib/python3.10/site-packages/airflow/example_dags/example_latest_only_with_trigger.py for tasks to queue
[2023-12-01T13:44:49.636+0300] {logging_mixin.py:154} INFO - [2023-12-01T13:44:49.636+0300] {dagbag.py:536} INFO - Filling up the DagBag from /home/petr/project/venv/lib/python3.10/site-packages/airflow/example_dags/example_latest_only_with_trigger.py
[2023-12-01T13:44:49.657+0300] {processor.py:839} INFO - DAG(s) dict_keys(['latest_only_with_trigger']) retrieved from /home/petr/project/venv/lib/python3.10/site-packages/airflow/example_dags/example_latest_only_with_trigger.py
[2023-12-01T13:44:49.726+0300] {logging_mixin.py:154} INFO - [2023-12-01T13:44:49.726+0300] {dag.py:2941} INFO - Sync 1 DAGs
[2023-12-01T13:44:49.773+0300] {logging_mixin.py:154} INFO - [2023-12-01T13:44:49.772+0300] {dag.py:3722} INFO - Setting next_dagrun for latest_only_with_trigger to 2023-12-01T06:44:49.772445+00:00, run_after=2023-12-01T10:44:49.772445+00:00
[2023-12-01T13:44:49.822+0300] {processor.py:179} INFO - Processing /home/petr/project/venv/lib/python3.10/site-packages/airflow/example_dags/example_latest_only_with_trigger.py took 0.219 seconds
[2023-12-01T13:45:20.598+0300] {processor.py:157} INFO - Started process (PID=4864) to work on /home/petr/project/venv/lib/python3.10/site-packages/airflow/example_dags/example_latest_only_with_trigger.py
[2023-12-01T13:45:20.612+0300] {processor.py:829} INFO - Processing file /home/petr/project/venv/lib/python3.10/site-packages/airflow/example_dags/example_latest_only_with_trigger.py for tasks to queue
[2023-12-01T13:45:20.613+0300] {logging_mixin.py:154} INFO - [2023-12-01T13:45:20.612+0300] {dagbag.py:536} INFO - Filling up the DagBag from /home/petr/project/venv/lib/python3.10/site-packages/airflow/example_dags/example_latest_only_with_trigger.py
[2023-12-01T13:45:20.619+0300] {processor.py:839} INFO - DAG(s) dict_keys(['latest_only_with_trigger']) retrieved from /home/petr/project/venv/lib/python3.10/site-packages/airflow/example_dags/example_latest_only_with_trigger.py
[2023-12-01T13:45:20.677+0300] {logging_mixin.py:154} INFO - [2023-12-01T13:45:20.677+0300] {dag.py:2941} INFO - Sync 1 DAGs
[2023-12-01T13:45:20.738+0300] {logging_mixin.py:154} INFO - [2023-12-01T13:45:20.737+0300] {dag.py:3722} INFO - Setting next_dagrun for latest_only_with_trigger to 2023-12-01T06:45:20.737652+00:00, run_after=2023-12-01T10:45:20.737652+00:00
[2023-12-01T13:45:20.792+0300] {processor.py:179} INFO - Processing /home/petr/project/venv/lib/python3.10/site-packages/airflow/example_dags/example_latest_only_with_trigger.py took 0.197 seconds
[2023-12-01T13:46:47.860+0300] {processor.py:157} INFO - Started process (PID=4978) to work on /home/petr/project/venv/lib/python3.10/site-packages/airflow/example_dags/example_latest_only_with_trigger.py
[2023-12-01T13:46:47.872+0300] {processor.py:829} INFO - Processing file /home/petr/project/venv/lib/python3.10/site-packages/airflow/example_dags/example_latest_only_with_trigger.py for tasks to queue
[2023-12-01T13:46:47.872+0300] {logging_mixin.py:154} INFO - [2023-12-01T13:46:47.872+0300] {dagbag.py:536} INFO - Filling up the DagBag from /home/petr/project/venv/lib/python3.10/site-packages/airflow/example_dags/example_latest_only_with_trigger.py
[2023-12-01T13:46:47.879+0300] {processor.py:839} INFO - DAG(s) dict_keys(['latest_only_with_trigger']) retrieved from /home/petr/project/venv/lib/python3.10/site-packages/airflow/example_dags/example_latest_only_with_trigger.py
[2023-12-01T13:46:47.946+0300] {logging_mixin.py:154} INFO - [2023-12-01T13:46:47.946+0300] {dag.py:2941} INFO - Sync 1 DAGs
[2023-12-01T13:46:47.991+0300] {logging_mixin.py:154} INFO - [2023-12-01T13:46:47.991+0300] {dag.py:3722} INFO - Setting next_dagrun for latest_only_with_trigger to 2023-12-01T06:46:47.991467+00:00, run_after=2023-12-01T10:46:47.991467+00:00
[2023-12-01T13:46:48.031+0300] {processor.py:179} INFO - Processing /home/petr/project/venv/lib/python3.10/site-packages/airflow/example_dags/example_latest_only_with_trigger.py took 0.175 seconds
[2023-12-01T13:47:18.845+0300] {processor.py:157} INFO - Started process (PID=5082) to work on /home/petr/project/venv/lib/python3.10/site-packages/airflow/example_dags/example_latest_only_with_trigger.py
[2023-12-01T13:47:18.847+0300] {processor.py:829} INFO - Processing file /home/petr/project/venv/lib/python3.10/site-packages/airflow/example_dags/example_latest_only_with_trigger.py for tasks to queue
[2023-12-01T13:47:18.849+0300] {logging_mixin.py:154} INFO - [2023-12-01T13:47:18.848+0300] {dagbag.py:536} INFO - Filling up the DagBag from /home/petr/project/venv/lib/python3.10/site-packages/airflow/example_dags/example_latest_only_with_trigger.py
[2023-12-01T13:47:18.867+0300] {processor.py:839} INFO - DAG(s) dict_keys(['latest_only_with_trigger']) retrieved from /home/petr/project/venv/lib/python3.10/site-packages/airflow/example_dags/example_latest_only_with_trigger.py
[2023-12-01T13:47:18.909+0300] {logging_mixin.py:154} INFO - [2023-12-01T13:47:18.909+0300] {dag.py:2941} INFO - Sync 1 DAGs
[2023-12-01T13:47:18.950+0300] {logging_mixin.py:154} INFO - [2023-12-01T13:47:18.949+0300] {dag.py:3722} INFO - Setting next_dagrun for latest_only_with_trigger to 2023-12-01T06:47:18.949788+00:00, run_after=2023-12-01T10:47:18.949788+00:00
[2023-12-01T13:47:19.006+0300] {processor.py:179} INFO - Processing /home/petr/project/venv/lib/python3.10/site-packages/airflow/example_dags/example_latest_only_with_trigger.py took 0.177 seconds
[2023-12-01T13:47:50.025+0300] {processor.py:157} INFO - Started process (PID=5209) to work on /home/petr/project/venv/lib/python3.10/site-packages/airflow/example_dags/example_latest_only_with_trigger.py
[2023-12-01T13:47:50.027+0300] {processor.py:829} INFO - Processing file /home/petr/project/venv/lib/python3.10/site-packages/airflow/example_dags/example_latest_only_with_trigger.py for tasks to queue
[2023-12-01T13:47:50.027+0300] {logging_mixin.py:154} INFO - [2023-12-01T13:47:50.027+0300] {dagbag.py:536} INFO - Filling up the DagBag from /home/petr/project/venv/lib/python3.10/site-packages/airflow/example_dags/example_latest_only_with_trigger.py
[2023-12-01T13:47:50.033+0300] {processor.py:839} INFO - DAG(s) dict_keys(['latest_only_with_trigger']) retrieved from /home/petr/project/venv/lib/python3.10/site-packages/airflow/example_dags/example_latest_only_with_trigger.py
[2023-12-01T13:47:50.102+0300] {logging_mixin.py:154} INFO - [2023-12-01T13:47:50.102+0300] {dag.py:2941} INFO - Sync 1 DAGs
[2023-12-01T13:47:50.133+0300] {logging_mixin.py:154} INFO - [2023-12-01T13:47:50.132+0300] {dag.py:3722} INFO - Setting next_dagrun for latest_only_with_trigger to 2023-12-01T06:47:50.132782+00:00, run_after=2023-12-01T10:47:50.132782+00:00
[2023-12-01T13:47:50.178+0300] {processor.py:179} INFO - Processing /home/petr/project/venv/lib/python3.10/site-packages/airflow/example_dags/example_latest_only_with_trigger.py took 0.156 seconds
[2023-12-01T13:49:12.448+0300] {processor.py:157} INFO - Started process (PID=5356) to work on /home/petr/project/venv/lib/python3.10/site-packages/airflow/example_dags/example_latest_only_with_trigger.py
[2023-12-01T13:49:12.450+0300] {processor.py:829} INFO - Processing file /home/petr/project/venv/lib/python3.10/site-packages/airflow/example_dags/example_latest_only_with_trigger.py for tasks to queue
[2023-12-01T13:49:12.451+0300] {logging_mixin.py:154} INFO - [2023-12-01T13:49:12.450+0300] {dagbag.py:536} INFO - Filling up the DagBag from /home/petr/project/venv/lib/python3.10/site-packages/airflow/example_dags/example_latest_only_with_trigger.py
[2023-12-01T13:49:12.467+0300] {processor.py:839} INFO - DAG(s) dict_keys(['latest_only_with_trigger']) retrieved from /home/petr/project/venv/lib/python3.10/site-packages/airflow/example_dags/example_latest_only_with_trigger.py
[2023-12-01T13:49:12.516+0300] {logging_mixin.py:154} INFO - [2023-12-01T13:49:12.515+0300] {dag.py:2941} INFO - Sync 1 DAGs
[2023-12-01T13:49:12.566+0300] {logging_mixin.py:154} INFO - [2023-12-01T13:49:12.566+0300] {dag.py:3722} INFO - Setting next_dagrun for latest_only_with_trigger to 2023-12-01T06:49:12.565831+00:00, run_after=2023-12-01T10:49:12.565831+00:00
[2023-12-01T13:49:12.621+0300] {processor.py:179} INFO - Processing /home/petr/project/venv/lib/python3.10/site-packages/airflow/example_dags/example_latest_only_with_trigger.py took 0.176 seconds
[2023-12-01T13:49:44.305+0300] {processor.py:157} INFO - Started process (PID=5456) to work on /home/petr/project/venv/lib/python3.10/site-packages/airflow/example_dags/example_latest_only_with_trigger.py
[2023-12-01T13:49:44.307+0300] {processor.py:829} INFO - Processing file /home/petr/project/venv/lib/python3.10/site-packages/airflow/example_dags/example_latest_only_with_trigger.py for tasks to queue
[2023-12-01T13:49:44.308+0300] {logging_mixin.py:154} INFO - [2023-12-01T13:49:44.307+0300] {dagbag.py:536} INFO - Filling up the DagBag from /home/petr/project/venv/lib/python3.10/site-packages/airflow/example_dags/example_latest_only_with_trigger.py
[2023-12-01T13:49:44.315+0300] {processor.py:839} INFO - DAG(s) dict_keys(['latest_only_with_trigger']) retrieved from /home/petr/project/venv/lib/python3.10/site-packages/airflow/example_dags/example_latest_only_with_trigger.py
[2023-12-01T13:49:44.384+0300] {logging_mixin.py:154} INFO - [2023-12-01T13:49:44.384+0300] {dag.py:2941} INFO - Sync 1 DAGs
[2023-12-01T13:49:44.434+0300] {logging_mixin.py:154} INFO - [2023-12-01T13:49:44.434+0300] {dag.py:3722} INFO - Setting next_dagrun for latest_only_with_trigger to 2023-12-01T06:49:44.433923+00:00, run_after=2023-12-01T10:49:44.433923+00:00
[2023-12-01T13:49:44.497+0300] {processor.py:179} INFO - Processing /home/petr/project/venv/lib/python3.10/site-packages/airflow/example_dags/example_latest_only_with_trigger.py took 0.195 seconds
[2023-12-01T13:50:15.005+0300] {processor.py:157} INFO - Started process (PID=5566) to work on /home/petr/project/venv/lib/python3.10/site-packages/airflow/example_dags/example_latest_only_with_trigger.py
[2023-12-01T13:50:15.012+0300] {processor.py:829} INFO - Processing file /home/petr/project/venv/lib/python3.10/site-packages/airflow/example_dags/example_latest_only_with_trigger.py for tasks to queue
[2023-12-01T13:50:15.013+0300] {logging_mixin.py:154} INFO - [2023-12-01T13:50:15.012+0300] {dagbag.py:536} INFO - Filling up the DagBag from /home/petr/project/venv/lib/python3.10/site-packages/airflow/example_dags/example_latest_only_with_trigger.py
[2023-12-01T13:50:15.018+0300] {processor.py:839} INFO - DAG(s) dict_keys(['latest_only_with_trigger']) retrieved from /home/petr/project/venv/lib/python3.10/site-packages/airflow/example_dags/example_latest_only_with_trigger.py
[2023-12-01T13:50:15.083+0300] {logging_mixin.py:154} INFO - [2023-12-01T13:50:15.082+0300] {dag.py:2941} INFO - Sync 1 DAGs
[2023-12-01T13:50:15.144+0300] {logging_mixin.py:154} INFO - [2023-12-01T13:50:15.144+0300] {dag.py:3722} INFO - Setting next_dagrun for latest_only_with_trigger to 2023-12-01T06:50:15.143961+00:00, run_after=2023-12-01T10:50:15.143961+00:00
[2023-12-01T13:50:15.216+0300] {processor.py:179} INFO - Processing /home/petr/project/venv/lib/python3.10/site-packages/airflow/example_dags/example_latest_only_with_trigger.py took 0.215 seconds
[2023-12-01T20:00:58.213+0300] {processor.py:157} INFO - Started process (PID=5945) to work on /home/petr/project/venv/lib/python3.10/site-packages/airflow/example_dags/example_latest_only_with_trigger.py
[2023-12-01T20:00:58.231+0300] {processor.py:829} INFO - Processing file /home/petr/project/venv/lib/python3.10/site-packages/airflow/example_dags/example_latest_only_with_trigger.py for tasks to queue
[2023-12-01T20:00:58.233+0300] {logging_mixin.py:154} INFO - [2023-12-01T20:00:58.232+0300] {dagbag.py:536} INFO - Filling up the DagBag from /home/petr/project/venv/lib/python3.10/site-packages/airflow/example_dags/example_latest_only_with_trigger.py
[2023-12-01T20:00:58.297+0300] {processor.py:839} INFO - DAG(s) dict_keys(['latest_only_with_trigger']) retrieved from /home/petr/project/venv/lib/python3.10/site-packages/airflow/example_dags/example_latest_only_with_trigger.py
[2023-12-01T20:00:58.628+0300] {logging_mixin.py:154} INFO - [2023-12-01T20:00:58.628+0300] {dag.py:2941} INFO - Sync 1 DAGs
[2023-12-01T20:00:58.821+0300] {logging_mixin.py:154} INFO - [2023-12-01T20:00:58.820+0300] {dag.py:3722} INFO - Setting next_dagrun for latest_only_with_trigger to 2023-12-01T13:00:58.819693+00:00, run_after=2023-12-01T17:00:58.819693+00:00
[2023-12-01T20:00:58.927+0300] {processor.py:179} INFO - Processing /home/petr/project/venv/lib/python3.10/site-packages/airflow/example_dags/example_latest_only_with_trigger.py took 0.736 seconds
