[2023-12-01T13:38:04.973+0300] {processor.py:157} INFO - Started process (PID=3334) to work on /home/petr/project/venv/lib/python3.10/site-packages/airflow/example_dags/example_sla_dag.py
[2023-12-01T13:38:04.974+0300] {processor.py:829} INFO - Processing file /home/petr/project/venv/lib/python3.10/site-packages/airflow/example_dags/example_sla_dag.py for tasks to queue
[2023-12-01T13:38:04.974+0300] {logging_mixin.py:154} INFO - [2023-12-01T13:38:04.974+0300] {dagbag.py:536} INFO - Filling up the DagBag from /home/petr/project/venv/lib/python3.10/site-packages/airflow/example_dags/example_sla_dag.py
[2023-12-01T13:38:04.988+0300] {processor.py:839} INFO - DAG(s) dict_keys(['example_sla_dag']) retrieved from /home/petr/project/venv/lib/python3.10/site-packages/airflow/example_dags/example_sla_dag.py
[2023-12-01T13:38:05.032+0300] {logging_mixin.py:154} INFO - [2023-12-01T13:38:05.032+0300] {dag.py:2941} INFO - Sync 1 DAGs
[2023-12-01T13:38:05.061+0300] {logging_mixin.py:154} INFO - [2023-12-01T13:38:05.060+0300] {dag.py:3722} INFO - Setting next_dagrun for example_sla_dag to 2023-12-01T10:36:00+00:00, run_after=2023-12-01T10:38:00+00:00
[2023-12-01T13:38:05.079+0300] {processor.py:179} INFO - Processing /home/petr/project/venv/lib/python3.10/site-packages/airflow/example_dags/example_sla_dag.py took 0.115 seconds
[2023-12-01T13:38:35.217+0300] {processor.py:157} INFO - Started process (PID=3438) to work on /home/petr/project/venv/lib/python3.10/site-packages/airflow/example_dags/example_sla_dag.py
[2023-12-01T13:38:35.218+0300] {processor.py:829} INFO - Processing file /home/petr/project/venv/lib/python3.10/site-packages/airflow/example_dags/example_sla_dag.py for tasks to queue
[2023-12-01T13:38:35.219+0300] {logging_mixin.py:154} INFO - [2023-12-01T13:38:35.218+0300] {dagbag.py:536} INFO - Filling up the DagBag from /home/petr/project/venv/lib/python3.10/site-packages/airflow/example_dags/example_sla_dag.py
[2023-12-01T13:38:35.228+0300] {processor.py:839} INFO - DAG(s) dict_keys(['example_sla_dag']) retrieved from /home/petr/project/venv/lib/python3.10/site-packages/airflow/example_dags/example_sla_dag.py
[2023-12-01T13:38:35.253+0300] {logging_mixin.py:154} INFO - [2023-12-01T13:38:35.253+0300] {dag.py:2941} INFO - Sync 1 DAGs
[2023-12-01T13:38:35.274+0300] {logging_mixin.py:154} INFO - [2023-12-01T13:38:35.274+0300] {dag.py:3722} INFO - Setting next_dagrun for example_sla_dag to 2023-12-01T10:36:00+00:00, run_after=2023-12-01T10:38:00+00:00
[2023-12-01T13:38:35.293+0300] {processor.py:179} INFO - Processing /home/petr/project/venv/lib/python3.10/site-packages/airflow/example_dags/example_sla_dag.py took 0.082 seconds
[2023-12-01T13:39:05.996+0300] {processor.py:157} INFO - Started process (PID=3539) to work on /home/petr/project/venv/lib/python3.10/site-packages/airflow/example_dags/example_sla_dag.py
[2023-12-01T13:39:06.023+0300] {processor.py:829} INFO - Processing file /home/petr/project/venv/lib/python3.10/site-packages/airflow/example_dags/example_sla_dag.py for tasks to queue
[2023-12-01T13:39:06.024+0300] {logging_mixin.py:154} INFO - [2023-12-01T13:39:06.023+0300] {dagbag.py:536} INFO - Filling up the DagBag from /home/petr/project/venv/lib/python3.10/site-packages/airflow/example_dags/example_sla_dag.py
[2023-12-01T13:39:06.029+0300] {processor.py:839} INFO - DAG(s) dict_keys(['example_sla_dag']) retrieved from /home/petr/project/venv/lib/python3.10/site-packages/airflow/example_dags/example_sla_dag.py
[2023-12-01T13:39:06.096+0300] {logging_mixin.py:154} INFO - [2023-12-01T13:39:06.096+0300] {dag.py:2941} INFO - Sync 1 DAGs
[2023-12-01T13:39:06.131+0300] {logging_mixin.py:154} INFO - [2023-12-01T13:39:06.130+0300] {dag.py:3722} INFO - Setting next_dagrun for example_sla_dag to 2023-12-01T10:36:00+00:00, run_after=2023-12-01T10:38:00+00:00
[2023-12-01T13:39:06.169+0300] {processor.py:179} INFO - Processing /home/petr/project/venv/lib/python3.10/site-packages/airflow/example_dags/example_sla_dag.py took 0.178 seconds
[2023-12-01T13:39:37.090+0300] {processor.py:157} INFO - Started process (PID=3646) to work on /home/petr/project/venv/lib/python3.10/site-packages/airflow/example_dags/example_sla_dag.py
[2023-12-01T13:39:37.091+0300] {processor.py:829} INFO - Processing file /home/petr/project/venv/lib/python3.10/site-packages/airflow/example_dags/example_sla_dag.py for tasks to queue
[2023-12-01T13:39:37.092+0300] {logging_mixin.py:154} INFO - [2023-12-01T13:39:37.091+0300] {dagbag.py:536} INFO - Filling up the DagBag from /home/petr/project/venv/lib/python3.10/site-packages/airflow/example_dags/example_sla_dag.py
[2023-12-01T13:39:37.104+0300] {processor.py:839} INFO - DAG(s) dict_keys(['example_sla_dag']) retrieved from /home/petr/project/venv/lib/python3.10/site-packages/airflow/example_dags/example_sla_dag.py
[2023-12-01T13:39:37.151+0300] {logging_mixin.py:154} INFO - [2023-12-01T13:39:37.151+0300] {dag.py:2941} INFO - Sync 1 DAGs
[2023-12-01T13:39:37.187+0300] {logging_mixin.py:154} INFO - [2023-12-01T13:39:37.187+0300] {dag.py:3722} INFO - Setting next_dagrun for example_sla_dag to 2023-12-01T10:36:00+00:00, run_after=2023-12-01T10:38:00+00:00
[2023-12-01T13:39:37.216+0300] {processor.py:179} INFO - Processing /home/petr/project/venv/lib/python3.10/site-packages/airflow/example_dags/example_sla_dag.py took 0.142 seconds
[2023-12-01T13:40:08.681+0300] {processor.py:157} INFO - Started process (PID=3775) to work on /home/petr/project/venv/lib/python3.10/site-packages/airflow/example_dags/example_sla_dag.py
[2023-12-01T13:40:08.702+0300] {processor.py:829} INFO - Processing file /home/petr/project/venv/lib/python3.10/site-packages/airflow/example_dags/example_sla_dag.py for tasks to queue
[2023-12-01T13:40:08.703+0300] {logging_mixin.py:154} INFO - [2023-12-01T13:40:08.702+0300] {dagbag.py:536} INFO - Filling up the DagBag from /home/petr/project/venv/lib/python3.10/site-packages/airflow/example_dags/example_sla_dag.py
[2023-12-01T13:40:08.708+0300] {processor.py:839} INFO - DAG(s) dict_keys(['example_sla_dag']) retrieved from /home/petr/project/venv/lib/python3.10/site-packages/airflow/example_dags/example_sla_dag.py
[2023-12-01T13:40:08.773+0300] {logging_mixin.py:154} INFO - [2023-12-01T13:40:08.773+0300] {dag.py:2941} INFO - Sync 1 DAGs
[2023-12-01T13:40:08.810+0300] {logging_mixin.py:154} INFO - [2023-12-01T13:40:08.810+0300] {dag.py:3722} INFO - Setting next_dagrun for example_sla_dag to 2023-12-01T10:38:00+00:00, run_after=2023-12-01T10:40:00+00:00
[2023-12-01T13:40:08.872+0300] {processor.py:179} INFO - Processing /home/petr/project/venv/lib/python3.10/site-packages/airflow/example_dags/example_sla_dag.py took 0.200 seconds
[2023-12-01T13:40:39.787+0300] {processor.py:157} INFO - Started process (PID=3880) to work on /home/petr/project/venv/lib/python3.10/site-packages/airflow/example_dags/example_sla_dag.py
[2023-12-01T13:40:39.788+0300] {processor.py:829} INFO - Processing file /home/petr/project/venv/lib/python3.10/site-packages/airflow/example_dags/example_sla_dag.py for tasks to queue
[2023-12-01T13:40:39.789+0300] {logging_mixin.py:154} INFO - [2023-12-01T13:40:39.788+0300] {dagbag.py:536} INFO - Filling up the DagBag from /home/petr/project/venv/lib/python3.10/site-packages/airflow/example_dags/example_sla_dag.py
[2023-12-01T13:40:39.805+0300] {processor.py:839} INFO - DAG(s) dict_keys(['example_sla_dag']) retrieved from /home/petr/project/venv/lib/python3.10/site-packages/airflow/example_dags/example_sla_dag.py
[2023-12-01T13:40:39.867+0300] {logging_mixin.py:154} INFO - [2023-12-01T13:40:39.867+0300] {dag.py:2941} INFO - Sync 1 DAGs
[2023-12-01T13:40:39.907+0300] {logging_mixin.py:154} INFO - [2023-12-01T13:40:39.906+0300] {dag.py:3722} INFO - Setting next_dagrun for example_sla_dag to 2023-12-01T10:38:00+00:00, run_after=2023-12-01T10:40:00+00:00
[2023-12-01T13:40:39.950+0300] {processor.py:179} INFO - Processing /home/petr/project/venv/lib/python3.10/site-packages/airflow/example_dags/example_sla_dag.py took 0.166 seconds
[2023-12-01T13:41:10.071+0300] {processor.py:157} INFO - Started process (PID=3979) to work on /home/petr/project/venv/lib/python3.10/site-packages/airflow/example_dags/example_sla_dag.py
[2023-12-01T13:41:10.073+0300] {processor.py:829} INFO - Processing file /home/petr/project/venv/lib/python3.10/site-packages/airflow/example_dags/example_sla_dag.py for tasks to queue
[2023-12-01T13:41:10.073+0300] {logging_mixin.py:154} INFO - [2023-12-01T13:41:10.073+0300] {dagbag.py:536} INFO - Filling up the DagBag from /home/petr/project/venv/lib/python3.10/site-packages/airflow/example_dags/example_sla_dag.py
[2023-12-01T13:41:10.112+0300] {processor.py:839} INFO - DAG(s) dict_keys(['example_sla_dag']) retrieved from /home/petr/project/venv/lib/python3.10/site-packages/airflow/example_dags/example_sla_dag.py
[2023-12-01T13:41:10.173+0300] {logging_mixin.py:154} INFO - [2023-12-01T13:41:10.173+0300] {dag.py:2941} INFO - Sync 1 DAGs
[2023-12-01T13:41:10.223+0300] {logging_mixin.py:154} INFO - [2023-12-01T13:41:10.223+0300] {dag.py:3722} INFO - Setting next_dagrun for example_sla_dag to 2023-12-01T10:38:00+00:00, run_after=2023-12-01T10:40:00+00:00
[2023-12-01T13:41:10.269+0300] {processor.py:179} INFO - Processing /home/petr/project/venv/lib/python3.10/site-packages/airflow/example_dags/example_sla_dag.py took 0.206 seconds
[2023-12-01T13:41:40.887+0300] {processor.py:157} INFO - Started process (PID=4083) to work on /home/petr/project/venv/lib/python3.10/site-packages/airflow/example_dags/example_sla_dag.py
[2023-12-01T13:41:40.903+0300] {processor.py:829} INFO - Processing file /home/petr/project/venv/lib/python3.10/site-packages/airflow/example_dags/example_sla_dag.py for tasks to queue
[2023-12-01T13:41:40.904+0300] {logging_mixin.py:154} INFO - [2023-12-01T13:41:40.904+0300] {dagbag.py:536} INFO - Filling up the DagBag from /home/petr/project/venv/lib/python3.10/site-packages/airflow/example_dags/example_sla_dag.py
[2023-12-01T13:41:40.927+0300] {processor.py:839} INFO - DAG(s) dict_keys(['example_sla_dag']) retrieved from /home/petr/project/venv/lib/python3.10/site-packages/airflow/example_dags/example_sla_dag.py
[2023-12-01T13:41:40.981+0300] {logging_mixin.py:154} INFO - [2023-12-01T13:41:40.981+0300] {dag.py:2941} INFO - Sync 1 DAGs
[2023-12-01T13:41:41.027+0300] {logging_mixin.py:154} INFO - [2023-12-01T13:41:41.027+0300] {dag.py:3722} INFO - Setting next_dagrun for example_sla_dag to 2023-12-01T10:38:00+00:00, run_after=2023-12-01T10:40:00+00:00
[2023-12-01T13:41:41.060+0300] {processor.py:179} INFO - Processing /home/petr/project/venv/lib/python3.10/site-packages/airflow/example_dags/example_sla_dag.py took 0.185 seconds
[2023-12-01T13:42:11.356+0300] {processor.py:157} INFO - Started process (PID=4190) to work on /home/petr/project/venv/lib/python3.10/site-packages/airflow/example_dags/example_sla_dag.py
[2023-12-01T13:42:11.362+0300] {processor.py:829} INFO - Processing file /home/petr/project/venv/lib/python3.10/site-packages/airflow/example_dags/example_sla_dag.py for tasks to queue
[2023-12-01T13:42:11.363+0300] {logging_mixin.py:154} INFO - [2023-12-01T13:42:11.362+0300] {dagbag.py:536} INFO - Filling up the DagBag from /home/petr/project/venv/lib/python3.10/site-packages/airflow/example_dags/example_sla_dag.py
[2023-12-01T13:42:11.381+0300] {processor.py:839} INFO - DAG(s) dict_keys(['example_sla_dag']) retrieved from /home/petr/project/venv/lib/python3.10/site-packages/airflow/example_dags/example_sla_dag.py
[2023-12-01T13:42:11.424+0300] {logging_mixin.py:154} INFO - [2023-12-01T13:42:11.424+0300] {dag.py:2941} INFO - Sync 1 DAGs
[2023-12-01T13:42:11.469+0300] {logging_mixin.py:154} INFO - [2023-12-01T13:42:11.469+0300] {dag.py:3722} INFO - Setting next_dagrun for example_sla_dag to 2023-12-01T10:40:00+00:00, run_after=2023-12-01T10:42:00+00:00
[2023-12-01T13:42:11.518+0300] {processor.py:179} INFO - Processing /home/petr/project/venv/lib/python3.10/site-packages/airflow/example_dags/example_sla_dag.py took 0.165 seconds
[2023-12-01T13:42:42.145+0300] {processor.py:157} INFO - Started process (PID=4294) to work on /home/petr/project/venv/lib/python3.10/site-packages/airflow/example_dags/example_sla_dag.py
[2023-12-01T13:42:42.147+0300] {processor.py:829} INFO - Processing file /home/petr/project/venv/lib/python3.10/site-packages/airflow/example_dags/example_sla_dag.py for tasks to queue
[2023-12-01T13:42:42.148+0300] {logging_mixin.py:154} INFO - [2023-12-01T13:42:42.147+0300] {dagbag.py:536} INFO - Filling up the DagBag from /home/petr/project/venv/lib/python3.10/site-packages/airflow/example_dags/example_sla_dag.py
[2023-12-01T13:42:42.165+0300] {processor.py:839} INFO - DAG(s) dict_keys(['example_sla_dag']) retrieved from /home/petr/project/venv/lib/python3.10/site-packages/airflow/example_dags/example_sla_dag.py
[2023-12-01T13:42:42.213+0300] {logging_mixin.py:154} INFO - [2023-12-01T13:42:42.213+0300] {dag.py:2941} INFO - Sync 1 DAGs
[2023-12-01T13:42:42.253+0300] {logging_mixin.py:154} INFO - [2023-12-01T13:42:42.253+0300] {dag.py:3722} INFO - Setting next_dagrun for example_sla_dag to 2023-12-01T10:40:00+00:00, run_after=2023-12-01T10:42:00+00:00
[2023-12-01T13:42:42.286+0300] {processor.py:179} INFO - Processing /home/petr/project/venv/lib/python3.10/site-packages/airflow/example_dags/example_sla_dag.py took 0.150 seconds
[2023-12-01T13:43:13.301+0300] {processor.py:157} INFO - Started process (PID=4394) to work on /home/petr/project/venv/lib/python3.10/site-packages/airflow/example_dags/example_sla_dag.py
[2023-12-01T13:43:13.308+0300] {processor.py:829} INFO - Processing file /home/petr/project/venv/lib/python3.10/site-packages/airflow/example_dags/example_sla_dag.py for tasks to queue
[2023-12-01T13:43:13.308+0300] {logging_mixin.py:154} INFO - [2023-12-01T13:43:13.308+0300] {dagbag.py:536} INFO - Filling up the DagBag from /home/petr/project/venv/lib/python3.10/site-packages/airflow/example_dags/example_sla_dag.py
[2023-12-01T13:43:13.322+0300] {processor.py:839} INFO - DAG(s) dict_keys(['example_sla_dag']) retrieved from /home/petr/project/venv/lib/python3.10/site-packages/airflow/example_dags/example_sla_dag.py
[2023-12-01T13:43:13.382+0300] {logging_mixin.py:154} INFO - [2023-12-01T13:43:13.382+0300] {dag.py:2941} INFO - Sync 1 DAGs
[2023-12-01T13:43:13.435+0300] {logging_mixin.py:154} INFO - [2023-12-01T13:43:13.435+0300] {dag.py:3722} INFO - Setting next_dagrun for example_sla_dag to 2023-12-01T10:40:00+00:00, run_after=2023-12-01T10:42:00+00:00
[2023-12-01T13:43:13.460+0300] {processor.py:179} INFO - Processing /home/petr/project/venv/lib/python3.10/site-packages/airflow/example_dags/example_sla_dag.py took 0.180 seconds
[2023-12-01T13:43:44.657+0300] {processor.py:157} INFO - Started process (PID=4494) to work on /home/petr/project/venv/lib/python3.10/site-packages/airflow/example_dags/example_sla_dag.py
[2023-12-01T13:43:44.666+0300] {processor.py:829} INFO - Processing file /home/petr/project/venv/lib/python3.10/site-packages/airflow/example_dags/example_sla_dag.py for tasks to queue
[2023-12-01T13:43:44.667+0300] {logging_mixin.py:154} INFO - [2023-12-01T13:43:44.666+0300] {dagbag.py:536} INFO - Filling up the DagBag from /home/petr/project/venv/lib/python3.10/site-packages/airflow/example_dags/example_sla_dag.py
[2023-12-01T13:43:44.695+0300] {processor.py:839} INFO - DAG(s) dict_keys(['example_sla_dag']) retrieved from /home/petr/project/venv/lib/python3.10/site-packages/airflow/example_dags/example_sla_dag.py
[2023-12-01T13:43:44.850+0300] {logging_mixin.py:154} INFO - [2023-12-01T13:43:44.850+0300] {dag.py:2941} INFO - Sync 1 DAGs
[2023-12-01T13:43:44.949+0300] {logging_mixin.py:154} INFO - [2023-12-01T13:43:44.949+0300] {dag.py:3722} INFO - Setting next_dagrun for example_sla_dag to 2023-12-01T10:40:00+00:00, run_after=2023-12-01T10:42:00+00:00
[2023-12-01T13:43:45.041+0300] {processor.py:179} INFO - Processing /home/petr/project/venv/lib/python3.10/site-packages/airflow/example_dags/example_sla_dag.py took 0.404 seconds
[2023-12-01T13:44:15.442+0300] {processor.py:157} INFO - Started process (PID=4593) to work on /home/petr/project/venv/lib/python3.10/site-packages/airflow/example_dags/example_sla_dag.py
[2023-12-01T13:44:15.444+0300] {processor.py:829} INFO - Processing file /home/petr/project/venv/lib/python3.10/site-packages/airflow/example_dags/example_sla_dag.py for tasks to queue
[2023-12-01T13:44:15.444+0300] {logging_mixin.py:154} INFO - [2023-12-01T13:44:15.444+0300] {dagbag.py:536} INFO - Filling up the DagBag from /home/petr/project/venv/lib/python3.10/site-packages/airflow/example_dags/example_sla_dag.py
[2023-12-01T13:44:15.452+0300] {processor.py:839} INFO - DAG(s) dict_keys(['example_sla_dag']) retrieved from /home/petr/project/venv/lib/python3.10/site-packages/airflow/example_dags/example_sla_dag.py
[2023-12-01T13:44:15.480+0300] {logging_mixin.py:154} INFO - [2023-12-01T13:44:15.479+0300] {dag.py:2941} INFO - Sync 1 DAGs
[2023-12-01T13:44:15.499+0300] {logging_mixin.py:154} INFO - [2023-12-01T13:44:15.499+0300] {dag.py:3722} INFO - Setting next_dagrun for example_sla_dag to 2023-12-01T10:42:00+00:00, run_after=2023-12-01T10:44:00+00:00
[2023-12-01T13:44:15.513+0300] {processor.py:179} INFO - Processing /home/petr/project/venv/lib/python3.10/site-packages/airflow/example_dags/example_sla_dag.py took 0.074 seconds
[2023-12-01T13:44:46.605+0300] {processor.py:157} INFO - Started process (PID=4694) to work on /home/petr/project/venv/lib/python3.10/site-packages/airflow/example_dags/example_sla_dag.py
[2023-12-01T13:44:46.639+0300] {processor.py:829} INFO - Processing file /home/petr/project/venv/lib/python3.10/site-packages/airflow/example_dags/example_sla_dag.py for tasks to queue
[2023-12-01T13:44:46.640+0300] {logging_mixin.py:154} INFO - [2023-12-01T13:44:46.639+0300] {dagbag.py:536} INFO - Filling up the DagBag from /home/petr/project/venv/lib/python3.10/site-packages/airflow/example_dags/example_sla_dag.py
[2023-12-01T13:44:46.692+0300] {processor.py:839} INFO - DAG(s) dict_keys(['example_sla_dag']) retrieved from /home/petr/project/venv/lib/python3.10/site-packages/airflow/example_dags/example_sla_dag.py
[2023-12-01T13:44:46.801+0300] {logging_mixin.py:154} INFO - [2023-12-01T13:44:46.801+0300] {dag.py:2941} INFO - Sync 1 DAGs
[2023-12-01T13:44:46.904+0300] {logging_mixin.py:154} INFO - [2023-12-01T13:44:46.904+0300] {dag.py:3722} INFO - Setting next_dagrun for example_sla_dag to 2023-12-01T10:42:00+00:00, run_after=2023-12-01T10:44:00+00:00
[2023-12-01T13:44:46.996+0300] {processor.py:179} INFO - Processing /home/petr/project/venv/lib/python3.10/site-packages/airflow/example_dags/example_sla_dag.py took 0.394 seconds
[2023-12-01T13:45:17.474+0300] {processor.py:157} INFO - Started process (PID=4813) to work on /home/petr/project/venv/lib/python3.10/site-packages/airflow/example_dags/example_sla_dag.py
[2023-12-01T13:45:17.477+0300] {processor.py:829} INFO - Processing file /home/petr/project/venv/lib/python3.10/site-packages/airflow/example_dags/example_sla_dag.py for tasks to queue
[2023-12-01T13:45:17.479+0300] {logging_mixin.py:154} INFO - [2023-12-01T13:45:17.478+0300] {dagbag.py:536} INFO - Filling up the DagBag from /home/petr/project/venv/lib/python3.10/site-packages/airflow/example_dags/example_sla_dag.py
[2023-12-01T13:45:17.522+0300] {processor.py:839} INFO - DAG(s) dict_keys(['example_sla_dag']) retrieved from /home/petr/project/venv/lib/python3.10/site-packages/airflow/example_dags/example_sla_dag.py
[2023-12-01T13:45:17.584+0300] {logging_mixin.py:154} INFO - [2023-12-01T13:45:17.583+0300] {dag.py:2941} INFO - Sync 1 DAGs
[2023-12-01T13:45:17.623+0300] {logging_mixin.py:154} INFO - [2023-12-01T13:45:17.623+0300] {dag.py:3722} INFO - Setting next_dagrun for example_sla_dag to 2023-12-01T10:42:00+00:00, run_after=2023-12-01T10:44:00+00:00
[2023-12-01T13:45:17.655+0300] {processor.py:179} INFO - Processing /home/petr/project/venv/lib/python3.10/site-packages/airflow/example_dags/example_sla_dag.py took 0.207 seconds
[2023-12-01T13:46:43.097+0300] {processor.py:157} INFO - Started process (PID=4930) to work on /home/petr/project/venv/lib/python3.10/site-packages/airflow/example_dags/example_sla_dag.py
[2023-12-01T13:46:43.114+0300] {processor.py:829} INFO - Processing file /home/petr/project/venv/lib/python3.10/site-packages/airflow/example_dags/example_sla_dag.py for tasks to queue
[2023-12-01T13:46:43.115+0300] {logging_mixin.py:154} INFO - [2023-12-01T13:46:43.115+0300] {dagbag.py:536} INFO - Filling up the DagBag from /home/petr/project/venv/lib/python3.10/site-packages/airflow/example_dags/example_sla_dag.py
[2023-12-01T13:46:43.162+0300] {processor.py:839} INFO - DAG(s) dict_keys(['example_sla_dag']) retrieved from /home/petr/project/venv/lib/python3.10/site-packages/airflow/example_dags/example_sla_dag.py
[2023-12-01T13:46:43.275+0300] {logging_mixin.py:154} INFO - [2023-12-01T13:46:43.274+0300] {dag.py:2941} INFO - Sync 1 DAGs
[2023-12-01T13:46:43.384+0300] {logging_mixin.py:154} INFO - [2023-12-01T13:46:43.383+0300] {dag.py:3722} INFO - Setting next_dagrun for example_sla_dag to 2023-12-01T10:44:00+00:00, run_after=2023-12-01T10:46:00+00:00
[2023-12-01T13:46:43.454+0300] {processor.py:179} INFO - Processing /home/petr/project/venv/lib/python3.10/site-packages/airflow/example_dags/example_sla_dag.py took 0.374 seconds
[2023-12-01T13:47:13.718+0300] {processor.py:157} INFO - Started process (PID=5034) to work on /home/petr/project/venv/lib/python3.10/site-packages/airflow/example_dags/example_sla_dag.py
[2023-12-01T13:47:13.720+0300] {processor.py:829} INFO - Processing file /home/petr/project/venv/lib/python3.10/site-packages/airflow/example_dags/example_sla_dag.py for tasks to queue
[2023-12-01T13:47:13.720+0300] {logging_mixin.py:154} INFO - [2023-12-01T13:47:13.720+0300] {dagbag.py:536} INFO - Filling up the DagBag from /home/petr/project/venv/lib/python3.10/site-packages/airflow/example_dags/example_sla_dag.py
[2023-12-01T13:47:13.727+0300] {processor.py:839} INFO - DAG(s) dict_keys(['example_sla_dag']) retrieved from /home/petr/project/venv/lib/python3.10/site-packages/airflow/example_dags/example_sla_dag.py
[2023-12-01T13:47:13.753+0300] {logging_mixin.py:154} INFO - [2023-12-01T13:47:13.752+0300] {dag.py:2941} INFO - Sync 1 DAGs
[2023-12-01T13:47:13.770+0300] {logging_mixin.py:154} INFO - [2023-12-01T13:47:13.770+0300] {dag.py:3722} INFO - Setting next_dagrun for example_sla_dag to 2023-12-01T10:44:00+00:00, run_after=2023-12-01T10:46:00+00:00
[2023-12-01T13:47:13.786+0300] {processor.py:179} INFO - Processing /home/petr/project/venv/lib/python3.10/site-packages/airflow/example_dags/example_sla_dag.py took 0.071 seconds
[2023-12-01T13:47:44.488+0300] {processor.py:157} INFO - Started process (PID=5161) to work on /home/petr/project/venv/lib/python3.10/site-packages/airflow/example_dags/example_sla_dag.py
[2023-12-01T13:47:44.490+0300] {processor.py:829} INFO - Processing file /home/petr/project/venv/lib/python3.10/site-packages/airflow/example_dags/example_sla_dag.py for tasks to queue
[2023-12-01T13:47:44.490+0300] {logging_mixin.py:154} INFO - [2023-12-01T13:47:44.490+0300] {dagbag.py:536} INFO - Filling up the DagBag from /home/petr/project/venv/lib/python3.10/site-packages/airflow/example_dags/example_sla_dag.py
[2023-12-01T13:47:44.497+0300] {processor.py:839} INFO - DAG(s) dict_keys(['example_sla_dag']) retrieved from /home/petr/project/venv/lib/python3.10/site-packages/airflow/example_dags/example_sla_dag.py
[2023-12-01T13:47:44.526+0300] {logging_mixin.py:154} INFO - [2023-12-01T13:47:44.526+0300] {dag.py:2941} INFO - Sync 1 DAGs
[2023-12-01T13:47:44.544+0300] {logging_mixin.py:154} INFO - [2023-12-01T13:47:44.544+0300] {dag.py:3722} INFO - Setting next_dagrun for example_sla_dag to 2023-12-01T10:44:00+00:00, run_after=2023-12-01T10:46:00+00:00
[2023-12-01T13:47:44.559+0300] {processor.py:179} INFO - Processing /home/petr/project/venv/lib/python3.10/site-packages/airflow/example_dags/example_sla_dag.py took 0.074 seconds
[2023-12-01T13:49:09.986+0300] {processor.py:157} INFO - Started process (PID=5307) to work on /home/petr/project/venv/lib/python3.10/site-packages/airflow/example_dags/example_sla_dag.py
[2023-12-01T13:49:09.988+0300] {processor.py:829} INFO - Processing file /home/petr/project/venv/lib/python3.10/site-packages/airflow/example_dags/example_sla_dag.py for tasks to queue
[2023-12-01T13:49:09.988+0300] {logging_mixin.py:154} INFO - [2023-12-01T13:49:09.988+0300] {dagbag.py:536} INFO - Filling up the DagBag from /home/petr/project/venv/lib/python3.10/site-packages/airflow/example_dags/example_sla_dag.py
[2023-12-01T13:49:09.996+0300] {processor.py:839} INFO - DAG(s) dict_keys(['example_sla_dag']) retrieved from /home/petr/project/venv/lib/python3.10/site-packages/airflow/example_dags/example_sla_dag.py
[2023-12-01T13:49:10.028+0300] {logging_mixin.py:154} INFO - [2023-12-01T13:49:10.028+0300] {dag.py:2941} INFO - Sync 1 DAGs
[2023-12-01T13:49:10.046+0300] {logging_mixin.py:154} INFO - [2023-12-01T13:49:10.046+0300] {dag.py:3722} INFO - Setting next_dagrun for example_sla_dag to 2023-12-01T10:46:00+00:00, run_after=2023-12-01T10:48:00+00:00
[2023-12-01T13:49:10.063+0300] {processor.py:179} INFO - Processing /home/petr/project/venv/lib/python3.10/site-packages/airflow/example_dags/example_sla_dag.py took 0.080 seconds
[2023-12-01T13:49:41.035+0300] {processor.py:157} INFO - Started process (PID=5407) to work on /home/petr/project/venv/lib/python3.10/site-packages/airflow/example_dags/example_sla_dag.py
[2023-12-01T13:49:41.049+0300] {processor.py:829} INFO - Processing file /home/petr/project/venv/lib/python3.10/site-packages/airflow/example_dags/example_sla_dag.py for tasks to queue
[2023-12-01T13:49:41.056+0300] {logging_mixin.py:154} INFO - [2023-12-01T13:49:41.056+0300] {dagbag.py:536} INFO - Filling up the DagBag from /home/petr/project/venv/lib/python3.10/site-packages/airflow/example_dags/example_sla_dag.py
[2023-12-01T13:49:41.074+0300] {processor.py:839} INFO - DAG(s) dict_keys(['example_sla_dag']) retrieved from /home/petr/project/venv/lib/python3.10/site-packages/airflow/example_dags/example_sla_dag.py
[2023-12-01T13:49:41.125+0300] {logging_mixin.py:154} INFO - [2023-12-01T13:49:41.125+0300] {dag.py:2941} INFO - Sync 1 DAGs
[2023-12-01T13:49:41.188+0300] {logging_mixin.py:154} INFO - [2023-12-01T13:49:41.188+0300] {dag.py:3722} INFO - Setting next_dagrun for example_sla_dag to 2023-12-01T10:46:00+00:00, run_after=2023-12-01T10:48:00+00:00
[2023-12-01T13:49:41.259+0300] {processor.py:179} INFO - Processing /home/petr/project/venv/lib/python3.10/site-packages/airflow/example_dags/example_sla_dag.py took 0.228 seconds
[2023-12-01T13:50:11.740+0300] {processor.py:157} INFO - Started process (PID=5517) to work on /home/petr/project/venv/lib/python3.10/site-packages/airflow/example_dags/example_sla_dag.py
[2023-12-01T13:50:11.741+0300] {processor.py:829} INFO - Processing file /home/petr/project/venv/lib/python3.10/site-packages/airflow/example_dags/example_sla_dag.py for tasks to queue
[2023-12-01T13:50:11.742+0300] {logging_mixin.py:154} INFO - [2023-12-01T13:50:11.742+0300] {dagbag.py:536} INFO - Filling up the DagBag from /home/petr/project/venv/lib/python3.10/site-packages/airflow/example_dags/example_sla_dag.py
[2023-12-01T13:50:11.748+0300] {processor.py:839} INFO - DAG(s) dict_keys(['example_sla_dag']) retrieved from /home/petr/project/venv/lib/python3.10/site-packages/airflow/example_dags/example_sla_dag.py
[2023-12-01T13:50:11.772+0300] {logging_mixin.py:154} INFO - [2023-12-01T13:50:11.771+0300] {dag.py:2941} INFO - Sync 1 DAGs
[2023-12-01T13:50:11.788+0300] {logging_mixin.py:154} INFO - [2023-12-01T13:50:11.788+0300] {dag.py:3722} INFO - Setting next_dagrun for example_sla_dag to 2023-12-01T10:48:00+00:00, run_after=2023-12-01T10:50:00+00:00
[2023-12-01T13:50:11.802+0300] {processor.py:179} INFO - Processing /home/petr/project/venv/lib/python3.10/site-packages/airflow/example_dags/example_sla_dag.py took 0.066 seconds
[2023-12-01T20:00:43.866+0300] {processor.py:157} INFO - Started process (PID=5742) to work on /home/petr/project/venv/lib/python3.10/site-packages/airflow/example_dags/example_sla_dag.py
[2023-12-01T20:00:43.964+0300] {processor.py:829} INFO - Processing file /home/petr/project/venv/lib/python3.10/site-packages/airflow/example_dags/example_sla_dag.py for tasks to queue
[2023-12-01T20:00:43.965+0300] {logging_mixin.py:154} INFO - [2023-12-01T20:00:43.965+0300] {dagbag.py:536} INFO - Filling up the DagBag from /home/petr/project/venv/lib/python3.10/site-packages/airflow/example_dags/example_sla_dag.py
[2023-12-01T20:00:44.200+0300] {processor.py:839} INFO - DAG(s) dict_keys(['example_sla_dag']) retrieved from /home/petr/project/venv/lib/python3.10/site-packages/airflow/example_dags/example_sla_dag.py
[2023-12-01T20:00:44.770+0300] {logging_mixin.py:154} INFO - [2023-12-01T20:00:44.769+0300] {dag.py:2941} INFO - Sync 1 DAGs
[2023-12-01T20:00:45.236+0300] {logging_mixin.py:154} INFO - [2023-12-01T20:00:45.172+0300] {dag.py:3722} INFO - Setting next_dagrun for example_sla_dag to 2023-12-01T16:58:00+00:00, run_after=2023-12-01T17:00:00+00:00
[2023-12-01T20:00:45.563+0300] {processor.py:179} INFO - Processing /home/petr/project/venv/lib/python3.10/site-packages/airflow/example_dags/example_sla_dag.py took 1.863 seconds
