[2023-12-01T13:38:05.294+0300] {processor.py:157} INFO - Started process (PID=3340) to work on /home/petr/project/venv/lib/python3.10/site-packages/airflow/example_dags/example_task_group.py
[2023-12-01T13:38:05.296+0300] {processor.py:829} INFO - Processing file /home/petr/project/venv/lib/python3.10/site-packages/airflow/example_dags/example_task_group.py for tasks to queue
[2023-12-01T13:38:05.296+0300] {logging_mixin.py:154} INFO - [2023-12-01T13:38:05.296+0300] {dagbag.py:536} INFO - Filling up the DagBag from /home/petr/project/venv/lib/python3.10/site-packages/airflow/example_dags/example_task_group.py
[2023-12-01T13:38:05.305+0300] {processor.py:839} INFO - DAG(s) dict_keys(['example_task_group']) retrieved from /home/petr/project/venv/lib/python3.10/site-packages/airflow/example_dags/example_task_group.py
[2023-12-01T13:38:05.334+0300] {logging_mixin.py:154} INFO - [2023-12-01T13:38:05.334+0300] {dag.py:2941} INFO - Sync 1 DAGs
[2023-12-01T13:38:05.352+0300] {logging_mixin.py:154} INFO - [2023-12-01T13:38:05.352+0300] {dag.py:3722} INFO - Setting next_dagrun for example_task_group to 2023-11-30T10:38:05.352621+00:00, run_after=2023-12-01T10:38:05.352621+00:00
[2023-12-01T13:38:05.378+0300] {processor.py:179} INFO - Processing /home/petr/project/venv/lib/python3.10/site-packages/airflow/example_dags/example_task_group.py took 0.087 seconds
[2023-12-01T13:38:35.795+0300] {processor.py:157} INFO - Started process (PID=3444) to work on /home/petr/project/venv/lib/python3.10/site-packages/airflow/example_dags/example_task_group.py
[2023-12-01T13:38:35.796+0300] {processor.py:829} INFO - Processing file /home/petr/project/venv/lib/python3.10/site-packages/airflow/example_dags/example_task_group.py for tasks to queue
[2023-12-01T13:38:35.797+0300] {logging_mixin.py:154} INFO - [2023-12-01T13:38:35.796+0300] {dagbag.py:536} INFO - Filling up the DagBag from /home/petr/project/venv/lib/python3.10/site-packages/airflow/example_dags/example_task_group.py
[2023-12-01T13:38:35.850+0300] {processor.py:839} INFO - DAG(s) dict_keys(['example_task_group']) retrieved from /home/petr/project/venv/lib/python3.10/site-packages/airflow/example_dags/example_task_group.py
[2023-12-01T13:38:36.010+0300] {logging_mixin.py:154} INFO - [2023-12-01T13:38:36.010+0300] {dag.py:2941} INFO - Sync 1 DAGs
[2023-12-01T13:38:36.091+0300] {logging_mixin.py:154} INFO - [2023-12-01T13:38:36.091+0300] {dag.py:3722} INFO - Setting next_dagrun for example_task_group to 2023-11-30T10:38:36.091054+00:00, run_after=2023-12-01T10:38:36.091054+00:00
[2023-12-01T13:38:36.190+0300] {processor.py:179} INFO - Processing /home/petr/project/venv/lib/python3.10/site-packages/airflow/example_dags/example_task_group.py took 0.420 seconds
[2023-12-01T13:39:06.269+0300] {processor.py:157} INFO - Started process (PID=3545) to work on /home/petr/project/venv/lib/python3.10/site-packages/airflow/example_dags/example_task_group.py
[2023-12-01T13:39:06.270+0300] {processor.py:829} INFO - Processing file /home/petr/project/venv/lib/python3.10/site-packages/airflow/example_dags/example_task_group.py for tasks to queue
[2023-12-01T13:39:06.270+0300] {logging_mixin.py:154} INFO - [2023-12-01T13:39:06.270+0300] {dagbag.py:536} INFO - Filling up the DagBag from /home/petr/project/venv/lib/python3.10/site-packages/airflow/example_dags/example_task_group.py
[2023-12-01T13:39:06.277+0300] {processor.py:839} INFO - DAG(s) dict_keys(['example_task_group']) retrieved from /home/petr/project/venv/lib/python3.10/site-packages/airflow/example_dags/example_task_group.py
[2023-12-01T13:39:06.347+0300] {logging_mixin.py:154} INFO - [2023-12-01T13:39:06.346+0300] {dag.py:2941} INFO - Sync 1 DAGs
[2023-12-01T13:39:06.383+0300] {logging_mixin.py:154} INFO - [2023-12-01T13:39:06.383+0300] {dag.py:3722} INFO - Setting next_dagrun for example_task_group to 2023-11-30T10:39:06.383370+00:00, run_after=2023-12-01T10:39:06.383370+00:00
[2023-12-01T13:39:06.417+0300] {processor.py:179} INFO - Processing /home/petr/project/venv/lib/python3.10/site-packages/airflow/example_dags/example_task_group.py took 0.158 seconds
[2023-12-01T13:39:37.309+0300] {processor.py:157} INFO - Started process (PID=3652) to work on /home/petr/project/venv/lib/python3.10/site-packages/airflow/example_dags/example_task_group.py
[2023-12-01T13:39:37.309+0300] {processor.py:829} INFO - Processing file /home/petr/project/venv/lib/python3.10/site-packages/airflow/example_dags/example_task_group.py for tasks to queue
[2023-12-01T13:39:37.310+0300] {logging_mixin.py:154} INFO - [2023-12-01T13:39:37.310+0300] {dagbag.py:536} INFO - Filling up the DagBag from /home/petr/project/venv/lib/python3.10/site-packages/airflow/example_dags/example_task_group.py
[2023-12-01T13:39:37.333+0300] {processor.py:839} INFO - DAG(s) dict_keys(['example_task_group']) retrieved from /home/petr/project/venv/lib/python3.10/site-packages/airflow/example_dags/example_task_group.py
[2023-12-01T13:39:37.389+0300] {logging_mixin.py:154} INFO - [2023-12-01T13:39:37.389+0300] {dag.py:2941} INFO - Sync 1 DAGs
[2023-12-01T13:39:37.420+0300] {logging_mixin.py:154} INFO - [2023-12-01T13:39:37.420+0300] {dag.py:3722} INFO - Setting next_dagrun for example_task_group to 2023-11-30T10:39:37.420252+00:00, run_after=2023-12-01T10:39:37.420252+00:00
[2023-12-01T13:39:37.451+0300] {processor.py:179} INFO - Processing /home/petr/project/venv/lib/python3.10/site-packages/airflow/example_dags/example_task_group.py took 0.145 seconds
[2023-12-01T13:40:09.075+0300] {processor.py:157} INFO - Started process (PID=3781) to work on /home/petr/project/venv/lib/python3.10/site-packages/airflow/example_dags/example_task_group.py
[2023-12-01T13:40:09.082+0300] {processor.py:829} INFO - Processing file /home/petr/project/venv/lib/python3.10/site-packages/airflow/example_dags/example_task_group.py for tasks to queue
[2023-12-01T13:40:09.082+0300] {logging_mixin.py:154} INFO - [2023-12-01T13:40:09.082+0300] {dagbag.py:536} INFO - Filling up the DagBag from /home/petr/project/venv/lib/python3.10/site-packages/airflow/example_dags/example_task_group.py
[2023-12-01T13:40:09.109+0300] {processor.py:839} INFO - DAG(s) dict_keys(['example_task_group']) retrieved from /home/petr/project/venv/lib/python3.10/site-packages/airflow/example_dags/example_task_group.py
[2023-12-01T13:40:09.201+0300] {logging_mixin.py:154} INFO - [2023-12-01T13:40:09.201+0300] {dag.py:2941} INFO - Sync 1 DAGs
[2023-12-01T13:40:09.265+0300] {logging_mixin.py:154} INFO - [2023-12-01T13:40:09.265+0300] {dag.py:3722} INFO - Setting next_dagrun for example_task_group to 2023-11-30T10:40:09.265422+00:00, run_after=2023-12-01T10:40:09.265422+00:00
[2023-12-01T13:40:09.371+0300] {processor.py:179} INFO - Processing /home/petr/project/venv/lib/python3.10/site-packages/airflow/example_dags/example_task_group.py took 0.300 seconds
[2023-12-01T13:40:40.055+0300] {processor.py:157} INFO - Started process (PID=3886) to work on /home/petr/project/venv/lib/python3.10/site-packages/airflow/example_dags/example_task_group.py
[2023-12-01T13:40:40.062+0300] {processor.py:829} INFO - Processing file /home/petr/project/venv/lib/python3.10/site-packages/airflow/example_dags/example_task_group.py for tasks to queue
[2023-12-01T13:40:40.063+0300] {logging_mixin.py:154} INFO - [2023-12-01T13:40:40.063+0300] {dagbag.py:536} INFO - Filling up the DagBag from /home/petr/project/venv/lib/python3.10/site-packages/airflow/example_dags/example_task_group.py
[2023-12-01T13:40:40.069+0300] {processor.py:839} INFO - DAG(s) dict_keys(['example_task_group']) retrieved from /home/petr/project/venv/lib/python3.10/site-packages/airflow/example_dags/example_task_group.py
[2023-12-01T13:40:40.123+0300] {logging_mixin.py:154} INFO - [2023-12-01T13:40:40.123+0300] {dag.py:2941} INFO - Sync 1 DAGs
[2023-12-01T13:40:40.156+0300] {logging_mixin.py:154} INFO - [2023-12-01T13:40:40.155+0300] {dag.py:3722} INFO - Setting next_dagrun for example_task_group to 2023-11-30T10:40:40.155681+00:00, run_after=2023-12-01T10:40:40.155681+00:00
[2023-12-01T13:40:40.189+0300] {processor.py:179} INFO - Processing /home/petr/project/venv/lib/python3.10/site-packages/airflow/example_dags/example_task_group.py took 0.137 seconds
[2023-12-01T13:41:10.384+0300] {processor.py:157} INFO - Started process (PID=3985) to work on /home/petr/project/venv/lib/python3.10/site-packages/airflow/example_dags/example_task_group.py
[2023-12-01T13:41:10.390+0300] {processor.py:829} INFO - Processing file /home/petr/project/venv/lib/python3.10/site-packages/airflow/example_dags/example_task_group.py for tasks to queue
[2023-12-01T13:41:10.390+0300] {logging_mixin.py:154} INFO - [2023-12-01T13:41:10.390+0300] {dagbag.py:536} INFO - Filling up the DagBag from /home/petr/project/venv/lib/python3.10/site-packages/airflow/example_dags/example_task_group.py
[2023-12-01T13:41:10.397+0300] {processor.py:839} INFO - DAG(s) dict_keys(['example_task_group']) retrieved from /home/petr/project/venv/lib/python3.10/site-packages/airflow/example_dags/example_task_group.py
[2023-12-01T13:41:10.492+0300] {logging_mixin.py:154} INFO - [2023-12-01T13:41:10.491+0300] {dag.py:2941} INFO - Sync 1 DAGs
[2023-12-01T13:41:10.540+0300] {logging_mixin.py:154} INFO - [2023-12-01T13:41:10.540+0300] {dag.py:3722} INFO - Setting next_dagrun for example_task_group to 2023-11-30T10:41:10.540214+00:00, run_after=2023-12-01T10:41:10.540214+00:00
[2023-12-01T13:41:10.577+0300] {processor.py:179} INFO - Processing /home/petr/project/venv/lib/python3.10/site-packages/airflow/example_dags/example_task_group.py took 0.195 seconds
[2023-12-01T13:41:41.159+0300] {processor.py:157} INFO - Started process (PID=4088) to work on /home/petr/project/venv/lib/python3.10/site-packages/airflow/example_dags/example_task_group.py
[2023-12-01T13:41:41.165+0300] {processor.py:829} INFO - Processing file /home/petr/project/venv/lib/python3.10/site-packages/airflow/example_dags/example_task_group.py for tasks to queue
[2023-12-01T13:41:41.168+0300] {logging_mixin.py:154} INFO - [2023-12-01T13:41:41.167+0300] {dagbag.py:536} INFO - Filling up the DagBag from /home/petr/project/venv/lib/python3.10/site-packages/airflow/example_dags/example_task_group.py
[2023-12-01T13:41:41.174+0300] {processor.py:839} INFO - DAG(s) dict_keys(['example_task_group']) retrieved from /home/petr/project/venv/lib/python3.10/site-packages/airflow/example_dags/example_task_group.py
[2023-12-01T13:41:41.222+0300] {logging_mixin.py:154} INFO - [2023-12-01T13:41:41.222+0300] {dag.py:2941} INFO - Sync 1 DAGs
[2023-12-01T13:41:41.270+0300] {logging_mixin.py:154} INFO - [2023-12-01T13:41:41.270+0300] {dag.py:3722} INFO - Setting next_dagrun for example_task_group to 2023-11-30T10:41:41.270055+00:00, run_after=2023-12-01T10:41:41.270055+00:00
[2023-12-01T13:41:41.292+0300] {processor.py:179} INFO - Processing /home/petr/project/venv/lib/python3.10/site-packages/airflow/example_dags/example_task_group.py took 0.137 seconds
[2023-12-01T13:42:11.624+0300] {processor.py:157} INFO - Started process (PID=4196) to work on /home/petr/project/venv/lib/python3.10/site-packages/airflow/example_dags/example_task_group.py
[2023-12-01T13:42:11.639+0300] {processor.py:829} INFO - Processing file /home/petr/project/venv/lib/python3.10/site-packages/airflow/example_dags/example_task_group.py for tasks to queue
[2023-12-01T13:42:11.639+0300] {logging_mixin.py:154} INFO - [2023-12-01T13:42:11.639+0300] {dagbag.py:536} INFO - Filling up the DagBag from /home/petr/project/venv/lib/python3.10/site-packages/airflow/example_dags/example_task_group.py
[2023-12-01T13:42:11.664+0300] {processor.py:839} INFO - DAG(s) dict_keys(['example_task_group']) retrieved from /home/petr/project/venv/lib/python3.10/site-packages/airflow/example_dags/example_task_group.py
[2023-12-01T13:42:11.722+0300] {logging_mixin.py:154} INFO - [2023-12-01T13:42:11.722+0300] {dag.py:2941} INFO - Sync 1 DAGs
[2023-12-01T13:42:11.758+0300] {logging_mixin.py:154} INFO - [2023-12-01T13:42:11.758+0300] {dag.py:3722} INFO - Setting next_dagrun for example_task_group to 2023-11-30T10:42:11.758398+00:00, run_after=2023-12-01T10:42:11.758398+00:00
[2023-12-01T13:42:11.785+0300] {processor.py:179} INFO - Processing /home/petr/project/venv/lib/python3.10/site-packages/airflow/example_dags/example_task_group.py took 0.164 seconds
[2023-12-01T13:42:42.358+0300] {processor.py:157} INFO - Started process (PID=4300) to work on /home/petr/project/venv/lib/python3.10/site-packages/airflow/example_dags/example_task_group.py
[2023-12-01T13:42:42.370+0300] {processor.py:829} INFO - Processing file /home/petr/project/venv/lib/python3.10/site-packages/airflow/example_dags/example_task_group.py for tasks to queue
[2023-12-01T13:42:42.370+0300] {logging_mixin.py:154} INFO - [2023-12-01T13:42:42.370+0300] {dagbag.py:536} INFO - Filling up the DagBag from /home/petr/project/venv/lib/python3.10/site-packages/airflow/example_dags/example_task_group.py
[2023-12-01T13:42:42.387+0300] {processor.py:839} INFO - DAG(s) dict_keys(['example_task_group']) retrieved from /home/petr/project/venv/lib/python3.10/site-packages/airflow/example_dags/example_task_group.py
[2023-12-01T13:42:42.429+0300] {logging_mixin.py:154} INFO - [2023-12-01T13:42:42.429+0300] {dag.py:2941} INFO - Sync 1 DAGs
[2023-12-01T13:42:42.470+0300] {logging_mixin.py:154} INFO - [2023-12-01T13:42:42.466+0300] {dag.py:3722} INFO - Setting next_dagrun for example_task_group to 2023-11-30T10:42:42.466427+00:00, run_after=2023-12-01T10:42:42.466427+00:00
[2023-12-01T13:42:42.502+0300] {processor.py:179} INFO - Processing /home/petr/project/venv/lib/python3.10/site-packages/airflow/example_dags/example_task_group.py took 0.146 seconds
[2023-12-01T13:43:13.570+0300] {processor.py:157} INFO - Started process (PID=4400) to work on /home/petr/project/venv/lib/python3.10/site-packages/airflow/example_dags/example_task_group.py
[2023-12-01T13:43:13.579+0300] {processor.py:829} INFO - Processing file /home/petr/project/venv/lib/python3.10/site-packages/airflow/example_dags/example_task_group.py for tasks to queue
[2023-12-01T13:43:13.580+0300] {logging_mixin.py:154} INFO - [2023-12-01T13:43:13.580+0300] {dagbag.py:536} INFO - Filling up the DagBag from /home/petr/project/venv/lib/python3.10/site-packages/airflow/example_dags/example_task_group.py
[2023-12-01T13:43:13.597+0300] {processor.py:839} INFO - DAG(s) dict_keys(['example_task_group']) retrieved from /home/petr/project/venv/lib/python3.10/site-packages/airflow/example_dags/example_task_group.py
[2023-12-01T13:43:13.642+0300] {logging_mixin.py:154} INFO - [2023-12-01T13:43:13.642+0300] {dag.py:2941} INFO - Sync 1 DAGs
[2023-12-01T13:43:13.670+0300] {logging_mixin.py:154} INFO - [2023-12-01T13:43:13.669+0300] {dag.py:3722} INFO - Setting next_dagrun for example_task_group to 2023-11-30T10:43:13.669800+00:00, run_after=2023-12-01T10:43:13.669800+00:00
[2023-12-01T13:43:13.695+0300] {processor.py:179} INFO - Processing /home/petr/project/venv/lib/python3.10/site-packages/airflow/example_dags/example_task_group.py took 0.128 seconds
[2023-12-01T13:43:45.164+0300] {processor.py:157} INFO - Started process (PID=4500) to work on /home/petr/project/venv/lib/python3.10/site-packages/airflow/example_dags/example_task_group.py
[2023-12-01T13:43:45.174+0300] {processor.py:829} INFO - Processing file /home/petr/project/venv/lib/python3.10/site-packages/airflow/example_dags/example_task_group.py for tasks to queue
[2023-12-01T13:43:45.175+0300] {logging_mixin.py:154} INFO - [2023-12-01T13:43:45.175+0300] {dagbag.py:536} INFO - Filling up the DagBag from /home/petr/project/venv/lib/python3.10/site-packages/airflow/example_dags/example_task_group.py
[2023-12-01T13:43:45.194+0300] {processor.py:839} INFO - DAG(s) dict_keys(['example_task_group']) retrieved from /home/petr/project/venv/lib/python3.10/site-packages/airflow/example_dags/example_task_group.py
[2023-12-01T13:43:45.303+0300] {logging_mixin.py:154} INFO - [2023-12-01T13:43:45.303+0300] {dag.py:2941} INFO - Sync 1 DAGs
[2023-12-01T13:43:45.388+0300] {logging_mixin.py:154} INFO - [2023-12-01T13:43:45.387+0300] {dag.py:3722} INFO - Setting next_dagrun for example_task_group to 2023-11-30T10:43:45.387715+00:00, run_after=2023-12-01T10:43:45.387715+00:00
[2023-12-01T13:43:45.484+0300] {processor.py:179} INFO - Processing /home/petr/project/venv/lib/python3.10/site-packages/airflow/example_dags/example_task_group.py took 0.323 seconds
[2023-12-01T13:44:15.682+0300] {processor.py:157} INFO - Started process (PID=4599) to work on /home/petr/project/venv/lib/python3.10/site-packages/airflow/example_dags/example_task_group.py
[2023-12-01T13:44:15.684+0300] {processor.py:829} INFO - Processing file /home/petr/project/venv/lib/python3.10/site-packages/airflow/example_dags/example_task_group.py for tasks to queue
[2023-12-01T13:44:15.684+0300] {logging_mixin.py:154} INFO - [2023-12-01T13:44:15.684+0300] {dagbag.py:536} INFO - Filling up the DagBag from /home/petr/project/venv/lib/python3.10/site-packages/airflow/example_dags/example_task_group.py
[2023-12-01T13:44:15.691+0300] {processor.py:839} INFO - DAG(s) dict_keys(['example_task_group']) retrieved from /home/petr/project/venv/lib/python3.10/site-packages/airflow/example_dags/example_task_group.py
[2023-12-01T13:44:15.713+0300] {logging_mixin.py:154} INFO - [2023-12-01T13:44:15.713+0300] {dag.py:2941} INFO - Sync 1 DAGs
[2023-12-01T13:44:15.728+0300] {logging_mixin.py:154} INFO - [2023-12-01T13:44:15.728+0300] {dag.py:3722} INFO - Setting next_dagrun for example_task_group to 2023-11-30T10:44:15.727849+00:00, run_after=2023-12-01T10:44:15.727849+00:00
[2023-12-01T13:44:15.747+0300] {processor.py:179} INFO - Processing /home/petr/project/venv/lib/python3.10/site-packages/airflow/example_dags/example_task_group.py took 0.068 seconds
[2023-12-01T13:44:47.104+0300] {processor.py:157} INFO - Started process (PID=4700) to work on /home/petr/project/venv/lib/python3.10/site-packages/airflow/example_dags/example_task_group.py
[2023-12-01T13:44:47.109+0300] {processor.py:829} INFO - Processing file /home/petr/project/venv/lib/python3.10/site-packages/airflow/example_dags/example_task_group.py for tasks to queue
[2023-12-01T13:44:47.110+0300] {logging_mixin.py:154} INFO - [2023-12-01T13:44:47.110+0300] {dagbag.py:536} INFO - Filling up the DagBag from /home/petr/project/venv/lib/python3.10/site-packages/airflow/example_dags/example_task_group.py
[2023-12-01T13:44:47.116+0300] {processor.py:839} INFO - DAG(s) dict_keys(['example_task_group']) retrieved from /home/petr/project/venv/lib/python3.10/site-packages/airflow/example_dags/example_task_group.py
[2023-12-01T13:44:47.172+0300] {logging_mixin.py:154} INFO - [2023-12-01T13:44:47.172+0300] {dag.py:2941} INFO - Sync 1 DAGs
[2023-12-01T13:44:47.218+0300] {logging_mixin.py:154} INFO - [2023-12-01T13:44:47.218+0300] {dag.py:3722} INFO - Setting next_dagrun for example_task_group to 2023-11-30T10:44:47.217802+00:00, run_after=2023-12-01T10:44:47.217802+00:00
[2023-12-01T13:44:47.281+0300] {processor.py:179} INFO - Processing /home/petr/project/venv/lib/python3.10/site-packages/airflow/example_dags/example_task_group.py took 0.181 seconds
[2023-12-01T13:45:17.706+0300] {processor.py:157} INFO - Started process (PID=4818) to work on /home/petr/project/venv/lib/python3.10/site-packages/airflow/example_dags/example_task_group.py
[2023-12-01T13:45:17.711+0300] {processor.py:829} INFO - Processing file /home/petr/project/venv/lib/python3.10/site-packages/airflow/example_dags/example_task_group.py for tasks to queue
[2023-12-01T13:45:17.712+0300] {logging_mixin.py:154} INFO - [2023-12-01T13:45:17.712+0300] {dagbag.py:536} INFO - Filling up the DagBag from /home/petr/project/venv/lib/python3.10/site-packages/airflow/example_dags/example_task_group.py
[2023-12-01T13:45:17.718+0300] {processor.py:839} INFO - DAG(s) dict_keys(['example_task_group']) retrieved from /home/petr/project/venv/lib/python3.10/site-packages/airflow/example_dags/example_task_group.py
[2023-12-01T13:45:17.786+0300] {logging_mixin.py:154} INFO - [2023-12-01T13:45:17.785+0300] {dag.py:2941} INFO - Sync 1 DAGs
[2023-12-01T13:45:17.821+0300] {logging_mixin.py:154} INFO - [2023-12-01T13:45:17.821+0300] {dag.py:3722} INFO - Setting next_dagrun for example_task_group to 2023-11-30T10:45:17.821477+00:00, run_after=2023-12-01T10:45:17.821477+00:00
[2023-12-01T13:45:17.860+0300] {processor.py:179} INFO - Processing /home/petr/project/venv/lib/python3.10/site-packages/airflow/example_dags/example_task_group.py took 0.157 seconds
[2023-12-01T13:46:43.568+0300] {processor.py:157} INFO - Started process (PID=4935) to work on /home/petr/project/venv/lib/python3.10/site-packages/airflow/example_dags/example_task_group.py
[2023-12-01T13:46:43.578+0300] {processor.py:829} INFO - Processing file /home/petr/project/venv/lib/python3.10/site-packages/airflow/example_dags/example_task_group.py for tasks to queue
[2023-12-01T13:46:43.580+0300] {logging_mixin.py:154} INFO - [2023-12-01T13:46:43.579+0300] {dagbag.py:536} INFO - Filling up the DagBag from /home/petr/project/venv/lib/python3.10/site-packages/airflow/example_dags/example_task_group.py
[2023-12-01T13:46:43.612+0300] {processor.py:839} INFO - DAG(s) dict_keys(['example_task_group']) retrieved from /home/petr/project/venv/lib/python3.10/site-packages/airflow/example_dags/example_task_group.py
[2023-12-01T13:46:43.740+0300] {logging_mixin.py:154} INFO - [2023-12-01T13:46:43.740+0300] {dag.py:2941} INFO - Sync 1 DAGs
[2023-12-01T13:46:43.803+0300] {logging_mixin.py:154} INFO - [2023-12-01T13:46:43.803+0300] {dag.py:3722} INFO - Setting next_dagrun for example_task_group to 2023-11-30T10:46:43.803031+00:00, run_after=2023-12-01T10:46:43.803031+00:00
[2023-12-01T13:46:43.967+0300] {processor.py:179} INFO - Processing /home/petr/project/venv/lib/python3.10/site-packages/airflow/example_dags/example_task_group.py took 0.406 seconds
[2023-12-01T13:47:14.012+0300] {processor.py:157} INFO - Started process (PID=5040) to work on /home/petr/project/venv/lib/python3.10/site-packages/airflow/example_dags/example_task_group.py
[2023-12-01T13:47:14.016+0300] {processor.py:829} INFO - Processing file /home/petr/project/venv/lib/python3.10/site-packages/airflow/example_dags/example_task_group.py for tasks to queue
[2023-12-01T13:47:14.017+0300] {logging_mixin.py:154} INFO - [2023-12-01T13:47:14.017+0300] {dagbag.py:536} INFO - Filling up the DagBag from /home/petr/project/venv/lib/python3.10/site-packages/airflow/example_dags/example_task_group.py
[2023-12-01T13:47:14.024+0300] {processor.py:839} INFO - DAG(s) dict_keys(['example_task_group']) retrieved from /home/petr/project/venv/lib/python3.10/site-packages/airflow/example_dags/example_task_group.py
[2023-12-01T13:47:14.049+0300] {logging_mixin.py:154} INFO - [2023-12-01T13:47:14.049+0300] {dag.py:2941} INFO - Sync 1 DAGs
[2023-12-01T13:47:14.070+0300] {logging_mixin.py:154} INFO - [2023-12-01T13:47:14.070+0300] {dag.py:3722} INFO - Setting next_dagrun for example_task_group to 2023-11-30T10:47:14.069925+00:00, run_after=2023-12-01T10:47:14.069925+00:00
[2023-12-01T13:47:14.088+0300] {processor.py:179} INFO - Processing /home/petr/project/venv/lib/python3.10/site-packages/airflow/example_dags/example_task_group.py took 0.079 seconds
[2023-12-01T13:47:44.725+0300] {processor.py:157} INFO - Started process (PID=5167) to work on /home/petr/project/venv/lib/python3.10/site-packages/airflow/example_dags/example_task_group.py
[2023-12-01T13:47:44.743+0300] {processor.py:829} INFO - Processing file /home/petr/project/venv/lib/python3.10/site-packages/airflow/example_dags/example_task_group.py for tasks to queue
[2023-12-01T13:47:44.746+0300] {logging_mixin.py:154} INFO - [2023-12-01T13:47:44.744+0300] {dagbag.py:536} INFO - Filling up the DagBag from /home/petr/project/venv/lib/python3.10/site-packages/airflow/example_dags/example_task_group.py
[2023-12-01T13:47:44.758+0300] {processor.py:839} INFO - DAG(s) dict_keys(['example_task_group']) retrieved from /home/petr/project/venv/lib/python3.10/site-packages/airflow/example_dags/example_task_group.py
[2023-12-01T13:47:44.805+0300] {logging_mixin.py:154} INFO - [2023-12-01T13:47:44.805+0300] {dag.py:2941} INFO - Sync 1 DAGs
[2023-12-01T13:47:44.831+0300] {logging_mixin.py:154} INFO - [2023-12-01T13:47:44.831+0300] {dag.py:3722} INFO - Setting next_dagrun for example_task_group to 2023-11-30T10:47:44.831452+00:00, run_after=2023-12-01T10:47:44.831452+00:00
[2023-12-01T13:47:44.857+0300] {processor.py:179} INFO - Processing /home/petr/project/venv/lib/python3.10/site-packages/airflow/example_dags/example_task_group.py took 0.135 seconds
[2023-12-01T13:49:10.266+0300] {processor.py:157} INFO - Started process (PID=5313) to work on /home/petr/project/venv/lib/python3.10/site-packages/airflow/example_dags/example_task_group.py
[2023-12-01T13:49:10.276+0300] {processor.py:829} INFO - Processing file /home/petr/project/venv/lib/python3.10/site-packages/airflow/example_dags/example_task_group.py for tasks to queue
[2023-12-01T13:49:10.277+0300] {logging_mixin.py:154} INFO - [2023-12-01T13:49:10.277+0300] {dagbag.py:536} INFO - Filling up the DagBag from /home/petr/project/venv/lib/python3.10/site-packages/airflow/example_dags/example_task_group.py
[2023-12-01T13:49:10.287+0300] {processor.py:839} INFO - DAG(s) dict_keys(['example_task_group']) retrieved from /home/petr/project/venv/lib/python3.10/site-packages/airflow/example_dags/example_task_group.py
[2023-12-01T13:49:10.353+0300] {logging_mixin.py:154} INFO - [2023-12-01T13:49:10.353+0300] {dag.py:2941} INFO - Sync 1 DAGs
[2023-12-01T13:49:10.404+0300] {logging_mixin.py:154} INFO - [2023-12-01T13:49:10.404+0300] {dag.py:3722} INFO - Setting next_dagrun for example_task_group to 2023-11-30T10:49:10.403866+00:00, run_after=2023-12-01T10:49:10.403866+00:00
[2023-12-01T13:49:10.428+0300] {processor.py:179} INFO - Processing /home/petr/project/venv/lib/python3.10/site-packages/airflow/example_dags/example_task_group.py took 0.165 seconds
[2023-12-01T13:49:41.427+0300] {processor.py:157} INFO - Started process (PID=5413) to work on /home/petr/project/venv/lib/python3.10/site-packages/airflow/example_dags/example_task_group.py
[2023-12-01T13:49:41.429+0300] {processor.py:829} INFO - Processing file /home/petr/project/venv/lib/python3.10/site-packages/airflow/example_dags/example_task_group.py for tasks to queue
[2023-12-01T13:49:41.429+0300] {logging_mixin.py:154} INFO - [2023-12-01T13:49:41.429+0300] {dagbag.py:536} INFO - Filling up the DagBag from /home/petr/project/venv/lib/python3.10/site-packages/airflow/example_dags/example_task_group.py
[2023-12-01T13:49:41.447+0300] {processor.py:839} INFO - DAG(s) dict_keys(['example_task_group']) retrieved from /home/petr/project/venv/lib/python3.10/site-packages/airflow/example_dags/example_task_group.py
[2023-12-01T13:49:41.543+0300] {logging_mixin.py:154} INFO - [2023-12-01T13:49:41.542+0300] {dag.py:2941} INFO - Sync 1 DAGs
[2023-12-01T13:49:41.647+0300] {logging_mixin.py:154} INFO - [2023-12-01T13:49:41.646+0300] {dag.py:3722} INFO - Setting next_dagrun for example_task_group to 2023-11-30T10:49:41.646586+00:00, run_after=2023-12-01T10:49:41.646586+00:00
[2023-12-01T13:49:41.718+0300] {processor.py:179} INFO - Processing /home/petr/project/venv/lib/python3.10/site-packages/airflow/example_dags/example_task_group.py took 0.300 seconds
[2023-12-01T13:50:11.975+0300] {processor.py:157} INFO - Started process (PID=5523) to work on /home/petr/project/venv/lib/python3.10/site-packages/airflow/example_dags/example_task_group.py
[2023-12-01T13:50:11.983+0300] {processor.py:829} INFO - Processing file /home/petr/project/venv/lib/python3.10/site-packages/airflow/example_dags/example_task_group.py for tasks to queue
[2023-12-01T13:50:11.984+0300] {logging_mixin.py:154} INFO - [2023-12-01T13:50:11.984+0300] {dagbag.py:536} INFO - Filling up the DagBag from /home/petr/project/venv/lib/python3.10/site-packages/airflow/example_dags/example_task_group.py
[2023-12-01T13:50:12.002+0300] {processor.py:839} INFO - DAG(s) dict_keys(['example_task_group']) retrieved from /home/petr/project/venv/lib/python3.10/site-packages/airflow/example_dags/example_task_group.py
[2023-12-01T13:50:12.054+0300] {logging_mixin.py:154} INFO - [2023-12-01T13:50:12.054+0300] {dag.py:2941} INFO - Sync 1 DAGs
[2023-12-01T13:50:12.099+0300] {logging_mixin.py:154} INFO - [2023-12-01T13:50:12.099+0300] {dag.py:3722} INFO - Setting next_dagrun for example_task_group to 2023-11-30T10:50:12.098746+00:00, run_after=2023-12-01T10:50:12.098746+00:00
[2023-12-01T13:50:12.158+0300] {processor.py:179} INFO - Processing /home/petr/project/venv/lib/python3.10/site-packages/airflow/example_dags/example_task_group.py took 0.187 seconds
[2023-12-01T20:00:46.151+0300] {processor.py:157} INFO - Started process (PID=5774) to work on /home/petr/project/venv/lib/python3.10/site-packages/airflow/example_dags/example_task_group.py
[2023-12-01T20:00:46.187+0300] {processor.py:829} INFO - Processing file /home/petr/project/venv/lib/python3.10/site-packages/airflow/example_dags/example_task_group.py for tasks to queue
[2023-12-01T20:00:46.191+0300] {logging_mixin.py:154} INFO - [2023-12-01T20:00:46.190+0300] {dagbag.py:536} INFO - Filling up the DagBag from /home/petr/project/venv/lib/python3.10/site-packages/airflow/example_dags/example_task_group.py
[2023-12-01T20:00:46.352+0300] {processor.py:839} INFO - DAG(s) dict_keys(['example_task_group']) retrieved from /home/petr/project/venv/lib/python3.10/site-packages/airflow/example_dags/example_task_group.py
[2023-12-01T20:00:47.300+0300] {logging_mixin.py:154} INFO - [2023-12-01T20:00:47.300+0300] {dag.py:2941} INFO - Sync 1 DAGs
[2023-12-01T20:00:47.981+0300] {logging_mixin.py:154} INFO - [2023-12-01T20:00:47.980+0300] {dag.py:3722} INFO - Setting next_dagrun for example_task_group to 2023-11-30T17:00:47.980215+00:00, run_after=2023-12-01T17:00:47.980215+00:00
[2023-12-01T20:00:48.343+0300] {processor.py:179} INFO - Processing /home/petr/project/venv/lib/python3.10/site-packages/airflow/example_dags/example_task_group.py took 2.242 seconds
