[2023-12-01T13:38:08.738+0300] {processor.py:157} INFO - Started process (PID=3385) to work on /home/petr/project/venv/lib/python3.10/site-packages/airflow/example_dags/example_kubernetes_executor.py
[2023-12-01T13:38:08.739+0300] {processor.py:829} INFO - Processing file /home/petr/project/venv/lib/python3.10/site-packages/airflow/example_dags/example_kubernetes_executor.py for tasks to queue
[2023-12-01T13:38:08.740+0300] {logging_mixin.py:154} INFO - [2023-12-01T13:38:08.739+0300] {dagbag.py:536} INFO - Filling up the DagBag from /home/petr/project/venv/lib/python3.10/site-packages/airflow/example_dags/example_kubernetes_executor.py
[2023-12-01T13:38:08.753+0300] {logging_mixin.py:154} INFO - [2023-12-01T13:38:08.753+0300] {example_kubernetes_executor.py:38} WARNING - The example_kubernetes_executor example DAG requires the kubernetes provider. Please install it with: pip install apache-airflow[cncf.kubernetes]
[2023-12-01T13:38:08.753+0300] {processor.py:841} WARNING - No viable dags retrieved from /home/petr/project/venv/lib/python3.10/site-packages/airflow/example_dags/example_kubernetes_executor.py
[2023-12-01T13:38:08.788+0300] {processor.py:179} INFO - Processing /home/petr/project/venv/lib/python3.10/site-packages/airflow/example_dags/example_kubernetes_executor.py took 0.053 seconds
[2023-12-01T13:38:39.459+0300] {processor.py:157} INFO - Started process (PID=3487) to work on /home/petr/project/venv/lib/python3.10/site-packages/airflow/example_dags/example_kubernetes_executor.py
[2023-12-01T13:38:39.459+0300] {processor.py:829} INFO - Processing file /home/petr/project/venv/lib/python3.10/site-packages/airflow/example_dags/example_kubernetes_executor.py for tasks to queue
[2023-12-01T13:38:39.460+0300] {logging_mixin.py:154} INFO - [2023-12-01T13:38:39.460+0300] {dagbag.py:536} INFO - Filling up the DagBag from /home/petr/project/venv/lib/python3.10/site-packages/airflow/example_dags/example_kubernetes_executor.py
[2023-12-01T13:38:39.465+0300] {logging_mixin.py:154} INFO - [2023-12-01T13:38:39.465+0300] {example_kubernetes_executor.py:38} WARNING - The example_kubernetes_executor example DAG requires the kubernetes provider. Please install it with: pip install apache-airflow[cncf.kubernetes]
[2023-12-01T13:38:39.472+0300] {processor.py:841} WARNING - No viable dags retrieved from /home/petr/project/venv/lib/python3.10/site-packages/airflow/example_dags/example_kubernetes_executor.py
[2023-12-01T13:38:39.506+0300] {processor.py:179} INFO - Processing /home/petr/project/venv/lib/python3.10/site-packages/airflow/example_dags/example_kubernetes_executor.py took 0.052 seconds
[2023-12-01T13:39:10.222+0300] {processor.py:157} INFO - Started process (PID=3588) to work on /home/petr/project/venv/lib/python3.10/site-packages/airflow/example_dags/example_kubernetes_executor.py
[2023-12-01T13:39:10.233+0300] {processor.py:829} INFO - Processing file /home/petr/project/venv/lib/python3.10/site-packages/airflow/example_dags/example_kubernetes_executor.py for tasks to queue
[2023-12-01T13:39:10.238+0300] {logging_mixin.py:154} INFO - [2023-12-01T13:39:10.238+0300] {dagbag.py:536} INFO - Filling up the DagBag from /home/petr/project/venv/lib/python3.10/site-packages/airflow/example_dags/example_kubernetes_executor.py
[2023-12-01T13:39:10.240+0300] {logging_mixin.py:154} INFO - [2023-12-01T13:39:10.240+0300] {example_kubernetes_executor.py:38} WARNING - The example_kubernetes_executor example DAG requires the kubernetes provider. Please install it with: pip install apache-airflow[cncf.kubernetes]
[2023-12-01T13:39:10.241+0300] {processor.py:841} WARNING - No viable dags retrieved from /home/petr/project/venv/lib/python3.10/site-packages/airflow/example_dags/example_kubernetes_executor.py
[2023-12-01T13:39:10.270+0300] {processor.py:179} INFO - Processing /home/petr/project/venv/lib/python3.10/site-packages/airflow/example_dags/example_kubernetes_executor.py took 0.051 seconds
[2023-12-01T13:39:41.058+0300] {processor.py:157} INFO - Started process (PID=3705) to work on /home/petr/project/venv/lib/python3.10/site-packages/airflow/example_dags/example_kubernetes_executor.py
[2023-12-01T13:39:41.067+0300] {processor.py:829} INFO - Processing file /home/petr/project/venv/lib/python3.10/site-packages/airflow/example_dags/example_kubernetes_executor.py for tasks to queue
[2023-12-01T13:39:41.068+0300] {logging_mixin.py:154} INFO - [2023-12-01T13:39:41.068+0300] {dagbag.py:536} INFO - Filling up the DagBag from /home/petr/project/venv/lib/python3.10/site-packages/airflow/example_dags/example_kubernetes_executor.py
[2023-12-01T13:39:41.075+0300] {logging_mixin.py:154} INFO - [2023-12-01T13:39:41.075+0300] {example_kubernetes_executor.py:38} WARNING - The example_kubernetes_executor example DAG requires the kubernetes provider. Please install it with: pip install apache-airflow[cncf.kubernetes]
[2023-12-01T13:39:41.076+0300] {processor.py:841} WARNING - No viable dags retrieved from /home/petr/project/venv/lib/python3.10/site-packages/airflow/example_dags/example_kubernetes_executor.py
[2023-12-01T13:39:41.114+0300] {processor.py:179} INFO - Processing /home/petr/project/venv/lib/python3.10/site-packages/airflow/example_dags/example_kubernetes_executor.py took 0.059 seconds
[2023-12-01T13:40:12.779+0300] {processor.py:157} INFO - Started process (PID=3825) to work on /home/petr/project/venv/lib/python3.10/site-packages/airflow/example_dags/example_kubernetes_executor.py
[2023-12-01T13:40:12.782+0300] {processor.py:829} INFO - Processing file /home/petr/project/venv/lib/python3.10/site-packages/airflow/example_dags/example_kubernetes_executor.py for tasks to queue
[2023-12-01T13:40:12.783+0300] {logging_mixin.py:154} INFO - [2023-12-01T13:40:12.783+0300] {dagbag.py:536} INFO - Filling up the DagBag from /home/petr/project/venv/lib/python3.10/site-packages/airflow/example_dags/example_kubernetes_executor.py
[2023-12-01T13:40:12.796+0300] {logging_mixin.py:154} INFO - [2023-12-01T13:40:12.795+0300] {example_kubernetes_executor.py:38} WARNING - The example_kubernetes_executor example DAG requires the kubernetes provider. Please install it with: pip install apache-airflow[cncf.kubernetes]
[2023-12-01T13:40:12.796+0300] {processor.py:841} WARNING - No viable dags retrieved from /home/petr/project/venv/lib/python3.10/site-packages/airflow/example_dags/example_kubernetes_executor.py
[2023-12-01T13:40:12.866+0300] {processor.py:179} INFO - Processing /home/petr/project/venv/lib/python3.10/site-packages/airflow/example_dags/example_kubernetes_executor.py took 0.105 seconds
[2023-12-01T13:40:43.639+0300] {processor.py:157} INFO - Started process (PID=3927) to work on /home/petr/project/venv/lib/python3.10/site-packages/airflow/example_dags/example_kubernetes_executor.py
[2023-12-01T13:40:43.644+0300] {processor.py:829} INFO - Processing file /home/petr/project/venv/lib/python3.10/site-packages/airflow/example_dags/example_kubernetes_executor.py for tasks to queue
[2023-12-01T13:40:43.644+0300] {logging_mixin.py:154} INFO - [2023-12-01T13:40:43.644+0300] {dagbag.py:536} INFO - Filling up the DagBag from /home/petr/project/venv/lib/python3.10/site-packages/airflow/example_dags/example_kubernetes_executor.py
[2023-12-01T13:40:43.648+0300] {logging_mixin.py:154} INFO - [2023-12-01T13:40:43.648+0300] {example_kubernetes_executor.py:38} WARNING - The example_kubernetes_executor example DAG requires the kubernetes provider. Please install it with: pip install apache-airflow[cncf.kubernetes]
[2023-12-01T13:40:43.649+0300] {processor.py:841} WARNING - No viable dags retrieved from /home/petr/project/venv/lib/python3.10/site-packages/airflow/example_dags/example_kubernetes_executor.py
[2023-12-01T13:40:43.707+0300] {processor.py:179} INFO - Processing /home/petr/project/venv/lib/python3.10/site-packages/airflow/example_dags/example_kubernetes_executor.py took 0.072 seconds
[2023-12-01T13:41:14.797+0300] {processor.py:157} INFO - Started process (PID=4027) to work on /home/petr/project/venv/lib/python3.10/site-packages/airflow/example_dags/example_kubernetes_executor.py
[2023-12-01T13:41:14.798+0300] {processor.py:829} INFO - Processing file /home/petr/project/venv/lib/python3.10/site-packages/airflow/example_dags/example_kubernetes_executor.py for tasks to queue
[2023-12-01T13:41:14.799+0300] {logging_mixin.py:154} INFO - [2023-12-01T13:41:14.799+0300] {dagbag.py:536} INFO - Filling up the DagBag from /home/petr/project/venv/lib/python3.10/site-packages/airflow/example_dags/example_kubernetes_executor.py
[2023-12-01T13:41:14.802+0300] {logging_mixin.py:154} INFO - [2023-12-01T13:41:14.802+0300] {example_kubernetes_executor.py:38} WARNING - The example_kubernetes_executor example DAG requires the kubernetes provider. Please install it with: pip install apache-airflow[cncf.kubernetes]
[2023-12-01T13:41:14.802+0300] {processor.py:841} WARNING - No viable dags retrieved from /home/petr/project/venv/lib/python3.10/site-packages/airflow/example_dags/example_kubernetes_executor.py
[2023-12-01T13:41:14.820+0300] {processor.py:179} INFO - Processing /home/petr/project/venv/lib/python3.10/site-packages/airflow/example_dags/example_kubernetes_executor.py took 0.027 seconds
[2023-12-01T13:41:45.017+0300] {processor.py:157} INFO - Started process (PID=4131) to work on /home/petr/project/venv/lib/python3.10/site-packages/airflow/example_dags/example_kubernetes_executor.py
[2023-12-01T13:41:45.021+0300] {processor.py:829} INFO - Processing file /home/petr/project/venv/lib/python3.10/site-packages/airflow/example_dags/example_kubernetes_executor.py for tasks to queue
[2023-12-01T13:41:45.022+0300] {logging_mixin.py:154} INFO - [2023-12-01T13:41:45.021+0300] {dagbag.py:536} INFO - Filling up the DagBag from /home/petr/project/venv/lib/python3.10/site-packages/airflow/example_dags/example_kubernetes_executor.py
[2023-12-01T13:41:45.024+0300] {logging_mixin.py:154} INFO - [2023-12-01T13:41:45.024+0300] {example_kubernetes_executor.py:38} WARNING - The example_kubernetes_executor example DAG requires the kubernetes provider. Please install it with: pip install apache-airflow[cncf.kubernetes]
[2023-12-01T13:41:45.025+0300] {processor.py:841} WARNING - No viable dags retrieved from /home/petr/project/venv/lib/python3.10/site-packages/airflow/example_dags/example_kubernetes_executor.py
[2023-12-01T13:41:45.076+0300] {processor.py:179} INFO - Processing /home/petr/project/venv/lib/python3.10/site-packages/airflow/example_dags/example_kubernetes_executor.py took 0.068 seconds
[2023-12-01T13:42:15.614+0300] {processor.py:157} INFO - Started process (PID=4238) to work on /home/petr/project/venv/lib/python3.10/site-packages/airflow/example_dags/example_kubernetes_executor.py
[2023-12-01T13:42:15.620+0300] {processor.py:829} INFO - Processing file /home/petr/project/venv/lib/python3.10/site-packages/airflow/example_dags/example_kubernetes_executor.py for tasks to queue
[2023-12-01T13:42:15.621+0300] {logging_mixin.py:154} INFO - [2023-12-01T13:42:15.621+0300] {dagbag.py:536} INFO - Filling up the DagBag from /home/petr/project/venv/lib/python3.10/site-packages/airflow/example_dags/example_kubernetes_executor.py
[2023-12-01T13:42:15.625+0300] {logging_mixin.py:154} INFO - [2023-12-01T13:42:15.625+0300] {example_kubernetes_executor.py:38} WARNING - The example_kubernetes_executor example DAG requires the kubernetes provider. Please install it with: pip install apache-airflow[cncf.kubernetes]
[2023-12-01T13:42:15.626+0300] {processor.py:841} WARNING - No viable dags retrieved from /home/petr/project/venv/lib/python3.10/site-packages/airflow/example_dags/example_kubernetes_executor.py
[2023-12-01T13:42:15.703+0300] {processor.py:179} INFO - Processing /home/petr/project/venv/lib/python3.10/site-packages/airflow/example_dags/example_kubernetes_executor.py took 0.094 seconds
[2023-12-01T13:42:46.111+0300] {processor.py:157} INFO - Started process (PID=4342) to work on /home/petr/project/venv/lib/python3.10/site-packages/airflow/example_dags/example_kubernetes_executor.py
[2023-12-01T13:42:46.112+0300] {processor.py:829} INFO - Processing file /home/petr/project/venv/lib/python3.10/site-packages/airflow/example_dags/example_kubernetes_executor.py for tasks to queue
[2023-12-01T13:42:46.112+0300] {logging_mixin.py:154} INFO - [2023-12-01T13:42:46.112+0300] {dagbag.py:536} INFO - Filling up the DagBag from /home/petr/project/venv/lib/python3.10/site-packages/airflow/example_dags/example_kubernetes_executor.py
[2023-12-01T13:42:46.118+0300] {logging_mixin.py:154} INFO - [2023-12-01T13:42:46.118+0300] {example_kubernetes_executor.py:38} WARNING - The example_kubernetes_executor example DAG requires the kubernetes provider. Please install it with: pip install apache-airflow[cncf.kubernetes]
[2023-12-01T13:42:46.118+0300] {processor.py:841} WARNING - No viable dags retrieved from /home/petr/project/venv/lib/python3.10/site-packages/airflow/example_dags/example_kubernetes_executor.py
[2023-12-01T13:42:46.155+0300] {processor.py:179} INFO - Processing /home/petr/project/venv/lib/python3.10/site-packages/airflow/example_dags/example_kubernetes_executor.py took 0.055 seconds
[2023-12-01T13:43:16.565+0300] {processor.py:157} INFO - Started process (PID=4442) to work on /home/petr/project/venv/lib/python3.10/site-packages/airflow/example_dags/example_kubernetes_executor.py
[2023-12-01T13:43:16.572+0300] {processor.py:829} INFO - Processing file /home/petr/project/venv/lib/python3.10/site-packages/airflow/example_dags/example_kubernetes_executor.py for tasks to queue
[2023-12-01T13:43:16.573+0300] {logging_mixin.py:154} INFO - [2023-12-01T13:43:16.573+0300] {dagbag.py:536} INFO - Filling up the DagBag from /home/petr/project/venv/lib/python3.10/site-packages/airflow/example_dags/example_kubernetes_executor.py
[2023-12-01T13:43:16.580+0300] {logging_mixin.py:154} INFO - [2023-12-01T13:43:16.580+0300] {example_kubernetes_executor.py:38} WARNING - The example_kubernetes_executor example DAG requires the kubernetes provider. Please install it with: pip install apache-airflow[cncf.kubernetes]
[2023-12-01T13:43:16.581+0300] {processor.py:841} WARNING - No viable dags retrieved from /home/petr/project/venv/lib/python3.10/site-packages/airflow/example_dags/example_kubernetes_executor.py
[2023-12-01T13:43:16.622+0300] {processor.py:179} INFO - Processing /home/petr/project/venv/lib/python3.10/site-packages/airflow/example_dags/example_kubernetes_executor.py took 0.061 seconds
[2023-12-01T13:43:48.024+0300] {processor.py:157} INFO - Started process (PID=4543) to work on /home/petr/project/venv/lib/python3.10/site-packages/airflow/example_dags/example_kubernetes_executor.py
[2023-12-01T13:43:48.029+0300] {processor.py:829} INFO - Processing file /home/petr/project/venv/lib/python3.10/site-packages/airflow/example_dags/example_kubernetes_executor.py for tasks to queue
[2023-12-01T13:43:48.030+0300] {logging_mixin.py:154} INFO - [2023-12-01T13:43:48.029+0300] {dagbag.py:536} INFO - Filling up the DagBag from /home/petr/project/venv/lib/python3.10/site-packages/airflow/example_dags/example_kubernetes_executor.py
[2023-12-01T13:43:48.032+0300] {logging_mixin.py:154} INFO - [2023-12-01T13:43:48.032+0300] {example_kubernetes_executor.py:38} WARNING - The example_kubernetes_executor example DAG requires the kubernetes provider. Please install it with: pip install apache-airflow[cncf.kubernetes]
[2023-12-01T13:43:48.033+0300] {processor.py:841} WARNING - No viable dags retrieved from /home/petr/project/venv/lib/python3.10/site-packages/airflow/example_dags/example_kubernetes_executor.py
[2023-12-01T13:43:48.073+0300] {processor.py:179} INFO - Processing /home/petr/project/venv/lib/python3.10/site-packages/airflow/example_dags/example_kubernetes_executor.py took 0.052 seconds
[2023-12-01T13:44:18.339+0300] {processor.py:157} INFO - Started process (PID=4642) to work on /home/petr/project/venv/lib/python3.10/site-packages/airflow/example_dags/example_kubernetes_executor.py
[2023-12-01T13:44:18.341+0300] {processor.py:829} INFO - Processing file /home/petr/project/venv/lib/python3.10/site-packages/airflow/example_dags/example_kubernetes_executor.py for tasks to queue
[2023-12-01T13:44:18.342+0300] {logging_mixin.py:154} INFO - [2023-12-01T13:44:18.342+0300] {dagbag.py:536} INFO - Filling up the DagBag from /home/petr/project/venv/lib/python3.10/site-packages/airflow/example_dags/example_kubernetes_executor.py
[2023-12-01T13:44:18.344+0300] {logging_mixin.py:154} INFO - [2023-12-01T13:44:18.344+0300] {example_kubernetes_executor.py:38} WARNING - The example_kubernetes_executor example DAG requires the kubernetes provider. Please install it with: pip install apache-airflow[cncf.kubernetes]
[2023-12-01T13:44:18.344+0300] {processor.py:841} WARNING - No viable dags retrieved from /home/petr/project/venv/lib/python3.10/site-packages/airflow/example_dags/example_kubernetes_executor.py
[2023-12-01T13:44:18.361+0300] {processor.py:179} INFO - Processing /home/petr/project/venv/lib/python3.10/site-packages/airflow/example_dags/example_kubernetes_executor.py took 0.026 seconds
[2023-12-01T13:44:49.874+0300] {processor.py:157} INFO - Started process (PID=4743) to work on /home/petr/project/venv/lib/python3.10/site-packages/airflow/example_dags/example_kubernetes_executor.py
[2023-12-01T13:44:49.876+0300] {processor.py:829} INFO - Processing file /home/petr/project/venv/lib/python3.10/site-packages/airflow/example_dags/example_kubernetes_executor.py for tasks to queue
[2023-12-01T13:44:49.877+0300] {logging_mixin.py:154} INFO - [2023-12-01T13:44:49.876+0300] {dagbag.py:536} INFO - Filling up the DagBag from /home/petr/project/venv/lib/python3.10/site-packages/airflow/example_dags/example_kubernetes_executor.py
[2023-12-01T13:44:49.880+0300] {logging_mixin.py:154} INFO - [2023-12-01T13:44:49.880+0300] {example_kubernetes_executor.py:38} WARNING - The example_kubernetes_executor example DAG requires the kubernetes provider. Please install it with: pip install apache-airflow[cncf.kubernetes]
[2023-12-01T13:44:49.880+0300] {processor.py:841} WARNING - No viable dags retrieved from /home/petr/project/venv/lib/python3.10/site-packages/airflow/example_dags/example_kubernetes_executor.py
[2023-12-01T13:44:49.903+0300] {processor.py:179} INFO - Processing /home/petr/project/venv/lib/python3.10/site-packages/airflow/example_dags/example_kubernetes_executor.py took 0.034 seconds
[2023-12-01T13:45:20.809+0300] {processor.py:157} INFO - Started process (PID=4866) to work on /home/petr/project/venv/lib/python3.10/site-packages/airflow/example_dags/example_kubernetes_executor.py
[2023-12-01T13:45:20.825+0300] {processor.py:829} INFO - Processing file /home/petr/project/venv/lib/python3.10/site-packages/airflow/example_dags/example_kubernetes_executor.py for tasks to queue
[2023-12-01T13:45:20.826+0300] {logging_mixin.py:154} INFO - [2023-12-01T13:45:20.826+0300] {dagbag.py:536} INFO - Filling up the DagBag from /home/petr/project/venv/lib/python3.10/site-packages/airflow/example_dags/example_kubernetes_executor.py
[2023-12-01T13:45:20.829+0300] {logging_mixin.py:154} INFO - [2023-12-01T13:45:20.829+0300] {example_kubernetes_executor.py:38} WARNING - The example_kubernetes_executor example DAG requires the kubernetes provider. Please install it with: pip install apache-airflow[cncf.kubernetes]
[2023-12-01T13:45:20.841+0300] {processor.py:841} WARNING - No viable dags retrieved from /home/petr/project/venv/lib/python3.10/site-packages/airflow/example_dags/example_kubernetes_executor.py
[2023-12-01T13:45:20.889+0300] {processor.py:179} INFO - Processing /home/petr/project/venv/lib/python3.10/site-packages/airflow/example_dags/example_kubernetes_executor.py took 0.104 seconds
[2023-12-01T13:46:48.077+0300] {processor.py:157} INFO - Started process (PID=4980) to work on /home/petr/project/venv/lib/python3.10/site-packages/airflow/example_dags/example_kubernetes_executor.py
[2023-12-01T13:46:48.090+0300] {processor.py:829} INFO - Processing file /home/petr/project/venv/lib/python3.10/site-packages/airflow/example_dags/example_kubernetes_executor.py for tasks to queue
[2023-12-01T13:46:48.091+0300] {logging_mixin.py:154} INFO - [2023-12-01T13:46:48.091+0300] {dagbag.py:536} INFO - Filling up the DagBag from /home/petr/project/venv/lib/python3.10/site-packages/airflow/example_dags/example_kubernetes_executor.py
[2023-12-01T13:46:48.094+0300] {logging_mixin.py:154} INFO - [2023-12-01T13:46:48.094+0300] {example_kubernetes_executor.py:38} WARNING - The example_kubernetes_executor example DAG requires the kubernetes provider. Please install it with: pip install apache-airflow[cncf.kubernetes]
[2023-12-01T13:46:48.094+0300] {processor.py:841} WARNING - No viable dags retrieved from /home/petr/project/venv/lib/python3.10/site-packages/airflow/example_dags/example_kubernetes_executor.py
[2023-12-01T13:46:48.141+0300] {processor.py:179} INFO - Processing /home/petr/project/venv/lib/python3.10/site-packages/airflow/example_dags/example_kubernetes_executor.py took 0.069 seconds
[2023-12-01T13:47:19.037+0300] {processor.py:157} INFO - Started process (PID=5084) to work on /home/petr/project/venv/lib/python3.10/site-packages/airflow/example_dags/example_kubernetes_executor.py
[2023-12-01T13:47:19.051+0300] {processor.py:829} INFO - Processing file /home/petr/project/venv/lib/python3.10/site-packages/airflow/example_dags/example_kubernetes_executor.py for tasks to queue
[2023-12-01T13:47:19.052+0300] {logging_mixin.py:154} INFO - [2023-12-01T13:47:19.052+0300] {dagbag.py:536} INFO - Filling up the DagBag from /home/petr/project/venv/lib/python3.10/site-packages/airflow/example_dags/example_kubernetes_executor.py
[2023-12-01T13:47:19.055+0300] {logging_mixin.py:154} INFO - [2023-12-01T13:47:19.054+0300] {example_kubernetes_executor.py:38} WARNING - The example_kubernetes_executor example DAG requires the kubernetes provider. Please install it with: pip install apache-airflow[cncf.kubernetes]
[2023-12-01T13:47:19.055+0300] {processor.py:841} WARNING - No viable dags retrieved from /home/petr/project/venv/lib/python3.10/site-packages/airflow/example_dags/example_kubernetes_executor.py
[2023-12-01T13:47:19.090+0300] {processor.py:179} INFO - Processing /home/petr/project/venv/lib/python3.10/site-packages/airflow/example_dags/example_kubernetes_executor.py took 0.056 seconds
[2023-12-01T13:47:50.213+0300] {processor.py:157} INFO - Started process (PID=5211) to work on /home/petr/project/venv/lib/python3.10/site-packages/airflow/example_dags/example_kubernetes_executor.py
[2023-12-01T13:47:50.213+0300] {processor.py:829} INFO - Processing file /home/petr/project/venv/lib/python3.10/site-packages/airflow/example_dags/example_kubernetes_executor.py for tasks to queue
[2023-12-01T13:47:50.214+0300] {logging_mixin.py:154} INFO - [2023-12-01T13:47:50.214+0300] {dagbag.py:536} INFO - Filling up the DagBag from /home/petr/project/venv/lib/python3.10/site-packages/airflow/example_dags/example_kubernetes_executor.py
[2023-12-01T13:47:50.227+0300] {logging_mixin.py:154} INFO - [2023-12-01T13:47:50.227+0300] {example_kubernetes_executor.py:38} WARNING - The example_kubernetes_executor example DAG requires the kubernetes provider. Please install it with: pip install apache-airflow[cncf.kubernetes]
[2023-12-01T13:47:50.228+0300] {processor.py:841} WARNING - No viable dags retrieved from /home/petr/project/venv/lib/python3.10/site-packages/airflow/example_dags/example_kubernetes_executor.py
[2023-12-01T13:47:50.261+0300] {processor.py:179} INFO - Processing /home/petr/project/venv/lib/python3.10/site-packages/airflow/example_dags/example_kubernetes_executor.py took 0.051 seconds
[2023-12-01T13:49:12.581+0300] {processor.py:157} INFO - Started process (PID=5359) to work on /home/petr/project/venv/lib/python3.10/site-packages/airflow/example_dags/example_kubernetes_executor.py
[2023-12-01T13:49:12.604+0300] {processor.py:829} INFO - Processing file /home/petr/project/venv/lib/python3.10/site-packages/airflow/example_dags/example_kubernetes_executor.py for tasks to queue
[2023-12-01T13:49:12.605+0300] {logging_mixin.py:154} INFO - [2023-12-01T13:49:12.605+0300] {dagbag.py:536} INFO - Filling up the DagBag from /home/petr/project/venv/lib/python3.10/site-packages/airflow/example_dags/example_kubernetes_executor.py
[2023-12-01T13:49:12.609+0300] {logging_mixin.py:154} INFO - [2023-12-01T13:49:12.609+0300] {example_kubernetes_executor.py:38} WARNING - The example_kubernetes_executor example DAG requires the kubernetes provider. Please install it with: pip install apache-airflow[cncf.kubernetes]
[2023-12-01T13:49:12.617+0300] {processor.py:841} WARNING - No viable dags retrieved from /home/petr/project/venv/lib/python3.10/site-packages/airflow/example_dags/example_kubernetes_executor.py
[2023-12-01T13:49:12.666+0300] {processor.py:179} INFO - Processing /home/petr/project/venv/lib/python3.10/site-packages/airflow/example_dags/example_kubernetes_executor.py took 0.091 seconds
[2023-12-01T13:49:44.541+0300] {processor.py:157} INFO - Started process (PID=5459) to work on /home/petr/project/venv/lib/python3.10/site-packages/airflow/example_dags/example_kubernetes_executor.py
[2023-12-01T13:49:44.553+0300] {processor.py:829} INFO - Processing file /home/petr/project/venv/lib/python3.10/site-packages/airflow/example_dags/example_kubernetes_executor.py for tasks to queue
[2023-12-01T13:49:44.554+0300] {logging_mixin.py:154} INFO - [2023-12-01T13:49:44.554+0300] {dagbag.py:536} INFO - Filling up the DagBag from /home/petr/project/venv/lib/python3.10/site-packages/airflow/example_dags/example_kubernetes_executor.py
[2023-12-01T13:49:44.556+0300] {logging_mixin.py:154} INFO - [2023-12-01T13:49:44.556+0300] {example_kubernetes_executor.py:38} WARNING - The example_kubernetes_executor example DAG requires the kubernetes provider. Please install it with: pip install apache-airflow[cncf.kubernetes]
[2023-12-01T13:49:44.557+0300] {processor.py:841} WARNING - No viable dags retrieved from /home/petr/project/venv/lib/python3.10/site-packages/airflow/example_dags/example_kubernetes_executor.py
[2023-12-01T13:49:44.596+0300] {processor.py:179} INFO - Processing /home/petr/project/venv/lib/python3.10/site-packages/airflow/example_dags/example_kubernetes_executor.py took 0.059 seconds
[2023-12-01T13:50:15.268+0300] {processor.py:157} INFO - Started process (PID=5569) to work on /home/petr/project/venv/lib/python3.10/site-packages/airflow/example_dags/example_kubernetes_executor.py
[2023-12-01T13:50:15.270+0300] {processor.py:829} INFO - Processing file /home/petr/project/venv/lib/python3.10/site-packages/airflow/example_dags/example_kubernetes_executor.py for tasks to queue
[2023-12-01T13:50:15.271+0300] {logging_mixin.py:154} INFO - [2023-12-01T13:50:15.270+0300] {dagbag.py:536} INFO - Filling up the DagBag from /home/petr/project/venv/lib/python3.10/site-packages/airflow/example_dags/example_kubernetes_executor.py
[2023-12-01T13:50:15.276+0300] {logging_mixin.py:154} INFO - [2023-12-01T13:50:15.273+0300] {example_kubernetes_executor.py:38} WARNING - The example_kubernetes_executor example DAG requires the kubernetes provider. Please install it with: pip install apache-airflow[cncf.kubernetes]
[2023-12-01T13:50:15.276+0300] {processor.py:841} WARNING - No viable dags retrieved from /home/petr/project/venv/lib/python3.10/site-packages/airflow/example_dags/example_kubernetes_executor.py
[2023-12-01T13:50:15.296+0300] {processor.py:179} INFO - Processing /home/petr/project/venv/lib/python3.10/site-packages/airflow/example_dags/example_kubernetes_executor.py took 0.032 seconds
[2023-12-01T20:00:59.030+0300] {processor.py:157} INFO - Started process (PID=5947) to work on /home/petr/project/venv/lib/python3.10/site-packages/airflow/example_dags/example_kubernetes_executor.py
[2023-12-01T20:00:59.033+0300] {processor.py:829} INFO - Processing file /home/petr/project/venv/lib/python3.10/site-packages/airflow/example_dags/example_kubernetes_executor.py for tasks to queue
[2023-12-01T20:00:59.034+0300] {logging_mixin.py:154} INFO - [2023-12-01T20:00:59.034+0300] {dagbag.py:536} INFO - Filling up the DagBag from /home/petr/project/venv/lib/python3.10/site-packages/airflow/example_dags/example_kubernetes_executor.py
[2023-12-01T20:00:59.041+0300] {logging_mixin.py:154} INFO - [2023-12-01T20:00:59.040+0300] {example_kubernetes_executor.py:38} WARNING - The example_kubernetes_executor example DAG requires the kubernetes provider. Please install it with: pip install apache-airflow[cncf.kubernetes]
[2023-12-01T20:00:59.041+0300] {processor.py:841} WARNING - No viable dags retrieved from /home/petr/project/venv/lib/python3.10/site-packages/airflow/example_dags/example_kubernetes_executor.py
[2023-12-01T20:00:59.156+0300] {processor.py:179} INFO - Processing /home/petr/project/venv/lib/python3.10/site-packages/airflow/example_dags/example_kubernetes_executor.py took 0.155 seconds
