[2023-12-01T13:38:09.298+0300] {processor.py:157} INFO - Started process (PID=3389) to work on /home/petr/project/venv/lib/python3.10/site-packages/airflow/example_dags/example_params_trigger_ui.py
[2023-12-01T13:38:09.301+0300] {processor.py:829} INFO - Processing file /home/petr/project/venv/lib/python3.10/site-packages/airflow/example_dags/example_params_trigger_ui.py for tasks to queue
[2023-12-01T13:38:09.303+0300] {logging_mixin.py:154} INFO - [2023-12-01T13:38:09.302+0300] {dagbag.py:536} INFO - Filling up the DagBag from /home/petr/project/venv/lib/python3.10/site-packages/airflow/example_dags/example_params_trigger_ui.py
[2023-12-01T13:38:09.374+0300] {processor.py:839} INFO - DAG(s) dict_keys(['example_params_trigger_ui']) retrieved from /home/petr/project/venv/lib/python3.10/site-packages/airflow/example_dags/example_params_trigger_ui.py
[2023-12-01T13:38:09.573+0300] {logging_mixin.py:154} INFO - [2023-12-01T13:38:09.573+0300] {dag.py:2941} INFO - Sync 1 DAGs
[2023-12-01T13:38:09.607+0300] {logging_mixin.py:154} INFO - [2023-12-01T13:38:09.607+0300] {dag.py:3722} INFO - Setting next_dagrun for example_params_trigger_ui to None, run_after=None
[2023-12-01T13:38:09.669+0300] {processor.py:179} INFO - Processing /home/petr/project/venv/lib/python3.10/site-packages/airflow/example_dags/example_params_trigger_ui.py took 0.374 seconds
[2023-12-01T13:38:39.833+0300] {processor.py:157} INFO - Started process (PID=3491) to work on /home/petr/project/venv/lib/python3.10/site-packages/airflow/example_dags/example_params_trigger_ui.py
[2023-12-01T13:38:39.834+0300] {processor.py:829} INFO - Processing file /home/petr/project/venv/lib/python3.10/site-packages/airflow/example_dags/example_params_trigger_ui.py for tasks to queue
[2023-12-01T13:38:39.836+0300] {logging_mixin.py:154} INFO - [2023-12-01T13:38:39.835+0300] {dagbag.py:536} INFO - Filling up the DagBag from /home/petr/project/venv/lib/python3.10/site-packages/airflow/example_dags/example_params_trigger_ui.py
[2023-12-01T13:38:39.866+0300] {processor.py:839} INFO - DAG(s) dict_keys(['example_params_trigger_ui']) retrieved from /home/petr/project/venv/lib/python3.10/site-packages/airflow/example_dags/example_params_trigger_ui.py
[2023-12-01T13:38:39.945+0300] {logging_mixin.py:154} INFO - [2023-12-01T13:38:39.945+0300] {dag.py:2941} INFO - Sync 1 DAGs
[2023-12-01T13:38:39.957+0300] {logging_mixin.py:154} INFO - [2023-12-01T13:38:39.957+0300] {dag.py:3722} INFO - Setting next_dagrun for example_params_trigger_ui to None, run_after=None
[2023-12-01T13:38:39.994+0300] {processor.py:179} INFO - Processing /home/petr/project/venv/lib/python3.10/site-packages/airflow/example_dags/example_params_trigger_ui.py took 0.170 seconds
[2023-12-01T13:39:10.306+0300] {processor.py:157} INFO - Started process (PID=3592) to work on /home/petr/project/venv/lib/python3.10/site-packages/airflow/example_dags/example_params_trigger_ui.py
[2023-12-01T13:39:10.312+0300] {processor.py:829} INFO - Processing file /home/petr/project/venv/lib/python3.10/site-packages/airflow/example_dags/example_params_trigger_ui.py for tasks to queue
[2023-12-01T13:39:10.313+0300] {logging_mixin.py:154} INFO - [2023-12-01T13:39:10.312+0300] {dagbag.py:536} INFO - Filling up the DagBag from /home/petr/project/venv/lib/python3.10/site-packages/airflow/example_dags/example_params_trigger_ui.py
[2023-12-01T13:39:10.342+0300] {processor.py:839} INFO - DAG(s) dict_keys(['example_params_trigger_ui']) retrieved from /home/petr/project/venv/lib/python3.10/site-packages/airflow/example_dags/example_params_trigger_ui.py
[2023-12-01T13:39:10.431+0300] {logging_mixin.py:154} INFO - [2023-12-01T13:39:10.431+0300] {dag.py:2941} INFO - Sync 1 DAGs
[2023-12-01T13:39:10.449+0300] {logging_mixin.py:154} INFO - [2023-12-01T13:39:10.449+0300] {dag.py:3722} INFO - Setting next_dagrun for example_params_trigger_ui to None, run_after=None
[2023-12-01T13:39:10.466+0300] {processor.py:179} INFO - Processing /home/petr/project/venv/lib/python3.10/site-packages/airflow/example_dags/example_params_trigger_ui.py took 0.164 seconds
[2023-12-01T13:39:41.148+0300] {processor.py:157} INFO - Started process (PID=3709) to work on /home/petr/project/venv/lib/python3.10/site-packages/airflow/example_dags/example_params_trigger_ui.py
[2023-12-01T13:39:41.149+0300] {processor.py:829} INFO - Processing file /home/petr/project/venv/lib/python3.10/site-packages/airflow/example_dags/example_params_trigger_ui.py for tasks to queue
[2023-12-01T13:39:41.149+0300] {logging_mixin.py:154} INFO - [2023-12-01T13:39:41.149+0300] {dagbag.py:536} INFO - Filling up the DagBag from /home/petr/project/venv/lib/python3.10/site-packages/airflow/example_dags/example_params_trigger_ui.py
[2023-12-01T13:39:41.183+0300] {processor.py:839} INFO - DAG(s) dict_keys(['example_params_trigger_ui']) retrieved from /home/petr/project/venv/lib/python3.10/site-packages/airflow/example_dags/example_params_trigger_ui.py
[2023-12-01T13:39:41.275+0300] {logging_mixin.py:154} INFO - [2023-12-01T13:39:41.275+0300] {dag.py:2941} INFO - Sync 1 DAGs
[2023-12-01T13:39:41.285+0300] {logging_mixin.py:154} INFO - [2023-12-01T13:39:41.285+0300] {dag.py:3722} INFO - Setting next_dagrun for example_params_trigger_ui to None, run_after=None
[2023-12-01T13:39:41.302+0300] {processor.py:179} INFO - Processing /home/petr/project/venv/lib/python3.10/site-packages/airflow/example_dags/example_params_trigger_ui.py took 0.157 seconds
[2023-12-01T13:40:12.923+0300] {processor.py:157} INFO - Started process (PID=3828) to work on /home/petr/project/venv/lib/python3.10/site-packages/airflow/example_dags/example_params_trigger_ui.py
[2023-12-01T13:40:12.939+0300] {processor.py:829} INFO - Processing file /home/petr/project/venv/lib/python3.10/site-packages/airflow/example_dags/example_params_trigger_ui.py for tasks to queue
[2023-12-01T13:40:12.940+0300] {logging_mixin.py:154} INFO - [2023-12-01T13:40:12.940+0300] {dagbag.py:536} INFO - Filling up the DagBag from /home/petr/project/venv/lib/python3.10/site-packages/airflow/example_dags/example_params_trigger_ui.py
[2023-12-01T13:40:12.977+0300] {processor.py:839} INFO - DAG(s) dict_keys(['example_params_trigger_ui']) retrieved from /home/petr/project/venv/lib/python3.10/site-packages/airflow/example_dags/example_params_trigger_ui.py
[2023-12-01T13:40:13.356+0300] {logging_mixin.py:154} INFO - [2023-12-01T13:40:13.356+0300] {dag.py:2941} INFO - Sync 1 DAGs
[2023-12-01T13:40:13.491+0300] {logging_mixin.py:154} INFO - [2023-12-01T13:40:13.491+0300] {dag.py:3722} INFO - Setting next_dagrun for example_params_trigger_ui to None, run_after=None
[2023-12-01T13:40:13.574+0300] {processor.py:179} INFO - Processing /home/petr/project/venv/lib/python3.10/site-packages/airflow/example_dags/example_params_trigger_ui.py took 0.655 seconds
[2023-12-01T13:40:43.826+0300] {processor.py:157} INFO - Started process (PID=3932) to work on /home/petr/project/venv/lib/python3.10/site-packages/airflow/example_dags/example_params_trigger_ui.py
[2023-12-01T13:40:43.835+0300] {processor.py:829} INFO - Processing file /home/petr/project/venv/lib/python3.10/site-packages/airflow/example_dags/example_params_trigger_ui.py for tasks to queue
[2023-12-01T13:40:43.836+0300] {logging_mixin.py:154} INFO - [2023-12-01T13:40:43.836+0300] {dagbag.py:536} INFO - Filling up the DagBag from /home/petr/project/venv/lib/python3.10/site-packages/airflow/example_dags/example_params_trigger_ui.py
[2023-12-01T13:40:43.857+0300] {processor.py:839} INFO - DAG(s) dict_keys(['example_params_trigger_ui']) retrieved from /home/petr/project/venv/lib/python3.10/site-packages/airflow/example_dags/example_params_trigger_ui.py
[2023-12-01T13:40:43.947+0300] {logging_mixin.py:154} INFO - [2023-12-01T13:40:43.947+0300] {dag.py:2941} INFO - Sync 1 DAGs
[2023-12-01T13:40:43.972+0300] {logging_mixin.py:154} INFO - [2023-12-01T13:40:43.972+0300] {dag.py:3722} INFO - Setting next_dagrun for example_params_trigger_ui to None, run_after=None
[2023-12-01T13:40:44.036+0300] {processor.py:179} INFO - Processing /home/petr/project/venv/lib/python3.10/site-packages/airflow/example_dags/example_params_trigger_ui.py took 0.218 seconds
[2023-12-01T13:41:14.853+0300] {processor.py:157} INFO - Started process (PID=4030) to work on /home/petr/project/venv/lib/python3.10/site-packages/airflow/example_dags/example_params_trigger_ui.py
[2023-12-01T13:41:14.867+0300] {processor.py:829} INFO - Processing file /home/petr/project/venv/lib/python3.10/site-packages/airflow/example_dags/example_params_trigger_ui.py for tasks to queue
[2023-12-01T13:41:14.867+0300] {logging_mixin.py:154} INFO - [2023-12-01T13:41:14.867+0300] {dagbag.py:536} INFO - Filling up the DagBag from /home/petr/project/venv/lib/python3.10/site-packages/airflow/example_dags/example_params_trigger_ui.py
[2023-12-01T13:41:14.894+0300] {processor.py:839} INFO - DAG(s) dict_keys(['example_params_trigger_ui']) retrieved from /home/petr/project/venv/lib/python3.10/site-packages/airflow/example_dags/example_params_trigger_ui.py
[2023-12-01T13:41:14.993+0300] {logging_mixin.py:154} INFO - [2023-12-01T13:41:14.992+0300] {dag.py:2941} INFO - Sync 1 DAGs
[2023-12-01T13:41:15.037+0300] {logging_mixin.py:154} INFO - [2023-12-01T13:41:15.036+0300] {dag.py:3722} INFO - Setting next_dagrun for example_params_trigger_ui to None, run_after=None
[2023-12-01T13:41:15.094+0300] {processor.py:179} INFO - Processing /home/petr/project/venv/lib/python3.10/site-packages/airflow/example_dags/example_params_trigger_ui.py took 0.244 seconds
[2023-12-01T13:41:45.171+0300] {processor.py:157} INFO - Started process (PID=4135) to work on /home/petr/project/venv/lib/python3.10/site-packages/airflow/example_dags/example_params_trigger_ui.py
[2023-12-01T13:41:45.172+0300] {processor.py:829} INFO - Processing file /home/petr/project/venv/lib/python3.10/site-packages/airflow/example_dags/example_params_trigger_ui.py for tasks to queue
[2023-12-01T13:41:45.172+0300] {logging_mixin.py:154} INFO - [2023-12-01T13:41:45.172+0300] {dagbag.py:536} INFO - Filling up the DagBag from /home/petr/project/venv/lib/python3.10/site-packages/airflow/example_dags/example_params_trigger_ui.py
[2023-12-01T13:41:45.190+0300] {processor.py:839} INFO - DAG(s) dict_keys(['example_params_trigger_ui']) retrieved from /home/petr/project/venv/lib/python3.10/site-packages/airflow/example_dags/example_params_trigger_ui.py
[2023-12-01T13:41:45.235+0300] {logging_mixin.py:154} INFO - [2023-12-01T13:41:45.234+0300] {dag.py:2941} INFO - Sync 1 DAGs
[2023-12-01T13:41:45.246+0300] {logging_mixin.py:154} INFO - [2023-12-01T13:41:45.246+0300] {dag.py:3722} INFO - Setting next_dagrun for example_params_trigger_ui to None, run_after=None
[2023-12-01T13:41:45.269+0300] {processor.py:179} INFO - Processing /home/petr/project/venv/lib/python3.10/site-packages/airflow/example_dags/example_params_trigger_ui.py took 0.103 seconds
[2023-12-01T13:42:15.792+0300] {processor.py:157} INFO - Started process (PID=4241) to work on /home/petr/project/venv/lib/python3.10/site-packages/airflow/example_dags/example_params_trigger_ui.py
[2023-12-01T13:42:15.803+0300] {processor.py:829} INFO - Processing file /home/petr/project/venv/lib/python3.10/site-packages/airflow/example_dags/example_params_trigger_ui.py for tasks to queue
[2023-12-01T13:42:15.804+0300] {logging_mixin.py:154} INFO - [2023-12-01T13:42:15.803+0300] {dagbag.py:536} INFO - Filling up the DagBag from /home/petr/project/venv/lib/python3.10/site-packages/airflow/example_dags/example_params_trigger_ui.py
[2023-12-01T13:42:15.859+0300] {processor.py:839} INFO - DAG(s) dict_keys(['example_params_trigger_ui']) retrieved from /home/petr/project/venv/lib/python3.10/site-packages/airflow/example_dags/example_params_trigger_ui.py
[2023-12-01T13:42:15.911+0300] {logging_mixin.py:154} INFO - [2023-12-01T13:42:15.911+0300] {dag.py:2941} INFO - Sync 1 DAGs
[2023-12-01T13:42:15.938+0300] {logging_mixin.py:154} INFO - [2023-12-01T13:42:15.938+0300] {dag.py:3722} INFO - Setting next_dagrun for example_params_trigger_ui to None, run_after=None
[2023-12-01T13:42:15.983+0300] {processor.py:179} INFO - Processing /home/petr/project/venv/lib/python3.10/site-packages/airflow/example_dags/example_params_trigger_ui.py took 0.205 seconds
[2023-12-01T13:42:46.190+0300] {processor.py:157} INFO - Started process (PID=4345) to work on /home/petr/project/venv/lib/python3.10/site-packages/airflow/example_dags/example_params_trigger_ui.py
[2023-12-01T13:42:46.196+0300] {processor.py:829} INFO - Processing file /home/petr/project/venv/lib/python3.10/site-packages/airflow/example_dags/example_params_trigger_ui.py for tasks to queue
[2023-12-01T13:42:46.197+0300] {logging_mixin.py:154} INFO - [2023-12-01T13:42:46.197+0300] {dagbag.py:536} INFO - Filling up the DagBag from /home/petr/project/venv/lib/python3.10/site-packages/airflow/example_dags/example_params_trigger_ui.py
[2023-12-01T13:42:46.222+0300] {processor.py:839} INFO - DAG(s) dict_keys(['example_params_trigger_ui']) retrieved from /home/petr/project/venv/lib/python3.10/site-packages/airflow/example_dags/example_params_trigger_ui.py
[2023-12-01T13:42:46.328+0300] {logging_mixin.py:154} INFO - [2023-12-01T13:42:46.327+0300] {dag.py:2941} INFO - Sync 1 DAGs
[2023-12-01T13:42:46.357+0300] {logging_mixin.py:154} INFO - [2023-12-01T13:42:46.356+0300] {dag.py:3722} INFO - Setting next_dagrun for example_params_trigger_ui to None, run_after=None
[2023-12-01T13:42:46.403+0300] {processor.py:179} INFO - Processing /home/petr/project/venv/lib/python3.10/site-packages/airflow/example_dags/example_params_trigger_ui.py took 0.216 seconds
[2023-12-01T13:43:16.656+0300] {processor.py:157} INFO - Started process (PID=4445) to work on /home/petr/project/venv/lib/python3.10/site-packages/airflow/example_dags/example_params_trigger_ui.py
[2023-12-01T13:43:16.657+0300] {processor.py:829} INFO - Processing file /home/petr/project/venv/lib/python3.10/site-packages/airflow/example_dags/example_params_trigger_ui.py for tasks to queue
[2023-12-01T13:43:16.658+0300] {logging_mixin.py:154} INFO - [2023-12-01T13:43:16.658+0300] {dagbag.py:536} INFO - Filling up the DagBag from /home/petr/project/venv/lib/python3.10/site-packages/airflow/example_dags/example_params_trigger_ui.py
[2023-12-01T13:43:16.696+0300] {processor.py:839} INFO - DAG(s) dict_keys(['example_params_trigger_ui']) retrieved from /home/petr/project/venv/lib/python3.10/site-packages/airflow/example_dags/example_params_trigger_ui.py
[2023-12-01T13:43:16.778+0300] {logging_mixin.py:154} INFO - [2023-12-01T13:43:16.778+0300] {dag.py:2941} INFO - Sync 1 DAGs
[2023-12-01T13:43:16.788+0300] {logging_mixin.py:154} INFO - [2023-12-01T13:43:16.788+0300] {dag.py:3722} INFO - Setting next_dagrun for example_params_trigger_ui to None, run_after=None
[2023-12-01T13:43:16.818+0300] {processor.py:179} INFO - Processing /home/petr/project/venv/lib/python3.10/site-packages/airflow/example_dags/example_params_trigger_ui.py took 0.164 seconds
[2023-12-01T13:43:48.110+0300] {processor.py:157} INFO - Started process (PID=4547) to work on /home/petr/project/venv/lib/python3.10/site-packages/airflow/example_dags/example_params_trigger_ui.py
[2023-12-01T13:43:48.116+0300] {processor.py:829} INFO - Processing file /home/petr/project/venv/lib/python3.10/site-packages/airflow/example_dags/example_params_trigger_ui.py for tasks to queue
[2023-12-01T13:43:48.117+0300] {logging_mixin.py:154} INFO - [2023-12-01T13:43:48.117+0300] {dagbag.py:536} INFO - Filling up the DagBag from /home/petr/project/venv/lib/python3.10/site-packages/airflow/example_dags/example_params_trigger_ui.py
[2023-12-01T13:43:48.149+0300] {processor.py:839} INFO - DAG(s) dict_keys(['example_params_trigger_ui']) retrieved from /home/petr/project/venv/lib/python3.10/site-packages/airflow/example_dags/example_params_trigger_ui.py
[2023-12-01T13:43:48.229+0300] {logging_mixin.py:154} INFO - [2023-12-01T13:43:48.229+0300] {dag.py:2941} INFO - Sync 1 DAGs
[2023-12-01T13:43:48.258+0300] {logging_mixin.py:154} INFO - [2023-12-01T13:43:48.258+0300] {dag.py:3722} INFO - Setting next_dagrun for example_params_trigger_ui to None, run_after=None
[2023-12-01T13:43:48.289+0300] {processor.py:179} INFO - Processing /home/petr/project/venv/lib/python3.10/site-packages/airflow/example_dags/example_params_trigger_ui.py took 0.182 seconds
[2023-12-01T13:44:18.401+0300] {processor.py:157} INFO - Started process (PID=4645) to work on /home/petr/project/venv/lib/python3.10/site-packages/airflow/example_dags/example_params_trigger_ui.py
[2023-12-01T13:44:18.402+0300] {processor.py:829} INFO - Processing file /home/petr/project/venv/lib/python3.10/site-packages/airflow/example_dags/example_params_trigger_ui.py for tasks to queue
[2023-12-01T13:44:18.402+0300] {logging_mixin.py:154} INFO - [2023-12-01T13:44:18.402+0300] {dagbag.py:536} INFO - Filling up the DagBag from /home/petr/project/venv/lib/python3.10/site-packages/airflow/example_dags/example_params_trigger_ui.py
[2023-12-01T13:44:18.427+0300] {processor.py:839} INFO - DAG(s) dict_keys(['example_params_trigger_ui']) retrieved from /home/petr/project/venv/lib/python3.10/site-packages/airflow/example_dags/example_params_trigger_ui.py
[2023-12-01T13:44:18.518+0300] {logging_mixin.py:154} INFO - [2023-12-01T13:44:18.518+0300] {dag.py:2941} INFO - Sync 1 DAGs
[2023-12-01T13:44:18.551+0300] {logging_mixin.py:154} INFO - [2023-12-01T13:44:18.551+0300] {dag.py:3722} INFO - Setting next_dagrun for example_params_trigger_ui to None, run_after=None
[2023-12-01T13:44:18.588+0300] {processor.py:179} INFO - Processing /home/petr/project/venv/lib/python3.10/site-packages/airflow/example_dags/example_params_trigger_ui.py took 0.201 seconds
[2023-12-01T13:44:49.966+0300] {processor.py:157} INFO - Started process (PID=4746) to work on /home/petr/project/venv/lib/python3.10/site-packages/airflow/example_dags/example_params_trigger_ui.py
[2023-12-01T13:44:49.969+0300] {processor.py:829} INFO - Processing file /home/petr/project/venv/lib/python3.10/site-packages/airflow/example_dags/example_params_trigger_ui.py for tasks to queue
[2023-12-01T13:44:49.970+0300] {logging_mixin.py:154} INFO - [2023-12-01T13:44:49.970+0300] {dagbag.py:536} INFO - Filling up the DagBag from /home/petr/project/venv/lib/python3.10/site-packages/airflow/example_dags/example_params_trigger_ui.py
[2023-12-01T13:44:50.006+0300] {processor.py:839} INFO - DAG(s) dict_keys(['example_params_trigger_ui']) retrieved from /home/petr/project/venv/lib/python3.10/site-packages/airflow/example_dags/example_params_trigger_ui.py
[2023-12-01T13:44:50.114+0300] {logging_mixin.py:154} INFO - [2023-12-01T13:44:50.114+0300] {dag.py:2941} INFO - Sync 1 DAGs
[2023-12-01T13:44:50.146+0300] {logging_mixin.py:154} INFO - [2023-12-01T13:44:50.146+0300] {dag.py:3722} INFO - Setting next_dagrun for example_params_trigger_ui to None, run_after=None
[2023-12-01T13:44:50.186+0300] {processor.py:179} INFO - Processing /home/petr/project/venv/lib/python3.10/site-packages/airflow/example_dags/example_params_trigger_ui.py took 0.232 seconds
[2023-12-01T13:45:20.951+0300] {processor.py:157} INFO - Started process (PID=4869) to work on /home/petr/project/venv/lib/python3.10/site-packages/airflow/example_dags/example_params_trigger_ui.py
[2023-12-01T13:45:20.967+0300] {processor.py:829} INFO - Processing file /home/petr/project/venv/lib/python3.10/site-packages/airflow/example_dags/example_params_trigger_ui.py for tasks to queue
[2023-12-01T13:45:20.968+0300] {logging_mixin.py:154} INFO - [2023-12-01T13:45:20.967+0300] {dagbag.py:536} INFO - Filling up the DagBag from /home/petr/project/venv/lib/python3.10/site-packages/airflow/example_dags/example_params_trigger_ui.py
[2023-12-01T13:45:21.025+0300] {processor.py:839} INFO - DAG(s) dict_keys(['example_params_trigger_ui']) retrieved from /home/petr/project/venv/lib/python3.10/site-packages/airflow/example_dags/example_params_trigger_ui.py
[2023-12-01T13:45:21.160+0300] {logging_mixin.py:154} INFO - [2023-12-01T13:45:21.160+0300] {dag.py:2941} INFO - Sync 1 DAGs
[2023-12-01T13:45:21.179+0300] {logging_mixin.py:154} INFO - [2023-12-01T13:45:21.178+0300] {dag.py:3722} INFO - Setting next_dagrun for example_params_trigger_ui to None, run_after=None
[2023-12-01T13:45:21.221+0300] {processor.py:179} INFO - Processing /home/petr/project/venv/lib/python3.10/site-packages/airflow/example_dags/example_params_trigger_ui.py took 0.273 seconds
[2023-12-01T13:46:48.279+0300] {processor.py:157} INFO - Started process (PID=4985) to work on /home/petr/project/venv/lib/python3.10/site-packages/airflow/example_dags/example_params_trigger_ui.py
[2023-12-01T13:46:48.281+0300] {processor.py:829} INFO - Processing file /home/petr/project/venv/lib/python3.10/site-packages/airflow/example_dags/example_params_trigger_ui.py for tasks to queue
[2023-12-01T13:46:48.281+0300] {logging_mixin.py:154} INFO - [2023-12-01T13:46:48.281+0300] {dagbag.py:536} INFO - Filling up the DagBag from /home/petr/project/venv/lib/python3.10/site-packages/airflow/example_dags/example_params_trigger_ui.py
[2023-12-01T13:46:48.328+0300] {processor.py:839} INFO - DAG(s) dict_keys(['example_params_trigger_ui']) retrieved from /home/petr/project/venv/lib/python3.10/site-packages/airflow/example_dags/example_params_trigger_ui.py
[2023-12-01T13:46:48.452+0300] {logging_mixin.py:154} INFO - [2023-12-01T13:46:48.452+0300] {dag.py:2941} INFO - Sync 1 DAGs
[2023-12-01T13:46:48.475+0300] {logging_mixin.py:154} INFO - [2023-12-01T13:46:48.475+0300] {dag.py:3722} INFO - Setting next_dagrun for example_params_trigger_ui to None, run_after=None
[2023-12-01T13:46:48.514+0300] {processor.py:179} INFO - Processing /home/petr/project/venv/lib/python3.10/site-packages/airflow/example_dags/example_params_trigger_ui.py took 0.239 seconds
[2023-12-01T13:47:19.150+0300] {processor.py:157} INFO - Started process (PID=5088) to work on /home/petr/project/venv/lib/python3.10/site-packages/airflow/example_dags/example_params_trigger_ui.py
[2023-12-01T13:47:19.159+0300] {processor.py:829} INFO - Processing file /home/petr/project/venv/lib/python3.10/site-packages/airflow/example_dags/example_params_trigger_ui.py for tasks to queue
[2023-12-01T13:47:19.160+0300] {logging_mixin.py:154} INFO - [2023-12-01T13:47:19.160+0300] {dagbag.py:536} INFO - Filling up the DagBag from /home/petr/project/venv/lib/python3.10/site-packages/airflow/example_dags/example_params_trigger_ui.py
[2023-12-01T13:47:19.192+0300] {processor.py:839} INFO - DAG(s) dict_keys(['example_params_trigger_ui']) retrieved from /home/petr/project/venv/lib/python3.10/site-packages/airflow/example_dags/example_params_trigger_ui.py
[2023-12-01T13:47:19.294+0300] {logging_mixin.py:154} INFO - [2023-12-01T13:47:19.294+0300] {dag.py:2941} INFO - Sync 1 DAGs
[2023-12-01T13:47:19.316+0300] {logging_mixin.py:154} INFO - [2023-12-01T13:47:19.315+0300] {dag.py:3722} INFO - Setting next_dagrun for example_params_trigger_ui to None, run_after=None
[2023-12-01T13:47:19.346+0300] {processor.py:179} INFO - Processing /home/petr/project/venv/lib/python3.10/site-packages/airflow/example_dags/example_params_trigger_ui.py took 0.199 seconds
[2023-12-01T13:47:50.564+0300] {processor.py:157} INFO - Started process (PID=5215) to work on /home/petr/project/venv/lib/python3.10/site-packages/airflow/example_dags/example_params_trigger_ui.py
[2023-12-01T13:47:50.565+0300] {processor.py:829} INFO - Processing file /home/petr/project/venv/lib/python3.10/site-packages/airflow/example_dags/example_params_trigger_ui.py for tasks to queue
[2023-12-01T13:47:50.566+0300] {logging_mixin.py:154} INFO - [2023-12-01T13:47:50.566+0300] {dagbag.py:536} INFO - Filling up the DagBag from /home/petr/project/venv/lib/python3.10/site-packages/airflow/example_dags/example_params_trigger_ui.py
[2023-12-01T13:47:50.602+0300] {processor.py:839} INFO - DAG(s) dict_keys(['example_params_trigger_ui']) retrieved from /home/petr/project/venv/lib/python3.10/site-packages/airflow/example_dags/example_params_trigger_ui.py
[2023-12-01T13:47:50.685+0300] {logging_mixin.py:154} INFO - [2023-12-01T13:47:50.685+0300] {dag.py:2941} INFO - Sync 1 DAGs
[2023-12-01T13:47:50.705+0300] {logging_mixin.py:154} INFO - [2023-12-01T13:47:50.705+0300] {dag.py:3722} INFO - Setting next_dagrun for example_params_trigger_ui to None, run_after=None
[2023-12-01T13:47:50.758+0300] {processor.py:179} INFO - Processing /home/petr/project/venv/lib/python3.10/site-packages/airflow/example_dags/example_params_trigger_ui.py took 0.197 seconds
[2023-12-01T13:49:12.709+0300] {processor.py:157} INFO - Started process (PID=5362) to work on /home/petr/project/venv/lib/python3.10/site-packages/airflow/example_dags/example_params_trigger_ui.py
[2023-12-01T13:49:12.724+0300] {processor.py:829} INFO - Processing file /home/petr/project/venv/lib/python3.10/site-packages/airflow/example_dags/example_params_trigger_ui.py for tasks to queue
[2023-12-01T13:49:12.725+0300] {logging_mixin.py:154} INFO - [2023-12-01T13:49:12.725+0300] {dagbag.py:536} INFO - Filling up the DagBag from /home/petr/project/venv/lib/python3.10/site-packages/airflow/example_dags/example_params_trigger_ui.py
[2023-12-01T13:49:12.748+0300] {processor.py:839} INFO - DAG(s) dict_keys(['example_params_trigger_ui']) retrieved from /home/petr/project/venv/lib/python3.10/site-packages/airflow/example_dags/example_params_trigger_ui.py
[2023-12-01T13:49:12.832+0300] {logging_mixin.py:154} INFO - [2023-12-01T13:49:12.832+0300] {dag.py:2941} INFO - Sync 1 DAGs
[2023-12-01T13:49:12.848+0300] {logging_mixin.py:154} INFO - [2023-12-01T13:49:12.848+0300] {dag.py:3722} INFO - Setting next_dagrun for example_params_trigger_ui to None, run_after=None
[2023-12-01T13:49:12.883+0300] {processor.py:179} INFO - Processing /home/petr/project/venv/lib/python3.10/site-packages/airflow/example_dags/example_params_trigger_ui.py took 0.177 seconds
[2023-12-01T13:49:44.642+0300] {processor.py:157} INFO - Started process (PID=5463) to work on /home/petr/project/venv/lib/python3.10/site-packages/airflow/example_dags/example_params_trigger_ui.py
[2023-12-01T13:49:44.658+0300] {processor.py:829} INFO - Processing file /home/petr/project/venv/lib/python3.10/site-packages/airflow/example_dags/example_params_trigger_ui.py for tasks to queue
[2023-12-01T13:49:44.659+0300] {logging_mixin.py:154} INFO - [2023-12-01T13:49:44.659+0300] {dagbag.py:536} INFO - Filling up the DagBag from /home/petr/project/venv/lib/python3.10/site-packages/airflow/example_dags/example_params_trigger_ui.py
[2023-12-01T13:49:44.697+0300] {processor.py:839} INFO - DAG(s) dict_keys(['example_params_trigger_ui']) retrieved from /home/petr/project/venv/lib/python3.10/site-packages/airflow/example_dags/example_params_trigger_ui.py
[2023-12-01T13:49:44.793+0300] {logging_mixin.py:154} INFO - [2023-12-01T13:49:44.792+0300] {dag.py:2941} INFO - Sync 1 DAGs
[2023-12-01T13:49:44.810+0300] {logging_mixin.py:154} INFO - [2023-12-01T13:49:44.810+0300] {dag.py:3722} INFO - Setting next_dagrun for example_params_trigger_ui to None, run_after=None
[2023-12-01T13:49:44.847+0300] {processor.py:179} INFO - Processing /home/petr/project/venv/lib/python3.10/site-packages/airflow/example_dags/example_params_trigger_ui.py took 0.208 seconds
[2023-12-01T13:50:15.359+0300] {processor.py:157} INFO - Started process (PID=5572) to work on /home/petr/project/venv/lib/python3.10/site-packages/airflow/example_dags/example_params_trigger_ui.py
[2023-12-01T13:50:15.362+0300] {processor.py:829} INFO - Processing file /home/petr/project/venv/lib/python3.10/site-packages/airflow/example_dags/example_params_trigger_ui.py for tasks to queue
[2023-12-01T13:50:15.363+0300] {logging_mixin.py:154} INFO - [2023-12-01T13:50:15.362+0300] {dagbag.py:536} INFO - Filling up the DagBag from /home/petr/project/venv/lib/python3.10/site-packages/airflow/example_dags/example_params_trigger_ui.py
[2023-12-01T13:50:15.407+0300] {processor.py:839} INFO - DAG(s) dict_keys(['example_params_trigger_ui']) retrieved from /home/petr/project/venv/lib/python3.10/site-packages/airflow/example_dags/example_params_trigger_ui.py
[2023-12-01T13:50:15.531+0300] {logging_mixin.py:154} INFO - [2023-12-01T13:50:15.531+0300] {dag.py:2941} INFO - Sync 1 DAGs
[2023-12-01T13:50:15.550+0300] {logging_mixin.py:154} INFO - [2023-12-01T13:50:15.549+0300] {dag.py:3722} INFO - Setting next_dagrun for example_params_trigger_ui to None, run_after=None
[2023-12-01T13:50:15.585+0300] {processor.py:179} INFO - Processing /home/petr/project/venv/lib/python3.10/site-packages/airflow/example_dags/example_params_trigger_ui.py took 0.231 seconds
[2023-12-01T20:00:59.905+0300] {processor.py:157} INFO - Started process (PID=5952) to work on /home/petr/project/venv/lib/python3.10/site-packages/airflow/example_dags/example_params_trigger_ui.py
[2023-12-01T20:00:59.914+0300] {processor.py:829} INFO - Processing file /home/petr/project/venv/lib/python3.10/site-packages/airflow/example_dags/example_params_trigger_ui.py for tasks to queue
[2023-12-01T20:00:59.915+0300] {logging_mixin.py:154} INFO - [2023-12-01T20:00:59.915+0300] {dagbag.py:536} INFO - Filling up the DagBag from /home/petr/project/venv/lib/python3.10/site-packages/airflow/example_dags/example_params_trigger_ui.py
[2023-12-01T20:01:00.019+0300] {processor.py:839} INFO - DAG(s) dict_keys(['example_params_trigger_ui']) retrieved from /home/petr/project/venv/lib/python3.10/site-packages/airflow/example_dags/example_params_trigger_ui.py
[2023-12-01T20:01:00.411+0300] {logging_mixin.py:154} INFO - [2023-12-01T20:01:00.410+0300] {dag.py:2941} INFO - Sync 1 DAGs
[2023-12-01T20:01:00.469+0300] {logging_mixin.py:154} INFO - [2023-12-01T20:01:00.469+0300] {dag.py:3722} INFO - Setting next_dagrun for example_params_trigger_ui to None, run_after=None
[2023-12-01T20:01:00.582+0300] {processor.py:179} INFO - Processing /home/petr/project/venv/lib/python3.10/site-packages/airflow/example_dags/example_params_trigger_ui.py took 0.699 seconds
