[2023-12-01T13:38:05.635+0300] {processor.py:157} INFO - Started process (PID=3347) to work on /home/petr/project/venv/lib/python3.10/site-packages/airflow/example_dags/example_xcom.py
[2023-12-01T13:38:05.635+0300] {processor.py:829} INFO - Processing file /home/petr/project/venv/lib/python3.10/site-packages/airflow/example_dags/example_xcom.py for tasks to queue
[2023-12-01T13:38:05.636+0300] {logging_mixin.py:154} INFO - [2023-12-01T13:38:05.636+0300] {dagbag.py:536} INFO - Filling up the DagBag from /home/petr/project/venv/lib/python3.10/site-packages/airflow/example_dags/example_xcom.py
[2023-12-01T13:38:05.665+0300] {processor.py:839} INFO - DAG(s) dict_keys(['example_xcom']) retrieved from /home/petr/project/venv/lib/python3.10/site-packages/airflow/example_dags/example_xcom.py
[2023-12-01T13:38:05.731+0300] {logging_mixin.py:154} INFO - [2023-12-01T13:38:05.731+0300] {dag.py:2941} INFO - Sync 1 DAGs
[2023-12-01T13:38:05.773+0300] {logging_mixin.py:154} INFO - [2023-12-01T13:38:05.773+0300] {dag.py:3722} INFO - Setting next_dagrun for example_xcom to 2021-01-01T00:00:00+00:00, run_after=2021-01-01T00:00:00+00:00
[2023-12-01T13:38:05.804+0300] {processor.py:179} INFO - Processing /home/petr/project/venv/lib/python3.10/site-packages/airflow/example_dags/example_xcom.py took 0.172 seconds
[2023-12-01T13:38:36.578+0300] {processor.py:157} INFO - Started process (PID=3452) to work on /home/petr/project/venv/lib/python3.10/site-packages/airflow/example_dags/example_xcom.py
[2023-12-01T13:38:36.578+0300] {processor.py:829} INFO - Processing file /home/petr/project/venv/lib/python3.10/site-packages/airflow/example_dags/example_xcom.py for tasks to queue
[2023-12-01T13:38:36.579+0300] {logging_mixin.py:154} INFO - [2023-12-01T13:38:36.579+0300] {dagbag.py:536} INFO - Filling up the DagBag from /home/petr/project/venv/lib/python3.10/site-packages/airflow/example_dags/example_xcom.py
[2023-12-01T13:38:36.591+0300] {processor.py:839} INFO - DAG(s) dict_keys(['example_xcom']) retrieved from /home/petr/project/venv/lib/python3.10/site-packages/airflow/example_dags/example_xcom.py
[2023-12-01T13:38:36.655+0300] {logging_mixin.py:154} INFO - [2023-12-01T13:38:36.654+0300] {dag.py:2941} INFO - Sync 1 DAGs
[2023-12-01T13:38:36.696+0300] {logging_mixin.py:154} INFO - [2023-12-01T13:38:36.695+0300] {dag.py:3722} INFO - Setting next_dagrun for example_xcom to 2021-01-01T00:00:00+00:00, run_after=2021-01-01T00:00:00+00:00
[2023-12-01T13:38:36.725+0300] {processor.py:179} INFO - Processing /home/petr/project/venv/lib/python3.10/site-packages/airflow/example_dags/example_xcom.py took 0.150 seconds
[2023-12-01T13:39:07.823+0300] {processor.py:157} INFO - Started process (PID=3554) to work on /home/petr/project/venv/lib/python3.10/site-packages/airflow/example_dags/example_xcom.py
[2023-12-01T13:39:07.826+0300] {processor.py:829} INFO - Processing file /home/petr/project/venv/lib/python3.10/site-packages/airflow/example_dags/example_xcom.py for tasks to queue
[2023-12-01T13:39:07.827+0300] {logging_mixin.py:154} INFO - [2023-12-01T13:39:07.827+0300] {dagbag.py:536} INFO - Filling up the DagBag from /home/petr/project/venv/lib/python3.10/site-packages/airflow/example_dags/example_xcom.py
[2023-12-01T13:39:07.835+0300] {processor.py:839} INFO - DAG(s) dict_keys(['example_xcom']) retrieved from /home/petr/project/venv/lib/python3.10/site-packages/airflow/example_dags/example_xcom.py
[2023-12-01T13:39:07.936+0300] {logging_mixin.py:154} INFO - [2023-12-01T13:39:07.936+0300] {dag.py:2941} INFO - Sync 1 DAGs
[2023-12-01T13:39:07.985+0300] {logging_mixin.py:154} INFO - [2023-12-01T13:39:07.985+0300] {dag.py:3722} INFO - Setting next_dagrun for example_xcom to 2021-01-01T00:00:00+00:00, run_after=2021-01-01T00:00:00+00:00
[2023-12-01T13:39:08.028+0300] {processor.py:179} INFO - Processing /home/petr/project/venv/lib/python3.10/site-packages/airflow/example_dags/example_xcom.py took 0.217 seconds
[2023-12-01T13:39:38.698+0300] {processor.py:157} INFO - Started process (PID=3660) to work on /home/petr/project/venv/lib/python3.10/site-packages/airflow/example_dags/example_xcom.py
[2023-12-01T13:39:38.701+0300] {processor.py:829} INFO - Processing file /home/petr/project/venv/lib/python3.10/site-packages/airflow/example_dags/example_xcom.py for tasks to queue
[2023-12-01T13:39:38.702+0300] {logging_mixin.py:154} INFO - [2023-12-01T13:39:38.701+0300] {dagbag.py:536} INFO - Filling up the DagBag from /home/petr/project/venv/lib/python3.10/site-packages/airflow/example_dags/example_xcom.py
[2023-12-01T13:39:38.708+0300] {processor.py:839} INFO - DAG(s) dict_keys(['example_xcom']) retrieved from /home/petr/project/venv/lib/python3.10/site-packages/airflow/example_dags/example_xcom.py
[2023-12-01T13:39:38.759+0300] {logging_mixin.py:154} INFO - [2023-12-01T13:39:38.758+0300] {dag.py:2941} INFO - Sync 1 DAGs
[2023-12-01T13:39:38.786+0300] {logging_mixin.py:154} INFO - [2023-12-01T13:39:38.786+0300] {dag.py:3722} INFO - Setting next_dagrun for example_xcom to 2021-01-01T00:00:00+00:00, run_after=2021-01-01T00:00:00+00:00
[2023-12-01T13:39:38.806+0300] {processor.py:179} INFO - Processing /home/petr/project/venv/lib/python3.10/site-packages/airflow/example_dags/example_xcom.py took 0.111 seconds
[2023-12-01T13:40:10.018+0300] {processor.py:157} INFO - Started process (PID=3791) to work on /home/petr/project/venv/lib/python3.10/site-packages/airflow/example_dags/example_xcom.py
[2023-12-01T13:40:10.035+0300] {processor.py:829} INFO - Processing file /home/petr/project/venv/lib/python3.10/site-packages/airflow/example_dags/example_xcom.py for tasks to queue
[2023-12-01T13:40:10.036+0300] {logging_mixin.py:154} INFO - [2023-12-01T13:40:10.036+0300] {dagbag.py:536} INFO - Filling up the DagBag from /home/petr/project/venv/lib/python3.10/site-packages/airflow/example_dags/example_xcom.py
[2023-12-01T13:40:10.096+0300] {processor.py:839} INFO - DAG(s) dict_keys(['example_xcom']) retrieved from /home/petr/project/venv/lib/python3.10/site-packages/airflow/example_dags/example_xcom.py
[2023-12-01T13:40:10.228+0300] {logging_mixin.py:154} INFO - [2023-12-01T13:40:10.227+0300] {dag.py:2941} INFO - Sync 1 DAGs
[2023-12-01T13:40:10.372+0300] {logging_mixin.py:154} INFO - [2023-12-01T13:40:10.372+0300] {dag.py:3722} INFO - Setting next_dagrun for example_xcom to 2021-01-01T00:00:00+00:00, run_after=2021-01-01T00:00:00+00:00
[2023-12-01T13:40:10.429+0300] {processor.py:179} INFO - Processing /home/petr/project/venv/lib/python3.10/site-packages/airflow/example_dags/example_xcom.py took 0.414 seconds
[2023-12-01T13:40:40.491+0300] {processor.py:157} INFO - Started process (PID=3896) to work on /home/petr/project/venv/lib/python3.10/site-packages/airflow/example_dags/example_xcom.py
[2023-12-01T13:40:40.492+0300] {processor.py:829} INFO - Processing file /home/petr/project/venv/lib/python3.10/site-packages/airflow/example_dags/example_xcom.py for tasks to queue
[2023-12-01T13:40:40.493+0300] {logging_mixin.py:154} INFO - [2023-12-01T13:40:40.493+0300] {dagbag.py:536} INFO - Filling up the DagBag from /home/petr/project/venv/lib/python3.10/site-packages/airflow/example_dags/example_xcom.py
[2023-12-01T13:40:40.503+0300] {processor.py:839} INFO - DAG(s) dict_keys(['example_xcom']) retrieved from /home/petr/project/venv/lib/python3.10/site-packages/airflow/example_dags/example_xcom.py
[2023-12-01T13:40:40.581+0300] {logging_mixin.py:154} INFO - [2023-12-01T13:40:40.581+0300] {dag.py:2941} INFO - Sync 1 DAGs
[2023-12-01T13:40:40.658+0300] {logging_mixin.py:154} INFO - [2023-12-01T13:40:40.658+0300] {dag.py:3722} INFO - Setting next_dagrun for example_xcom to 2021-01-01T00:00:00+00:00, run_after=2021-01-01T00:00:00+00:00
[2023-12-01T13:40:40.747+0300] {processor.py:179} INFO - Processing /home/petr/project/venv/lib/python3.10/site-packages/airflow/example_dags/example_xcom.py took 0.262 seconds
[2023-12-01T13:41:10.874+0300] {processor.py:157} INFO - Started process (PID=3995) to work on /home/petr/project/venv/lib/python3.10/site-packages/airflow/example_dags/example_xcom.py
[2023-12-01T13:41:10.881+0300] {processor.py:829} INFO - Processing file /home/petr/project/venv/lib/python3.10/site-packages/airflow/example_dags/example_xcom.py for tasks to queue
[2023-12-01T13:41:10.882+0300] {logging_mixin.py:154} INFO - [2023-12-01T13:41:10.882+0300] {dagbag.py:536} INFO - Filling up the DagBag from /home/petr/project/venv/lib/python3.10/site-packages/airflow/example_dags/example_xcom.py
[2023-12-01T13:41:10.900+0300] {processor.py:839} INFO - DAG(s) dict_keys(['example_xcom']) retrieved from /home/petr/project/venv/lib/python3.10/site-packages/airflow/example_dags/example_xcom.py
[2023-12-01T13:41:10.968+0300] {logging_mixin.py:154} INFO - [2023-12-01T13:41:10.968+0300] {dag.py:2941} INFO - Sync 1 DAGs
[2023-12-01T13:41:10.989+0300] {logging_mixin.py:154} INFO - [2023-12-01T13:41:10.988+0300] {dag.py:3722} INFO - Setting next_dagrun for example_xcom to 2021-01-01T00:00:00+00:00, run_after=2021-01-01T00:00:00+00:00
[2023-12-01T13:41:11.007+0300] {processor.py:179} INFO - Processing /home/petr/project/venv/lib/python3.10/site-packages/airflow/example_dags/example_xcom.py took 0.136 seconds
[2023-12-01T13:41:41.583+0300] {processor.py:157} INFO - Started process (PID=4097) to work on /home/petr/project/venv/lib/python3.10/site-packages/airflow/example_dags/example_xcom.py
[2023-12-01T13:41:41.595+0300] {processor.py:829} INFO - Processing file /home/petr/project/venv/lib/python3.10/site-packages/airflow/example_dags/example_xcom.py for tasks to queue
[2023-12-01T13:41:41.595+0300] {logging_mixin.py:154} INFO - [2023-12-01T13:41:41.595+0300] {dagbag.py:536} INFO - Filling up the DagBag from /home/petr/project/venv/lib/python3.10/site-packages/airflow/example_dags/example_xcom.py
[2023-12-01T13:41:41.613+0300] {processor.py:839} INFO - DAG(s) dict_keys(['example_xcom']) retrieved from /home/petr/project/venv/lib/python3.10/site-packages/airflow/example_dags/example_xcom.py
[2023-12-01T13:41:41.672+0300] {logging_mixin.py:154} INFO - [2023-12-01T13:41:41.672+0300] {dag.py:2941} INFO - Sync 1 DAGs
[2023-12-01T13:41:41.725+0300] {logging_mixin.py:154} INFO - [2023-12-01T13:41:41.724+0300] {dag.py:3722} INFO - Setting next_dagrun for example_xcom to 2021-01-01T00:00:00+00:00, run_after=2021-01-01T00:00:00+00:00
[2023-12-01T13:41:41.755+0300] {processor.py:179} INFO - Processing /home/petr/project/venv/lib/python3.10/site-packages/airflow/example_dags/example_xcom.py took 0.183 seconds
[2023-12-01T13:42:12.016+0300] {processor.py:157} INFO - Started process (PID=4204) to work on /home/petr/project/venv/lib/python3.10/site-packages/airflow/example_dags/example_xcom.py
[2023-12-01T13:42:12.017+0300] {processor.py:829} INFO - Processing file /home/petr/project/venv/lib/python3.10/site-packages/airflow/example_dags/example_xcom.py for tasks to queue
[2023-12-01T13:42:12.018+0300] {logging_mixin.py:154} INFO - [2023-12-01T13:42:12.018+0300] {dagbag.py:536} INFO - Filling up the DagBag from /home/petr/project/venv/lib/python3.10/site-packages/airflow/example_dags/example_xcom.py
[2023-12-01T13:42:12.023+0300] {processor.py:839} INFO - DAG(s) dict_keys(['example_xcom']) retrieved from /home/petr/project/venv/lib/python3.10/site-packages/airflow/example_dags/example_xcom.py
[2023-12-01T13:42:12.051+0300] {logging_mixin.py:154} INFO - [2023-12-01T13:42:12.051+0300] {dag.py:2941} INFO - Sync 1 DAGs
[2023-12-01T13:42:12.066+0300] {logging_mixin.py:154} INFO - [2023-12-01T13:42:12.066+0300] {dag.py:3722} INFO - Setting next_dagrun for example_xcom to 2021-01-01T00:00:00+00:00, run_after=2021-01-01T00:00:00+00:00
[2023-12-01T13:42:12.080+0300] {processor.py:179} INFO - Processing /home/petr/project/venv/lib/python3.10/site-packages/airflow/example_dags/example_xcom.py took 0.068 seconds
[2023-12-01T13:42:42.735+0300] {processor.py:157} INFO - Started process (PID=4308) to work on /home/petr/project/venv/lib/python3.10/site-packages/airflow/example_dags/example_xcom.py
[2023-12-01T13:42:42.743+0300] {processor.py:829} INFO - Processing file /home/petr/project/venv/lib/python3.10/site-packages/airflow/example_dags/example_xcom.py for tasks to queue
[2023-12-01T13:42:42.744+0300] {logging_mixin.py:154} INFO - [2023-12-01T13:42:42.744+0300] {dagbag.py:536} INFO - Filling up the DagBag from /home/petr/project/venv/lib/python3.10/site-packages/airflow/example_dags/example_xcom.py
[2023-12-01T13:42:42.757+0300] {processor.py:839} INFO - DAG(s) dict_keys(['example_xcom']) retrieved from /home/petr/project/venv/lib/python3.10/site-packages/airflow/example_dags/example_xcom.py
[2023-12-01T13:42:42.815+0300] {logging_mixin.py:154} INFO - [2023-12-01T13:42:42.815+0300] {dag.py:2941} INFO - Sync 1 DAGs
[2023-12-01T13:42:42.875+0300] {logging_mixin.py:154} INFO - [2023-12-01T13:42:42.875+0300] {dag.py:3722} INFO - Setting next_dagrun for example_xcom to 2021-01-01T00:00:00+00:00, run_after=2021-01-01T00:00:00+00:00
[2023-12-01T13:42:42.902+0300] {processor.py:179} INFO - Processing /home/petr/project/venv/lib/python3.10/site-packages/airflow/example_dags/example_xcom.py took 0.170 seconds
[2023-12-01T13:43:13.952+0300] {processor.py:157} INFO - Started process (PID=4408) to work on /home/petr/project/venv/lib/python3.10/site-packages/airflow/example_dags/example_xcom.py
[2023-12-01T13:43:13.953+0300] {processor.py:829} INFO - Processing file /home/petr/project/venv/lib/python3.10/site-packages/airflow/example_dags/example_xcom.py for tasks to queue
[2023-12-01T13:43:13.953+0300] {logging_mixin.py:154} INFO - [2023-12-01T13:43:13.953+0300] {dagbag.py:536} INFO - Filling up the DagBag from /home/petr/project/venv/lib/python3.10/site-packages/airflow/example_dags/example_xcom.py
[2023-12-01T13:43:13.960+0300] {processor.py:839} INFO - DAG(s) dict_keys(['example_xcom']) retrieved from /home/petr/project/venv/lib/python3.10/site-packages/airflow/example_dags/example_xcom.py
[2023-12-01T13:43:13.986+0300] {logging_mixin.py:154} INFO - [2023-12-01T13:43:13.986+0300] {dag.py:2941} INFO - Sync 1 DAGs
[2023-12-01T13:43:14.004+0300] {logging_mixin.py:154} INFO - [2023-12-01T13:43:14.003+0300] {dag.py:3722} INFO - Setting next_dagrun for example_xcom to 2021-01-01T00:00:00+00:00, run_after=2021-01-01T00:00:00+00:00
[2023-12-01T13:43:14.027+0300] {processor.py:179} INFO - Processing /home/petr/project/venv/lib/python3.10/site-packages/airflow/example_dags/example_xcom.py took 0.078 seconds
[2023-12-01T13:43:45.786+0300] {processor.py:157} INFO - Started process (PID=4507) to work on /home/petr/project/venv/lib/python3.10/site-packages/airflow/example_dags/example_xcom.py
[2023-12-01T13:43:45.787+0300] {processor.py:829} INFO - Processing file /home/petr/project/venv/lib/python3.10/site-packages/airflow/example_dags/example_xcom.py for tasks to queue
[2023-12-01T13:43:45.788+0300] {logging_mixin.py:154} INFO - [2023-12-01T13:43:45.788+0300] {dagbag.py:536} INFO - Filling up the DagBag from /home/petr/project/venv/lib/python3.10/site-packages/airflow/example_dags/example_xcom.py
[2023-12-01T13:43:45.794+0300] {processor.py:839} INFO - DAG(s) dict_keys(['example_xcom']) retrieved from /home/petr/project/venv/lib/python3.10/site-packages/airflow/example_dags/example_xcom.py
[2023-12-01T13:43:45.853+0300] {logging_mixin.py:154} INFO - [2023-12-01T13:43:45.853+0300] {dag.py:2941} INFO - Sync 1 DAGs
[2023-12-01T13:43:45.895+0300] {logging_mixin.py:154} INFO - [2023-12-01T13:43:45.895+0300] {dag.py:3722} INFO - Setting next_dagrun for example_xcom to 2021-01-01T00:00:00+00:00, run_after=2021-01-01T00:00:00+00:00
[2023-12-01T13:43:45.930+0300] {processor.py:179} INFO - Processing /home/petr/project/venv/lib/python3.10/site-packages/airflow/example_dags/example_xcom.py took 0.147 seconds
[2023-12-01T13:44:16.025+0300] {processor.py:157} INFO - Started process (PID=4607) to work on /home/petr/project/venv/lib/python3.10/site-packages/airflow/example_dags/example_xcom.py
[2023-12-01T13:44:16.033+0300] {processor.py:829} INFO - Processing file /home/petr/project/venv/lib/python3.10/site-packages/airflow/example_dags/example_xcom.py for tasks to queue
[2023-12-01T13:44:16.034+0300] {logging_mixin.py:154} INFO - [2023-12-01T13:44:16.034+0300] {dagbag.py:536} INFO - Filling up the DagBag from /home/petr/project/venv/lib/python3.10/site-packages/airflow/example_dags/example_xcom.py
[2023-12-01T13:44:16.046+0300] {processor.py:839} INFO - DAG(s) dict_keys(['example_xcom']) retrieved from /home/petr/project/venv/lib/python3.10/site-packages/airflow/example_dags/example_xcom.py
[2023-12-01T13:44:16.115+0300] {logging_mixin.py:154} INFO - [2023-12-01T13:44:16.115+0300] {dag.py:2941} INFO - Sync 1 DAGs
[2023-12-01T13:44:16.131+0300] {logging_mixin.py:154} INFO - [2023-12-01T13:44:16.131+0300] {dag.py:3722} INFO - Setting next_dagrun for example_xcom to 2021-01-01T00:00:00+00:00, run_after=2021-01-01T00:00:00+00:00
[2023-12-01T13:44:16.147+0300] {processor.py:179} INFO - Processing /home/petr/project/venv/lib/python3.10/site-packages/airflow/example_dags/example_xcom.py took 0.125 seconds
[2023-12-01T13:44:47.420+0300] {processor.py:157} INFO - Started process (PID=4707) to work on /home/petr/project/venv/lib/python3.10/site-packages/airflow/example_dags/example_xcom.py
[2023-12-01T13:44:47.435+0300] {processor.py:829} INFO - Processing file /home/petr/project/venv/lib/python3.10/site-packages/airflow/example_dags/example_xcom.py for tasks to queue
[2023-12-01T13:44:47.436+0300] {logging_mixin.py:154} INFO - [2023-12-01T13:44:47.436+0300] {dagbag.py:536} INFO - Filling up the DagBag from /home/petr/project/venv/lib/python3.10/site-packages/airflow/example_dags/example_xcom.py
[2023-12-01T13:44:47.442+0300] {processor.py:839} INFO - DAG(s) dict_keys(['example_xcom']) retrieved from /home/petr/project/venv/lib/python3.10/site-packages/airflow/example_dags/example_xcom.py
[2023-12-01T13:44:47.490+0300] {logging_mixin.py:154} INFO - [2023-12-01T13:44:47.489+0300] {dag.py:2941} INFO - Sync 1 DAGs
[2023-12-01T13:44:47.540+0300] {logging_mixin.py:154} INFO - [2023-12-01T13:44:47.539+0300] {dag.py:3722} INFO - Setting next_dagrun for example_xcom to 2021-01-01T00:00:00+00:00, run_after=2021-01-01T00:00:00+00:00
[2023-12-01T13:44:47.603+0300] {processor.py:179} INFO - Processing /home/petr/project/venv/lib/python3.10/site-packages/airflow/example_dags/example_xcom.py took 0.186 seconds
[2023-12-01T13:45:18.123+0300] {processor.py:157} INFO - Started process (PID=4828) to work on /home/petr/project/venv/lib/python3.10/site-packages/airflow/example_dags/example_xcom.py
[2023-12-01T13:45:18.130+0300] {processor.py:829} INFO - Processing file /home/petr/project/venv/lib/python3.10/site-packages/airflow/example_dags/example_xcom.py for tasks to queue
[2023-12-01T13:45:18.130+0300] {logging_mixin.py:154} INFO - [2023-12-01T13:45:18.130+0300] {dagbag.py:536} INFO - Filling up the DagBag from /home/petr/project/venv/lib/python3.10/site-packages/airflow/example_dags/example_xcom.py
[2023-12-01T13:45:18.137+0300] {processor.py:839} INFO - DAG(s) dict_keys(['example_xcom']) retrieved from /home/petr/project/venv/lib/python3.10/site-packages/airflow/example_dags/example_xcom.py
[2023-12-01T13:45:18.200+0300] {logging_mixin.py:154} INFO - [2023-12-01T13:45:18.199+0300] {dag.py:2941} INFO - Sync 1 DAGs
[2023-12-01T13:45:18.273+0300] {logging_mixin.py:154} INFO - [2023-12-01T13:45:18.273+0300] {dag.py:3722} INFO - Setting next_dagrun for example_xcom to 2021-01-01T00:00:00+00:00, run_after=2021-01-01T00:00:00+00:00
[2023-12-01T13:45:18.406+0300] {processor.py:179} INFO - Processing /home/petr/project/venv/lib/python3.10/site-packages/airflow/example_dags/example_xcom.py took 0.285 seconds
[2023-12-01T13:46:44.630+0300] {processor.py:157} INFO - Started process (PID=4944) to work on /home/petr/project/venv/lib/python3.10/site-packages/airflow/example_dags/example_xcom.py
[2023-12-01T13:46:44.644+0300] {processor.py:829} INFO - Processing file /home/petr/project/venv/lib/python3.10/site-packages/airflow/example_dags/example_xcom.py for tasks to queue
[2023-12-01T13:46:44.646+0300] {logging_mixin.py:154} INFO - [2023-12-01T13:46:44.646+0300] {dagbag.py:536} INFO - Filling up the DagBag from /home/petr/project/venv/lib/python3.10/site-packages/airflow/example_dags/example_xcom.py
[2023-12-01T13:46:44.673+0300] {processor.py:839} INFO - DAG(s) dict_keys(['example_xcom']) retrieved from /home/petr/project/venv/lib/python3.10/site-packages/airflow/example_dags/example_xcom.py
[2023-12-01T13:46:44.891+0300] {logging_mixin.py:154} INFO - [2023-12-01T13:46:44.890+0300] {dag.py:2941} INFO - Sync 1 DAGs
[2023-12-01T13:46:45.155+0300] {logging_mixin.py:154} INFO - [2023-12-01T13:46:45.155+0300] {dag.py:3722} INFO - Setting next_dagrun for example_xcom to 2021-01-01T00:00:00+00:00, run_after=2021-01-01T00:00:00+00:00
[2023-12-01T13:46:45.274+0300] {processor.py:179} INFO - Processing /home/petr/project/venv/lib/python3.10/site-packages/airflow/example_dags/example_xcom.py took 0.662 seconds
[2023-12-01T13:47:15.326+0300] {processor.py:157} INFO - Started process (PID=5048) to work on /home/petr/project/venv/lib/python3.10/site-packages/airflow/example_dags/example_xcom.py
[2023-12-01T13:47:15.327+0300] {processor.py:829} INFO - Processing file /home/petr/project/venv/lib/python3.10/site-packages/airflow/example_dags/example_xcom.py for tasks to queue
[2023-12-01T13:47:15.328+0300] {logging_mixin.py:154} INFO - [2023-12-01T13:47:15.327+0300] {dagbag.py:536} INFO - Filling up the DagBag from /home/petr/project/venv/lib/python3.10/site-packages/airflow/example_dags/example_xcom.py
[2023-12-01T13:47:15.334+0300] {processor.py:839} INFO - DAG(s) dict_keys(['example_xcom']) retrieved from /home/petr/project/venv/lib/python3.10/site-packages/airflow/example_dags/example_xcom.py
[2023-12-01T13:47:15.360+0300] {logging_mixin.py:154} INFO - [2023-12-01T13:47:15.360+0300] {dag.py:2941} INFO - Sync 1 DAGs
[2023-12-01T13:47:15.378+0300] {logging_mixin.py:154} INFO - [2023-12-01T13:47:15.377+0300] {dag.py:3722} INFO - Setting next_dagrun for example_xcom to 2021-01-01T00:00:00+00:00, run_after=2021-01-01T00:00:00+00:00
[2023-12-01T13:47:15.392+0300] {processor.py:179} INFO - Processing /home/petr/project/venv/lib/python3.10/site-packages/airflow/example_dags/example_xcom.py took 0.070 seconds
[2023-12-01T13:47:46.019+0300] {processor.py:157} INFO - Started process (PID=5174) to work on /home/petr/project/venv/lib/python3.10/site-packages/airflow/example_dags/example_xcom.py
[2023-12-01T13:47:46.029+0300] {processor.py:829} INFO - Processing file /home/petr/project/venv/lib/python3.10/site-packages/airflow/example_dags/example_xcom.py for tasks to queue
[2023-12-01T13:47:46.030+0300] {logging_mixin.py:154} INFO - [2023-12-01T13:47:46.030+0300] {dagbag.py:536} INFO - Filling up the DagBag from /home/petr/project/venv/lib/python3.10/site-packages/airflow/example_dags/example_xcom.py
[2023-12-01T13:47:46.055+0300] {processor.py:839} INFO - DAG(s) dict_keys(['example_xcom']) retrieved from /home/petr/project/venv/lib/python3.10/site-packages/airflow/example_dags/example_xcom.py
[2023-12-01T13:47:46.151+0300] {logging_mixin.py:154} INFO - [2023-12-01T13:47:46.150+0300] {dag.py:2941} INFO - Sync 1 DAGs
[2023-12-01T13:47:46.237+0300] {logging_mixin.py:154} INFO - [2023-12-01T13:47:46.237+0300] {dag.py:3722} INFO - Setting next_dagrun for example_xcom to 2021-01-01T00:00:00+00:00, run_after=2021-01-01T00:00:00+00:00
[2023-12-01T13:47:46.331+0300] {processor.py:179} INFO - Processing /home/petr/project/venv/lib/python3.10/site-packages/airflow/example_dags/example_xcom.py took 0.329 seconds
[2023-12-01T13:49:10.650+0300] {processor.py:157} INFO - Started process (PID=5321) to work on /home/petr/project/venv/lib/python3.10/site-packages/airflow/example_dags/example_xcom.py
[2023-12-01T13:49:10.664+0300] {processor.py:829} INFO - Processing file /home/petr/project/venv/lib/python3.10/site-packages/airflow/example_dags/example_xcom.py for tasks to queue
[2023-12-01T13:49:10.664+0300] {logging_mixin.py:154} INFO - [2023-12-01T13:49:10.664+0300] {dagbag.py:536} INFO - Filling up the DagBag from /home/petr/project/venv/lib/python3.10/site-packages/airflow/example_dags/example_xcom.py
[2023-12-01T13:49:10.672+0300] {processor.py:839} INFO - DAG(s) dict_keys(['example_xcom']) retrieved from /home/petr/project/venv/lib/python3.10/site-packages/airflow/example_dags/example_xcom.py
[2023-12-01T13:49:10.745+0300] {logging_mixin.py:154} INFO - [2023-12-01T13:49:10.745+0300] {dag.py:2941} INFO - Sync 1 DAGs
[2023-12-01T13:49:10.821+0300] {logging_mixin.py:154} INFO - [2023-12-01T13:49:10.821+0300] {dag.py:3722} INFO - Setting next_dagrun for example_xcom to 2021-01-01T00:00:00+00:00, run_after=2021-01-01T00:00:00+00:00
[2023-12-01T13:49:10.865+0300] {processor.py:179} INFO - Processing /home/petr/project/venv/lib/python3.10/site-packages/airflow/example_dags/example_xcom.py took 0.218 seconds
[2023-12-01T13:49:42.099+0300] {processor.py:157} INFO - Started process (PID=5423) to work on /home/petr/project/venv/lib/python3.10/site-packages/airflow/example_dags/example_xcom.py
[2023-12-01T13:49:42.112+0300] {processor.py:829} INFO - Processing file /home/petr/project/venv/lib/python3.10/site-packages/airflow/example_dags/example_xcom.py for tasks to queue
[2023-12-01T13:49:42.115+0300] {logging_mixin.py:154} INFO - [2023-12-01T13:49:42.115+0300] {dagbag.py:536} INFO - Filling up the DagBag from /home/petr/project/venv/lib/python3.10/site-packages/airflow/example_dags/example_xcom.py
[2023-12-01T13:49:42.138+0300] {processor.py:839} INFO - DAG(s) dict_keys(['example_xcom']) retrieved from /home/petr/project/venv/lib/python3.10/site-packages/airflow/example_dags/example_xcom.py
[2023-12-01T13:49:42.240+0300] {logging_mixin.py:154} INFO - [2023-12-01T13:49:42.239+0300] {dag.py:2941} INFO - Sync 1 DAGs
[2023-12-01T13:49:42.322+0300] {logging_mixin.py:154} INFO - [2023-12-01T13:49:42.322+0300] {dag.py:3722} INFO - Setting next_dagrun for example_xcom to 2021-01-01T00:00:00+00:00, run_after=2021-01-01T00:00:00+00:00
[2023-12-01T13:49:42.426+0300] {processor.py:179} INFO - Processing /home/petr/project/venv/lib/python3.10/site-packages/airflow/example_dags/example_xcom.py took 0.329 seconds
[2023-12-01T13:50:13.408+0300] {processor.py:157} INFO - Started process (PID=5534) to work on /home/petr/project/venv/lib/python3.10/site-packages/airflow/example_dags/example_xcom.py
[2023-12-01T13:50:13.409+0300] {processor.py:829} INFO - Processing file /home/petr/project/venv/lib/python3.10/site-packages/airflow/example_dags/example_xcom.py for tasks to queue
[2023-12-01T13:50:13.410+0300] {logging_mixin.py:154} INFO - [2023-12-01T13:50:13.410+0300] {dagbag.py:536} INFO - Filling up the DagBag from /home/petr/project/venv/lib/python3.10/site-packages/airflow/example_dags/example_xcom.py
[2023-12-01T13:50:13.426+0300] {processor.py:839} INFO - DAG(s) dict_keys(['example_xcom']) retrieved from /home/petr/project/venv/lib/python3.10/site-packages/airflow/example_dags/example_xcom.py
[2023-12-01T13:50:13.482+0300] {logging_mixin.py:154} INFO - [2023-12-01T13:50:13.481+0300] {dag.py:2941} INFO - Sync 1 DAGs
[2023-12-01T13:50:13.521+0300] {logging_mixin.py:154} INFO - [2023-12-01T13:50:13.521+0300] {dag.py:3722} INFO - Setting next_dagrun for example_xcom to 2021-01-01T00:00:00+00:00, run_after=2021-01-01T00:00:00+00:00
[2023-12-01T13:50:13.584+0300] {processor.py:179} INFO - Processing /home/petr/project/venv/lib/python3.10/site-packages/airflow/example_dags/example_xcom.py took 0.186 seconds
[2023-12-01T20:00:50.359+0300] {processor.py:157} INFO - Started process (PID=5905) to work on /home/petr/project/venv/lib/python3.10/site-packages/airflow/example_dags/example_xcom.py
[2023-12-01T20:00:50.370+0300] {processor.py:829} INFO - Processing file /home/petr/project/venv/lib/python3.10/site-packages/airflow/example_dags/example_xcom.py for tasks to queue
[2023-12-01T20:00:50.374+0300] {logging_mixin.py:154} INFO - [2023-12-01T20:00:50.373+0300] {dagbag.py:536} INFO - Filling up the DagBag from /home/petr/project/venv/lib/python3.10/site-packages/airflow/example_dags/example_xcom.py
[2023-12-01T20:00:50.457+0300] {processor.py:839} INFO - DAG(s) dict_keys(['example_xcom']) retrieved from /home/petr/project/venv/lib/python3.10/site-packages/airflow/example_dags/example_xcom.py
[2023-12-01T20:00:50.834+0300] {logging_mixin.py:154} INFO - [2023-12-01T20:00:50.834+0300] {dag.py:2941} INFO - Sync 1 DAGs
[2023-12-01T20:00:51.078+0300] {logging_mixin.py:154} INFO - [2023-12-01T20:00:51.077+0300] {dag.py:3722} INFO - Setting next_dagrun for example_xcom to 2021-01-01T00:00:00+00:00, run_after=2021-01-01T00:00:00+00:00
[2023-12-01T20:00:51.264+0300] {processor.py:179} INFO - Processing /home/petr/project/venv/lib/python3.10/site-packages/airflow/example_dags/example_xcom.py took 0.936 seconds
