[2023-12-01T13:38:07.651+0300] {processor.py:157} INFO - Started process (PID=3379) to work on /home/petr/project/venv/lib/python3.10/site-packages/airflow/example_dags/example_nested_branch_dag.py
[2023-12-01T13:38:07.656+0300] {processor.py:829} INFO - Processing file /home/petr/project/venv/lib/python3.10/site-packages/airflow/example_dags/example_nested_branch_dag.py for tasks to queue
[2023-12-01T13:38:07.656+0300] {logging_mixin.py:154} INFO - [2023-12-01T13:38:07.656+0300] {dagbag.py:536} INFO - Filling up the DagBag from /home/petr/project/venv/lib/python3.10/site-packages/airflow/example_dags/example_nested_branch_dag.py
[2023-12-01T13:38:07.676+0300] {processor.py:839} INFO - DAG(s) dict_keys(['example_nested_branch_dag']) retrieved from /home/petr/project/venv/lib/python3.10/site-packages/airflow/example_dags/example_nested_branch_dag.py
[2023-12-01T13:38:07.932+0300] {logging_mixin.py:154} INFO - [2023-12-01T13:38:07.932+0300] {dag.py:2941} INFO - Sync 1 DAGs
[2023-12-01T13:38:08.076+0300] {logging_mixin.py:154} INFO - [2023-12-01T13:38:08.076+0300] {dag.py:3722} INFO - Setting next_dagrun for example_nested_branch_dag to 2023-11-30T00:00:00+00:00, run_after=2023-12-01T00:00:00+00:00
[2023-12-01T13:38:08.185+0300] {processor.py:179} INFO - Processing /home/petr/project/venv/lib/python3.10/site-packages/airflow/example_dags/example_nested_branch_dag.py took 0.546 seconds
[2023-12-01T13:38:39.007+0300] {processor.py:157} INFO - Started process (PID=3483) to work on /home/petr/project/venv/lib/python3.10/site-packages/airflow/example_dags/example_nested_branch_dag.py
[2023-12-01T13:38:39.010+0300] {processor.py:829} INFO - Processing file /home/petr/project/venv/lib/python3.10/site-packages/airflow/example_dags/example_nested_branch_dag.py for tasks to queue
[2023-12-01T13:38:39.011+0300] {logging_mixin.py:154} INFO - [2023-12-01T13:38:39.010+0300] {dagbag.py:536} INFO - Filling up the DagBag from /home/petr/project/venv/lib/python3.10/site-packages/airflow/example_dags/example_nested_branch_dag.py
[2023-12-01T13:38:39.048+0300] {processor.py:839} INFO - DAG(s) dict_keys(['example_nested_branch_dag']) retrieved from /home/petr/project/venv/lib/python3.10/site-packages/airflow/example_dags/example_nested_branch_dag.py
[2023-12-01T13:38:39.176+0300] {logging_mixin.py:154} INFO - [2023-12-01T13:38:39.175+0300] {dag.py:2941} INFO - Sync 1 DAGs
[2023-12-01T13:38:39.284+0300] {logging_mixin.py:154} INFO - [2023-12-01T13:38:39.284+0300] {dag.py:3722} INFO - Setting next_dagrun for example_nested_branch_dag to 2023-11-30T00:00:00+00:00, run_after=2023-12-01T00:00:00+00:00
[2023-12-01T13:38:39.391+0300] {processor.py:179} INFO - Processing /home/petr/project/venv/lib/python3.10/site-packages/airflow/example_dags/example_nested_branch_dag.py took 0.429 seconds
[2023-12-01T13:39:10.014+0300] {processor.py:157} INFO - Started process (PID=3584) to work on /home/petr/project/venv/lib/python3.10/site-packages/airflow/example_dags/example_nested_branch_dag.py
[2023-12-01T13:39:10.032+0300] {processor.py:829} INFO - Processing file /home/petr/project/venv/lib/python3.10/site-packages/airflow/example_dags/example_nested_branch_dag.py for tasks to queue
[2023-12-01T13:39:10.032+0300] {logging_mixin.py:154} INFO - [2023-12-01T13:39:10.032+0300] {dagbag.py:536} INFO - Filling up the DagBag from /home/petr/project/venv/lib/python3.10/site-packages/airflow/example_dags/example_nested_branch_dag.py
[2023-12-01T13:39:10.055+0300] {processor.py:839} INFO - DAG(s) dict_keys(['example_nested_branch_dag']) retrieved from /home/petr/project/venv/lib/python3.10/site-packages/airflow/example_dags/example_nested_branch_dag.py
[2023-12-01T13:39:10.117+0300] {logging_mixin.py:154} INFO - [2023-12-01T13:39:10.117+0300] {dag.py:2941} INFO - Sync 1 DAGs
[2023-12-01T13:39:10.159+0300] {logging_mixin.py:154} INFO - [2023-12-01T13:39:10.159+0300] {dag.py:3722} INFO - Setting next_dagrun for example_nested_branch_dag to 2023-11-30T00:00:00+00:00, run_after=2023-12-01T00:00:00+00:00
[2023-12-01T13:39:10.186+0300] {processor.py:179} INFO - Processing /home/petr/project/venv/lib/python3.10/site-packages/airflow/example_dags/example_nested_branch_dag.py took 0.175 seconds
[2023-12-01T13:39:40.856+0300] {processor.py:157} INFO - Started process (PID=3701) to work on /home/petr/project/venv/lib/python3.10/site-packages/airflow/example_dags/example_nested_branch_dag.py
[2023-12-01T13:39:40.859+0300] {processor.py:829} INFO - Processing file /home/petr/project/venv/lib/python3.10/site-packages/airflow/example_dags/example_nested_branch_dag.py for tasks to queue
[2023-12-01T13:39:40.859+0300] {logging_mixin.py:154} INFO - [2023-12-01T13:39:40.859+0300] {dagbag.py:536} INFO - Filling up the DagBag from /home/petr/project/venv/lib/python3.10/site-packages/airflow/example_dags/example_nested_branch_dag.py
[2023-12-01T13:39:40.889+0300] {processor.py:839} INFO - DAG(s) dict_keys(['example_nested_branch_dag']) retrieved from /home/petr/project/venv/lib/python3.10/site-packages/airflow/example_dags/example_nested_branch_dag.py
[2023-12-01T13:39:40.944+0300] {logging_mixin.py:154} INFO - [2023-12-01T13:39:40.943+0300] {dag.py:2941} INFO - Sync 1 DAGs
[2023-12-01T13:39:40.998+0300] {logging_mixin.py:154} INFO - [2023-12-01T13:39:40.998+0300] {dag.py:3722} INFO - Setting next_dagrun for example_nested_branch_dag to 2023-11-30T00:00:00+00:00, run_after=2023-12-01T00:00:00+00:00
[2023-12-01T13:39:41.023+0300] {processor.py:179} INFO - Processing /home/petr/project/venv/lib/python3.10/site-packages/airflow/example_dags/example_nested_branch_dag.py took 0.170 seconds
[2023-12-01T13:40:12.404+0300] {processor.py:157} INFO - Started process (PID=3821) to work on /home/petr/project/venv/lib/python3.10/site-packages/airflow/example_dags/example_nested_branch_dag.py
[2023-12-01T13:40:12.419+0300] {processor.py:829} INFO - Processing file /home/petr/project/venv/lib/python3.10/site-packages/airflow/example_dags/example_nested_branch_dag.py for tasks to queue
[2023-12-01T13:40:12.420+0300] {logging_mixin.py:154} INFO - [2023-12-01T13:40:12.419+0300] {dagbag.py:536} INFO - Filling up the DagBag from /home/petr/project/venv/lib/python3.10/site-packages/airflow/example_dags/example_nested_branch_dag.py
[2023-12-01T13:40:12.451+0300] {processor.py:839} INFO - DAG(s) dict_keys(['example_nested_branch_dag']) retrieved from /home/petr/project/venv/lib/python3.10/site-packages/airflow/example_dags/example_nested_branch_dag.py
[2023-12-01T13:40:12.571+0300] {logging_mixin.py:154} INFO - [2023-12-01T13:40:12.571+0300] {dag.py:2941} INFO - Sync 1 DAGs
[2023-12-01T13:40:12.650+0300] {logging_mixin.py:154} INFO - [2023-12-01T13:40:12.650+0300] {dag.py:3722} INFO - Setting next_dagrun for example_nested_branch_dag to 2023-11-30T00:00:00+00:00, run_after=2023-12-01T00:00:00+00:00
[2023-12-01T13:40:12.696+0300] {processor.py:179} INFO - Processing /home/petr/project/venv/lib/python3.10/site-packages/airflow/example_dags/example_nested_branch_dag.py took 0.301 seconds
[2023-12-01T13:40:43.525+0300] {processor.py:157} INFO - Started process (PID=3924) to work on /home/petr/project/venv/lib/python3.10/site-packages/airflow/example_dags/example_nested_branch_dag.py
[2023-12-01T13:40:43.529+0300] {processor.py:829} INFO - Processing file /home/petr/project/venv/lib/python3.10/site-packages/airflow/example_dags/example_nested_branch_dag.py for tasks to queue
[2023-12-01T13:40:43.530+0300] {logging_mixin.py:154} INFO - [2023-12-01T13:40:43.530+0300] {dagbag.py:536} INFO - Filling up the DagBag from /home/petr/project/venv/lib/python3.10/site-packages/airflow/example_dags/example_nested_branch_dag.py
[2023-12-01T13:40:43.540+0300] {processor.py:839} INFO - DAG(s) dict_keys(['example_nested_branch_dag']) retrieved from /home/petr/project/venv/lib/python3.10/site-packages/airflow/example_dags/example_nested_branch_dag.py
[2023-12-01T13:40:43.566+0300] {logging_mixin.py:154} INFO - [2023-12-01T13:40:43.566+0300] {dag.py:2941} INFO - Sync 1 DAGs
[2023-12-01T13:40:43.586+0300] {logging_mixin.py:154} INFO - [2023-12-01T13:40:43.586+0300] {dag.py:3722} INFO - Setting next_dagrun for example_nested_branch_dag to 2023-11-30T00:00:00+00:00, run_after=2023-12-01T00:00:00+00:00
[2023-12-01T13:40:43.604+0300] {processor.py:179} INFO - Processing /home/petr/project/venv/lib/python3.10/site-packages/airflow/example_dags/example_nested_branch_dag.py took 0.082 seconds
[2023-12-01T13:41:14.377+0300] {processor.py:157} INFO - Started process (PID=4023) to work on /home/petr/project/venv/lib/python3.10/site-packages/airflow/example_dags/example_nested_branch_dag.py
[2023-12-01T13:41:14.388+0300] {processor.py:829} INFO - Processing file /home/petr/project/venv/lib/python3.10/site-packages/airflow/example_dags/example_nested_branch_dag.py for tasks to queue
[2023-12-01T13:41:14.389+0300] {logging_mixin.py:154} INFO - [2023-12-01T13:41:14.389+0300] {dagbag.py:536} INFO - Filling up the DagBag from /home/petr/project/venv/lib/python3.10/site-packages/airflow/example_dags/example_nested_branch_dag.py
[2023-12-01T13:41:14.443+0300] {processor.py:839} INFO - DAG(s) dict_keys(['example_nested_branch_dag']) retrieved from /home/petr/project/venv/lib/python3.10/site-packages/airflow/example_dags/example_nested_branch_dag.py
[2023-12-01T13:41:14.592+0300] {logging_mixin.py:154} INFO - [2023-12-01T13:41:14.590+0300] {dag.py:2941} INFO - Sync 1 DAGs
[2023-12-01T13:41:14.738+0300] {logging_mixin.py:154} INFO - [2023-12-01T13:41:14.738+0300] {dag.py:3722} INFO - Setting next_dagrun for example_nested_branch_dag to 2023-11-30T00:00:00+00:00, run_after=2023-12-01T00:00:00+00:00
[2023-12-01T13:41:14.769+0300] {processor.py:179} INFO - Processing /home/petr/project/venv/lib/python3.10/site-packages/airflow/example_dags/example_nested_branch_dag.py took 0.425 seconds
[2023-12-01T13:41:44.819+0300] {processor.py:157} INFO - Started process (PID=4127) to work on /home/petr/project/venv/lib/python3.10/site-packages/airflow/example_dags/example_nested_branch_dag.py
[2023-12-01T13:41:44.824+0300] {processor.py:829} INFO - Processing file /home/petr/project/venv/lib/python3.10/site-packages/airflow/example_dags/example_nested_branch_dag.py for tasks to queue
[2023-12-01T13:41:44.827+0300] {logging_mixin.py:154} INFO - [2023-12-01T13:41:44.825+0300] {dagbag.py:536} INFO - Filling up the DagBag from /home/petr/project/venv/lib/python3.10/site-packages/airflow/example_dags/example_nested_branch_dag.py
[2023-12-01T13:41:44.846+0300] {processor.py:839} INFO - DAG(s) dict_keys(['example_nested_branch_dag']) retrieved from /home/petr/project/venv/lib/python3.10/site-packages/airflow/example_dags/example_nested_branch_dag.py
[2023-12-01T13:41:44.903+0300] {logging_mixin.py:154} INFO - [2023-12-01T13:41:44.903+0300] {dag.py:2941} INFO - Sync 1 DAGs
[2023-12-01T13:41:44.943+0300] {logging_mixin.py:154} INFO - [2023-12-01T13:41:44.943+0300] {dag.py:3722} INFO - Setting next_dagrun for example_nested_branch_dag to 2023-11-30T00:00:00+00:00, run_after=2023-12-01T00:00:00+00:00
[2023-12-01T13:41:44.976+0300] {processor.py:179} INFO - Processing /home/petr/project/venv/lib/python3.10/site-packages/airflow/example_dags/example_nested_branch_dag.py took 0.162 seconds
[2023-12-01T13:42:15.366+0300] {processor.py:157} INFO - Started process (PID=4234) to work on /home/petr/project/venv/lib/python3.10/site-packages/airflow/example_dags/example_nested_branch_dag.py
[2023-12-01T13:42:15.366+0300] {processor.py:829} INFO - Processing file /home/petr/project/venv/lib/python3.10/site-packages/airflow/example_dags/example_nested_branch_dag.py for tasks to queue
[2023-12-01T13:42:15.367+0300] {logging_mixin.py:154} INFO - [2023-12-01T13:42:15.366+0300] {dagbag.py:536} INFO - Filling up the DagBag from /home/petr/project/venv/lib/python3.10/site-packages/airflow/example_dags/example_nested_branch_dag.py
[2023-12-01T13:42:15.385+0300] {processor.py:839} INFO - DAG(s) dict_keys(['example_nested_branch_dag']) retrieved from /home/petr/project/venv/lib/python3.10/site-packages/airflow/example_dags/example_nested_branch_dag.py
[2023-12-01T13:42:15.476+0300] {logging_mixin.py:154} INFO - [2023-12-01T13:42:15.475+0300] {dag.py:2941} INFO - Sync 1 DAGs
[2023-12-01T13:42:15.542+0300] {logging_mixin.py:154} INFO - [2023-12-01T13:42:15.541+0300] {dag.py:3722} INFO - Setting next_dagrun for example_nested_branch_dag to 2023-11-30T00:00:00+00:00, run_after=2023-12-01T00:00:00+00:00
[2023-12-01T13:42:15.579+0300] {processor.py:179} INFO - Processing /home/petr/project/venv/lib/python3.10/site-packages/airflow/example_dags/example_nested_branch_dag.py took 0.216 seconds
[2023-12-01T13:42:45.917+0300] {processor.py:157} INFO - Started process (PID=4338) to work on /home/petr/project/venv/lib/python3.10/site-packages/airflow/example_dags/example_nested_branch_dag.py
[2023-12-01T13:42:45.919+0300] {processor.py:829} INFO - Processing file /home/petr/project/venv/lib/python3.10/site-packages/airflow/example_dags/example_nested_branch_dag.py for tasks to queue
[2023-12-01T13:42:45.919+0300] {logging_mixin.py:154} INFO - [2023-12-01T13:42:45.919+0300] {dagbag.py:536} INFO - Filling up the DagBag from /home/petr/project/venv/lib/python3.10/site-packages/airflow/example_dags/example_nested_branch_dag.py
[2023-12-01T13:42:45.948+0300] {processor.py:839} INFO - DAG(s) dict_keys(['example_nested_branch_dag']) retrieved from /home/petr/project/venv/lib/python3.10/site-packages/airflow/example_dags/example_nested_branch_dag.py
[2023-12-01T13:42:45.988+0300] {logging_mixin.py:154} INFO - [2023-12-01T13:42:45.987+0300] {dag.py:2941} INFO - Sync 1 DAGs
[2023-12-01T13:42:46.043+0300] {logging_mixin.py:154} INFO - [2023-12-01T13:42:46.043+0300] {dag.py:3722} INFO - Setting next_dagrun for example_nested_branch_dag to 2023-11-30T00:00:00+00:00, run_after=2023-12-01T00:00:00+00:00
[2023-12-01T13:42:46.063+0300] {processor.py:179} INFO - Processing /home/petr/project/venv/lib/python3.10/site-packages/airflow/example_dags/example_nested_branch_dag.py took 0.158 seconds
[2023-12-01T13:43:16.372+0300] {processor.py:157} INFO - Started process (PID=4438) to work on /home/petr/project/venv/lib/python3.10/site-packages/airflow/example_dags/example_nested_branch_dag.py
[2023-12-01T13:43:16.376+0300] {processor.py:829} INFO - Processing file /home/petr/project/venv/lib/python3.10/site-packages/airflow/example_dags/example_nested_branch_dag.py for tasks to queue
[2023-12-01T13:43:16.376+0300] {logging_mixin.py:154} INFO - [2023-12-01T13:43:16.376+0300] {dagbag.py:536} INFO - Filling up the DagBag from /home/petr/project/venv/lib/python3.10/site-packages/airflow/example_dags/example_nested_branch_dag.py
[2023-12-01T13:43:16.395+0300] {processor.py:839} INFO - DAG(s) dict_keys(['example_nested_branch_dag']) retrieved from /home/petr/project/venv/lib/python3.10/site-packages/airflow/example_dags/example_nested_branch_dag.py
[2023-12-01T13:43:16.468+0300] {logging_mixin.py:154} INFO - [2023-12-01T13:43:16.468+0300] {dag.py:2941} INFO - Sync 1 DAGs
[2023-12-01T13:43:16.509+0300] {logging_mixin.py:154} INFO - [2023-12-01T13:43:16.508+0300] {dag.py:3722} INFO - Setting next_dagrun for example_nested_branch_dag to 2023-11-30T00:00:00+00:00, run_after=2023-12-01T00:00:00+00:00
[2023-12-01T13:43:16.538+0300] {processor.py:179} INFO - Processing /home/petr/project/venv/lib/python3.10/site-packages/airflow/example_dags/example_nested_branch_dag.py took 0.169 seconds
[2023-12-01T13:43:47.747+0300] {processor.py:157} INFO - Started process (PID=4538) to work on /home/petr/project/venv/lib/python3.10/site-packages/airflow/example_dags/example_nested_branch_dag.py
[2023-12-01T13:43:47.755+0300] {processor.py:829} INFO - Processing file /home/petr/project/venv/lib/python3.10/site-packages/airflow/example_dags/example_nested_branch_dag.py for tasks to queue
[2023-12-01T13:43:47.755+0300] {logging_mixin.py:154} INFO - [2023-12-01T13:43:47.755+0300] {dagbag.py:536} INFO - Filling up the DagBag from /home/petr/project/venv/lib/python3.10/site-packages/airflow/example_dags/example_nested_branch_dag.py
[2023-12-01T13:43:47.783+0300] {processor.py:839} INFO - DAG(s) dict_keys(['example_nested_branch_dag']) retrieved from /home/petr/project/venv/lib/python3.10/site-packages/airflow/example_dags/example_nested_branch_dag.py
[2023-12-01T13:43:47.859+0300] {logging_mixin.py:154} INFO - [2023-12-01T13:43:47.859+0300] {dag.py:2941} INFO - Sync 1 DAGs
[2023-12-01T13:43:47.916+0300] {logging_mixin.py:154} INFO - [2023-12-01T13:43:47.916+0300] {dag.py:3722} INFO - Setting next_dagrun for example_nested_branch_dag to 2023-11-30T00:00:00+00:00, run_after=2023-12-01T00:00:00+00:00
[2023-12-01T13:43:47.984+0300] {processor.py:179} INFO - Processing /home/petr/project/venv/lib/python3.10/site-packages/airflow/example_dags/example_nested_branch_dag.py took 0.259 seconds
[2023-12-01T13:44:18.154+0300] {processor.py:157} INFO - Started process (PID=4638) to work on /home/petr/project/venv/lib/python3.10/site-packages/airflow/example_dags/example_nested_branch_dag.py
[2023-12-01T13:44:18.159+0300] {processor.py:829} INFO - Processing file /home/petr/project/venv/lib/python3.10/site-packages/airflow/example_dags/example_nested_branch_dag.py for tasks to queue
[2023-12-01T13:44:18.160+0300] {logging_mixin.py:154} INFO - [2023-12-01T13:44:18.159+0300] {dagbag.py:536} INFO - Filling up the DagBag from /home/petr/project/venv/lib/python3.10/site-packages/airflow/example_dags/example_nested_branch_dag.py
[2023-12-01T13:44:18.167+0300] {processor.py:839} INFO - DAG(s) dict_keys(['example_nested_branch_dag']) retrieved from /home/petr/project/venv/lib/python3.10/site-packages/airflow/example_dags/example_nested_branch_dag.py
[2023-12-01T13:44:18.228+0300] {logging_mixin.py:154} INFO - [2023-12-01T13:44:18.228+0300] {dag.py:2941} INFO - Sync 1 DAGs
[2023-12-01T13:44:18.261+0300] {logging_mixin.py:154} INFO - [2023-12-01T13:44:18.261+0300] {dag.py:3722} INFO - Setting next_dagrun for example_nested_branch_dag to 2023-11-30T00:00:00+00:00, run_after=2023-12-01T00:00:00+00:00
[2023-12-01T13:44:18.316+0300] {processor.py:179} INFO - Processing /home/petr/project/venv/lib/python3.10/site-packages/airflow/example_dags/example_nested_branch_dag.py took 0.168 seconds
[2023-12-01T13:44:49.592+0300] {processor.py:157} INFO - Started process (PID=4739) to work on /home/petr/project/venv/lib/python3.10/site-packages/airflow/example_dags/example_nested_branch_dag.py
[2023-12-01T13:44:49.598+0300] {processor.py:829} INFO - Processing file /home/petr/project/venv/lib/python3.10/site-packages/airflow/example_dags/example_nested_branch_dag.py for tasks to queue
[2023-12-01T13:44:49.599+0300] {logging_mixin.py:154} INFO - [2023-12-01T13:44:49.598+0300] {dagbag.py:536} INFO - Filling up the DagBag from /home/petr/project/venv/lib/python3.10/site-packages/airflow/example_dags/example_nested_branch_dag.py
[2023-12-01T13:44:49.629+0300] {processor.py:839} INFO - DAG(s) dict_keys(['example_nested_branch_dag']) retrieved from /home/petr/project/venv/lib/python3.10/site-packages/airflow/example_dags/example_nested_branch_dag.py
[2023-12-01T13:44:49.716+0300] {logging_mixin.py:154} INFO - [2023-12-01T13:44:49.716+0300] {dag.py:2941} INFO - Sync 1 DAGs
[2023-12-01T13:44:49.761+0300] {logging_mixin.py:154} INFO - [2023-12-01T13:44:49.761+0300] {dag.py:3722} INFO - Setting next_dagrun for example_nested_branch_dag to 2023-11-30T00:00:00+00:00, run_after=2023-12-01T00:00:00+00:00
[2023-12-01T13:44:49.811+0300] {processor.py:179} INFO - Processing /home/petr/project/venv/lib/python3.10/site-packages/airflow/example_dags/example_nested_branch_dag.py took 0.232 seconds
[2023-12-01T13:45:20.539+0300] {processor.py:157} INFO - Started process (PID=4862) to work on /home/petr/project/venv/lib/python3.10/site-packages/airflow/example_dags/example_nested_branch_dag.py
[2023-12-01T13:45:20.550+0300] {processor.py:829} INFO - Processing file /home/petr/project/venv/lib/python3.10/site-packages/airflow/example_dags/example_nested_branch_dag.py for tasks to queue
[2023-12-01T13:45:20.551+0300] {logging_mixin.py:154} INFO - [2023-12-01T13:45:20.551+0300] {dagbag.py:536} INFO - Filling up the DagBag from /home/petr/project/venv/lib/python3.10/site-packages/airflow/example_dags/example_nested_branch_dag.py
[2023-12-01T13:45:20.559+0300] {processor.py:839} INFO - DAG(s) dict_keys(['example_nested_branch_dag']) retrieved from /home/petr/project/venv/lib/python3.10/site-packages/airflow/example_dags/example_nested_branch_dag.py
[2023-12-01T13:45:20.623+0300] {logging_mixin.py:154} INFO - [2023-12-01T13:45:20.623+0300] {dag.py:2941} INFO - Sync 1 DAGs
[2023-12-01T13:45:20.673+0300] {logging_mixin.py:154} INFO - [2023-12-01T13:45:20.673+0300] {dag.py:3722} INFO - Setting next_dagrun for example_nested_branch_dag to 2023-11-30T00:00:00+00:00, run_after=2023-12-01T00:00:00+00:00
[2023-12-01T13:45:20.732+0300] {processor.py:179} INFO - Processing /home/petr/project/venv/lib/python3.10/site-packages/airflow/example_dags/example_nested_branch_dag.py took 0.196 seconds
[2023-12-01T13:46:47.600+0300] {processor.py:157} INFO - Started process (PID=4976) to work on /home/petr/project/venv/lib/python3.10/site-packages/airflow/example_dags/example_nested_branch_dag.py
[2023-12-01T13:46:47.602+0300] {processor.py:829} INFO - Processing file /home/petr/project/venv/lib/python3.10/site-packages/airflow/example_dags/example_nested_branch_dag.py for tasks to queue
[2023-12-01T13:46:47.603+0300] {logging_mixin.py:154} INFO - [2023-12-01T13:46:47.603+0300] {dagbag.py:536} INFO - Filling up the DagBag from /home/petr/project/venv/lib/python3.10/site-packages/airflow/example_dags/example_nested_branch_dag.py
[2023-12-01T13:46:47.633+0300] {processor.py:839} INFO - DAG(s) dict_keys(['example_nested_branch_dag']) retrieved from /home/petr/project/venv/lib/python3.10/site-packages/airflow/example_dags/example_nested_branch_dag.py
[2023-12-01T13:46:47.698+0300] {logging_mixin.py:154} INFO - [2023-12-01T13:46:47.697+0300] {dag.py:2941} INFO - Sync 1 DAGs
[2023-12-01T13:46:47.758+0300] {logging_mixin.py:154} INFO - [2023-12-01T13:46:47.758+0300] {dag.py:3722} INFO - Setting next_dagrun for example_nested_branch_dag to 2023-11-30T00:00:00+00:00, run_after=2023-12-01T00:00:00+00:00
[2023-12-01T13:46:47.816+0300] {processor.py:179} INFO - Processing /home/petr/project/venv/lib/python3.10/site-packages/airflow/example_dags/example_nested_branch_dag.py took 0.220 seconds
[2023-12-01T13:47:18.644+0300] {processor.py:157} INFO - Started process (PID=5080) to work on /home/petr/project/venv/lib/python3.10/site-packages/airflow/example_dags/example_nested_branch_dag.py
[2023-12-01T13:47:18.649+0300] {processor.py:829} INFO - Processing file /home/petr/project/venv/lib/python3.10/site-packages/airflow/example_dags/example_nested_branch_dag.py for tasks to queue
[2023-12-01T13:47:18.649+0300] {logging_mixin.py:154} INFO - [2023-12-01T13:47:18.649+0300] {dagbag.py:536} INFO - Filling up the DagBag from /home/petr/project/venv/lib/python3.10/site-packages/airflow/example_dags/example_nested_branch_dag.py
[2023-12-01T13:47:18.657+0300] {processor.py:839} INFO - DAG(s) dict_keys(['example_nested_branch_dag']) retrieved from /home/petr/project/venv/lib/python3.10/site-packages/airflow/example_dags/example_nested_branch_dag.py
[2023-12-01T13:47:18.725+0300] {logging_mixin.py:154} INFO - [2023-12-01T13:47:18.725+0300] {dag.py:2941} INFO - Sync 1 DAGs
[2023-12-01T13:47:18.767+0300] {logging_mixin.py:154} INFO - [2023-12-01T13:47:18.766+0300] {dag.py:3722} INFO - Setting next_dagrun for example_nested_branch_dag to 2023-11-30T00:00:00+00:00, run_after=2023-12-01T00:00:00+00:00
[2023-12-01T13:47:18.806+0300] {processor.py:179} INFO - Processing /home/petr/project/venv/lib/python3.10/site-packages/airflow/example_dags/example_nested_branch_dag.py took 0.165 seconds
[2023-12-01T13:47:49.734+0300] {processor.py:157} INFO - Started process (PID=5206) to work on /home/petr/project/venv/lib/python3.10/site-packages/airflow/example_dags/example_nested_branch_dag.py
[2023-12-01T13:47:49.753+0300] {processor.py:829} INFO - Processing file /home/petr/project/venv/lib/python3.10/site-packages/airflow/example_dags/example_nested_branch_dag.py for tasks to queue
[2023-12-01T13:47:49.754+0300] {logging_mixin.py:154} INFO - [2023-12-01T13:47:49.754+0300] {dagbag.py:536} INFO - Filling up the DagBag from /home/petr/project/venv/lib/python3.10/site-packages/airflow/example_dags/example_nested_branch_dag.py
[2023-12-01T13:47:49.779+0300] {processor.py:839} INFO - DAG(s) dict_keys(['example_nested_branch_dag']) retrieved from /home/petr/project/venv/lib/python3.10/site-packages/airflow/example_dags/example_nested_branch_dag.py
[2023-12-01T13:47:49.874+0300] {logging_mixin.py:154} INFO - [2023-12-01T13:47:49.873+0300] {dag.py:2941} INFO - Sync 1 DAGs
[2023-12-01T13:47:49.938+0300] {logging_mixin.py:154} INFO - [2023-12-01T13:47:49.938+0300] {dag.py:3722} INFO - Setting next_dagrun for example_nested_branch_dag to 2023-11-30T00:00:00+00:00, run_after=2023-12-01T00:00:00+00:00
[2023-12-01T13:47:49.997+0300] {processor.py:179} INFO - Processing /home/petr/project/venv/lib/python3.10/site-packages/airflow/example_dags/example_nested_branch_dag.py took 0.269 seconds
[2023-12-01T13:49:12.251+0300] {processor.py:157} INFO - Started process (PID=5354) to work on /home/petr/project/venv/lib/python3.10/site-packages/airflow/example_dags/example_nested_branch_dag.py
[2023-12-01T13:49:12.265+0300] {processor.py:829} INFO - Processing file /home/petr/project/venv/lib/python3.10/site-packages/airflow/example_dags/example_nested_branch_dag.py for tasks to queue
[2023-12-01T13:49:12.265+0300] {logging_mixin.py:154} INFO - [2023-12-01T13:49:12.265+0300] {dagbag.py:536} INFO - Filling up the DagBag from /home/petr/project/venv/lib/python3.10/site-packages/airflow/example_dags/example_nested_branch_dag.py
[2023-12-01T13:49:12.286+0300] {processor.py:839} INFO - DAG(s) dict_keys(['example_nested_branch_dag']) retrieved from /home/petr/project/venv/lib/python3.10/site-packages/airflow/example_dags/example_nested_branch_dag.py
[2023-12-01T13:49:12.331+0300] {logging_mixin.py:154} INFO - [2023-12-01T13:49:12.330+0300] {dag.py:2941} INFO - Sync 1 DAGs
[2023-12-01T13:49:12.371+0300] {logging_mixin.py:154} INFO - [2023-12-01T13:49:12.371+0300] {dag.py:3722} INFO - Setting next_dagrun for example_nested_branch_dag to 2023-11-30T00:00:00+00:00, run_after=2023-12-01T00:00:00+00:00
[2023-12-01T13:49:12.415+0300] {processor.py:179} INFO - Processing /home/petr/project/venv/lib/python3.10/site-packages/airflow/example_dags/example_nested_branch_dag.py took 0.168 seconds
[2023-12-01T13:49:44.084+0300] {processor.py:157} INFO - Started process (PID=5454) to work on /home/petr/project/venv/lib/python3.10/site-packages/airflow/example_dags/example_nested_branch_dag.py
[2023-12-01T13:49:44.085+0300] {processor.py:829} INFO - Processing file /home/petr/project/venv/lib/python3.10/site-packages/airflow/example_dags/example_nested_branch_dag.py for tasks to queue
[2023-12-01T13:49:44.086+0300] {logging_mixin.py:154} INFO - [2023-12-01T13:49:44.086+0300] {dagbag.py:536} INFO - Filling up the DagBag from /home/petr/project/venv/lib/python3.10/site-packages/airflow/example_dags/example_nested_branch_dag.py
[2023-12-01T13:49:44.106+0300] {processor.py:839} INFO - DAG(s) dict_keys(['example_nested_branch_dag']) retrieved from /home/petr/project/venv/lib/python3.10/site-packages/airflow/example_dags/example_nested_branch_dag.py
[2023-12-01T13:49:44.164+0300] {logging_mixin.py:154} INFO - [2023-12-01T13:49:44.163+0300] {dag.py:2941} INFO - Sync 1 DAGs
[2023-12-01T13:49:44.196+0300] {logging_mixin.py:154} INFO - [2023-12-01T13:49:44.196+0300] {dag.py:3722} INFO - Setting next_dagrun for example_nested_branch_dag to 2023-11-30T00:00:00+00:00, run_after=2023-12-01T00:00:00+00:00
[2023-12-01T13:49:44.259+0300] {processor.py:179} INFO - Processing /home/petr/project/venv/lib/python3.10/site-packages/airflow/example_dags/example_nested_branch_dag.py took 0.178 seconds
[2023-12-01T13:50:14.996+0300] {processor.py:157} INFO - Started process (PID=5565) to work on /home/petr/project/venv/lib/python3.10/site-packages/airflow/example_dags/example_nested_branch_dag.py
[2023-12-01T13:50:15.007+0300] {processor.py:829} INFO - Processing file /home/petr/project/venv/lib/python3.10/site-packages/airflow/example_dags/example_nested_branch_dag.py for tasks to queue
[2023-12-01T13:50:15.008+0300] {logging_mixin.py:154} INFO - [2023-12-01T13:50:15.007+0300] {dagbag.py:536} INFO - Filling up the DagBag from /home/petr/project/venv/lib/python3.10/site-packages/airflow/example_dags/example_nested_branch_dag.py
[2023-12-01T13:50:15.027+0300] {processor.py:839} INFO - DAG(s) dict_keys(['example_nested_branch_dag']) retrieved from /home/petr/project/venv/lib/python3.10/site-packages/airflow/example_dags/example_nested_branch_dag.py
[2023-12-01T13:50:15.078+0300] {logging_mixin.py:154} INFO - [2023-12-01T13:50:15.078+0300] {dag.py:2941} INFO - Sync 1 DAGs
[2023-12-01T13:50:15.142+0300] {logging_mixin.py:154} INFO - [2023-12-01T13:50:15.141+0300] {dag.py:3722} INFO - Setting next_dagrun for example_nested_branch_dag to 2023-11-30T00:00:00+00:00, run_after=2023-12-01T00:00:00+00:00
[2023-12-01T13:50:15.232+0300] {processor.py:179} INFO - Processing /home/petr/project/venv/lib/python3.10/site-packages/airflow/example_dags/example_nested_branch_dag.py took 0.240 seconds
[2023-12-01T20:00:57.434+0300] {processor.py:157} INFO - Started process (PID=5943) to work on /home/petr/project/venv/lib/python3.10/site-packages/airflow/example_dags/example_nested_branch_dag.py
[2023-12-01T20:00:57.473+0300] {processor.py:829} INFO - Processing file /home/petr/project/venv/lib/python3.10/site-packages/airflow/example_dags/example_nested_branch_dag.py for tasks to queue
[2023-12-01T20:00:57.474+0300] {logging_mixin.py:154} INFO - [2023-12-01T20:00:57.474+0300] {dagbag.py:536} INFO - Filling up the DagBag from /home/petr/project/venv/lib/python3.10/site-packages/airflow/example_dags/example_nested_branch_dag.py
[2023-12-01T20:00:57.548+0300] {processor.py:839} INFO - DAG(s) dict_keys(['example_nested_branch_dag']) retrieved from /home/petr/project/venv/lib/python3.10/site-packages/airflow/example_dags/example_nested_branch_dag.py
[2023-12-01T20:00:57.777+0300] {logging_mixin.py:154} INFO - [2023-12-01T20:00:57.776+0300] {dag.py:2941} INFO - Sync 1 DAGs
[2023-12-01T20:00:57.966+0300] {logging_mixin.py:154} INFO - [2023-12-01T20:00:57.966+0300] {dag.py:3722} INFO - Setting next_dagrun for example_nested_branch_dag to 2023-11-30T00:00:00+00:00, run_after=2023-12-01T00:00:00+00:00
[2023-12-01T20:00:58.103+0300] {processor.py:179} INFO - Processing /home/petr/project/venv/lib/python3.10/site-packages/airflow/example_dags/example_nested_branch_dag.py took 0.676 seconds
