[2023-12-01T13:38:08.813+0300] {processor.py:157} INFO - Started process (PID=3387) to work on /home/petr/project/venv/lib/python3.10/site-packages/airflow/example_dags/example_branch_operator_decorator.py
[2023-12-01T13:38:08.813+0300] {processor.py:829} INFO - Processing file /home/petr/project/venv/lib/python3.10/site-packages/airflow/example_dags/example_branch_operator_decorator.py for tasks to queue
[2023-12-01T13:38:08.814+0300] {logging_mixin.py:154} INFO - [2023-12-01T13:38:08.814+0300] {dagbag.py:536} INFO - Filling up the DagBag from /home/petr/project/venv/lib/python3.10/site-packages/airflow/example_dags/example_branch_operator_decorator.py
[2023-12-01T13:38:08.850+0300] {processor.py:839} INFO - DAG(s) dict_keys(['example_branch_python_operator_decorator']) retrieved from /home/petr/project/venv/lib/python3.10/site-packages/airflow/example_dags/example_branch_operator_decorator.py
[2023-12-01T13:38:08.942+0300] {logging_mixin.py:154} INFO - [2023-12-01T13:38:08.941+0300] {dag.py:2941} INFO - Sync 1 DAGs
[2023-12-01T13:38:09.130+0300] {logging_mixin.py:154} INFO - [2023-12-01T13:38:09.129+0300] {dag.py:3722} INFO - Setting next_dagrun for example_branch_python_operator_decorator to 2023-11-30T00:00:00+00:00, run_after=2023-12-01T00:00:00+00:00
[2023-12-01T13:38:09.231+0300] {processor.py:179} INFO - Processing /home/petr/project/venv/lib/python3.10/site-packages/airflow/example_dags/example_branch_operator_decorator.py took 0.423 seconds
[2023-12-01T13:38:39.543+0300] {processor.py:157} INFO - Started process (PID=3489) to work on /home/petr/project/venv/lib/python3.10/site-packages/airflow/example_dags/example_branch_operator_decorator.py
[2023-12-01T13:38:39.544+0300] {processor.py:829} INFO - Processing file /home/petr/project/venv/lib/python3.10/site-packages/airflow/example_dags/example_branch_operator_decorator.py for tasks to queue
[2023-12-01T13:38:39.545+0300] {logging_mixin.py:154} INFO - [2023-12-01T13:38:39.545+0300] {dagbag.py:536} INFO - Filling up the DagBag from /home/petr/project/venv/lib/python3.10/site-packages/airflow/example_dags/example_branch_operator_decorator.py
[2023-12-01T13:38:39.578+0300] {processor.py:839} INFO - DAG(s) dict_keys(['example_branch_python_operator_decorator']) retrieved from /home/petr/project/venv/lib/python3.10/site-packages/airflow/example_dags/example_branch_operator_decorator.py
[2023-12-01T13:38:39.690+0300] {logging_mixin.py:154} INFO - [2023-12-01T13:38:39.690+0300] {dag.py:2941} INFO - Sync 1 DAGs
[2023-12-01T13:38:39.741+0300] {logging_mixin.py:154} INFO - [2023-12-01T13:38:39.741+0300] {dag.py:3722} INFO - Setting next_dagrun for example_branch_python_operator_decorator to 2023-11-30T00:00:00+00:00, run_after=2023-12-01T00:00:00+00:00
[2023-12-01T13:38:39.788+0300] {processor.py:179} INFO - Processing /home/petr/project/venv/lib/python3.10/site-packages/airflow/example_dags/example_branch_operator_decorator.py took 0.251 seconds
[2023-12-01T13:39:10.250+0300] {processor.py:157} INFO - Started process (PID=3589) to work on /home/petr/project/venv/lib/python3.10/site-packages/airflow/example_dags/example_branch_operator_decorator.py
[2023-12-01T13:39:10.259+0300] {processor.py:829} INFO - Processing file /home/petr/project/venv/lib/python3.10/site-packages/airflow/example_dags/example_branch_operator_decorator.py for tasks to queue
[2023-12-01T13:39:10.260+0300] {logging_mixin.py:154} INFO - [2023-12-01T13:39:10.260+0300] {dagbag.py:536} INFO - Filling up the DagBag from /home/petr/project/venv/lib/python3.10/site-packages/airflow/example_dags/example_branch_operator_decorator.py
[2023-12-01T13:39:10.279+0300] {processor.py:839} INFO - DAG(s) dict_keys(['example_branch_python_operator_decorator']) retrieved from /home/petr/project/venv/lib/python3.10/site-packages/airflow/example_dags/example_branch_operator_decorator.py
[2023-12-01T13:39:10.346+0300] {logging_mixin.py:154} INFO - [2023-12-01T13:39:10.346+0300] {dag.py:2941} INFO - Sync 1 DAGs
[2023-12-01T13:39:10.381+0300] {logging_mixin.py:154} INFO - [2023-12-01T13:39:10.381+0300] {dag.py:3722} INFO - Setting next_dagrun for example_branch_python_operator_decorator to 2023-11-30T00:00:00+00:00, run_after=2023-12-01T00:00:00+00:00
[2023-12-01T13:39:10.428+0300] {processor.py:179} INFO - Processing /home/petr/project/venv/lib/python3.10/site-packages/airflow/example_dags/example_branch_operator_decorator.py took 0.181 seconds
[2023-12-01T13:39:41.106+0300] {processor.py:157} INFO - Started process (PID=3707) to work on /home/petr/project/venv/lib/python3.10/site-packages/airflow/example_dags/example_branch_operator_decorator.py
[2023-12-01T13:39:41.106+0300] {processor.py:829} INFO - Processing file /home/petr/project/venv/lib/python3.10/site-packages/airflow/example_dags/example_branch_operator_decorator.py for tasks to queue
[2023-12-01T13:39:41.107+0300] {logging_mixin.py:154} INFO - [2023-12-01T13:39:41.107+0300] {dagbag.py:536} INFO - Filling up the DagBag from /home/petr/project/venv/lib/python3.10/site-packages/airflow/example_dags/example_branch_operator_decorator.py
[2023-12-01T13:39:41.127+0300] {processor.py:839} INFO - DAG(s) dict_keys(['example_branch_python_operator_decorator']) retrieved from /home/petr/project/venv/lib/python3.10/site-packages/airflow/example_dags/example_branch_operator_decorator.py
[2023-12-01T13:39:41.185+0300] {logging_mixin.py:154} INFO - [2023-12-01T13:39:41.185+0300] {dag.py:2941} INFO - Sync 1 DAGs
[2023-12-01T13:39:41.219+0300] {logging_mixin.py:154} INFO - [2023-12-01T13:39:41.219+0300] {dag.py:3722} INFO - Setting next_dagrun for example_branch_python_operator_decorator to 2023-11-30T00:00:00+00:00, run_after=2023-12-01T00:00:00+00:00
[2023-12-01T13:39:41.260+0300] {processor.py:179} INFO - Processing /home/petr/project/venv/lib/python3.10/site-packages/airflow/example_dags/example_branch_operator_decorator.py took 0.161 seconds
[2023-12-01T13:40:12.873+0300] {processor.py:157} INFO - Started process (PID=3827) to work on /home/petr/project/venv/lib/python3.10/site-packages/airflow/example_dags/example_branch_operator_decorator.py
[2023-12-01T13:40:12.888+0300] {processor.py:829} INFO - Processing file /home/petr/project/venv/lib/python3.10/site-packages/airflow/example_dags/example_branch_operator_decorator.py for tasks to queue
[2023-12-01T13:40:12.888+0300] {logging_mixin.py:154} INFO - [2023-12-01T13:40:12.888+0300] {dagbag.py:536} INFO - Filling up the DagBag from /home/petr/project/venv/lib/python3.10/site-packages/airflow/example_dags/example_branch_operator_decorator.py
[2023-12-01T13:40:12.925+0300] {processor.py:839} INFO - DAG(s) dict_keys(['example_branch_python_operator_decorator']) retrieved from /home/petr/project/venv/lib/python3.10/site-packages/airflow/example_dags/example_branch_operator_decorator.py
[2023-12-01T13:40:13.027+0300] {logging_mixin.py:154} INFO - [2023-12-01T13:40:13.027+0300] {dag.py:2941} INFO - Sync 1 DAGs
[2023-12-01T13:40:13.192+0300] {logging_mixin.py:154} INFO - [2023-12-01T13:40:13.192+0300] {dag.py:3722} INFO - Setting next_dagrun for example_branch_python_operator_decorator to 2023-11-30T00:00:00+00:00, run_after=2023-12-01T00:00:00+00:00
[2023-12-01T13:40:13.397+0300] {processor.py:179} INFO - Processing /home/petr/project/venv/lib/python3.10/site-packages/airflow/example_dags/example_branch_operator_decorator.py took 0.545 seconds
[2023-12-01T13:40:43.741+0300] {processor.py:157} INFO - Started process (PID=3930) to work on /home/petr/project/venv/lib/python3.10/site-packages/airflow/example_dags/example_branch_operator_decorator.py
[2023-12-01T13:40:43.747+0300] {processor.py:829} INFO - Processing file /home/petr/project/venv/lib/python3.10/site-packages/airflow/example_dags/example_branch_operator_decorator.py for tasks to queue
[2023-12-01T13:40:43.751+0300] {logging_mixin.py:154} INFO - [2023-12-01T13:40:43.750+0300] {dagbag.py:536} INFO - Filling up the DagBag from /home/petr/project/venv/lib/python3.10/site-packages/airflow/example_dags/example_branch_operator_decorator.py
[2023-12-01T13:40:43.766+0300] {processor.py:839} INFO - DAG(s) dict_keys(['example_branch_python_operator_decorator']) retrieved from /home/petr/project/venv/lib/python3.10/site-packages/airflow/example_dags/example_branch_operator_decorator.py
[2023-12-01T13:40:43.821+0300] {logging_mixin.py:154} INFO - [2023-12-01T13:40:43.821+0300] {dag.py:2941} INFO - Sync 1 DAGs
[2023-12-01T13:40:43.866+0300] {logging_mixin.py:154} INFO - [2023-12-01T13:40:43.866+0300] {dag.py:3722} INFO - Setting next_dagrun for example_branch_python_operator_decorator to 2023-11-30T00:00:00+00:00, run_after=2023-12-01T00:00:00+00:00
[2023-12-01T13:40:43.891+0300] {processor.py:179} INFO - Processing /home/petr/project/venv/lib/python3.10/site-packages/airflow/example_dags/example_branch_operator_decorator.py took 0.154 seconds
[2023-12-01T13:41:14.841+0300] {processor.py:157} INFO - Started process (PID=4029) to work on /home/petr/project/venv/lib/python3.10/site-packages/airflow/example_dags/example_branch_operator_decorator.py
[2023-12-01T13:41:14.854+0300] {processor.py:829} INFO - Processing file /home/petr/project/venv/lib/python3.10/site-packages/airflow/example_dags/example_branch_operator_decorator.py for tasks to queue
[2023-12-01T13:41:14.855+0300] {logging_mixin.py:154} INFO - [2023-12-01T13:41:14.855+0300] {dagbag.py:536} INFO - Filling up the DagBag from /home/petr/project/venv/lib/python3.10/site-packages/airflow/example_dags/example_branch_operator_decorator.py
[2023-12-01T13:41:14.865+0300] {processor.py:839} INFO - DAG(s) dict_keys(['example_branch_python_operator_decorator']) retrieved from /home/petr/project/venv/lib/python3.10/site-packages/airflow/example_dags/example_branch_operator_decorator.py
[2023-12-01T13:41:14.929+0300] {logging_mixin.py:154} INFO - [2023-12-01T13:41:14.928+0300] {dag.py:2941} INFO - Sync 1 DAGs
[2023-12-01T13:41:14.976+0300] {logging_mixin.py:154} INFO - [2023-12-01T13:41:14.976+0300] {dag.py:3722} INFO - Setting next_dagrun for example_branch_python_operator_decorator to 2023-11-30T00:00:00+00:00, run_after=2023-12-01T00:00:00+00:00
[2023-12-01T13:41:15.024+0300] {processor.py:179} INFO - Processing /home/petr/project/venv/lib/python3.10/site-packages/airflow/example_dags/example_branch_operator_decorator.py took 0.186 seconds
[2023-12-01T13:41:45.067+0300] {processor.py:157} INFO - Started process (PID=4133) to work on /home/petr/project/venv/lib/python3.10/site-packages/airflow/example_dags/example_branch_operator_decorator.py
[2023-12-01T13:41:45.068+0300] {processor.py:829} INFO - Processing file /home/petr/project/venv/lib/python3.10/site-packages/airflow/example_dags/example_branch_operator_decorator.py for tasks to queue
[2023-12-01T13:41:45.068+0300] {logging_mixin.py:154} INFO - [2023-12-01T13:41:45.068+0300] {dagbag.py:536} INFO - Filling up the DagBag from /home/petr/project/venv/lib/python3.10/site-packages/airflow/example_dags/example_branch_operator_decorator.py
[2023-12-01T13:41:45.088+0300] {processor.py:839} INFO - DAG(s) dict_keys(['example_branch_python_operator_decorator']) retrieved from /home/petr/project/venv/lib/python3.10/site-packages/airflow/example_dags/example_branch_operator_decorator.py
[2023-12-01T13:41:45.116+0300] {logging_mixin.py:154} INFO - [2023-12-01T13:41:45.116+0300] {dag.py:2941} INFO - Sync 1 DAGs
[2023-12-01T13:41:45.132+0300] {logging_mixin.py:154} INFO - [2023-12-01T13:41:45.132+0300] {dag.py:3722} INFO - Setting next_dagrun for example_branch_python_operator_decorator to 2023-11-30T00:00:00+00:00, run_after=2023-12-01T00:00:00+00:00
[2023-12-01T13:41:45.151+0300] {processor.py:179} INFO - Processing /home/petr/project/venv/lib/python3.10/site-packages/airflow/example_dags/example_branch_operator_decorator.py took 0.087 seconds
[2023-12-01T13:42:15.673+0300] {processor.py:157} INFO - Started process (PID=4239) to work on /home/petr/project/venv/lib/python3.10/site-packages/airflow/example_dags/example_branch_operator_decorator.py
[2023-12-01T13:42:15.695+0300] {processor.py:829} INFO - Processing file /home/petr/project/venv/lib/python3.10/site-packages/airflow/example_dags/example_branch_operator_decorator.py for tasks to queue
[2023-12-01T13:42:15.696+0300] {logging_mixin.py:154} INFO - [2023-12-01T13:42:15.696+0300] {dagbag.py:536} INFO - Filling up the DagBag from /home/petr/project/venv/lib/python3.10/site-packages/airflow/example_dags/example_branch_operator_decorator.py
[2023-12-01T13:42:15.742+0300] {processor.py:839} INFO - DAG(s) dict_keys(['example_branch_python_operator_decorator']) retrieved from /home/petr/project/venv/lib/python3.10/site-packages/airflow/example_dags/example_branch_operator_decorator.py
[2023-12-01T13:42:15.832+0300] {logging_mixin.py:154} INFO - [2023-12-01T13:42:15.831+0300] {dag.py:2941} INFO - Sync 1 DAGs
[2023-12-01T13:42:15.874+0300] {logging_mixin.py:154} INFO - [2023-12-01T13:42:15.874+0300] {dag.py:3722} INFO - Setting next_dagrun for example_branch_python_operator_decorator to 2023-11-30T00:00:00+00:00, run_after=2023-12-01T00:00:00+00:00
[2023-12-01T13:42:15.941+0300] {processor.py:179} INFO - Processing /home/petr/project/venv/lib/python3.10/site-packages/airflow/example_dags/example_branch_operator_decorator.py took 0.272 seconds
[2023-12-01T13:42:46.141+0300] {processor.py:157} INFO - Started process (PID=4344) to work on /home/petr/project/venv/lib/python3.10/site-packages/airflow/example_dags/example_branch_operator_decorator.py
[2023-12-01T13:42:46.148+0300] {processor.py:829} INFO - Processing file /home/petr/project/venv/lib/python3.10/site-packages/airflow/example_dags/example_branch_operator_decorator.py for tasks to queue
[2023-12-01T13:42:46.148+0300] {logging_mixin.py:154} INFO - [2023-12-01T13:42:46.148+0300] {dagbag.py:536} INFO - Filling up the DagBag from /home/petr/project/venv/lib/python3.10/site-packages/airflow/example_dags/example_branch_operator_decorator.py
[2023-12-01T13:42:46.172+0300] {processor.py:839} INFO - DAG(s) dict_keys(['example_branch_python_operator_decorator']) retrieved from /home/petr/project/venv/lib/python3.10/site-packages/airflow/example_dags/example_branch_operator_decorator.py
[2023-12-01T13:42:46.226+0300] {logging_mixin.py:154} INFO - [2023-12-01T13:42:46.226+0300] {dag.py:2941} INFO - Sync 1 DAGs
[2023-12-01T13:42:46.281+0300] {logging_mixin.py:154} INFO - [2023-12-01T13:42:46.281+0300] {dag.py:3722} INFO - Setting next_dagrun for example_branch_python_operator_decorator to 2023-11-30T00:00:00+00:00, run_after=2023-12-01T00:00:00+00:00
[2023-12-01T13:42:46.332+0300] {processor.py:179} INFO - Processing /home/petr/project/venv/lib/python3.10/site-packages/airflow/example_dags/example_branch_operator_decorator.py took 0.194 seconds
[2023-12-01T13:43:16.629+0300] {processor.py:157} INFO - Started process (PID=4444) to work on /home/petr/project/venv/lib/python3.10/site-packages/airflow/example_dags/example_branch_operator_decorator.py
[2023-12-01T13:43:16.640+0300] {processor.py:829} INFO - Processing file /home/petr/project/venv/lib/python3.10/site-packages/airflow/example_dags/example_branch_operator_decorator.py for tasks to queue
[2023-12-01T13:43:16.641+0300] {logging_mixin.py:154} INFO - [2023-12-01T13:43:16.641+0300] {dagbag.py:536} INFO - Filling up the DagBag from /home/petr/project/venv/lib/python3.10/site-packages/airflow/example_dags/example_branch_operator_decorator.py
[2023-12-01T13:43:16.650+0300] {processor.py:839} INFO - DAG(s) dict_keys(['example_branch_python_operator_decorator']) retrieved from /home/petr/project/venv/lib/python3.10/site-packages/airflow/example_dags/example_branch_operator_decorator.py
[2023-12-01T13:43:16.711+0300] {logging_mixin.py:154} INFO - [2023-12-01T13:43:16.711+0300] {dag.py:2941} INFO - Sync 1 DAGs
[2023-12-01T13:43:16.753+0300] {logging_mixin.py:154} INFO - [2023-12-01T13:43:16.753+0300] {dag.py:3722} INFO - Setting next_dagrun for example_branch_python_operator_decorator to 2023-11-30T00:00:00+00:00, run_after=2023-12-01T00:00:00+00:00
[2023-12-01T13:43:16.808+0300] {processor.py:179} INFO - Processing /home/petr/project/venv/lib/python3.10/site-packages/airflow/example_dags/example_branch_operator_decorator.py took 0.191 seconds
[2023-12-01T13:43:48.085+0300] {processor.py:157} INFO - Started process (PID=4545) to work on /home/petr/project/venv/lib/python3.10/site-packages/airflow/example_dags/example_branch_operator_decorator.py
[2023-12-01T13:43:48.091+0300] {processor.py:829} INFO - Processing file /home/petr/project/venv/lib/python3.10/site-packages/airflow/example_dags/example_branch_operator_decorator.py for tasks to queue
[2023-12-01T13:43:48.091+0300] {logging_mixin.py:154} INFO - [2023-12-01T13:43:48.091+0300] {dagbag.py:536} INFO - Filling up the DagBag from /home/petr/project/venv/lib/python3.10/site-packages/airflow/example_dags/example_branch_operator_decorator.py
[2023-12-01T13:43:48.098+0300] {processor.py:839} INFO - DAG(s) dict_keys(['example_branch_python_operator_decorator']) retrieved from /home/petr/project/venv/lib/python3.10/site-packages/airflow/example_dags/example_branch_operator_decorator.py
[2023-12-01T13:43:48.158+0300] {logging_mixin.py:154} INFO - [2023-12-01T13:43:48.158+0300] {dag.py:2941} INFO - Sync 1 DAGs
[2023-12-01T13:43:48.199+0300] {logging_mixin.py:154} INFO - [2023-12-01T13:43:48.199+0300] {dag.py:3722} INFO - Setting next_dagrun for example_branch_python_operator_decorator to 2023-11-30T00:00:00+00:00, run_after=2023-12-01T00:00:00+00:00
[2023-12-01T13:43:48.246+0300] {processor.py:179} INFO - Processing /home/petr/project/venv/lib/python3.10/site-packages/airflow/example_dags/example_branch_operator_decorator.py took 0.164 seconds
[2023-12-01T13:44:18.383+0300] {processor.py:157} INFO - Started process (PID=4644) to work on /home/petr/project/venv/lib/python3.10/site-packages/airflow/example_dags/example_branch_operator_decorator.py
[2023-12-01T13:44:18.388+0300] {processor.py:829} INFO - Processing file /home/petr/project/venv/lib/python3.10/site-packages/airflow/example_dags/example_branch_operator_decorator.py for tasks to queue
[2023-12-01T13:44:18.388+0300] {logging_mixin.py:154} INFO - [2023-12-01T13:44:18.388+0300] {dagbag.py:536} INFO - Filling up the DagBag from /home/petr/project/venv/lib/python3.10/site-packages/airflow/example_dags/example_branch_operator_decorator.py
[2023-12-01T13:44:18.396+0300] {processor.py:839} INFO - DAG(s) dict_keys(['example_branch_python_operator_decorator']) retrieved from /home/petr/project/venv/lib/python3.10/site-packages/airflow/example_dags/example_branch_operator_decorator.py
[2023-12-01T13:44:18.451+0300] {logging_mixin.py:154} INFO - [2023-12-01T13:44:18.451+0300] {dag.py:2941} INFO - Sync 1 DAGs
[2023-12-01T13:44:18.493+0300] {logging_mixin.py:154} INFO - [2023-12-01T13:44:18.492+0300] {dag.py:3722} INFO - Setting next_dagrun for example_branch_python_operator_decorator to 2023-11-30T00:00:00+00:00, run_after=2023-12-01T00:00:00+00:00
[2023-12-01T13:44:18.535+0300] {processor.py:179} INFO - Processing /home/petr/project/venv/lib/python3.10/site-packages/airflow/example_dags/example_branch_operator_decorator.py took 0.155 seconds
[2023-12-01T13:44:49.939+0300] {processor.py:157} INFO - Started process (PID=4745) to work on /home/petr/project/venv/lib/python3.10/site-packages/airflow/example_dags/example_branch_operator_decorator.py
[2023-12-01T13:44:49.945+0300] {processor.py:829} INFO - Processing file /home/petr/project/venv/lib/python3.10/site-packages/airflow/example_dags/example_branch_operator_decorator.py for tasks to queue
[2023-12-01T13:44:49.945+0300] {logging_mixin.py:154} INFO - [2023-12-01T13:44:49.945+0300] {dagbag.py:536} INFO - Filling up the DagBag from /home/petr/project/venv/lib/python3.10/site-packages/airflow/example_dags/example_branch_operator_decorator.py
[2023-12-01T13:44:49.964+0300] {processor.py:839} INFO - DAG(s) dict_keys(['example_branch_python_operator_decorator']) retrieved from /home/petr/project/venv/lib/python3.10/site-packages/airflow/example_dags/example_branch_operator_decorator.py
[2023-12-01T13:44:50.054+0300] {logging_mixin.py:154} INFO - [2023-12-01T13:44:50.054+0300] {dag.py:2941} INFO - Sync 1 DAGs
[2023-12-01T13:44:50.095+0300] {logging_mixin.py:154} INFO - [2023-12-01T13:44:50.095+0300] {dag.py:3722} INFO - Setting next_dagrun for example_branch_python_operator_decorator to 2023-11-30T00:00:00+00:00, run_after=2023-12-01T00:00:00+00:00
[2023-12-01T13:44:50.126+0300] {processor.py:179} INFO - Processing /home/petr/project/venv/lib/python3.10/site-packages/airflow/example_dags/example_branch_operator_decorator.py took 0.191 seconds
[2023-12-01T13:45:20.872+0300] {processor.py:157} INFO - Started process (PID=4868) to work on /home/petr/project/venv/lib/python3.10/site-packages/airflow/example_dags/example_branch_operator_decorator.py
[2023-12-01T13:45:20.878+0300] {processor.py:829} INFO - Processing file /home/petr/project/venv/lib/python3.10/site-packages/airflow/example_dags/example_branch_operator_decorator.py for tasks to queue
[2023-12-01T13:45:20.879+0300] {logging_mixin.py:154} INFO - [2023-12-01T13:45:20.878+0300] {dagbag.py:536} INFO - Filling up the DagBag from /home/petr/project/venv/lib/python3.10/site-packages/airflow/example_dags/example_branch_operator_decorator.py
[2023-12-01T13:45:20.912+0300] {processor.py:839} INFO - DAG(s) dict_keys(['example_branch_python_operator_decorator']) retrieved from /home/petr/project/venv/lib/python3.10/site-packages/airflow/example_dags/example_branch_operator_decorator.py
[2023-12-01T13:45:20.992+0300] {logging_mixin.py:154} INFO - [2023-12-01T13:45:20.992+0300] {dag.py:2941} INFO - Sync 1 DAGs
[2023-12-01T13:45:21.072+0300] {logging_mixin.py:154} INFO - [2023-12-01T13:45:21.072+0300] {dag.py:3722} INFO - Setting next_dagrun for example_branch_python_operator_decorator to 2023-11-30T00:00:00+00:00, run_after=2023-12-01T00:00:00+00:00
[2023-12-01T13:45:21.142+0300] {processor.py:179} INFO - Processing /home/petr/project/venv/lib/python3.10/site-packages/airflow/example_dags/example_branch_operator_decorator.py took 0.282 seconds
[2023-12-01T13:46:48.177+0300] {processor.py:157} INFO - Started process (PID=4982) to work on /home/petr/project/venv/lib/python3.10/site-packages/airflow/example_dags/example_branch_operator_decorator.py
[2023-12-01T13:46:48.180+0300] {processor.py:829} INFO - Processing file /home/petr/project/venv/lib/python3.10/site-packages/airflow/example_dags/example_branch_operator_decorator.py for tasks to queue
[2023-12-01T13:46:48.181+0300] {logging_mixin.py:154} INFO - [2023-12-01T13:46:48.181+0300] {dagbag.py:536} INFO - Filling up the DagBag from /home/petr/project/venv/lib/python3.10/site-packages/airflow/example_dags/example_branch_operator_decorator.py
[2023-12-01T13:46:48.206+0300] {processor.py:839} INFO - DAG(s) dict_keys(['example_branch_python_operator_decorator']) retrieved from /home/petr/project/venv/lib/python3.10/site-packages/airflow/example_dags/example_branch_operator_decorator.py
[2023-12-01T13:46:48.286+0300] {logging_mixin.py:154} INFO - [2023-12-01T13:46:48.286+0300] {dag.py:2941} INFO - Sync 1 DAGs
[2023-12-01T13:46:48.321+0300] {logging_mixin.py:154} INFO - [2023-12-01T13:46:48.321+0300] {dag.py:3722} INFO - Setting next_dagrun for example_branch_python_operator_decorator to 2023-11-30T00:00:00+00:00, run_after=2023-12-01T00:00:00+00:00
[2023-12-01T13:46:48.378+0300] {processor.py:179} INFO - Processing /home/petr/project/venv/lib/python3.10/site-packages/airflow/example_dags/example_branch_operator_decorator.py took 0.209 seconds
[2023-12-01T13:47:19.120+0300] {processor.py:157} INFO - Started process (PID=5087) to work on /home/petr/project/venv/lib/python3.10/site-packages/airflow/example_dags/example_branch_operator_decorator.py
[2023-12-01T13:47:19.129+0300] {processor.py:829} INFO - Processing file /home/petr/project/venv/lib/python3.10/site-packages/airflow/example_dags/example_branch_operator_decorator.py for tasks to queue
[2023-12-01T13:47:19.130+0300] {logging_mixin.py:154} INFO - [2023-12-01T13:47:19.130+0300] {dagbag.py:536} INFO - Filling up the DagBag from /home/petr/project/venv/lib/python3.10/site-packages/airflow/example_dags/example_branch_operator_decorator.py
[2023-12-01T13:47:19.153+0300] {processor.py:839} INFO - DAG(s) dict_keys(['example_branch_python_operator_decorator']) retrieved from /home/petr/project/venv/lib/python3.10/site-packages/airflow/example_dags/example_branch_operator_decorator.py
[2023-12-01T13:47:19.196+0300] {logging_mixin.py:154} INFO - [2023-12-01T13:47:19.196+0300] {dag.py:2941} INFO - Sync 1 DAGs
[2023-12-01T13:47:19.242+0300] {logging_mixin.py:154} INFO - [2023-12-01T13:47:19.242+0300] {dag.py:3722} INFO - Setting next_dagrun for example_branch_python_operator_decorator to 2023-11-30T00:00:00+00:00, run_after=2023-12-01T00:00:00+00:00
[2023-12-01T13:47:19.279+0300] {processor.py:179} INFO - Processing /home/petr/project/venv/lib/python3.10/site-packages/airflow/example_dags/example_branch_operator_decorator.py took 0.163 seconds
[2023-12-01T13:47:50.307+0300] {processor.py:157} INFO - Started process (PID=5213) to work on /home/petr/project/venv/lib/python3.10/site-packages/airflow/example_dags/example_branch_operator_decorator.py
[2023-12-01T13:47:50.320+0300] {processor.py:829} INFO - Processing file /home/petr/project/venv/lib/python3.10/site-packages/airflow/example_dags/example_branch_operator_decorator.py for tasks to queue
[2023-12-01T13:47:50.321+0300] {logging_mixin.py:154} INFO - [2023-12-01T13:47:50.320+0300] {dagbag.py:536} INFO - Filling up the DagBag from /home/petr/project/venv/lib/python3.10/site-packages/airflow/example_dags/example_branch_operator_decorator.py
[2023-12-01T13:47:50.331+0300] {processor.py:839} INFO - DAG(s) dict_keys(['example_branch_python_operator_decorator']) retrieved from /home/petr/project/venv/lib/python3.10/site-packages/airflow/example_dags/example_branch_operator_decorator.py
[2023-12-01T13:47:50.434+0300] {logging_mixin.py:154} INFO - [2023-12-01T13:47:50.434+0300] {dag.py:2941} INFO - Sync 1 DAGs
[2023-12-01T13:47:50.478+0300] {logging_mixin.py:154} INFO - [2023-12-01T13:47:50.478+0300] {dag.py:3722} INFO - Setting next_dagrun for example_branch_python_operator_decorator to 2023-11-30T00:00:00+00:00, run_after=2023-12-01T00:00:00+00:00
[2023-12-01T13:47:50.521+0300] {processor.py:179} INFO - Processing /home/petr/project/venv/lib/python3.10/site-packages/airflow/example_dags/example_branch_operator_decorator.py took 0.219 seconds
[2023-12-01T13:49:12.659+0300] {processor.py:157} INFO - Started process (PID=5361) to work on /home/petr/project/venv/lib/python3.10/site-packages/airflow/example_dags/example_branch_operator_decorator.py
[2023-12-01T13:49:12.673+0300] {processor.py:829} INFO - Processing file /home/petr/project/venv/lib/python3.10/site-packages/airflow/example_dags/example_branch_operator_decorator.py for tasks to queue
[2023-12-01T13:49:12.674+0300] {logging_mixin.py:154} INFO - [2023-12-01T13:49:12.673+0300] {dagbag.py:536} INFO - Filling up the DagBag from /home/petr/project/venv/lib/python3.10/site-packages/airflow/example_dags/example_branch_operator_decorator.py
[2023-12-01T13:49:12.682+0300] {processor.py:839} INFO - DAG(s) dict_keys(['example_branch_python_operator_decorator']) retrieved from /home/petr/project/venv/lib/python3.10/site-packages/airflow/example_dags/example_branch_operator_decorator.py
[2023-12-01T13:49:12.736+0300] {logging_mixin.py:154} INFO - [2023-12-01T13:49:12.736+0300] {dag.py:2941} INFO - Sync 1 DAGs
[2023-12-01T13:49:12.774+0300] {logging_mixin.py:154} INFO - [2023-12-01T13:49:12.774+0300] {dag.py:3722} INFO - Setting next_dagrun for example_branch_python_operator_decorator to 2023-11-30T00:00:00+00:00, run_after=2023-12-01T00:00:00+00:00
[2023-12-01T13:49:12.809+0300] {processor.py:179} INFO - Processing /home/petr/project/venv/lib/python3.10/site-packages/airflow/example_dags/example_branch_operator_decorator.py took 0.153 seconds
[2023-12-01T13:49:44.589+0300] {processor.py:157} INFO - Started process (PID=5461) to work on /home/petr/project/venv/lib/python3.10/site-packages/airflow/example_dags/example_branch_operator_decorator.py
[2023-12-01T13:49:44.594+0300] {processor.py:829} INFO - Processing file /home/petr/project/venv/lib/python3.10/site-packages/airflow/example_dags/example_branch_operator_decorator.py for tasks to queue
[2023-12-01T13:49:44.594+0300] {logging_mixin.py:154} INFO - [2023-12-01T13:49:44.594+0300] {dagbag.py:536} INFO - Filling up the DagBag from /home/petr/project/venv/lib/python3.10/site-packages/airflow/example_dags/example_branch_operator_decorator.py
[2023-12-01T13:49:44.613+0300] {processor.py:839} INFO - DAG(s) dict_keys(['example_branch_python_operator_decorator']) retrieved from /home/petr/project/venv/lib/python3.10/site-packages/airflow/example_dags/example_branch_operator_decorator.py
[2023-12-01T13:49:44.669+0300] {logging_mixin.py:154} INFO - [2023-12-01T13:49:44.669+0300] {dag.py:2941} INFO - Sync 1 DAGs
[2023-12-01T13:49:44.716+0300] {logging_mixin.py:154} INFO - [2023-12-01T13:49:44.716+0300] {dag.py:3722} INFO - Setting next_dagrun for example_branch_python_operator_decorator to 2023-11-30T00:00:00+00:00, run_after=2023-12-01T00:00:00+00:00
[2023-12-01T13:49:44.752+0300] {processor.py:179} INFO - Processing /home/petr/project/venv/lib/python3.10/site-packages/airflow/example_dags/example_branch_operator_decorator.py took 0.175 seconds
[2023-12-01T13:50:15.330+0300] {processor.py:157} INFO - Started process (PID=5571) to work on /home/petr/project/venv/lib/python3.10/site-packages/airflow/example_dags/example_branch_operator_decorator.py
[2023-12-01T13:50:15.331+0300] {processor.py:829} INFO - Processing file /home/petr/project/venv/lib/python3.10/site-packages/airflow/example_dags/example_branch_operator_decorator.py for tasks to queue
[2023-12-01T13:50:15.331+0300] {logging_mixin.py:154} INFO - [2023-12-01T13:50:15.331+0300] {dagbag.py:536} INFO - Filling up the DagBag from /home/petr/project/venv/lib/python3.10/site-packages/airflow/example_dags/example_branch_operator_decorator.py
[2023-12-01T13:50:15.350+0300] {processor.py:839} INFO - DAG(s) dict_keys(['example_branch_python_operator_decorator']) retrieved from /home/petr/project/venv/lib/python3.10/site-packages/airflow/example_dags/example_branch_operator_decorator.py
[2023-12-01T13:50:15.419+0300] {logging_mixin.py:154} INFO - [2023-12-01T13:50:15.419+0300] {dag.py:2941} INFO - Sync 1 DAGs
[2023-12-01T13:50:15.486+0300] {logging_mixin.py:154} INFO - [2023-12-01T13:50:15.485+0300] {dag.py:3722} INFO - Setting next_dagrun for example_branch_python_operator_decorator to 2023-11-30T00:00:00+00:00, run_after=2023-12-01T00:00:00+00:00
[2023-12-01T13:50:15.517+0300] {processor.py:179} INFO - Processing /home/petr/project/venv/lib/python3.10/site-packages/airflow/example_dags/example_branch_operator_decorator.py took 0.190 seconds
[2023-12-01T20:00:59.284+0300] {processor.py:157} INFO - Started process (PID=5949) to work on /home/petr/project/venv/lib/python3.10/site-packages/airflow/example_dags/example_branch_operator_decorator.py
[2023-12-01T20:00:59.321+0300] {processor.py:829} INFO - Processing file /home/petr/project/venv/lib/python3.10/site-packages/airflow/example_dags/example_branch_operator_decorator.py for tasks to queue
[2023-12-01T20:00:59.323+0300] {logging_mixin.py:154} INFO - [2023-12-01T20:00:59.322+0300] {dagbag.py:536} INFO - Filling up the DagBag from /home/petr/project/venv/lib/python3.10/site-packages/airflow/example_dags/example_branch_operator_decorator.py
[2023-12-01T20:00:59.381+0300] {processor.py:839} INFO - DAG(s) dict_keys(['example_branch_python_operator_decorator']) retrieved from /home/petr/project/venv/lib/python3.10/site-packages/airflow/example_dags/example_branch_operator_decorator.py
[2023-12-01T20:00:59.773+0300] {logging_mixin.py:154} INFO - [2023-12-01T20:00:59.773+0300] {dag.py:2941} INFO - Sync 1 DAGs
[2023-12-01T20:00:59.907+0300] {logging_mixin.py:154} INFO - [2023-12-01T20:00:59.898+0300] {dag.py:3722} INFO - Setting next_dagrun for example_branch_python_operator_decorator to 2023-11-30T00:00:00+00:00, run_after=2023-12-01T00:00:00+00:00
[2023-12-01T20:00:59.984+0300] {processor.py:179} INFO - Processing /home/petr/project/venv/lib/python3.10/site-packages/airflow/example_dags/example_branch_operator_decorator.py took 0.722 seconds
