[2023-12-01T13:38:06.344+0300] {processor.py:157} INFO - Started process (PID=3362) to work on /home/petr/project/venv/lib/python3.10/site-packages/airflow/example_dags/example_trigger_controller_dag.py
[2023-12-01T13:38:06.345+0300] {processor.py:829} INFO - Processing file /home/petr/project/venv/lib/python3.10/site-packages/airflow/example_dags/example_trigger_controller_dag.py for tasks to queue
[2023-12-01T13:38:06.345+0300] {logging_mixin.py:154} INFO - [2023-12-01T13:38:06.345+0300] {dagbag.py:536} INFO - Filling up the DagBag from /home/petr/project/venv/lib/python3.10/site-packages/airflow/example_dags/example_trigger_controller_dag.py
[2023-12-01T13:38:06.349+0300] {processor.py:839} INFO - DAG(s) dict_keys(['example_trigger_controller_dag']) retrieved from /home/petr/project/venv/lib/python3.10/site-packages/airflow/example_dags/example_trigger_controller_dag.py
[2023-12-01T13:38:06.423+0300] {logging_mixin.py:154} INFO - [2023-12-01T13:38:06.423+0300] {dag.py:2941} INFO - Sync 1 DAGs
[2023-12-01T13:38:06.468+0300] {logging_mixin.py:154} INFO - [2023-12-01T13:38:06.468+0300] {dag.py:3722} INFO - Setting next_dagrun for example_trigger_controller_dag to 2021-01-01T00:00:00+00:00, run_after=2021-01-01T00:00:00+00:00
[2023-12-01T13:38:06.495+0300] {processor.py:179} INFO - Processing /home/petr/project/venv/lib/python3.10/site-packages/airflow/example_dags/example_trigger_controller_dag.py took 0.164 seconds
[2023-12-01T13:38:37.309+0300] {processor.py:157} INFO - Started process (PID=3466) to work on /home/petr/project/venv/lib/python3.10/site-packages/airflow/example_dags/example_trigger_controller_dag.py
[2023-12-01T13:38:37.310+0300] {processor.py:829} INFO - Processing file /home/petr/project/venv/lib/python3.10/site-packages/airflow/example_dags/example_trigger_controller_dag.py for tasks to queue
[2023-12-01T13:38:37.310+0300] {logging_mixin.py:154} INFO - [2023-12-01T13:38:37.310+0300] {dagbag.py:536} INFO - Filling up the DagBag from /home/petr/project/venv/lib/python3.10/site-packages/airflow/example_dags/example_trigger_controller_dag.py
[2023-12-01T13:38:37.323+0300] {processor.py:839} INFO - DAG(s) dict_keys(['example_trigger_controller_dag']) retrieved from /home/petr/project/venv/lib/python3.10/site-packages/airflow/example_dags/example_trigger_controller_dag.py
[2023-12-01T13:38:37.388+0300] {logging_mixin.py:154} INFO - [2023-12-01T13:38:37.388+0300] {dag.py:2941} INFO - Sync 1 DAGs
[2023-12-01T13:38:37.420+0300] {logging_mixin.py:154} INFO - [2023-12-01T13:38:37.420+0300] {dag.py:3722} INFO - Setting next_dagrun for example_trigger_controller_dag to 2021-01-01T00:00:00+00:00, run_after=2021-01-01T00:00:00+00:00
[2023-12-01T13:38:37.459+0300] {processor.py:179} INFO - Processing /home/petr/project/venv/lib/python3.10/site-packages/airflow/example_dags/example_trigger_controller_dag.py took 0.153 seconds
[2023-12-01T13:39:09.358+0300] {processor.py:157} INFO - Started process (PID=3568) to work on /home/petr/project/venv/lib/python3.10/site-packages/airflow/example_dags/example_trigger_controller_dag.py
[2023-12-01T13:39:09.380+0300] {processor.py:829} INFO - Processing file /home/petr/project/venv/lib/python3.10/site-packages/airflow/example_dags/example_trigger_controller_dag.py for tasks to queue
[2023-12-01T13:39:09.381+0300] {logging_mixin.py:154} INFO - [2023-12-01T13:39:09.381+0300] {dagbag.py:536} INFO - Filling up the DagBag from /home/petr/project/venv/lib/python3.10/site-packages/airflow/example_dags/example_trigger_controller_dag.py
[2023-12-01T13:39:09.389+0300] {processor.py:839} INFO - DAG(s) dict_keys(['example_trigger_controller_dag']) retrieved from /home/petr/project/venv/lib/python3.10/site-packages/airflow/example_dags/example_trigger_controller_dag.py
[2023-12-01T13:39:09.461+0300] {logging_mixin.py:154} INFO - [2023-12-01T13:39:09.461+0300] {dag.py:2941} INFO - Sync 1 DAGs
[2023-12-01T13:39:09.492+0300] {logging_mixin.py:154} INFO - [2023-12-01T13:39:09.491+0300] {dag.py:3722} INFO - Setting next_dagrun for example_trigger_controller_dag to 2021-01-01T00:00:00+00:00, run_after=2021-01-01T00:00:00+00:00
[2023-12-01T13:39:09.529+0300] {processor.py:179} INFO - Processing /home/petr/project/venv/lib/python3.10/site-packages/airflow/example_dags/example_trigger_controller_dag.py took 0.175 seconds
[2023-12-01T13:39:40.279+0300] {processor.py:157} INFO - Started process (PID=3685) to work on /home/petr/project/venv/lib/python3.10/site-packages/airflow/example_dags/example_trigger_controller_dag.py
[2023-12-01T13:39:40.280+0300] {processor.py:829} INFO - Processing file /home/petr/project/venv/lib/python3.10/site-packages/airflow/example_dags/example_trigger_controller_dag.py for tasks to queue
[2023-12-01T13:39:40.281+0300] {logging_mixin.py:154} INFO - [2023-12-01T13:39:40.280+0300] {dagbag.py:536} INFO - Filling up the DagBag from /home/petr/project/venv/lib/python3.10/site-packages/airflow/example_dags/example_trigger_controller_dag.py
[2023-12-01T13:39:40.284+0300] {processor.py:839} INFO - DAG(s) dict_keys(['example_trigger_controller_dag']) retrieved from /home/petr/project/venv/lib/python3.10/site-packages/airflow/example_dags/example_trigger_controller_dag.py
[2023-12-01T13:39:40.307+0300] {logging_mixin.py:154} INFO - [2023-12-01T13:39:40.307+0300] {dag.py:2941} INFO - Sync 1 DAGs
[2023-12-01T13:39:40.342+0300] {logging_mixin.py:154} INFO - [2023-12-01T13:39:40.341+0300] {dag.py:3722} INFO - Setting next_dagrun for example_trigger_controller_dag to 2021-01-01T00:00:00+00:00, run_after=2021-01-01T00:00:00+00:00
[2023-12-01T13:39:40.359+0300] {processor.py:179} INFO - Processing /home/petr/project/venv/lib/python3.10/site-packages/airflow/example_dags/example_trigger_controller_dag.py took 0.084 seconds
[2023-12-01T13:40:11.227+0300] {processor.py:157} INFO - Started process (PID=3805) to work on /home/petr/project/venv/lib/python3.10/site-packages/airflow/example_dags/example_trigger_controller_dag.py
[2023-12-01T13:40:11.230+0300] {processor.py:829} INFO - Processing file /home/petr/project/venv/lib/python3.10/site-packages/airflow/example_dags/example_trigger_controller_dag.py for tasks to queue
[2023-12-01T13:40:11.231+0300] {logging_mixin.py:154} INFO - [2023-12-01T13:40:11.230+0300] {dagbag.py:536} INFO - Filling up the DagBag from /home/petr/project/venv/lib/python3.10/site-packages/airflow/example_dags/example_trigger_controller_dag.py
[2023-12-01T13:40:11.241+0300] {processor.py:839} INFO - DAG(s) dict_keys(['example_trigger_controller_dag']) retrieved from /home/petr/project/venv/lib/python3.10/site-packages/airflow/example_dags/example_trigger_controller_dag.py
[2023-12-01T13:40:11.345+0300] {logging_mixin.py:154} INFO - [2023-12-01T13:40:11.345+0300] {dag.py:2941} INFO - Sync 1 DAGs
[2023-12-01T13:40:11.406+0300] {logging_mixin.py:154} INFO - [2023-12-01T13:40:11.406+0300] {dag.py:3722} INFO - Setting next_dagrun for example_trigger_controller_dag to 2021-01-01T00:00:00+00:00, run_after=2021-01-01T00:00:00+00:00
[2023-12-01T13:40:11.457+0300] {processor.py:179} INFO - Processing /home/petr/project/venv/lib/python3.10/site-packages/airflow/example_dags/example_trigger_controller_dag.py took 0.237 seconds
[2023-12-01T13:40:41.789+0300] {processor.py:157} INFO - Started process (PID=3908) to work on /home/petr/project/venv/lib/python3.10/site-packages/airflow/example_dags/example_trigger_controller_dag.py
[2023-12-01T13:40:41.795+0300] {processor.py:829} INFO - Processing file /home/petr/project/venv/lib/python3.10/site-packages/airflow/example_dags/example_trigger_controller_dag.py for tasks to queue
[2023-12-01T13:40:41.795+0300] {logging_mixin.py:154} INFO - [2023-12-01T13:40:41.795+0300] {dagbag.py:536} INFO - Filling up the DagBag from /home/petr/project/venv/lib/python3.10/site-packages/airflow/example_dags/example_trigger_controller_dag.py
[2023-12-01T13:40:41.800+0300] {processor.py:839} INFO - DAG(s) dict_keys(['example_trigger_controller_dag']) retrieved from /home/petr/project/venv/lib/python3.10/site-packages/airflow/example_dags/example_trigger_controller_dag.py
[2023-12-01T13:40:41.865+0300] {logging_mixin.py:154} INFO - [2023-12-01T13:40:41.864+0300] {dag.py:2941} INFO - Sync 1 DAGs
[2023-12-01T13:40:41.902+0300] {logging_mixin.py:154} INFO - [2023-12-01T13:40:41.902+0300] {dag.py:3722} INFO - Setting next_dagrun for example_trigger_controller_dag to 2021-01-01T00:00:00+00:00, run_after=2021-01-01T00:00:00+00:00
[2023-12-01T13:40:41.924+0300] {processor.py:179} INFO - Processing /home/petr/project/venv/lib/python3.10/site-packages/airflow/example_dags/example_trigger_controller_dag.py took 0.139 seconds
[2023-12-01T13:41:12.432+0300] {processor.py:157} INFO - Started process (PID=4007) to work on /home/petr/project/venv/lib/python3.10/site-packages/airflow/example_dags/example_trigger_controller_dag.py
[2023-12-01T13:41:12.442+0300] {processor.py:829} INFO - Processing file /home/petr/project/venv/lib/python3.10/site-packages/airflow/example_dags/example_trigger_controller_dag.py for tasks to queue
[2023-12-01T13:41:12.442+0300] {logging_mixin.py:154} INFO - [2023-12-01T13:41:12.442+0300] {dagbag.py:536} INFO - Filling up the DagBag from /home/petr/project/venv/lib/python3.10/site-packages/airflow/example_dags/example_trigger_controller_dag.py
[2023-12-01T13:41:12.450+0300] {processor.py:839} INFO - DAG(s) dict_keys(['example_trigger_controller_dag']) retrieved from /home/petr/project/venv/lib/python3.10/site-packages/airflow/example_dags/example_trigger_controller_dag.py
[2023-12-01T13:41:12.499+0300] {logging_mixin.py:154} INFO - [2023-12-01T13:41:12.499+0300] {dag.py:2941} INFO - Sync 1 DAGs
[2023-12-01T13:41:12.541+0300] {logging_mixin.py:154} INFO - [2023-12-01T13:41:12.541+0300] {dag.py:3722} INFO - Setting next_dagrun for example_trigger_controller_dag to 2021-01-01T00:00:00+00:00, run_after=2021-01-01T00:00:00+00:00
[2023-12-01T13:41:12.570+0300] {processor.py:179} INFO - Processing /home/petr/project/venv/lib/python3.10/site-packages/airflow/example_dags/example_trigger_controller_dag.py took 0.141 seconds
[2023-12-01T13:41:43.221+0300] {processor.py:157} INFO - Started process (PID=4111) to work on /home/petr/project/venv/lib/python3.10/site-packages/airflow/example_dags/example_trigger_controller_dag.py
[2023-12-01T13:41:43.222+0300] {processor.py:829} INFO - Processing file /home/petr/project/venv/lib/python3.10/site-packages/airflow/example_dags/example_trigger_controller_dag.py for tasks to queue
[2023-12-01T13:41:43.222+0300] {logging_mixin.py:154} INFO - [2023-12-01T13:41:43.222+0300] {dagbag.py:536} INFO - Filling up the DagBag from /home/petr/project/venv/lib/python3.10/site-packages/airflow/example_dags/example_trigger_controller_dag.py
[2023-12-01T13:41:43.243+0300] {processor.py:839} INFO - DAG(s) dict_keys(['example_trigger_controller_dag']) retrieved from /home/petr/project/venv/lib/python3.10/site-packages/airflow/example_dags/example_trigger_controller_dag.py
[2023-12-01T13:41:43.319+0300] {logging_mixin.py:154} INFO - [2023-12-01T13:41:43.318+0300] {dag.py:2941} INFO - Sync 1 DAGs
[2023-12-01T13:41:43.354+0300] {logging_mixin.py:154} INFO - [2023-12-01T13:41:43.354+0300] {dag.py:3722} INFO - Setting next_dagrun for example_trigger_controller_dag to 2021-01-01T00:00:00+00:00, run_after=2021-01-01T00:00:00+00:00
[2023-12-01T13:41:43.384+0300] {processor.py:179} INFO - Processing /home/petr/project/venv/lib/python3.10/site-packages/airflow/example_dags/example_trigger_controller_dag.py took 0.166 seconds
[2023-12-01T13:42:13.654+0300] {processor.py:157} INFO - Started process (PID=4218) to work on /home/petr/project/venv/lib/python3.10/site-packages/airflow/example_dags/example_trigger_controller_dag.py
[2023-12-01T13:42:13.655+0300] {processor.py:829} INFO - Processing file /home/petr/project/venv/lib/python3.10/site-packages/airflow/example_dags/example_trigger_controller_dag.py for tasks to queue
[2023-12-01T13:42:13.656+0300] {logging_mixin.py:154} INFO - [2023-12-01T13:42:13.656+0300] {dagbag.py:536} INFO - Filling up the DagBag from /home/petr/project/venv/lib/python3.10/site-packages/airflow/example_dags/example_trigger_controller_dag.py
[2023-12-01T13:42:13.660+0300] {processor.py:839} INFO - DAG(s) dict_keys(['example_trigger_controller_dag']) retrieved from /home/petr/project/venv/lib/python3.10/site-packages/airflow/example_dags/example_trigger_controller_dag.py
[2023-12-01T13:42:13.707+0300] {logging_mixin.py:154} INFO - [2023-12-01T13:42:13.706+0300] {dag.py:2941} INFO - Sync 1 DAGs
[2023-12-01T13:42:13.756+0300] {logging_mixin.py:154} INFO - [2023-12-01T13:42:13.745+0300] {dag.py:3722} INFO - Setting next_dagrun for example_trigger_controller_dag to 2021-01-01T00:00:00+00:00, run_after=2021-01-01T00:00:00+00:00
[2023-12-01T13:42:13.805+0300] {processor.py:179} INFO - Processing /home/petr/project/venv/lib/python3.10/site-packages/airflow/example_dags/example_trigger_controller_dag.py took 0.155 seconds
[2023-12-01T13:42:44.366+0300] {processor.py:157} INFO - Started process (PID=4322) to work on /home/petr/project/venv/lib/python3.10/site-packages/airflow/example_dags/example_trigger_controller_dag.py
[2023-12-01T13:42:44.380+0300] {processor.py:829} INFO - Processing file /home/petr/project/venv/lib/python3.10/site-packages/airflow/example_dags/example_trigger_controller_dag.py for tasks to queue
[2023-12-01T13:42:44.381+0300] {logging_mixin.py:154} INFO - [2023-12-01T13:42:44.381+0300] {dagbag.py:536} INFO - Filling up the DagBag from /home/petr/project/venv/lib/python3.10/site-packages/airflow/example_dags/example_trigger_controller_dag.py
[2023-12-01T13:42:44.394+0300] {processor.py:839} INFO - DAG(s) dict_keys(['example_trigger_controller_dag']) retrieved from /home/petr/project/venv/lib/python3.10/site-packages/airflow/example_dags/example_trigger_controller_dag.py
[2023-12-01T13:42:44.438+0300] {logging_mixin.py:154} INFO - [2023-12-01T13:42:44.438+0300] {dag.py:2941} INFO - Sync 1 DAGs
[2023-12-01T13:42:44.470+0300] {logging_mixin.py:154} INFO - [2023-12-01T13:42:44.470+0300] {dag.py:3722} INFO - Setting next_dagrun for example_trigger_controller_dag to 2021-01-01T00:00:00+00:00, run_after=2021-01-01T00:00:00+00:00
[2023-12-01T13:42:44.502+0300] {processor.py:179} INFO - Processing /home/petr/project/venv/lib/python3.10/site-packages/airflow/example_dags/example_trigger_controller_dag.py took 0.145 seconds
[2023-12-01T13:43:14.548+0300] {processor.py:157} INFO - Started process (PID=4422) to work on /home/petr/project/venv/lib/python3.10/site-packages/airflow/example_dags/example_trigger_controller_dag.py
[2023-12-01T13:43:14.558+0300] {processor.py:829} INFO - Processing file /home/petr/project/venv/lib/python3.10/site-packages/airflow/example_dags/example_trigger_controller_dag.py for tasks to queue
[2023-12-01T13:43:14.559+0300] {logging_mixin.py:154} INFO - [2023-12-01T13:43:14.558+0300] {dagbag.py:536} INFO - Filling up the DagBag from /home/petr/project/venv/lib/python3.10/site-packages/airflow/example_dags/example_trigger_controller_dag.py
[2023-12-01T13:43:14.574+0300] {processor.py:839} INFO - DAG(s) dict_keys(['example_trigger_controller_dag']) retrieved from /home/petr/project/venv/lib/python3.10/site-packages/airflow/example_dags/example_trigger_controller_dag.py
[2023-12-01T13:43:14.643+0300] {logging_mixin.py:154} INFO - [2023-12-01T13:43:14.643+0300] {dag.py:2941} INFO - Sync 1 DAGs
[2023-12-01T13:43:14.679+0300] {logging_mixin.py:154} INFO - [2023-12-01T13:43:14.679+0300] {dag.py:3722} INFO - Setting next_dagrun for example_trigger_controller_dag to 2021-01-01T00:00:00+00:00, run_after=2021-01-01T00:00:00+00:00
[2023-12-01T13:43:14.705+0300] {processor.py:179} INFO - Processing /home/petr/project/venv/lib/python3.10/site-packages/airflow/example_dags/example_trigger_controller_dag.py took 0.160 seconds
[2023-12-01T13:43:46.943+0300] {processor.py:157} INFO - Started process (PID=4522) to work on /home/petr/project/venv/lib/python3.10/site-packages/airflow/example_dags/example_trigger_controller_dag.py
[2023-12-01T13:43:46.954+0300] {processor.py:829} INFO - Processing file /home/petr/project/venv/lib/python3.10/site-packages/airflow/example_dags/example_trigger_controller_dag.py for tasks to queue
[2023-12-01T13:43:46.955+0300] {logging_mixin.py:154} INFO - [2023-12-01T13:43:46.955+0300] {dagbag.py:536} INFO - Filling up the DagBag from /home/petr/project/venv/lib/python3.10/site-packages/airflow/example_dags/example_trigger_controller_dag.py
[2023-12-01T13:43:46.963+0300] {processor.py:839} INFO - DAG(s) dict_keys(['example_trigger_controller_dag']) retrieved from /home/petr/project/venv/lib/python3.10/site-packages/airflow/example_dags/example_trigger_controller_dag.py
[2023-12-01T13:43:47.018+0300] {logging_mixin.py:154} INFO - [2023-12-01T13:43:47.018+0300] {dag.py:2941} INFO - Sync 1 DAGs
[2023-12-01T13:43:47.060+0300] {logging_mixin.py:154} INFO - [2023-12-01T13:43:47.059+0300] {dag.py:3722} INFO - Setting next_dagrun for example_trigger_controller_dag to 2021-01-01T00:00:00+00:00, run_after=2021-01-01T00:00:00+00:00
[2023-12-01T13:43:47.091+0300] {processor.py:179} INFO - Processing /home/petr/project/venv/lib/python3.10/site-packages/airflow/example_dags/example_trigger_controller_dag.py took 0.151 seconds
[2023-12-01T13:44:17.568+0300] {processor.py:157} INFO - Started process (PID=4621) to work on /home/petr/project/venv/lib/python3.10/site-packages/airflow/example_dags/example_trigger_controller_dag.py
[2023-12-01T13:44:17.572+0300] {processor.py:829} INFO - Processing file /home/petr/project/venv/lib/python3.10/site-packages/airflow/example_dags/example_trigger_controller_dag.py for tasks to queue
[2023-12-01T13:44:17.573+0300] {logging_mixin.py:154} INFO - [2023-12-01T13:44:17.573+0300] {dagbag.py:536} INFO - Filling up the DagBag from /home/petr/project/venv/lib/python3.10/site-packages/airflow/example_dags/example_trigger_controller_dag.py
[2023-12-01T13:44:17.588+0300] {processor.py:839} INFO - DAG(s) dict_keys(['example_trigger_controller_dag']) retrieved from /home/petr/project/venv/lib/python3.10/site-packages/airflow/example_dags/example_trigger_controller_dag.py
[2023-12-01T13:44:17.625+0300] {logging_mixin.py:154} INFO - [2023-12-01T13:44:17.625+0300] {dag.py:2941} INFO - Sync 1 DAGs
[2023-12-01T13:44:17.661+0300] {logging_mixin.py:154} INFO - [2023-12-01T13:44:17.661+0300] {dag.py:3722} INFO - Setting next_dagrun for example_trigger_controller_dag to 2021-01-01T00:00:00+00:00, run_after=2021-01-01T00:00:00+00:00
[2023-12-01T13:44:17.693+0300] {processor.py:179} INFO - Processing /home/petr/project/venv/lib/python3.10/site-packages/airflow/example_dags/example_trigger_controller_dag.py took 0.134 seconds
[2023-12-01T13:44:48.459+0300] {processor.py:157} INFO - Started process (PID=4723) to work on /home/petr/project/venv/lib/python3.10/site-packages/airflow/example_dags/example_trigger_controller_dag.py
[2023-12-01T13:44:48.472+0300] {processor.py:829} INFO - Processing file /home/petr/project/venv/lib/python3.10/site-packages/airflow/example_dags/example_trigger_controller_dag.py for tasks to queue
[2023-12-01T13:44:48.473+0300] {logging_mixin.py:154} INFO - [2023-12-01T13:44:48.472+0300] {dagbag.py:536} INFO - Filling up the DagBag from /home/petr/project/venv/lib/python3.10/site-packages/airflow/example_dags/example_trigger_controller_dag.py
[2023-12-01T13:44:48.477+0300] {processor.py:839} INFO - DAG(s) dict_keys(['example_trigger_controller_dag']) retrieved from /home/petr/project/venv/lib/python3.10/site-packages/airflow/example_dags/example_trigger_controller_dag.py
[2023-12-01T13:44:48.578+0300] {logging_mixin.py:154} INFO - [2023-12-01T13:44:48.578+0300] {dag.py:2941} INFO - Sync 1 DAGs
[2023-12-01T13:44:48.644+0300] {logging_mixin.py:154} INFO - [2023-12-01T13:44:48.644+0300] {dag.py:3722} INFO - Setting next_dagrun for example_trigger_controller_dag to 2021-01-01T00:00:00+00:00, run_after=2021-01-01T00:00:00+00:00
[2023-12-01T13:44:48.691+0300] {processor.py:179} INFO - Processing /home/petr/project/venv/lib/python3.10/site-packages/airflow/example_dags/example_trigger_controller_dag.py took 0.249 seconds
[2023-12-01T13:45:19.261+0300] {processor.py:157} INFO - Started process (PID=4845) to work on /home/petr/project/venv/lib/python3.10/site-packages/airflow/example_dags/example_trigger_controller_dag.py
[2023-12-01T13:45:19.278+0300] {processor.py:829} INFO - Processing file /home/petr/project/venv/lib/python3.10/site-packages/airflow/example_dags/example_trigger_controller_dag.py for tasks to queue
[2023-12-01T13:45:19.279+0300] {logging_mixin.py:154} INFO - [2023-12-01T13:45:19.279+0300] {dagbag.py:536} INFO - Filling up the DagBag from /home/petr/project/venv/lib/python3.10/site-packages/airflow/example_dags/example_trigger_controller_dag.py
[2023-12-01T13:45:19.310+0300] {processor.py:839} INFO - DAG(s) dict_keys(['example_trigger_controller_dag']) retrieved from /home/petr/project/venv/lib/python3.10/site-packages/airflow/example_dags/example_trigger_controller_dag.py
[2023-12-01T13:45:19.473+0300] {logging_mixin.py:154} INFO - [2023-12-01T13:45:19.473+0300] {dag.py:2941} INFO - Sync 1 DAGs
[2023-12-01T13:45:19.551+0300] {logging_mixin.py:154} INFO - [2023-12-01T13:45:19.551+0300] {dag.py:3722} INFO - Setting next_dagrun for example_trigger_controller_dag to 2021-01-01T00:00:00+00:00, run_after=2021-01-01T00:00:00+00:00
[2023-12-01T13:45:19.642+0300] {processor.py:179} INFO - Processing /home/petr/project/venv/lib/python3.10/site-packages/airflow/example_dags/example_trigger_controller_dag.py took 0.386 seconds
[2023-12-01T13:46:46.423+0300] {processor.py:157} INFO - Started process (PID=4958) to work on /home/petr/project/venv/lib/python3.10/site-packages/airflow/example_dags/example_trigger_controller_dag.py
[2023-12-01T13:46:46.440+0300] {processor.py:829} INFO - Processing file /home/petr/project/venv/lib/python3.10/site-packages/airflow/example_dags/example_trigger_controller_dag.py for tasks to queue
[2023-12-01T13:46:46.441+0300] {logging_mixin.py:154} INFO - [2023-12-01T13:46:46.441+0300] {dagbag.py:536} INFO - Filling up the DagBag from /home/petr/project/venv/lib/python3.10/site-packages/airflow/example_dags/example_trigger_controller_dag.py
[2023-12-01T13:46:46.453+0300] {processor.py:839} INFO - DAG(s) dict_keys(['example_trigger_controller_dag']) retrieved from /home/petr/project/venv/lib/python3.10/site-packages/airflow/example_dags/example_trigger_controller_dag.py
[2023-12-01T13:46:46.519+0300] {logging_mixin.py:154} INFO - [2023-12-01T13:46:46.518+0300] {dag.py:2941} INFO - Sync 1 DAGs
[2023-12-01T13:46:46.598+0300] {logging_mixin.py:154} INFO - [2023-12-01T13:46:46.598+0300] {dag.py:3722} INFO - Setting next_dagrun for example_trigger_controller_dag to 2021-01-01T00:00:00+00:00, run_after=2021-01-01T00:00:00+00:00
[2023-12-01T13:46:46.653+0300] {processor.py:179} INFO - Processing /home/petr/project/venv/lib/python3.10/site-packages/airflow/example_dags/example_trigger_controller_dag.py took 0.235 seconds
[2023-12-01T13:47:16.814+0300] {processor.py:157} INFO - Started process (PID=5062) to work on /home/petr/project/venv/lib/python3.10/site-packages/airflow/example_dags/example_trigger_controller_dag.py
[2023-12-01T13:47:16.826+0300] {processor.py:829} INFO - Processing file /home/petr/project/venv/lib/python3.10/site-packages/airflow/example_dags/example_trigger_controller_dag.py for tasks to queue
[2023-12-01T13:47:16.827+0300] {logging_mixin.py:154} INFO - [2023-12-01T13:47:16.826+0300] {dagbag.py:536} INFO - Filling up the DagBag from /home/petr/project/venv/lib/python3.10/site-packages/airflow/example_dags/example_trigger_controller_dag.py
[2023-12-01T13:47:16.834+0300] {processor.py:839} INFO - DAG(s) dict_keys(['example_trigger_controller_dag']) retrieved from /home/petr/project/venv/lib/python3.10/site-packages/airflow/example_dags/example_trigger_controller_dag.py
[2023-12-01T13:47:16.885+0300] {logging_mixin.py:154} INFO - [2023-12-01T13:47:16.885+0300] {dag.py:2941} INFO - Sync 1 DAGs
[2023-12-01T13:47:16.918+0300] {logging_mixin.py:154} INFO - [2023-12-01T13:47:16.918+0300] {dag.py:3722} INFO - Setting next_dagrun for example_trigger_controller_dag to 2021-01-01T00:00:00+00:00, run_after=2021-01-01T00:00:00+00:00
[2023-12-01T13:47:16.962+0300] {processor.py:179} INFO - Processing /home/petr/project/venv/lib/python3.10/site-packages/airflow/example_dags/example_trigger_controller_dag.py took 0.151 seconds
[2023-12-01T13:47:48.040+0300] {processor.py:157} INFO - Started process (PID=5189) to work on /home/petr/project/venv/lib/python3.10/site-packages/airflow/example_dags/example_trigger_controller_dag.py
[2023-12-01T13:47:48.041+0300] {processor.py:829} INFO - Processing file /home/petr/project/venv/lib/python3.10/site-packages/airflow/example_dags/example_trigger_controller_dag.py for tasks to queue
[2023-12-01T13:47:48.042+0300] {logging_mixin.py:154} INFO - [2023-12-01T13:47:48.042+0300] {dagbag.py:536} INFO - Filling up the DagBag from /home/petr/project/venv/lib/python3.10/site-packages/airflow/example_dags/example_trigger_controller_dag.py
[2023-12-01T13:47:48.049+0300] {processor.py:839} INFO - DAG(s) dict_keys(['example_trigger_controller_dag']) retrieved from /home/petr/project/venv/lib/python3.10/site-packages/airflow/example_dags/example_trigger_controller_dag.py
[2023-12-01T13:47:48.081+0300] {logging_mixin.py:154} INFO - [2023-12-01T13:47:48.081+0300] {dag.py:2941} INFO - Sync 1 DAGs
[2023-12-01T13:47:48.107+0300] {logging_mixin.py:154} INFO - [2023-12-01T13:47:48.107+0300] {dag.py:3722} INFO - Setting next_dagrun for example_trigger_controller_dag to 2021-01-01T00:00:00+00:00, run_after=2021-01-01T00:00:00+00:00
[2023-12-01T13:47:48.127+0300] {processor.py:179} INFO - Processing /home/petr/project/venv/lib/python3.10/site-packages/airflow/example_dags/example_trigger_controller_dag.py took 0.090 seconds
[2023-12-01T13:49:11.319+0300] {processor.py:157} INFO - Started process (PID=5335) to work on /home/petr/project/venv/lib/python3.10/site-packages/airflow/example_dags/example_trigger_controller_dag.py
[2023-12-01T13:49:11.325+0300] {processor.py:829} INFO - Processing file /home/petr/project/venv/lib/python3.10/site-packages/airflow/example_dags/example_trigger_controller_dag.py for tasks to queue
[2023-12-01T13:49:11.330+0300] {logging_mixin.py:154} INFO - [2023-12-01T13:49:11.329+0300] {dagbag.py:536} INFO - Filling up the DagBag from /home/petr/project/venv/lib/python3.10/site-packages/airflow/example_dags/example_trigger_controller_dag.py
[2023-12-01T13:49:11.343+0300] {processor.py:839} INFO - DAG(s) dict_keys(['example_trigger_controller_dag']) retrieved from /home/petr/project/venv/lib/python3.10/site-packages/airflow/example_dags/example_trigger_controller_dag.py
[2023-12-01T13:49:11.399+0300] {logging_mixin.py:154} INFO - [2023-12-01T13:49:11.399+0300] {dag.py:2941} INFO - Sync 1 DAGs
[2023-12-01T13:49:11.451+0300] {logging_mixin.py:154} INFO - [2023-12-01T13:49:11.451+0300] {dag.py:3722} INFO - Setting next_dagrun for example_trigger_controller_dag to 2021-01-01T00:00:00+00:00, run_after=2021-01-01T00:00:00+00:00
[2023-12-01T13:49:11.482+0300] {processor.py:179} INFO - Processing /home/petr/project/venv/lib/python3.10/site-packages/airflow/example_dags/example_trigger_controller_dag.py took 0.167 seconds
[2023-12-01T13:49:43.093+0300] {processor.py:157} INFO - Started process (PID=5436) to work on /home/petr/project/venv/lib/python3.10/site-packages/airflow/example_dags/example_trigger_controller_dag.py
[2023-12-01T13:49:43.103+0300] {processor.py:829} INFO - Processing file /home/petr/project/venv/lib/python3.10/site-packages/airflow/example_dags/example_trigger_controller_dag.py for tasks to queue
[2023-12-01T13:49:43.104+0300] {logging_mixin.py:154} INFO - [2023-12-01T13:49:43.103+0300] {dagbag.py:536} INFO - Filling up the DagBag from /home/petr/project/venv/lib/python3.10/site-packages/airflow/example_dags/example_trigger_controller_dag.py
[2023-12-01T13:49:43.128+0300] {processor.py:839} INFO - DAG(s) dict_keys(['example_trigger_controller_dag']) retrieved from /home/petr/project/venv/lib/python3.10/site-packages/airflow/example_dags/example_trigger_controller_dag.py
[2023-12-01T13:49:43.195+0300] {logging_mixin.py:154} INFO - [2023-12-01T13:49:43.194+0300] {dag.py:2941} INFO - Sync 1 DAGs
[2023-12-01T13:49:43.231+0300] {logging_mixin.py:154} INFO - [2023-12-01T13:49:43.230+0300] {dag.py:3722} INFO - Setting next_dagrun for example_trigger_controller_dag to 2021-01-01T00:00:00+00:00, run_after=2021-01-01T00:00:00+00:00
[2023-12-01T13:49:43.271+0300] {processor.py:179} INFO - Processing /home/petr/project/venv/lib/python3.10/site-packages/airflow/example_dags/example_trigger_controller_dag.py took 0.183 seconds
[2023-12-01T13:50:13.932+0300] {processor.py:157} INFO - Started process (PID=5546) to work on /home/petr/project/venv/lib/python3.10/site-packages/airflow/example_dags/example_trigger_controller_dag.py
[2023-12-01T13:50:13.934+0300] {processor.py:829} INFO - Processing file /home/petr/project/venv/lib/python3.10/site-packages/airflow/example_dags/example_trigger_controller_dag.py for tasks to queue
[2023-12-01T13:50:13.934+0300] {logging_mixin.py:154} INFO - [2023-12-01T13:50:13.934+0300] {dagbag.py:536} INFO - Filling up the DagBag from /home/petr/project/venv/lib/python3.10/site-packages/airflow/example_dags/example_trigger_controller_dag.py
[2023-12-01T13:50:13.938+0300] {processor.py:839} INFO - DAG(s) dict_keys(['example_trigger_controller_dag']) retrieved from /home/petr/project/venv/lib/python3.10/site-packages/airflow/example_dags/example_trigger_controller_dag.py
[2023-12-01T13:50:13.987+0300] {logging_mixin.py:154} INFO - [2023-12-01T13:50:13.987+0300] {dag.py:2941} INFO - Sync 1 DAGs
[2023-12-01T13:50:14.023+0300] {logging_mixin.py:154} INFO - [2023-12-01T13:50:14.023+0300] {dag.py:3722} INFO - Setting next_dagrun for example_trigger_controller_dag to 2021-01-01T00:00:00+00:00, run_after=2021-01-01T00:00:00+00:00
[2023-12-01T13:50:14.053+0300] {processor.py:179} INFO - Processing /home/petr/project/venv/lib/python3.10/site-packages/airflow/example_dags/example_trigger_controller_dag.py took 0.136 seconds
[2023-12-01T20:00:53.279+0300] {processor.py:157} INFO - Started process (PID=5920) to work on /home/petr/project/venv/lib/python3.10/site-packages/airflow/example_dags/example_trigger_controller_dag.py
[2023-12-01T20:00:53.291+0300] {processor.py:829} INFO - Processing file /home/petr/project/venv/lib/python3.10/site-packages/airflow/example_dags/example_trigger_controller_dag.py for tasks to queue
[2023-12-01T20:00:53.292+0300] {logging_mixin.py:154} INFO - [2023-12-01T20:00:53.292+0300] {dagbag.py:536} INFO - Filling up the DagBag from /home/petr/project/venv/lib/python3.10/site-packages/airflow/example_dags/example_trigger_controller_dag.py
[2023-12-01T20:00:53.333+0300] {processor.py:839} INFO - DAG(s) dict_keys(['example_trigger_controller_dag']) retrieved from /home/petr/project/venv/lib/python3.10/site-packages/airflow/example_dags/example_trigger_controller_dag.py
[2023-12-01T20:00:53.482+0300] {logging_mixin.py:154} INFO - [2023-12-01T20:00:53.482+0300] {dag.py:2941} INFO - Sync 1 DAGs
[2023-12-01T20:00:53.585+0300] {logging_mixin.py:154} INFO - [2023-12-01T20:00:53.585+0300] {dag.py:3722} INFO - Setting next_dagrun for example_trigger_controller_dag to 2021-01-01T00:00:00+00:00, run_after=2021-01-01T00:00:00+00:00
[2023-12-01T20:00:53.676+0300] {processor.py:179} INFO - Processing /home/petr/project/venv/lib/python3.10/site-packages/airflow/example_dags/example_trigger_controller_dag.py took 0.449 seconds
