[2023-12-01T13:38:07.299+0300] {processor.py:157} INFO - Started process (PID=3377) to work on /home/petr/project/venv/lib/python3.10/site-packages/airflow/example_dags/example_external_task_marker_dag.py
[2023-12-01T13:38:07.303+0300] {processor.py:829} INFO - Processing file /home/petr/project/venv/lib/python3.10/site-packages/airflow/example_dags/example_external_task_marker_dag.py for tasks to queue
[2023-12-01T13:38:07.304+0300] {logging_mixin.py:154} INFO - [2023-12-01T13:38:07.303+0300] {dagbag.py:536} INFO - Filling up the DagBag from /home/petr/project/venv/lib/python3.10/site-packages/airflow/example_dags/example_external_task_marker_dag.py
[2023-12-01T13:38:07.314+0300] {processor.py:839} INFO - DAG(s) dict_keys(['example_external_task_marker_parent', 'example_external_task_marker_child']) retrieved from /home/petr/project/venv/lib/python3.10/site-packages/airflow/example_dags/example_external_task_marker_dag.py
[2023-12-01T13:38:07.496+0300] {logging_mixin.py:154} INFO - [2023-12-01T13:38:07.495+0300] {dag.py:2941} INFO - Sync 2 DAGs
[2023-12-01T13:38:07.551+0300] {logging_mixin.py:154} INFO - [2023-12-01T13:38:07.551+0300] {dag.py:3722} INFO - Setting next_dagrun for example_external_task_marker_child to None, run_after=None
[2023-12-01T13:38:07.561+0300] {logging_mixin.py:154} INFO - [2023-12-01T13:38:07.561+0300] {dag.py:3722} INFO - Setting next_dagrun for example_external_task_marker_parent to None, run_after=None
[2023-12-01T13:38:07.618+0300] {processor.py:179} INFO - Processing /home/petr/project/venv/lib/python3.10/site-packages/airflow/example_dags/example_external_task_marker_dag.py took 0.330 seconds
[2023-12-01T13:38:37.770+0300] {processor.py:157} INFO - Started process (PID=3479) to work on /home/petr/project/venv/lib/python3.10/site-packages/airflow/example_dags/example_external_task_marker_dag.py
[2023-12-01T13:38:37.770+0300] {processor.py:829} INFO - Processing file /home/petr/project/venv/lib/python3.10/site-packages/airflow/example_dags/example_external_task_marker_dag.py for tasks to queue
[2023-12-01T13:38:37.771+0300] {logging_mixin.py:154} INFO - [2023-12-01T13:38:37.771+0300] {dagbag.py:536} INFO - Filling up the DagBag from /home/petr/project/venv/lib/python3.10/site-packages/airflow/example_dags/example_external_task_marker_dag.py
[2023-12-01T13:38:37.786+0300] {processor.py:839} INFO - DAG(s) dict_keys(['example_external_task_marker_child', 'example_external_task_marker_parent']) retrieved from /home/petr/project/venv/lib/python3.10/site-packages/airflow/example_dags/example_external_task_marker_dag.py
[2023-12-01T13:38:37.845+0300] {logging_mixin.py:154} INFO - [2023-12-01T13:38:37.845+0300] {dag.py:2941} INFO - Sync 2 DAGs
[2023-12-01T13:38:37.881+0300] {logging_mixin.py:154} INFO - [2023-12-01T13:38:37.881+0300] {dag.py:3722} INFO - Setting next_dagrun for example_external_task_marker_child to None, run_after=None
[2023-12-01T13:38:37.895+0300] {logging_mixin.py:154} INFO - [2023-12-01T13:38:37.895+0300] {dag.py:3722} INFO - Setting next_dagrun for example_external_task_marker_parent to None, run_after=None
[2023-12-01T13:38:37.921+0300] {processor.py:179} INFO - Processing /home/petr/project/venv/lib/python3.10/site-packages/airflow/example_dags/example_external_task_marker_dag.py took 0.155 seconds
[2023-12-01T13:39:09.845+0300] {processor.py:157} INFO - Started process (PID=3581) to work on /home/petr/project/venv/lib/python3.10/site-packages/airflow/example_dags/example_external_task_marker_dag.py
[2023-12-01T13:39:09.859+0300] {processor.py:829} INFO - Processing file /home/petr/project/venv/lib/python3.10/site-packages/airflow/example_dags/example_external_task_marker_dag.py for tasks to queue
[2023-12-01T13:39:09.860+0300] {logging_mixin.py:154} INFO - [2023-12-01T13:39:09.860+0300] {dagbag.py:536} INFO - Filling up the DagBag from /home/petr/project/venv/lib/python3.10/site-packages/airflow/example_dags/example_external_task_marker_dag.py
[2023-12-01T13:39:09.865+0300] {processor.py:839} INFO - DAG(s) dict_keys(['example_external_task_marker_child', 'example_external_task_marker_parent']) retrieved from /home/petr/project/venv/lib/python3.10/site-packages/airflow/example_dags/example_external_task_marker_dag.py
[2023-12-01T13:39:09.923+0300] {logging_mixin.py:154} INFO - [2023-12-01T13:39:09.923+0300] {dag.py:2941} INFO - Sync 2 DAGs
[2023-12-01T13:39:09.941+0300] {logging_mixin.py:154} INFO - [2023-12-01T13:39:09.941+0300] {dag.py:3722} INFO - Setting next_dagrun for example_external_task_marker_child to None, run_after=None
[2023-12-01T13:39:09.950+0300] {logging_mixin.py:154} INFO - [2023-12-01T13:39:09.950+0300] {dag.py:3722} INFO - Setting next_dagrun for example_external_task_marker_parent to None, run_after=None
[2023-12-01T13:39:09.976+0300] {processor.py:179} INFO - Processing /home/petr/project/venv/lib/python3.10/site-packages/airflow/example_dags/example_external_task_marker_dag.py took 0.134 seconds
[2023-12-01T13:39:40.723+0300] {processor.py:157} INFO - Started process (PID=3698) to work on /home/petr/project/venv/lib/python3.10/site-packages/airflow/example_dags/example_external_task_marker_dag.py
[2023-12-01T13:39:40.724+0300] {processor.py:829} INFO - Processing file /home/petr/project/venv/lib/python3.10/site-packages/airflow/example_dags/example_external_task_marker_dag.py for tasks to queue
[2023-12-01T13:39:40.724+0300] {logging_mixin.py:154} INFO - [2023-12-01T13:39:40.724+0300] {dagbag.py:536} INFO - Filling up the DagBag from /home/petr/project/venv/lib/python3.10/site-packages/airflow/example_dags/example_external_task_marker_dag.py
[2023-12-01T13:39:40.729+0300] {processor.py:839} INFO - DAG(s) dict_keys(['example_external_task_marker_parent', 'example_external_task_marker_child']) retrieved from /home/petr/project/venv/lib/python3.10/site-packages/airflow/example_dags/example_external_task_marker_dag.py
[2023-12-01T13:39:40.788+0300] {logging_mixin.py:154} INFO - [2023-12-01T13:39:40.787+0300] {dag.py:2941} INFO - Sync 2 DAGs
[2023-12-01T13:39:40.805+0300] {logging_mixin.py:154} INFO - [2023-12-01T13:39:40.804+0300] {dag.py:3722} INFO - Setting next_dagrun for example_external_task_marker_child to None, run_after=None
[2023-12-01T13:39:40.809+0300] {logging_mixin.py:154} INFO - [2023-12-01T13:39:40.809+0300] {dag.py:3722} INFO - Setting next_dagrun for example_external_task_marker_parent to None, run_after=None
[2023-12-01T13:39:40.833+0300] {processor.py:179} INFO - Processing /home/petr/project/venv/lib/python3.10/site-packages/airflow/example_dags/example_external_task_marker_dag.py took 0.119 seconds
[2023-12-01T13:40:11.954+0300] {processor.py:157} INFO - Started process (PID=3818) to work on /home/petr/project/venv/lib/python3.10/site-packages/airflow/example_dags/example_external_task_marker_dag.py
[2023-12-01T13:40:11.957+0300] {processor.py:829} INFO - Processing file /home/petr/project/venv/lib/python3.10/site-packages/airflow/example_dags/example_external_task_marker_dag.py for tasks to queue
[2023-12-01T13:40:11.958+0300] {logging_mixin.py:154} INFO - [2023-12-01T13:40:11.957+0300] {dagbag.py:536} INFO - Filling up the DagBag from /home/petr/project/venv/lib/python3.10/site-packages/airflow/example_dags/example_external_task_marker_dag.py
[2023-12-01T13:40:11.974+0300] {processor.py:839} INFO - DAG(s) dict_keys(['example_external_task_marker_parent', 'example_external_task_marker_child']) retrieved from /home/petr/project/venv/lib/python3.10/site-packages/airflow/example_dags/example_external_task_marker_dag.py
[2023-12-01T13:40:12.191+0300] {logging_mixin.py:154} INFO - [2023-12-01T13:40:12.190+0300] {dag.py:2941} INFO - Sync 2 DAGs
[2023-12-01T13:40:12.268+0300] {logging_mixin.py:154} INFO - [2023-12-01T13:40:12.267+0300] {dag.py:3722} INFO - Setting next_dagrun for example_external_task_marker_child to None, run_after=None
[2023-12-01T13:40:12.283+0300] {logging_mixin.py:154} INFO - [2023-12-01T13:40:12.282+0300] {dag.py:3722} INFO - Setting next_dagrun for example_external_task_marker_parent to None, run_after=None
[2023-12-01T13:40:12.347+0300] {processor.py:179} INFO - Processing /home/petr/project/venv/lib/python3.10/site-packages/airflow/example_dags/example_external_task_marker_dag.py took 0.396 seconds
[2023-12-01T13:40:43.356+0300] {processor.py:157} INFO - Started process (PID=3921) to work on /home/petr/project/venv/lib/python3.10/site-packages/airflow/example_dags/example_external_task_marker_dag.py
[2023-12-01T13:40:43.359+0300] {processor.py:829} INFO - Processing file /home/petr/project/venv/lib/python3.10/site-packages/airflow/example_dags/example_external_task_marker_dag.py for tasks to queue
[2023-12-01T13:40:43.359+0300] {logging_mixin.py:154} INFO - [2023-12-01T13:40:43.359+0300] {dagbag.py:536} INFO - Filling up the DagBag from /home/petr/project/venv/lib/python3.10/site-packages/airflow/example_dags/example_external_task_marker_dag.py
[2023-12-01T13:40:43.366+0300] {processor.py:839} INFO - DAG(s) dict_keys(['example_external_task_marker_parent', 'example_external_task_marker_child']) retrieved from /home/petr/project/venv/lib/python3.10/site-packages/airflow/example_dags/example_external_task_marker_dag.py
[2023-12-01T13:40:43.426+0300] {logging_mixin.py:154} INFO - [2023-12-01T13:40:43.426+0300] {dag.py:2941} INFO - Sync 2 DAGs
[2023-12-01T13:40:43.443+0300] {logging_mixin.py:154} INFO - [2023-12-01T13:40:43.443+0300] {dag.py:3722} INFO - Setting next_dagrun for example_external_task_marker_child to None, run_after=None
[2023-12-01T13:40:43.455+0300] {logging_mixin.py:154} INFO - [2023-12-01T13:40:43.455+0300] {dag.py:3722} INFO - Setting next_dagrun for example_external_task_marker_parent to None, run_after=None
[2023-12-01T13:40:43.500+0300] {processor.py:179} INFO - Processing /home/petr/project/venv/lib/python3.10/site-packages/airflow/example_dags/example_external_task_marker_dag.py took 0.146 seconds
[2023-12-01T13:41:13.858+0300] {processor.py:157} INFO - Started process (PID=4020) to work on /home/petr/project/venv/lib/python3.10/site-packages/airflow/example_dags/example_external_task_marker_dag.py
[2023-12-01T13:41:13.886+0300] {processor.py:829} INFO - Processing file /home/petr/project/venv/lib/python3.10/site-packages/airflow/example_dags/example_external_task_marker_dag.py for tasks to queue
[2023-12-01T13:41:13.887+0300] {logging_mixin.py:154} INFO - [2023-12-01T13:41:13.887+0300] {dagbag.py:536} INFO - Filling up the DagBag from /home/petr/project/venv/lib/python3.10/site-packages/airflow/example_dags/example_external_task_marker_dag.py
[2023-12-01T13:41:13.937+0300] {processor.py:839} INFO - DAG(s) dict_keys(['example_external_task_marker_parent', 'example_external_task_marker_child']) retrieved from /home/petr/project/venv/lib/python3.10/site-packages/airflow/example_dags/example_external_task_marker_dag.py
[2023-12-01T13:41:14.109+0300] {logging_mixin.py:154} INFO - [2023-12-01T13:41:14.108+0300] {dag.py:2941} INFO - Sync 2 DAGs
[2023-12-01T13:41:14.166+0300] {logging_mixin.py:154} INFO - [2023-12-01T13:41:14.166+0300] {dag.py:3722} INFO - Setting next_dagrun for example_external_task_marker_child to None, run_after=None
[2023-12-01T13:41:14.176+0300] {logging_mixin.py:154} INFO - [2023-12-01T13:41:14.176+0300] {dag.py:3722} INFO - Setting next_dagrun for example_external_task_marker_parent to None, run_after=None
[2023-12-01T13:41:14.263+0300] {processor.py:179} INFO - Processing /home/petr/project/venv/lib/python3.10/site-packages/airflow/example_dags/example_external_task_marker_dag.py took 0.409 seconds
[2023-12-01T13:41:44.644+0300] {processor.py:157} INFO - Started process (PID=4124) to work on /home/petr/project/venv/lib/python3.10/site-packages/airflow/example_dags/example_external_task_marker_dag.py
[2023-12-01T13:41:44.645+0300] {processor.py:829} INFO - Processing file /home/petr/project/venv/lib/python3.10/site-packages/airflow/example_dags/example_external_task_marker_dag.py for tasks to queue
[2023-12-01T13:41:44.656+0300] {logging_mixin.py:154} INFO - [2023-12-01T13:41:44.656+0300] {dagbag.py:536} INFO - Filling up the DagBag from /home/petr/project/venv/lib/python3.10/site-packages/airflow/example_dags/example_external_task_marker_dag.py
[2023-12-01T13:41:44.673+0300] {processor.py:839} INFO - DAG(s) dict_keys(['example_external_task_marker_child', 'example_external_task_marker_parent']) retrieved from /home/petr/project/venv/lib/python3.10/site-packages/airflow/example_dags/example_external_task_marker_dag.py
[2023-12-01T13:41:44.738+0300] {logging_mixin.py:154} INFO - [2023-12-01T13:41:44.738+0300] {dag.py:2941} INFO - Sync 2 DAGs
[2023-12-01T13:41:44.760+0300] {logging_mixin.py:154} INFO - [2023-12-01T13:41:44.760+0300] {dag.py:3722} INFO - Setting next_dagrun for example_external_task_marker_child to None, run_after=None
[2023-12-01T13:41:44.762+0300] {logging_mixin.py:154} INFO - [2023-12-01T13:41:44.762+0300] {dag.py:3722} INFO - Setting next_dagrun for example_external_task_marker_parent to None, run_after=None
[2023-12-01T13:41:44.790+0300] {processor.py:179} INFO - Processing /home/petr/project/venv/lib/python3.10/site-packages/airflow/example_dags/example_external_task_marker_dag.py took 0.149 seconds
[2023-12-01T13:42:15.117+0300] {processor.py:157} INFO - Started process (PID=4231) to work on /home/petr/project/venv/lib/python3.10/site-packages/airflow/example_dags/example_external_task_marker_dag.py
[2023-12-01T13:42:15.140+0300] {processor.py:829} INFO - Processing file /home/petr/project/venv/lib/python3.10/site-packages/airflow/example_dags/example_external_task_marker_dag.py for tasks to queue
[2023-12-01T13:42:15.141+0300] {logging_mixin.py:154} INFO - [2023-12-01T13:42:15.141+0300] {dagbag.py:536} INFO - Filling up the DagBag from /home/petr/project/venv/lib/python3.10/site-packages/airflow/example_dags/example_external_task_marker_dag.py
[2023-12-01T13:42:15.157+0300] {processor.py:839} INFO - DAG(s) dict_keys(['example_external_task_marker_child', 'example_external_task_marker_parent']) retrieved from /home/petr/project/venv/lib/python3.10/site-packages/airflow/example_dags/example_external_task_marker_dag.py
[2023-12-01T13:42:15.268+0300] {logging_mixin.py:154} INFO - [2023-12-01T13:42:15.268+0300] {dag.py:2941} INFO - Sync 2 DAGs
[2023-12-01T13:42:15.285+0300] {logging_mixin.py:154} INFO - [2023-12-01T13:42:15.285+0300] {dag.py:3722} INFO - Setting next_dagrun for example_external_task_marker_child to None, run_after=None
[2023-12-01T13:42:15.296+0300] {logging_mixin.py:154} INFO - [2023-12-01T13:42:15.288+0300] {dag.py:3722} INFO - Setting next_dagrun for example_external_task_marker_parent to None, run_after=None
[2023-12-01T13:42:15.331+0300] {processor.py:179} INFO - Processing /home/petr/project/venv/lib/python3.10/site-packages/airflow/example_dags/example_external_task_marker_dag.py took 0.221 seconds
[2023-12-01T13:42:45.739+0300] {processor.py:157} INFO - Started process (PID=4335) to work on /home/petr/project/venv/lib/python3.10/site-packages/airflow/example_dags/example_external_task_marker_dag.py
[2023-12-01T13:42:45.756+0300] {processor.py:829} INFO - Processing file /home/petr/project/venv/lib/python3.10/site-packages/airflow/example_dags/example_external_task_marker_dag.py for tasks to queue
[2023-12-01T13:42:45.757+0300] {logging_mixin.py:154} INFO - [2023-12-01T13:42:45.756+0300] {dagbag.py:536} INFO - Filling up the DagBag from /home/petr/project/venv/lib/python3.10/site-packages/airflow/example_dags/example_external_task_marker_dag.py
[2023-12-01T13:42:45.761+0300] {processor.py:839} INFO - DAG(s) dict_keys(['example_external_task_marker_parent', 'example_external_task_marker_child']) retrieved from /home/petr/project/venv/lib/python3.10/site-packages/airflow/example_dags/example_external_task_marker_dag.py
[2023-12-01T13:42:45.814+0300] {logging_mixin.py:154} INFO - [2023-12-01T13:42:45.814+0300] {dag.py:2941} INFO - Sync 2 DAGs
[2023-12-01T13:42:45.835+0300] {logging_mixin.py:154} INFO - [2023-12-01T13:42:45.835+0300] {dag.py:3722} INFO - Setting next_dagrun for example_external_task_marker_child to None, run_after=None
[2023-12-01T13:42:45.838+0300] {logging_mixin.py:154} INFO - [2023-12-01T13:42:45.838+0300] {dag.py:3722} INFO - Setting next_dagrun for example_external_task_marker_parent to None, run_after=None
[2023-12-01T13:42:45.880+0300] {processor.py:179} INFO - Processing /home/petr/project/venv/lib/python3.10/site-packages/airflow/example_dags/example_external_task_marker_dag.py took 0.144 seconds
[2023-12-01T13:43:16.053+0300] {processor.py:157} INFO - Started process (PID=4435) to work on /home/petr/project/venv/lib/python3.10/site-packages/airflow/example_dags/example_external_task_marker_dag.py
[2023-12-01T13:43:16.071+0300] {processor.py:829} INFO - Processing file /home/petr/project/venv/lib/python3.10/site-packages/airflow/example_dags/example_external_task_marker_dag.py for tasks to queue
[2023-12-01T13:43:16.072+0300] {logging_mixin.py:154} INFO - [2023-12-01T13:43:16.071+0300] {dagbag.py:536} INFO - Filling up the DagBag from /home/petr/project/venv/lib/python3.10/site-packages/airflow/example_dags/example_external_task_marker_dag.py
[2023-12-01T13:43:16.086+0300] {processor.py:839} INFO - DAG(s) dict_keys(['example_external_task_marker_child', 'example_external_task_marker_parent']) retrieved from /home/petr/project/venv/lib/python3.10/site-packages/airflow/example_dags/example_external_task_marker_dag.py
[2023-12-01T13:43:16.246+0300] {logging_mixin.py:154} INFO - [2023-12-01T13:43:16.245+0300] {dag.py:2941} INFO - Sync 2 DAGs
[2023-12-01T13:43:16.292+0300] {logging_mixin.py:154} INFO - [2023-12-01T13:43:16.291+0300] {dag.py:3722} INFO - Setting next_dagrun for example_external_task_marker_child to None, run_after=None
[2023-12-01T13:43:16.315+0300] {logging_mixin.py:154} INFO - [2023-12-01T13:43:16.314+0300] {dag.py:3722} INFO - Setting next_dagrun for example_external_task_marker_parent to None, run_after=None
[2023-12-01T13:43:16.341+0300] {processor.py:179} INFO - Processing /home/petr/project/venv/lib/python3.10/site-packages/airflow/example_dags/example_external_task_marker_dag.py took 0.313 seconds
[2023-12-01T13:43:47.462+0300] {processor.py:157} INFO - Started process (PID=4535) to work on /home/petr/project/venv/lib/python3.10/site-packages/airflow/example_dags/example_external_task_marker_dag.py
[2023-12-01T13:43:47.471+0300] {processor.py:829} INFO - Processing file /home/petr/project/venv/lib/python3.10/site-packages/airflow/example_dags/example_external_task_marker_dag.py for tasks to queue
[2023-12-01T13:43:47.478+0300] {logging_mixin.py:154} INFO - [2023-12-01T13:43:47.472+0300] {dagbag.py:536} INFO - Filling up the DagBag from /home/petr/project/venv/lib/python3.10/site-packages/airflow/example_dags/example_external_task_marker_dag.py
[2023-12-01T13:43:47.489+0300] {processor.py:839} INFO - DAG(s) dict_keys(['example_external_task_marker_child', 'example_external_task_marker_parent']) retrieved from /home/petr/project/venv/lib/python3.10/site-packages/airflow/example_dags/example_external_task_marker_dag.py
[2023-12-01T13:43:47.583+0300] {logging_mixin.py:154} INFO - [2023-12-01T13:43:47.583+0300] {dag.py:2941} INFO - Sync 2 DAGs
[2023-12-01T13:43:47.612+0300] {logging_mixin.py:154} INFO - [2023-12-01T13:43:47.612+0300] {dag.py:3722} INFO - Setting next_dagrun for example_external_task_marker_child to None, run_after=None
[2023-12-01T13:43:47.628+0300] {logging_mixin.py:154} INFO - [2023-12-01T13:43:47.628+0300] {dag.py:3722} INFO - Setting next_dagrun for example_external_task_marker_parent to None, run_after=None
[2023-12-01T13:43:47.707+0300] {processor.py:179} INFO - Processing /home/petr/project/venv/lib/python3.10/site-packages/airflow/example_dags/example_external_task_marker_dag.py took 0.255 seconds
[2023-12-01T13:44:17.987+0300] {processor.py:157} INFO - Started process (PID=4635) to work on /home/petr/project/venv/lib/python3.10/site-packages/airflow/example_dags/example_external_task_marker_dag.py
[2023-12-01T13:44:17.996+0300] {processor.py:829} INFO - Processing file /home/petr/project/venv/lib/python3.10/site-packages/airflow/example_dags/example_external_task_marker_dag.py for tasks to queue
[2023-12-01T13:44:17.996+0300] {logging_mixin.py:154} INFO - [2023-12-01T13:44:17.996+0300] {dagbag.py:536} INFO - Filling up the DagBag from /home/petr/project/venv/lib/python3.10/site-packages/airflow/example_dags/example_external_task_marker_dag.py
[2023-12-01T13:44:18.002+0300] {processor.py:839} INFO - DAG(s) dict_keys(['example_external_task_marker_child', 'example_external_task_marker_parent']) retrieved from /home/petr/project/venv/lib/python3.10/site-packages/airflow/example_dags/example_external_task_marker_dag.py
[2023-12-01T13:44:18.056+0300] {logging_mixin.py:154} INFO - [2023-12-01T13:44:18.056+0300] {dag.py:2941} INFO - Sync 2 DAGs
[2023-12-01T13:44:18.074+0300] {logging_mixin.py:154} INFO - [2023-12-01T13:44:18.073+0300] {dag.py:3722} INFO - Setting next_dagrun for example_external_task_marker_child to None, run_after=None
[2023-12-01T13:44:18.084+0300] {logging_mixin.py:154} INFO - [2023-12-01T13:44:18.084+0300] {dag.py:3722} INFO - Setting next_dagrun for example_external_task_marker_parent to None, run_after=None
[2023-12-01T13:44:18.126+0300] {processor.py:179} INFO - Processing /home/petr/project/venv/lib/python3.10/site-packages/airflow/example_dags/example_external_task_marker_dag.py took 0.141 seconds
[2023-12-01T13:44:49.300+0300] {processor.py:157} INFO - Started process (PID=4736) to work on /home/petr/project/venv/lib/python3.10/site-packages/airflow/example_dags/example_external_task_marker_dag.py
[2023-12-01T13:44:49.310+0300] {processor.py:829} INFO - Processing file /home/petr/project/venv/lib/python3.10/site-packages/airflow/example_dags/example_external_task_marker_dag.py for tasks to queue
[2023-12-01T13:44:49.311+0300] {logging_mixin.py:154} INFO - [2023-12-01T13:44:49.311+0300] {dagbag.py:536} INFO - Filling up the DagBag from /home/petr/project/venv/lib/python3.10/site-packages/airflow/example_dags/example_external_task_marker_dag.py
[2023-12-01T13:44:49.339+0300] {processor.py:839} INFO - DAG(s) dict_keys(['example_external_task_marker_parent', 'example_external_task_marker_child']) retrieved from /home/petr/project/venv/lib/python3.10/site-packages/airflow/example_dags/example_external_task_marker_dag.py
[2023-12-01T13:44:49.466+0300] {logging_mixin.py:154} INFO - [2023-12-01T13:44:49.466+0300] {dag.py:2941} INFO - Sync 2 DAGs
[2023-12-01T13:44:49.502+0300] {logging_mixin.py:154} INFO - [2023-12-01T13:44:49.502+0300] {dag.py:3722} INFO - Setting next_dagrun for example_external_task_marker_child to None, run_after=None
[2023-12-01T13:44:49.513+0300] {logging_mixin.py:154} INFO - [2023-12-01T13:44:49.513+0300] {dag.py:3722} INFO - Setting next_dagrun for example_external_task_marker_parent to None, run_after=None
[2023-12-01T13:44:49.559+0300] {processor.py:179} INFO - Processing /home/petr/project/venv/lib/python3.10/site-packages/airflow/example_dags/example_external_task_marker_dag.py took 0.286 seconds
[2023-12-01T13:45:20.370+0300] {processor.py:157} INFO - Started process (PID=4859) to work on /home/petr/project/venv/lib/python3.10/site-packages/airflow/example_dags/example_external_task_marker_dag.py
[2023-12-01T13:45:20.384+0300] {processor.py:829} INFO - Processing file /home/petr/project/venv/lib/python3.10/site-packages/airflow/example_dags/example_external_task_marker_dag.py for tasks to queue
[2023-12-01T13:45:20.384+0300] {logging_mixin.py:154} INFO - [2023-12-01T13:45:20.384+0300] {dagbag.py:536} INFO - Filling up the DagBag from /home/petr/project/venv/lib/python3.10/site-packages/airflow/example_dags/example_external_task_marker_dag.py
[2023-12-01T13:45:20.389+0300] {processor.py:839} INFO - DAG(s) dict_keys(['example_external_task_marker_parent', 'example_external_task_marker_child']) retrieved from /home/petr/project/venv/lib/python3.10/site-packages/airflow/example_dags/example_external_task_marker_dag.py
[2023-12-01T13:45:20.457+0300] {logging_mixin.py:154} INFO - [2023-12-01T13:45:20.456+0300] {dag.py:2941} INFO - Sync 2 DAGs
[2023-12-01T13:45:20.472+0300] {logging_mixin.py:154} INFO - [2023-12-01T13:45:20.472+0300] {dag.py:3722} INFO - Setting next_dagrun for example_external_task_marker_child to None, run_after=None
[2023-12-01T13:45:20.484+0300] {logging_mixin.py:154} INFO - [2023-12-01T13:45:20.484+0300] {dag.py:3722} INFO - Setting next_dagrun for example_external_task_marker_parent to None, run_after=None
[2023-12-01T13:45:20.510+0300] {processor.py:179} INFO - Processing /home/petr/project/venv/lib/python3.10/site-packages/airflow/example_dags/example_external_task_marker_dag.py took 0.144 seconds
[2023-12-01T13:46:47.392+0300] {processor.py:157} INFO - Started process (PID=4974) to work on /home/petr/project/venv/lib/python3.10/site-packages/airflow/example_dags/example_external_task_marker_dag.py
[2023-12-01T13:46:47.406+0300] {processor.py:829} INFO - Processing file /home/petr/project/venv/lib/python3.10/site-packages/airflow/example_dags/example_external_task_marker_dag.py for tasks to queue
[2023-12-01T13:46:47.407+0300] {logging_mixin.py:154} INFO - [2023-12-01T13:46:47.407+0300] {dagbag.py:536} INFO - Filling up the DagBag from /home/petr/project/venv/lib/python3.10/site-packages/airflow/example_dags/example_external_task_marker_dag.py
[2023-12-01T13:46:47.427+0300] {processor.py:839} INFO - DAG(s) dict_keys(['example_external_task_marker_parent', 'example_external_task_marker_child']) retrieved from /home/petr/project/venv/lib/python3.10/site-packages/airflow/example_dags/example_external_task_marker_dag.py
[2023-12-01T13:46:47.489+0300] {logging_mixin.py:154} INFO - [2023-12-01T13:46:47.489+0300] {dag.py:2941} INFO - Sync 2 DAGs
[2023-12-01T13:46:47.511+0300] {logging_mixin.py:154} INFO - [2023-12-01T13:46:47.511+0300] {dag.py:3722} INFO - Setting next_dagrun for example_external_task_marker_child to None, run_after=None
[2023-12-01T13:46:47.520+0300] {logging_mixin.py:154} INFO - [2023-12-01T13:46:47.520+0300] {dag.py:3722} INFO - Setting next_dagrun for example_external_task_marker_parent to None, run_after=None
[2023-12-01T13:46:47.554+0300] {processor.py:179} INFO - Processing /home/petr/project/venv/lib/python3.10/site-packages/airflow/example_dags/example_external_task_marker_dag.py took 0.165 seconds
[2023-12-01T13:47:18.475+0300] {processor.py:157} INFO - Started process (PID=5077) to work on /home/petr/project/venv/lib/python3.10/site-packages/airflow/example_dags/example_external_task_marker_dag.py
[2023-12-01T13:47:18.476+0300] {processor.py:829} INFO - Processing file /home/petr/project/venv/lib/python3.10/site-packages/airflow/example_dags/example_external_task_marker_dag.py for tasks to queue
[2023-12-01T13:47:18.477+0300] {logging_mixin.py:154} INFO - [2023-12-01T13:47:18.477+0300] {dagbag.py:536} INFO - Filling up the DagBag from /home/petr/project/venv/lib/python3.10/site-packages/airflow/example_dags/example_external_task_marker_dag.py
[2023-12-01T13:47:18.482+0300] {processor.py:839} INFO - DAG(s) dict_keys(['example_external_task_marker_child', 'example_external_task_marker_parent']) retrieved from /home/petr/project/venv/lib/python3.10/site-packages/airflow/example_dags/example_external_task_marker_dag.py
[2023-12-01T13:47:18.541+0300] {logging_mixin.py:154} INFO - [2023-12-01T13:47:18.541+0300] {dag.py:2941} INFO - Sync 2 DAGs
[2023-12-01T13:47:18.563+0300] {logging_mixin.py:154} INFO - [2023-12-01T13:47:18.563+0300] {dag.py:3722} INFO - Setting next_dagrun for example_external_task_marker_child to None, run_after=None
[2023-12-01T13:47:18.578+0300] {logging_mixin.py:154} INFO - [2023-12-01T13:47:18.578+0300] {dag.py:3722} INFO - Setting next_dagrun for example_external_task_marker_parent to None, run_after=None
[2023-12-01T13:47:18.620+0300] {processor.py:179} INFO - Processing /home/petr/project/venv/lib/python3.10/site-packages/airflow/example_dags/example_external_task_marker_dag.py took 0.159 seconds
[2023-12-01T13:47:48.714+0300] {processor.py:157} INFO - Started process (PID=5203) to work on /home/petr/project/venv/lib/python3.10/site-packages/airflow/example_dags/example_external_task_marker_dag.py
[2023-12-01T13:47:48.715+0300] {processor.py:829} INFO - Processing file /home/petr/project/venv/lib/python3.10/site-packages/airflow/example_dags/example_external_task_marker_dag.py for tasks to queue
[2023-12-01T13:47:48.715+0300] {logging_mixin.py:154} INFO - [2023-12-01T13:47:48.715+0300] {dagbag.py:536} INFO - Filling up the DagBag from /home/petr/project/venv/lib/python3.10/site-packages/airflow/example_dags/example_external_task_marker_dag.py
[2023-12-01T13:47:48.720+0300] {processor.py:839} INFO - DAG(s) dict_keys(['example_external_task_marker_parent', 'example_external_task_marker_child']) retrieved from /home/petr/project/venv/lib/python3.10/site-packages/airflow/example_dags/example_external_task_marker_dag.py
[2023-12-01T13:47:48.747+0300] {logging_mixin.py:154} INFO - [2023-12-01T13:47:48.747+0300] {dag.py:2941} INFO - Sync 2 DAGs
[2023-12-01T13:47:48.759+0300] {logging_mixin.py:154} INFO - [2023-12-01T13:47:48.759+0300] {dag.py:3722} INFO - Setting next_dagrun for example_external_task_marker_child to None, run_after=None
[2023-12-01T13:47:48.763+0300] {logging_mixin.py:154} INFO - [2023-12-01T13:47:48.763+0300] {dag.py:3722} INFO - Setting next_dagrun for example_external_task_marker_parent to None, run_after=None
[2023-12-01T13:47:48.775+0300] {processor.py:179} INFO - Processing /home/petr/project/venv/lib/python3.10/site-packages/airflow/example_dags/example_external_task_marker_dag.py took 0.065 seconds
[2023-12-01T13:49:12.073+0300] {processor.py:157} INFO - Started process (PID=5351) to work on /home/petr/project/venv/lib/python3.10/site-packages/airflow/example_dags/example_external_task_marker_dag.py
[2023-12-01T13:49:12.090+0300] {processor.py:829} INFO - Processing file /home/petr/project/venv/lib/python3.10/site-packages/airflow/example_dags/example_external_task_marker_dag.py for tasks to queue
[2023-12-01T13:49:12.090+0300] {logging_mixin.py:154} INFO - [2023-12-01T13:49:12.090+0300] {dagbag.py:536} INFO - Filling up the DagBag from /home/petr/project/venv/lib/python3.10/site-packages/airflow/example_dags/example_external_task_marker_dag.py
[2023-12-01T13:49:12.096+0300] {processor.py:839} INFO - DAG(s) dict_keys(['example_external_task_marker_parent', 'example_external_task_marker_child']) retrieved from /home/petr/project/venv/lib/python3.10/site-packages/airflow/example_dags/example_external_task_marker_dag.py
[2023-12-01T13:49:12.145+0300] {logging_mixin.py:154} INFO - [2023-12-01T13:49:12.145+0300] {dag.py:2941} INFO - Sync 2 DAGs
[2023-12-01T13:49:12.166+0300] {logging_mixin.py:154} INFO - [2023-12-01T13:49:12.166+0300] {dag.py:3722} INFO - Setting next_dagrun for example_external_task_marker_child to None, run_after=None
[2023-12-01T13:49:12.168+0300] {logging_mixin.py:154} INFO - [2023-12-01T13:49:12.168+0300] {dag.py:3722} INFO - Setting next_dagrun for example_external_task_marker_parent to None, run_after=None
[2023-12-01T13:49:12.216+0300] {processor.py:179} INFO - Processing /home/petr/project/venv/lib/python3.10/site-packages/airflow/example_dags/example_external_task_marker_dag.py took 0.146 seconds
[2023-12-01T13:49:43.849+0300] {processor.py:157} INFO - Started process (PID=5452) to work on /home/petr/project/venv/lib/python3.10/site-packages/airflow/example_dags/example_external_task_marker_dag.py
[2023-12-01T13:49:43.874+0300] {processor.py:829} INFO - Processing file /home/petr/project/venv/lib/python3.10/site-packages/airflow/example_dags/example_external_task_marker_dag.py for tasks to queue
[2023-12-01T13:49:43.875+0300] {logging_mixin.py:154} INFO - [2023-12-01T13:49:43.875+0300] {dagbag.py:536} INFO - Filling up the DagBag from /home/petr/project/venv/lib/python3.10/site-packages/airflow/example_dags/example_external_task_marker_dag.py
[2023-12-01T13:49:43.901+0300] {processor.py:839} INFO - DAG(s) dict_keys(['example_external_task_marker_parent', 'example_external_task_marker_child']) retrieved from /home/petr/project/venv/lib/python3.10/site-packages/airflow/example_dags/example_external_task_marker_dag.py
[2023-12-01T13:49:43.970+0300] {logging_mixin.py:154} INFO - [2023-12-01T13:49:43.970+0300] {dag.py:2941} INFO - Sync 2 DAGs
[2023-12-01T13:49:43.990+0300] {logging_mixin.py:154} INFO - [2023-12-01T13:49:43.990+0300] {dag.py:3722} INFO - Setting next_dagrun for example_external_task_marker_child to None, run_after=None
[2023-12-01T13:49:43.996+0300] {logging_mixin.py:154} INFO - [2023-12-01T13:49:43.996+0300] {dag.py:3722} INFO - Setting next_dagrun for example_external_task_marker_parent to None, run_after=None
[2023-12-01T13:49:44.052+0300] {processor.py:179} INFO - Processing /home/petr/project/venv/lib/python3.10/site-packages/airflow/example_dags/example_external_task_marker_dag.py took 0.206 seconds
[2023-12-01T13:50:14.408+0300] {processor.py:157} INFO - Started process (PID=5559) to work on /home/petr/project/venv/lib/python3.10/site-packages/airflow/example_dags/example_external_task_marker_dag.py
[2023-12-01T13:50:14.410+0300] {processor.py:829} INFO - Processing file /home/petr/project/venv/lib/python3.10/site-packages/airflow/example_dags/example_external_task_marker_dag.py for tasks to queue
[2023-12-01T13:50:14.411+0300] {logging_mixin.py:154} INFO - [2023-12-01T13:50:14.410+0300] {dagbag.py:536} INFO - Filling up the DagBag from /home/petr/project/venv/lib/python3.10/site-packages/airflow/example_dags/example_external_task_marker_dag.py
[2023-12-01T13:50:14.415+0300] {processor.py:839} INFO - DAG(s) dict_keys(['example_external_task_marker_child', 'example_external_task_marker_parent']) retrieved from /home/petr/project/venv/lib/python3.10/site-packages/airflow/example_dags/example_external_task_marker_dag.py
[2023-12-01T13:50:14.472+0300] {logging_mixin.py:154} INFO - [2023-12-01T13:50:14.472+0300] {dag.py:2941} INFO - Sync 2 DAGs
[2023-12-01T13:50:14.494+0300] {logging_mixin.py:154} INFO - [2023-12-01T13:50:14.494+0300] {dag.py:3722} INFO - Setting next_dagrun for example_external_task_marker_child to None, run_after=None
[2023-12-01T13:50:14.502+0300] {logging_mixin.py:154} INFO - [2023-12-01T13:50:14.501+0300] {dag.py:3722} INFO - Setting next_dagrun for example_external_task_marker_parent to None, run_after=None
[2023-12-01T13:50:14.553+0300] {processor.py:179} INFO - Processing /home/petr/project/venv/lib/python3.10/site-packages/airflow/example_dags/example_external_task_marker_dag.py took 0.154 seconds
[2023-12-01T20:00:56.801+0300] {processor.py:157} INFO - Started process (PID=5939) to work on /home/petr/project/venv/lib/python3.10/site-packages/airflow/example_dags/example_external_task_marker_dag.py
[2023-12-01T20:00:56.804+0300] {processor.py:829} INFO - Processing file /home/petr/project/venv/lib/python3.10/site-packages/airflow/example_dags/example_external_task_marker_dag.py for tasks to queue
[2023-12-01T20:00:56.806+0300] {logging_mixin.py:154} INFO - [2023-12-01T20:00:56.805+0300] {dagbag.py:536} INFO - Filling up the DagBag from /home/petr/project/venv/lib/python3.10/site-packages/airflow/example_dags/example_external_task_marker_dag.py
[2023-12-01T20:00:56.875+0300] {processor.py:839} INFO - DAG(s) dict_keys(['example_external_task_marker_parent', 'example_external_task_marker_child']) retrieved from /home/petr/project/venv/lib/python3.10/site-packages/airflow/example_dags/example_external_task_marker_dag.py
[2023-12-01T20:00:57.115+0300] {logging_mixin.py:154} INFO - [2023-12-01T20:00:57.115+0300] {dag.py:2941} INFO - Sync 2 DAGs
[2023-12-01T20:00:57.183+0300] {logging_mixin.py:154} INFO - [2023-12-01T20:00:57.182+0300] {dag.py:3722} INFO - Setting next_dagrun for example_external_task_marker_child to None, run_after=None
[2023-12-01T20:00:57.213+0300] {logging_mixin.py:154} INFO - [2023-12-01T20:00:57.213+0300] {dag.py:3722} INFO - Setting next_dagrun for example_external_task_marker_parent to None, run_after=None
[2023-12-01T20:00:57.348+0300] {processor.py:179} INFO - Processing /home/petr/project/venv/lib/python3.10/site-packages/airflow/example_dags/example_external_task_marker_dag.py took 0.623 seconds
