[2023-12-01T13:38:11.941+0300] {processor.py:157} INFO - Started process (PID=3418) to work on /home/petr/project/venv/lib/python3.10/site-packages/airflow/example_dags/example_python_operator.py
[2023-12-01T13:38:11.941+0300] {processor.py:829} INFO - Processing file /home/petr/project/venv/lib/python3.10/site-packages/airflow/example_dags/example_python_operator.py for tasks to queue
[2023-12-01T13:38:11.942+0300] {logging_mixin.py:154} INFO - [2023-12-01T13:38:11.942+0300] {dagbag.py:536} INFO - Filling up the DagBag from /home/petr/project/venv/lib/python3.10/site-packages/airflow/example_dags/example_python_operator.py
[2023-12-01T13:38:11.975+0300] {logging_mixin.py:154} INFO - [2023-12-01T13:38:11.975+0300] {example_python_operator.py:86} WARNING - The virtalenv_python example task requires virtualenv, please install it.
[2023-12-01T13:38:11.997+0300] {processor.py:839} INFO - DAG(s) dict_keys(['example_python_operator']) retrieved from /home/petr/project/venv/lib/python3.10/site-packages/airflow/example_dags/example_python_operator.py
[2023-12-01T13:38:12.106+0300] {logging_mixin.py:154} INFO - [2023-12-01T13:38:12.106+0300] {dag.py:2941} INFO - Sync 1 DAGs
[2023-12-01T13:38:12.146+0300] {logging_mixin.py:154} INFO - [2023-12-01T13:38:12.145+0300] {dag.py:3722} INFO - Setting next_dagrun for example_python_operator to None, run_after=None
[2023-12-01T13:38:12.248+0300] {processor.py:179} INFO - Processing /home/petr/project/venv/lib/python3.10/site-packages/airflow/example_dags/example_python_operator.py took 0.311 seconds
[2023-12-01T13:38:43.112+0300] {processor.py:157} INFO - Started process (PID=3519) to work on /home/petr/project/venv/lib/python3.10/site-packages/airflow/example_dags/example_python_operator.py
[2023-12-01T13:38:43.114+0300] {processor.py:829} INFO - Processing file /home/petr/project/venv/lib/python3.10/site-packages/airflow/example_dags/example_python_operator.py for tasks to queue
[2023-12-01T13:38:43.115+0300] {logging_mixin.py:154} INFO - [2023-12-01T13:38:43.114+0300] {dagbag.py:536} INFO - Filling up the DagBag from /home/petr/project/venv/lib/python3.10/site-packages/airflow/example_dags/example_python_operator.py
[2023-12-01T13:38:43.139+0300] {logging_mixin.py:154} INFO - [2023-12-01T13:38:43.139+0300] {example_python_operator.py:86} WARNING - The virtalenv_python example task requires virtualenv, please install it.
[2023-12-01T13:38:43.140+0300] {processor.py:839} INFO - DAG(s) dict_keys(['example_python_operator']) retrieved from /home/petr/project/venv/lib/python3.10/site-packages/airflow/example_dags/example_python_operator.py
[2023-12-01T13:38:43.269+0300] {logging_mixin.py:154} INFO - [2023-12-01T13:38:43.269+0300] {dag.py:2941} INFO - Sync 1 DAGs
[2023-12-01T13:38:43.347+0300] {logging_mixin.py:154} INFO - [2023-12-01T13:38:43.346+0300] {dag.py:3722} INFO - Setting next_dagrun for example_python_operator to None, run_after=None
[2023-12-01T13:38:43.423+0300] {processor.py:179} INFO - Processing /home/petr/project/venv/lib/python3.10/site-packages/airflow/example_dags/example_python_operator.py took 0.326 seconds
[2023-12-01T13:39:13.991+0300] {processor.py:157} INFO - Started process (PID=3620) to work on /home/petr/project/venv/lib/python3.10/site-packages/airflow/example_dags/example_python_operator.py
[2023-12-01T13:39:14.002+0300] {processor.py:829} INFO - Processing file /home/petr/project/venv/lib/python3.10/site-packages/airflow/example_dags/example_python_operator.py for tasks to queue
[2023-12-01T13:39:14.003+0300] {logging_mixin.py:154} INFO - [2023-12-01T13:39:14.003+0300] {dagbag.py:536} INFO - Filling up the DagBag from /home/petr/project/venv/lib/python3.10/site-packages/airflow/example_dags/example_python_operator.py
[2023-12-01T13:39:14.044+0300] {logging_mixin.py:154} INFO - [2023-12-01T13:39:14.044+0300] {example_python_operator.py:86} WARNING - The virtalenv_python example task requires virtualenv, please install it.
[2023-12-01T13:39:14.047+0300] {processor.py:839} INFO - DAG(s) dict_keys(['example_python_operator']) retrieved from /home/petr/project/venv/lib/python3.10/site-packages/airflow/example_dags/example_python_operator.py
[2023-12-01T13:39:14.245+0300] {logging_mixin.py:154} INFO - [2023-12-01T13:39:14.245+0300] {dag.py:2941} INFO - Sync 1 DAGs
[2023-12-01T13:39:14.300+0300] {logging_mixin.py:154} INFO - [2023-12-01T13:39:14.299+0300] {dag.py:3722} INFO - Setting next_dagrun for example_python_operator to None, run_after=None
[2023-12-01T13:39:14.449+0300] {processor.py:179} INFO - Processing /home/petr/project/venv/lib/python3.10/site-packages/airflow/example_dags/example_python_operator.py took 0.461 seconds
[2023-12-01T13:39:44.817+0300] {processor.py:157} INFO - Started process (PID=3737) to work on /home/petr/project/venv/lib/python3.10/site-packages/airflow/example_dags/example_python_operator.py
[2023-12-01T13:39:44.829+0300] {processor.py:829} INFO - Processing file /home/petr/project/venv/lib/python3.10/site-packages/airflow/example_dags/example_python_operator.py for tasks to queue
[2023-12-01T13:39:44.830+0300] {logging_mixin.py:154} INFO - [2023-12-01T13:39:44.830+0300] {dagbag.py:536} INFO - Filling up the DagBag from /home/petr/project/venv/lib/python3.10/site-packages/airflow/example_dags/example_python_operator.py
[2023-12-01T13:39:44.839+0300] {logging_mixin.py:154} INFO - [2023-12-01T13:39:44.839+0300] {example_python_operator.py:86} WARNING - The virtalenv_python example task requires virtualenv, please install it.
[2023-12-01T13:39:44.840+0300] {processor.py:839} INFO - DAG(s) dict_keys(['example_python_operator']) retrieved from /home/petr/project/venv/lib/python3.10/site-packages/airflow/example_dags/example_python_operator.py
[2023-12-01T13:39:44.898+0300] {logging_mixin.py:154} INFO - [2023-12-01T13:39:44.898+0300] {dag.py:2941} INFO - Sync 1 DAGs
[2023-12-01T13:39:44.917+0300] {logging_mixin.py:154} INFO - [2023-12-01T13:39:44.917+0300] {dag.py:3722} INFO - Setting next_dagrun for example_python_operator to None, run_after=None
[2023-12-01T13:39:44.972+0300] {processor.py:179} INFO - Processing /home/petr/project/venv/lib/python3.10/site-packages/airflow/example_dags/example_python_operator.py took 0.157 seconds
[2023-12-01T13:40:18.242+0300] {processor.py:157} INFO - Started process (PID=3859) to work on /home/petr/project/venv/lib/python3.10/site-packages/airflow/example_dags/example_python_operator.py
[2023-12-01T13:40:18.257+0300] {processor.py:829} INFO - Processing file /home/petr/project/venv/lib/python3.10/site-packages/airflow/example_dags/example_python_operator.py for tasks to queue
[2023-12-01T13:40:18.257+0300] {logging_mixin.py:154} INFO - [2023-12-01T13:40:18.257+0300] {dagbag.py:536} INFO - Filling up the DagBag from /home/petr/project/venv/lib/python3.10/site-packages/airflow/example_dags/example_python_operator.py
[2023-12-01T13:40:18.304+0300] {logging_mixin.py:154} INFO - [2023-12-01T13:40:18.304+0300] {example_python_operator.py:86} WARNING - The virtalenv_python example task requires virtualenv, please install it.
[2023-12-01T13:40:18.326+0300] {processor.py:839} INFO - DAG(s) dict_keys(['example_python_operator']) retrieved from /home/petr/project/venv/lib/python3.10/site-packages/airflow/example_dags/example_python_operator.py
[2023-12-01T13:40:18.563+0300] {logging_mixin.py:154} INFO - [2023-12-01T13:40:18.563+0300] {dag.py:2941} INFO - Sync 1 DAGs
[2023-12-01T13:40:18.621+0300] {logging_mixin.py:154} INFO - [2023-12-01T13:40:18.621+0300] {dag.py:3722} INFO - Setting next_dagrun for example_python_operator to None, run_after=None
[2023-12-01T13:40:18.725+0300] {processor.py:179} INFO - Processing /home/petr/project/venv/lib/python3.10/site-packages/airflow/example_dags/example_python_operator.py took 0.507 seconds
[2023-12-01T13:40:49.399+0300] {processor.py:157} INFO - Started process (PID=3961) to work on /home/petr/project/venv/lib/python3.10/site-packages/airflow/example_dags/example_python_operator.py
[2023-12-01T13:40:49.419+0300] {processor.py:829} INFO - Processing file /home/petr/project/venv/lib/python3.10/site-packages/airflow/example_dags/example_python_operator.py for tasks to queue
[2023-12-01T13:40:49.420+0300] {logging_mixin.py:154} INFO - [2023-12-01T13:40:49.420+0300] {dagbag.py:536} INFO - Filling up the DagBag from /home/petr/project/venv/lib/python3.10/site-packages/airflow/example_dags/example_python_operator.py
[2023-12-01T13:40:49.460+0300] {logging_mixin.py:154} INFO - [2023-12-01T13:40:49.459+0300] {example_python_operator.py:86} WARNING - The virtalenv_python example task requires virtualenv, please install it.
[2023-12-01T13:40:49.460+0300] {processor.py:839} INFO - DAG(s) dict_keys(['example_python_operator']) retrieved from /home/petr/project/venv/lib/python3.10/site-packages/airflow/example_dags/example_python_operator.py
[2023-12-01T13:40:49.638+0300] {logging_mixin.py:154} INFO - [2023-12-01T13:40:49.638+0300] {dag.py:2941} INFO - Sync 1 DAGs
[2023-12-01T13:40:49.708+0300] {logging_mixin.py:154} INFO - [2023-12-01T13:40:49.708+0300] {dag.py:3722} INFO - Setting next_dagrun for example_python_operator to None, run_after=None
[2023-12-01T13:40:49.815+0300] {processor.py:179} INFO - Processing /home/petr/project/venv/lib/python3.10/site-packages/airflow/example_dags/example_python_operator.py took 0.424 seconds
[2023-12-01T13:41:20.689+0300] {processor.py:157} INFO - Started process (PID=4060) to work on /home/petr/project/venv/lib/python3.10/site-packages/airflow/example_dags/example_python_operator.py
[2023-12-01T13:41:20.717+0300] {processor.py:829} INFO - Processing file /home/petr/project/venv/lib/python3.10/site-packages/airflow/example_dags/example_python_operator.py for tasks to queue
[2023-12-01T13:41:20.719+0300] {logging_mixin.py:154} INFO - [2023-12-01T13:41:20.719+0300] {dagbag.py:536} INFO - Filling up the DagBag from /home/petr/project/venv/lib/python3.10/site-packages/airflow/example_dags/example_python_operator.py
[2023-12-01T13:41:20.742+0300] {logging_mixin.py:154} INFO - [2023-12-01T13:41:20.742+0300] {example_python_operator.py:86} WARNING - The virtalenv_python example task requires virtualenv, please install it.
[2023-12-01T13:41:20.742+0300] {processor.py:839} INFO - DAG(s) dict_keys(['example_python_operator']) retrieved from /home/petr/project/venv/lib/python3.10/site-packages/airflow/example_dags/example_python_operator.py
[2023-12-01T13:41:20.883+0300] {logging_mixin.py:154} INFO - [2023-12-01T13:41:20.883+0300] {dag.py:2941} INFO - Sync 1 DAGs
[2023-12-01T13:41:20.937+0300] {logging_mixin.py:154} INFO - [2023-12-01T13:41:20.936+0300] {dag.py:3722} INFO - Setting next_dagrun for example_python_operator to None, run_after=None
[2023-12-01T13:41:21.091+0300] {processor.py:179} INFO - Processing /home/petr/project/venv/lib/python3.10/site-packages/airflow/example_dags/example_python_operator.py took 0.407 seconds
[2023-12-01T13:41:51.598+0300] {processor.py:157} INFO - Started process (PID=4164) to work on /home/petr/project/venv/lib/python3.10/site-packages/airflow/example_dags/example_python_operator.py
[2023-12-01T13:41:51.599+0300] {processor.py:829} INFO - Processing file /home/petr/project/venv/lib/python3.10/site-packages/airflow/example_dags/example_python_operator.py for tasks to queue
[2023-12-01T13:41:51.600+0300] {logging_mixin.py:154} INFO - [2023-12-01T13:41:51.599+0300] {dagbag.py:536} INFO - Filling up the DagBag from /home/petr/project/venv/lib/python3.10/site-packages/airflow/example_dags/example_python_operator.py
[2023-12-01T13:41:51.618+0300] {logging_mixin.py:154} INFO - [2023-12-01T13:41:51.611+0300] {example_python_operator.py:86} WARNING - The virtalenv_python example task requires virtualenv, please install it.
[2023-12-01T13:41:51.619+0300] {processor.py:839} INFO - DAG(s) dict_keys(['example_python_operator']) retrieved from /home/petr/project/venv/lib/python3.10/site-packages/airflow/example_dags/example_python_operator.py
[2023-12-01T13:41:51.686+0300] {logging_mixin.py:154} INFO - [2023-12-01T13:41:51.685+0300] {dag.py:2941} INFO - Sync 1 DAGs
[2023-12-01T13:41:51.704+0300] {logging_mixin.py:154} INFO - [2023-12-01T13:41:51.704+0300] {dag.py:3722} INFO - Setting next_dagrun for example_python_operator to None, run_after=None
[2023-12-01T13:41:51.737+0300] {processor.py:179} INFO - Processing /home/petr/project/venv/lib/python3.10/site-packages/airflow/example_dags/example_python_operator.py took 0.142 seconds
[2023-12-01T13:42:22.027+0300] {processor.py:157} INFO - Started process (PID=4271) to work on /home/petr/project/venv/lib/python3.10/site-packages/airflow/example_dags/example_python_operator.py
[2023-12-01T13:42:22.034+0300] {processor.py:829} INFO - Processing file /home/petr/project/venv/lib/python3.10/site-packages/airflow/example_dags/example_python_operator.py for tasks to queue
[2023-12-01T13:42:22.035+0300] {logging_mixin.py:154} INFO - [2023-12-01T13:42:22.034+0300] {dagbag.py:536} INFO - Filling up the DagBag from /home/petr/project/venv/lib/python3.10/site-packages/airflow/example_dags/example_python_operator.py
[2023-12-01T13:42:22.042+0300] {logging_mixin.py:154} INFO - [2023-12-01T13:42:22.041+0300] {example_python_operator.py:86} WARNING - The virtalenv_python example task requires virtualenv, please install it.
[2023-12-01T13:42:22.042+0300] {processor.py:839} INFO - DAG(s) dict_keys(['example_python_operator']) retrieved from /home/petr/project/venv/lib/python3.10/site-packages/airflow/example_dags/example_python_operator.py
[2023-12-01T13:42:22.143+0300] {logging_mixin.py:154} INFO - [2023-12-01T13:42:22.142+0300] {dag.py:2941} INFO - Sync 1 DAGs
[2023-12-01T13:42:22.181+0300] {logging_mixin.py:154} INFO - [2023-12-01T13:42:22.181+0300] {dag.py:3722} INFO - Setting next_dagrun for example_python_operator to None, run_after=None
[2023-12-01T13:42:22.240+0300] {processor.py:179} INFO - Processing /home/petr/project/venv/lib/python3.10/site-packages/airflow/example_dags/example_python_operator.py took 0.216 seconds
[2023-12-01T13:42:52.954+0300] {processor.py:157} INFO - Started process (PID=4376) to work on /home/petr/project/venv/lib/python3.10/site-packages/airflow/example_dags/example_python_operator.py
[2023-12-01T13:42:52.956+0300] {processor.py:829} INFO - Processing file /home/petr/project/venv/lib/python3.10/site-packages/airflow/example_dags/example_python_operator.py for tasks to queue
[2023-12-01T13:42:52.956+0300] {logging_mixin.py:154} INFO - [2023-12-01T13:42:52.956+0300] {dagbag.py:536} INFO - Filling up the DagBag from /home/petr/project/venv/lib/python3.10/site-packages/airflow/example_dags/example_python_operator.py
[2023-12-01T13:42:52.979+0300] {logging_mixin.py:154} INFO - [2023-12-01T13:42:52.978+0300] {example_python_operator.py:86} WARNING - The virtalenv_python example task requires virtualenv, please install it.
[2023-12-01T13:42:52.979+0300] {processor.py:839} INFO - DAG(s) dict_keys(['example_python_operator']) retrieved from /home/petr/project/venv/lib/python3.10/site-packages/airflow/example_dags/example_python_operator.py
[2023-12-01T13:42:53.079+0300] {logging_mixin.py:154} INFO - [2023-12-01T13:42:53.079+0300] {dag.py:2941} INFO - Sync 1 DAGs
[2023-12-01T13:42:53.133+0300] {logging_mixin.py:154} INFO - [2023-12-01T13:42:53.132+0300] {dag.py:3722} INFO - Setting next_dagrun for example_python_operator to None, run_after=None
[2023-12-01T13:42:53.229+0300] {processor.py:179} INFO - Processing /home/petr/project/venv/lib/python3.10/site-packages/airflow/example_dags/example_python_operator.py took 0.277 seconds
[2023-12-01T13:43:24.199+0300] {processor.py:157} INFO - Started process (PID=4473) to work on /home/petr/project/venv/lib/python3.10/site-packages/airflow/example_dags/example_python_operator.py
[2023-12-01T13:43:24.219+0300] {processor.py:829} INFO - Processing file /home/petr/project/venv/lib/python3.10/site-packages/airflow/example_dags/example_python_operator.py for tasks to queue
[2023-12-01T13:43:24.219+0300] {logging_mixin.py:154} INFO - [2023-12-01T13:43:24.219+0300] {dagbag.py:536} INFO - Filling up the DagBag from /home/petr/project/venv/lib/python3.10/site-packages/airflow/example_dags/example_python_operator.py
[2023-12-01T13:43:24.225+0300] {logging_mixin.py:154} INFO - [2023-12-01T13:43:24.225+0300] {example_python_operator.py:86} WARNING - The virtalenv_python example task requires virtualenv, please install it.
[2023-12-01T13:43:24.226+0300] {processor.py:839} INFO - DAG(s) dict_keys(['example_python_operator']) retrieved from /home/petr/project/venv/lib/python3.10/site-packages/airflow/example_dags/example_python_operator.py
[2023-12-01T13:43:24.289+0300] {logging_mixin.py:154} INFO - [2023-12-01T13:43:24.289+0300] {dag.py:2941} INFO - Sync 1 DAGs
[2023-12-01T13:43:24.310+0300] {logging_mixin.py:154} INFO - [2023-12-01T13:43:24.309+0300] {dag.py:3722} INFO - Setting next_dagrun for example_python_operator to None, run_after=None
[2023-12-01T13:43:24.367+0300] {processor.py:179} INFO - Processing /home/petr/project/venv/lib/python3.10/site-packages/airflow/example_dags/example_python_operator.py took 0.171 seconds
[2023-12-01T13:43:55.222+0300] {processor.py:157} INFO - Started process (PID=4573) to work on /home/petr/project/venv/lib/python3.10/site-packages/airflow/example_dags/example_python_operator.py
[2023-12-01T13:43:55.230+0300] {processor.py:829} INFO - Processing file /home/petr/project/venv/lib/python3.10/site-packages/airflow/example_dags/example_python_operator.py for tasks to queue
[2023-12-01T13:43:55.230+0300] {logging_mixin.py:154} INFO - [2023-12-01T13:43:55.230+0300] {dagbag.py:536} INFO - Filling up the DagBag from /home/petr/project/venv/lib/python3.10/site-packages/airflow/example_dags/example_python_operator.py
[2023-12-01T13:43:55.237+0300] {logging_mixin.py:154} INFO - [2023-12-01T13:43:55.237+0300] {example_python_operator.py:86} WARNING - The virtalenv_python example task requires virtualenv, please install it.
[2023-12-01T13:43:55.238+0300] {processor.py:839} INFO - DAG(s) dict_keys(['example_python_operator']) retrieved from /home/petr/project/venv/lib/python3.10/site-packages/airflow/example_dags/example_python_operator.py
[2023-12-01T13:43:55.302+0300] {logging_mixin.py:154} INFO - [2023-12-01T13:43:55.302+0300] {dag.py:2941} INFO - Sync 1 DAGs
[2023-12-01T13:43:55.329+0300] {logging_mixin.py:154} INFO - [2023-12-01T13:43:55.329+0300] {dag.py:3722} INFO - Setting next_dagrun for example_python_operator to None, run_after=None
[2023-12-01T13:43:55.404+0300] {processor.py:179} INFO - Processing /home/petr/project/venv/lib/python3.10/site-packages/airflow/example_dags/example_python_operator.py took 0.186 seconds
[2023-12-01T13:44:25.492+0300] {processor.py:157} INFO - Started process (PID=4673) to work on /home/petr/project/venv/lib/python3.10/site-packages/airflow/example_dags/example_python_operator.py
[2023-12-01T13:44:25.499+0300] {processor.py:829} INFO - Processing file /home/petr/project/venv/lib/python3.10/site-packages/airflow/example_dags/example_python_operator.py for tasks to queue
[2023-12-01T13:44:25.500+0300] {logging_mixin.py:154} INFO - [2023-12-01T13:44:25.500+0300] {dagbag.py:536} INFO - Filling up the DagBag from /home/petr/project/venv/lib/python3.10/site-packages/airflow/example_dags/example_python_operator.py
[2023-12-01T13:44:25.506+0300] {logging_mixin.py:154} INFO - [2023-12-01T13:44:25.506+0300] {example_python_operator.py:86} WARNING - The virtalenv_python example task requires virtualenv, please install it.
[2023-12-01T13:44:25.507+0300] {processor.py:839} INFO - DAG(s) dict_keys(['example_python_operator']) retrieved from /home/petr/project/venv/lib/python3.10/site-packages/airflow/example_dags/example_python_operator.py
[2023-12-01T13:44:25.565+0300] {logging_mixin.py:154} INFO - [2023-12-01T13:44:25.564+0300] {dag.py:2941} INFO - Sync 1 DAGs
[2023-12-01T13:44:25.587+0300] {logging_mixin.py:154} INFO - [2023-12-01T13:44:25.587+0300] {dag.py:3722} INFO - Setting next_dagrun for example_python_operator to None, run_after=None
[2023-12-01T13:44:25.624+0300] {processor.py:179} INFO - Processing /home/petr/project/venv/lib/python3.10/site-packages/airflow/example_dags/example_python_operator.py took 0.134 seconds
[2023-12-01T13:44:56.197+0300] {processor.py:157} INFO - Started process (PID=4783) to work on /home/petr/project/venv/lib/python3.10/site-packages/airflow/example_dags/example_python_operator.py
[2023-12-01T13:44:56.208+0300] {processor.py:829} INFO - Processing file /home/petr/project/venv/lib/python3.10/site-packages/airflow/example_dags/example_python_operator.py for tasks to queue
[2023-12-01T13:44:56.209+0300] {logging_mixin.py:154} INFO - [2023-12-01T13:44:56.209+0300] {dagbag.py:536} INFO - Filling up the DagBag from /home/petr/project/venv/lib/python3.10/site-packages/airflow/example_dags/example_python_operator.py
[2023-12-01T13:44:56.215+0300] {logging_mixin.py:154} INFO - [2023-12-01T13:44:56.215+0300] {example_python_operator.py:86} WARNING - The virtalenv_python example task requires virtualenv, please install it.
[2023-12-01T13:44:56.215+0300] {processor.py:839} INFO - DAG(s) dict_keys(['example_python_operator']) retrieved from /home/petr/project/venv/lib/python3.10/site-packages/airflow/example_dags/example_python_operator.py
[2023-12-01T13:44:56.273+0300] {logging_mixin.py:154} INFO - [2023-12-01T13:44:56.273+0300] {dag.py:2941} INFO - Sync 1 DAGs
[2023-12-01T13:44:56.294+0300] {logging_mixin.py:154} INFO - [2023-12-01T13:44:56.294+0300] {dag.py:3722} INFO - Setting next_dagrun for example_python_operator to None, run_after=None
[2023-12-01T13:44:56.341+0300] {processor.py:179} INFO - Processing /home/petr/project/venv/lib/python3.10/site-packages/airflow/example_dags/example_python_operator.py took 0.148 seconds
[2023-12-01T13:45:27.230+0300] {processor.py:157} INFO - Started process (PID=4901) to work on /home/petr/project/venv/lib/python3.10/site-packages/airflow/example_dags/example_python_operator.py
[2023-12-01T13:45:27.243+0300] {processor.py:829} INFO - Processing file /home/petr/project/venv/lib/python3.10/site-packages/airflow/example_dags/example_python_operator.py for tasks to queue
[2023-12-01T13:45:27.243+0300] {logging_mixin.py:154} INFO - [2023-12-01T13:45:27.243+0300] {dagbag.py:536} INFO - Filling up the DagBag from /home/petr/project/venv/lib/python3.10/site-packages/airflow/example_dags/example_python_operator.py
[2023-12-01T13:45:27.250+0300] {logging_mixin.py:154} INFO - [2023-12-01T13:45:27.250+0300] {example_python_operator.py:86} WARNING - The virtalenv_python example task requires virtualenv, please install it.
[2023-12-01T13:45:27.250+0300] {processor.py:839} INFO - DAG(s) dict_keys(['example_python_operator']) retrieved from /home/petr/project/venv/lib/python3.10/site-packages/airflow/example_dags/example_python_operator.py
[2023-12-01T13:45:27.336+0300] {logging_mixin.py:154} INFO - [2023-12-01T13:45:27.335+0300] {dag.py:2941} INFO - Sync 1 DAGs
[2023-12-01T13:45:27.362+0300] {logging_mixin.py:154} INFO - [2023-12-01T13:45:27.362+0300] {dag.py:3722} INFO - Setting next_dagrun for example_python_operator to None, run_after=None
[2023-12-01T13:45:27.451+0300] {processor.py:179} INFO - Processing /home/petr/project/venv/lib/python3.10/site-packages/airflow/example_dags/example_python_operator.py took 0.227 seconds
[2023-12-01T13:46:49.746+0300] {processor.py:157} INFO - Started process (PID=5011) to work on /home/petr/project/venv/lib/python3.10/site-packages/airflow/example_dags/example_python_operator.py
[2023-12-01T13:46:49.747+0300] {processor.py:829} INFO - Processing file /home/petr/project/venv/lib/python3.10/site-packages/airflow/example_dags/example_python_operator.py for tasks to queue
[2023-12-01T13:46:49.748+0300] {logging_mixin.py:154} INFO - [2023-12-01T13:46:49.748+0300] {dagbag.py:536} INFO - Filling up the DagBag from /home/petr/project/venv/lib/python3.10/site-packages/airflow/example_dags/example_python_operator.py
[2023-12-01T13:46:49.755+0300] {logging_mixin.py:154} INFO - [2023-12-01T13:46:49.755+0300] {example_python_operator.py:86} WARNING - The virtalenv_python example task requires virtualenv, please install it.
[2023-12-01T13:46:49.756+0300] {processor.py:839} INFO - DAG(s) dict_keys(['example_python_operator']) retrieved from /home/petr/project/venv/lib/python3.10/site-packages/airflow/example_dags/example_python_operator.py
[2023-12-01T13:46:49.820+0300] {logging_mixin.py:154} INFO - [2023-12-01T13:46:49.819+0300] {dag.py:2941} INFO - Sync 1 DAGs
[2023-12-01T13:46:49.841+0300] {logging_mixin.py:154} INFO - [2023-12-01T13:46:49.841+0300] {dag.py:3722} INFO - Setting next_dagrun for example_python_operator to None, run_after=None
[2023-12-01T13:46:49.892+0300] {processor.py:179} INFO - Processing /home/petr/project/venv/lib/python3.10/site-packages/airflow/example_dags/example_python_operator.py took 0.167 seconds
[2023-12-01T13:47:20.431+0300] {processor.py:157} INFO - Started process (PID=5115) to work on /home/petr/project/venv/lib/python3.10/site-packages/airflow/example_dags/example_python_operator.py
[2023-12-01T13:47:20.438+0300] {processor.py:829} INFO - Processing file /home/petr/project/venv/lib/python3.10/site-packages/airflow/example_dags/example_python_operator.py for tasks to queue
[2023-12-01T13:47:20.439+0300] {logging_mixin.py:154} INFO - [2023-12-01T13:47:20.439+0300] {dagbag.py:536} INFO - Filling up the DagBag from /home/petr/project/venv/lib/python3.10/site-packages/airflow/example_dags/example_python_operator.py
[2023-12-01T13:47:20.445+0300] {logging_mixin.py:154} INFO - [2023-12-01T13:47:20.445+0300] {example_python_operator.py:86} WARNING - The virtalenv_python example task requires virtualenv, please install it.
[2023-12-01T13:47:20.445+0300] {processor.py:839} INFO - DAG(s) dict_keys(['example_python_operator']) retrieved from /home/petr/project/venv/lib/python3.10/site-packages/airflow/example_dags/example_python_operator.py
[2023-12-01T13:47:20.498+0300] {logging_mixin.py:154} INFO - [2023-12-01T13:47:20.497+0300] {dag.py:2941} INFO - Sync 1 DAGs
[2023-12-01T13:47:20.517+0300] {logging_mixin.py:154} INFO - [2023-12-01T13:47:20.517+0300] {dag.py:3722} INFO - Setting next_dagrun for example_python_operator to None, run_after=None
[2023-12-01T13:47:20.547+0300] {processor.py:179} INFO - Processing /home/petr/project/venv/lib/python3.10/site-packages/airflow/example_dags/example_python_operator.py took 0.118 seconds
[2023-12-01T13:49:14.058+0300] {processor.py:157} INFO - Started process (PID=5388) to work on /home/petr/project/venv/lib/python3.10/site-packages/airflow/example_dags/example_python_operator.py
[2023-12-01T13:49:14.061+0300] {processor.py:829} INFO - Processing file /home/petr/project/venv/lib/python3.10/site-packages/airflow/example_dags/example_python_operator.py for tasks to queue
[2023-12-01T13:49:14.062+0300] {logging_mixin.py:154} INFO - [2023-12-01T13:49:14.062+0300] {dagbag.py:536} INFO - Filling up the DagBag from /home/petr/project/venv/lib/python3.10/site-packages/airflow/example_dags/example_python_operator.py
[2023-12-01T13:49:14.080+0300] {logging_mixin.py:154} INFO - [2023-12-01T13:49:14.080+0300] {example_python_operator.py:86} WARNING - The virtalenv_python example task requires virtualenv, please install it.
[2023-12-01T13:49:14.080+0300] {processor.py:839} INFO - DAG(s) dict_keys(['example_python_operator']) retrieved from /home/petr/project/venv/lib/python3.10/site-packages/airflow/example_dags/example_python_operator.py
[2023-12-01T13:49:14.125+0300] {logging_mixin.py:154} INFO - [2023-12-01T13:49:14.125+0300] {dag.py:2941} INFO - Sync 1 DAGs
[2023-12-01T13:49:14.145+0300] {logging_mixin.py:154} INFO - [2023-12-01T13:49:14.145+0300] {dag.py:3722} INFO - Setting next_dagrun for example_python_operator to None, run_after=None
[2023-12-01T13:49:14.174+0300] {processor.py:179} INFO - Processing /home/petr/project/venv/lib/python3.10/site-packages/airflow/example_dags/example_python_operator.py took 0.130 seconds
[2023-12-01T13:49:46.802+0300] {processor.py:157} INFO - Started process (PID=5488) to work on /home/petr/project/venv/lib/python3.10/site-packages/airflow/example_dags/example_python_operator.py
[2023-12-01T13:49:46.802+0300] {processor.py:829} INFO - Processing file /home/petr/project/venv/lib/python3.10/site-packages/airflow/example_dags/example_python_operator.py for tasks to queue
[2023-12-01T13:49:46.803+0300] {logging_mixin.py:154} INFO - [2023-12-01T13:49:46.803+0300] {dagbag.py:536} INFO - Filling up the DagBag from /home/petr/project/venv/lib/python3.10/site-packages/airflow/example_dags/example_python_operator.py
[2023-12-01T13:49:46.824+0300] {logging_mixin.py:154} INFO - [2023-12-01T13:49:46.823+0300] {example_python_operator.py:86} WARNING - The virtalenv_python example task requires virtualenv, please install it.
[2023-12-01T13:49:46.824+0300] {processor.py:839} INFO - DAG(s) dict_keys(['example_python_operator']) retrieved from /home/petr/project/venv/lib/python3.10/site-packages/airflow/example_dags/example_python_operator.py
[2023-12-01T13:49:46.887+0300] {logging_mixin.py:154} INFO - [2023-12-01T13:49:46.887+0300] {dag.py:2941} INFO - Sync 1 DAGs
[2023-12-01T13:49:46.916+0300] {logging_mixin.py:154} INFO - [2023-12-01T13:49:46.916+0300] {dag.py:3722} INFO - Setting next_dagrun for example_python_operator to None, run_after=None
[2023-12-01T13:49:46.966+0300] {processor.py:179} INFO - Processing /home/petr/project/venv/lib/python3.10/site-packages/airflow/example_dags/example_python_operator.py took 0.168 seconds
[2023-12-01T13:50:18.430+0300] {processor.py:157} INFO - Started process (PID=5599) to work on /home/petr/project/venv/lib/python3.10/site-packages/airflow/example_dags/example_python_operator.py
[2023-12-01T13:50:18.439+0300] {processor.py:829} INFO - Processing file /home/petr/project/venv/lib/python3.10/site-packages/airflow/example_dags/example_python_operator.py for tasks to queue
[2023-12-01T13:50:18.440+0300] {logging_mixin.py:154} INFO - [2023-12-01T13:50:18.439+0300] {dagbag.py:536} INFO - Filling up the DagBag from /home/petr/project/venv/lib/python3.10/site-packages/airflow/example_dags/example_python_operator.py
[2023-12-01T13:50:18.466+0300] {logging_mixin.py:154} INFO - [2023-12-01T13:50:18.466+0300] {example_python_operator.py:86} WARNING - The virtalenv_python example task requires virtualenv, please install it.
[2023-12-01T13:50:18.467+0300] {processor.py:839} INFO - DAG(s) dict_keys(['example_python_operator']) retrieved from /home/petr/project/venv/lib/python3.10/site-packages/airflow/example_dags/example_python_operator.py
[2023-12-01T13:50:18.544+0300] {logging_mixin.py:154} INFO - [2023-12-01T13:50:18.544+0300] {dag.py:2941} INFO - Sync 1 DAGs
[2023-12-01T13:50:18.566+0300] {logging_mixin.py:154} INFO - [2023-12-01T13:50:18.565+0300] {dag.py:3722} INFO - Setting next_dagrun for example_python_operator to None, run_after=None
[2023-12-01T13:50:18.630+0300] {processor.py:179} INFO - Processing /home/petr/project/venv/lib/python3.10/site-packages/airflow/example_dags/example_python_operator.py took 0.204 seconds
[2023-12-01T20:01:05.355+0300] {processor.py:157} INFO - Started process (PID=5980) to work on /home/petr/project/venv/lib/python3.10/site-packages/airflow/example_dags/example_python_operator.py
[2023-12-01T20:01:05.362+0300] {processor.py:829} INFO - Processing file /home/petr/project/venv/lib/python3.10/site-packages/airflow/example_dags/example_python_operator.py for tasks to queue
[2023-12-01T20:01:05.364+0300] {logging_mixin.py:154} INFO - [2023-12-01T20:01:05.363+0300] {dagbag.py:536} INFO - Filling up the DagBag from /home/petr/project/venv/lib/python3.10/site-packages/airflow/example_dags/example_python_operator.py
[2023-12-01T20:01:05.391+0300] {logging_mixin.py:154} INFO - [2023-12-01T20:01:05.391+0300] {example_python_operator.py:86} WARNING - The virtalenv_python example task requires virtualenv, please install it.
[2023-12-01T20:01:05.403+0300] {processor.py:839} INFO - DAG(s) dict_keys(['example_python_operator']) retrieved from /home/petr/project/venv/lib/python3.10/site-packages/airflow/example_dags/example_python_operator.py
[2023-12-01T20:01:05.518+0300] {logging_mixin.py:154} INFO - [2023-12-01T20:01:05.517+0300] {dag.py:2941} INFO - Sync 1 DAGs
[2023-12-01T20:01:05.561+0300] {logging_mixin.py:154} INFO - [2023-12-01T20:01:05.561+0300] {dag.py:3722} INFO - Setting next_dagrun for example_python_operator to None, run_after=None
[2023-12-01T20:01:05.660+0300] {processor.py:179} INFO - Processing /home/petr/project/venv/lib/python3.10/site-packages/airflow/example_dags/example_python_operator.py took 0.324 seconds
