[2023-12-01T13:38:12.895+0300] {processor.py:157} INFO - Started process (PID=3429) to work on /home/petr/project/venv/lib/python3.10/site-packages/airflow/example_dags/example_branch_datetime_operator.py
[2023-12-01T13:38:12.895+0300] {processor.py:829} INFO - Processing file /home/petr/project/venv/lib/python3.10/site-packages/airflow/example_dags/example_branch_datetime_operator.py for tasks to queue
[2023-12-01T13:38:12.896+0300] {logging_mixin.py:154} INFO - [2023-12-01T13:38:12.896+0300] {dagbag.py:536} INFO - Filling up the DagBag from /home/petr/project/venv/lib/python3.10/site-packages/airflow/example_dags/example_branch_datetime_operator.py
[2023-12-01T13:38:12.913+0300] {processor.py:839} INFO - DAG(s) dict_keys(['example_branch_datetime_operator', 'example_branch_datetime_operator_2', 'example_branch_datetime_operator_3']) retrieved from /home/petr/project/venv/lib/python3.10/site-packages/airflow/example_dags/example_branch_datetime_operator.py
[2023-12-01T13:38:12.942+0300] {logging_mixin.py:154} INFO - [2023-12-01T13:38:12.942+0300] {dag.py:2941} INFO - Sync 3 DAGs
[2023-12-01T13:38:12.961+0300] {logging_mixin.py:154} INFO - [2023-12-01T13:38:12.960+0300] {dag.py:3722} INFO - Setting next_dagrun for example_branch_datetime_operator to 2023-11-30T00:00:00+00:00, run_after=2023-12-01T00:00:00+00:00
[2023-12-01T13:38:12.964+0300] {logging_mixin.py:154} INFO - [2023-12-01T13:38:12.964+0300] {dag.py:3722} INFO - Setting next_dagrun for example_branch_datetime_operator_2 to 2023-11-30T00:00:00+00:00, run_after=2023-12-01T00:00:00+00:00
[2023-12-01T13:38:12.966+0300] {logging_mixin.py:154} INFO - [2023-12-01T13:38:12.966+0300] {dag.py:3722} INFO - Setting next_dagrun for example_branch_datetime_operator_3 to 2023-11-30T00:00:00+00:00, run_after=2023-12-01T00:00:00+00:00
[2023-12-01T13:38:12.979+0300] {processor.py:179} INFO - Processing /home/petr/project/venv/lib/python3.10/site-packages/airflow/example_dags/example_branch_datetime_operator.py took 0.092 seconds
[2023-12-01T13:38:44.542+0300] {processor.py:157} INFO - Started process (PID=3530) to work on /home/petr/project/venv/lib/python3.10/site-packages/airflow/example_dags/example_branch_datetime_operator.py
[2023-12-01T13:38:44.567+0300] {processor.py:829} INFO - Processing file /home/petr/project/venv/lib/python3.10/site-packages/airflow/example_dags/example_branch_datetime_operator.py for tasks to queue
[2023-12-01T13:38:44.569+0300] {logging_mixin.py:154} INFO - [2023-12-01T13:38:44.568+0300] {dagbag.py:536} INFO - Filling up the DagBag from /home/petr/project/venv/lib/python3.10/site-packages/airflow/example_dags/example_branch_datetime_operator.py
[2023-12-01T13:38:44.603+0300] {processor.py:839} INFO - DAG(s) dict_keys(['example_branch_datetime_operator_2', 'example_branch_datetime_operator', 'example_branch_datetime_operator_3']) retrieved from /home/petr/project/venv/lib/python3.10/site-packages/airflow/example_dags/example_branch_datetime_operator.py
[2023-12-01T13:38:44.727+0300] {logging_mixin.py:154} INFO - [2023-12-01T13:38:44.727+0300] {dag.py:2941} INFO - Sync 3 DAGs
[2023-12-01T13:38:44.755+0300] {logging_mixin.py:154} INFO - [2023-12-01T13:38:44.755+0300] {dag.py:3722} INFO - Setting next_dagrun for example_branch_datetime_operator to 2023-11-30T00:00:00+00:00, run_after=2023-12-01T00:00:00+00:00
[2023-12-01T13:38:44.759+0300] {logging_mixin.py:154} INFO - [2023-12-01T13:38:44.759+0300] {dag.py:3722} INFO - Setting next_dagrun for example_branch_datetime_operator_2 to 2023-11-30T00:00:00+00:00, run_after=2023-12-01T00:00:00+00:00
[2023-12-01T13:38:44.761+0300] {logging_mixin.py:154} INFO - [2023-12-01T13:38:44.761+0300] {dag.py:3722} INFO - Setting next_dagrun for example_branch_datetime_operator_3 to 2023-11-30T00:00:00+00:00, run_after=2023-12-01T00:00:00+00:00
[2023-12-01T13:38:44.780+0300] {processor.py:179} INFO - Processing /home/petr/project/venv/lib/python3.10/site-packages/airflow/example_dags/example_branch_datetime_operator.py took 0.261 seconds
[2023-12-01T13:39:15.717+0300] {processor.py:157} INFO - Started process (PID=3631) to work on /home/petr/project/venv/lib/python3.10/site-packages/airflow/example_dags/example_branch_datetime_operator.py
[2023-12-01T13:39:15.717+0300] {processor.py:829} INFO - Processing file /home/petr/project/venv/lib/python3.10/site-packages/airflow/example_dags/example_branch_datetime_operator.py for tasks to queue
[2023-12-01T13:39:15.718+0300] {logging_mixin.py:154} INFO - [2023-12-01T13:39:15.718+0300] {dagbag.py:536} INFO - Filling up the DagBag from /home/petr/project/venv/lib/python3.10/site-packages/airflow/example_dags/example_branch_datetime_operator.py
[2023-12-01T13:39:15.734+0300] {processor.py:839} INFO - DAG(s) dict_keys(['example_branch_datetime_operator_2', 'example_branch_datetime_operator_3', 'example_branch_datetime_operator']) retrieved from /home/petr/project/venv/lib/python3.10/site-packages/airflow/example_dags/example_branch_datetime_operator.py
[2023-12-01T13:39:15.779+0300] {logging_mixin.py:154} INFO - [2023-12-01T13:39:15.779+0300] {dag.py:2941} INFO - Sync 3 DAGs
[2023-12-01T13:39:15.797+0300] {logging_mixin.py:154} INFO - [2023-12-01T13:39:15.797+0300] {dag.py:3722} INFO - Setting next_dagrun for example_branch_datetime_operator to 2023-11-30T00:00:00+00:00, run_after=2023-12-01T00:00:00+00:00
[2023-12-01T13:39:15.801+0300] {logging_mixin.py:154} INFO - [2023-12-01T13:39:15.801+0300] {dag.py:3722} INFO - Setting next_dagrun for example_branch_datetime_operator_2 to 2023-11-30T00:00:00+00:00, run_after=2023-12-01T00:00:00+00:00
[2023-12-01T13:39:15.805+0300] {logging_mixin.py:154} INFO - [2023-12-01T13:39:15.805+0300] {dag.py:3722} INFO - Setting next_dagrun for example_branch_datetime_operator_3 to 2023-11-30T00:00:00+00:00, run_after=2023-12-01T00:00:00+00:00
[2023-12-01T13:39:15.840+0300] {processor.py:179} INFO - Processing /home/petr/project/venv/lib/python3.10/site-packages/airflow/example_dags/example_branch_datetime_operator.py took 0.126 seconds
[2023-12-01T13:39:46.510+0300] {processor.py:157} INFO - Started process (PID=3747) to work on /home/petr/project/venv/lib/python3.10/site-packages/airflow/example_dags/example_branch_datetime_operator.py
[2023-12-01T13:39:46.512+0300] {processor.py:829} INFO - Processing file /home/petr/project/venv/lib/python3.10/site-packages/airflow/example_dags/example_branch_datetime_operator.py for tasks to queue
[2023-12-01T13:39:46.512+0300] {logging_mixin.py:154} INFO - [2023-12-01T13:39:46.512+0300] {dagbag.py:536} INFO - Filling up the DagBag from /home/petr/project/venv/lib/python3.10/site-packages/airflow/example_dags/example_branch_datetime_operator.py
[2023-12-01T13:39:46.540+0300] {processor.py:839} INFO - DAG(s) dict_keys(['example_branch_datetime_operator_2', 'example_branch_datetime_operator_3', 'example_branch_datetime_operator']) retrieved from /home/petr/project/venv/lib/python3.10/site-packages/airflow/example_dags/example_branch_datetime_operator.py
[2023-12-01T13:39:46.598+0300] {logging_mixin.py:154} INFO - [2023-12-01T13:39:46.598+0300] {dag.py:2941} INFO - Sync 3 DAGs
[2023-12-01T13:39:46.646+0300] {logging_mixin.py:154} INFO - [2023-12-01T13:39:46.646+0300] {dag.py:3722} INFO - Setting next_dagrun for example_branch_datetime_operator to 2023-11-30T00:00:00+00:00, run_after=2023-12-01T00:00:00+00:00
[2023-12-01T13:39:46.657+0300] {logging_mixin.py:154} INFO - [2023-12-01T13:39:46.657+0300] {dag.py:3722} INFO - Setting next_dagrun for example_branch_datetime_operator_2 to 2023-11-30T00:00:00+00:00, run_after=2023-12-01T00:00:00+00:00
[2023-12-01T13:39:46.661+0300] {logging_mixin.py:154} INFO - [2023-12-01T13:39:46.661+0300] {dag.py:3722} INFO - Setting next_dagrun for example_branch_datetime_operator_3 to 2023-11-30T00:00:00+00:00, run_after=2023-12-01T00:00:00+00:00
[2023-12-01T13:39:46.694+0300] {processor.py:179} INFO - Processing /home/petr/project/venv/lib/python3.10/site-packages/airflow/example_dags/example_branch_datetime_operator.py took 0.187 seconds
[2023-12-01T13:40:19.474+0300] {processor.py:157} INFO - Started process (PID=3869) to work on /home/petr/project/venv/lib/python3.10/site-packages/airflow/example_dags/example_branch_datetime_operator.py
[2023-12-01T13:40:19.475+0300] {processor.py:829} INFO - Processing file /home/petr/project/venv/lib/python3.10/site-packages/airflow/example_dags/example_branch_datetime_operator.py for tasks to queue
[2023-12-01T13:40:19.480+0300] {logging_mixin.py:154} INFO - [2023-12-01T13:40:19.475+0300] {dagbag.py:536} INFO - Filling up the DagBag from /home/petr/project/venv/lib/python3.10/site-packages/airflow/example_dags/example_branch_datetime_operator.py
[2023-12-01T13:40:19.507+0300] {processor.py:839} INFO - DAG(s) dict_keys(['example_branch_datetime_operator_2', 'example_branch_datetime_operator', 'example_branch_datetime_operator_3']) retrieved from /home/petr/project/venv/lib/python3.10/site-packages/airflow/example_dags/example_branch_datetime_operator.py
[2023-12-01T13:40:19.642+0300] {logging_mixin.py:154} INFO - [2023-12-01T13:40:19.642+0300] {dag.py:2941} INFO - Sync 3 DAGs
[2023-12-01T13:40:19.688+0300] {logging_mixin.py:154} INFO - [2023-12-01T13:40:19.688+0300] {dag.py:3722} INFO - Setting next_dagrun for example_branch_datetime_operator to 2023-11-30T00:00:00+00:00, run_after=2023-12-01T00:00:00+00:00
[2023-12-01T13:40:19.699+0300] {logging_mixin.py:154} INFO - [2023-12-01T13:40:19.698+0300] {dag.py:3722} INFO - Setting next_dagrun for example_branch_datetime_operator_2 to 2023-11-30T00:00:00+00:00, run_after=2023-12-01T00:00:00+00:00
[2023-12-01T13:40:19.701+0300] {logging_mixin.py:154} INFO - [2023-12-01T13:40:19.701+0300] {dag.py:3722} INFO - Setting next_dagrun for example_branch_datetime_operator_3 to 2023-11-30T00:00:00+00:00, run_after=2023-12-01T00:00:00+00:00
[2023-12-01T13:40:19.733+0300] {processor.py:179} INFO - Processing /home/petr/project/venv/lib/python3.10/site-packages/airflow/example_dags/example_branch_datetime_operator.py took 0.270 seconds
[2023-12-01T13:40:50.375+0300] {processor.py:157} INFO - Started process (PID=3972) to work on /home/petr/project/venv/lib/python3.10/site-packages/airflow/example_dags/example_branch_datetime_operator.py
[2023-12-01T13:40:50.385+0300] {processor.py:829} INFO - Processing file /home/petr/project/venv/lib/python3.10/site-packages/airflow/example_dags/example_branch_datetime_operator.py for tasks to queue
[2023-12-01T13:40:50.386+0300] {logging_mixin.py:154} INFO - [2023-12-01T13:40:50.385+0300] {dagbag.py:536} INFO - Filling up the DagBag from /home/petr/project/venv/lib/python3.10/site-packages/airflow/example_dags/example_branch_datetime_operator.py
[2023-12-01T13:40:50.400+0300] {processor.py:839} INFO - DAG(s) dict_keys(['example_branch_datetime_operator_2', 'example_branch_datetime_operator_3', 'example_branch_datetime_operator']) retrieved from /home/petr/project/venv/lib/python3.10/site-packages/airflow/example_dags/example_branch_datetime_operator.py
[2023-12-01T13:40:50.455+0300] {logging_mixin.py:154} INFO - [2023-12-01T13:40:50.455+0300] {dag.py:2941} INFO - Sync 3 DAGs
[2023-12-01T13:40:50.478+0300] {logging_mixin.py:154} INFO - [2023-12-01T13:40:50.478+0300] {dag.py:3722} INFO - Setting next_dagrun for example_branch_datetime_operator to 2023-11-30T00:00:00+00:00, run_after=2023-12-01T00:00:00+00:00
[2023-12-01T13:40:50.483+0300] {logging_mixin.py:154} INFO - [2023-12-01T13:40:50.483+0300] {dag.py:3722} INFO - Setting next_dagrun for example_branch_datetime_operator_2 to 2023-11-30T00:00:00+00:00, run_after=2023-12-01T00:00:00+00:00
[2023-12-01T13:40:50.496+0300] {logging_mixin.py:154} INFO - [2023-12-01T13:40:50.495+0300] {dag.py:3722} INFO - Setting next_dagrun for example_branch_datetime_operator_3 to 2023-11-30T00:00:00+00:00, run_after=2023-12-01T00:00:00+00:00
[2023-12-01T13:40:50.517+0300] {processor.py:179} INFO - Processing /home/petr/project/venv/lib/python3.10/site-packages/airflow/example_dags/example_branch_datetime_operator.py took 0.145 seconds
[2023-12-01T13:41:22.188+0300] {processor.py:157} INFO - Started process (PID=4073) to work on /home/petr/project/venv/lib/python3.10/site-packages/airflow/example_dags/example_branch_datetime_operator.py
[2023-12-01T13:41:22.214+0300] {processor.py:829} INFO - Processing file /home/petr/project/venv/lib/python3.10/site-packages/airflow/example_dags/example_branch_datetime_operator.py for tasks to queue
[2023-12-01T13:41:22.215+0300] {logging_mixin.py:154} INFO - [2023-12-01T13:41:22.214+0300] {dagbag.py:536} INFO - Filling up the DagBag from /home/petr/project/venv/lib/python3.10/site-packages/airflow/example_dags/example_branch_datetime_operator.py
[2023-12-01T13:41:22.244+0300] {processor.py:839} INFO - DAG(s) dict_keys(['example_branch_datetime_operator_3', 'example_branch_datetime_operator_2', 'example_branch_datetime_operator']) retrieved from /home/petr/project/venv/lib/python3.10/site-packages/airflow/example_dags/example_branch_datetime_operator.py
[2023-12-01T13:41:22.344+0300] {logging_mixin.py:154} INFO - [2023-12-01T13:41:22.344+0300] {dag.py:2941} INFO - Sync 3 DAGs
[2023-12-01T13:41:22.390+0300] {logging_mixin.py:154} INFO - [2023-12-01T13:41:22.390+0300] {dag.py:3722} INFO - Setting next_dagrun for example_branch_datetime_operator to 2023-11-30T00:00:00+00:00, run_after=2023-12-01T00:00:00+00:00
[2023-12-01T13:41:22.394+0300] {logging_mixin.py:154} INFO - [2023-12-01T13:41:22.394+0300] {dag.py:3722} INFO - Setting next_dagrun for example_branch_datetime_operator_2 to 2023-11-30T00:00:00+00:00, run_after=2023-12-01T00:00:00+00:00
[2023-12-01T13:41:22.398+0300] {logging_mixin.py:154} INFO - [2023-12-01T13:41:22.398+0300] {dag.py:3722} INFO - Setting next_dagrun for example_branch_datetime_operator_3 to 2023-11-30T00:00:00+00:00, run_after=2023-12-01T00:00:00+00:00
[2023-12-01T13:41:22.448+0300] {processor.py:179} INFO - Processing /home/petr/project/venv/lib/python3.10/site-packages/airflow/example_dags/example_branch_datetime_operator.py took 0.263 seconds
[2023-12-01T13:41:53.091+0300] {processor.py:157} INFO - Started process (PID=4175) to work on /home/petr/project/venv/lib/python3.10/site-packages/airflow/example_dags/example_branch_datetime_operator.py
[2023-12-01T13:41:53.097+0300] {processor.py:829} INFO - Processing file /home/petr/project/venv/lib/python3.10/site-packages/airflow/example_dags/example_branch_datetime_operator.py for tasks to queue
[2023-12-01T13:41:53.097+0300] {logging_mixin.py:154} INFO - [2023-12-01T13:41:53.097+0300] {dagbag.py:536} INFO - Filling up the DagBag from /home/petr/project/venv/lib/python3.10/site-packages/airflow/example_dags/example_branch_datetime_operator.py
[2023-12-01T13:41:53.105+0300] {processor.py:839} INFO - DAG(s) dict_keys(['example_branch_datetime_operator_2', 'example_branch_datetime_operator', 'example_branch_datetime_operator_3']) retrieved from /home/petr/project/venv/lib/python3.10/site-packages/airflow/example_dags/example_branch_datetime_operator.py
[2023-12-01T13:41:53.132+0300] {logging_mixin.py:154} INFO - [2023-12-01T13:41:53.131+0300] {dag.py:2941} INFO - Sync 3 DAGs
[2023-12-01T13:41:53.149+0300] {logging_mixin.py:154} INFO - [2023-12-01T13:41:53.149+0300] {dag.py:3722} INFO - Setting next_dagrun for example_branch_datetime_operator to 2023-11-30T00:00:00+00:00, run_after=2023-12-01T00:00:00+00:00
[2023-12-01T13:41:53.152+0300] {logging_mixin.py:154} INFO - [2023-12-01T13:41:53.152+0300] {dag.py:3722} INFO - Setting next_dagrun for example_branch_datetime_operator_2 to 2023-11-30T00:00:00+00:00, run_after=2023-12-01T00:00:00+00:00
[2023-12-01T13:41:53.154+0300] {logging_mixin.py:154} INFO - [2023-12-01T13:41:53.154+0300] {dag.py:3722} INFO - Setting next_dagrun for example_branch_datetime_operator_3 to 2023-11-30T00:00:00+00:00, run_after=2023-12-01T00:00:00+00:00
[2023-12-01T13:41:53.170+0300] {processor.py:179} INFO - Processing /home/petr/project/venv/lib/python3.10/site-packages/airflow/example_dags/example_branch_datetime_operator.py took 0.082 seconds
[2023-12-01T13:42:23.764+0300] {processor.py:157} INFO - Started process (PID=4286) to work on /home/petr/project/venv/lib/python3.10/site-packages/airflow/example_dags/example_branch_datetime_operator.py
[2023-12-01T13:42:23.774+0300] {processor.py:829} INFO - Processing file /home/petr/project/venv/lib/python3.10/site-packages/airflow/example_dags/example_branch_datetime_operator.py for tasks to queue
[2023-12-01T13:42:23.775+0300] {logging_mixin.py:154} INFO - [2023-12-01T13:42:23.774+0300] {dagbag.py:536} INFO - Filling up the DagBag from /home/petr/project/venv/lib/python3.10/site-packages/airflow/example_dags/example_branch_datetime_operator.py
[2023-12-01T13:42:23.783+0300] {processor.py:839} INFO - DAG(s) dict_keys(['example_branch_datetime_operator_3', 'example_branch_datetime_operator', 'example_branch_datetime_operator_2']) retrieved from /home/petr/project/venv/lib/python3.10/site-packages/airflow/example_dags/example_branch_datetime_operator.py
[2023-12-01T13:42:23.813+0300] {logging_mixin.py:154} INFO - [2023-12-01T13:42:23.813+0300] {dag.py:2941} INFO - Sync 3 DAGs
[2023-12-01T13:42:23.829+0300] {logging_mixin.py:154} INFO - [2023-12-01T13:42:23.829+0300] {dag.py:3722} INFO - Setting next_dagrun for example_branch_datetime_operator to 2023-11-30T00:00:00+00:00, run_after=2023-12-01T00:00:00+00:00
[2023-12-01T13:42:23.832+0300] {logging_mixin.py:154} INFO - [2023-12-01T13:42:23.832+0300] {dag.py:3722} INFO - Setting next_dagrun for example_branch_datetime_operator_2 to 2023-11-30T00:00:00+00:00, run_after=2023-12-01T00:00:00+00:00
[2023-12-01T13:42:23.834+0300] {logging_mixin.py:154} INFO - [2023-12-01T13:42:23.833+0300] {dag.py:3722} INFO - Setting next_dagrun for example_branch_datetime_operator_3 to 2023-11-30T00:00:00+00:00, run_after=2023-12-01T00:00:00+00:00
[2023-12-01T13:42:23.848+0300] {processor.py:179} INFO - Processing /home/petr/project/venv/lib/python3.10/site-packages/airflow/example_dags/example_branch_datetime_operator.py took 0.088 seconds
[2023-12-01T13:42:54.878+0300] {processor.py:157} INFO - Started process (PID=4387) to work on /home/petr/project/venv/lib/python3.10/site-packages/airflow/example_dags/example_branch_datetime_operator.py
[2023-12-01T13:42:54.891+0300] {processor.py:829} INFO - Processing file /home/petr/project/venv/lib/python3.10/site-packages/airflow/example_dags/example_branch_datetime_operator.py for tasks to queue
[2023-12-01T13:42:54.893+0300] {logging_mixin.py:154} INFO - [2023-12-01T13:42:54.892+0300] {dagbag.py:536} INFO - Filling up the DagBag from /home/petr/project/venv/lib/python3.10/site-packages/airflow/example_dags/example_branch_datetime_operator.py
[2023-12-01T13:42:54.916+0300] {processor.py:839} INFO - DAG(s) dict_keys(['example_branch_datetime_operator_3', 'example_branch_datetime_operator', 'example_branch_datetime_operator_2']) retrieved from /home/petr/project/venv/lib/python3.10/site-packages/airflow/example_dags/example_branch_datetime_operator.py
[2023-12-01T13:42:54.968+0300] {logging_mixin.py:154} INFO - [2023-12-01T13:42:54.967+0300] {dag.py:2941} INFO - Sync 3 DAGs
[2023-12-01T13:42:54.990+0300] {logging_mixin.py:154} INFO - [2023-12-01T13:42:54.990+0300] {dag.py:3722} INFO - Setting next_dagrun for example_branch_datetime_operator to 2023-11-30T00:00:00+00:00, run_after=2023-12-01T00:00:00+00:00
[2023-12-01T13:42:54.996+0300] {logging_mixin.py:154} INFO - [2023-12-01T13:42:54.995+0300] {dag.py:3722} INFO - Setting next_dagrun for example_branch_datetime_operator_2 to 2023-11-30T00:00:00+00:00, run_after=2023-12-01T00:00:00+00:00
[2023-12-01T13:42:54.998+0300] {logging_mixin.py:154} INFO - [2023-12-01T13:42:54.998+0300] {dag.py:3722} INFO - Setting next_dagrun for example_branch_datetime_operator_3 to 2023-11-30T00:00:00+00:00, run_after=2023-12-01T00:00:00+00:00
[2023-12-01T13:42:55.018+0300] {processor.py:179} INFO - Processing /home/petr/project/venv/lib/python3.10/site-packages/airflow/example_dags/example_branch_datetime_operator.py took 0.145 seconds
[2023-12-01T13:43:25.866+0300] {processor.py:157} INFO - Started process (PID=4485) to work on /home/petr/project/venv/lib/python3.10/site-packages/airflow/example_dags/example_branch_datetime_operator.py
[2023-12-01T13:43:25.878+0300] {processor.py:829} INFO - Processing file /home/petr/project/venv/lib/python3.10/site-packages/airflow/example_dags/example_branch_datetime_operator.py for tasks to queue
[2023-12-01T13:43:25.878+0300] {logging_mixin.py:154} INFO - [2023-12-01T13:43:25.878+0300] {dagbag.py:536} INFO - Filling up the DagBag from /home/petr/project/venv/lib/python3.10/site-packages/airflow/example_dags/example_branch_datetime_operator.py
[2023-12-01T13:43:25.886+0300] {processor.py:839} INFO - DAG(s) dict_keys(['example_branch_datetime_operator_3', 'example_branch_datetime_operator_2', 'example_branch_datetime_operator']) retrieved from /home/petr/project/venv/lib/python3.10/site-packages/airflow/example_dags/example_branch_datetime_operator.py
[2023-12-01T13:43:25.959+0300] {logging_mixin.py:154} INFO - [2023-12-01T13:43:25.959+0300] {dag.py:2941} INFO - Sync 3 DAGs
[2023-12-01T13:43:26.008+0300] {logging_mixin.py:154} INFO - [2023-12-01T13:43:26.008+0300] {dag.py:3722} INFO - Setting next_dagrun for example_branch_datetime_operator to 2023-11-30T00:00:00+00:00, run_after=2023-12-01T00:00:00+00:00
[2023-12-01T13:43:26.015+0300] {logging_mixin.py:154} INFO - [2023-12-01T13:43:26.015+0300] {dag.py:3722} INFO - Setting next_dagrun for example_branch_datetime_operator_2 to 2023-11-30T00:00:00+00:00, run_after=2023-12-01T00:00:00+00:00
[2023-12-01T13:43:26.024+0300] {logging_mixin.py:154} INFO - [2023-12-01T13:43:26.023+0300] {dag.py:3722} INFO - Setting next_dagrun for example_branch_datetime_operator_3 to 2023-11-30T00:00:00+00:00, run_after=2023-12-01T00:00:00+00:00
[2023-12-01T13:43:26.073+0300] {processor.py:179} INFO - Processing /home/petr/project/venv/lib/python3.10/site-packages/airflow/example_dags/example_branch_datetime_operator.py took 0.210 seconds
[2023-12-01T13:43:56.931+0300] {processor.py:157} INFO - Started process (PID=4585) to work on /home/petr/project/venv/lib/python3.10/site-packages/airflow/example_dags/example_branch_datetime_operator.py
[2023-12-01T13:43:56.945+0300] {processor.py:829} INFO - Processing file /home/petr/project/venv/lib/python3.10/site-packages/airflow/example_dags/example_branch_datetime_operator.py for tasks to queue
[2023-12-01T13:43:56.946+0300] {logging_mixin.py:154} INFO - [2023-12-01T13:43:56.946+0300] {dagbag.py:536} INFO - Filling up the DagBag from /home/petr/project/venv/lib/python3.10/site-packages/airflow/example_dags/example_branch_datetime_operator.py
[2023-12-01T13:43:56.954+0300] {processor.py:839} INFO - DAG(s) dict_keys(['example_branch_datetime_operator_3', 'example_branch_datetime_operator', 'example_branch_datetime_operator_2']) retrieved from /home/petr/project/venv/lib/python3.10/site-packages/airflow/example_dags/example_branch_datetime_operator.py
[2023-12-01T13:43:57.028+0300] {logging_mixin.py:154} INFO - [2023-12-01T13:43:57.028+0300] {dag.py:2941} INFO - Sync 3 DAGs
[2023-12-01T13:43:57.086+0300] {logging_mixin.py:154} INFO - [2023-12-01T13:43:57.086+0300] {dag.py:3722} INFO - Setting next_dagrun for example_branch_datetime_operator to 2023-11-30T00:00:00+00:00, run_after=2023-12-01T00:00:00+00:00
[2023-12-01T13:43:57.094+0300] {logging_mixin.py:154} INFO - [2023-12-01T13:43:57.094+0300] {dag.py:3722} INFO - Setting next_dagrun for example_branch_datetime_operator_2 to 2023-11-30T00:00:00+00:00, run_after=2023-12-01T00:00:00+00:00
[2023-12-01T13:43:57.101+0300] {logging_mixin.py:154} INFO - [2023-12-01T13:43:57.101+0300] {dag.py:3722} INFO - Setting next_dagrun for example_branch_datetime_operator_3 to 2023-11-30T00:00:00+00:00, run_after=2023-12-01T00:00:00+00:00
[2023-12-01T13:43:57.155+0300] {processor.py:179} INFO - Processing /home/petr/project/venv/lib/python3.10/site-packages/airflow/example_dags/example_branch_datetime_operator.py took 0.227 seconds
[2023-12-01T13:44:28.022+0300] {processor.py:157} INFO - Started process (PID=4685) to work on /home/petr/project/venv/lib/python3.10/site-packages/airflow/example_dags/example_branch_datetime_operator.py
[2023-12-01T13:44:28.037+0300] {processor.py:829} INFO - Processing file /home/petr/project/venv/lib/python3.10/site-packages/airflow/example_dags/example_branch_datetime_operator.py for tasks to queue
[2023-12-01T13:44:28.037+0300] {logging_mixin.py:154} INFO - [2023-12-01T13:44:28.037+0300] {dagbag.py:536} INFO - Filling up the DagBag from /home/petr/project/venv/lib/python3.10/site-packages/airflow/example_dags/example_branch_datetime_operator.py
[2023-12-01T13:44:28.045+0300] {processor.py:839} INFO - DAG(s) dict_keys(['example_branch_datetime_operator_3', 'example_branch_datetime_operator', 'example_branch_datetime_operator_2']) retrieved from /home/petr/project/venv/lib/python3.10/site-packages/airflow/example_dags/example_branch_datetime_operator.py
[2023-12-01T13:44:28.101+0300] {logging_mixin.py:154} INFO - [2023-12-01T13:44:28.101+0300] {dag.py:2941} INFO - Sync 3 DAGs
[2023-12-01T13:44:28.129+0300] {logging_mixin.py:154} INFO - [2023-12-01T13:44:28.128+0300] {dag.py:3722} INFO - Setting next_dagrun for example_branch_datetime_operator to 2023-11-30T00:00:00+00:00, run_after=2023-12-01T00:00:00+00:00
[2023-12-01T13:44:28.142+0300] {logging_mixin.py:154} INFO - [2023-12-01T13:44:28.142+0300] {dag.py:3722} INFO - Setting next_dagrun for example_branch_datetime_operator_2 to 2023-11-30T00:00:00+00:00, run_after=2023-12-01T00:00:00+00:00
[2023-12-01T13:44:28.145+0300] {logging_mixin.py:154} INFO - [2023-12-01T13:44:28.145+0300] {dag.py:3722} INFO - Setting next_dagrun for example_branch_datetime_operator_3 to 2023-11-30T00:00:00+00:00, run_after=2023-12-01T00:00:00+00:00
[2023-12-01T13:44:28.184+0300] {processor.py:179} INFO - Processing /home/petr/project/venv/lib/python3.10/site-packages/airflow/example_dags/example_branch_datetime_operator.py took 0.166 seconds
[2023-12-01T13:44:58.733+0300] {processor.py:157} INFO - Started process (PID=4795) to work on /home/petr/project/venv/lib/python3.10/site-packages/airflow/example_dags/example_branch_datetime_operator.py
[2023-12-01T13:44:58.750+0300] {processor.py:829} INFO - Processing file /home/petr/project/venv/lib/python3.10/site-packages/airflow/example_dags/example_branch_datetime_operator.py for tasks to queue
[2023-12-01T13:44:58.751+0300] {logging_mixin.py:154} INFO - [2023-12-01T13:44:58.751+0300] {dagbag.py:536} INFO - Filling up the DagBag from /home/petr/project/venv/lib/python3.10/site-packages/airflow/example_dags/example_branch_datetime_operator.py
[2023-12-01T13:44:58.758+0300] {processor.py:839} INFO - DAG(s) dict_keys(['example_branch_datetime_operator', 'example_branch_datetime_operator_3', 'example_branch_datetime_operator_2']) retrieved from /home/petr/project/venv/lib/python3.10/site-packages/airflow/example_dags/example_branch_datetime_operator.py
[2023-12-01T13:44:58.810+0300] {logging_mixin.py:154} INFO - [2023-12-01T13:44:58.810+0300] {dag.py:2941} INFO - Sync 3 DAGs
[2023-12-01T13:44:58.857+0300] {logging_mixin.py:154} INFO - [2023-12-01T13:44:58.857+0300] {dag.py:3722} INFO - Setting next_dagrun for example_branch_datetime_operator to 2023-11-30T00:00:00+00:00, run_after=2023-12-01T00:00:00+00:00
[2023-12-01T13:44:58.861+0300] {logging_mixin.py:154} INFO - [2023-12-01T13:44:58.861+0300] {dag.py:3722} INFO - Setting next_dagrun for example_branch_datetime_operator_2 to 2023-11-30T00:00:00+00:00, run_after=2023-12-01T00:00:00+00:00
[2023-12-01T13:44:58.863+0300] {logging_mixin.py:154} INFO - [2023-12-01T13:44:58.863+0300] {dag.py:3722} INFO - Setting next_dagrun for example_branch_datetime_operator_3 to 2023-11-30T00:00:00+00:00, run_after=2023-12-01T00:00:00+00:00
[2023-12-01T13:44:58.918+0300] {processor.py:179} INFO - Processing /home/petr/project/venv/lib/python3.10/site-packages/airflow/example_dags/example_branch_datetime_operator.py took 0.188 seconds
[2023-12-01T13:45:29.802+0300] {processor.py:157} INFO - Started process (PID=4913) to work on /home/petr/project/venv/lib/python3.10/site-packages/airflow/example_dags/example_branch_datetime_operator.py
[2023-12-01T13:45:29.815+0300] {processor.py:829} INFO - Processing file /home/petr/project/venv/lib/python3.10/site-packages/airflow/example_dags/example_branch_datetime_operator.py for tasks to queue
[2023-12-01T13:45:29.816+0300] {logging_mixin.py:154} INFO - [2023-12-01T13:45:29.816+0300] {dagbag.py:536} INFO - Filling up the DagBag from /home/petr/project/venv/lib/python3.10/site-packages/airflow/example_dags/example_branch_datetime_operator.py
[2023-12-01T13:45:29.826+0300] {processor.py:839} INFO - DAG(s) dict_keys(['example_branch_datetime_operator_2', 'example_branch_datetime_operator_3', 'example_branch_datetime_operator']) retrieved from /home/petr/project/venv/lib/python3.10/site-packages/airflow/example_dags/example_branch_datetime_operator.py
[2023-12-01T13:45:29.888+0300] {logging_mixin.py:154} INFO - [2023-12-01T13:45:29.887+0300] {dag.py:2941} INFO - Sync 3 DAGs
[2023-12-01T13:45:29.947+0300] {logging_mixin.py:154} INFO - [2023-12-01T13:45:29.947+0300] {dag.py:3722} INFO - Setting next_dagrun for example_branch_datetime_operator to 2023-11-30T00:00:00+00:00, run_after=2023-12-01T00:00:00+00:00
[2023-12-01T13:45:29.951+0300] {logging_mixin.py:154} INFO - [2023-12-01T13:45:29.951+0300] {dag.py:3722} INFO - Setting next_dagrun for example_branch_datetime_operator_2 to 2023-11-30T00:00:00+00:00, run_after=2023-12-01T00:00:00+00:00
[2023-12-01T13:45:29.963+0300] {logging_mixin.py:154} INFO - [2023-12-01T13:45:29.963+0300] {dag.py:3722} INFO - Setting next_dagrun for example_branch_datetime_operator_3 to 2023-11-30T00:00:00+00:00, run_after=2023-12-01T00:00:00+00:00
[2023-12-01T13:45:29.994+0300] {processor.py:179} INFO - Processing /home/petr/project/venv/lib/python3.10/site-packages/airflow/example_dags/example_branch_datetime_operator.py took 0.195 seconds
[2023-12-01T13:46:50.356+0300] {processor.py:157} INFO - Started process (PID=5021) to work on /home/petr/project/venv/lib/python3.10/site-packages/airflow/example_dags/example_branch_datetime_operator.py
[2023-12-01T13:46:50.359+0300] {processor.py:829} INFO - Processing file /home/petr/project/venv/lib/python3.10/site-packages/airflow/example_dags/example_branch_datetime_operator.py for tasks to queue
[2023-12-01T13:46:50.359+0300] {logging_mixin.py:154} INFO - [2023-12-01T13:46:50.359+0300] {dagbag.py:536} INFO - Filling up the DagBag from /home/petr/project/venv/lib/python3.10/site-packages/airflow/example_dags/example_branch_datetime_operator.py
[2023-12-01T13:46:50.369+0300] {processor.py:839} INFO - DAG(s) dict_keys(['example_branch_datetime_operator', 'example_branch_datetime_operator_2', 'example_branch_datetime_operator_3']) retrieved from /home/petr/project/venv/lib/python3.10/site-packages/airflow/example_dags/example_branch_datetime_operator.py
[2023-12-01T13:46:50.401+0300] {logging_mixin.py:154} INFO - [2023-12-01T13:46:50.401+0300] {dag.py:2941} INFO - Sync 3 DAGs
[2023-12-01T13:46:50.422+0300] {logging_mixin.py:154} INFO - [2023-12-01T13:46:50.421+0300] {dag.py:3722} INFO - Setting next_dagrun for example_branch_datetime_operator to 2023-11-30T00:00:00+00:00, run_after=2023-12-01T00:00:00+00:00
[2023-12-01T13:46:50.426+0300] {logging_mixin.py:154} INFO - [2023-12-01T13:46:50.425+0300] {dag.py:3722} INFO - Setting next_dagrun for example_branch_datetime_operator_2 to 2023-11-30T00:00:00+00:00, run_after=2023-12-01T00:00:00+00:00
[2023-12-01T13:46:50.427+0300] {logging_mixin.py:154} INFO - [2023-12-01T13:46:50.427+0300] {dag.py:3722} INFO - Setting next_dagrun for example_branch_datetime_operator_3 to 2023-11-30T00:00:00+00:00, run_after=2023-12-01T00:00:00+00:00
[2023-12-01T13:46:50.440+0300] {processor.py:179} INFO - Processing /home/petr/project/venv/lib/python3.10/site-packages/airflow/example_dags/example_branch_datetime_operator.py took 0.090 seconds
[2023-12-01T13:47:20.884+0300] {processor.py:157} INFO - Started process (PID=5124) to work on /home/petr/project/venv/lib/python3.10/site-packages/airflow/example_dags/example_branch_datetime_operator.py
[2023-12-01T13:47:20.885+0300] {processor.py:829} INFO - Processing file /home/petr/project/venv/lib/python3.10/site-packages/airflow/example_dags/example_branch_datetime_operator.py for tasks to queue
[2023-12-01T13:47:20.885+0300] {logging_mixin.py:154} INFO - [2023-12-01T13:47:20.885+0300] {dagbag.py:536} INFO - Filling up the DagBag from /home/petr/project/venv/lib/python3.10/site-packages/airflow/example_dags/example_branch_datetime_operator.py
[2023-12-01T13:47:20.903+0300] {processor.py:839} INFO - DAG(s) dict_keys(['example_branch_datetime_operator_3', 'example_branch_datetime_operator', 'example_branch_datetime_operator_2']) retrieved from /home/petr/project/venv/lib/python3.10/site-packages/airflow/example_dags/example_branch_datetime_operator.py
[2023-12-01T13:47:20.973+0300] {logging_mixin.py:154} INFO - [2023-12-01T13:47:20.973+0300] {dag.py:2941} INFO - Sync 3 DAGs
[2023-12-01T13:47:21.013+0300] {logging_mixin.py:154} INFO - [2023-12-01T13:47:21.012+0300] {dag.py:3722} INFO - Setting next_dagrun for example_branch_datetime_operator to 2023-11-30T00:00:00+00:00, run_after=2023-12-01T00:00:00+00:00
[2023-12-01T13:47:21.016+0300] {logging_mixin.py:154} INFO - [2023-12-01T13:47:21.016+0300] {dag.py:3722} INFO - Setting next_dagrun for example_branch_datetime_operator_2 to 2023-11-30T00:00:00+00:00, run_after=2023-12-01T00:00:00+00:00
[2023-12-01T13:47:21.018+0300] {logging_mixin.py:154} INFO - [2023-12-01T13:47:21.018+0300] {dag.py:3722} INFO - Setting next_dagrun for example_branch_datetime_operator_3 to 2023-11-30T00:00:00+00:00, run_after=2023-12-01T00:00:00+00:00
[2023-12-01T13:47:21.033+0300] {processor.py:179} INFO - Processing /home/petr/project/venv/lib/python3.10/site-packages/airflow/example_dags/example_branch_datetime_operator.py took 0.152 seconds
[2023-12-01T13:49:14.594+0300] {processor.py:157} INFO - Started process (PID=5399) to work on /home/petr/project/venv/lib/python3.10/site-packages/airflow/example_dags/example_branch_datetime_operator.py
[2023-12-01T13:49:14.598+0300] {processor.py:829} INFO - Processing file /home/petr/project/venv/lib/python3.10/site-packages/airflow/example_dags/example_branch_datetime_operator.py for tasks to queue
[2023-12-01T13:49:14.599+0300] {logging_mixin.py:154} INFO - [2023-12-01T13:49:14.599+0300] {dagbag.py:536} INFO - Filling up the DagBag from /home/petr/project/venv/lib/python3.10/site-packages/airflow/example_dags/example_branch_datetime_operator.py
[2023-12-01T13:49:14.606+0300] {processor.py:839} INFO - DAG(s) dict_keys(['example_branch_datetime_operator_2', 'example_branch_datetime_operator', 'example_branch_datetime_operator_3']) retrieved from /home/petr/project/venv/lib/python3.10/site-packages/airflow/example_dags/example_branch_datetime_operator.py
[2023-12-01T13:49:14.668+0300] {logging_mixin.py:154} INFO - [2023-12-01T13:49:14.668+0300] {dag.py:2941} INFO - Sync 3 DAGs
[2023-12-01T13:49:14.695+0300] {logging_mixin.py:154} INFO - [2023-12-01T13:49:14.695+0300] {dag.py:3722} INFO - Setting next_dagrun for example_branch_datetime_operator to 2023-11-30T00:00:00+00:00, run_after=2023-12-01T00:00:00+00:00
[2023-12-01T13:49:14.699+0300] {logging_mixin.py:154} INFO - [2023-12-01T13:49:14.699+0300] {dag.py:3722} INFO - Setting next_dagrun for example_branch_datetime_operator_2 to 2023-11-30T00:00:00+00:00, run_after=2023-12-01T00:00:00+00:00
[2023-12-01T13:49:14.701+0300] {logging_mixin.py:154} INFO - [2023-12-01T13:49:14.701+0300] {dag.py:3722} INFO - Setting next_dagrun for example_branch_datetime_operator_3 to 2023-11-30T00:00:00+00:00, run_after=2023-12-01T00:00:00+00:00
[2023-12-01T13:49:14.717+0300] {processor.py:179} INFO - Processing /home/petr/project/venv/lib/python3.10/site-packages/airflow/example_dags/example_branch_datetime_operator.py took 0.134 seconds
[2023-12-01T13:49:47.419+0300] {processor.py:157} INFO - Started process (PID=5499) to work on /home/petr/project/venv/lib/python3.10/site-packages/airflow/example_dags/example_branch_datetime_operator.py
[2023-12-01T13:49:47.423+0300] {processor.py:829} INFO - Processing file /home/petr/project/venv/lib/python3.10/site-packages/airflow/example_dags/example_branch_datetime_operator.py for tasks to queue
[2023-12-01T13:49:47.424+0300] {logging_mixin.py:154} INFO - [2023-12-01T13:49:47.424+0300] {dagbag.py:536} INFO - Filling up the DagBag from /home/petr/project/venv/lib/python3.10/site-packages/airflow/example_dags/example_branch_datetime_operator.py
[2023-12-01T13:49:47.438+0300] {processor.py:839} INFO - DAG(s) dict_keys(['example_branch_datetime_operator_2', 'example_branch_datetime_operator', 'example_branch_datetime_operator_3']) retrieved from /home/petr/project/venv/lib/python3.10/site-packages/airflow/example_dags/example_branch_datetime_operator.py
[2023-12-01T13:49:47.486+0300] {logging_mixin.py:154} INFO - [2023-12-01T13:49:47.486+0300] {dag.py:2941} INFO - Sync 3 DAGs
[2023-12-01T13:49:47.512+0300] {logging_mixin.py:154} INFO - [2023-12-01T13:49:47.511+0300] {dag.py:3722} INFO - Setting next_dagrun for example_branch_datetime_operator to 2023-11-30T00:00:00+00:00, run_after=2023-12-01T00:00:00+00:00
[2023-12-01T13:49:47.515+0300] {logging_mixin.py:154} INFO - [2023-12-01T13:49:47.515+0300] {dag.py:3722} INFO - Setting next_dagrun for example_branch_datetime_operator_2 to 2023-11-30T00:00:00+00:00, run_after=2023-12-01T00:00:00+00:00
[2023-12-01T13:49:47.519+0300] {logging_mixin.py:154} INFO - [2023-12-01T13:49:47.518+0300] {dag.py:3722} INFO - Setting next_dagrun for example_branch_datetime_operator_3 to 2023-11-30T00:00:00+00:00, run_after=2023-12-01T00:00:00+00:00
[2023-12-01T13:49:47.539+0300] {processor.py:179} INFO - Processing /home/petr/project/venv/lib/python3.10/site-packages/airflow/example_dags/example_branch_datetime_operator.py took 0.124 seconds
[2023-12-01T13:50:19.282+0300] {processor.py:157} INFO - Started process (PID=5614) to work on /home/petr/project/venv/lib/python3.10/site-packages/airflow/example_dags/example_branch_datetime_operator.py
[2023-12-01T13:50:19.290+0300] {processor.py:829} INFO - Processing file /home/petr/project/venv/lib/python3.10/site-packages/airflow/example_dags/example_branch_datetime_operator.py for tasks to queue
[2023-12-01T13:50:19.291+0300] {logging_mixin.py:154} INFO - [2023-12-01T13:50:19.291+0300] {dagbag.py:536} INFO - Filling up the DagBag from /home/petr/project/venv/lib/python3.10/site-packages/airflow/example_dags/example_branch_datetime_operator.py
[2023-12-01T13:50:19.312+0300] {processor.py:839} INFO - DAG(s) dict_keys(['example_branch_datetime_operator_2', 'example_branch_datetime_operator', 'example_branch_datetime_operator_3']) retrieved from /home/petr/project/venv/lib/python3.10/site-packages/airflow/example_dags/example_branch_datetime_operator.py
[2023-12-01T13:50:19.378+0300] {logging_mixin.py:154} INFO - [2023-12-01T13:50:19.377+0300] {dag.py:2941} INFO - Sync 3 DAGs
[2023-12-01T13:50:19.434+0300] {logging_mixin.py:154} INFO - [2023-12-01T13:50:19.434+0300] {dag.py:3722} INFO - Setting next_dagrun for example_branch_datetime_operator to 2023-11-30T00:00:00+00:00, run_after=2023-12-01T00:00:00+00:00
[2023-12-01T13:50:19.455+0300] {logging_mixin.py:154} INFO - [2023-12-01T13:50:19.455+0300] {dag.py:3722} INFO - Setting next_dagrun for example_branch_datetime_operator_2 to 2023-11-30T00:00:00+00:00, run_after=2023-12-01T00:00:00+00:00
[2023-12-01T13:50:19.458+0300] {logging_mixin.py:154} INFO - [2023-12-01T13:50:19.458+0300] {dag.py:3722} INFO - Setting next_dagrun for example_branch_datetime_operator_3 to 2023-11-30T00:00:00+00:00, run_after=2023-12-01T00:00:00+00:00
[2023-12-01T13:50:19.509+0300] {processor.py:179} INFO - Processing /home/petr/project/venv/lib/python3.10/site-packages/airflow/example_dags/example_branch_datetime_operator.py took 0.230 seconds
[2023-12-01T20:01:06.741+0300] {processor.py:157} INFO - Started process (PID=5991) to work on /home/petr/project/venv/lib/python3.10/site-packages/airflow/example_dags/example_branch_datetime_operator.py
[2023-12-01T20:01:06.776+0300] {processor.py:829} INFO - Processing file /home/petr/project/venv/lib/python3.10/site-packages/airflow/example_dags/example_branch_datetime_operator.py for tasks to queue
[2023-12-01T20:01:06.777+0300] {logging_mixin.py:154} INFO - [2023-12-01T20:01:06.777+0300] {dagbag.py:536} INFO - Filling up the DagBag from /home/petr/project/venv/lib/python3.10/site-packages/airflow/example_dags/example_branch_datetime_operator.py
[2023-12-01T20:01:06.821+0300] {processor.py:839} INFO - DAG(s) dict_keys(['example_branch_datetime_operator_3', 'example_branch_datetime_operator', 'example_branch_datetime_operator_2']) retrieved from /home/petr/project/venv/lib/python3.10/site-packages/airflow/example_dags/example_branch_datetime_operator.py
[2023-12-01T20:01:06.908+0300] {logging_mixin.py:154} INFO - [2023-12-01T20:01:06.907+0300] {dag.py:2941} INFO - Sync 3 DAGs
[2023-12-01T20:01:06.956+0300] {logging_mixin.py:154} INFO - [2023-12-01T20:01:06.956+0300] {dag.py:3722} INFO - Setting next_dagrun for example_branch_datetime_operator to 2023-11-30T00:00:00+00:00, run_after=2023-12-01T00:00:00+00:00
[2023-12-01T20:01:06.966+0300] {logging_mixin.py:154} INFO - [2023-12-01T20:01:06.966+0300] {dag.py:3722} INFO - Setting next_dagrun for example_branch_datetime_operator_2 to 2023-11-30T00:00:00+00:00, run_after=2023-12-01T00:00:00+00:00
[2023-12-01T20:01:06.972+0300] {logging_mixin.py:154} INFO - [2023-12-01T20:01:06.972+0300] {dag.py:3722} INFO - Setting next_dagrun for example_branch_datetime_operator_3 to 2023-11-30T00:00:00+00:00, run_after=2023-12-01T00:00:00+00:00
[2023-12-01T20:01:07.005+0300] {processor.py:179} INFO - Processing /home/petr/project/venv/lib/python3.10/site-packages/airflow/example_dags/example_branch_datetime_operator.py took 0.281 seconds
