[2023-12-01T13:38:05.417+0300] {processor.py:157} INFO - Started process (PID=3343) to work on /home/petr/project/venv/lib/python3.10/site-packages/airflow/example_dags/example_task_group_decorator.py
[2023-12-01T13:38:05.418+0300] {processor.py:829} INFO - Processing file /home/petr/project/venv/lib/python3.10/site-packages/airflow/example_dags/example_task_group_decorator.py for tasks to queue
[2023-12-01T13:38:05.418+0300] {logging_mixin.py:154} INFO - [2023-12-01T13:38:05.418+0300] {dagbag.py:536} INFO - Filling up the DagBag from /home/petr/project/venv/lib/python3.10/site-packages/airflow/example_dags/example_task_group_decorator.py
[2023-12-01T13:38:05.441+0300] {processor.py:839} INFO - DAG(s) dict_keys(['example_task_group_decorator']) retrieved from /home/petr/project/venv/lib/python3.10/site-packages/airflow/example_dags/example_task_group_decorator.py
[2023-12-01T13:38:05.514+0300] {logging_mixin.py:154} INFO - [2023-12-01T13:38:05.514+0300] {dag.py:2941} INFO - Sync 1 DAGs
[2023-12-01T13:38:05.542+0300] {logging_mixin.py:154} INFO - [2023-12-01T13:38:05.542+0300] {dag.py:3722} INFO - Setting next_dagrun for example_task_group_decorator to 2023-11-30T10:38:05.542231+00:00, run_after=2023-12-01T10:38:05.542231+00:00
[2023-12-01T13:38:05.600+0300] {processor.py:179} INFO - Processing /home/petr/project/venv/lib/python3.10/site-packages/airflow/example_dags/example_task_group_decorator.py took 0.185 seconds
[2023-12-01T13:38:36.257+0300] {processor.py:157} INFO - Started process (PID=3448) to work on /home/petr/project/venv/lib/python3.10/site-packages/airflow/example_dags/example_task_group_decorator.py
[2023-12-01T13:38:36.258+0300] {processor.py:829} INFO - Processing file /home/petr/project/venv/lib/python3.10/site-packages/airflow/example_dags/example_task_group_decorator.py for tasks to queue
[2023-12-01T13:38:36.259+0300] {logging_mixin.py:154} INFO - [2023-12-01T13:38:36.259+0300] {dagbag.py:536} INFO - Filling up the DagBag from /home/petr/project/venv/lib/python3.10/site-packages/airflow/example_dags/example_task_group_decorator.py
[2023-12-01T13:38:36.377+0300] {processor.py:839} INFO - DAG(s) dict_keys(['example_task_group_decorator']) retrieved from /home/petr/project/venv/lib/python3.10/site-packages/airflow/example_dags/example_task_group_decorator.py
[2023-12-01T13:38:36.463+0300] {logging_mixin.py:154} INFO - [2023-12-01T13:38:36.463+0300] {dag.py:2941} INFO - Sync 1 DAGs
[2023-12-01T13:38:36.514+0300] {logging_mixin.py:154} INFO - [2023-12-01T13:38:36.514+0300] {dag.py:3722} INFO - Setting next_dagrun for example_task_group_decorator to 2023-11-30T10:38:36.514409+00:00, run_after=2023-12-01T10:38:36.514409+00:00
[2023-12-01T13:38:36.549+0300] {processor.py:179} INFO - Processing /home/petr/project/venv/lib/python3.10/site-packages/airflow/example_dags/example_task_group_decorator.py took 0.299 seconds
[2023-12-01T13:39:07.451+0300] {processor.py:157} INFO - Started process (PID=3549) to work on /home/petr/project/venv/lib/python3.10/site-packages/airflow/example_dags/example_task_group_decorator.py
[2023-12-01T13:39:07.468+0300] {processor.py:829} INFO - Processing file /home/petr/project/venv/lib/python3.10/site-packages/airflow/example_dags/example_task_group_decorator.py for tasks to queue
[2023-12-01T13:39:07.469+0300] {logging_mixin.py:154} INFO - [2023-12-01T13:39:07.468+0300] {dagbag.py:536} INFO - Filling up the DagBag from /home/petr/project/venv/lib/python3.10/site-packages/airflow/example_dags/example_task_group_decorator.py
[2023-12-01T13:39:07.491+0300] {processor.py:839} INFO - DAG(s) dict_keys(['example_task_group_decorator']) retrieved from /home/petr/project/venv/lib/python3.10/site-packages/airflow/example_dags/example_task_group_decorator.py
[2023-12-01T13:39:07.583+0300] {logging_mixin.py:154} INFO - [2023-12-01T13:39:07.582+0300] {dag.py:2941} INFO - Sync 1 DAGs
[2023-12-01T13:39:07.669+0300] {logging_mixin.py:154} INFO - [2023-12-01T13:39:07.668+0300] {dag.py:3722} INFO - Setting next_dagrun for example_task_group_decorator to 2023-11-30T10:39:07.668550+00:00, run_after=2023-12-01T10:39:07.668550+00:00
[2023-12-01T13:39:07.767+0300] {processor.py:179} INFO - Processing /home/petr/project/venv/lib/python3.10/site-packages/airflow/example_dags/example_task_group_decorator.py took 0.319 seconds
[2023-12-01T13:39:38.489+0300] {processor.py:157} INFO - Started process (PID=3656) to work on /home/petr/project/venv/lib/python3.10/site-packages/airflow/example_dags/example_task_group_decorator.py
[2023-12-01T13:39:38.490+0300] {processor.py:829} INFO - Processing file /home/petr/project/venv/lib/python3.10/site-packages/airflow/example_dags/example_task_group_decorator.py for tasks to queue
[2023-12-01T13:39:38.490+0300] {logging_mixin.py:154} INFO - [2023-12-01T13:39:38.490+0300] {dagbag.py:536} INFO - Filling up the DagBag from /home/petr/project/venv/lib/python3.10/site-packages/airflow/example_dags/example_task_group_decorator.py
[2023-12-01T13:39:38.511+0300] {processor.py:839} INFO - DAG(s) dict_keys(['example_task_group_decorator']) retrieved from /home/petr/project/venv/lib/python3.10/site-packages/airflow/example_dags/example_task_group_decorator.py
[2023-12-01T13:39:38.594+0300] {logging_mixin.py:154} INFO - [2023-12-01T13:39:38.594+0300] {dag.py:2941} INFO - Sync 1 DAGs
[2023-12-01T13:39:38.642+0300] {logging_mixin.py:154} INFO - [2023-12-01T13:39:38.642+0300] {dag.py:3722} INFO - Setting next_dagrun for example_task_group_decorator to 2023-11-30T10:39:38.642579+00:00, run_after=2023-12-01T10:39:38.642579+00:00
[2023-12-01T13:39:38.678+0300] {processor.py:179} INFO - Processing /home/petr/project/venv/lib/python3.10/site-packages/airflow/example_dags/example_task_group_decorator.py took 0.191 seconds
[2023-12-01T13:40:09.445+0300] {processor.py:157} INFO - Started process (PID=3785) to work on /home/petr/project/venv/lib/python3.10/site-packages/airflow/example_dags/example_task_group_decorator.py
[2023-12-01T13:40:09.450+0300] {processor.py:829} INFO - Processing file /home/petr/project/venv/lib/python3.10/site-packages/airflow/example_dags/example_task_group_decorator.py for tasks to queue
[2023-12-01T13:40:09.461+0300] {logging_mixin.py:154} INFO - [2023-12-01T13:40:09.451+0300] {dagbag.py:536} INFO - Filling up the DagBag from /home/petr/project/venv/lib/python3.10/site-packages/airflow/example_dags/example_task_group_decorator.py
[2023-12-01T13:40:09.502+0300] {processor.py:839} INFO - DAG(s) dict_keys(['example_task_group_decorator']) retrieved from /home/petr/project/venv/lib/python3.10/site-packages/airflow/example_dags/example_task_group_decorator.py
[2023-12-01T13:40:09.669+0300] {logging_mixin.py:154} INFO - [2023-12-01T13:40:09.669+0300] {dag.py:2941} INFO - Sync 1 DAGs
[2023-12-01T13:40:09.777+0300] {logging_mixin.py:154} INFO - [2023-12-01T13:40:09.776+0300] {dag.py:3722} INFO - Setting next_dagrun for example_task_group_decorator to 2023-11-30T10:40:09.776685+00:00, run_after=2023-12-01T10:40:09.776685+00:00
[2023-12-01T13:40:09.914+0300] {processor.py:179} INFO - Processing /home/petr/project/venv/lib/python3.10/site-packages/airflow/example_dags/example_task_group_decorator.py took 0.495 seconds
[2023-12-01T13:40:40.225+0300] {processor.py:157} INFO - Started process (PID=3890) to work on /home/petr/project/venv/lib/python3.10/site-packages/airflow/example_dags/example_task_group_decorator.py
[2023-12-01T13:40:40.225+0300] {processor.py:829} INFO - Processing file /home/petr/project/venv/lib/python3.10/site-packages/airflow/example_dags/example_task_group_decorator.py for tasks to queue
[2023-12-01T13:40:40.226+0300] {logging_mixin.py:154} INFO - [2023-12-01T13:40:40.226+0300] {dagbag.py:536} INFO - Filling up the DagBag from /home/petr/project/venv/lib/python3.10/site-packages/airflow/example_dags/example_task_group_decorator.py
[2023-12-01T13:40:40.237+0300] {processor.py:839} INFO - DAG(s) dict_keys(['example_task_group_decorator']) retrieved from /home/petr/project/venv/lib/python3.10/site-packages/airflow/example_dags/example_task_group_decorator.py
[2023-12-01T13:40:40.267+0300] {logging_mixin.py:154} INFO - [2023-12-01T13:40:40.267+0300] {dag.py:2941} INFO - Sync 1 DAGs
[2023-12-01T13:40:40.283+0300] {logging_mixin.py:154} INFO - [2023-12-01T13:40:40.283+0300] {dag.py:3722} INFO - Setting next_dagrun for example_task_group_decorator to 2023-11-30T10:40:40.283268+00:00, run_after=2023-12-01T10:40:40.283268+00:00
[2023-12-01T13:40:40.324+0300] {processor.py:179} INFO - Processing /home/petr/project/venv/lib/python3.10/site-packages/airflow/example_dags/example_task_group_decorator.py took 0.102 seconds
[2023-12-01T13:41:10.609+0300] {processor.py:157} INFO - Started process (PID=3989) to work on /home/petr/project/venv/lib/python3.10/site-packages/airflow/example_dags/example_task_group_decorator.py
[2023-12-01T13:41:10.622+0300] {processor.py:829} INFO - Processing file /home/petr/project/venv/lib/python3.10/site-packages/airflow/example_dags/example_task_group_decorator.py for tasks to queue
[2023-12-01T13:41:10.622+0300] {logging_mixin.py:154} INFO - [2023-12-01T13:41:10.622+0300] {dagbag.py:536} INFO - Filling up the DagBag from /home/petr/project/venv/lib/python3.10/site-packages/airflow/example_dags/example_task_group_decorator.py
[2023-12-01T13:41:10.649+0300] {processor.py:839} INFO - DAG(s) dict_keys(['example_task_group_decorator']) retrieved from /home/petr/project/venv/lib/python3.10/site-packages/airflow/example_dags/example_task_group_decorator.py
[2023-12-01T13:41:10.689+0300] {logging_mixin.py:154} INFO - [2023-12-01T13:41:10.689+0300] {dag.py:2941} INFO - Sync 1 DAGs
[2023-12-01T13:41:10.713+0300] {logging_mixin.py:154} INFO - [2023-12-01T13:41:10.712+0300] {dag.py:3722} INFO - Setting next_dagrun for example_task_group_decorator to 2023-11-30T10:41:10.712534+00:00, run_after=2023-12-01T10:41:10.712534+00:00
[2023-12-01T13:41:10.735+0300] {processor.py:179} INFO - Processing /home/petr/project/venv/lib/python3.10/site-packages/airflow/example_dags/example_task_group_decorator.py took 0.130 seconds
[2023-12-01T13:41:41.328+0300] {processor.py:157} INFO - Started process (PID=4093) to work on /home/petr/project/venv/lib/python3.10/site-packages/airflow/example_dags/example_task_group_decorator.py
[2023-12-01T13:41:41.341+0300] {processor.py:829} INFO - Processing file /home/petr/project/venv/lib/python3.10/site-packages/airflow/example_dags/example_task_group_decorator.py for tasks to queue
[2023-12-01T13:41:41.342+0300] {logging_mixin.py:154} INFO - [2023-12-01T13:41:41.341+0300] {dagbag.py:536} INFO - Filling up the DagBag from /home/petr/project/venv/lib/python3.10/site-packages/airflow/example_dags/example_task_group_decorator.py
[2023-12-01T13:41:41.369+0300] {processor.py:839} INFO - DAG(s) dict_keys(['example_task_group_decorator']) retrieved from /home/petr/project/venv/lib/python3.10/site-packages/airflow/example_dags/example_task_group_decorator.py
[2023-12-01T13:41:41.428+0300] {logging_mixin.py:154} INFO - [2023-12-01T13:41:41.428+0300] {dag.py:2941} INFO - Sync 1 DAGs
[2023-12-01T13:41:41.497+0300] {logging_mixin.py:154} INFO - [2023-12-01T13:41:41.496+0300] {dag.py:3722} INFO - Setting next_dagrun for example_task_group_decorator to 2023-11-30T10:41:41.495539+00:00, run_after=2023-12-01T10:41:41.495539+00:00
[2023-12-01T13:41:41.537+0300] {processor.py:179} INFO - Processing /home/petr/project/venv/lib/python3.10/site-packages/airflow/example_dags/example_task_group_decorator.py took 0.213 seconds
[2023-12-01T13:42:11.827+0300] {processor.py:157} INFO - Started process (PID=4200) to work on /home/petr/project/venv/lib/python3.10/site-packages/airflow/example_dags/example_task_group_decorator.py
[2023-12-01T13:42:11.829+0300] {processor.py:829} INFO - Processing file /home/petr/project/venv/lib/python3.10/site-packages/airflow/example_dags/example_task_group_decorator.py for tasks to queue
[2023-12-01T13:42:11.829+0300] {logging_mixin.py:154} INFO - [2023-12-01T13:42:11.829+0300] {dagbag.py:536} INFO - Filling up the DagBag from /home/petr/project/venv/lib/python3.10/site-packages/airflow/example_dags/example_task_group_decorator.py
[2023-12-01T13:42:11.855+0300] {processor.py:839} INFO - DAG(s) dict_keys(['example_task_group_decorator']) retrieved from /home/petr/project/venv/lib/python3.10/site-packages/airflow/example_dags/example_task_group_decorator.py
[2023-12-01T13:42:11.916+0300] {logging_mixin.py:154} INFO - [2023-12-01T13:42:11.916+0300] {dag.py:2941} INFO - Sync 1 DAGs
[2023-12-01T13:42:11.953+0300] {logging_mixin.py:154} INFO - [2023-12-01T13:42:11.953+0300] {dag.py:3722} INFO - Setting next_dagrun for example_task_group_decorator to 2023-11-30T10:42:11.953333+00:00, run_after=2023-12-01T10:42:11.953333+00:00
[2023-12-01T13:42:11.985+0300] {processor.py:179} INFO - Processing /home/petr/project/venv/lib/python3.10/site-packages/airflow/example_dags/example_task_group_decorator.py took 0.170 seconds
[2023-12-01T13:42:42.535+0300] {processor.py:157} INFO - Started process (PID=4304) to work on /home/petr/project/venv/lib/python3.10/site-packages/airflow/example_dags/example_task_group_decorator.py
[2023-12-01T13:42:42.535+0300] {processor.py:829} INFO - Processing file /home/petr/project/venv/lib/python3.10/site-packages/airflow/example_dags/example_task_group_decorator.py for tasks to queue
[2023-12-01T13:42:42.536+0300] {logging_mixin.py:154} INFO - [2023-12-01T13:42:42.536+0300] {dagbag.py:536} INFO - Filling up the DagBag from /home/petr/project/venv/lib/python3.10/site-packages/airflow/example_dags/example_task_group_decorator.py
[2023-12-01T13:42:42.559+0300] {processor.py:839} INFO - DAG(s) dict_keys(['example_task_group_decorator']) retrieved from /home/petr/project/venv/lib/python3.10/site-packages/airflow/example_dags/example_task_group_decorator.py
[2023-12-01T13:42:42.628+0300] {logging_mixin.py:154} INFO - [2023-12-01T13:42:42.628+0300] {dag.py:2941} INFO - Sync 1 DAGs
[2023-12-01T13:42:42.666+0300] {logging_mixin.py:154} INFO - [2023-12-01T13:42:42.666+0300] {dag.py:3722} INFO - Setting next_dagrun for example_task_group_decorator to 2023-11-30T10:42:42.665725+00:00, run_after=2023-12-01T10:42:42.665725+00:00
[2023-12-01T13:42:42.696+0300] {processor.py:179} INFO - Processing /home/petr/project/venv/lib/python3.10/site-packages/airflow/example_dags/example_task_group_decorator.py took 0.164 seconds
[2023-12-01T13:43:13.741+0300] {processor.py:157} INFO - Started process (PID=4404) to work on /home/petr/project/venv/lib/python3.10/site-packages/airflow/example_dags/example_task_group_decorator.py
[2023-12-01T13:43:13.743+0300] {processor.py:829} INFO - Processing file /home/petr/project/venv/lib/python3.10/site-packages/airflow/example_dags/example_task_group_decorator.py for tasks to queue
[2023-12-01T13:43:13.743+0300] {logging_mixin.py:154} INFO - [2023-12-01T13:43:13.743+0300] {dagbag.py:536} INFO - Filling up the DagBag from /home/petr/project/venv/lib/python3.10/site-packages/airflow/example_dags/example_task_group_decorator.py
[2023-12-01T13:43:13.766+0300] {processor.py:839} INFO - DAG(s) dict_keys(['example_task_group_decorator']) retrieved from /home/petr/project/venv/lib/python3.10/site-packages/airflow/example_dags/example_task_group_decorator.py
[2023-12-01T13:43:13.831+0300] {logging_mixin.py:154} INFO - [2023-12-01T13:43:13.831+0300] {dag.py:2941} INFO - Sync 1 DAGs
[2023-12-01T13:43:13.863+0300] {logging_mixin.py:154} INFO - [2023-12-01T13:43:13.863+0300] {dag.py:3722} INFO - Setting next_dagrun for example_task_group_decorator to 2023-11-30T10:43:13.862899+00:00, run_after=2023-12-01T10:43:13.862899+00:00
[2023-12-01T13:43:13.914+0300] {processor.py:179} INFO - Processing /home/petr/project/venv/lib/python3.10/site-packages/airflow/example_dags/example_task_group_decorator.py took 0.187 seconds
[2023-12-01T13:43:45.549+0300] {processor.py:157} INFO - Started process (PID=4504) to work on /home/petr/project/venv/lib/python3.10/site-packages/airflow/example_dags/example_task_group_decorator.py
[2023-12-01T13:43:45.563+0300] {processor.py:829} INFO - Processing file /home/petr/project/venv/lib/python3.10/site-packages/airflow/example_dags/example_task_group_decorator.py for tasks to queue
[2023-12-01T13:43:45.564+0300] {logging_mixin.py:154} INFO - [2023-12-01T13:43:45.564+0300] {dagbag.py:536} INFO - Filling up the DagBag from /home/petr/project/venv/lib/python3.10/site-packages/airflow/example_dags/example_task_group_decorator.py
[2023-12-01T13:43:45.590+0300] {processor.py:839} INFO - DAG(s) dict_keys(['example_task_group_decorator']) retrieved from /home/petr/project/venv/lib/python3.10/site-packages/airflow/example_dags/example_task_group_decorator.py
[2023-12-01T13:43:45.650+0300] {logging_mixin.py:154} INFO - [2023-12-01T13:43:45.650+0300] {dag.py:2941} INFO - Sync 1 DAGs
[2023-12-01T13:43:45.701+0300] {logging_mixin.py:154} INFO - [2023-12-01T13:43:45.701+0300] {dag.py:3722} INFO - Setting next_dagrun for example_task_group_decorator to 2023-11-30T10:43:45.701322+00:00, run_after=2023-12-01T10:43:45.701322+00:00
[2023-12-01T13:43:45.742+0300] {processor.py:179} INFO - Processing /home/petr/project/venv/lib/python3.10/site-packages/airflow/example_dags/example_task_group_decorator.py took 0.197 seconds
[2023-12-01T13:44:15.852+0300] {processor.py:157} INFO - Started process (PID=4603) to work on /home/petr/project/venv/lib/python3.10/site-packages/airflow/example_dags/example_task_group_decorator.py
[2023-12-01T13:44:15.853+0300] {processor.py:829} INFO - Processing file /home/petr/project/venv/lib/python3.10/site-packages/airflow/example_dags/example_task_group_decorator.py for tasks to queue
[2023-12-01T13:44:15.854+0300] {logging_mixin.py:154} INFO - [2023-12-01T13:44:15.854+0300] {dagbag.py:536} INFO - Filling up the DagBag from /home/petr/project/venv/lib/python3.10/site-packages/airflow/example_dags/example_task_group_decorator.py
[2023-12-01T13:44:15.866+0300] {processor.py:839} INFO - DAG(s) dict_keys(['example_task_group_decorator']) retrieved from /home/petr/project/venv/lib/python3.10/site-packages/airflow/example_dags/example_task_group_decorator.py
[2023-12-01T13:44:15.891+0300] {logging_mixin.py:154} INFO - [2023-12-01T13:44:15.891+0300] {dag.py:2941} INFO - Sync 1 DAGs
[2023-12-01T13:44:15.911+0300] {logging_mixin.py:154} INFO - [2023-12-01T13:44:15.911+0300] {dag.py:3722} INFO - Setting next_dagrun for example_task_group_decorator to 2023-11-30T10:44:15.911639+00:00, run_after=2023-12-01T10:44:15.911639+00:00
[2023-12-01T13:44:15.926+0300] {processor.py:179} INFO - Processing /home/petr/project/venv/lib/python3.10/site-packages/airflow/example_dags/example_task_group_decorator.py took 0.076 seconds
[2023-12-01T13:44:47.307+0300] {processor.py:157} INFO - Started process (PID=4704) to work on /home/petr/project/venv/lib/python3.10/site-packages/airflow/example_dags/example_task_group_decorator.py
[2023-12-01T13:44:47.308+0300] {processor.py:829} INFO - Processing file /home/petr/project/venv/lib/python3.10/site-packages/airflow/example_dags/example_task_group_decorator.py for tasks to queue
[2023-12-01T13:44:47.310+0300] {logging_mixin.py:154} INFO - [2023-12-01T13:44:47.309+0300] {dagbag.py:536} INFO - Filling up the DagBag from /home/petr/project/venv/lib/python3.10/site-packages/airflow/example_dags/example_task_group_decorator.py
[2023-12-01T13:44:47.328+0300] {processor.py:839} INFO - DAG(s) dict_keys(['example_task_group_decorator']) retrieved from /home/petr/project/venv/lib/python3.10/site-packages/airflow/example_dags/example_task_group_decorator.py
[2023-12-01T13:44:47.355+0300] {logging_mixin.py:154} INFO - [2023-12-01T13:44:47.355+0300] {dag.py:2941} INFO - Sync 1 DAGs
[2023-12-01T13:44:47.373+0300] {logging_mixin.py:154} INFO - [2023-12-01T13:44:47.373+0300] {dag.py:3722} INFO - Setting next_dagrun for example_task_group_decorator to 2023-11-30T10:44:47.372909+00:00, run_after=2023-12-01T10:44:47.372909+00:00
[2023-12-01T13:44:47.392+0300] {processor.py:179} INFO - Processing /home/petr/project/venv/lib/python3.10/site-packages/airflow/example_dags/example_task_group_decorator.py took 0.088 seconds
[2023-12-01T13:45:17.926+0300] {processor.py:157} INFO - Started process (PID=4823) to work on /home/petr/project/venv/lib/python3.10/site-packages/airflow/example_dags/example_task_group_decorator.py
[2023-12-01T13:45:17.934+0300] {processor.py:829} INFO - Processing file /home/petr/project/venv/lib/python3.10/site-packages/airflow/example_dags/example_task_group_decorator.py for tasks to queue
[2023-12-01T13:45:17.935+0300] {logging_mixin.py:154} INFO - [2023-12-01T13:45:17.934+0300] {dagbag.py:536} INFO - Filling up the DagBag from /home/petr/project/venv/lib/python3.10/site-packages/airflow/example_dags/example_task_group_decorator.py
[2023-12-01T13:45:17.958+0300] {processor.py:839} INFO - DAG(s) dict_keys(['example_task_group_decorator']) retrieved from /home/petr/project/venv/lib/python3.10/site-packages/airflow/example_dags/example_task_group_decorator.py
[2023-12-01T13:45:18.026+0300] {logging_mixin.py:154} INFO - [2023-12-01T13:45:18.025+0300] {dag.py:2941} INFO - Sync 1 DAGs
[2023-12-01T13:45:18.068+0300] {logging_mixin.py:154} INFO - [2023-12-01T13:45:18.068+0300] {dag.py:3722} INFO - Setting next_dagrun for example_task_group_decorator to 2023-11-30T10:45:18.068521+00:00, run_after=2023-12-01T10:45:18.068521+00:00
[2023-12-01T13:45:18.093+0300] {processor.py:179} INFO - Processing /home/petr/project/venv/lib/python3.10/site-packages/airflow/example_dags/example_task_group_decorator.py took 0.172 seconds
[2023-12-01T13:46:44.087+0300] {processor.py:157} INFO - Started process (PID=4940) to work on /home/petr/project/venv/lib/python3.10/site-packages/airflow/example_dags/example_task_group_decorator.py
[2023-12-01T13:46:44.104+0300] {processor.py:829} INFO - Processing file /home/petr/project/venv/lib/python3.10/site-packages/airflow/example_dags/example_task_group_decorator.py for tasks to queue
[2023-12-01T13:46:44.105+0300] {logging_mixin.py:154} INFO - [2023-12-01T13:46:44.105+0300] {dagbag.py:536} INFO - Filling up the DagBag from /home/petr/project/venv/lib/python3.10/site-packages/airflow/example_dags/example_task_group_decorator.py
[2023-12-01T13:46:44.194+0300] {processor.py:839} INFO - DAG(s) dict_keys(['example_task_group_decorator']) retrieved from /home/petr/project/venv/lib/python3.10/site-packages/airflow/example_dags/example_task_group_decorator.py
[2023-12-01T13:46:44.327+0300] {logging_mixin.py:154} INFO - [2023-12-01T13:46:44.327+0300] {dag.py:2941} INFO - Sync 1 DAGs
[2023-12-01T13:46:44.444+0300] {logging_mixin.py:154} INFO - [2023-12-01T13:46:44.443+0300] {dag.py:3722} INFO - Setting next_dagrun for example_task_group_decorator to 2023-11-30T10:46:44.443490+00:00, run_after=2023-12-01T10:46:44.443490+00:00
[2023-12-01T13:46:44.527+0300] {processor.py:179} INFO - Processing /home/petr/project/venv/lib/python3.10/site-packages/airflow/example_dags/example_task_group_decorator.py took 0.461 seconds
[2023-12-01T13:47:15.045+0300] {processor.py:157} INFO - Started process (PID=5043) to work on /home/petr/project/venv/lib/python3.10/site-packages/airflow/example_dags/example_task_group_decorator.py
[2023-12-01T13:47:15.046+0300] {processor.py:829} INFO - Processing file /home/petr/project/venv/lib/python3.10/site-packages/airflow/example_dags/example_task_group_decorator.py for tasks to queue
[2023-12-01T13:47:15.046+0300] {logging_mixin.py:154} INFO - [2023-12-01T13:47:15.046+0300] {dagbag.py:536} INFO - Filling up the DagBag from /home/petr/project/venv/lib/python3.10/site-packages/airflow/example_dags/example_task_group_decorator.py
[2023-12-01T13:47:15.090+0300] {processor.py:839} INFO - DAG(s) dict_keys(['example_task_group_decorator']) retrieved from /home/petr/project/venv/lib/python3.10/site-packages/airflow/example_dags/example_task_group_decorator.py
[2023-12-01T13:47:15.145+0300] {logging_mixin.py:154} INFO - [2023-12-01T13:47:15.144+0300] {dag.py:2941} INFO - Sync 1 DAGs
[2023-12-01T13:47:15.183+0300] {logging_mixin.py:154} INFO - [2023-12-01T13:47:15.182+0300] {dag.py:3722} INFO - Setting next_dagrun for example_task_group_decorator to 2023-11-30T10:47:15.182590+00:00, run_after=2023-12-01T10:47:15.182590+00:00
[2023-12-01T13:47:15.220+0300] {processor.py:179} INFO - Processing /home/petr/project/venv/lib/python3.10/site-packages/airflow/example_dags/example_task_group_decorator.py took 0.178 seconds
[2023-12-01T13:47:45.780+0300] {processor.py:157} INFO - Started process (PID=5170) to work on /home/petr/project/venv/lib/python3.10/site-packages/airflow/example_dags/example_task_group_decorator.py
[2023-12-01T13:47:45.788+0300] {processor.py:829} INFO - Processing file /home/petr/project/venv/lib/python3.10/site-packages/airflow/example_dags/example_task_group_decorator.py for tasks to queue
[2023-12-01T13:47:45.789+0300] {logging_mixin.py:154} INFO - [2023-12-01T13:47:45.788+0300] {dagbag.py:536} INFO - Filling up the DagBag from /home/petr/project/venv/lib/python3.10/site-packages/airflow/example_dags/example_task_group_decorator.py
[2023-12-01T13:47:45.828+0300] {processor.py:839} INFO - DAG(s) dict_keys(['example_task_group_decorator']) retrieved from /home/petr/project/venv/lib/python3.10/site-packages/airflow/example_dags/example_task_group_decorator.py
[2023-12-01T13:47:45.893+0300] {logging_mixin.py:154} INFO - [2023-12-01T13:47:45.893+0300] {dag.py:2941} INFO - Sync 1 DAGs
[2023-12-01T13:47:45.924+0300] {logging_mixin.py:154} INFO - [2023-12-01T13:47:45.924+0300] {dag.py:3722} INFO - Setting next_dagrun for example_task_group_decorator to 2023-11-30T10:47:45.921101+00:00, run_after=2023-12-01T10:47:45.921101+00:00
[2023-12-01T13:47:45.963+0300] {processor.py:179} INFO - Processing /home/petr/project/venv/lib/python3.10/site-packages/airflow/example_dags/example_task_group_decorator.py took 0.187 seconds
[2023-12-01T13:49:10.469+0300] {processor.py:157} INFO - Started process (PID=5317) to work on /home/petr/project/venv/lib/python3.10/site-packages/airflow/example_dags/example_task_group_decorator.py
[2023-12-01T13:49:10.476+0300] {processor.py:829} INFO - Processing file /home/petr/project/venv/lib/python3.10/site-packages/airflow/example_dags/example_task_group_decorator.py for tasks to queue
[2023-12-01T13:49:10.477+0300] {logging_mixin.py:154} INFO - [2023-12-01T13:49:10.477+0300] {dagbag.py:536} INFO - Filling up the DagBag from /home/petr/project/venv/lib/python3.10/site-packages/airflow/example_dags/example_task_group_decorator.py
[2023-12-01T13:49:10.500+0300] {processor.py:839} INFO - DAG(s) dict_keys(['example_task_group_decorator']) retrieved from /home/petr/project/venv/lib/python3.10/site-packages/airflow/example_dags/example_task_group_decorator.py
[2023-12-01T13:49:10.562+0300] {logging_mixin.py:154} INFO - [2023-12-01T13:49:10.562+0300] {dag.py:2941} INFO - Sync 1 DAGs
[2023-12-01T13:49:10.598+0300] {logging_mixin.py:154} INFO - [2023-12-01T13:49:10.597+0300] {dag.py:3722} INFO - Setting next_dagrun for example_task_group_decorator to 2023-11-30T10:49:10.597664+00:00, run_after=2023-12-01T10:49:10.597664+00:00
[2023-12-01T13:49:10.621+0300] {processor.py:179} INFO - Processing /home/petr/project/venv/lib/python3.10/site-packages/airflow/example_dags/example_task_group_decorator.py took 0.159 seconds
[2023-12-01T13:49:41.779+0300] {processor.py:157} INFO - Started process (PID=5417) to work on /home/petr/project/venv/lib/python3.10/site-packages/airflow/example_dags/example_task_group_decorator.py
[2023-12-01T13:49:41.780+0300] {processor.py:829} INFO - Processing file /home/petr/project/venv/lib/python3.10/site-packages/airflow/example_dags/example_task_group_decorator.py for tasks to queue
[2023-12-01T13:49:41.780+0300] {logging_mixin.py:154} INFO - [2023-12-01T13:49:41.780+0300] {dagbag.py:536} INFO - Filling up the DagBag from /home/petr/project/venv/lib/python3.10/site-packages/airflow/example_dags/example_task_group_decorator.py
[2023-12-01T13:49:41.800+0300] {processor.py:839} INFO - DAG(s) dict_keys(['example_task_group_decorator']) retrieved from /home/petr/project/venv/lib/python3.10/site-packages/airflow/example_dags/example_task_group_decorator.py
[2023-12-01T13:49:41.840+0300] {logging_mixin.py:154} INFO - [2023-12-01T13:49:41.840+0300] {dag.py:2941} INFO - Sync 1 DAGs
[2023-12-01T13:49:41.859+0300] {logging_mixin.py:154} INFO - [2023-12-01T13:49:41.859+0300] {dag.py:3722} INFO - Setting next_dagrun for example_task_group_decorator to 2023-11-30T10:49:41.858830+00:00, run_after=2023-12-01T10:49:41.858830+00:00
[2023-12-01T13:49:41.898+0300] {processor.py:179} INFO - Processing /home/petr/project/venv/lib/python3.10/site-packages/airflow/example_dags/example_task_group_decorator.py took 0.123 seconds
[2023-12-01T13:50:12.189+0300] {processor.py:157} INFO - Started process (PID=5528) to work on /home/petr/project/venv/lib/python3.10/site-packages/airflow/example_dags/example_task_group_decorator.py
[2023-12-01T13:50:12.190+0300] {processor.py:829} INFO - Processing file /home/petr/project/venv/lib/python3.10/site-packages/airflow/example_dags/example_task_group_decorator.py for tasks to queue
[2023-12-01T13:50:12.191+0300] {logging_mixin.py:154} INFO - [2023-12-01T13:50:12.190+0300] {dagbag.py:536} INFO - Filling up the DagBag from /home/petr/project/venv/lib/python3.10/site-packages/airflow/example_dags/example_task_group_decorator.py
[2023-12-01T13:50:12.202+0300] {processor.py:839} INFO - DAG(s) dict_keys(['example_task_group_decorator']) retrieved from /home/petr/project/venv/lib/python3.10/site-packages/airflow/example_dags/example_task_group_decorator.py
[2023-12-01T13:50:12.231+0300] {logging_mixin.py:154} INFO - [2023-12-01T13:50:12.231+0300] {dag.py:2941} INFO - Sync 1 DAGs
[2023-12-01T13:50:12.247+0300] {logging_mixin.py:154} INFO - [2023-12-01T13:50:12.247+0300] {dag.py:3722} INFO - Setting next_dagrun for example_task_group_decorator to 2023-11-30T10:50:12.247220+00:00, run_after=2023-12-01T10:50:12.247220+00:00
[2023-12-01T13:50:12.272+0300] {processor.py:179} INFO - Processing /home/petr/project/venv/lib/python3.10/site-packages/airflow/example_dags/example_task_group_decorator.py took 0.086 seconds
[2023-12-01T20:00:48.559+0300] {processor.py:157} INFO - Started process (PID=5894) to work on /home/petr/project/venv/lib/python3.10/site-packages/airflow/example_dags/example_task_group_decorator.py
[2023-12-01T20:00:48.679+0300] {processor.py:829} INFO - Processing file /home/petr/project/venv/lib/python3.10/site-packages/airflow/example_dags/example_task_group_decorator.py for tasks to queue
[2023-12-01T20:00:48.681+0300] {logging_mixin.py:154} INFO - [2023-12-01T20:00:48.680+0300] {dagbag.py:536} INFO - Filling up the DagBag from /home/petr/project/venv/lib/python3.10/site-packages/airflow/example_dags/example_task_group_decorator.py
[2023-12-01T20:00:49.161+0300] {processor.py:839} INFO - DAG(s) dict_keys(['example_task_group_decorator']) retrieved from /home/petr/project/venv/lib/python3.10/site-packages/airflow/example_dags/example_task_group_decorator.py
[2023-12-01T20:00:49.691+0300] {logging_mixin.py:154} INFO - [2023-12-01T20:00:49.690+0300] {dag.py:2941} INFO - Sync 1 DAGs
[2023-12-01T20:00:49.951+0300] {logging_mixin.py:154} INFO - [2023-12-01T20:00:49.951+0300] {dag.py:3722} INFO - Setting next_dagrun for example_task_group_decorator to 2023-11-30T17:00:49.950994+00:00, run_after=2023-12-01T17:00:49.950994+00:00
[2023-12-01T20:00:50.118+0300] {processor.py:179} INFO - Processing /home/petr/project/venv/lib/python3.10/site-packages/airflow/example_dags/example_task_group_decorator.py took 1.617 seconds
