[2023-12-01T13:38:06.153+0300] {processor.py:157} INFO - Started process (PID=3359) to work on /home/petr/project/venv/lib/python3.10/site-packages/airflow/example_dags/example_xcomargs.py
[2023-12-01T13:38:06.154+0300] {processor.py:829} INFO - Processing file /home/petr/project/venv/lib/python3.10/site-packages/airflow/example_dags/example_xcomargs.py for tasks to queue
[2023-12-01T13:38:06.154+0300] {logging_mixin.py:154} INFO - [2023-12-01T13:38:06.154+0300] {dagbag.py:536} INFO - Filling up the DagBag from /home/petr/project/venv/lib/python3.10/site-packages/airflow/example_dags/example_xcomargs.py
[2023-12-01T13:38:06.161+0300] {processor.py:839} INFO - DAG(s) dict_keys(['example_xcom_args', 'example_xcom_args_with_operators']) retrieved from /home/petr/project/venv/lib/python3.10/site-packages/airflow/example_dags/example_xcomargs.py
[2023-12-01T13:38:06.242+0300] {logging_mixin.py:154} INFO - [2023-12-01T13:38:06.242+0300] {dag.py:2941} INFO - Sync 2 DAGs
[2023-12-01T13:38:06.258+0300] {logging_mixin.py:154} INFO - [2023-12-01T13:38:06.258+0300] {dag.py:3722} INFO - Setting next_dagrun for example_xcom_args to None, run_after=None
[2023-12-01T13:38:06.261+0300] {logging_mixin.py:154} INFO - [2023-12-01T13:38:06.260+0300] {dag.py:3722} INFO - Setting next_dagrun for example_xcom_args_with_operators to None, run_after=None
[2023-12-01T13:38:06.293+0300] {processor.py:179} INFO - Processing /home/petr/project/venv/lib/python3.10/site-packages/airflow/example_dags/example_xcomargs.py took 0.143 seconds
[2023-12-01T13:38:37.205+0300] {processor.py:157} INFO - Started process (PID=3464) to work on /home/petr/project/venv/lib/python3.10/site-packages/airflow/example_dags/example_xcomargs.py
[2023-12-01T13:38:37.206+0300] {processor.py:829} INFO - Processing file /home/petr/project/venv/lib/python3.10/site-packages/airflow/example_dags/example_xcomargs.py for tasks to queue
[2023-12-01T13:38:37.206+0300] {logging_mixin.py:154} INFO - [2023-12-01T13:38:37.206+0300] {dagbag.py:536} INFO - Filling up the DagBag from /home/petr/project/venv/lib/python3.10/site-packages/airflow/example_dags/example_xcomargs.py
[2023-12-01T13:38:37.224+0300] {processor.py:839} INFO - DAG(s) dict_keys(['example_xcom_args', 'example_xcom_args_with_operators']) retrieved from /home/petr/project/venv/lib/python3.10/site-packages/airflow/example_dags/example_xcomargs.py
[2023-12-01T13:38:37.294+0300] {logging_mixin.py:154} INFO - [2023-12-01T13:38:37.293+0300] {dag.py:2941} INFO - Sync 2 DAGs
[2023-12-01T13:38:37.316+0300] {logging_mixin.py:154} INFO - [2023-12-01T13:38:37.316+0300] {dag.py:3722} INFO - Setting next_dagrun for example_xcom_args to None, run_after=None
[2023-12-01T13:38:37.327+0300] {logging_mixin.py:154} INFO - [2023-12-01T13:38:37.326+0300] {dag.py:3722} INFO - Setting next_dagrun for example_xcom_args_with_operators to None, run_after=None
[2023-12-01T13:38:37.354+0300] {processor.py:179} INFO - Processing /home/petr/project/venv/lib/python3.10/site-packages/airflow/example_dags/example_xcomargs.py took 0.151 seconds
[2023-12-01T13:39:09.092+0300] {processor.py:157} INFO - Started process (PID=3566) to work on /home/petr/project/venv/lib/python3.10/site-packages/airflow/example_dags/example_xcomargs.py
[2023-12-01T13:39:09.093+0300] {processor.py:829} INFO - Processing file /home/petr/project/venv/lib/python3.10/site-packages/airflow/example_dags/example_xcomargs.py for tasks to queue
[2023-12-01T13:39:09.094+0300] {logging_mixin.py:154} INFO - [2023-12-01T13:39:09.094+0300] {dagbag.py:536} INFO - Filling up the DagBag from /home/petr/project/venv/lib/python3.10/site-packages/airflow/example_dags/example_xcomargs.py
[2023-12-01T13:39:09.119+0300] {processor.py:839} INFO - DAG(s) dict_keys(['example_xcom_args', 'example_xcom_args_with_operators']) retrieved from /home/petr/project/venv/lib/python3.10/site-packages/airflow/example_dags/example_xcomargs.py
[2023-12-01T13:39:09.295+0300] {logging_mixin.py:154} INFO - [2023-12-01T13:39:09.286+0300] {dag.py:2941} INFO - Sync 2 DAGs
[2023-12-01T13:39:09.376+0300] {logging_mixin.py:154} INFO - [2023-12-01T13:39:09.376+0300] {dag.py:3722} INFO - Setting next_dagrun for example_xcom_args to None, run_after=None
[2023-12-01T13:39:09.391+0300] {logging_mixin.py:154} INFO - [2023-12-01T13:39:09.391+0300] {dag.py:3722} INFO - Setting next_dagrun for example_xcom_args_with_operators to None, run_after=None
[2023-12-01T13:39:09.424+0300] {processor.py:179} INFO - Processing /home/petr/project/venv/lib/python3.10/site-packages/airflow/example_dags/example_xcomargs.py took 0.367 seconds
[2023-12-01T13:39:40.098+0300] {processor.py:157} INFO - Started process (PID=3682) to work on /home/petr/project/venv/lib/python3.10/site-packages/airflow/example_dags/example_xcomargs.py
[2023-12-01T13:39:40.112+0300] {processor.py:829} INFO - Processing file /home/petr/project/venv/lib/python3.10/site-packages/airflow/example_dags/example_xcomargs.py for tasks to queue
[2023-12-01T13:39:40.113+0300] {logging_mixin.py:154} INFO - [2023-12-01T13:39:40.113+0300] {dagbag.py:536} INFO - Filling up the DagBag from /home/petr/project/venv/lib/python3.10/site-packages/airflow/example_dags/example_xcomargs.py
[2023-12-01T13:39:40.119+0300] {processor.py:839} INFO - DAG(s) dict_keys(['example_xcom_args', 'example_xcom_args_with_operators']) retrieved from /home/petr/project/venv/lib/python3.10/site-packages/airflow/example_dags/example_xcomargs.py
[2023-12-01T13:39:40.179+0300] {logging_mixin.py:154} INFO - [2023-12-01T13:39:40.178+0300] {dag.py:2941} INFO - Sync 2 DAGs
[2023-12-01T13:39:40.199+0300] {logging_mixin.py:154} INFO - [2023-12-01T13:39:40.199+0300] {dag.py:3722} INFO - Setting next_dagrun for example_xcom_args to None, run_after=None
[2023-12-01T13:39:40.207+0300] {logging_mixin.py:154} INFO - [2023-12-01T13:39:40.207+0300] {dag.py:3722} INFO - Setting next_dagrun for example_xcom_args_with_operators to None, run_after=None
[2023-12-01T13:39:40.252+0300] {processor.py:179} INFO - Processing /home/petr/project/venv/lib/python3.10/site-packages/airflow/example_dags/example_xcomargs.py took 0.157 seconds
[2023-12-01T13:40:10.989+0300] {processor.py:157} INFO - Started process (PID=3803) to work on /home/petr/project/venv/lib/python3.10/site-packages/airflow/example_dags/example_xcomargs.py
[2023-12-01T13:40:11.005+0300] {processor.py:829} INFO - Processing file /home/petr/project/venv/lib/python3.10/site-packages/airflow/example_dags/example_xcomargs.py for tasks to queue
[2023-12-01T13:40:11.005+0300] {logging_mixin.py:154} INFO - [2023-12-01T13:40:11.005+0300] {dagbag.py:536} INFO - Filling up the DagBag from /home/petr/project/venv/lib/python3.10/site-packages/airflow/example_dags/example_xcomargs.py
[2023-12-01T13:40:11.049+0300] {processor.py:839} INFO - DAG(s) dict_keys(['example_xcom_args_with_operators', 'example_xcom_args']) retrieved from /home/petr/project/venv/lib/python3.10/site-packages/airflow/example_dags/example_xcomargs.py
[2023-12-01T13:40:11.145+0300] {logging_mixin.py:154} INFO - [2023-12-01T13:40:11.145+0300] {dag.py:2941} INFO - Sync 2 DAGs
[2023-12-01T13:40:11.197+0300] {logging_mixin.py:154} INFO - [2023-12-01T13:40:11.197+0300] {dag.py:3722} INFO - Setting next_dagrun for example_xcom_args to None, run_after=None
[2023-12-01T13:40:11.214+0300] {logging_mixin.py:154} INFO - [2023-12-01T13:40:11.214+0300] {dag.py:3722} INFO - Setting next_dagrun for example_xcom_args_with_operators to None, run_after=None
[2023-12-01T13:40:11.265+0300] {processor.py:179} INFO - Processing /home/petr/project/venv/lib/python3.10/site-packages/airflow/example_dags/example_xcomargs.py took 0.301 seconds
[2023-12-01T13:40:41.667+0300] {processor.py:157} INFO - Started process (PID=3906) to work on /home/petr/project/venv/lib/python3.10/site-packages/airflow/example_dags/example_xcomargs.py
[2023-12-01T13:40:41.677+0300] {processor.py:829} INFO - Processing file /home/petr/project/venv/lib/python3.10/site-packages/airflow/example_dags/example_xcomargs.py for tasks to queue
[2023-12-01T13:40:41.678+0300] {logging_mixin.py:154} INFO - [2023-12-01T13:40:41.678+0300] {dagbag.py:536} INFO - Filling up the DagBag from /home/petr/project/venv/lib/python3.10/site-packages/airflow/example_dags/example_xcomargs.py
[2023-12-01T13:40:41.703+0300] {processor.py:839} INFO - DAG(s) dict_keys(['example_xcom_args', 'example_xcom_args_with_operators']) retrieved from /home/petr/project/venv/lib/python3.10/site-packages/airflow/example_dags/example_xcomargs.py
[2023-12-01T13:40:41.782+0300] {logging_mixin.py:154} INFO - [2023-12-01T13:40:41.782+0300] {dag.py:2941} INFO - Sync 2 DAGs
[2023-12-01T13:40:41.810+0300] {logging_mixin.py:154} INFO - [2023-12-01T13:40:41.810+0300] {dag.py:3722} INFO - Setting next_dagrun for example_xcom_args to None, run_after=None
[2023-12-01T13:40:41.812+0300] {logging_mixin.py:154} INFO - [2023-12-01T13:40:41.812+0300] {dag.py:3722} INFO - Setting next_dagrun for example_xcom_args_with_operators to None, run_after=None
[2023-12-01T13:40:41.849+0300] {processor.py:179} INFO - Processing /home/petr/project/venv/lib/python3.10/site-packages/airflow/example_dags/example_xcomargs.py took 0.186 seconds
[2023-12-01T13:41:12.273+0300] {processor.py:157} INFO - Started process (PID=4004) to work on /home/petr/project/venv/lib/python3.10/site-packages/airflow/example_dags/example_xcomargs.py
[2023-12-01T13:41:12.280+0300] {processor.py:829} INFO - Processing file /home/petr/project/venv/lib/python3.10/site-packages/airflow/example_dags/example_xcomargs.py for tasks to queue
[2023-12-01T13:41:12.280+0300] {logging_mixin.py:154} INFO - [2023-12-01T13:41:12.280+0300] {dagbag.py:536} INFO - Filling up the DagBag from /home/petr/project/venv/lib/python3.10/site-packages/airflow/example_dags/example_xcomargs.py
[2023-12-01T13:41:12.286+0300] {processor.py:839} INFO - DAG(s) dict_keys(['example_xcom_args_with_operators', 'example_xcom_args']) retrieved from /home/petr/project/venv/lib/python3.10/site-packages/airflow/example_dags/example_xcomargs.py
[2023-12-01T13:41:12.346+0300] {logging_mixin.py:154} INFO - [2023-12-01T13:41:12.346+0300] {dag.py:2941} INFO - Sync 2 DAGs
[2023-12-01T13:41:12.365+0300] {logging_mixin.py:154} INFO - [2023-12-01T13:41:12.365+0300] {dag.py:3722} INFO - Setting next_dagrun for example_xcom_args to None, run_after=None
[2023-12-01T13:41:12.371+0300] {logging_mixin.py:154} INFO - [2023-12-01T13:41:12.370+0300] {dag.py:3722} INFO - Setting next_dagrun for example_xcom_args_with_operators to None, run_after=None
[2023-12-01T13:41:12.404+0300] {processor.py:179} INFO - Processing /home/petr/project/venv/lib/python3.10/site-packages/airflow/example_dags/example_xcomargs.py took 0.134 seconds
[2023-12-01T13:41:43.066+0300] {processor.py:157} INFO - Started process (PID=4108) to work on /home/petr/project/venv/lib/python3.10/site-packages/airflow/example_dags/example_xcomargs.py
[2023-12-01T13:41:43.081+0300] {processor.py:829} INFO - Processing file /home/petr/project/venv/lib/python3.10/site-packages/airflow/example_dags/example_xcomargs.py for tasks to queue
[2023-12-01T13:41:43.081+0300] {logging_mixin.py:154} INFO - [2023-12-01T13:41:43.081+0300] {dagbag.py:536} INFO - Filling up the DagBag from /home/petr/project/venv/lib/python3.10/site-packages/airflow/example_dags/example_xcomargs.py
[2023-12-01T13:41:43.087+0300] {processor.py:839} INFO - DAG(s) dict_keys(['example_xcom_args', 'example_xcom_args_with_operators']) retrieved from /home/petr/project/venv/lib/python3.10/site-packages/airflow/example_dags/example_xcomargs.py
[2023-12-01T13:41:43.147+0300] {logging_mixin.py:154} INFO - [2023-12-01T13:41:43.147+0300] {dag.py:2941} INFO - Sync 2 DAGs
[2023-12-01T13:41:43.166+0300] {logging_mixin.py:154} INFO - [2023-12-01T13:41:43.166+0300] {dag.py:3722} INFO - Setting next_dagrun for example_xcom_args to None, run_after=None
[2023-12-01T13:41:43.174+0300] {logging_mixin.py:154} INFO - [2023-12-01T13:41:43.174+0300] {dag.py:3722} INFO - Setting next_dagrun for example_xcom_args_with_operators to None, run_after=None
[2023-12-01T13:41:43.195+0300] {processor.py:179} INFO - Processing /home/petr/project/venv/lib/python3.10/site-packages/airflow/example_dags/example_xcomargs.py took 0.133 seconds
[2023-12-01T13:42:13.431+0300] {processor.py:157} INFO - Started process (PID=4215) to work on /home/petr/project/venv/lib/python3.10/site-packages/airflow/example_dags/example_xcomargs.py
[2023-12-01T13:42:13.446+0300] {processor.py:829} INFO - Processing file /home/petr/project/venv/lib/python3.10/site-packages/airflow/example_dags/example_xcomargs.py for tasks to queue
[2023-12-01T13:42:13.446+0300] {logging_mixin.py:154} INFO - [2023-12-01T13:42:13.446+0300] {dagbag.py:536} INFO - Filling up the DagBag from /home/petr/project/venv/lib/python3.10/site-packages/airflow/example_dags/example_xcomargs.py
[2023-12-01T13:42:13.454+0300] {processor.py:839} INFO - DAG(s) dict_keys(['example_xcom_args', 'example_xcom_args_with_operators']) retrieved from /home/petr/project/venv/lib/python3.10/site-packages/airflow/example_dags/example_xcomargs.py
[2023-12-01T13:42:13.508+0300] {logging_mixin.py:154} INFO - [2023-12-01T13:42:13.508+0300] {dag.py:2941} INFO - Sync 2 DAGs
[2023-12-01T13:42:13.528+0300] {logging_mixin.py:154} INFO - [2023-12-01T13:42:13.528+0300] {dag.py:3722} INFO - Setting next_dagrun for example_xcom_args to None, run_after=None
[2023-12-01T13:42:13.537+0300] {logging_mixin.py:154} INFO - [2023-12-01T13:42:13.537+0300] {dag.py:3722} INFO - Setting next_dagrun for example_xcom_args_with_operators to None, run_after=None
[2023-12-01T13:42:13.604+0300] {processor.py:179} INFO - Processing /home/petr/project/venv/lib/python3.10/site-packages/airflow/example_dags/example_xcomargs.py took 0.176 seconds
[2023-12-01T13:42:44.192+0300] {processor.py:157} INFO - Started process (PID=4319) to work on /home/petr/project/venv/lib/python3.10/site-packages/airflow/example_dags/example_xcomargs.py
[2023-12-01T13:42:44.198+0300] {processor.py:829} INFO - Processing file /home/petr/project/venv/lib/python3.10/site-packages/airflow/example_dags/example_xcomargs.py for tasks to queue
[2023-12-01T13:42:44.198+0300] {logging_mixin.py:154} INFO - [2023-12-01T13:42:44.198+0300] {dagbag.py:536} INFO - Filling up the DagBag from /home/petr/project/venv/lib/python3.10/site-packages/airflow/example_dags/example_xcomargs.py
[2023-12-01T13:42:44.204+0300] {processor.py:839} INFO - DAG(s) dict_keys(['example_xcom_args_with_operators', 'example_xcom_args']) retrieved from /home/petr/project/venv/lib/python3.10/site-packages/airflow/example_dags/example_xcomargs.py
[2023-12-01T13:42:44.273+0300] {logging_mixin.py:154} INFO - [2023-12-01T13:42:44.273+0300] {dag.py:2941} INFO - Sync 2 DAGs
[2023-12-01T13:42:44.292+0300] {logging_mixin.py:154} INFO - [2023-12-01T13:42:44.292+0300] {dag.py:3722} INFO - Setting next_dagrun for example_xcom_args to None, run_after=None
[2023-12-01T13:42:44.295+0300] {logging_mixin.py:154} INFO - [2023-12-01T13:42:44.295+0300] {dag.py:3722} INFO - Setting next_dagrun for example_xcom_args_with_operators to None, run_after=None
[2023-12-01T13:42:44.334+0300] {processor.py:179} INFO - Processing /home/petr/project/venv/lib/python3.10/site-packages/airflow/example_dags/example_xcomargs.py took 0.144 seconds
[2023-12-01T13:43:14.371+0300] {processor.py:157} INFO - Started process (PID=4418) to work on /home/petr/project/venv/lib/python3.10/site-packages/airflow/example_dags/example_xcomargs.py
[2023-12-01T13:43:14.380+0300] {processor.py:829} INFO - Processing file /home/petr/project/venv/lib/python3.10/site-packages/airflow/example_dags/example_xcomargs.py for tasks to queue
[2023-12-01T13:43:14.381+0300] {logging_mixin.py:154} INFO - [2023-12-01T13:43:14.381+0300] {dagbag.py:536} INFO - Filling up the DagBag from /home/petr/project/venv/lib/python3.10/site-packages/airflow/example_dags/example_xcomargs.py
[2023-12-01T13:43:14.397+0300] {processor.py:839} INFO - DAG(s) dict_keys(['example_xcom_args', 'example_xcom_args_with_operators']) retrieved from /home/petr/project/venv/lib/python3.10/site-packages/airflow/example_dags/example_xcomargs.py
[2023-12-01T13:43:14.454+0300] {logging_mixin.py:154} INFO - [2023-12-01T13:43:14.454+0300] {dag.py:2941} INFO - Sync 2 DAGs
[2023-12-01T13:43:14.478+0300] {logging_mixin.py:154} INFO - [2023-12-01T13:43:14.477+0300] {dag.py:3722} INFO - Setting next_dagrun for example_xcom_args to None, run_after=None
[2023-12-01T13:43:14.489+0300] {logging_mixin.py:154} INFO - [2023-12-01T13:43:14.489+0300] {dag.py:3722} INFO - Setting next_dagrun for example_xcom_args_with_operators to None, run_after=None
[2023-12-01T13:43:14.521+0300] {processor.py:179} INFO - Processing /home/petr/project/venv/lib/python3.10/site-packages/airflow/example_dags/example_xcomargs.py took 0.153 seconds
[2023-12-01T13:43:46.853+0300] {processor.py:157} INFO - Started process (PID=4520) to work on /home/petr/project/venv/lib/python3.10/site-packages/airflow/example_dags/example_xcomargs.py
[2023-12-01T13:43:46.858+0300] {processor.py:829} INFO - Processing file /home/petr/project/venv/lib/python3.10/site-packages/airflow/example_dags/example_xcomargs.py for tasks to queue
[2023-12-01T13:43:46.859+0300] {logging_mixin.py:154} INFO - [2023-12-01T13:43:46.859+0300] {dagbag.py:536} INFO - Filling up the DagBag from /home/petr/project/venv/lib/python3.10/site-packages/airflow/example_dags/example_xcomargs.py
[2023-12-01T13:43:46.874+0300] {processor.py:839} INFO - DAG(s) dict_keys(['example_xcom_args_with_operators', 'example_xcom_args']) retrieved from /home/petr/project/venv/lib/python3.10/site-packages/airflow/example_dags/example_xcomargs.py
[2023-12-01T13:43:46.945+0300] {logging_mixin.py:154} INFO - [2023-12-01T13:43:46.945+0300] {dag.py:2941} INFO - Sync 2 DAGs
[2023-12-01T13:43:46.959+0300] {logging_mixin.py:154} INFO - [2023-12-01T13:43:46.959+0300] {dag.py:3722} INFO - Setting next_dagrun for example_xcom_args to None, run_after=None
[2023-12-01T13:43:46.967+0300] {logging_mixin.py:154} INFO - [2023-12-01T13:43:46.967+0300] {dag.py:3722} INFO - Setting next_dagrun for example_xcom_args_with_operators to None, run_after=None
[2023-12-01T13:43:46.995+0300] {processor.py:179} INFO - Processing /home/petr/project/venv/lib/python3.10/site-packages/airflow/example_dags/example_xcomargs.py took 0.155 seconds
[2023-12-01T13:44:17.396+0300] {processor.py:157} INFO - Started process (PID=4618) to work on /home/petr/project/venv/lib/python3.10/site-packages/airflow/example_dags/example_xcomargs.py
[2023-12-01T13:44:17.411+0300] {processor.py:829} INFO - Processing file /home/petr/project/venv/lib/python3.10/site-packages/airflow/example_dags/example_xcomargs.py for tasks to queue
[2023-12-01T13:44:17.411+0300] {logging_mixin.py:154} INFO - [2023-12-01T13:44:17.411+0300] {dagbag.py:536} INFO - Filling up the DagBag from /home/petr/project/venv/lib/python3.10/site-packages/airflow/example_dags/example_xcomargs.py
[2023-12-01T13:44:17.420+0300] {processor.py:839} INFO - DAG(s) dict_keys(['example_xcom_args_with_operators', 'example_xcom_args']) retrieved from /home/petr/project/venv/lib/python3.10/site-packages/airflow/example_dags/example_xcomargs.py
[2023-12-01T13:44:17.476+0300] {logging_mixin.py:154} INFO - [2023-12-01T13:44:17.476+0300] {dag.py:2941} INFO - Sync 2 DAGs
[2023-12-01T13:44:17.498+0300] {logging_mixin.py:154} INFO - [2023-12-01T13:44:17.497+0300] {dag.py:3722} INFO - Setting next_dagrun for example_xcom_args to None, run_after=None
[2023-12-01T13:44:17.504+0300] {logging_mixin.py:154} INFO - [2023-12-01T13:44:17.504+0300] {dag.py:3722} INFO - Setting next_dagrun for example_xcom_args_with_operators to None, run_after=None
[2023-12-01T13:44:17.530+0300] {processor.py:179} INFO - Processing /home/petr/project/venv/lib/python3.10/site-packages/airflow/example_dags/example_xcomargs.py took 0.137 seconds
[2023-12-01T13:44:48.198+0300] {processor.py:157} INFO - Started process (PID=4720) to work on /home/petr/project/venv/lib/python3.10/site-packages/airflow/example_dags/example_xcomargs.py
[2023-12-01T13:44:48.209+0300] {processor.py:829} INFO - Processing file /home/petr/project/venv/lib/python3.10/site-packages/airflow/example_dags/example_xcomargs.py for tasks to queue
[2023-12-01T13:44:48.210+0300] {logging_mixin.py:154} INFO - [2023-12-01T13:44:48.210+0300] {dagbag.py:536} INFO - Filling up the DagBag from /home/petr/project/venv/lib/python3.10/site-packages/airflow/example_dags/example_xcomargs.py
[2023-12-01T13:44:48.232+0300] {processor.py:839} INFO - DAG(s) dict_keys(['example_xcom_args_with_operators', 'example_xcom_args']) retrieved from /home/petr/project/venv/lib/python3.10/site-packages/airflow/example_dags/example_xcomargs.py
[2023-12-01T13:44:48.313+0300] {logging_mixin.py:154} INFO - [2023-12-01T13:44:48.313+0300] {dag.py:2941} INFO - Sync 2 DAGs
[2023-12-01T13:44:48.336+0300] {logging_mixin.py:154} INFO - [2023-12-01T13:44:48.336+0300] {dag.py:3722} INFO - Setting next_dagrun for example_xcom_args to None, run_after=None
[2023-12-01T13:44:48.346+0300] {logging_mixin.py:154} INFO - [2023-12-01T13:44:48.346+0300] {dag.py:3722} INFO - Setting next_dagrun for example_xcom_args_with_operators to None, run_after=None
[2023-12-01T13:44:48.391+0300] {processor.py:179} INFO - Processing /home/petr/project/venv/lib/python3.10/site-packages/airflow/example_dags/example_xcomargs.py took 0.196 seconds
[2023-12-01T13:45:19.004+0300] {processor.py:157} INFO - Started process (PID=4841) to work on /home/petr/project/venv/lib/python3.10/site-packages/airflow/example_dags/example_xcomargs.py
[2023-12-01T13:45:19.008+0300] {processor.py:829} INFO - Processing file /home/petr/project/venv/lib/python3.10/site-packages/airflow/example_dags/example_xcomargs.py for tasks to queue
[2023-12-01T13:45:19.009+0300] {logging_mixin.py:154} INFO - [2023-12-01T13:45:19.008+0300] {dagbag.py:536} INFO - Filling up the DagBag from /home/petr/project/venv/lib/python3.10/site-packages/airflow/example_dags/example_xcomargs.py
[2023-12-01T13:45:19.032+0300] {processor.py:839} INFO - DAG(s) dict_keys(['example_xcom_args_with_operators', 'example_xcom_args']) retrieved from /home/petr/project/venv/lib/python3.10/site-packages/airflow/example_dags/example_xcomargs.py
[2023-12-01T13:45:19.116+0300] {logging_mixin.py:154} INFO - [2023-12-01T13:45:19.116+0300] {dag.py:2941} INFO - Sync 2 DAGs
[2023-12-01T13:45:19.134+0300] {logging_mixin.py:154} INFO - [2023-12-01T13:45:19.134+0300] {dag.py:3722} INFO - Setting next_dagrun for example_xcom_args to None, run_after=None
[2023-12-01T13:45:19.137+0300] {logging_mixin.py:154} INFO - [2023-12-01T13:45:19.137+0300] {dag.py:3722} INFO - Setting next_dagrun for example_xcom_args_with_operators to None, run_after=None
[2023-12-01T13:45:19.188+0300] {processor.py:179} INFO - Processing /home/petr/project/venv/lib/python3.10/site-packages/airflow/example_dags/example_xcomargs.py took 0.200 seconds
[2023-12-01T13:46:46.047+0300] {processor.py:157} INFO - Started process (PID=4955) to work on /home/petr/project/venv/lib/python3.10/site-packages/airflow/example_dags/example_xcomargs.py
[2023-12-01T13:46:46.064+0300] {processor.py:829} INFO - Processing file /home/petr/project/venv/lib/python3.10/site-packages/airflow/example_dags/example_xcomargs.py for tasks to queue
[2023-12-01T13:46:46.065+0300] {logging_mixin.py:154} INFO - [2023-12-01T13:46:46.065+0300] {dagbag.py:536} INFO - Filling up the DagBag from /home/petr/project/venv/lib/python3.10/site-packages/airflow/example_dags/example_xcomargs.py
[2023-12-01T13:46:46.102+0300] {processor.py:839} INFO - DAG(s) dict_keys(['example_xcom_args', 'example_xcom_args_with_operators']) retrieved from /home/petr/project/venv/lib/python3.10/site-packages/airflow/example_dags/example_xcomargs.py
[2023-12-01T13:46:46.301+0300] {logging_mixin.py:154} INFO - [2023-12-01T13:46:46.301+0300] {dag.py:2941} INFO - Sync 2 DAGs
[2023-12-01T13:46:46.337+0300] {logging_mixin.py:154} INFO - [2023-12-01T13:46:46.337+0300] {dag.py:3722} INFO - Setting next_dagrun for example_xcom_args to None, run_after=None
[2023-12-01T13:46:46.352+0300] {logging_mixin.py:154} INFO - [2023-12-01T13:46:46.351+0300] {dag.py:3722} INFO - Setting next_dagrun for example_xcom_args_with_operators to None, run_after=None
[2023-12-01T13:46:46.383+0300] {processor.py:179} INFO - Processing /home/petr/project/venv/lib/python3.10/site-packages/airflow/example_dags/example_xcomargs.py took 0.354 seconds
[2023-12-01T13:47:16.634+0300] {processor.py:157} INFO - Started process (PID=5058) to work on /home/petr/project/venv/lib/python3.10/site-packages/airflow/example_dags/example_xcomargs.py
[2023-12-01T13:47:16.634+0300] {processor.py:829} INFO - Processing file /home/petr/project/venv/lib/python3.10/site-packages/airflow/example_dags/example_xcomargs.py for tasks to queue
[2023-12-01T13:47:16.635+0300] {logging_mixin.py:154} INFO - [2023-12-01T13:47:16.635+0300] {dagbag.py:536} INFO - Filling up the DagBag from /home/petr/project/venv/lib/python3.10/site-packages/airflow/example_dags/example_xcomargs.py
[2023-12-01T13:47:16.657+0300] {processor.py:839} INFO - DAG(s) dict_keys(['example_xcom_args_with_operators', 'example_xcom_args']) retrieved from /home/petr/project/venv/lib/python3.10/site-packages/airflow/example_dags/example_xcomargs.py
[2023-12-01T13:47:16.729+0300] {logging_mixin.py:154} INFO - [2023-12-01T13:47:16.729+0300] {dag.py:2941} INFO - Sync 2 DAGs
[2023-12-01T13:47:16.757+0300] {logging_mixin.py:154} INFO - [2023-12-01T13:47:16.756+0300] {dag.py:3722} INFO - Setting next_dagrun for example_xcom_args to None, run_after=None
[2023-12-01T13:47:16.759+0300] {logging_mixin.py:154} INFO - [2023-12-01T13:47:16.759+0300] {dag.py:3722} INFO - Setting next_dagrun for example_xcom_args_with_operators to None, run_after=None
[2023-12-01T13:47:16.782+0300] {processor.py:179} INFO - Processing /home/petr/project/venv/lib/python3.10/site-packages/airflow/example_dags/example_xcomargs.py took 0.152 seconds
[2023-12-01T13:47:47.869+0300] {processor.py:157} INFO - Started process (PID=5186) to work on /home/petr/project/venv/lib/python3.10/site-packages/airflow/example_dags/example_xcomargs.py
[2023-12-01T13:47:47.876+0300] {processor.py:829} INFO - Processing file /home/petr/project/venv/lib/python3.10/site-packages/airflow/example_dags/example_xcomargs.py for tasks to queue
[2023-12-01T13:47:47.876+0300] {logging_mixin.py:154} INFO - [2023-12-01T13:47:47.876+0300] {dagbag.py:536} INFO - Filling up the DagBag from /home/petr/project/venv/lib/python3.10/site-packages/airflow/example_dags/example_xcomargs.py
[2023-12-01T13:47:47.882+0300] {processor.py:839} INFO - DAG(s) dict_keys(['example_xcom_args_with_operators', 'example_xcom_args']) retrieved from /home/petr/project/venv/lib/python3.10/site-packages/airflow/example_dags/example_xcomargs.py
[2023-12-01T13:47:47.945+0300] {logging_mixin.py:154} INFO - [2023-12-01T13:47:47.945+0300] {dag.py:2941} INFO - Sync 2 DAGs
[2023-12-01T13:47:47.964+0300] {logging_mixin.py:154} INFO - [2023-12-01T13:47:47.964+0300] {dag.py:3722} INFO - Setting next_dagrun for example_xcom_args to None, run_after=None
[2023-12-01T13:47:47.970+0300] {logging_mixin.py:154} INFO - [2023-12-01T13:47:47.970+0300] {dag.py:3722} INFO - Setting next_dagrun for example_xcom_args_with_operators to None, run_after=None
[2023-12-01T13:47:48.016+0300] {processor.py:179} INFO - Processing /home/petr/project/venv/lib/python3.10/site-packages/airflow/example_dags/example_xcomargs.py took 0.150 seconds
[2023-12-01T13:49:11.177+0300] {processor.py:157} INFO - Started process (PID=5333) to work on /home/petr/project/venv/lib/python3.10/site-packages/airflow/example_dags/example_xcomargs.py
[2023-12-01T13:49:11.179+0300] {processor.py:829} INFO - Processing file /home/petr/project/venv/lib/python3.10/site-packages/airflow/example_dags/example_xcomargs.py for tasks to queue
[2023-12-01T13:49:11.180+0300] {logging_mixin.py:154} INFO - [2023-12-01T13:49:11.180+0300] {dagbag.py:536} INFO - Filling up the DagBag from /home/petr/project/venv/lib/python3.10/site-packages/airflow/example_dags/example_xcomargs.py
[2023-12-01T13:49:11.186+0300] {processor.py:839} INFO - DAG(s) dict_keys(['example_xcom_args_with_operators', 'example_xcom_args']) retrieved from /home/petr/project/venv/lib/python3.10/site-packages/airflow/example_dags/example_xcomargs.py
[2023-12-01T13:49:11.275+0300] {logging_mixin.py:154} INFO - [2023-12-01T13:49:11.275+0300] {dag.py:2941} INFO - Sync 2 DAGs
[2023-12-01T13:49:11.307+0300] {logging_mixin.py:154} INFO - [2023-12-01T13:49:11.307+0300] {dag.py:3722} INFO - Setting next_dagrun for example_xcom_args to None, run_after=None
[2023-12-01T13:49:11.312+0300] {logging_mixin.py:154} INFO - [2023-12-01T13:49:11.312+0300] {dag.py:3722} INFO - Setting next_dagrun for example_xcom_args_with_operators to None, run_after=None
[2023-12-01T13:49:11.335+0300] {processor.py:179} INFO - Processing /home/petr/project/venv/lib/python3.10/site-packages/airflow/example_dags/example_xcomargs.py took 0.172 seconds
[2023-12-01T13:49:42.923+0300] {processor.py:157} INFO - Started process (PID=5434) to work on /home/petr/project/venv/lib/python3.10/site-packages/airflow/example_dags/example_xcomargs.py
[2023-12-01T13:49:42.930+0300] {processor.py:829} INFO - Processing file /home/petr/project/venv/lib/python3.10/site-packages/airflow/example_dags/example_xcomargs.py for tasks to queue
[2023-12-01T13:49:42.930+0300] {logging_mixin.py:154} INFO - [2023-12-01T13:49:42.930+0300] {dagbag.py:536} INFO - Filling up the DagBag from /home/petr/project/venv/lib/python3.10/site-packages/airflow/example_dags/example_xcomargs.py
[2023-12-01T13:49:42.938+0300] {processor.py:839} INFO - DAG(s) dict_keys(['example_xcom_args', 'example_xcom_args_with_operators']) retrieved from /home/petr/project/venv/lib/python3.10/site-packages/airflow/example_dags/example_xcomargs.py
[2023-12-01T13:49:43.007+0300] {logging_mixin.py:154} INFO - [2023-12-01T13:49:43.007+0300] {dag.py:2941} INFO - Sync 2 DAGs
[2023-12-01T13:49:43.035+0300] {logging_mixin.py:154} INFO - [2023-12-01T13:49:43.035+0300] {dag.py:3722} INFO - Setting next_dagrun for example_xcom_args to None, run_after=None
[2023-12-01T13:49:43.054+0300] {logging_mixin.py:154} INFO - [2023-12-01T13:49:43.054+0300] {dag.py:3722} INFO - Setting next_dagrun for example_xcom_args_with_operators to None, run_after=None
[2023-12-01T13:49:43.116+0300] {processor.py:179} INFO - Processing /home/petr/project/venv/lib/python3.10/site-packages/airflow/example_dags/example_xcomargs.py took 0.196 seconds
[2023-12-01T13:50:13.845+0300] {processor.py:157} INFO - Started process (PID=5544) to work on /home/petr/project/venv/lib/python3.10/site-packages/airflow/example_dags/example_xcomargs.py
[2023-12-01T13:50:13.852+0300] {processor.py:829} INFO - Processing file /home/petr/project/venv/lib/python3.10/site-packages/airflow/example_dags/example_xcomargs.py for tasks to queue
[2023-12-01T13:50:13.853+0300] {logging_mixin.py:154} INFO - [2023-12-01T13:50:13.852+0300] {dagbag.py:536} INFO - Filling up the DagBag from /home/petr/project/venv/lib/python3.10/site-packages/airflow/example_dags/example_xcomargs.py
[2023-12-01T13:50:13.870+0300] {processor.py:839} INFO - DAG(s) dict_keys(['example_xcom_args_with_operators', 'example_xcom_args']) retrieved from /home/petr/project/venv/lib/python3.10/site-packages/airflow/example_dags/example_xcomargs.py
[2023-12-01T13:50:13.949+0300] {logging_mixin.py:154} INFO - [2023-12-01T13:50:13.948+0300] {dag.py:2941} INFO - Sync 2 DAGs
[2023-12-01T13:50:13.972+0300] {logging_mixin.py:154} INFO - [2023-12-01T13:50:13.972+0300] {dag.py:3722} INFO - Setting next_dagrun for example_xcom_args to None, run_after=None
[2023-12-01T13:50:13.982+0300] {logging_mixin.py:154} INFO - [2023-12-01T13:50:13.982+0300] {dag.py:3722} INFO - Setting next_dagrun for example_xcom_args_with_operators to None, run_after=None
[2023-12-01T13:50:14.017+0300] {processor.py:179} INFO - Processing /home/petr/project/venv/lib/python3.10/site-packages/airflow/example_dags/example_xcomargs.py took 0.174 seconds
[2023-12-01T20:00:52.880+0300] {processor.py:157} INFO - Started process (PID=5918) to work on /home/petr/project/venv/lib/python3.10/site-packages/airflow/example_dags/example_xcomargs.py
[2023-12-01T20:00:52.884+0300] {processor.py:829} INFO - Processing file /home/petr/project/venv/lib/python3.10/site-packages/airflow/example_dags/example_xcomargs.py for tasks to queue
[2023-12-01T20:00:52.890+0300] {logging_mixin.py:154} INFO - [2023-12-01T20:00:52.889+0300] {dagbag.py:536} INFO - Filling up the DagBag from /home/petr/project/venv/lib/python3.10/site-packages/airflow/example_dags/example_xcomargs.py
[2023-12-01T20:00:52.978+0300] {processor.py:839} INFO - DAG(s) dict_keys(['example_xcom_args_with_operators', 'example_xcom_args']) retrieved from /home/petr/project/venv/lib/python3.10/site-packages/airflow/example_dags/example_xcomargs.py
[2023-12-01T20:00:53.176+0300] {logging_mixin.py:154} INFO - [2023-12-01T20:00:53.173+0300] {dag.py:2941} INFO - Sync 2 DAGs
[2023-12-01T20:00:53.263+0300] {logging_mixin.py:154} INFO - [2023-12-01T20:00:53.243+0300] {dag.py:3722} INFO - Setting next_dagrun for example_xcom_args to None, run_after=None
[2023-12-01T20:00:53.276+0300] {logging_mixin.py:154} INFO - [2023-12-01T20:00:53.276+0300] {dag.py:3722} INFO - Setting next_dagrun for example_xcom_args_with_operators to None, run_after=None
[2023-12-01T20:00:53.408+0300] {processor.py:179} INFO - Processing /home/petr/project/venv/lib/python3.10/site-packages/airflow/example_dags/example_xcomargs.py took 0.546 seconds
