[2023-12-01T13:38:06.358+0300] {processor.py:157} INFO - Started process (PID=3363) to work on /home/petr/project/venv/lib/python3.10/site-packages/airflow/example_dags/example_short_circuit_decorator.py
[2023-12-01T13:38:06.358+0300] {processor.py:829} INFO - Processing file /home/petr/project/venv/lib/python3.10/site-packages/airflow/example_dags/example_short_circuit_decorator.py for tasks to queue
[2023-12-01T13:38:06.359+0300] {logging_mixin.py:154} INFO - [2023-12-01T13:38:06.358+0300] {dagbag.py:536} INFO - Filling up the DagBag from /home/petr/project/venv/lib/python3.10/site-packages/airflow/example_dags/example_short_circuit_decorator.py
[2023-12-01T13:38:06.372+0300] {processor.py:839} INFO - DAG(s) dict_keys(['example_short_circuit_decorator']) retrieved from /home/petr/project/venv/lib/python3.10/site-packages/airflow/example_dags/example_short_circuit_decorator.py
[2023-12-01T13:38:06.444+0300] {logging_mixin.py:154} INFO - [2023-12-01T13:38:06.444+0300] {dag.py:2941} INFO - Sync 1 DAGs
[2023-12-01T13:38:06.482+0300] {logging_mixin.py:154} INFO - [2023-12-01T13:38:06.482+0300] {dag.py:3722} INFO - Setting next_dagrun for example_short_circuit_decorator to 2023-11-30T10:38:06.482093+00:00, run_after=2023-12-01T10:38:06.482093+00:00
[2023-12-01T13:38:06.522+0300] {processor.py:179} INFO - Processing /home/petr/project/venv/lib/python3.10/site-packages/airflow/example_dags/example_short_circuit_decorator.py took 0.167 seconds
[2023-12-01T13:38:37.387+0300] {processor.py:157} INFO - Started process (PID=3468) to work on /home/petr/project/venv/lib/python3.10/site-packages/airflow/example_dags/example_short_circuit_decorator.py
[2023-12-01T13:38:37.387+0300] {processor.py:829} INFO - Processing file /home/petr/project/venv/lib/python3.10/site-packages/airflow/example_dags/example_short_circuit_decorator.py for tasks to queue
[2023-12-01T13:38:37.399+0300] {logging_mixin.py:154} INFO - [2023-12-01T13:38:37.398+0300] {dagbag.py:536} INFO - Filling up the DagBag from /home/petr/project/venv/lib/python3.10/site-packages/airflow/example_dags/example_short_circuit_decorator.py
[2023-12-01T13:38:37.407+0300] {processor.py:839} INFO - DAG(s) dict_keys(['example_short_circuit_decorator']) retrieved from /home/petr/project/venv/lib/python3.10/site-packages/airflow/example_dags/example_short_circuit_decorator.py
[2023-12-01T13:38:37.471+0300] {logging_mixin.py:154} INFO - [2023-12-01T13:38:37.471+0300] {dag.py:2941} INFO - Sync 1 DAGs
[2023-12-01T13:38:37.511+0300] {logging_mixin.py:154} INFO - [2023-12-01T13:38:37.510+0300] {dag.py:3722} INFO - Setting next_dagrun for example_short_circuit_decorator to 2023-11-30T10:38:37.510763+00:00, run_after=2023-12-01T10:38:37.510763+00:00
[2023-12-01T13:38:37.546+0300] {processor.py:179} INFO - Processing /home/petr/project/venv/lib/python3.10/site-packages/airflow/example_dags/example_short_circuit_decorator.py took 0.162 seconds
[2023-12-01T13:39:09.459+0300] {processor.py:157} INFO - Started process (PID=3570) to work on /home/petr/project/venv/lib/python3.10/site-packages/airflow/example_dags/example_short_circuit_decorator.py
[2023-12-01T13:39:09.472+0300] {processor.py:829} INFO - Processing file /home/petr/project/venv/lib/python3.10/site-packages/airflow/example_dags/example_short_circuit_decorator.py for tasks to queue
[2023-12-01T13:39:09.473+0300] {logging_mixin.py:154} INFO - [2023-12-01T13:39:09.473+0300] {dagbag.py:536} INFO - Filling up the DagBag from /home/petr/project/venv/lib/python3.10/site-packages/airflow/example_dags/example_short_circuit_decorator.py
[2023-12-01T13:39:09.482+0300] {processor.py:839} INFO - DAG(s) dict_keys(['example_short_circuit_decorator']) retrieved from /home/petr/project/venv/lib/python3.10/site-packages/airflow/example_dags/example_short_circuit_decorator.py
[2023-12-01T13:39:09.547+0300] {logging_mixin.py:154} INFO - [2023-12-01T13:39:09.547+0300] {dag.py:2941} INFO - Sync 1 DAGs
[2023-12-01T13:39:09.581+0300] {logging_mixin.py:154} INFO - [2023-12-01T13:39:09.581+0300] {dag.py:3722} INFO - Setting next_dagrun for example_short_circuit_decorator to 2023-11-30T10:39:09.581518+00:00, run_after=2023-12-01T10:39:09.581518+00:00
[2023-12-01T13:39:09.618+0300] {processor.py:179} INFO - Processing /home/petr/project/venv/lib/python3.10/site-packages/airflow/example_dags/example_short_circuit_decorator.py took 0.162 seconds
[2023-12-01T13:39:40.403+0300] {processor.py:157} INFO - Started process (PID=3687) to work on /home/petr/project/venv/lib/python3.10/site-packages/airflow/example_dags/example_short_circuit_decorator.py
[2023-12-01T13:39:40.404+0300] {processor.py:829} INFO - Processing file /home/petr/project/venv/lib/python3.10/site-packages/airflow/example_dags/example_short_circuit_decorator.py for tasks to queue
[2023-12-01T13:39:40.404+0300] {logging_mixin.py:154} INFO - [2023-12-01T13:39:40.404+0300] {dagbag.py:536} INFO - Filling up the DagBag from /home/petr/project/venv/lib/python3.10/site-packages/airflow/example_dags/example_short_circuit_decorator.py
[2023-12-01T13:39:40.412+0300] {processor.py:839} INFO - DAG(s) dict_keys(['example_short_circuit_decorator']) retrieved from /home/petr/project/venv/lib/python3.10/site-packages/airflow/example_dags/example_short_circuit_decorator.py
[2023-12-01T13:39:40.467+0300] {logging_mixin.py:154} INFO - [2023-12-01T13:39:40.466+0300] {dag.py:2941} INFO - Sync 1 DAGs
[2023-12-01T13:39:40.492+0300] {logging_mixin.py:154} INFO - [2023-12-01T13:39:40.492+0300] {dag.py:3722} INFO - Setting next_dagrun for example_short_circuit_decorator to 2023-11-30T10:39:40.492535+00:00, run_after=2023-12-01T10:39:40.492535+00:00
[2023-12-01T13:39:40.530+0300] {processor.py:179} INFO - Processing /home/petr/project/venv/lib/python3.10/site-packages/airflow/example_dags/example_short_circuit_decorator.py took 0.141 seconds
[2023-12-01T13:40:11.334+0300] {processor.py:157} INFO - Started process (PID=3807) to work on /home/petr/project/venv/lib/python3.10/site-packages/airflow/example_dags/example_short_circuit_decorator.py
[2023-12-01T13:40:11.337+0300] {processor.py:829} INFO - Processing file /home/petr/project/venv/lib/python3.10/site-packages/airflow/example_dags/example_short_circuit_decorator.py for tasks to queue
[2023-12-01T13:40:11.337+0300] {logging_mixin.py:154} INFO - [2023-12-01T13:40:11.337+0300] {dagbag.py:536} INFO - Filling up the DagBag from /home/petr/project/venv/lib/python3.10/site-packages/airflow/example_dags/example_short_circuit_decorator.py
[2023-12-01T13:40:11.380+0300] {processor.py:839} INFO - DAG(s) dict_keys(['example_short_circuit_decorator']) retrieved from /home/petr/project/venv/lib/python3.10/site-packages/airflow/example_dags/example_short_circuit_decorator.py
[2023-12-01T13:40:11.469+0300] {logging_mixin.py:154} INFO - [2023-12-01T13:40:11.469+0300] {dag.py:2941} INFO - Sync 1 DAGs
[2023-12-01T13:40:11.528+0300] {logging_mixin.py:154} INFO - [2023-12-01T13:40:11.527+0300] {dag.py:3722} INFO - Setting next_dagrun for example_short_circuit_decorator to 2023-11-30T10:40:11.527792+00:00, run_after=2023-12-01T10:40:11.527792+00:00
[2023-12-01T13:40:11.586+0300] {processor.py:179} INFO - Processing /home/petr/project/venv/lib/python3.10/site-packages/airflow/example_dags/example_short_circuit_decorator.py took 0.262 seconds
[2023-12-01T13:40:41.880+0300] {processor.py:157} INFO - Started process (PID=3910) to work on /home/petr/project/venv/lib/python3.10/site-packages/airflow/example_dags/example_short_circuit_decorator.py
[2023-12-01T13:40:41.887+0300] {processor.py:829} INFO - Processing file /home/petr/project/venv/lib/python3.10/site-packages/airflow/example_dags/example_short_circuit_decorator.py for tasks to queue
[2023-12-01T13:40:41.888+0300] {logging_mixin.py:154} INFO - [2023-12-01T13:40:41.888+0300] {dagbag.py:536} INFO - Filling up the DagBag from /home/petr/project/venv/lib/python3.10/site-packages/airflow/example_dags/example_short_circuit_decorator.py
[2023-12-01T13:40:41.896+0300] {processor.py:839} INFO - DAG(s) dict_keys(['example_short_circuit_decorator']) retrieved from /home/petr/project/venv/lib/python3.10/site-packages/airflow/example_dags/example_short_circuit_decorator.py
[2023-12-01T13:40:41.988+0300] {logging_mixin.py:154} INFO - [2023-12-01T13:40:41.988+0300] {dag.py:2941} INFO - Sync 1 DAGs
[2023-12-01T13:40:42.015+0300] {logging_mixin.py:154} INFO - [2023-12-01T13:40:42.015+0300] {dag.py:3722} INFO - Setting next_dagrun for example_short_circuit_decorator to 2023-11-30T10:40:42.014946+00:00, run_after=2023-12-01T10:40:42.014946+00:00
[2023-12-01T13:40:42.056+0300] {processor.py:179} INFO - Processing /home/petr/project/venv/lib/python3.10/site-packages/airflow/example_dags/example_short_circuit_decorator.py took 0.179 seconds
[2023-12-01T13:41:12.477+0300] {processor.py:157} INFO - Started process (PID=4009) to work on /home/petr/project/venv/lib/python3.10/site-packages/airflow/example_dags/example_short_circuit_decorator.py
[2023-12-01T13:41:12.488+0300] {processor.py:829} INFO - Processing file /home/petr/project/venv/lib/python3.10/site-packages/airflow/example_dags/example_short_circuit_decorator.py for tasks to queue
[2023-12-01T13:41:12.489+0300] {logging_mixin.py:154} INFO - [2023-12-01T13:41:12.489+0300] {dagbag.py:536} INFO - Filling up the DagBag from /home/petr/project/venv/lib/python3.10/site-packages/airflow/example_dags/example_short_circuit_decorator.py
[2023-12-01T13:41:12.508+0300] {processor.py:839} INFO - DAG(s) dict_keys(['example_short_circuit_decorator']) retrieved from /home/petr/project/venv/lib/python3.10/site-packages/airflow/example_dags/example_short_circuit_decorator.py
[2023-12-01T13:41:12.555+0300] {logging_mixin.py:154} INFO - [2023-12-01T13:41:12.555+0300] {dag.py:2941} INFO - Sync 1 DAGs
[2023-12-01T13:41:12.600+0300] {logging_mixin.py:154} INFO - [2023-12-01T13:41:12.600+0300] {dag.py:3722} INFO - Setting next_dagrun for example_short_circuit_decorator to 2023-11-30T10:41:12.599948+00:00, run_after=2023-12-01T10:41:12.599948+00:00
[2023-12-01T13:41:12.633+0300] {processor.py:179} INFO - Processing /home/petr/project/venv/lib/python3.10/site-packages/airflow/example_dags/example_short_circuit_decorator.py took 0.167 seconds
[2023-12-01T13:41:43.306+0300] {processor.py:157} INFO - Started process (PID=4113) to work on /home/petr/project/venv/lib/python3.10/site-packages/airflow/example_dags/example_short_circuit_decorator.py
[2023-12-01T13:41:43.307+0300] {processor.py:829} INFO - Processing file /home/petr/project/venv/lib/python3.10/site-packages/airflow/example_dags/example_short_circuit_decorator.py for tasks to queue
[2023-12-01T13:41:43.307+0300] {logging_mixin.py:154} INFO - [2023-12-01T13:41:43.307+0300] {dagbag.py:536} INFO - Filling up the DagBag from /home/petr/project/venv/lib/python3.10/site-packages/airflow/example_dags/example_short_circuit_decorator.py
[2023-12-01T13:41:43.331+0300] {processor.py:839} INFO - DAG(s) dict_keys(['example_short_circuit_decorator']) retrieved from /home/petr/project/venv/lib/python3.10/site-packages/airflow/example_dags/example_short_circuit_decorator.py
[2023-12-01T13:41:43.379+0300] {logging_mixin.py:154} INFO - [2023-12-01T13:41:43.379+0300] {dag.py:2941} INFO - Sync 1 DAGs
[2023-12-01T13:41:43.425+0300] {logging_mixin.py:154} INFO - [2023-12-01T13:41:43.425+0300] {dag.py:3722} INFO - Setting next_dagrun for example_short_circuit_decorator to 2023-11-30T10:41:43.425576+00:00, run_after=2023-12-01T10:41:43.425576+00:00
[2023-12-01T13:41:43.448+0300] {processor.py:179} INFO - Processing /home/petr/project/venv/lib/python3.10/site-packages/airflow/example_dags/example_short_circuit_decorator.py took 0.153 seconds
[2023-12-01T13:42:13.824+0300] {processor.py:157} INFO - Started process (PID=4220) to work on /home/petr/project/venv/lib/python3.10/site-packages/airflow/example_dags/example_short_circuit_decorator.py
[2023-12-01T13:42:13.838+0300] {processor.py:829} INFO - Processing file /home/petr/project/venv/lib/python3.10/site-packages/airflow/example_dags/example_short_circuit_decorator.py for tasks to queue
[2023-12-01T13:42:13.839+0300] {logging_mixin.py:154} INFO - [2023-12-01T13:42:13.839+0300] {dagbag.py:536} INFO - Filling up the DagBag from /home/petr/project/venv/lib/python3.10/site-packages/airflow/example_dags/example_short_circuit_decorator.py
[2023-12-01T13:42:13.849+0300] {processor.py:839} INFO - DAG(s) dict_keys(['example_short_circuit_decorator']) retrieved from /home/petr/project/venv/lib/python3.10/site-packages/airflow/example_dags/example_short_circuit_decorator.py
[2023-12-01T13:42:13.912+0300] {logging_mixin.py:154} INFO - [2023-12-01T13:42:13.912+0300] {dag.py:2941} INFO - Sync 1 DAGs
[2023-12-01T13:42:13.941+0300] {logging_mixin.py:154} INFO - [2023-12-01T13:42:13.941+0300] {dag.py:3722} INFO - Setting next_dagrun for example_short_circuit_decorator to 2023-11-30T10:42:13.941455+00:00, run_after=2023-12-01T10:42:13.941455+00:00
[2023-12-01T13:42:13.985+0300] {processor.py:179} INFO - Processing /home/petr/project/venv/lib/python3.10/site-packages/airflow/example_dags/example_short_circuit_decorator.py took 0.164 seconds
[2023-12-01T13:42:44.413+0300] {processor.py:157} INFO - Started process (PID=4323) to work on /home/petr/project/venv/lib/python3.10/site-packages/airflow/example_dags/example_short_circuit_decorator.py
[2023-12-01T13:42:44.426+0300] {processor.py:829} INFO - Processing file /home/petr/project/venv/lib/python3.10/site-packages/airflow/example_dags/example_short_circuit_decorator.py for tasks to queue
[2023-12-01T13:42:44.426+0300] {logging_mixin.py:154} INFO - [2023-12-01T13:42:44.426+0300] {dagbag.py:536} INFO - Filling up the DagBag from /home/petr/project/venv/lib/python3.10/site-packages/airflow/example_dags/example_short_circuit_decorator.py
[2023-12-01T13:42:44.435+0300] {processor.py:839} INFO - DAG(s) dict_keys(['example_short_circuit_decorator']) retrieved from /home/petr/project/venv/lib/python3.10/site-packages/airflow/example_dags/example_short_circuit_decorator.py
[2023-12-01T13:42:44.489+0300] {logging_mixin.py:154} INFO - [2023-12-01T13:42:44.489+0300] {dag.py:2941} INFO - Sync 1 DAGs
[2023-12-01T13:42:44.534+0300] {logging_mixin.py:154} INFO - [2023-12-01T13:42:44.534+0300] {dag.py:3722} INFO - Setting next_dagrun for example_short_circuit_decorator to 2023-11-30T10:42:44.534156+00:00, run_after=2023-12-01T10:42:44.534156+00:00
[2023-12-01T13:42:44.571+0300] {processor.py:179} INFO - Processing /home/petr/project/venv/lib/python3.10/site-packages/airflow/example_dags/example_short_circuit_decorator.py took 0.161 seconds
[2023-12-01T13:43:14.658+0300] {processor.py:157} INFO - Started process (PID=4424) to work on /home/petr/project/venv/lib/python3.10/site-packages/airflow/example_dags/example_short_circuit_decorator.py
[2023-12-01T13:43:14.665+0300] {processor.py:829} INFO - Processing file /home/petr/project/venv/lib/python3.10/site-packages/airflow/example_dags/example_short_circuit_decorator.py for tasks to queue
[2023-12-01T13:43:14.666+0300] {logging_mixin.py:154} INFO - [2023-12-01T13:43:14.666+0300] {dagbag.py:536} INFO - Filling up the DagBag from /home/petr/project/venv/lib/python3.10/site-packages/airflow/example_dags/example_short_circuit_decorator.py
[2023-12-01T13:43:14.674+0300] {processor.py:839} INFO - DAG(s) dict_keys(['example_short_circuit_decorator']) retrieved from /home/petr/project/venv/lib/python3.10/site-packages/airflow/example_dags/example_short_circuit_decorator.py
[2023-12-01T13:43:14.743+0300] {logging_mixin.py:154} INFO - [2023-12-01T13:43:14.743+0300] {dag.py:2941} INFO - Sync 1 DAGs
[2023-12-01T13:43:14.778+0300] {logging_mixin.py:154} INFO - [2023-12-01T13:43:14.777+0300] {dag.py:3722} INFO - Setting next_dagrun for example_short_circuit_decorator to 2023-11-30T10:43:14.777680+00:00, run_after=2023-12-01T10:43:14.777680+00:00
[2023-12-01T13:43:14.813+0300] {processor.py:179} INFO - Processing /home/petr/project/venv/lib/python3.10/site-packages/airflow/example_dags/example_short_circuit_decorator.py took 0.159 seconds
[2023-12-01T13:43:47.027+0300] {processor.py:157} INFO - Started process (PID=4524) to work on /home/petr/project/venv/lib/python3.10/site-packages/airflow/example_dags/example_short_circuit_decorator.py
[2023-12-01T13:43:47.041+0300] {processor.py:829} INFO - Processing file /home/petr/project/venv/lib/python3.10/site-packages/airflow/example_dags/example_short_circuit_decorator.py for tasks to queue
[2023-12-01T13:43:47.042+0300] {logging_mixin.py:154} INFO - [2023-12-01T13:43:47.042+0300] {dagbag.py:536} INFO - Filling up the DagBag from /home/petr/project/venv/lib/python3.10/site-packages/airflow/example_dags/example_short_circuit_decorator.py
[2023-12-01T13:43:47.051+0300] {processor.py:839} INFO - DAG(s) dict_keys(['example_short_circuit_decorator']) retrieved from /home/petr/project/venv/lib/python3.10/site-packages/airflow/example_dags/example_short_circuit_decorator.py
[2023-12-01T13:43:47.124+0300] {logging_mixin.py:154} INFO - [2023-12-01T13:43:47.124+0300] {dag.py:2941} INFO - Sync 1 DAGs
[2023-12-01T13:43:47.187+0300] {logging_mixin.py:154} INFO - [2023-12-01T13:43:47.187+0300] {dag.py:3722} INFO - Setting next_dagrun for example_short_circuit_decorator to 2023-11-30T10:43:47.186866+00:00, run_after=2023-12-01T10:43:47.186866+00:00
[2023-12-01T13:43:47.219+0300] {processor.py:179} INFO - Processing /home/petr/project/venv/lib/python3.10/site-packages/airflow/example_dags/example_short_circuit_decorator.py took 0.196 seconds
[2023-12-01T13:44:17.610+0300] {processor.py:157} INFO - Started process (PID=4622) to work on /home/petr/project/venv/lib/python3.10/site-packages/airflow/example_dags/example_short_circuit_decorator.py
[2023-12-01T13:44:17.611+0300] {processor.py:829} INFO - Processing file /home/petr/project/venv/lib/python3.10/site-packages/airflow/example_dags/example_short_circuit_decorator.py for tasks to queue
[2023-12-01T13:44:17.611+0300] {logging_mixin.py:154} INFO - [2023-12-01T13:44:17.611+0300] {dagbag.py:536} INFO - Filling up the DagBag from /home/petr/project/venv/lib/python3.10/site-packages/airflow/example_dags/example_short_circuit_decorator.py
[2023-12-01T13:44:17.630+0300] {processor.py:839} INFO - DAG(s) dict_keys(['example_short_circuit_decorator']) retrieved from /home/petr/project/venv/lib/python3.10/site-packages/airflow/example_dags/example_short_circuit_decorator.py
[2023-12-01T13:44:17.673+0300] {logging_mixin.py:154} INFO - [2023-12-01T13:44:17.672+0300] {dag.py:2941} INFO - Sync 1 DAGs
[2023-12-01T13:44:17.709+0300] {logging_mixin.py:154} INFO - [2023-12-01T13:44:17.709+0300] {dag.py:3722} INFO - Setting next_dagrun for example_short_circuit_decorator to 2023-11-30T10:44:17.709326+00:00, run_after=2023-12-01T10:44:17.709326+00:00
[2023-12-01T13:44:17.745+0300] {processor.py:179} INFO - Processing /home/petr/project/venv/lib/python3.10/site-packages/airflow/example_dags/example_short_circuit_decorator.py took 0.151 seconds
[2023-12-01T13:44:48.487+0300] {processor.py:157} INFO - Started process (PID=4724) to work on /home/petr/project/venv/lib/python3.10/site-packages/airflow/example_dags/example_short_circuit_decorator.py
[2023-12-01T13:44:48.496+0300] {processor.py:829} INFO - Processing file /home/petr/project/venv/lib/python3.10/site-packages/airflow/example_dags/example_short_circuit_decorator.py for tasks to queue
[2023-12-01T13:44:48.504+0300] {logging_mixin.py:154} INFO - [2023-12-01T13:44:48.504+0300] {dagbag.py:536} INFO - Filling up the DagBag from /home/petr/project/venv/lib/python3.10/site-packages/airflow/example_dags/example_short_circuit_decorator.py
[2023-12-01T13:44:48.553+0300] {processor.py:839} INFO - DAG(s) dict_keys(['example_short_circuit_decorator']) retrieved from /home/petr/project/venv/lib/python3.10/site-packages/airflow/example_dags/example_short_circuit_decorator.py
[2023-12-01T13:44:48.633+0300] {logging_mixin.py:154} INFO - [2023-12-01T13:44:48.633+0300] {dag.py:2941} INFO - Sync 1 DAGs
[2023-12-01T13:44:48.700+0300] {logging_mixin.py:154} INFO - [2023-12-01T13:44:48.700+0300] {dag.py:3722} INFO - Setting next_dagrun for example_short_circuit_decorator to 2023-11-30T10:44:48.700336+00:00, run_after=2023-12-01T10:44:48.700336+00:00
[2023-12-01T13:44:48.770+0300] {processor.py:179} INFO - Processing /home/petr/project/venv/lib/python3.10/site-packages/airflow/example_dags/example_short_circuit_decorator.py took 0.286 seconds
[2023-12-01T13:45:19.683+0300] {processor.py:157} INFO - Started process (PID=4848) to work on /home/petr/project/venv/lib/python3.10/site-packages/airflow/example_dags/example_short_circuit_decorator.py
[2023-12-01T13:45:19.686+0300] {processor.py:829} INFO - Processing file /home/petr/project/venv/lib/python3.10/site-packages/airflow/example_dags/example_short_circuit_decorator.py for tasks to queue
[2023-12-01T13:45:19.687+0300] {logging_mixin.py:154} INFO - [2023-12-01T13:45:19.686+0300] {dagbag.py:536} INFO - Filling up the DagBag from /home/petr/project/venv/lib/python3.10/site-packages/airflow/example_dags/example_short_circuit_decorator.py
[2023-12-01T13:45:19.735+0300] {processor.py:839} INFO - DAG(s) dict_keys(['example_short_circuit_decorator']) retrieved from /home/petr/project/venv/lib/python3.10/site-packages/airflow/example_dags/example_short_circuit_decorator.py
[2023-12-01T13:45:19.840+0300] {logging_mixin.py:154} INFO - [2023-12-01T13:45:19.840+0300] {dag.py:2941} INFO - Sync 1 DAGs
[2023-12-01T13:45:19.866+0300] {logging_mixin.py:154} INFO - [2023-12-01T13:45:19.866+0300] {dag.py:3722} INFO - Setting next_dagrun for example_short_circuit_decorator to 2023-11-30T10:45:19.865902+00:00, run_after=2023-12-01T10:45:19.865902+00:00
[2023-12-01T13:45:19.896+0300] {processor.py:179} INFO - Processing /home/petr/project/venv/lib/python3.10/site-packages/airflow/example_dags/example_short_circuit_decorator.py took 0.220 seconds
[2023-12-01T13:46:46.464+0300] {processor.py:157} INFO - Started process (PID=4959) to work on /home/petr/project/venv/lib/python3.10/site-packages/airflow/example_dags/example_short_circuit_decorator.py
[2023-12-01T13:46:46.481+0300] {processor.py:829} INFO - Processing file /home/petr/project/venv/lib/python3.10/site-packages/airflow/example_dags/example_short_circuit_decorator.py for tasks to queue
[2023-12-01T13:46:46.482+0300] {logging_mixin.py:154} INFO - [2023-12-01T13:46:46.482+0300] {dagbag.py:536} INFO - Filling up the DagBag from /home/petr/project/venv/lib/python3.10/site-packages/airflow/example_dags/example_short_circuit_decorator.py
[2023-12-01T13:46:46.506+0300] {processor.py:839} INFO - DAG(s) dict_keys(['example_short_circuit_decorator']) retrieved from /home/petr/project/venv/lib/python3.10/site-packages/airflow/example_dags/example_short_circuit_decorator.py
[2023-12-01T13:46:46.614+0300] {logging_mixin.py:154} INFO - [2023-12-01T13:46:46.613+0300] {dag.py:2941} INFO - Sync 1 DAGs
[2023-12-01T13:46:46.677+0300] {logging_mixin.py:154} INFO - [2023-12-01T13:46:46.676+0300] {dag.py:3722} INFO - Setting next_dagrun for example_short_circuit_decorator to 2023-11-30T10:46:46.676708+00:00, run_after=2023-12-01T10:46:46.676708+00:00
[2023-12-01T13:46:46.725+0300] {processor.py:179} INFO - Processing /home/petr/project/venv/lib/python3.10/site-packages/airflow/example_dags/example_short_circuit_decorator.py took 0.265 seconds
[2023-12-01T13:47:16.955+0300] {processor.py:157} INFO - Started process (PID=5064) to work on /home/petr/project/venv/lib/python3.10/site-packages/airflow/example_dags/example_short_circuit_decorator.py
[2023-12-01T13:47:16.956+0300] {processor.py:829} INFO - Processing file /home/petr/project/venv/lib/python3.10/site-packages/airflow/example_dags/example_short_circuit_decorator.py for tasks to queue
[2023-12-01T13:47:16.956+0300] {logging_mixin.py:154} INFO - [2023-12-01T13:47:16.956+0300] {dagbag.py:536} INFO - Filling up the DagBag from /home/petr/project/venv/lib/python3.10/site-packages/airflow/example_dags/example_short_circuit_decorator.py
[2023-12-01T13:47:16.981+0300] {processor.py:839} INFO - DAG(s) dict_keys(['example_short_circuit_decorator']) retrieved from /home/petr/project/venv/lib/python3.10/site-packages/airflow/example_dags/example_short_circuit_decorator.py
[2023-12-01T13:47:17.026+0300] {logging_mixin.py:154} INFO - [2023-12-01T13:47:17.026+0300] {dag.py:2941} INFO - Sync 1 DAGs
[2023-12-01T13:47:17.060+0300] {logging_mixin.py:154} INFO - [2023-12-01T13:47:17.060+0300] {dag.py:3722} INFO - Setting next_dagrun for example_short_circuit_decorator to 2023-11-30T10:47:17.060574+00:00, run_after=2023-12-01T10:47:17.060574+00:00
[2023-12-01T13:47:17.124+0300] {processor.py:179} INFO - Processing /home/petr/project/venv/lib/python3.10/site-packages/airflow/example_dags/example_short_circuit_decorator.py took 0.176 seconds
[2023-12-01T13:47:48.179+0300] {processor.py:157} INFO - Started process (PID=5191) to work on /home/petr/project/venv/lib/python3.10/site-packages/airflow/example_dags/example_short_circuit_decorator.py
[2023-12-01T13:47:48.184+0300] {processor.py:829} INFO - Processing file /home/petr/project/venv/lib/python3.10/site-packages/airflow/example_dags/example_short_circuit_decorator.py for tasks to queue
[2023-12-01T13:47:48.185+0300] {logging_mixin.py:154} INFO - [2023-12-01T13:47:48.185+0300] {dagbag.py:536} INFO - Filling up the DagBag from /home/petr/project/venv/lib/python3.10/site-packages/airflow/example_dags/example_short_circuit_decorator.py
[2023-12-01T13:47:48.215+0300] {processor.py:839} INFO - DAG(s) dict_keys(['example_short_circuit_decorator']) retrieved from /home/petr/project/venv/lib/python3.10/site-packages/airflow/example_dags/example_short_circuit_decorator.py
[2023-12-01T13:47:48.294+0300] {logging_mixin.py:154} INFO - [2023-12-01T13:47:48.294+0300] {dag.py:2941} INFO - Sync 1 DAGs
[2023-12-01T13:47:48.342+0300] {logging_mixin.py:154} INFO - [2023-12-01T13:47:48.342+0300] {dag.py:3722} INFO - Setting next_dagrun for example_short_circuit_decorator to 2023-11-30T10:47:48.342434+00:00, run_after=2023-12-01T10:47:48.342434+00:00
[2023-12-01T13:47:48.399+0300] {processor.py:179} INFO - Processing /home/petr/project/venv/lib/python3.10/site-packages/airflow/example_dags/example_short_circuit_decorator.py took 0.245 seconds
[2023-12-01T13:49:11.372+0300] {processor.py:157} INFO - Started process (PID=5337) to work on /home/petr/project/venv/lib/python3.10/site-packages/airflow/example_dags/example_short_circuit_decorator.py
[2023-12-01T13:49:11.384+0300] {processor.py:829} INFO - Processing file /home/petr/project/venv/lib/python3.10/site-packages/airflow/example_dags/example_short_circuit_decorator.py for tasks to queue
[2023-12-01T13:49:11.384+0300] {logging_mixin.py:154} INFO - [2023-12-01T13:49:11.384+0300] {dagbag.py:536} INFO - Filling up the DagBag from /home/petr/project/venv/lib/python3.10/site-packages/airflow/example_dags/example_short_circuit_decorator.py
[2023-12-01T13:49:11.391+0300] {processor.py:839} INFO - DAG(s) dict_keys(['example_short_circuit_decorator']) retrieved from /home/petr/project/venv/lib/python3.10/site-packages/airflow/example_dags/example_short_circuit_decorator.py
[2023-12-01T13:49:11.463+0300] {logging_mixin.py:154} INFO - [2023-12-01T13:49:11.463+0300] {dag.py:2941} INFO - Sync 1 DAGs
[2023-12-01T13:49:11.505+0300] {logging_mixin.py:154} INFO - [2023-12-01T13:49:11.505+0300] {dag.py:3722} INFO - Setting next_dagrun for example_short_circuit_decorator to 2023-11-30T10:49:11.505613+00:00, run_after=2023-12-01T10:49:11.505613+00:00
[2023-12-01T13:49:11.536+0300] {processor.py:179} INFO - Processing /home/petr/project/venv/lib/python3.10/site-packages/airflow/example_dags/example_short_circuit_decorator.py took 0.167 seconds
[2023-12-01T13:49:43.183+0300] {processor.py:157} INFO - Started process (PID=5438) to work on /home/petr/project/venv/lib/python3.10/site-packages/airflow/example_dags/example_short_circuit_decorator.py
[2023-12-01T13:49:43.184+0300] {processor.py:829} INFO - Processing file /home/petr/project/venv/lib/python3.10/site-packages/airflow/example_dags/example_short_circuit_decorator.py for tasks to queue
[2023-12-01T13:49:43.184+0300] {logging_mixin.py:154} INFO - [2023-12-01T13:49:43.184+0300] {dagbag.py:536} INFO - Filling up the DagBag from /home/petr/project/venv/lib/python3.10/site-packages/airflow/example_dags/example_short_circuit_decorator.py
[2023-12-01T13:49:43.203+0300] {processor.py:839} INFO - DAG(s) dict_keys(['example_short_circuit_decorator']) retrieved from /home/petr/project/venv/lib/python3.10/site-packages/airflow/example_dags/example_short_circuit_decorator.py
[2023-12-01T13:49:43.260+0300] {logging_mixin.py:154} INFO - [2023-12-01T13:49:43.260+0300] {dag.py:2941} INFO - Sync 1 DAGs
[2023-12-01T13:49:43.303+0300] {logging_mixin.py:154} INFO - [2023-12-01T13:49:43.303+0300] {dag.py:3722} INFO - Setting next_dagrun for example_short_circuit_decorator to 2023-11-30T10:49:43.302837+00:00, run_after=2023-12-01T10:49:43.302837+00:00
[2023-12-01T13:49:43.330+0300] {processor.py:179} INFO - Processing /home/petr/project/venv/lib/python3.10/site-packages/airflow/example_dags/example_short_circuit_decorator.py took 0.150 seconds
[2023-12-01T13:50:14.050+0300] {processor.py:157} INFO - Started process (PID=5548) to work on /home/petr/project/venv/lib/python3.10/site-packages/airflow/example_dags/example_short_circuit_decorator.py
[2023-12-01T13:50:14.057+0300] {processor.py:829} INFO - Processing file /home/petr/project/venv/lib/python3.10/site-packages/airflow/example_dags/example_short_circuit_decorator.py for tasks to queue
[2023-12-01T13:50:14.058+0300] {logging_mixin.py:154} INFO - [2023-12-01T13:50:14.058+0300] {dagbag.py:536} INFO - Filling up the DagBag from /home/petr/project/venv/lib/python3.10/site-packages/airflow/example_dags/example_short_circuit_decorator.py
[2023-12-01T13:50:14.066+0300] {processor.py:839} INFO - DAG(s) dict_keys(['example_short_circuit_decorator']) retrieved from /home/petr/project/venv/lib/python3.10/site-packages/airflow/example_dags/example_short_circuit_decorator.py
[2023-12-01T13:50:14.121+0300] {logging_mixin.py:154} INFO - [2023-12-01T13:50:14.121+0300] {dag.py:2941} INFO - Sync 1 DAGs
[2023-12-01T13:50:14.162+0300] {logging_mixin.py:154} INFO - [2023-12-01T13:50:14.162+0300] {dag.py:3722} INFO - Setting next_dagrun for example_short_circuit_decorator to 2023-11-30T10:50:14.161920+00:00, run_after=2023-12-01T10:50:14.161920+00:00
[2023-12-01T13:50:14.192+0300] {processor.py:179} INFO - Processing /home/petr/project/venv/lib/python3.10/site-packages/airflow/example_dags/example_short_circuit_decorator.py took 0.145 seconds
[2023-12-01T20:00:53.493+0300] {processor.py:157} INFO - Started process (PID=5922) to work on /home/petr/project/venv/lib/python3.10/site-packages/airflow/example_dags/example_short_circuit_decorator.py
[2023-12-01T20:00:53.496+0300] {processor.py:829} INFO - Processing file /home/petr/project/venv/lib/python3.10/site-packages/airflow/example_dags/example_short_circuit_decorator.py for tasks to queue
[2023-12-01T20:00:53.497+0300] {logging_mixin.py:154} INFO - [2023-12-01T20:00:53.496+0300] {dagbag.py:536} INFO - Filling up the DagBag from /home/petr/project/venv/lib/python3.10/site-packages/airflow/example_dags/example_short_circuit_decorator.py
[2023-12-01T20:00:53.568+0300] {processor.py:839} INFO - DAG(s) dict_keys(['example_short_circuit_decorator']) retrieved from /home/petr/project/venv/lib/python3.10/site-packages/airflow/example_dags/example_short_circuit_decorator.py
[2023-12-01T20:00:53.703+0300] {logging_mixin.py:154} INFO - [2023-12-01T20:00:53.703+0300] {dag.py:2941} INFO - Sync 1 DAGs
[2023-12-01T20:00:53.804+0300] {logging_mixin.py:154} INFO - [2023-12-01T20:00:53.803+0300] {dag.py:3722} INFO - Setting next_dagrun for example_short_circuit_decorator to 2023-11-30T17:00:53.802672+00:00, run_after=2023-12-01T17:00:53.802672+00:00
[2023-12-01T20:00:54.007+0300] {processor.py:179} INFO - Processing /home/petr/project/venv/lib/python3.10/site-packages/airflow/example_dags/example_short_circuit_decorator.py took 0.532 seconds
