[2023-12-01T13:38:10.346+0300] {processor.py:157} INFO - Started process (PID=3396) to work on /home/petr/project/venv/lib/python3.10/site-packages/airflow/example_dags/example_branch_python_dop_operator_3.py
[2023-12-01T13:38:10.347+0300] {processor.py:829} INFO - Processing file /home/petr/project/venv/lib/python3.10/site-packages/airflow/example_dags/example_branch_python_dop_operator_3.py for tasks to queue
[2023-12-01T13:38:10.348+0300] {logging_mixin.py:154} INFO - [2023-12-01T13:38:10.347+0300] {dagbag.py:536} INFO - Filling up the DagBag from /home/petr/project/venv/lib/python3.10/site-packages/airflow/example_dags/example_branch_python_dop_operator_3.py
[2023-12-01T13:38:10.364+0300] {processor.py:839} INFO - DAG(s) dict_keys(['example_branch_dop_operator_v3']) retrieved from /home/petr/project/venv/lib/python3.10/site-packages/airflow/example_dags/example_branch_python_dop_operator_3.py
[2023-12-01T13:38:10.420+0300] {logging_mixin.py:154} INFO - [2023-12-01T13:38:10.420+0300] {dag.py:2941} INFO - Sync 1 DAGs
[2023-12-01T13:38:10.465+0300] {logging_mixin.py:154} INFO - [2023-12-01T13:38:10.465+0300] {dag.py:3722} INFO - Setting next_dagrun for example_branch_dop_operator_v3 to 2023-12-01T10:37:00+00:00, run_after=2023-12-01T10:38:00+00:00
[2023-12-01T13:38:10.522+0300] {processor.py:179} INFO - Processing /home/petr/project/venv/lib/python3.10/site-packages/airflow/example_dags/example_branch_python_dop_operator_3.py took 0.191 seconds
[2023-12-01T13:38:41.717+0300] {processor.py:157} INFO - Started process (PID=3499) to work on /home/petr/project/venv/lib/python3.10/site-packages/airflow/example_dags/example_branch_python_dop_operator_3.py
[2023-12-01T13:38:41.717+0300] {processor.py:829} INFO - Processing file /home/petr/project/venv/lib/python3.10/site-packages/airflow/example_dags/example_branch_python_dop_operator_3.py for tasks to queue
[2023-12-01T13:38:41.718+0300] {logging_mixin.py:154} INFO - [2023-12-01T13:38:41.718+0300] {dagbag.py:536} INFO - Filling up the DagBag from /home/petr/project/venv/lib/python3.10/site-packages/airflow/example_dags/example_branch_python_dop_operator_3.py
[2023-12-01T13:38:41.725+0300] {processor.py:839} INFO - DAG(s) dict_keys(['example_branch_dop_operator_v3']) retrieved from /home/petr/project/venv/lib/python3.10/site-packages/airflow/example_dags/example_branch_python_dop_operator_3.py
[2023-12-01T13:38:41.786+0300] {logging_mixin.py:154} INFO - [2023-12-01T13:38:41.786+0300] {dag.py:2941} INFO - Sync 1 DAGs
[2023-12-01T13:38:41.832+0300] {logging_mixin.py:154} INFO - [2023-12-01T13:38:41.832+0300] {dag.py:3722} INFO - Setting next_dagrun for example_branch_dop_operator_v3 to 2023-12-01T10:37:00+00:00, run_after=2023-12-01T10:38:00+00:00
[2023-12-01T13:38:41.877+0300] {processor.py:179} INFO - Processing /home/petr/project/venv/lib/python3.10/site-packages/airflow/example_dags/example_branch_python_dop_operator_3.py took 0.175 seconds
[2023-12-01T13:39:11.993+0300] {processor.py:157} INFO - Started process (PID=3598) to work on /home/petr/project/venv/lib/python3.10/site-packages/airflow/example_dags/example_branch_python_dop_operator_3.py
[2023-12-01T13:39:11.999+0300] {processor.py:829} INFO - Processing file /home/petr/project/venv/lib/python3.10/site-packages/airflow/example_dags/example_branch_python_dop_operator_3.py for tasks to queue
[2023-12-01T13:39:12.001+0300] {logging_mixin.py:154} INFO - [2023-12-01T13:39:12.000+0300] {dagbag.py:536} INFO - Filling up the DagBag from /home/petr/project/venv/lib/python3.10/site-packages/airflow/example_dags/example_branch_python_dop_operator_3.py
[2023-12-01T13:39:12.012+0300] {processor.py:839} INFO - DAG(s) dict_keys(['example_branch_dop_operator_v3']) retrieved from /home/petr/project/venv/lib/python3.10/site-packages/airflow/example_dags/example_branch_python_dop_operator_3.py
[2023-12-01T13:39:12.080+0300] {logging_mixin.py:154} INFO - [2023-12-01T13:39:12.080+0300] {dag.py:2941} INFO - Sync 1 DAGs
[2023-12-01T13:39:12.127+0300] {logging_mixin.py:154} INFO - [2023-12-01T13:39:12.127+0300] {dag.py:3722} INFO - Setting next_dagrun for example_branch_dop_operator_v3 to 2023-12-01T10:38:00+00:00, run_after=2023-12-01T10:39:00+00:00
[2023-12-01T13:39:12.232+0300] {processor.py:179} INFO - Processing /home/petr/project/venv/lib/python3.10/site-packages/airflow/example_dags/example_branch_python_dop_operator_3.py took 0.244 seconds
[2023-12-01T13:39:42.468+0300] {processor.py:157} INFO - Started process (PID=3715) to work on /home/petr/project/venv/lib/python3.10/site-packages/airflow/example_dags/example_branch_python_dop_operator_3.py
[2023-12-01T13:39:42.468+0300] {processor.py:829} INFO - Processing file /home/petr/project/venv/lib/python3.10/site-packages/airflow/example_dags/example_branch_python_dop_operator_3.py for tasks to queue
[2023-12-01T13:39:42.469+0300] {logging_mixin.py:154} INFO - [2023-12-01T13:39:42.469+0300] {dagbag.py:536} INFO - Filling up the DagBag from /home/petr/project/venv/lib/python3.10/site-packages/airflow/example_dags/example_branch_python_dop_operator_3.py
[2023-12-01T13:39:42.476+0300] {processor.py:839} INFO - DAG(s) dict_keys(['example_branch_dop_operator_v3']) retrieved from /home/petr/project/venv/lib/python3.10/site-packages/airflow/example_dags/example_branch_python_dop_operator_3.py
[2023-12-01T13:39:42.500+0300] {logging_mixin.py:154} INFO - [2023-12-01T13:39:42.500+0300] {dag.py:2941} INFO - Sync 1 DAGs
[2023-12-01T13:39:42.519+0300] {logging_mixin.py:154} INFO - [2023-12-01T13:39:42.519+0300] {dag.py:3722} INFO - Setting next_dagrun for example_branch_dop_operator_v3 to 2023-12-01T10:38:00+00:00, run_after=2023-12-01T10:39:00+00:00
[2023-12-01T13:39:42.534+0300] {processor.py:179} INFO - Processing /home/petr/project/venv/lib/python3.10/site-packages/airflow/example_dags/example_branch_python_dop_operator_3.py took 0.069 seconds
[2023-12-01T13:40:13.910+0300] {processor.py:157} INFO - Started process (PID=3835) to work on /home/petr/project/venv/lib/python3.10/site-packages/airflow/example_dags/example_branch_python_dop_operator_3.py
[2023-12-01T13:40:13.925+0300] {processor.py:829} INFO - Processing file /home/petr/project/venv/lib/python3.10/site-packages/airflow/example_dags/example_branch_python_dop_operator_3.py for tasks to queue
[2023-12-01T13:40:13.929+0300] {logging_mixin.py:154} INFO - [2023-12-01T13:40:13.929+0300] {dagbag.py:536} INFO - Filling up the DagBag from /home/petr/project/venv/lib/python3.10/site-packages/airflow/example_dags/example_branch_python_dop_operator_3.py
[2023-12-01T13:40:13.974+0300] {processor.py:839} INFO - DAG(s) dict_keys(['example_branch_dop_operator_v3']) retrieved from /home/petr/project/venv/lib/python3.10/site-packages/airflow/example_dags/example_branch_python_dop_operator_3.py
[2023-12-01T13:40:14.081+0300] {logging_mixin.py:154} INFO - [2023-12-01T13:40:14.081+0300] {dag.py:2941} INFO - Sync 1 DAGs
[2023-12-01T13:40:14.180+0300] {logging_mixin.py:154} INFO - [2023-12-01T13:40:14.180+0300] {dag.py:3722} INFO - Setting next_dagrun for example_branch_dop_operator_v3 to 2023-12-01T10:39:00+00:00, run_after=2023-12-01T10:40:00+00:00
[2023-12-01T13:40:14.253+0300] {processor.py:179} INFO - Processing /home/petr/project/venv/lib/python3.10/site-packages/airflow/example_dags/example_branch_python_dop_operator_3.py took 0.346 seconds
[2023-12-01T13:40:44.319+0300] {processor.py:157} INFO - Started process (PID=3938) to work on /home/petr/project/venv/lib/python3.10/site-packages/airflow/example_dags/example_branch_python_dop_operator_3.py
[2023-12-01T13:40:44.321+0300] {processor.py:829} INFO - Processing file /home/petr/project/venv/lib/python3.10/site-packages/airflow/example_dags/example_branch_python_dop_operator_3.py for tasks to queue
[2023-12-01T13:40:44.321+0300] {logging_mixin.py:154} INFO - [2023-12-01T13:40:44.321+0300] {dagbag.py:536} INFO - Filling up the DagBag from /home/petr/project/venv/lib/python3.10/site-packages/airflow/example_dags/example_branch_python_dop_operator_3.py
[2023-12-01T13:40:44.328+0300] {processor.py:839} INFO - DAG(s) dict_keys(['example_branch_dop_operator_v3']) retrieved from /home/petr/project/venv/lib/python3.10/site-packages/airflow/example_dags/example_branch_python_dop_operator_3.py
[2023-12-01T13:40:44.352+0300] {logging_mixin.py:154} INFO - [2023-12-01T13:40:44.352+0300] {dag.py:2941} INFO - Sync 1 DAGs
[2023-12-01T13:40:44.370+0300] {logging_mixin.py:154} INFO - [2023-12-01T13:40:44.370+0300] {dag.py:3722} INFO - Setting next_dagrun for example_branch_dop_operator_v3 to 2023-12-01T10:39:00+00:00, run_after=2023-12-01T10:40:00+00:00
[2023-12-01T13:40:44.385+0300] {processor.py:179} INFO - Processing /home/petr/project/venv/lib/python3.10/site-packages/airflow/example_dags/example_branch_python_dop_operator_3.py took 0.070 seconds
[2023-12-01T13:41:15.307+0300] {processor.py:157} INFO - Started process (PID=4037) to work on /home/petr/project/venv/lib/python3.10/site-packages/airflow/example_dags/example_branch_python_dop_operator_3.py
[2023-12-01T13:41:15.311+0300] {processor.py:829} INFO - Processing file /home/petr/project/venv/lib/python3.10/site-packages/airflow/example_dags/example_branch_python_dop_operator_3.py for tasks to queue
[2023-12-01T13:41:15.312+0300] {logging_mixin.py:154} INFO - [2023-12-01T13:41:15.312+0300] {dagbag.py:536} INFO - Filling up the DagBag from /home/petr/project/venv/lib/python3.10/site-packages/airflow/example_dags/example_branch_python_dop_operator_3.py
[2023-12-01T13:41:15.337+0300] {processor.py:839} INFO - DAG(s) dict_keys(['example_branch_dop_operator_v3']) retrieved from /home/petr/project/venv/lib/python3.10/site-packages/airflow/example_dags/example_branch_python_dop_operator_3.py
[2023-12-01T13:41:15.376+0300] {logging_mixin.py:154} INFO - [2023-12-01T13:41:15.376+0300] {dag.py:2941} INFO - Sync 1 DAGs
[2023-12-01T13:41:15.426+0300] {logging_mixin.py:154} INFO - [2023-12-01T13:41:15.426+0300] {dag.py:3722} INFO - Setting next_dagrun for example_branch_dop_operator_v3 to 2023-12-01T10:40:00+00:00, run_after=2023-12-01T10:41:00+00:00
[2023-12-01T13:41:15.477+0300] {processor.py:179} INFO - Processing /home/petr/project/venv/lib/python3.10/site-packages/airflow/example_dags/example_branch_python_dop_operator_3.py took 0.183 seconds
[2023-12-01T13:41:46.432+0300] {processor.py:157} INFO - Started process (PID=4141) to work on /home/petr/project/venv/lib/python3.10/site-packages/airflow/example_dags/example_branch_python_dop_operator_3.py
[2023-12-01T13:41:46.433+0300] {processor.py:829} INFO - Processing file /home/petr/project/venv/lib/python3.10/site-packages/airflow/example_dags/example_branch_python_dop_operator_3.py for tasks to queue
[2023-12-01T13:41:46.434+0300] {logging_mixin.py:154} INFO - [2023-12-01T13:41:46.433+0300] {dagbag.py:536} INFO - Filling up the DagBag from /home/petr/project/venv/lib/python3.10/site-packages/airflow/example_dags/example_branch_python_dop_operator_3.py
[2023-12-01T13:41:46.450+0300] {processor.py:839} INFO - DAG(s) dict_keys(['example_branch_dop_operator_v3']) retrieved from /home/petr/project/venv/lib/python3.10/site-packages/airflow/example_dags/example_branch_python_dop_operator_3.py
[2023-12-01T13:41:46.508+0300] {logging_mixin.py:154} INFO - [2023-12-01T13:41:46.508+0300] {dag.py:2941} INFO - Sync 1 DAGs
[2023-12-01T13:41:46.558+0300] {logging_mixin.py:154} INFO - [2023-12-01T13:41:46.558+0300] {dag.py:3722} INFO - Setting next_dagrun for example_branch_dop_operator_v3 to 2023-12-01T10:40:00+00:00, run_after=2023-12-01T10:41:00+00:00
[2023-12-01T13:41:46.622+0300] {processor.py:179} INFO - Processing /home/petr/project/venv/lib/python3.10/site-packages/airflow/example_dags/example_branch_python_dop_operator_3.py took 0.203 seconds
[2023-12-01T13:42:17.268+0300] {processor.py:157} INFO - Started process (PID=4248) to work on /home/petr/project/venv/lib/python3.10/site-packages/airflow/example_dags/example_branch_python_dop_operator_3.py
[2023-12-01T13:42:17.270+0300] {processor.py:829} INFO - Processing file /home/petr/project/venv/lib/python3.10/site-packages/airflow/example_dags/example_branch_python_dop_operator_3.py for tasks to queue
[2023-12-01T13:42:17.270+0300] {logging_mixin.py:154} INFO - [2023-12-01T13:42:17.270+0300] {dagbag.py:536} INFO - Filling up the DagBag from /home/petr/project/venv/lib/python3.10/site-packages/airflow/example_dags/example_branch_python_dop_operator_3.py
[2023-12-01T13:42:17.277+0300] {processor.py:839} INFO - DAG(s) dict_keys(['example_branch_dop_operator_v3']) retrieved from /home/petr/project/venv/lib/python3.10/site-packages/airflow/example_dags/example_branch_python_dop_operator_3.py
[2023-12-01T13:42:17.365+0300] {logging_mixin.py:154} INFO - [2023-12-01T13:42:17.365+0300] {dag.py:2941} INFO - Sync 1 DAGs
[2023-12-01T13:42:17.410+0300] {logging_mixin.py:154} INFO - [2023-12-01T13:42:17.409+0300] {dag.py:3722} INFO - Setting next_dagrun for example_branch_dop_operator_v3 to 2023-12-01T10:41:00+00:00, run_after=2023-12-01T10:42:00+00:00
[2023-12-01T13:42:17.459+0300] {processor.py:179} INFO - Processing /home/petr/project/venv/lib/python3.10/site-packages/airflow/example_dags/example_branch_python_dop_operator_3.py took 0.200 seconds
[2023-12-01T13:42:47.565+0300] {processor.py:157} INFO - Started process (PID=4352) to work on /home/petr/project/venv/lib/python3.10/site-packages/airflow/example_dags/example_branch_python_dop_operator_3.py
[2023-12-01T13:42:47.572+0300] {processor.py:829} INFO - Processing file /home/petr/project/venv/lib/python3.10/site-packages/airflow/example_dags/example_branch_python_dop_operator_3.py for tasks to queue
[2023-12-01T13:42:47.573+0300] {logging_mixin.py:154} INFO - [2023-12-01T13:42:47.573+0300] {dagbag.py:536} INFO - Filling up the DagBag from /home/petr/project/venv/lib/python3.10/site-packages/airflow/example_dags/example_branch_python_dop_operator_3.py
[2023-12-01T13:42:47.594+0300] {processor.py:839} INFO - DAG(s) dict_keys(['example_branch_dop_operator_v3']) retrieved from /home/petr/project/venv/lib/python3.10/site-packages/airflow/example_dags/example_branch_python_dop_operator_3.py
[2023-12-01T13:42:47.679+0300] {logging_mixin.py:154} INFO - [2023-12-01T13:42:47.679+0300] {dag.py:2941} INFO - Sync 1 DAGs
[2023-12-01T13:42:47.756+0300] {logging_mixin.py:154} INFO - [2023-12-01T13:42:47.756+0300] {dag.py:3722} INFO - Setting next_dagrun for example_branch_dop_operator_v3 to 2023-12-01T10:41:00+00:00, run_after=2023-12-01T10:42:00+00:00
[2023-12-01T13:42:47.817+0300] {processor.py:179} INFO - Processing /home/petr/project/venv/lib/python3.10/site-packages/airflow/example_dags/example_branch_python_dop_operator_3.py took 0.255 seconds
[2023-12-01T13:43:17.949+0300] {processor.py:157} INFO - Started process (PID=4453) to work on /home/petr/project/venv/lib/python3.10/site-packages/airflow/example_dags/example_branch_python_dop_operator_3.py
[2023-12-01T13:43:17.950+0300] {processor.py:829} INFO - Processing file /home/petr/project/venv/lib/python3.10/site-packages/airflow/example_dags/example_branch_python_dop_operator_3.py for tasks to queue
[2023-12-01T13:43:17.951+0300] {logging_mixin.py:154} INFO - [2023-12-01T13:43:17.950+0300] {dagbag.py:536} INFO - Filling up the DagBag from /home/petr/project/venv/lib/python3.10/site-packages/airflow/example_dags/example_branch_python_dop_operator_3.py
[2023-12-01T13:43:17.957+0300] {processor.py:839} INFO - DAG(s) dict_keys(['example_branch_dop_operator_v3']) retrieved from /home/petr/project/venv/lib/python3.10/site-packages/airflow/example_dags/example_branch_python_dop_operator_3.py
[2023-12-01T13:43:18.020+0300] {logging_mixin.py:154} INFO - [2023-12-01T13:43:18.020+0300] {dag.py:2941} INFO - Sync 1 DAGs
[2023-12-01T13:43:18.054+0300] {logging_mixin.py:154} INFO - [2023-12-01T13:43:18.050+0300] {dag.py:3722} INFO - Setting next_dagrun for example_branch_dop_operator_v3 to 2023-12-01T10:42:00+00:00, run_after=2023-12-01T10:43:00+00:00
[2023-12-01T13:43:18.098+0300] {processor.py:179} INFO - Processing /home/petr/project/venv/lib/python3.10/site-packages/airflow/example_dags/example_branch_python_dop_operator_3.py took 0.152 seconds
[2023-12-01T13:43:48.458+0300] {processor.py:157} INFO - Started process (PID=4553) to work on /home/petr/project/venv/lib/python3.10/site-packages/airflow/example_dags/example_branch_python_dop_operator_3.py
[2023-12-01T13:43:48.462+0300] {processor.py:829} INFO - Processing file /home/petr/project/venv/lib/python3.10/site-packages/airflow/example_dags/example_branch_python_dop_operator_3.py for tasks to queue
[2023-12-01T13:43:48.463+0300] {logging_mixin.py:154} INFO - [2023-12-01T13:43:48.463+0300] {dagbag.py:536} INFO - Filling up the DagBag from /home/petr/project/venv/lib/python3.10/site-packages/airflow/example_dags/example_branch_python_dop_operator_3.py
[2023-12-01T13:43:48.472+0300] {processor.py:839} INFO - DAG(s) dict_keys(['example_branch_dop_operator_v3']) retrieved from /home/petr/project/venv/lib/python3.10/site-packages/airflow/example_dags/example_branch_python_dop_operator_3.py
[2023-12-01T13:43:48.538+0300] {logging_mixin.py:154} INFO - [2023-12-01T13:43:48.538+0300] {dag.py:2941} INFO - Sync 1 DAGs
[2023-12-01T13:43:48.572+0300] {logging_mixin.py:154} INFO - [2023-12-01T13:43:48.572+0300] {dag.py:3722} INFO - Setting next_dagrun for example_branch_dop_operator_v3 to 2023-12-01T10:42:00+00:00, run_after=2023-12-01T10:43:00+00:00
[2023-12-01T13:43:48.601+0300] {processor.py:179} INFO - Processing /home/petr/project/venv/lib/python3.10/site-packages/airflow/example_dags/example_branch_python_dop_operator_3.py took 0.146 seconds
[2023-12-01T13:44:18.738+0300] {processor.py:157} INFO - Started process (PID=4652) to work on /home/petr/project/venv/lib/python3.10/site-packages/airflow/example_dags/example_branch_python_dop_operator_3.py
[2023-12-01T13:44:18.749+0300] {processor.py:829} INFO - Processing file /home/petr/project/venv/lib/python3.10/site-packages/airflow/example_dags/example_branch_python_dop_operator_3.py for tasks to queue
[2023-12-01T13:44:18.750+0300] {logging_mixin.py:154} INFO - [2023-12-01T13:44:18.750+0300] {dagbag.py:536} INFO - Filling up the DagBag from /home/petr/project/venv/lib/python3.10/site-packages/airflow/example_dags/example_branch_python_dop_operator_3.py
[2023-12-01T13:44:18.759+0300] {processor.py:839} INFO - DAG(s) dict_keys(['example_branch_dop_operator_v3']) retrieved from /home/petr/project/venv/lib/python3.10/site-packages/airflow/example_dags/example_branch_python_dop_operator_3.py
[2023-12-01T13:44:18.819+0300] {logging_mixin.py:154} INFO - [2023-12-01T13:44:18.819+0300] {dag.py:2941} INFO - Sync 1 DAGs
[2023-12-01T13:44:18.867+0300] {logging_mixin.py:154} INFO - [2023-12-01T13:44:18.867+0300] {dag.py:3722} INFO - Setting next_dagrun for example_branch_dop_operator_v3 to 2023-12-01T10:43:00+00:00, run_after=2023-12-01T10:44:00+00:00
[2023-12-01T13:44:18.902+0300] {processor.py:179} INFO - Processing /home/petr/project/venv/lib/python3.10/site-packages/airflow/example_dags/example_branch_python_dop_operator_3.py took 0.168 seconds
[2023-12-01T13:44:50.384+0300] {processor.py:157} INFO - Started process (PID=4753) to work on /home/petr/project/venv/lib/python3.10/site-packages/airflow/example_dags/example_branch_python_dop_operator_3.py
[2023-12-01T13:44:50.408+0300] {processor.py:829} INFO - Processing file /home/petr/project/venv/lib/python3.10/site-packages/airflow/example_dags/example_branch_python_dop_operator_3.py for tasks to queue
[2023-12-01T13:44:50.409+0300] {logging_mixin.py:154} INFO - [2023-12-01T13:44:50.408+0300] {dagbag.py:536} INFO - Filling up the DagBag from /home/petr/project/venv/lib/python3.10/site-packages/airflow/example_dags/example_branch_python_dop_operator_3.py
[2023-12-01T13:44:50.427+0300] {processor.py:839} INFO - DAG(s) dict_keys(['example_branch_dop_operator_v3']) retrieved from /home/petr/project/venv/lib/python3.10/site-packages/airflow/example_dags/example_branch_python_dop_operator_3.py
[2023-12-01T13:44:50.578+0300] {logging_mixin.py:154} INFO - [2023-12-01T13:44:50.577+0300] {dag.py:2941} INFO - Sync 1 DAGs
[2023-12-01T13:44:50.626+0300] {logging_mixin.py:154} INFO - [2023-12-01T13:44:50.626+0300] {dag.py:3722} INFO - Setting next_dagrun for example_branch_dop_operator_v3 to 2023-12-01T10:43:00+00:00, run_after=2023-12-01T10:44:00+00:00
[2023-12-01T13:44:50.654+0300] {processor.py:179} INFO - Processing /home/petr/project/venv/lib/python3.10/site-packages/airflow/example_dags/example_branch_python_dop_operator_3.py took 0.273 seconds
[2023-12-01T13:45:21.356+0300] {processor.py:157} INFO - Started process (PID=4876) to work on /home/petr/project/venv/lib/python3.10/site-packages/airflow/example_dags/example_branch_python_dop_operator_3.py
[2023-12-01T13:45:21.365+0300] {processor.py:829} INFO - Processing file /home/petr/project/venv/lib/python3.10/site-packages/airflow/example_dags/example_branch_python_dop_operator_3.py for tasks to queue
[2023-12-01T13:45:21.366+0300] {logging_mixin.py:154} INFO - [2023-12-01T13:45:21.366+0300] {dagbag.py:536} INFO - Filling up the DagBag from /home/petr/project/venv/lib/python3.10/site-packages/airflow/example_dags/example_branch_python_dop_operator_3.py
[2023-12-01T13:45:21.383+0300] {processor.py:839} INFO - DAG(s) dict_keys(['example_branch_dop_operator_v3']) retrieved from /home/petr/project/venv/lib/python3.10/site-packages/airflow/example_dags/example_branch_python_dop_operator_3.py
[2023-12-01T13:45:21.433+0300] {logging_mixin.py:154} INFO - [2023-12-01T13:45:21.433+0300] {dag.py:2941} INFO - Sync 1 DAGs
[2023-12-01T13:45:21.479+0300] {logging_mixin.py:154} INFO - [2023-12-01T13:45:21.479+0300] {dag.py:3722} INFO - Setting next_dagrun for example_branch_dop_operator_v3 to 2023-12-01T10:44:00+00:00, run_after=2023-12-01T10:45:00+00:00
[2023-12-01T13:45:21.508+0300] {processor.py:179} INFO - Processing /home/petr/project/venv/lib/python3.10/site-packages/airflow/example_dags/example_branch_python_dop_operator_3.py took 0.155 seconds
[2023-12-01T13:46:48.627+0300] {processor.py:157} INFO - Started process (PID=4991) to work on /home/petr/project/venv/lib/python3.10/site-packages/airflow/example_dags/example_branch_python_dop_operator_3.py
[2023-12-01T13:46:48.628+0300] {processor.py:829} INFO - Processing file /home/petr/project/venv/lib/python3.10/site-packages/airflow/example_dags/example_branch_python_dop_operator_3.py for tasks to queue
[2023-12-01T13:46:48.629+0300] {logging_mixin.py:154} INFO - [2023-12-01T13:46:48.628+0300] {dagbag.py:536} INFO - Filling up the DagBag from /home/petr/project/venv/lib/python3.10/site-packages/airflow/example_dags/example_branch_python_dop_operator_3.py
[2023-12-01T13:46:48.644+0300] {processor.py:839} INFO - DAG(s) dict_keys(['example_branch_dop_operator_v3']) retrieved from /home/petr/project/venv/lib/python3.10/site-packages/airflow/example_dags/example_branch_python_dop_operator_3.py
[2023-12-01T13:46:48.704+0300] {logging_mixin.py:154} INFO - [2023-12-01T13:46:48.704+0300] {dag.py:2941} INFO - Sync 1 DAGs
[2023-12-01T13:46:48.756+0300] {logging_mixin.py:154} INFO - [2023-12-01T13:46:48.756+0300] {dag.py:3722} INFO - Setting next_dagrun for example_branch_dop_operator_v3 to 2023-12-01T10:45:00+00:00, run_after=2023-12-01T10:46:00+00:00
[2023-12-01T13:46:48.813+0300] {processor.py:179} INFO - Processing /home/petr/project/venv/lib/python3.10/site-packages/airflow/example_dags/example_branch_python_dop_operator_3.py took 0.201 seconds
[2023-12-01T13:47:19.511+0300] {processor.py:157} INFO - Started process (PID=5095) to work on /home/petr/project/venv/lib/python3.10/site-packages/airflow/example_dags/example_branch_python_dop_operator_3.py
[2023-12-01T13:47:19.516+0300] {processor.py:829} INFO - Processing file /home/petr/project/venv/lib/python3.10/site-packages/airflow/example_dags/example_branch_python_dop_operator_3.py for tasks to queue
[2023-12-01T13:47:19.519+0300] {logging_mixin.py:154} INFO - [2023-12-01T13:47:19.519+0300] {dagbag.py:536} INFO - Filling up the DagBag from /home/petr/project/venv/lib/python3.10/site-packages/airflow/example_dags/example_branch_python_dop_operator_3.py
[2023-12-01T13:47:19.527+0300] {processor.py:839} INFO - DAG(s) dict_keys(['example_branch_dop_operator_v3']) retrieved from /home/petr/project/venv/lib/python3.10/site-packages/airflow/example_dags/example_branch_python_dop_operator_3.py
[2023-12-01T13:47:19.590+0300] {logging_mixin.py:154} INFO - [2023-12-01T13:47:19.590+0300] {dag.py:2941} INFO - Sync 1 DAGs
[2023-12-01T13:47:19.635+0300] {logging_mixin.py:154} INFO - [2023-12-01T13:47:19.634+0300] {dag.py:3722} INFO - Setting next_dagrun for example_branch_dop_operator_v3 to 2023-12-01T10:46:00+00:00, run_after=2023-12-01T10:47:00+00:00
[2023-12-01T13:47:19.667+0300] {processor.py:179} INFO - Processing /home/petr/project/venv/lib/python3.10/site-packages/airflow/example_dags/example_branch_python_dop_operator_3.py took 0.159 seconds
[2023-12-01T13:47:51.095+0300] {processor.py:157} INFO - Started process (PID=5222) to work on /home/petr/project/venv/lib/python3.10/site-packages/airflow/example_dags/example_branch_python_dop_operator_3.py
[2023-12-01T13:47:51.108+0300] {processor.py:829} INFO - Processing file /home/petr/project/venv/lib/python3.10/site-packages/airflow/example_dags/example_branch_python_dop_operator_3.py for tasks to queue
[2023-12-01T13:47:51.109+0300] {logging_mixin.py:154} INFO - [2023-12-01T13:47:51.109+0300] {dagbag.py:536} INFO - Filling up the DagBag from /home/petr/project/venv/lib/python3.10/site-packages/airflow/example_dags/example_branch_python_dop_operator_3.py
[2023-12-01T13:47:51.116+0300] {processor.py:839} INFO - DAG(s) dict_keys(['example_branch_dop_operator_v3']) retrieved from /home/petr/project/venv/lib/python3.10/site-packages/airflow/example_dags/example_branch_python_dop_operator_3.py
[2023-12-01T13:47:51.180+0300] {logging_mixin.py:154} INFO - [2023-12-01T13:47:51.180+0300] {dag.py:2941} INFO - Sync 1 DAGs
[2023-12-01T13:47:51.224+0300] {logging_mixin.py:154} INFO - [2023-12-01T13:47:51.223+0300] {dag.py:3722} INFO - Setting next_dagrun for example_branch_dop_operator_v3 to 2023-12-01T10:46:00+00:00, run_after=2023-12-01T10:47:00+00:00
[2023-12-01T13:47:51.252+0300] {processor.py:179} INFO - Processing /home/petr/project/venv/lib/python3.10/site-packages/airflow/example_dags/example_branch_python_dop_operator_3.py took 0.160 seconds
[2023-12-01T13:49:13.056+0300] {processor.py:157} INFO - Started process (PID=5369) to work on /home/petr/project/venv/lib/python3.10/site-packages/airflow/example_dags/example_branch_python_dop_operator_3.py
[2023-12-01T13:49:13.064+0300] {processor.py:829} INFO - Processing file /home/petr/project/venv/lib/python3.10/site-packages/airflow/example_dags/example_branch_python_dop_operator_3.py for tasks to queue
[2023-12-01T13:49:13.065+0300] {logging_mixin.py:154} INFO - [2023-12-01T13:49:13.065+0300] {dagbag.py:536} INFO - Filling up the DagBag from /home/petr/project/venv/lib/python3.10/site-packages/airflow/example_dags/example_branch_python_dop_operator_3.py
[2023-12-01T13:49:13.077+0300] {processor.py:839} INFO - DAG(s) dict_keys(['example_branch_dop_operator_v3']) retrieved from /home/petr/project/venv/lib/python3.10/site-packages/airflow/example_dags/example_branch_python_dop_operator_3.py
[2023-12-01T13:49:13.130+0300] {logging_mixin.py:154} INFO - [2023-12-01T13:49:13.130+0300] {dag.py:2941} INFO - Sync 1 DAGs
[2023-12-01T13:49:13.170+0300] {logging_mixin.py:154} INFO - [2023-12-01T13:49:13.170+0300] {dag.py:3722} INFO - Setting next_dagrun for example_branch_dop_operator_v3 to 2023-12-01T10:48:00+00:00, run_after=2023-12-01T10:49:00+00:00
[2023-12-01T13:49:13.207+0300] {processor.py:179} INFO - Processing /home/petr/project/venv/lib/python3.10/site-packages/airflow/example_dags/example_branch_python_dop_operator_3.py took 0.155 seconds
[2023-12-01T13:49:44.965+0300] {processor.py:157} INFO - Started process (PID=5469) to work on /home/petr/project/venv/lib/python3.10/site-packages/airflow/example_dags/example_branch_python_dop_operator_3.py
[2023-12-01T13:49:44.978+0300] {processor.py:829} INFO - Processing file /home/petr/project/venv/lib/python3.10/site-packages/airflow/example_dags/example_branch_python_dop_operator_3.py for tasks to queue
[2023-12-01T13:49:44.978+0300] {logging_mixin.py:154} INFO - [2023-12-01T13:49:44.978+0300] {dagbag.py:536} INFO - Filling up the DagBag from /home/petr/project/venv/lib/python3.10/site-packages/airflow/example_dags/example_branch_python_dop_operator_3.py
[2023-12-01T13:49:44.985+0300] {processor.py:839} INFO - DAG(s) dict_keys(['example_branch_dop_operator_v3']) retrieved from /home/petr/project/venv/lib/python3.10/site-packages/airflow/example_dags/example_branch_python_dop_operator_3.py
[2023-12-01T13:49:45.067+0300] {logging_mixin.py:154} INFO - [2023-12-01T13:49:45.067+0300] {dag.py:2941} INFO - Sync 1 DAGs
[2023-12-01T13:49:45.215+0300] {logging_mixin.py:154} INFO - [2023-12-01T13:49:45.214+0300] {dag.py:3722} INFO - Setting next_dagrun for example_branch_dop_operator_v3 to 2023-12-01T10:48:00+00:00, run_after=2023-12-01T10:49:00+00:00
[2023-12-01T13:49:45.314+0300] {processor.py:179} INFO - Processing /home/petr/project/venv/lib/python3.10/site-packages/airflow/example_dags/example_branch_python_dop_operator_3.py took 0.352 seconds
[2023-12-01T13:50:15.765+0300] {processor.py:157} INFO - Started process (PID=5579) to work on /home/petr/project/venv/lib/python3.10/site-packages/airflow/example_dags/example_branch_python_dop_operator_3.py
[2023-12-01T13:50:15.774+0300] {processor.py:829} INFO - Processing file /home/petr/project/venv/lib/python3.10/site-packages/airflow/example_dags/example_branch_python_dop_operator_3.py for tasks to queue
[2023-12-01T13:50:15.775+0300] {logging_mixin.py:154} INFO - [2023-12-01T13:50:15.775+0300] {dagbag.py:536} INFO - Filling up the DagBag from /home/petr/project/venv/lib/python3.10/site-packages/airflow/example_dags/example_branch_python_dop_operator_3.py
[2023-12-01T13:50:15.791+0300] {processor.py:839} INFO - DAG(s) dict_keys(['example_branch_dop_operator_v3']) retrieved from /home/petr/project/venv/lib/python3.10/site-packages/airflow/example_dags/example_branch_python_dop_operator_3.py
[2023-12-01T13:50:15.844+0300] {logging_mixin.py:154} INFO - [2023-12-01T13:50:15.844+0300] {dag.py:2941} INFO - Sync 1 DAGs
[2023-12-01T13:50:15.894+0300] {logging_mixin.py:154} INFO - [2023-12-01T13:50:15.894+0300] {dag.py:3722} INFO - Setting next_dagrun for example_branch_dop_operator_v3 to 2023-12-01T10:49:00+00:00, run_after=2023-12-01T10:50:00+00:00
[2023-12-01T13:50:15.955+0300] {processor.py:179} INFO - Processing /home/petr/project/venv/lib/python3.10/site-packages/airflow/example_dags/example_branch_python_dop_operator_3.py took 0.194 seconds
[2023-12-01T20:01:00.800+0300] {processor.py:157} INFO - Started process (PID=5958) to work on /home/petr/project/venv/lib/python3.10/site-packages/airflow/example_dags/example_branch_python_dop_operator_3.py
[2023-12-01T20:01:00.821+0300] {processor.py:829} INFO - Processing file /home/petr/project/venv/lib/python3.10/site-packages/airflow/example_dags/example_branch_python_dop_operator_3.py for tasks to queue
[2023-12-01T20:01:00.822+0300] {logging_mixin.py:154} INFO - [2023-12-01T20:01:00.822+0300] {dagbag.py:536} INFO - Filling up the DagBag from /home/petr/project/venv/lib/python3.10/site-packages/airflow/example_dags/example_branch_python_dop_operator_3.py
[2023-12-01T20:01:00.913+0300] {processor.py:839} INFO - DAG(s) dict_keys(['example_branch_dop_operator_v3']) retrieved from /home/petr/project/venv/lib/python3.10/site-packages/airflow/example_dags/example_branch_python_dop_operator_3.py
[2023-12-01T20:01:01.133+0300] {logging_mixin.py:154} INFO - [2023-12-01T20:01:01.133+0300] {dag.py:2941} INFO - Sync 1 DAGs
[2023-12-01T20:01:01.489+0300] {logging_mixin.py:154} INFO - [2023-12-01T20:01:01.488+0300] {dag.py:3722} INFO - Setting next_dagrun for example_branch_dop_operator_v3 to 2023-12-01T17:00:00+00:00, run_after=2023-12-01T17:01:00+00:00
[2023-12-01T20:01:01.795+0300] {processor.py:179} INFO - Processing /home/petr/project/venv/lib/python3.10/site-packages/airflow/example_dags/example_branch_python_dop_operator_3.py took 1.015 seconds
