[2023-12-01T13:38:10.161+0300] {processor.py:157} INFO - Started process (PID=3393) to work on /home/petr/project/venv/lib/python3.10/site-packages/airflow/example_dags/example_complex.py
[2023-12-01T13:38:10.163+0300] {processor.py:829} INFO - Processing file /home/petr/project/venv/lib/python3.10/site-packages/airflow/example_dags/example_complex.py for tasks to queue
[2023-12-01T13:38:10.166+0300] {logging_mixin.py:154} INFO - [2023-12-01T13:38:10.165+0300] {dagbag.py:536} INFO - Filling up the DagBag from /home/petr/project/venv/lib/python3.10/site-packages/airflow/example_dags/example_complex.py
[2023-12-01T13:38:10.195+0300] {processor.py:839} INFO - DAG(s) dict_keys(['example_complex']) retrieved from /home/petr/project/venv/lib/python3.10/site-packages/airflow/example_dags/example_complex.py
[2023-12-01T13:38:10.303+0300] {logging_mixin.py:154} INFO - [2023-12-01T13:38:10.303+0300] {dag.py:2941} INFO - Sync 1 DAGs
[2023-12-01T13:38:10.343+0300] {logging_mixin.py:154} INFO - [2023-12-01T13:38:10.343+0300] {dag.py:3722} INFO - Setting next_dagrun for example_complex to None, run_after=None
[2023-12-01T13:38:10.375+0300] {processor.py:179} INFO - Processing /home/petr/project/venv/lib/python3.10/site-packages/airflow/example_dags/example_complex.py took 0.227 seconds
[2023-12-01T13:38:41.300+0300] {processor.py:157} INFO - Started process (PID=3497) to work on /home/petr/project/venv/lib/python3.10/site-packages/airflow/example_dags/example_complex.py
[2023-12-01T13:38:41.317+0300] {processor.py:829} INFO - Processing file /home/petr/project/venv/lib/python3.10/site-packages/airflow/example_dags/example_complex.py for tasks to queue
[2023-12-01T13:38:41.318+0300] {logging_mixin.py:154} INFO - [2023-12-01T13:38:41.318+0300] {dagbag.py:536} INFO - Filling up the DagBag from /home/petr/project/venv/lib/python3.10/site-packages/airflow/example_dags/example_complex.py
[2023-12-01T13:38:41.350+0300] {processor.py:839} INFO - DAG(s) dict_keys(['example_complex']) retrieved from /home/petr/project/venv/lib/python3.10/site-packages/airflow/example_dags/example_complex.py
[2023-12-01T13:38:41.490+0300] {logging_mixin.py:154} INFO - [2023-12-01T13:38:41.489+0300] {dag.py:2941} INFO - Sync 1 DAGs
[2023-12-01T13:38:41.527+0300] {logging_mixin.py:154} INFO - [2023-12-01T13:38:41.527+0300] {dag.py:3722} INFO - Setting next_dagrun for example_complex to None, run_after=None
[2023-12-01T13:38:41.631+0300] {processor.py:179} INFO - Processing /home/petr/project/venv/lib/python3.10/site-packages/airflow/example_dags/example_complex.py took 0.335 seconds
[2023-12-01T13:39:11.766+0300] {processor.py:157} INFO - Started process (PID=3596) to work on /home/petr/project/venv/lib/python3.10/site-packages/airflow/example_dags/example_complex.py
[2023-12-01T13:39:11.768+0300] {processor.py:829} INFO - Processing file /home/petr/project/venv/lib/python3.10/site-packages/airflow/example_dags/example_complex.py for tasks to queue
[2023-12-01T13:39:11.769+0300] {logging_mixin.py:154} INFO - [2023-12-01T13:39:11.768+0300] {dagbag.py:536} INFO - Filling up the DagBag from /home/petr/project/venv/lib/python3.10/site-packages/airflow/example_dags/example_complex.py
[2023-12-01T13:39:11.786+0300] {processor.py:839} INFO - DAG(s) dict_keys(['example_complex']) retrieved from /home/petr/project/venv/lib/python3.10/site-packages/airflow/example_dags/example_complex.py
[2023-12-01T13:39:11.864+0300] {logging_mixin.py:154} INFO - [2023-12-01T13:39:11.864+0300] {dag.py:2941} INFO - Sync 1 DAGs
[2023-12-01T13:39:11.894+0300] {logging_mixin.py:154} INFO - [2023-12-01T13:39:11.893+0300] {dag.py:3722} INFO - Setting next_dagrun for example_complex to None, run_after=None
[2023-12-01T13:39:11.959+0300] {processor.py:179} INFO - Processing /home/petr/project/venv/lib/python3.10/site-packages/airflow/example_dags/example_complex.py took 0.204 seconds
[2023-12-01T13:39:42.299+0300] {processor.py:157} INFO - Started process (PID=3712) to work on /home/petr/project/venv/lib/python3.10/site-packages/airflow/example_dags/example_complex.py
[2023-12-01T13:39:42.300+0300] {processor.py:829} INFO - Processing file /home/petr/project/venv/lib/python3.10/site-packages/airflow/example_dags/example_complex.py for tasks to queue
[2023-12-01T13:39:42.300+0300] {logging_mixin.py:154} INFO - [2023-12-01T13:39:42.300+0300] {dagbag.py:536} INFO - Filling up the DagBag from /home/petr/project/venv/lib/python3.10/site-packages/airflow/example_dags/example_complex.py
[2023-12-01T13:39:42.329+0300] {processor.py:839} INFO - DAG(s) dict_keys(['example_complex']) retrieved from /home/petr/project/venv/lib/python3.10/site-packages/airflow/example_dags/example_complex.py
[2023-12-01T13:39:42.398+0300] {logging_mixin.py:154} INFO - [2023-12-01T13:39:42.398+0300] {dag.py:2941} INFO - Sync 1 DAGs
[2023-12-01T13:39:42.416+0300] {logging_mixin.py:154} INFO - [2023-12-01T13:39:42.416+0300] {dag.py:3722} INFO - Setting next_dagrun for example_complex to None, run_after=None
[2023-12-01T13:39:42.450+0300] {processor.py:179} INFO - Processing /home/petr/project/venv/lib/python3.10/site-packages/airflow/example_dags/example_complex.py took 0.153 seconds
[2023-12-01T13:40:13.643+0300] {processor.py:157} INFO - Started process (PID=3833) to work on /home/petr/project/venv/lib/python3.10/site-packages/airflow/example_dags/example_complex.py
[2023-12-01T13:40:13.673+0300] {processor.py:829} INFO - Processing file /home/petr/project/venv/lib/python3.10/site-packages/airflow/example_dags/example_complex.py for tasks to queue
[2023-12-01T13:40:13.673+0300] {logging_mixin.py:154} INFO - [2023-12-01T13:40:13.673+0300] {dagbag.py:536} INFO - Filling up the DagBag from /home/petr/project/venv/lib/python3.10/site-packages/airflow/example_dags/example_complex.py
[2023-12-01T13:40:13.693+0300] {processor.py:839} INFO - DAG(s) dict_keys(['example_complex']) retrieved from /home/petr/project/venv/lib/python3.10/site-packages/airflow/example_dags/example_complex.py
[2023-12-01T13:40:13.842+0300] {logging_mixin.py:154} INFO - [2023-12-01T13:40:13.842+0300] {dag.py:2941} INFO - Sync 1 DAGs
[2023-12-01T13:40:13.890+0300] {logging_mixin.py:154} INFO - [2023-12-01T13:40:13.890+0300] {dag.py:3722} INFO - Setting next_dagrun for example_complex to None, run_after=None
[2023-12-01T13:40:13.949+0300] {processor.py:179} INFO - Processing /home/petr/project/venv/lib/python3.10/site-packages/airflow/example_dags/example_complex.py took 0.310 seconds
[2023-12-01T13:40:44.140+0300] {processor.py:157} INFO - Started process (PID=3936) to work on /home/petr/project/venv/lib/python3.10/site-packages/airflow/example_dags/example_complex.py
[2023-12-01T13:40:44.141+0300] {processor.py:829} INFO - Processing file /home/petr/project/venv/lib/python3.10/site-packages/airflow/example_dags/example_complex.py for tasks to queue
[2023-12-01T13:40:44.142+0300] {logging_mixin.py:154} INFO - [2023-12-01T13:40:44.141+0300] {dagbag.py:536} INFO - Filling up the DagBag from /home/petr/project/venv/lib/python3.10/site-packages/airflow/example_dags/example_complex.py
[2023-12-01T13:40:44.170+0300] {processor.py:839} INFO - DAG(s) dict_keys(['example_complex']) retrieved from /home/petr/project/venv/lib/python3.10/site-packages/airflow/example_dags/example_complex.py
[2023-12-01T13:40:44.251+0300] {logging_mixin.py:154} INFO - [2023-12-01T13:40:44.251+0300] {dag.py:2941} INFO - Sync 1 DAGs
[2023-12-01T13:40:44.265+0300] {logging_mixin.py:154} INFO - [2023-12-01T13:40:44.265+0300] {dag.py:3722} INFO - Setting next_dagrun for example_complex to None, run_after=None
[2023-12-01T13:40:44.298+0300] {processor.py:179} INFO - Processing /home/petr/project/venv/lib/python3.10/site-packages/airflow/example_dags/example_complex.py took 0.188 seconds
[2023-12-01T13:41:15.135+0300] {processor.py:157} INFO - Started process (PID=4034) to work on /home/petr/project/venv/lib/python3.10/site-packages/airflow/example_dags/example_complex.py
[2023-12-01T13:41:15.143+0300] {processor.py:829} INFO - Processing file /home/petr/project/venv/lib/python3.10/site-packages/airflow/example_dags/example_complex.py for tasks to queue
[2023-12-01T13:41:15.144+0300] {logging_mixin.py:154} INFO - [2023-12-01T13:41:15.144+0300] {dagbag.py:536} INFO - Filling up the DagBag from /home/petr/project/venv/lib/python3.10/site-packages/airflow/example_dags/example_complex.py
[2023-12-01T13:41:15.158+0300] {processor.py:839} INFO - DAG(s) dict_keys(['example_complex']) retrieved from /home/petr/project/venv/lib/python3.10/site-packages/airflow/example_dags/example_complex.py
[2023-12-01T13:41:15.239+0300] {logging_mixin.py:154} INFO - [2023-12-01T13:41:15.239+0300] {dag.py:2941} INFO - Sync 1 DAGs
[2023-12-01T13:41:15.260+0300] {logging_mixin.py:154} INFO - [2023-12-01T13:41:15.260+0300] {dag.py:3722} INFO - Setting next_dagrun for example_complex to None, run_after=None
[2023-12-01T13:41:15.300+0300] {processor.py:179} INFO - Processing /home/petr/project/venv/lib/python3.10/site-packages/airflow/example_dags/example_complex.py took 0.168 seconds
[2023-12-01T13:41:45.408+0300] {processor.py:157} INFO - Started process (PID=4139) to work on /home/petr/project/venv/lib/python3.10/site-packages/airflow/example_dags/example_complex.py
[2023-12-01T13:41:45.409+0300] {processor.py:829} INFO - Processing file /home/petr/project/venv/lib/python3.10/site-packages/airflow/example_dags/example_complex.py for tasks to queue
[2023-12-01T13:41:45.409+0300] {logging_mixin.py:154} INFO - [2023-12-01T13:41:45.409+0300] {dagbag.py:536} INFO - Filling up the DagBag from /home/petr/project/venv/lib/python3.10/site-packages/airflow/example_dags/example_complex.py
[2023-12-01T13:41:45.417+0300] {processor.py:839} INFO - DAG(s) dict_keys(['example_complex']) retrieved from /home/petr/project/venv/lib/python3.10/site-packages/airflow/example_dags/example_complex.py
[2023-12-01T13:41:45.452+0300] {logging_mixin.py:154} INFO - [2023-12-01T13:41:45.452+0300] {dag.py:2941} INFO - Sync 1 DAGs
[2023-12-01T13:41:45.462+0300] {logging_mixin.py:154} INFO - [2023-12-01T13:41:45.462+0300] {dag.py:3722} INFO - Setting next_dagrun for example_complex to None, run_after=None
[2023-12-01T13:41:45.476+0300] {processor.py:179} INFO - Processing /home/petr/project/venv/lib/python3.10/site-packages/airflow/example_dags/example_complex.py took 0.072 seconds
[2023-12-01T13:42:16.041+0300] {processor.py:157} INFO - Started process (PID=4245) to work on /home/petr/project/venv/lib/python3.10/site-packages/airflow/example_dags/example_complex.py
[2023-12-01T13:42:16.046+0300] {processor.py:829} INFO - Processing file /home/petr/project/venv/lib/python3.10/site-packages/airflow/example_dags/example_complex.py for tasks to queue
[2023-12-01T13:42:16.047+0300] {logging_mixin.py:154} INFO - [2023-12-01T13:42:16.046+0300] {dagbag.py:536} INFO - Filling up the DagBag from /home/petr/project/venv/lib/python3.10/site-packages/airflow/example_dags/example_complex.py
[2023-12-01T13:42:16.090+0300] {processor.py:839} INFO - DAG(s) dict_keys(['example_complex']) retrieved from /home/petr/project/venv/lib/python3.10/site-packages/airflow/example_dags/example_complex.py
[2023-12-01T13:42:16.232+0300] {logging_mixin.py:154} INFO - [2023-12-01T13:42:16.231+0300] {dag.py:2941} INFO - Sync 1 DAGs
[2023-12-01T13:42:16.256+0300] {logging_mixin.py:154} INFO - [2023-12-01T13:42:16.256+0300] {dag.py:3722} INFO - Setting next_dagrun for example_complex to None, run_after=None
[2023-12-01T13:42:16.277+0300] {processor.py:179} INFO - Processing /home/petr/project/venv/lib/python3.10/site-packages/airflow/example_dags/example_complex.py took 0.254 seconds
[2023-12-01T13:42:46.440+0300] {processor.py:157} INFO - Started process (PID=4350) to work on /home/petr/project/venv/lib/python3.10/site-packages/airflow/example_dags/example_complex.py
[2023-12-01T13:42:46.450+0300] {processor.py:829} INFO - Processing file /home/petr/project/venv/lib/python3.10/site-packages/airflow/example_dags/example_complex.py for tasks to queue
[2023-12-01T13:42:46.451+0300] {logging_mixin.py:154} INFO - [2023-12-01T13:42:46.451+0300] {dagbag.py:536} INFO - Filling up the DagBag from /home/petr/project/venv/lib/python3.10/site-packages/airflow/example_dags/example_complex.py
[2023-12-01T13:42:46.460+0300] {processor.py:839} INFO - DAG(s) dict_keys(['example_complex']) retrieved from /home/petr/project/venv/lib/python3.10/site-packages/airflow/example_dags/example_complex.py
[2023-12-01T13:42:46.532+0300] {logging_mixin.py:154} INFO - [2023-12-01T13:42:46.532+0300] {dag.py:2941} INFO - Sync 1 DAGs
[2023-12-01T13:42:46.547+0300] {logging_mixin.py:154} INFO - [2023-12-01T13:42:46.547+0300] {dag.py:3722} INFO - Setting next_dagrun for example_complex to None, run_after=None
[2023-12-01T13:42:46.564+0300] {processor.py:179} INFO - Processing /home/petr/project/venv/lib/python3.10/site-packages/airflow/example_dags/example_complex.py took 0.127 seconds
[2023-12-01T13:43:16.927+0300] {processor.py:157} INFO - Started process (PID=4450) to work on /home/petr/project/venv/lib/python3.10/site-packages/airflow/example_dags/example_complex.py
[2023-12-01T13:43:16.929+0300] {processor.py:829} INFO - Processing file /home/petr/project/venv/lib/python3.10/site-packages/airflow/example_dags/example_complex.py for tasks to queue
[2023-12-01T13:43:16.930+0300] {logging_mixin.py:154} INFO - [2023-12-01T13:43:16.930+0300] {dagbag.py:536} INFO - Filling up the DagBag from /home/petr/project/venv/lib/python3.10/site-packages/airflow/example_dags/example_complex.py
[2023-12-01T13:43:16.938+0300] {processor.py:839} INFO - DAG(s) dict_keys(['example_complex']) retrieved from /home/petr/project/venv/lib/python3.10/site-packages/airflow/example_dags/example_complex.py
[2023-12-01T13:43:16.967+0300] {logging_mixin.py:154} INFO - [2023-12-01T13:43:16.967+0300] {dag.py:2941} INFO - Sync 1 DAGs
[2023-12-01T13:43:16.979+0300] {logging_mixin.py:154} INFO - [2023-12-01T13:43:16.979+0300] {dag.py:3722} INFO - Setting next_dagrun for example_complex to None, run_after=None
[2023-12-01T13:43:16.995+0300] {processor.py:179} INFO - Processing /home/petr/project/venv/lib/python3.10/site-packages/airflow/example_dags/example_complex.py took 0.071 seconds
[2023-12-01T13:43:48.323+0300] {processor.py:157} INFO - Started process (PID=4550) to work on /home/petr/project/venv/lib/python3.10/site-packages/airflow/example_dags/example_complex.py
[2023-12-01T13:43:48.331+0300] {processor.py:829} INFO - Processing file /home/petr/project/venv/lib/python3.10/site-packages/airflow/example_dags/example_complex.py for tasks to queue
[2023-12-01T13:43:48.332+0300] {logging_mixin.py:154} INFO - [2023-12-01T13:43:48.332+0300] {dagbag.py:536} INFO - Filling up the DagBag from /home/petr/project/venv/lib/python3.10/site-packages/airflow/example_dags/example_complex.py
[2023-12-01T13:43:48.352+0300] {processor.py:839} INFO - DAG(s) dict_keys(['example_complex']) retrieved from /home/petr/project/venv/lib/python3.10/site-packages/airflow/example_dags/example_complex.py
[2023-12-01T13:43:48.429+0300] {logging_mixin.py:154} INFO - [2023-12-01T13:43:48.429+0300] {dag.py:2941} INFO - Sync 1 DAGs
[2023-12-01T13:43:48.452+0300] {logging_mixin.py:154} INFO - [2023-12-01T13:43:48.452+0300] {dag.py:3722} INFO - Setting next_dagrun for example_complex to None, run_after=None
[2023-12-01T13:43:48.493+0300] {processor.py:179} INFO - Processing /home/petr/project/venv/lib/python3.10/site-packages/airflow/example_dags/example_complex.py took 0.174 seconds
[2023-12-01T13:44:18.627+0300] {processor.py:157} INFO - Started process (PID=4650) to work on /home/petr/project/venv/lib/python3.10/site-packages/airflow/example_dags/example_complex.py
[2023-12-01T13:44:18.629+0300] {processor.py:829} INFO - Processing file /home/petr/project/venv/lib/python3.10/site-packages/airflow/example_dags/example_complex.py for tasks to queue
[2023-12-01T13:44:18.629+0300] {logging_mixin.py:154} INFO - [2023-12-01T13:44:18.629+0300] {dagbag.py:536} INFO - Filling up the DagBag from /home/petr/project/venv/lib/python3.10/site-packages/airflow/example_dags/example_complex.py
[2023-12-01T13:44:18.637+0300] {processor.py:839} INFO - DAG(s) dict_keys(['example_complex']) retrieved from /home/petr/project/venv/lib/python3.10/site-packages/airflow/example_dags/example_complex.py
[2023-12-01T13:44:18.711+0300] {logging_mixin.py:154} INFO - [2023-12-01T13:44:18.711+0300] {dag.py:2941} INFO - Sync 1 DAGs
[2023-12-01T13:44:18.729+0300] {logging_mixin.py:154} INFO - [2023-12-01T13:44:18.728+0300] {dag.py:3722} INFO - Setting next_dagrun for example_complex to None, run_after=None
[2023-12-01T13:44:18.764+0300] {processor.py:179} INFO - Processing /home/petr/project/venv/lib/python3.10/site-packages/airflow/example_dags/example_complex.py took 0.151 seconds
[2023-12-01T13:44:50.214+0300] {processor.py:157} INFO - Started process (PID=4751) to work on /home/petr/project/venv/lib/python3.10/site-packages/airflow/example_dags/example_complex.py
[2023-12-01T13:44:50.222+0300] {processor.py:829} INFO - Processing file /home/petr/project/venv/lib/python3.10/site-packages/airflow/example_dags/example_complex.py for tasks to queue
[2023-12-01T13:44:50.222+0300] {logging_mixin.py:154} INFO - [2023-12-01T13:44:50.222+0300] {dagbag.py:536} INFO - Filling up the DagBag from /home/petr/project/venv/lib/python3.10/site-packages/airflow/example_dags/example_complex.py
[2023-12-01T13:44:50.241+0300] {processor.py:839} INFO - DAG(s) dict_keys(['example_complex']) retrieved from /home/petr/project/venv/lib/python3.10/site-packages/airflow/example_dags/example_complex.py
[2023-12-01T13:44:50.302+0300] {logging_mixin.py:154} INFO - [2023-12-01T13:44:50.302+0300] {dag.py:2941} INFO - Sync 1 DAGs
[2023-12-01T13:44:50.330+0300] {logging_mixin.py:154} INFO - [2023-12-01T13:44:50.330+0300] {dag.py:3722} INFO - Setting next_dagrun for example_complex to None, run_after=None
[2023-12-01T13:44:50.397+0300] {processor.py:179} INFO - Processing /home/petr/project/venv/lib/python3.10/site-packages/airflow/example_dags/example_complex.py took 0.186 seconds
[2023-12-01T13:45:21.267+0300] {processor.py:157} INFO - Started process (PID=4874) to work on /home/petr/project/venv/lib/python3.10/site-packages/airflow/example_dags/example_complex.py
[2023-12-01T13:45:21.268+0300] {processor.py:829} INFO - Processing file /home/petr/project/venv/lib/python3.10/site-packages/airflow/example_dags/example_complex.py for tasks to queue
[2023-12-01T13:45:21.268+0300] {logging_mixin.py:154} INFO - [2023-12-01T13:45:21.268+0300] {dagbag.py:536} INFO - Filling up the DagBag from /home/petr/project/venv/lib/python3.10/site-packages/airflow/example_dags/example_complex.py
[2023-12-01T13:45:21.289+0300] {processor.py:839} INFO - DAG(s) dict_keys(['example_complex']) retrieved from /home/petr/project/venv/lib/python3.10/site-packages/airflow/example_dags/example_complex.py
[2023-12-01T13:45:21.371+0300] {logging_mixin.py:154} INFO - [2023-12-01T13:45:21.371+0300] {dag.py:2941} INFO - Sync 1 DAGs
[2023-12-01T13:45:21.389+0300] {logging_mixin.py:154} INFO - [2023-12-01T13:45:21.389+0300] {dag.py:3722} INFO - Setting next_dagrun for example_complex to None, run_after=None
[2023-12-01T13:45:21.427+0300] {processor.py:179} INFO - Processing /home/petr/project/venv/lib/python3.10/site-packages/airflow/example_dags/example_complex.py took 0.173 seconds
[2023-12-01T13:46:48.549+0300] {processor.py:157} INFO - Started process (PID=4989) to work on /home/petr/project/venv/lib/python3.10/site-packages/airflow/example_dags/example_complex.py
[2023-12-01T13:46:48.558+0300] {processor.py:829} INFO - Processing file /home/petr/project/venv/lib/python3.10/site-packages/airflow/example_dags/example_complex.py for tasks to queue
[2023-12-01T13:46:48.559+0300] {logging_mixin.py:154} INFO - [2023-12-01T13:46:48.559+0300] {dagbag.py:536} INFO - Filling up the DagBag from /home/petr/project/venv/lib/python3.10/site-packages/airflow/example_dags/example_complex.py
[2023-12-01T13:46:48.576+0300] {processor.py:839} INFO - DAG(s) dict_keys(['example_complex']) retrieved from /home/petr/project/venv/lib/python3.10/site-packages/airflow/example_dags/example_complex.py
[2023-12-01T13:46:48.647+0300] {logging_mixin.py:154} INFO - [2023-12-01T13:46:48.647+0300] {dag.py:2941} INFO - Sync 1 DAGs
[2023-12-01T13:46:48.665+0300] {logging_mixin.py:154} INFO - [2023-12-01T13:46:48.665+0300] {dag.py:3722} INFO - Setting next_dagrun for example_complex to None, run_after=None
[2023-12-01T13:46:48.709+0300] {processor.py:179} INFO - Processing /home/petr/project/venv/lib/python3.10/site-packages/airflow/example_dags/example_complex.py took 0.163 seconds
[2023-12-01T13:47:19.389+0300] {processor.py:157} INFO - Started process (PID=5093) to work on /home/petr/project/venv/lib/python3.10/site-packages/airflow/example_dags/example_complex.py
[2023-12-01T13:47:19.389+0300] {processor.py:829} INFO - Processing file /home/petr/project/venv/lib/python3.10/site-packages/airflow/example_dags/example_complex.py for tasks to queue
[2023-12-01T13:47:19.390+0300] {logging_mixin.py:154} INFO - [2023-12-01T13:47:19.390+0300] {dagbag.py:536} INFO - Filling up the DagBag from /home/petr/project/venv/lib/python3.10/site-packages/airflow/example_dags/example_complex.py
[2023-12-01T13:47:19.406+0300] {processor.py:839} INFO - DAG(s) dict_keys(['example_complex']) retrieved from /home/petr/project/venv/lib/python3.10/site-packages/airflow/example_dags/example_complex.py
[2023-12-01T13:47:19.476+0300] {logging_mixin.py:154} INFO - [2023-12-01T13:47:19.476+0300] {dag.py:2941} INFO - Sync 1 DAGs
[2023-12-01T13:47:19.496+0300] {logging_mixin.py:154} INFO - [2023-12-01T13:47:19.495+0300] {dag.py:3722} INFO - Setting next_dagrun for example_complex to None, run_after=None
[2023-12-01T13:47:19.532+0300] {processor.py:179} INFO - Processing /home/petr/project/venv/lib/python3.10/site-packages/airflow/example_dags/example_complex.py took 0.146 seconds
[2023-12-01T13:47:50.823+0300] {processor.py:157} INFO - Started process (PID=5220) to work on /home/petr/project/venv/lib/python3.10/site-packages/airflow/example_dags/example_complex.py
[2023-12-01T13:47:50.829+0300] {processor.py:829} INFO - Processing file /home/petr/project/venv/lib/python3.10/site-packages/airflow/example_dags/example_complex.py for tasks to queue
[2023-12-01T13:47:50.830+0300] {logging_mixin.py:154} INFO - [2023-12-01T13:47:50.830+0300] {dagbag.py:536} INFO - Filling up the DagBag from /home/petr/project/venv/lib/python3.10/site-packages/airflow/example_dags/example_complex.py
[2023-12-01T13:47:50.900+0300] {processor.py:839} INFO - DAG(s) dict_keys(['example_complex']) retrieved from /home/petr/project/venv/lib/python3.10/site-packages/airflow/example_dags/example_complex.py
[2023-12-01T13:47:51.036+0300] {logging_mixin.py:154} INFO - [2023-12-01T13:47:51.035+0300] {dag.py:2941} INFO - Sync 1 DAGs
[2023-12-01T13:47:51.056+0300] {logging_mixin.py:154} INFO - [2023-12-01T13:47:51.056+0300] {dag.py:3722} INFO - Setting next_dagrun for example_complex to None, run_after=None
[2023-12-01T13:47:51.099+0300] {processor.py:179} INFO - Processing /home/petr/project/venv/lib/python3.10/site-packages/airflow/example_dags/example_complex.py took 0.295 seconds
[2023-12-01T13:49:12.928+0300] {processor.py:157} INFO - Started process (PID=5367) to work on /home/petr/project/venv/lib/python3.10/site-packages/airflow/example_dags/example_complex.py
[2023-12-01T13:49:12.941+0300] {processor.py:829} INFO - Processing file /home/petr/project/venv/lib/python3.10/site-packages/airflow/example_dags/example_complex.py for tasks to queue
[2023-12-01T13:49:12.942+0300] {logging_mixin.py:154} INFO - [2023-12-01T13:49:12.942+0300] {dagbag.py:536} INFO - Filling up the DagBag from /home/petr/project/venv/lib/python3.10/site-packages/airflow/example_dags/example_complex.py
[2023-12-01T13:49:12.951+0300] {processor.py:839} INFO - DAG(s) dict_keys(['example_complex']) retrieved from /home/petr/project/venv/lib/python3.10/site-packages/airflow/example_dags/example_complex.py
[2023-12-01T13:49:13.028+0300] {logging_mixin.py:154} INFO - [2023-12-01T13:49:13.027+0300] {dag.py:2941} INFO - Sync 1 DAGs
[2023-12-01T13:49:13.046+0300] {logging_mixin.py:154} INFO - [2023-12-01T13:49:13.046+0300] {dag.py:3722} INFO - Setting next_dagrun for example_complex to None, run_after=None
[2023-12-01T13:49:13.083+0300] {processor.py:179} INFO - Processing /home/petr/project/venv/lib/python3.10/site-packages/airflow/example_dags/example_complex.py took 0.158 seconds
[2023-12-01T13:49:44.894+0300] {processor.py:157} INFO - Started process (PID=5467) to work on /home/petr/project/venv/lib/python3.10/site-packages/airflow/example_dags/example_complex.py
[2023-12-01T13:49:44.905+0300] {processor.py:829} INFO - Processing file /home/petr/project/venv/lib/python3.10/site-packages/airflow/example_dags/example_complex.py for tasks to queue
[2023-12-01T13:49:44.906+0300] {logging_mixin.py:154} INFO - [2023-12-01T13:49:44.906+0300] {dagbag.py:536} INFO - Filling up the DagBag from /home/petr/project/venv/lib/python3.10/site-packages/airflow/example_dags/example_complex.py
[2023-12-01T13:49:44.917+0300] {processor.py:839} INFO - DAG(s) dict_keys(['example_complex']) retrieved from /home/petr/project/venv/lib/python3.10/site-packages/airflow/example_dags/example_complex.py
[2023-12-01T13:49:44.992+0300] {logging_mixin.py:154} INFO - [2023-12-01T13:49:44.992+0300] {dag.py:2941} INFO - Sync 1 DAGs
[2023-12-01T13:49:45.013+0300] {logging_mixin.py:154} INFO - [2023-12-01T13:49:45.013+0300] {dag.py:3722} INFO - Setting next_dagrun for example_complex to None, run_after=None
[2023-12-01T13:49:45.084+0300] {processor.py:179} INFO - Processing /home/petr/project/venv/lib/python3.10/site-packages/airflow/example_dags/example_complex.py took 0.196 seconds
[2023-12-01T13:50:15.617+0300] {processor.py:157} INFO - Started process (PID=5577) to work on /home/petr/project/venv/lib/python3.10/site-packages/airflow/example_dags/example_complex.py
[2023-12-01T13:50:15.625+0300] {processor.py:829} INFO - Processing file /home/petr/project/venv/lib/python3.10/site-packages/airflow/example_dags/example_complex.py for tasks to queue
[2023-12-01T13:50:15.625+0300] {logging_mixin.py:154} INFO - [2023-12-01T13:50:15.625+0300] {dagbag.py:536} INFO - Filling up the DagBag from /home/petr/project/venv/lib/python3.10/site-packages/airflow/example_dags/example_complex.py
[2023-12-01T13:50:15.632+0300] {processor.py:839} INFO - DAG(s) dict_keys(['example_complex']) retrieved from /home/petr/project/venv/lib/python3.10/site-packages/airflow/example_dags/example_complex.py
[2023-12-01T13:50:15.703+0300] {logging_mixin.py:154} INFO - [2023-12-01T13:50:15.702+0300] {dag.py:2941} INFO - Sync 1 DAGs
[2023-12-01T13:50:15.734+0300] {logging_mixin.py:154} INFO - [2023-12-01T13:50:15.734+0300] {dag.py:3722} INFO - Setting next_dagrun for example_complex to None, run_after=None
[2023-12-01T13:50:15.768+0300] {processor.py:179} INFO - Processing /home/petr/project/venv/lib/python3.10/site-packages/airflow/example_dags/example_complex.py took 0.154 seconds
[2023-12-01T20:01:00.694+0300] {processor.py:157} INFO - Started process (PID=5957) to work on /home/petr/project/venv/lib/python3.10/site-packages/airflow/example_dags/example_complex.py
[2023-12-01T20:01:00.712+0300] {processor.py:829} INFO - Processing file /home/petr/project/venv/lib/python3.10/site-packages/airflow/example_dags/example_complex.py for tasks to queue
[2023-12-01T20:01:00.714+0300] {logging_mixin.py:154} INFO - [2023-12-01T20:01:00.713+0300] {dagbag.py:536} INFO - Filling up the DagBag from /home/petr/project/venv/lib/python3.10/site-packages/airflow/example_dags/example_complex.py
[2023-12-01T20:01:00.760+0300] {processor.py:839} INFO - DAG(s) dict_keys(['example_complex']) retrieved from /home/petr/project/venv/lib/python3.10/site-packages/airflow/example_dags/example_complex.py
[2023-12-01T20:01:01.036+0300] {logging_mixin.py:154} INFO - [2023-12-01T20:01:01.035+0300] {dag.py:2941} INFO - Sync 1 DAGs
[2023-12-01T20:01:01.145+0300] {logging_mixin.py:154} INFO - [2023-12-01T20:01:01.145+0300] {dag.py:3722} INFO - Setting next_dagrun for example_complex to None, run_after=None
[2023-12-01T20:01:01.374+0300] {processor.py:179} INFO - Processing /home/petr/project/venv/lib/python3.10/site-packages/airflow/example_dags/example_complex.py took 0.707 seconds
