[2023-12-01T13:38:05.116+0300] {processor.py:157} INFO - Started process (PID=3337) to work on /home/petr/project/venv/lib/python3.10/site-packages/airflow/example_dags/tutorial_taskflow_api.py
[2023-12-01T13:38:05.116+0300] {processor.py:829} INFO - Processing file /home/petr/project/venv/lib/python3.10/site-packages/airflow/example_dags/tutorial_taskflow_api.py for tasks to queue
[2023-12-01T13:38:05.117+0300] {logging_mixin.py:154} INFO - [2023-12-01T13:38:05.117+0300] {dagbag.py:536} INFO - Filling up the DagBag from /home/petr/project/venv/lib/python3.10/site-packages/airflow/example_dags/tutorial_taskflow_api.py
[2023-12-01T13:38:05.134+0300] {processor.py:839} INFO - DAG(s) dict_keys(['tutorial_taskflow_api']) retrieved from /home/petr/project/venv/lib/python3.10/site-packages/airflow/example_dags/tutorial_taskflow_api.py
[2023-12-01T13:38:05.211+0300] {logging_mixin.py:154} INFO - [2023-12-01T13:38:05.211+0300] {dag.py:2941} INFO - Sync 1 DAGs
[2023-12-01T13:38:05.238+0300] {logging_mixin.py:154} INFO - [2023-12-01T13:38:05.238+0300] {dag.py:3722} INFO - Setting next_dagrun for tutorial_taskflow_api to None, run_after=None
[2023-12-01T13:38:05.266+0300] {processor.py:179} INFO - Processing /home/petr/project/venv/lib/python3.10/site-packages/airflow/example_dags/tutorial_taskflow_api.py took 0.153 seconds
[2023-12-01T13:38:35.333+0300] {processor.py:157} INFO - Started process (PID=3441) to work on /home/petr/project/venv/lib/python3.10/site-packages/airflow/example_dags/tutorial_taskflow_api.py
[2023-12-01T13:38:35.334+0300] {processor.py:829} INFO - Processing file /home/petr/project/venv/lib/python3.10/site-packages/airflow/example_dags/tutorial_taskflow_api.py for tasks to queue
[2023-12-01T13:38:35.335+0300] {logging_mixin.py:154} INFO - [2023-12-01T13:38:35.334+0300] {dagbag.py:536} INFO - Filling up the DagBag from /home/petr/project/venv/lib/python3.10/site-packages/airflow/example_dags/tutorial_taskflow_api.py
[2023-12-01T13:38:35.353+0300] {processor.py:839} INFO - DAG(s) dict_keys(['tutorial_taskflow_api']) retrieved from /home/petr/project/venv/lib/python3.10/site-packages/airflow/example_dags/tutorial_taskflow_api.py
[2023-12-01T13:38:35.504+0300] {logging_mixin.py:154} INFO - [2023-12-01T13:38:35.504+0300] {dag.py:2941} INFO - Sync 1 DAGs
[2023-12-01T13:38:35.573+0300] {logging_mixin.py:154} INFO - [2023-12-01T13:38:35.573+0300] {dag.py:3722} INFO - Setting next_dagrun for tutorial_taskflow_api to None, run_after=None
[2023-12-01T13:38:35.724+0300] {processor.py:179} INFO - Processing /home/petr/project/venv/lib/python3.10/site-packages/airflow/example_dags/tutorial_taskflow_api.py took 0.395 seconds
[2023-12-01T13:39:06.186+0300] {processor.py:157} INFO - Started process (PID=3543) to work on /home/petr/project/venv/lib/python3.10/site-packages/airflow/example_dags/tutorial_taskflow_api.py
[2023-12-01T13:39:06.189+0300] {processor.py:829} INFO - Processing file /home/petr/project/venv/lib/python3.10/site-packages/airflow/example_dags/tutorial_taskflow_api.py for tasks to queue
[2023-12-01T13:39:06.190+0300] {logging_mixin.py:154} INFO - [2023-12-01T13:39:06.190+0300] {dagbag.py:536} INFO - Filling up the DagBag from /home/petr/project/venv/lib/python3.10/site-packages/airflow/example_dags/tutorial_taskflow_api.py
[2023-12-01T13:39:06.195+0300] {processor.py:839} INFO - DAG(s) dict_keys(['tutorial_taskflow_api']) retrieved from /home/petr/project/venv/lib/python3.10/site-packages/airflow/example_dags/tutorial_taskflow_api.py
[2023-12-01T13:39:06.216+0300] {logging_mixin.py:154} INFO - [2023-12-01T13:39:06.216+0300] {dag.py:2941} INFO - Sync 1 DAGs
[2023-12-01T13:39:06.225+0300] {logging_mixin.py:154} INFO - [2023-12-01T13:39:06.225+0300] {dag.py:3722} INFO - Setting next_dagrun for tutorial_taskflow_api to None, run_after=None
[2023-12-01T13:39:06.241+0300] {processor.py:179} INFO - Processing /home/petr/project/venv/lib/python3.10/site-packages/airflow/example_dags/tutorial_taskflow_api.py took 0.058 seconds
[2023-12-01T13:39:37.249+0300] {processor.py:157} INFO - Started process (PID=3650) to work on /home/petr/project/venv/lib/python3.10/site-packages/airflow/example_dags/tutorial_taskflow_api.py
[2023-12-01T13:39:37.249+0300] {processor.py:829} INFO - Processing file /home/petr/project/venv/lib/python3.10/site-packages/airflow/example_dags/tutorial_taskflow_api.py for tasks to queue
[2023-12-01T13:39:37.250+0300] {logging_mixin.py:154} INFO - [2023-12-01T13:39:37.250+0300] {dagbag.py:536} INFO - Filling up the DagBag from /home/petr/project/venv/lib/python3.10/site-packages/airflow/example_dags/tutorial_taskflow_api.py
[2023-12-01T13:39:37.257+0300] {processor.py:839} INFO - DAG(s) dict_keys(['tutorial_taskflow_api']) retrieved from /home/petr/project/venv/lib/python3.10/site-packages/airflow/example_dags/tutorial_taskflow_api.py
[2023-12-01T13:39:37.314+0300] {logging_mixin.py:154} INFO - [2023-12-01T13:39:37.314+0300] {dag.py:2941} INFO - Sync 1 DAGs
[2023-12-01T13:39:37.329+0300] {logging_mixin.py:154} INFO - [2023-12-01T13:39:37.329+0300] {dag.py:3722} INFO - Setting next_dagrun for tutorial_taskflow_api to None, run_after=None
[2023-12-01T13:39:37.363+0300] {processor.py:179} INFO - Processing /home/petr/project/venv/lib/python3.10/site-packages/airflow/example_dags/tutorial_taskflow_api.py took 0.117 seconds
[2023-12-01T13:40:08.921+0300] {processor.py:157} INFO - Started process (PID=3779) to work on /home/petr/project/venv/lib/python3.10/site-packages/airflow/example_dags/tutorial_taskflow_api.py
[2023-12-01T13:40:08.931+0300] {processor.py:829} INFO - Processing file /home/petr/project/venv/lib/python3.10/site-packages/airflow/example_dags/tutorial_taskflow_api.py for tasks to queue
[2023-12-01T13:40:08.932+0300] {logging_mixin.py:154} INFO - [2023-12-01T13:40:08.931+0300] {dagbag.py:536} INFO - Filling up the DagBag from /home/petr/project/venv/lib/python3.10/site-packages/airflow/example_dags/tutorial_taskflow_api.py
[2023-12-01T13:40:08.937+0300] {processor.py:839} INFO - DAG(s) dict_keys(['tutorial_taskflow_api']) retrieved from /home/petr/project/venv/lib/python3.10/site-packages/airflow/example_dags/tutorial_taskflow_api.py
[2023-12-01T13:40:08.987+0300] {logging_mixin.py:154} INFO - [2023-12-01T13:40:08.987+0300] {dag.py:2941} INFO - Sync 1 DAGs
[2023-12-01T13:40:09.010+0300] {logging_mixin.py:154} INFO - [2023-12-01T13:40:09.010+0300] {dag.py:3722} INFO - Setting next_dagrun for tutorial_taskflow_api to None, run_after=None
[2023-12-01T13:40:09.038+0300] {processor.py:179} INFO - Processing /home/petr/project/venv/lib/python3.10/site-packages/airflow/example_dags/tutorial_taskflow_api.py took 0.121 seconds
[2023-12-01T13:40:39.970+0300] {processor.py:157} INFO - Started process (PID=3884) to work on /home/petr/project/venv/lib/python3.10/site-packages/airflow/example_dags/tutorial_taskflow_api.py
[2023-12-01T13:40:39.971+0300] {processor.py:829} INFO - Processing file /home/petr/project/venv/lib/python3.10/site-packages/airflow/example_dags/tutorial_taskflow_api.py for tasks to queue
[2023-12-01T13:40:39.971+0300] {logging_mixin.py:154} INFO - [2023-12-01T13:40:39.971+0300] {dagbag.py:536} INFO - Filling up the DagBag from /home/petr/project/venv/lib/python3.10/site-packages/airflow/example_dags/tutorial_taskflow_api.py
[2023-12-01T13:40:39.976+0300] {processor.py:839} INFO - DAG(s) dict_keys(['tutorial_taskflow_api']) retrieved from /home/petr/project/venv/lib/python3.10/site-packages/airflow/example_dags/tutorial_taskflow_api.py
[2023-12-01T13:40:40.001+0300] {logging_mixin.py:154} INFO - [2023-12-01T13:40:40.001+0300] {dag.py:2941} INFO - Sync 1 DAGs
[2023-12-01T13:40:40.010+0300] {logging_mixin.py:154} INFO - [2023-12-01T13:40:40.010+0300] {dag.py:3722} INFO - Setting next_dagrun for tutorial_taskflow_api to None, run_after=None
[2023-12-01T13:40:40.028+0300] {processor.py:179} INFO - Processing /home/petr/project/venv/lib/python3.10/site-packages/airflow/example_dags/tutorial_taskflow_api.py took 0.061 seconds
[2023-12-01T13:41:10.296+0300] {processor.py:157} INFO - Started process (PID=3983) to work on /home/petr/project/venv/lib/python3.10/site-packages/airflow/example_dags/tutorial_taskflow_api.py
[2023-12-01T13:41:10.298+0300] {processor.py:829} INFO - Processing file /home/petr/project/venv/lib/python3.10/site-packages/airflow/example_dags/tutorial_taskflow_api.py for tasks to queue
[2023-12-01T13:41:10.299+0300] {logging_mixin.py:154} INFO - [2023-12-01T13:41:10.298+0300] {dagbag.py:536} INFO - Filling up the DagBag from /home/petr/project/venv/lib/python3.10/site-packages/airflow/example_dags/tutorial_taskflow_api.py
[2023-12-01T13:41:10.304+0300] {processor.py:839} INFO - DAG(s) dict_keys(['tutorial_taskflow_api']) retrieved from /home/petr/project/venv/lib/python3.10/site-packages/airflow/example_dags/tutorial_taskflow_api.py
[2023-12-01T13:41:10.336+0300] {logging_mixin.py:154} INFO - [2023-12-01T13:41:10.335+0300] {dag.py:2941} INFO - Sync 1 DAGs
[2023-12-01T13:41:10.346+0300] {logging_mixin.py:154} INFO - [2023-12-01T13:41:10.345+0300] {dag.py:3722} INFO - Setting next_dagrun for tutorial_taskflow_api to None, run_after=None
[2023-12-01T13:41:10.360+0300] {processor.py:179} INFO - Processing /home/petr/project/venv/lib/python3.10/site-packages/airflow/example_dags/tutorial_taskflow_api.py took 0.068 seconds
[2023-12-01T13:41:41.119+0300] {processor.py:157} INFO - Started process (PID=4087) to work on /home/petr/project/venv/lib/python3.10/site-packages/airflow/example_dags/tutorial_taskflow_api.py
[2023-12-01T13:41:41.120+0300] {processor.py:829} INFO - Processing file /home/petr/project/venv/lib/python3.10/site-packages/airflow/example_dags/tutorial_taskflow_api.py for tasks to queue
[2023-12-01T13:41:41.121+0300] {logging_mixin.py:154} INFO - [2023-12-01T13:41:41.121+0300] {dagbag.py:536} INFO - Filling up the DagBag from /home/petr/project/venv/lib/python3.10/site-packages/airflow/example_dags/tutorial_taskflow_api.py
[2023-12-01T13:41:41.133+0300] {processor.py:839} INFO - DAG(s) dict_keys(['tutorial_taskflow_api']) retrieved from /home/petr/project/venv/lib/python3.10/site-packages/airflow/example_dags/tutorial_taskflow_api.py
[2023-12-01T13:41:41.183+0300] {logging_mixin.py:154} INFO - [2023-12-01T13:41:41.183+0300] {dag.py:2941} INFO - Sync 1 DAGs
[2023-12-01T13:41:41.206+0300] {logging_mixin.py:154} INFO - [2023-12-01T13:41:41.206+0300] {dag.py:3722} INFO - Setting next_dagrun for tutorial_taskflow_api to None, run_after=None
[2023-12-01T13:41:41.238+0300] {processor.py:179} INFO - Processing /home/petr/project/venv/lib/python3.10/site-packages/airflow/example_dags/tutorial_taskflow_api.py took 0.123 seconds
[2023-12-01T13:42:11.546+0300] {processor.py:157} INFO - Started process (PID=4194) to work on /home/petr/project/venv/lib/python3.10/site-packages/airflow/example_dags/tutorial_taskflow_api.py
[2023-12-01T13:42:11.548+0300] {processor.py:829} INFO - Processing file /home/petr/project/venv/lib/python3.10/site-packages/airflow/example_dags/tutorial_taskflow_api.py for tasks to queue
[2023-12-01T13:42:11.548+0300] {logging_mixin.py:154} INFO - [2023-12-01T13:42:11.548+0300] {dagbag.py:536} INFO - Filling up the DagBag from /home/petr/project/venv/lib/python3.10/site-packages/airflow/example_dags/tutorial_taskflow_api.py
[2023-12-01T13:42:11.553+0300] {processor.py:839} INFO - DAG(s) dict_keys(['tutorial_taskflow_api']) retrieved from /home/petr/project/venv/lib/python3.10/site-packages/airflow/example_dags/tutorial_taskflow_api.py
[2023-12-01T13:42:11.578+0300] {logging_mixin.py:154} INFO - [2023-12-01T13:42:11.578+0300] {dag.py:2941} INFO - Sync 1 DAGs
[2023-12-01T13:42:11.587+0300] {logging_mixin.py:154} INFO - [2023-12-01T13:42:11.587+0300] {dag.py:3722} INFO - Setting next_dagrun for tutorial_taskflow_api to None, run_after=None
[2023-12-01T13:42:11.603+0300] {processor.py:179} INFO - Processing /home/petr/project/venv/lib/python3.10/site-packages/airflow/example_dags/tutorial_taskflow_api.py took 0.060 seconds
[2023-12-01T13:42:42.318+0300] {processor.py:157} INFO - Started process (PID=4298) to work on /home/petr/project/venv/lib/python3.10/site-packages/airflow/example_dags/tutorial_taskflow_api.py
[2023-12-01T13:42:42.319+0300] {processor.py:829} INFO - Processing file /home/petr/project/venv/lib/python3.10/site-packages/airflow/example_dags/tutorial_taskflow_api.py for tasks to queue
[2023-12-01T13:42:42.320+0300] {logging_mixin.py:154} INFO - [2023-12-01T13:42:42.319+0300] {dagbag.py:536} INFO - Filling up the DagBag from /home/petr/project/venv/lib/python3.10/site-packages/airflow/example_dags/tutorial_taskflow_api.py
[2023-12-01T13:42:42.338+0300] {processor.py:839} INFO - DAG(s) dict_keys(['tutorial_taskflow_api']) retrieved from /home/petr/project/venv/lib/python3.10/site-packages/airflow/example_dags/tutorial_taskflow_api.py
[2023-12-01T13:42:42.391+0300] {logging_mixin.py:154} INFO - [2023-12-01T13:42:42.391+0300] {dag.py:2941} INFO - Sync 1 DAGs
[2023-12-01T13:42:42.412+0300] {logging_mixin.py:154} INFO - [2023-12-01T13:42:42.412+0300] {dag.py:3722} INFO - Setting next_dagrun for tutorial_taskflow_api to None, run_after=None
[2023-12-01T13:42:42.444+0300] {processor.py:179} INFO - Processing /home/petr/project/venv/lib/python3.10/site-packages/airflow/example_dags/tutorial_taskflow_api.py took 0.129 seconds
[2023-12-01T13:43:13.486+0300] {processor.py:157} INFO - Started process (PID=4398) to work on /home/petr/project/venv/lib/python3.10/site-packages/airflow/example_dags/tutorial_taskflow_api.py
[2023-12-01T13:43:13.488+0300] {processor.py:829} INFO - Processing file /home/petr/project/venv/lib/python3.10/site-packages/airflow/example_dags/tutorial_taskflow_api.py for tasks to queue
[2023-12-01T13:43:13.488+0300] {logging_mixin.py:154} INFO - [2023-12-01T13:43:13.488+0300] {dagbag.py:536} INFO - Filling up the DagBag from /home/petr/project/venv/lib/python3.10/site-packages/airflow/example_dags/tutorial_taskflow_api.py
[2023-12-01T13:43:13.494+0300] {processor.py:839} INFO - DAG(s) dict_keys(['tutorial_taskflow_api']) retrieved from /home/petr/project/venv/lib/python3.10/site-packages/airflow/example_dags/tutorial_taskflow_api.py
[2023-12-01T13:43:13.519+0300] {logging_mixin.py:154} INFO - [2023-12-01T13:43:13.519+0300] {dag.py:2941} INFO - Sync 1 DAGs
[2023-12-01T13:43:13.528+0300] {logging_mixin.py:154} INFO - [2023-12-01T13:43:13.528+0300] {dag.py:3722} INFO - Setting next_dagrun for tutorial_taskflow_api to None, run_after=None
[2023-12-01T13:43:13.546+0300] {processor.py:179} INFO - Processing /home/petr/project/venv/lib/python3.10/site-packages/airflow/example_dags/tutorial_taskflow_api.py took 0.062 seconds
[2023-12-01T13:43:45.079+0300] {processor.py:157} INFO - Started process (PID=4498) to work on /home/petr/project/venv/lib/python3.10/site-packages/airflow/example_dags/tutorial_taskflow_api.py
[2023-12-01T13:43:45.080+0300] {processor.py:829} INFO - Processing file /home/petr/project/venv/lib/python3.10/site-packages/airflow/example_dags/tutorial_taskflow_api.py for tasks to queue
[2023-12-01T13:43:45.081+0300] {logging_mixin.py:154} INFO - [2023-12-01T13:43:45.081+0300] {dagbag.py:536} INFO - Filling up the DagBag from /home/petr/project/venv/lib/python3.10/site-packages/airflow/example_dags/tutorial_taskflow_api.py
[2023-12-01T13:43:45.086+0300] {processor.py:839} INFO - DAG(s) dict_keys(['tutorial_taskflow_api']) retrieved from /home/petr/project/venv/lib/python3.10/site-packages/airflow/example_dags/tutorial_taskflow_api.py
[2023-12-01T13:43:45.115+0300] {logging_mixin.py:154} INFO - [2023-12-01T13:43:45.115+0300] {dag.py:2941} INFO - Sync 1 DAGs
[2023-12-01T13:43:45.125+0300] {logging_mixin.py:154} INFO - [2023-12-01T13:43:45.125+0300] {dag.py:3722} INFO - Setting next_dagrun for tutorial_taskflow_api to None, run_after=None
[2023-12-01T13:43:45.144+0300] {processor.py:179} INFO - Processing /home/petr/project/venv/lib/python3.10/site-packages/airflow/example_dags/tutorial_taskflow_api.py took 0.068 seconds
[2023-12-01T13:44:15.545+0300] {processor.py:157} INFO - Started process (PID=4596) to work on /home/petr/project/venv/lib/python3.10/site-packages/airflow/example_dags/tutorial_taskflow_api.py
[2023-12-01T13:44:15.554+0300] {processor.py:829} INFO - Processing file /home/petr/project/venv/lib/python3.10/site-packages/airflow/example_dags/tutorial_taskflow_api.py for tasks to queue
[2023-12-01T13:44:15.555+0300] {logging_mixin.py:154} INFO - [2023-12-01T13:44:15.555+0300] {dagbag.py:536} INFO - Filling up the DagBag from /home/petr/project/venv/lib/python3.10/site-packages/airflow/example_dags/tutorial_taskflow_api.py
[2023-12-01T13:44:15.568+0300] {processor.py:839} INFO - DAG(s) dict_keys(['tutorial_taskflow_api']) retrieved from /home/petr/project/venv/lib/python3.10/site-packages/airflow/example_dags/tutorial_taskflow_api.py
[2023-12-01T13:44:15.612+0300] {logging_mixin.py:154} INFO - [2023-12-01T13:44:15.611+0300] {dag.py:2941} INFO - Sync 1 DAGs
[2023-12-01T13:44:15.631+0300] {logging_mixin.py:154} INFO - [2023-12-01T13:44:15.631+0300] {dag.py:3722} INFO - Setting next_dagrun for tutorial_taskflow_api to None, run_after=None
[2023-12-01T13:44:15.663+0300] {processor.py:179} INFO - Processing /home/petr/project/venv/lib/python3.10/site-packages/airflow/example_dags/tutorial_taskflow_api.py took 0.121 seconds
[2023-12-01T13:44:47.023+0300] {processor.py:157} INFO - Started process (PID=4698) to work on /home/petr/project/venv/lib/python3.10/site-packages/airflow/example_dags/tutorial_taskflow_api.py
[2023-12-01T13:44:47.024+0300] {processor.py:829} INFO - Processing file /home/petr/project/venv/lib/python3.10/site-packages/airflow/example_dags/tutorial_taskflow_api.py for tasks to queue
[2023-12-01T13:44:47.025+0300] {logging_mixin.py:154} INFO - [2023-12-01T13:44:47.025+0300] {dagbag.py:536} INFO - Filling up the DagBag from /home/petr/project/venv/lib/python3.10/site-packages/airflow/example_dags/tutorial_taskflow_api.py
[2023-12-01T13:44:47.030+0300] {processor.py:839} INFO - DAG(s) dict_keys(['tutorial_taskflow_api']) retrieved from /home/petr/project/venv/lib/python3.10/site-packages/airflow/example_dags/tutorial_taskflow_api.py
[2023-12-01T13:44:47.054+0300] {logging_mixin.py:154} INFO - [2023-12-01T13:44:47.054+0300] {dag.py:2941} INFO - Sync 1 DAGs
[2023-12-01T13:44:47.065+0300] {logging_mixin.py:154} INFO - [2023-12-01T13:44:47.065+0300] {dag.py:3722} INFO - Setting next_dagrun for tutorial_taskflow_api to None, run_after=None
[2023-12-01T13:44:47.083+0300] {processor.py:179} INFO - Processing /home/petr/project/venv/lib/python3.10/site-packages/airflow/example_dags/tutorial_taskflow_api.py took 0.064 seconds
[2023-12-01T13:45:17.685+0300] {processor.py:157} INFO - Started process (PID=4817) to work on /home/petr/project/venv/lib/python3.10/site-packages/airflow/example_dags/tutorial_taskflow_api.py
[2023-12-01T13:45:17.695+0300] {processor.py:829} INFO - Processing file /home/petr/project/venv/lib/python3.10/site-packages/airflow/example_dags/tutorial_taskflow_api.py for tasks to queue
[2023-12-01T13:45:17.696+0300] {logging_mixin.py:154} INFO - [2023-12-01T13:45:17.696+0300] {dagbag.py:536} INFO - Filling up the DagBag from /home/petr/project/venv/lib/python3.10/site-packages/airflow/example_dags/tutorial_taskflow_api.py
[2023-12-01T13:45:17.708+0300] {processor.py:839} INFO - DAG(s) dict_keys(['tutorial_taskflow_api']) retrieved from /home/petr/project/venv/lib/python3.10/site-packages/airflow/example_dags/tutorial_taskflow_api.py
[2023-12-01T13:45:17.751+0300] {logging_mixin.py:154} INFO - [2023-12-01T13:45:17.751+0300] {dag.py:2941} INFO - Sync 1 DAGs
[2023-12-01T13:45:17.780+0300] {logging_mixin.py:154} INFO - [2023-12-01T13:45:17.780+0300] {dag.py:3722} INFO - Setting next_dagrun for tutorial_taskflow_api to None, run_after=None
[2023-12-01T13:45:17.813+0300] {processor.py:179} INFO - Processing /home/petr/project/venv/lib/python3.10/site-packages/airflow/example_dags/tutorial_taskflow_api.py took 0.131 seconds
[2023-12-01T13:46:43.536+0300] {processor.py:157} INFO - Started process (PID=4934) to work on /home/petr/project/venv/lib/python3.10/site-packages/airflow/example_dags/tutorial_taskflow_api.py
[2023-12-01T13:46:43.538+0300] {processor.py:829} INFO - Processing file /home/petr/project/venv/lib/python3.10/site-packages/airflow/example_dags/tutorial_taskflow_api.py for tasks to queue
[2023-12-01T13:46:43.539+0300] {logging_mixin.py:154} INFO - [2023-12-01T13:46:43.539+0300] {dagbag.py:536} INFO - Filling up the DagBag from /home/petr/project/venv/lib/python3.10/site-packages/airflow/example_dags/tutorial_taskflow_api.py
[2023-12-01T13:46:43.550+0300] {processor.py:839} INFO - DAG(s) dict_keys(['tutorial_taskflow_api']) retrieved from /home/petr/project/venv/lib/python3.10/site-packages/airflow/example_dags/tutorial_taskflow_api.py
[2023-12-01T13:46:43.666+0300] {logging_mixin.py:154} INFO - [2023-12-01T13:46:43.666+0300] {dag.py:2941} INFO - Sync 1 DAGs
[2023-12-01T13:46:43.703+0300] {logging_mixin.py:154} INFO - [2023-12-01T13:46:43.702+0300] {dag.py:3722} INFO - Setting next_dagrun for tutorial_taskflow_api to None, run_after=None
[2023-12-01T13:46:43.767+0300] {processor.py:179} INFO - Processing /home/petr/project/venv/lib/python3.10/site-packages/airflow/example_dags/tutorial_taskflow_api.py took 0.249 seconds
[2023-12-01T13:47:13.824+0300] {processor.py:157} INFO - Started process (PID=5037) to work on /home/petr/project/venv/lib/python3.10/site-packages/airflow/example_dags/tutorial_taskflow_api.py
[2023-12-01T13:47:13.824+0300] {processor.py:829} INFO - Processing file /home/petr/project/venv/lib/python3.10/site-packages/airflow/example_dags/tutorial_taskflow_api.py for tasks to queue
[2023-12-01T13:47:13.825+0300] {logging_mixin.py:154} INFO - [2023-12-01T13:47:13.825+0300] {dagbag.py:536} INFO - Filling up the DagBag from /home/petr/project/venv/lib/python3.10/site-packages/airflow/example_dags/tutorial_taskflow_api.py
[2023-12-01T13:47:13.831+0300] {processor.py:839} INFO - DAG(s) dict_keys(['tutorial_taskflow_api']) retrieved from /home/petr/project/venv/lib/python3.10/site-packages/airflow/example_dags/tutorial_taskflow_api.py
[2023-12-01T13:47:13.889+0300] {logging_mixin.py:154} INFO - [2023-12-01T13:47:13.889+0300] {dag.py:2941} INFO - Sync 1 DAGs
[2023-12-01T13:47:13.916+0300] {logging_mixin.py:154} INFO - [2023-12-01T13:47:13.916+0300] {dag.py:3722} INFO - Setting next_dagrun for tutorial_taskflow_api to None, run_after=None
[2023-12-01T13:47:13.987+0300] {processor.py:179} INFO - Processing /home/petr/project/venv/lib/python3.10/site-packages/airflow/example_dags/tutorial_taskflow_api.py took 0.174 seconds
[2023-12-01T13:47:44.588+0300] {processor.py:157} INFO - Started process (PID=5164) to work on /home/petr/project/venv/lib/python3.10/site-packages/airflow/example_dags/tutorial_taskflow_api.py
[2023-12-01T13:47:44.602+0300] {processor.py:829} INFO - Processing file /home/petr/project/venv/lib/python3.10/site-packages/airflow/example_dags/tutorial_taskflow_api.py for tasks to queue
[2023-12-01T13:47:44.603+0300] {logging_mixin.py:154} INFO - [2023-12-01T13:47:44.603+0300] {dagbag.py:536} INFO - Filling up the DagBag from /home/petr/project/venv/lib/python3.10/site-packages/airflow/example_dags/tutorial_taskflow_api.py
[2023-12-01T13:47:44.608+0300] {processor.py:839} INFO - DAG(s) dict_keys(['tutorial_taskflow_api']) retrieved from /home/petr/project/venv/lib/python3.10/site-packages/airflow/example_dags/tutorial_taskflow_api.py
[2023-12-01T13:47:44.666+0300] {logging_mixin.py:154} INFO - [2023-12-01T13:47:44.666+0300] {dag.py:2941} INFO - Sync 1 DAGs
[2023-12-01T13:47:44.684+0300] {logging_mixin.py:154} INFO - [2023-12-01T13:47:44.683+0300] {dag.py:3722} INFO - Setting next_dagrun for tutorial_taskflow_api to None, run_after=None
[2023-12-01T13:47:44.727+0300] {processor.py:179} INFO - Processing /home/petr/project/venv/lib/python3.10/site-packages/airflow/example_dags/tutorial_taskflow_api.py took 0.142 seconds
[2023-12-01T13:49:10.095+0300] {processor.py:157} INFO - Started process (PID=5310) to work on /home/petr/project/venv/lib/python3.10/site-packages/airflow/example_dags/tutorial_taskflow_api.py
[2023-12-01T13:49:10.101+0300] {processor.py:829} INFO - Processing file /home/petr/project/venv/lib/python3.10/site-packages/airflow/example_dags/tutorial_taskflow_api.py for tasks to queue
[2023-12-01T13:49:10.102+0300] {logging_mixin.py:154} INFO - [2023-12-01T13:49:10.101+0300] {dagbag.py:536} INFO - Filling up the DagBag from /home/petr/project/venv/lib/python3.10/site-packages/airflow/example_dags/tutorial_taskflow_api.py
[2023-12-01T13:49:10.110+0300] {processor.py:839} INFO - DAG(s) dict_keys(['tutorial_taskflow_api']) retrieved from /home/petr/project/venv/lib/python3.10/site-packages/airflow/example_dags/tutorial_taskflow_api.py
[2023-12-01T13:49:10.183+0300] {logging_mixin.py:154} INFO - [2023-12-01T13:49:10.183+0300] {dag.py:2941} INFO - Sync 1 DAGs
[2023-12-01T13:49:10.229+0300] {logging_mixin.py:154} INFO - [2023-12-01T13:49:10.228+0300] {dag.py:3722} INFO - Setting next_dagrun for tutorial_taskflow_api to None, run_after=None
[2023-12-01T13:49:10.270+0300] {processor.py:179} INFO - Processing /home/petr/project/venv/lib/python3.10/site-packages/airflow/example_dags/tutorial_taskflow_api.py took 0.178 seconds
[2023-12-01T13:49:41.326+0300] {processor.py:157} INFO - Started process (PID=5411) to work on /home/petr/project/venv/lib/python3.10/site-packages/airflow/example_dags/tutorial_taskflow_api.py
[2023-12-01T13:49:41.326+0300] {processor.py:829} INFO - Processing file /home/petr/project/venv/lib/python3.10/site-packages/airflow/example_dags/tutorial_taskflow_api.py for tasks to queue
[2023-12-01T13:49:41.327+0300] {logging_mixin.py:154} INFO - [2023-12-01T13:49:41.327+0300] {dagbag.py:536} INFO - Filling up the DagBag from /home/petr/project/venv/lib/python3.10/site-packages/airflow/example_dags/tutorial_taskflow_api.py
[2023-12-01T13:49:41.334+0300] {processor.py:839} INFO - DAG(s) dict_keys(['tutorial_taskflow_api']) retrieved from /home/petr/project/venv/lib/python3.10/site-packages/airflow/example_dags/tutorial_taskflow_api.py
[2023-12-01T13:49:41.362+0300] {logging_mixin.py:154} INFO - [2023-12-01T13:49:41.362+0300] {dag.py:2941} INFO - Sync 1 DAGs
[2023-12-01T13:49:41.373+0300] {logging_mixin.py:154} INFO - [2023-12-01T13:49:41.373+0300] {dag.py:3722} INFO - Setting next_dagrun for tutorial_taskflow_api to None, run_after=None
[2023-12-01T13:49:41.393+0300] {processor.py:179} INFO - Processing /home/petr/project/venv/lib/python3.10/site-packages/airflow/example_dags/tutorial_taskflow_api.py took 0.072 seconds
[2023-12-01T13:50:11.829+0300] {processor.py:157} INFO - Started process (PID=5520) to work on /home/petr/project/venv/lib/python3.10/site-packages/airflow/example_dags/tutorial_taskflow_api.py
[2023-12-01T13:50:11.843+0300] {processor.py:829} INFO - Processing file /home/petr/project/venv/lib/python3.10/site-packages/airflow/example_dags/tutorial_taskflow_api.py for tasks to queue
[2023-12-01T13:50:11.844+0300] {logging_mixin.py:154} INFO - [2023-12-01T13:50:11.844+0300] {dagbag.py:536} INFO - Filling up the DagBag from /home/petr/project/venv/lib/python3.10/site-packages/airflow/example_dags/tutorial_taskflow_api.py
[2023-12-01T13:50:11.849+0300] {processor.py:839} INFO - DAG(s) dict_keys(['tutorial_taskflow_api']) retrieved from /home/petr/project/venv/lib/python3.10/site-packages/airflow/example_dags/tutorial_taskflow_api.py
[2023-12-01T13:50:11.910+0300] {logging_mixin.py:154} INFO - [2023-12-01T13:50:11.910+0300] {dag.py:2941} INFO - Sync 1 DAGs
[2023-12-01T13:50:11.930+0300] {logging_mixin.py:154} INFO - [2023-12-01T13:50:11.930+0300] {dag.py:3722} INFO - Setting next_dagrun for tutorial_taskflow_api to None, run_after=None
[2023-12-01T13:50:11.965+0300] {processor.py:179} INFO - Processing /home/petr/project/venv/lib/python3.10/site-packages/airflow/example_dags/tutorial_taskflow_api.py took 0.140 seconds
[2023-12-01T20:00:45.962+0300] {processor.py:157} INFO - Started process (PID=5771) to work on /home/petr/project/venv/lib/python3.10/site-packages/airflow/example_dags/tutorial_taskflow_api.py
[2023-12-01T20:00:46.009+0300] {processor.py:829} INFO - Processing file /home/petr/project/venv/lib/python3.10/site-packages/airflow/example_dags/tutorial_taskflow_api.py for tasks to queue
[2023-12-01T20:00:46.010+0300] {logging_mixin.py:154} INFO - [2023-12-01T20:00:46.010+0300] {dagbag.py:536} INFO - Filling up the DagBag from /home/petr/project/venv/lib/python3.10/site-packages/airflow/example_dags/tutorial_taskflow_api.py
[2023-12-01T20:00:46.078+0300] {processor.py:839} INFO - DAG(s) dict_keys(['tutorial_taskflow_api']) retrieved from /home/petr/project/venv/lib/python3.10/site-packages/airflow/example_dags/tutorial_taskflow_api.py
[2023-12-01T20:00:46.646+0300] {logging_mixin.py:154} INFO - [2023-12-01T20:00:46.645+0300] {dag.py:2941} INFO - Sync 1 DAGs
[2023-12-01T20:00:46.848+0300] {logging_mixin.py:154} INFO - [2023-12-01T20:00:46.848+0300] {dag.py:3722} INFO - Setting next_dagrun for tutorial_taskflow_api to None, run_after=None
[2023-12-01T20:00:47.686+0300] {processor.py:179} INFO - Processing /home/petr/project/venv/lib/python3.10/site-packages/airflow/example_dags/tutorial_taskflow_api.py took 1.818 seconds
