[2023-12-01T13:38:05.831+0300] {processor.py:157} INFO - Started process (PID=3352) to work on /home/petr/project/venv/lib/python3.10/site-packages/airflow/example_dags/tutorial.py
[2023-12-01T13:38:05.831+0300] {processor.py:829} INFO - Processing file /home/petr/project/venv/lib/python3.10/site-packages/airflow/example_dags/tutorial.py for tasks to queue
[2023-12-01T13:38:05.832+0300] {logging_mixin.py:154} INFO - [2023-12-01T13:38:05.832+0300] {dagbag.py:536} INFO - Filling up the DagBag from /home/petr/project/venv/lib/python3.10/site-packages/airflow/example_dags/tutorial.py
[2023-12-01T13:38:05.861+0300] {processor.py:839} INFO - DAG(s) dict_keys(['tutorial']) retrieved from /home/petr/project/venv/lib/python3.10/site-packages/airflow/example_dags/tutorial.py
[2023-12-01T13:38:05.929+0300] {logging_mixin.py:154} INFO - [2023-12-01T13:38:05.929+0300] {dag.py:2941} INFO - Sync 1 DAGs
[2023-12-01T13:38:05.963+0300] {logging_mixin.py:154} INFO - [2023-12-01T13:38:05.963+0300] {dag.py:3722} INFO - Setting next_dagrun for tutorial to 2023-11-30T10:38:05.963181+00:00, run_after=2023-12-01T10:38:05.963181+00:00
[2023-12-01T13:38:06.021+0300] {processor.py:179} INFO - Processing /home/petr/project/venv/lib/python3.10/site-packages/airflow/example_dags/tutorial.py took 0.193 seconds
[2023-12-01T13:38:36.700+0300] {processor.py:157} INFO - Started process (PID=3456) to work on /home/petr/project/venv/lib/python3.10/site-packages/airflow/example_dags/tutorial.py
[2023-12-01T13:38:36.701+0300] {processor.py:829} INFO - Processing file /home/petr/project/venv/lib/python3.10/site-packages/airflow/example_dags/tutorial.py for tasks to queue
[2023-12-01T13:38:36.701+0300] {logging_mixin.py:154} INFO - [2023-12-01T13:38:36.701+0300] {dagbag.py:536} INFO - Filling up the DagBag from /home/petr/project/venv/lib/python3.10/site-packages/airflow/example_dags/tutorial.py
[2023-12-01T13:38:36.717+0300] {processor.py:839} INFO - DAG(s) dict_keys(['tutorial']) retrieved from /home/petr/project/venv/lib/python3.10/site-packages/airflow/example_dags/tutorial.py
[2023-12-01T13:38:36.870+0300] {logging_mixin.py:154} INFO - [2023-12-01T13:38:36.870+0300] {dag.py:2941} INFO - Sync 1 DAGs
[2023-12-01T13:38:36.924+0300] {logging_mixin.py:154} INFO - [2023-12-01T13:38:36.924+0300] {dag.py:3722} INFO - Setting next_dagrun for tutorial to 2023-11-30T10:38:36.924360+00:00, run_after=2023-12-01T10:38:36.924360+00:00
[2023-12-01T13:38:36.967+0300] {processor.py:179} INFO - Processing /home/petr/project/venv/lib/python3.10/site-packages/airflow/example_dags/tutorial.py took 0.275 seconds
[2023-12-01T13:39:08.140+0300] {processor.py:157} INFO - Started process (PID=3557) to work on /home/petr/project/venv/lib/python3.10/site-packages/airflow/example_dags/tutorial.py
[2023-12-01T13:39:08.151+0300] {processor.py:829} INFO - Processing file /home/petr/project/venv/lib/python3.10/site-packages/airflow/example_dags/tutorial.py for tasks to queue
[2023-12-01T13:39:08.152+0300] {logging_mixin.py:154} INFO - [2023-12-01T13:39:08.152+0300] {dagbag.py:536} INFO - Filling up the DagBag from /home/petr/project/venv/lib/python3.10/site-packages/airflow/example_dags/tutorial.py
[2023-12-01T13:39:08.193+0300] {processor.py:839} INFO - DAG(s) dict_keys(['tutorial']) retrieved from /home/petr/project/venv/lib/python3.10/site-packages/airflow/example_dags/tutorial.py
[2023-12-01T13:39:08.326+0300] {logging_mixin.py:154} INFO - [2023-12-01T13:39:08.326+0300] {dag.py:2941} INFO - Sync 1 DAGs
[2023-12-01T13:39:08.415+0300] {logging_mixin.py:154} INFO - [2023-12-01T13:39:08.414+0300] {dag.py:3722} INFO - Setting next_dagrun for tutorial to 2023-11-30T10:39:08.414026+00:00, run_after=2023-12-01T10:39:08.414026+00:00
[2023-12-01T13:39:08.515+0300] {processor.py:179} INFO - Processing /home/petr/project/venv/lib/python3.10/site-packages/airflow/example_dags/tutorial.py took 0.423 seconds
[2023-12-01T13:39:38.893+0300] {processor.py:157} INFO - Started process (PID=3664) to work on /home/petr/project/venv/lib/python3.10/site-packages/airflow/example_dags/tutorial.py
[2023-12-01T13:39:38.894+0300] {processor.py:829} INFO - Processing file /home/petr/project/venv/lib/python3.10/site-packages/airflow/example_dags/tutorial.py for tasks to queue
[2023-12-01T13:39:38.894+0300] {logging_mixin.py:154} INFO - [2023-12-01T13:39:38.894+0300] {dagbag.py:536} INFO - Filling up the DagBag from /home/petr/project/venv/lib/python3.10/site-packages/airflow/example_dags/tutorial.py
[2023-12-01T13:39:38.923+0300] {processor.py:839} INFO - DAG(s) dict_keys(['tutorial']) retrieved from /home/petr/project/venv/lib/python3.10/site-packages/airflow/example_dags/tutorial.py
[2023-12-01T13:39:38.970+0300] {logging_mixin.py:154} INFO - [2023-12-01T13:39:38.970+0300] {dag.py:2941} INFO - Sync 1 DAGs
[2023-12-01T13:39:39.008+0300] {logging_mixin.py:154} INFO - [2023-12-01T13:39:39.008+0300] {dag.py:3722} INFO - Setting next_dagrun for tutorial to 2023-11-30T10:39:39.007990+00:00, run_after=2023-12-01T10:39:39.007990+00:00
[2023-12-01T13:39:39.033+0300] {processor.py:179} INFO - Processing /home/petr/project/venv/lib/python3.10/site-packages/airflow/example_dags/tutorial.py took 0.145 seconds
[2023-12-01T13:40:10.365+0300] {processor.py:157} INFO - Started process (PID=3795) to work on /home/petr/project/venv/lib/python3.10/site-packages/airflow/example_dags/tutorial.py
[2023-12-01T13:40:10.368+0300] {processor.py:829} INFO - Processing file /home/petr/project/venv/lib/python3.10/site-packages/airflow/example_dags/tutorial.py for tasks to queue
[2023-12-01T13:40:10.369+0300] {logging_mixin.py:154} INFO - [2023-12-01T13:40:10.369+0300] {dagbag.py:536} INFO - Filling up the DagBag from /home/petr/project/venv/lib/python3.10/site-packages/airflow/example_dags/tutorial.py
[2023-12-01T13:40:10.400+0300] {processor.py:839} INFO - DAG(s) dict_keys(['tutorial']) retrieved from /home/petr/project/venv/lib/python3.10/site-packages/airflow/example_dags/tutorial.py
[2023-12-01T13:40:10.484+0300] {logging_mixin.py:154} INFO - [2023-12-01T13:40:10.484+0300] {dag.py:2941} INFO - Sync 1 DAGs
[2023-12-01T13:40:10.546+0300] {logging_mixin.py:154} INFO - [2023-12-01T13:40:10.546+0300] {dag.py:3722} INFO - Setting next_dagrun for tutorial to 2023-11-30T10:40:10.546537+00:00, run_after=2023-12-01T10:40:10.546537+00:00
[2023-12-01T13:40:10.608+0300] {processor.py:179} INFO - Processing /home/petr/project/venv/lib/python3.10/site-packages/airflow/example_dags/tutorial.py took 0.280 seconds
[2023-12-01T13:40:40.809+0300] {processor.py:157} INFO - Started process (PID=3898) to work on /home/petr/project/venv/lib/python3.10/site-packages/airflow/example_dags/tutorial.py
[2023-12-01T13:40:40.823+0300] {processor.py:829} INFO - Processing file /home/petr/project/venv/lib/python3.10/site-packages/airflow/example_dags/tutorial.py for tasks to queue
[2023-12-01T13:40:40.824+0300] {logging_mixin.py:154} INFO - [2023-12-01T13:40:40.824+0300] {dagbag.py:536} INFO - Filling up the DagBag from /home/petr/project/venv/lib/python3.10/site-packages/airflow/example_dags/tutorial.py
[2023-12-01T13:40:40.880+0300] {processor.py:839} INFO - DAG(s) dict_keys(['tutorial']) retrieved from /home/petr/project/venv/lib/python3.10/site-packages/airflow/example_dags/tutorial.py
[2023-12-01T13:40:41.034+0300] {logging_mixin.py:154} INFO - [2023-12-01T13:40:41.034+0300] {dag.py:2941} INFO - Sync 1 DAGs
[2023-12-01T13:40:41.135+0300] {logging_mixin.py:154} INFO - [2023-12-01T13:40:41.135+0300] {dag.py:3722} INFO - Setting next_dagrun for tutorial to 2023-11-30T10:40:41.134880+00:00, run_after=2023-12-01T10:40:41.134880+00:00
[2023-12-01T13:40:41.266+0300] {processor.py:179} INFO - Processing /home/petr/project/venv/lib/python3.10/site-packages/airflow/example_dags/tutorial.py took 0.460 seconds
[2023-12-01T13:41:11.993+0300] {processor.py:157} INFO - Started process (PID=3997) to work on /home/petr/project/venv/lib/python3.10/site-packages/airflow/example_dags/tutorial.py
[2023-12-01T13:41:12.002+0300] {processor.py:829} INFO - Processing file /home/petr/project/venv/lib/python3.10/site-packages/airflow/example_dags/tutorial.py for tasks to queue
[2023-12-01T13:41:12.003+0300] {logging_mixin.py:154} INFO - [2023-12-01T13:41:12.003+0300] {dagbag.py:536} INFO - Filling up the DagBag from /home/petr/project/venv/lib/python3.10/site-packages/airflow/example_dags/tutorial.py
[2023-12-01T13:41:12.020+0300] {processor.py:839} INFO - DAG(s) dict_keys(['tutorial']) retrieved from /home/petr/project/venv/lib/python3.10/site-packages/airflow/example_dags/tutorial.py
[2023-12-01T13:41:12.069+0300] {logging_mixin.py:154} INFO - [2023-12-01T13:41:12.069+0300] {dag.py:2941} INFO - Sync 1 DAGs
[2023-12-01T13:41:12.100+0300] {logging_mixin.py:154} INFO - [2023-12-01T13:41:12.100+0300] {dag.py:3722} INFO - Setting next_dagrun for tutorial to 2023-11-30T10:41:12.099962+00:00, run_after=2023-12-01T10:41:12.099962+00:00
[2023-12-01T13:41:12.145+0300] {processor.py:179} INFO - Processing /home/petr/project/venv/lib/python3.10/site-packages/airflow/example_dags/tutorial.py took 0.155 seconds
[2023-12-01T13:41:42.793+0300] {processor.py:157} INFO - Started process (PID=4101) to work on /home/petr/project/venv/lib/python3.10/site-packages/airflow/example_dags/tutorial.py
[2023-12-01T13:41:42.800+0300] {processor.py:829} INFO - Processing file /home/petr/project/venv/lib/python3.10/site-packages/airflow/example_dags/tutorial.py for tasks to queue
[2023-12-01T13:41:42.800+0300] {logging_mixin.py:154} INFO - [2023-12-01T13:41:42.800+0300] {dagbag.py:536} INFO - Filling up the DagBag from /home/petr/project/venv/lib/python3.10/site-packages/airflow/example_dags/tutorial.py
[2023-12-01T13:41:42.806+0300] {processor.py:839} INFO - DAG(s) dict_keys(['tutorial']) retrieved from /home/petr/project/venv/lib/python3.10/site-packages/airflow/example_dags/tutorial.py
[2023-12-01T13:41:42.872+0300] {logging_mixin.py:154} INFO - [2023-12-01T13:41:42.872+0300] {dag.py:2941} INFO - Sync 1 DAGs
[2023-12-01T13:41:42.909+0300] {logging_mixin.py:154} INFO - [2023-12-01T13:41:42.909+0300] {dag.py:3722} INFO - Setting next_dagrun for tutorial to 2023-11-30T10:41:42.909442+00:00, run_after=2023-12-01T10:41:42.909442+00:00
[2023-12-01T13:41:42.957+0300] {processor.py:179} INFO - Processing /home/petr/project/venv/lib/python3.10/site-packages/airflow/example_dags/tutorial.py took 0.167 seconds
[2023-12-01T13:42:13.118+0300] {processor.py:157} INFO - Started process (PID=4208) to work on /home/petr/project/venv/lib/python3.10/site-packages/airflow/example_dags/tutorial.py
[2023-12-01T13:42:13.129+0300] {processor.py:829} INFO - Processing file /home/petr/project/venv/lib/python3.10/site-packages/airflow/example_dags/tutorial.py for tasks to queue
[2023-12-01T13:42:13.129+0300] {logging_mixin.py:154} INFO - [2023-12-01T13:42:13.129+0300] {dagbag.py:536} INFO - Filling up the DagBag from /home/petr/project/venv/lib/python3.10/site-packages/airflow/example_dags/tutorial.py
[2023-12-01T13:42:13.150+0300] {processor.py:839} INFO - DAG(s) dict_keys(['tutorial']) retrieved from /home/petr/project/venv/lib/python3.10/site-packages/airflow/example_dags/tutorial.py
[2023-12-01T13:42:13.213+0300] {logging_mixin.py:154} INFO - [2023-12-01T13:42:13.213+0300] {dag.py:2941} INFO - Sync 1 DAGs
[2023-12-01T13:42:13.264+0300] {logging_mixin.py:154} INFO - [2023-12-01T13:42:13.264+0300] {dag.py:3722} INFO - Setting next_dagrun for tutorial to 2023-11-30T10:42:13.264240+00:00, run_after=2023-12-01T10:42:13.264240+00:00
[2023-12-01T13:42:13.321+0300] {processor.py:179} INFO - Processing /home/petr/project/venv/lib/python3.10/site-packages/airflow/example_dags/tutorial.py took 0.206 seconds
[2023-12-01T13:42:43.934+0300] {processor.py:157} INFO - Started process (PID=4312) to work on /home/petr/project/venv/lib/python3.10/site-packages/airflow/example_dags/tutorial.py
[2023-12-01T13:42:43.947+0300] {processor.py:829} INFO - Processing file /home/petr/project/venv/lib/python3.10/site-packages/airflow/example_dags/tutorial.py for tasks to queue
[2023-12-01T13:42:43.949+0300] {logging_mixin.py:154} INFO - [2023-12-01T13:42:43.949+0300] {dagbag.py:536} INFO - Filling up the DagBag from /home/petr/project/venv/lib/python3.10/site-packages/airflow/example_dags/tutorial.py
[2023-12-01T13:42:43.954+0300] {processor.py:839} INFO - DAG(s) dict_keys(['tutorial']) retrieved from /home/petr/project/venv/lib/python3.10/site-packages/airflow/example_dags/tutorial.py
[2023-12-01T13:42:44.004+0300] {logging_mixin.py:154} INFO - [2023-12-01T13:42:44.004+0300] {dag.py:2941} INFO - Sync 1 DAGs
[2023-12-01T13:42:44.040+0300] {logging_mixin.py:154} INFO - [2023-12-01T13:42:44.040+0300] {dag.py:3722} INFO - Setting next_dagrun for tutorial to 2023-11-30T10:42:44.040431+00:00, run_after=2023-12-01T10:42:44.040431+00:00
[2023-12-01T13:42:44.081+0300] {processor.py:179} INFO - Processing /home/petr/project/venv/lib/python3.10/site-packages/airflow/example_dags/tutorial.py took 0.150 seconds
[2023-12-01T13:43:14.102+0300] {processor.py:157} INFO - Started process (PID=4412) to work on /home/petr/project/venv/lib/python3.10/site-packages/airflow/example_dags/tutorial.py
[2023-12-01T13:43:14.103+0300] {processor.py:829} INFO - Processing file /home/petr/project/venv/lib/python3.10/site-packages/airflow/example_dags/tutorial.py for tasks to queue
[2023-12-01T13:43:14.104+0300] {logging_mixin.py:154} INFO - [2023-12-01T13:43:14.104+0300] {dagbag.py:536} INFO - Filling up the DagBag from /home/petr/project/venv/lib/python3.10/site-packages/airflow/example_dags/tutorial.py
[2023-12-01T13:43:14.110+0300] {processor.py:839} INFO - DAG(s) dict_keys(['tutorial']) retrieved from /home/petr/project/venv/lib/python3.10/site-packages/airflow/example_dags/tutorial.py
[2023-12-01T13:43:14.144+0300] {logging_mixin.py:154} INFO - [2023-12-01T13:43:14.144+0300] {dag.py:2941} INFO - Sync 1 DAGs
[2023-12-01T13:43:14.163+0300] {logging_mixin.py:154} INFO - [2023-12-01T13:43:14.163+0300] {dag.py:3722} INFO - Setting next_dagrun for tutorial to 2023-11-30T10:43:14.162939+00:00, run_after=2023-12-01T10:43:14.162939+00:00
[2023-12-01T13:43:14.176+0300] {processor.py:179} INFO - Processing /home/petr/project/venv/lib/python3.10/site-packages/airflow/example_dags/tutorial.py took 0.078 seconds
[2023-12-01T13:43:45.997+0300] {processor.py:157} INFO - Started process (PID=4512) to work on /home/petr/project/venv/lib/python3.10/site-packages/airflow/example_dags/tutorial.py
[2023-12-01T13:43:46.009+0300] {processor.py:829} INFO - Processing file /home/petr/project/venv/lib/python3.10/site-packages/airflow/example_dags/tutorial.py for tasks to queue
[2023-12-01T13:43:46.010+0300] {logging_mixin.py:154} INFO - [2023-12-01T13:43:46.010+0300] {dagbag.py:536} INFO - Filling up the DagBag from /home/petr/project/venv/lib/python3.10/site-packages/airflow/example_dags/tutorial.py
[2023-12-01T13:43:46.021+0300] {processor.py:839} INFO - DAG(s) dict_keys(['tutorial']) retrieved from /home/petr/project/venv/lib/python3.10/site-packages/airflow/example_dags/tutorial.py
[2023-12-01T13:43:46.179+0300] {logging_mixin.py:154} INFO - [2023-12-01T13:43:46.178+0300] {dag.py:2941} INFO - Sync 1 DAGs
[2023-12-01T13:43:46.260+0300] {logging_mixin.py:154} INFO - [2023-12-01T13:43:46.259+0300] {dag.py:3722} INFO - Setting next_dagrun for tutorial to 2023-11-30T10:43:46.259713+00:00, run_after=2023-12-01T10:43:46.259713+00:00
[2023-12-01T13:43:46.366+0300] {processor.py:179} INFO - Processing /home/petr/project/venv/lib/python3.10/site-packages/airflow/example_dags/tutorial.py took 0.372 seconds
[2023-12-01T13:44:17.127+0300] {processor.py:157} INFO - Started process (PID=4611) to work on /home/petr/project/venv/lib/python3.10/site-packages/airflow/example_dags/tutorial.py
[2023-12-01T13:44:17.136+0300] {processor.py:829} INFO - Processing file /home/petr/project/venv/lib/python3.10/site-packages/airflow/example_dags/tutorial.py for tasks to queue
[2023-12-01T13:44:17.136+0300] {logging_mixin.py:154} INFO - [2023-12-01T13:44:17.136+0300] {dagbag.py:536} INFO - Filling up the DagBag from /home/petr/project/venv/lib/python3.10/site-packages/airflow/example_dags/tutorial.py
[2023-12-01T13:44:17.152+0300] {processor.py:839} INFO - DAG(s) dict_keys(['tutorial']) retrieved from /home/petr/project/venv/lib/python3.10/site-packages/airflow/example_dags/tutorial.py
[2023-12-01T13:44:17.197+0300] {logging_mixin.py:154} INFO - [2023-12-01T13:44:17.197+0300] {dag.py:2941} INFO - Sync 1 DAGs
[2023-12-01T13:44:17.233+0300] {logging_mixin.py:154} INFO - [2023-12-01T13:44:17.233+0300] {dag.py:3722} INFO - Setting next_dagrun for tutorial to 2023-11-30T10:44:17.233479+00:00, run_after=2023-12-01T10:44:17.233479+00:00
[2023-12-01T13:44:17.280+0300] {processor.py:179} INFO - Processing /home/petr/project/venv/lib/python3.10/site-packages/airflow/example_dags/tutorial.py took 0.157 seconds
[2023-12-01T13:44:47.767+0300] {processor.py:157} INFO - Started process (PID=4712) to work on /home/petr/project/venv/lib/python3.10/site-packages/airflow/example_dags/tutorial.py
[2023-12-01T13:44:47.804+0300] {processor.py:829} INFO - Processing file /home/petr/project/venv/lib/python3.10/site-packages/airflow/example_dags/tutorial.py for tasks to queue
[2023-12-01T13:44:47.806+0300] {logging_mixin.py:154} INFO - [2023-12-01T13:44:47.805+0300] {dagbag.py:536} INFO - Filling up the DagBag from /home/petr/project/venv/lib/python3.10/site-packages/airflow/example_dags/tutorial.py
[2023-12-01T13:44:47.838+0300] {processor.py:839} INFO - DAG(s) dict_keys(['tutorial']) retrieved from /home/petr/project/venv/lib/python3.10/site-packages/airflow/example_dags/tutorial.py
[2023-12-01T13:44:47.927+0300] {logging_mixin.py:154} INFO - [2023-12-01T13:44:47.926+0300] {dag.py:2941} INFO - Sync 1 DAGs
[2023-12-01T13:44:47.971+0300] {logging_mixin.py:154} INFO - [2023-12-01T13:44:47.971+0300] {dag.py:3722} INFO - Setting next_dagrun for tutorial to 2023-11-30T10:44:47.971564+00:00, run_after=2023-12-01T10:44:47.971564+00:00
[2023-12-01T13:44:48.044+0300] {processor.py:179} INFO - Processing /home/petr/project/venv/lib/python3.10/site-packages/airflow/example_dags/tutorial.py took 0.281 seconds
[2023-12-01T13:45:18.482+0300] {processor.py:157} INFO - Started process (PID=4832) to work on /home/petr/project/venv/lib/python3.10/site-packages/airflow/example_dags/tutorial.py
[2023-12-01T13:45:18.522+0300] {processor.py:829} INFO - Processing file /home/petr/project/venv/lib/python3.10/site-packages/airflow/example_dags/tutorial.py for tasks to queue
[2023-12-01T13:45:18.523+0300] {logging_mixin.py:154} INFO - [2023-12-01T13:45:18.523+0300] {dagbag.py:536} INFO - Filling up the DagBag from /home/petr/project/venv/lib/python3.10/site-packages/airflow/example_dags/tutorial.py
[2023-12-01T13:45:18.550+0300] {processor.py:839} INFO - DAG(s) dict_keys(['tutorial']) retrieved from /home/petr/project/venv/lib/python3.10/site-packages/airflow/example_dags/tutorial.py
[2023-12-01T13:45:18.659+0300] {logging_mixin.py:154} INFO - [2023-12-01T13:45:18.659+0300] {dag.py:2941} INFO - Sync 1 DAGs
[2023-12-01T13:45:18.796+0300] {logging_mixin.py:154} INFO - [2023-12-01T13:45:18.796+0300] {dag.py:3722} INFO - Setting next_dagrun for tutorial to 2023-11-30T10:45:18.796168+00:00, run_after=2023-12-01T10:45:18.796168+00:00
[2023-12-01T13:45:18.911+0300] {processor.py:179} INFO - Processing /home/petr/project/venv/lib/python3.10/site-packages/airflow/example_dags/tutorial.py took 0.462 seconds
[2023-12-01T13:46:45.355+0300] {processor.py:157} INFO - Started process (PID=4948) to work on /home/petr/project/venv/lib/python3.10/site-packages/airflow/example_dags/tutorial.py
[2023-12-01T13:46:45.358+0300] {processor.py:829} INFO - Processing file /home/petr/project/venv/lib/python3.10/site-packages/airflow/example_dags/tutorial.py for tasks to queue
[2023-12-01T13:46:45.359+0300] {logging_mixin.py:154} INFO - [2023-12-01T13:46:45.358+0300] {dagbag.py:536} INFO - Filling up the DagBag from /home/petr/project/venv/lib/python3.10/site-packages/airflow/example_dags/tutorial.py
[2023-12-01T13:46:45.378+0300] {processor.py:839} INFO - DAG(s) dict_keys(['tutorial']) retrieved from /home/petr/project/venv/lib/python3.10/site-packages/airflow/example_dags/tutorial.py
[2023-12-01T13:46:45.443+0300] {logging_mixin.py:154} INFO - [2023-12-01T13:46:45.443+0300] {dag.py:2941} INFO - Sync 1 DAGs
[2023-12-01T13:46:45.492+0300] {logging_mixin.py:154} INFO - [2023-12-01T13:46:45.492+0300] {dag.py:3722} INFO - Setting next_dagrun for tutorial to 2023-11-30T10:46:45.491894+00:00, run_after=2023-12-01T10:46:45.491894+00:00
[2023-12-01T13:46:45.535+0300] {processor.py:179} INFO - Processing /home/petr/project/venv/lib/python3.10/site-packages/airflow/example_dags/tutorial.py took 0.186 seconds
[2023-12-01T13:47:16.432+0300] {processor.py:157} INFO - Started process (PID=5052) to work on /home/petr/project/venv/lib/python3.10/site-packages/airflow/example_dags/tutorial.py
[2023-12-01T13:47:16.432+0300] {processor.py:829} INFO - Processing file /home/petr/project/venv/lib/python3.10/site-packages/airflow/example_dags/tutorial.py for tasks to queue
[2023-12-01T13:47:16.433+0300] {logging_mixin.py:154} INFO - [2023-12-01T13:47:16.433+0300] {dagbag.py:536} INFO - Filling up the DagBag from /home/petr/project/venv/lib/python3.10/site-packages/airflow/example_dags/tutorial.py
[2023-12-01T13:47:16.439+0300] {processor.py:839} INFO - DAG(s) dict_keys(['tutorial']) retrieved from /home/petr/project/venv/lib/python3.10/site-packages/airflow/example_dags/tutorial.py
[2023-12-01T13:47:16.505+0300] {logging_mixin.py:154} INFO - [2023-12-01T13:47:16.505+0300] {dag.py:2941} INFO - Sync 1 DAGs
[2023-12-01T13:47:16.530+0300] {logging_mixin.py:154} INFO - [2023-12-01T13:47:16.530+0300] {dag.py:3722} INFO - Setting next_dagrun for tutorial to 2023-11-30T10:47:16.530571+00:00, run_after=2023-12-01T10:47:16.530571+00:00
[2023-12-01T13:47:16.571+0300] {processor.py:179} INFO - Processing /home/petr/project/venv/lib/python3.10/site-packages/airflow/example_dags/tutorial.py took 0.143 seconds
[2023-12-01T13:47:47.396+0300] {processor.py:157} INFO - Started process (PID=5179) to work on /home/petr/project/venv/lib/python3.10/site-packages/airflow/example_dags/tutorial.py
[2023-12-01T13:47:47.437+0300] {processor.py:829} INFO - Processing file /home/petr/project/venv/lib/python3.10/site-packages/airflow/example_dags/tutorial.py for tasks to queue
[2023-12-01T13:47:47.473+0300] {logging_mixin.py:154} INFO - [2023-12-01T13:47:47.439+0300] {dagbag.py:536} INFO - Filling up the DagBag from /home/petr/project/venv/lib/python3.10/site-packages/airflow/example_dags/tutorial.py
[2023-12-01T13:47:47.480+0300] {processor.py:839} INFO - DAG(s) dict_keys(['tutorial']) retrieved from /home/petr/project/venv/lib/python3.10/site-packages/airflow/example_dags/tutorial.py
[2023-12-01T13:47:47.588+0300] {logging_mixin.py:154} INFO - [2023-12-01T13:47:47.588+0300] {dag.py:2941} INFO - Sync 1 DAGs
[2023-12-01T13:47:47.670+0300] {logging_mixin.py:154} INFO - [2023-12-01T13:47:47.669+0300] {dag.py:3722} INFO - Setting next_dagrun for tutorial to 2023-11-30T10:47:47.669364+00:00, run_after=2023-12-01T10:47:47.669364+00:00
[2023-12-01T13:47:47.743+0300] {processor.py:179} INFO - Processing /home/petr/project/venv/lib/python3.10/site-packages/airflow/example_dags/tutorial.py took 0.351 seconds
[2023-12-01T13:49:10.755+0300] {processor.py:157} INFO - Started process (PID=5325) to work on /home/petr/project/venv/lib/python3.10/site-packages/airflow/example_dags/tutorial.py
[2023-12-01T13:49:10.782+0300] {processor.py:829} INFO - Processing file /home/petr/project/venv/lib/python3.10/site-packages/airflow/example_dags/tutorial.py for tasks to queue
[2023-12-01T13:49:10.783+0300] {logging_mixin.py:154} INFO - [2023-12-01T13:49:10.782+0300] {dagbag.py:536} INFO - Filling up the DagBag from /home/petr/project/venv/lib/python3.10/site-packages/airflow/example_dags/tutorial.py
[2023-12-01T13:49:10.816+0300] {processor.py:839} INFO - DAG(s) dict_keys(['tutorial']) retrieved from /home/petr/project/venv/lib/python3.10/site-packages/airflow/example_dags/tutorial.py
[2023-12-01T13:49:10.896+0300] {logging_mixin.py:154} INFO - [2023-12-01T13:49:10.896+0300] {dag.py:2941} INFO - Sync 1 DAGs
[2023-12-01T13:49:10.929+0300] {logging_mixin.py:154} INFO - [2023-12-01T13:49:10.929+0300] {dag.py:3722} INFO - Setting next_dagrun for tutorial to 2023-11-30T10:49:10.929343+00:00, run_after=2023-12-01T10:49:10.929343+00:00
[2023-12-01T13:49:10.959+0300] {processor.py:179} INFO - Processing /home/petr/project/venv/lib/python3.10/site-packages/airflow/example_dags/tutorial.py took 0.207 seconds
[2023-12-01T13:49:42.194+0300] {processor.py:157} INFO - Started process (PID=5426) to work on /home/petr/project/venv/lib/python3.10/site-packages/airflow/example_dags/tutorial.py
[2023-12-01T13:49:42.195+0300] {processor.py:829} INFO - Processing file /home/petr/project/venv/lib/python3.10/site-packages/airflow/example_dags/tutorial.py for tasks to queue
[2023-12-01T13:49:42.211+0300] {logging_mixin.py:154} INFO - [2023-12-01T13:49:42.210+0300] {dagbag.py:536} INFO - Filling up the DagBag from /home/petr/project/venv/lib/python3.10/site-packages/airflow/example_dags/tutorial.py
[2023-12-01T13:49:42.258+0300] {processor.py:839} INFO - DAG(s) dict_keys(['tutorial']) retrieved from /home/petr/project/venv/lib/python3.10/site-packages/airflow/example_dags/tutorial.py
[2023-12-01T13:49:42.406+0300] {logging_mixin.py:154} INFO - [2023-12-01T13:49:42.405+0300] {dag.py:2941} INFO - Sync 1 DAGs
[2023-12-01T13:49:42.532+0300] {logging_mixin.py:154} INFO - [2023-12-01T13:49:42.532+0300] {dag.py:3722} INFO - Setting next_dagrun for tutorial to 2023-11-30T10:49:42.532222+00:00, run_after=2023-12-01T10:49:42.532222+00:00
[2023-12-01T13:49:42.625+0300] {processor.py:179} INFO - Processing /home/petr/project/venv/lib/python3.10/site-packages/airflow/example_dags/tutorial.py took 0.434 seconds
[2023-12-01T13:50:13.407+0300] {processor.py:157} INFO - Started process (PID=5535) to work on /home/petr/project/venv/lib/python3.10/site-packages/airflow/example_dags/tutorial.py
[2023-12-01T13:50:13.413+0300] {processor.py:829} INFO - Processing file /home/petr/project/venv/lib/python3.10/site-packages/airflow/example_dags/tutorial.py for tasks to queue
[2023-12-01T13:50:13.414+0300] {logging_mixin.py:154} INFO - [2023-12-01T13:50:13.413+0300] {dagbag.py:536} INFO - Filling up the DagBag from /home/petr/project/venv/lib/python3.10/site-packages/airflow/example_dags/tutorial.py
[2023-12-01T13:50:13.420+0300] {processor.py:839} INFO - DAG(s) dict_keys(['tutorial']) retrieved from /home/petr/project/venv/lib/python3.10/site-packages/airflow/example_dags/tutorial.py
[2023-12-01T13:50:13.485+0300] {logging_mixin.py:154} INFO - [2023-12-01T13:50:13.485+0300] {dag.py:2941} INFO - Sync 1 DAGs
[2023-12-01T13:50:13.515+0300] {logging_mixin.py:154} INFO - [2023-12-01T13:50:13.515+0300] {dag.py:3722} INFO - Setting next_dagrun for tutorial to 2023-11-30T10:50:13.514850+00:00, run_after=2023-12-01T10:50:13.514850+00:00
[2023-12-01T13:50:13.582+0300] {processor.py:179} INFO - Processing /home/petr/project/venv/lib/python3.10/site-packages/airflow/example_dags/tutorial.py took 0.177 seconds
[2023-12-01T20:00:51.489+0300] {processor.py:157} INFO - Started process (PID=5909) to work on /home/petr/project/venv/lib/python3.10/site-packages/airflow/example_dags/tutorial.py
[2023-12-01T20:00:51.494+0300] {processor.py:829} INFO - Processing file /home/petr/project/venv/lib/python3.10/site-packages/airflow/example_dags/tutorial.py for tasks to queue
[2023-12-01T20:00:51.496+0300] {logging_mixin.py:154} INFO - [2023-12-01T20:00:51.495+0300] {dagbag.py:536} INFO - Filling up the DagBag from /home/petr/project/venv/lib/python3.10/site-packages/airflow/example_dags/tutorial.py
[2023-12-01T20:00:51.551+0300] {processor.py:839} INFO - DAG(s) dict_keys(['tutorial']) retrieved from /home/petr/project/venv/lib/python3.10/site-packages/airflow/example_dags/tutorial.py
[2023-12-01T20:00:51.731+0300] {logging_mixin.py:154} INFO - [2023-12-01T20:00:51.731+0300] {dag.py:2941} INFO - Sync 1 DAGs
[2023-12-01T20:00:51.855+0300] {logging_mixin.py:154} INFO - [2023-12-01T20:00:51.854+0300] {dag.py:3722} INFO - Setting next_dagrun for tutorial to 2023-11-30T17:00:51.853283+00:00, run_after=2023-12-01T17:00:51.853283+00:00
[2023-12-01T20:00:52.159+0300] {processor.py:179} INFO - Processing /home/petr/project/venv/lib/python3.10/site-packages/airflow/example_dags/tutorial.py took 0.734 seconds
