[2023-12-01T13:38:05.106+0300] {processor.py:157} INFO - Started process (PID=3336) to work on /home/petr/project/venv/lib/python3.10/site-packages/airflow/example_dags/tutorial_dag.py
[2023-12-01T13:38:05.107+0300] {processor.py:829} INFO - Processing file /home/petr/project/venv/lib/python3.10/site-packages/airflow/example_dags/tutorial_dag.py for tasks to queue
[2023-12-01T13:38:05.107+0300] {logging_mixin.py:154} INFO - [2023-12-01T13:38:05.107+0300] {dagbag.py:536} INFO - Filling up the DagBag from /home/petr/project/venv/lib/python3.10/site-packages/airflow/example_dags/tutorial_dag.py
[2023-12-01T13:38:05.127+0300] {processor.py:839} INFO - DAG(s) dict_keys(['tutorial_dag']) retrieved from /home/petr/project/venv/lib/python3.10/site-packages/airflow/example_dags/tutorial_dag.py
[2023-12-01T13:38:05.204+0300] {logging_mixin.py:154} INFO - [2023-12-01T13:38:05.204+0300] {dag.py:2941} INFO - Sync 1 DAGs
[2023-12-01T13:38:05.242+0300] {logging_mixin.py:154} INFO - [2023-12-01T13:38:05.242+0300] {dag.py:3722} INFO - Setting next_dagrun for tutorial_dag to None, run_after=None
[2023-12-01T13:38:05.278+0300] {processor.py:179} INFO - Processing /home/petr/project/venv/lib/python3.10/site-packages/airflow/example_dags/tutorial_dag.py took 0.179 seconds
[2023-12-01T13:38:35.327+0300] {processor.py:157} INFO - Started process (PID=3440) to work on /home/petr/project/venv/lib/python3.10/site-packages/airflow/example_dags/tutorial_dag.py
[2023-12-01T13:38:35.327+0300] {processor.py:829} INFO - Processing file /home/petr/project/venv/lib/python3.10/site-packages/airflow/example_dags/tutorial_dag.py for tasks to queue
[2023-12-01T13:38:35.339+0300] {logging_mixin.py:154} INFO - [2023-12-01T13:38:35.328+0300] {dagbag.py:536} INFO - Filling up the DagBag from /home/petr/project/venv/lib/python3.10/site-packages/airflow/example_dags/tutorial_dag.py
[2023-12-01T13:38:35.343+0300] {processor.py:839} INFO - DAG(s) dict_keys(['tutorial_dag']) retrieved from /home/petr/project/venv/lib/python3.10/site-packages/airflow/example_dags/tutorial_dag.py
[2023-12-01T13:38:35.486+0300] {logging_mixin.py:154} INFO - [2023-12-01T13:38:35.485+0300] {dag.py:2941} INFO - Sync 1 DAGs
[2023-12-01T13:38:35.537+0300] {logging_mixin.py:154} INFO - [2023-12-01T13:38:35.537+0300] {dag.py:3722} INFO - Setting next_dagrun for tutorial_dag to None, run_after=None
[2023-12-01T13:38:35.694+0300] {processor.py:179} INFO - Processing /home/petr/project/venv/lib/python3.10/site-packages/airflow/example_dags/tutorial_dag.py took 0.370 seconds
[2023-12-01T13:39:06.021+0300] {processor.py:157} INFO - Started process (PID=3540) to work on /home/petr/project/venv/lib/python3.10/site-packages/airflow/example_dags/tutorial_dag.py
[2023-12-01T13:39:06.041+0300] {processor.py:829} INFO - Processing file /home/petr/project/venv/lib/python3.10/site-packages/airflow/example_dags/tutorial_dag.py for tasks to queue
[2023-12-01T13:39:06.042+0300] {logging_mixin.py:154} INFO - [2023-12-01T13:39:06.042+0300] {dagbag.py:536} INFO - Filling up the DagBag from /home/petr/project/venv/lib/python3.10/site-packages/airflow/example_dags/tutorial_dag.py
[2023-12-01T13:39:06.048+0300] {processor.py:839} INFO - DAG(s) dict_keys(['tutorial_dag']) retrieved from /home/petr/project/venv/lib/python3.10/site-packages/airflow/example_dags/tutorial_dag.py
[2023-12-01T13:39:06.107+0300] {logging_mixin.py:154} INFO - [2023-12-01T13:39:06.107+0300] {dag.py:2941} INFO - Sync 1 DAGs
[2023-12-01T13:39:06.125+0300] {logging_mixin.py:154} INFO - [2023-12-01T13:39:06.125+0300] {dag.py:3722} INFO - Setting next_dagrun for tutorial_dag to None, run_after=None
[2023-12-01T13:39:06.152+0300] {processor.py:179} INFO - Processing /home/petr/project/venv/lib/python3.10/site-packages/airflow/example_dags/tutorial_dag.py took 0.134 seconds
[2023-12-01T13:39:37.132+0300] {processor.py:157} INFO - Started process (PID=3648) to work on /home/petr/project/venv/lib/python3.10/site-packages/airflow/example_dags/tutorial_dag.py
[2023-12-01T13:39:37.133+0300] {processor.py:829} INFO - Processing file /home/petr/project/venv/lib/python3.10/site-packages/airflow/example_dags/tutorial_dag.py for tasks to queue
[2023-12-01T13:39:37.134+0300] {logging_mixin.py:154} INFO - [2023-12-01T13:39:37.133+0300] {dagbag.py:536} INFO - Filling up the DagBag from /home/petr/project/venv/lib/python3.10/site-packages/airflow/example_dags/tutorial_dag.py
[2023-12-01T13:39:37.137+0300] {processor.py:839} INFO - DAG(s) dict_keys(['tutorial_dag']) retrieved from /home/petr/project/venv/lib/python3.10/site-packages/airflow/example_dags/tutorial_dag.py
[2023-12-01T13:39:37.207+0300] {logging_mixin.py:154} INFO - [2023-12-01T13:39:37.207+0300] {dag.py:2941} INFO - Sync 1 DAGs
[2023-12-01T13:39:37.234+0300] {logging_mixin.py:154} INFO - [2023-12-01T13:39:37.234+0300] {dag.py:3722} INFO - Setting next_dagrun for tutorial_dag to None, run_after=None
[2023-12-01T13:39:37.268+0300] {processor.py:179} INFO - Processing /home/petr/project/venv/lib/python3.10/site-packages/airflow/example_dags/tutorial_dag.py took 0.139 seconds
[2023-12-01T13:40:08.696+0300] {processor.py:157} INFO - Started process (PID=3776) to work on /home/petr/project/venv/lib/python3.10/site-packages/airflow/example_dags/tutorial_dag.py
[2023-12-01T13:40:08.713+0300] {processor.py:829} INFO - Processing file /home/petr/project/venv/lib/python3.10/site-packages/airflow/example_dags/tutorial_dag.py for tasks to queue
[2023-12-01T13:40:08.714+0300] {logging_mixin.py:154} INFO - [2023-12-01T13:40:08.714+0300] {dagbag.py:536} INFO - Filling up the DagBag from /home/petr/project/venv/lib/python3.10/site-packages/airflow/example_dags/tutorial_dag.py
[2023-12-01T13:40:08.718+0300] {processor.py:839} INFO - DAG(s) dict_keys(['tutorial_dag']) retrieved from /home/petr/project/venv/lib/python3.10/site-packages/airflow/example_dags/tutorial_dag.py
[2023-12-01T13:40:08.778+0300] {logging_mixin.py:154} INFO - [2023-12-01T13:40:08.777+0300] {dag.py:2941} INFO - Sync 1 DAGs
[2023-12-01T13:40:08.801+0300] {logging_mixin.py:154} INFO - [2023-12-01T13:40:08.801+0300] {dag.py:3722} INFO - Setting next_dagrun for tutorial_dag to None, run_after=None
[2023-12-01T13:40:08.882+0300] {processor.py:179} INFO - Processing /home/petr/project/venv/lib/python3.10/site-packages/airflow/example_dags/tutorial_dag.py took 0.190 seconds
[2023-12-01T13:40:39.801+0300] {processor.py:157} INFO - Started process (PID=3881) to work on /home/petr/project/venv/lib/python3.10/site-packages/airflow/example_dags/tutorial_dag.py
[2023-12-01T13:40:39.809+0300] {processor.py:829} INFO - Processing file /home/petr/project/venv/lib/python3.10/site-packages/airflow/example_dags/tutorial_dag.py for tasks to queue
[2023-12-01T13:40:39.810+0300] {logging_mixin.py:154} INFO - [2023-12-01T13:40:39.810+0300] {dagbag.py:536} INFO - Filling up the DagBag from /home/petr/project/venv/lib/python3.10/site-packages/airflow/example_dags/tutorial_dag.py
[2023-12-01T13:40:39.815+0300] {processor.py:839} INFO - DAG(s) dict_keys(['tutorial_dag']) retrieved from /home/petr/project/venv/lib/python3.10/site-packages/airflow/example_dags/tutorial_dag.py
[2023-12-01T13:40:39.877+0300] {logging_mixin.py:154} INFO - [2023-12-01T13:40:39.877+0300] {dag.py:2941} INFO - Sync 1 DAGs
[2023-12-01T13:40:39.893+0300] {logging_mixin.py:154} INFO - [2023-12-01T13:40:39.893+0300] {dag.py:3722} INFO - Setting next_dagrun for tutorial_dag to None, run_after=None
[2023-12-01T13:40:39.943+0300] {processor.py:179} INFO - Processing /home/petr/project/venv/lib/python3.10/site-packages/airflow/example_dags/tutorial_dag.py took 0.146 seconds
[2023-12-01T13:41:10.104+0300] {processor.py:157} INFO - Started process (PID=3980) to work on /home/petr/project/venv/lib/python3.10/site-packages/airflow/example_dags/tutorial_dag.py
[2023-12-01T13:41:10.125+0300] {processor.py:829} INFO - Processing file /home/petr/project/venv/lib/python3.10/site-packages/airflow/example_dags/tutorial_dag.py for tasks to queue
[2023-12-01T13:41:10.127+0300] {logging_mixin.py:154} INFO - [2023-12-01T13:41:10.126+0300] {dagbag.py:536} INFO - Filling up the DagBag from /home/petr/project/venv/lib/python3.10/site-packages/airflow/example_dags/tutorial_dag.py
[2023-12-01T13:41:10.143+0300] {processor.py:839} INFO - DAG(s) dict_keys(['tutorial_dag']) retrieved from /home/petr/project/venv/lib/python3.10/site-packages/airflow/example_dags/tutorial_dag.py
[2023-12-01T13:41:10.212+0300] {logging_mixin.py:154} INFO - [2023-12-01T13:41:10.212+0300] {dag.py:2941} INFO - Sync 1 DAGs
[2023-12-01T13:41:10.231+0300] {logging_mixin.py:154} INFO - [2023-12-01T13:41:10.231+0300] {dag.py:3722} INFO - Setting next_dagrun for tutorial_dag to None, run_after=None
[2023-12-01T13:41:10.276+0300] {processor.py:179} INFO - Processing /home/petr/project/venv/lib/python3.10/site-packages/airflow/example_dags/tutorial_dag.py took 0.178 seconds
[2023-12-01T13:41:40.950+0300] {processor.py:157} INFO - Started process (PID=4085) to work on /home/petr/project/venv/lib/python3.10/site-packages/airflow/example_dags/tutorial_dag.py
[2023-12-01T13:41:40.960+0300] {processor.py:829} INFO - Processing file /home/petr/project/venv/lib/python3.10/site-packages/airflow/example_dags/tutorial_dag.py for tasks to queue
[2023-12-01T13:41:40.967+0300] {logging_mixin.py:154} INFO - [2023-12-01T13:41:40.961+0300] {dagbag.py:536} INFO - Filling up the DagBag from /home/petr/project/venv/lib/python3.10/site-packages/airflow/example_dags/tutorial_dag.py
[2023-12-01T13:41:40.972+0300] {processor.py:839} INFO - DAG(s) dict_keys(['tutorial_dag']) retrieved from /home/petr/project/venv/lib/python3.10/site-packages/airflow/example_dags/tutorial_dag.py
[2023-12-01T13:41:41.032+0300] {logging_mixin.py:154} INFO - [2023-12-01T13:41:41.032+0300] {dag.py:2941} INFO - Sync 1 DAGs
[2023-12-01T13:41:41.054+0300] {logging_mixin.py:154} INFO - [2023-12-01T13:41:41.054+0300] {dag.py:3722} INFO - Setting next_dagrun for tutorial_dag to None, run_after=None
[2023-12-01T13:41:41.108+0300] {processor.py:179} INFO - Processing /home/petr/project/venv/lib/python3.10/site-packages/airflow/example_dags/tutorial_dag.py took 0.162 seconds
[2023-12-01T13:42:11.386+0300] {processor.py:157} INFO - Started process (PID=4191) to work on /home/petr/project/venv/lib/python3.10/site-packages/airflow/example_dags/tutorial_dag.py
[2023-12-01T13:42:11.397+0300] {processor.py:829} INFO - Processing file /home/petr/project/venv/lib/python3.10/site-packages/airflow/example_dags/tutorial_dag.py for tasks to queue
[2023-12-01T13:42:11.398+0300] {logging_mixin.py:154} INFO - [2023-12-01T13:42:11.398+0300] {dagbag.py:536} INFO - Filling up the DagBag from /home/petr/project/venv/lib/python3.10/site-packages/airflow/example_dags/tutorial_dag.py
[2023-12-01T13:42:11.402+0300] {processor.py:839} INFO - DAG(s) dict_keys(['tutorial_dag']) retrieved from /home/petr/project/venv/lib/python3.10/site-packages/airflow/example_dags/tutorial_dag.py
[2023-12-01T13:42:11.457+0300] {logging_mixin.py:154} INFO - [2023-12-01T13:42:11.457+0300] {dag.py:2941} INFO - Sync 1 DAGs
[2023-12-01T13:42:11.476+0300] {logging_mixin.py:154} INFO - [2023-12-01T13:42:11.475+0300] {dag.py:3722} INFO - Setting next_dagrun for tutorial_dag to None, run_after=None
[2023-12-01T13:42:11.526+0300] {processor.py:179} INFO - Processing /home/petr/project/venv/lib/python3.10/site-packages/airflow/example_dags/tutorial_dag.py took 0.146 seconds
[2023-12-01T13:42:42.189+0300] {processor.py:157} INFO - Started process (PID=4296) to work on /home/petr/project/venv/lib/python3.10/site-packages/airflow/example_dags/tutorial_dag.py
[2023-12-01T13:42:42.202+0300] {processor.py:829} INFO - Processing file /home/petr/project/venv/lib/python3.10/site-packages/airflow/example_dags/tutorial_dag.py for tasks to queue
[2023-12-01T13:42:42.203+0300] {logging_mixin.py:154} INFO - [2023-12-01T13:42:42.202+0300] {dagbag.py:536} INFO - Filling up the DagBag from /home/petr/project/venv/lib/python3.10/site-packages/airflow/example_dags/tutorial_dag.py
[2023-12-01T13:42:42.208+0300] {processor.py:839} INFO - DAG(s) dict_keys(['tutorial_dag']) retrieved from /home/petr/project/venv/lib/python3.10/site-packages/airflow/example_dags/tutorial_dag.py
[2023-12-01T13:42:42.258+0300] {logging_mixin.py:154} INFO - [2023-12-01T13:42:42.257+0300] {dag.py:2941} INFO - Sync 1 DAGs
[2023-12-01T13:42:42.282+0300] {logging_mixin.py:154} INFO - [2023-12-01T13:42:42.281+0300] {dag.py:3722} INFO - Setting next_dagrun for tutorial_dag to None, run_after=None
[2023-12-01T13:42:42.325+0300] {processor.py:179} INFO - Processing /home/petr/project/venv/lib/python3.10/site-packages/airflow/example_dags/tutorial_dag.py took 0.140 seconds
[2023-12-01T13:43:13.332+0300] {processor.py:157} INFO - Started process (PID=4395) to work on /home/petr/project/venv/lib/python3.10/site-packages/airflow/example_dags/tutorial_dag.py
[2023-12-01T13:43:13.340+0300] {processor.py:829} INFO - Processing file /home/petr/project/venv/lib/python3.10/site-packages/airflow/example_dags/tutorial_dag.py for tasks to queue
[2023-12-01T13:43:13.341+0300] {logging_mixin.py:154} INFO - [2023-12-01T13:43:13.341+0300] {dagbag.py:536} INFO - Filling up the DagBag from /home/petr/project/venv/lib/python3.10/site-packages/airflow/example_dags/tutorial_dag.py
[2023-12-01T13:43:13.353+0300] {processor.py:839} INFO - DAG(s) dict_keys(['tutorial_dag']) retrieved from /home/petr/project/venv/lib/python3.10/site-packages/airflow/example_dags/tutorial_dag.py
[2023-12-01T13:43:13.409+0300] {logging_mixin.py:154} INFO - [2023-12-01T13:43:13.409+0300] {dag.py:2941} INFO - Sync 1 DAGs
[2023-12-01T13:43:13.433+0300] {logging_mixin.py:154} INFO - [2023-12-01T13:43:13.432+0300] {dag.py:3722} INFO - Setting next_dagrun for tutorial_dag to None, run_after=None
[2023-12-01T13:43:13.462+0300] {processor.py:179} INFO - Processing /home/petr/project/venv/lib/python3.10/site-packages/airflow/example_dags/tutorial_dag.py took 0.134 seconds
[2023-12-01T13:43:44.710+0300] {processor.py:157} INFO - Started process (PID=4495) to work on /home/petr/project/venv/lib/python3.10/site-packages/airflow/example_dags/tutorial_dag.py
[2023-12-01T13:43:44.756+0300] {processor.py:829} INFO - Processing file /home/petr/project/venv/lib/python3.10/site-packages/airflow/example_dags/tutorial_dag.py for tasks to queue
[2023-12-01T13:43:44.757+0300] {logging_mixin.py:154} INFO - [2023-12-01T13:43:44.757+0300] {dagbag.py:536} INFO - Filling up the DagBag from /home/petr/project/venv/lib/python3.10/site-packages/airflow/example_dags/tutorial_dag.py
[2023-12-01T13:43:44.762+0300] {processor.py:839} INFO - DAG(s) dict_keys(['tutorial_dag']) retrieved from /home/petr/project/venv/lib/python3.10/site-packages/airflow/example_dags/tutorial_dag.py
[2023-12-01T13:43:44.921+0300] {logging_mixin.py:154} INFO - [2023-12-01T13:43:44.920+0300] {dag.py:2941} INFO - Sync 1 DAGs
[2023-12-01T13:43:44.965+0300] {logging_mixin.py:154} INFO - [2023-12-01T13:43:44.965+0300] {dag.py:3722} INFO - Setting next_dagrun for tutorial_dag to None, run_after=None
[2023-12-01T13:43:45.046+0300] {processor.py:179} INFO - Processing /home/petr/project/venv/lib/python3.10/site-packages/airflow/example_dags/tutorial_dag.py took 0.342 seconds
[2023-12-01T13:44:15.534+0300] {processor.py:157} INFO - Started process (PID=4595) to work on /home/petr/project/venv/lib/python3.10/site-packages/airflow/example_dags/tutorial_dag.py
[2023-12-01T13:44:15.546+0300] {processor.py:829} INFO - Processing file /home/petr/project/venv/lib/python3.10/site-packages/airflow/example_dags/tutorial_dag.py for tasks to queue
[2023-12-01T13:44:15.546+0300] {logging_mixin.py:154} INFO - [2023-12-01T13:44:15.546+0300] {dagbag.py:536} INFO - Filling up the DagBag from /home/petr/project/venv/lib/python3.10/site-packages/airflow/example_dags/tutorial_dag.py
[2023-12-01T13:44:15.551+0300] {processor.py:839} INFO - DAG(s) dict_keys(['tutorial_dag']) retrieved from /home/petr/project/venv/lib/python3.10/site-packages/airflow/example_dags/tutorial_dag.py
[2023-12-01T13:44:15.606+0300] {logging_mixin.py:154} INFO - [2023-12-01T13:44:15.606+0300] {dag.py:2941} INFO - Sync 1 DAGs
[2023-12-01T13:44:15.628+0300] {logging_mixin.py:154} INFO - [2023-12-01T13:44:15.627+0300] {dag.py:3722} INFO - Setting next_dagrun for tutorial_dag to None, run_after=None
[2023-12-01T13:44:15.657+0300] {processor.py:179} INFO - Processing /home/petr/project/venv/lib/python3.10/site-packages/airflow/example_dags/tutorial_dag.py took 0.126 seconds
[2023-12-01T13:44:46.726+0300] {processor.py:157} INFO - Started process (PID=4695) to work on /home/petr/project/venv/lib/python3.10/site-packages/airflow/example_dags/tutorial_dag.py
[2023-12-01T13:44:46.751+0300] {processor.py:829} INFO - Processing file /home/petr/project/venv/lib/python3.10/site-packages/airflow/example_dags/tutorial_dag.py for tasks to queue
[2023-12-01T13:44:46.752+0300] {logging_mixin.py:154} INFO - [2023-12-01T13:44:46.751+0300] {dagbag.py:536} INFO - Filling up the DagBag from /home/petr/project/venv/lib/python3.10/site-packages/airflow/example_dags/tutorial_dag.py
[2023-12-01T13:44:46.756+0300] {processor.py:839} INFO - DAG(s) dict_keys(['tutorial_dag']) retrieved from /home/petr/project/venv/lib/python3.10/site-packages/airflow/example_dags/tutorial_dag.py
[2023-12-01T13:44:46.909+0300] {logging_mixin.py:154} INFO - [2023-12-01T13:44:46.909+0300] {dag.py:2941} INFO - Sync 1 DAGs
[2023-12-01T13:44:46.945+0300] {logging_mixin.py:154} INFO - [2023-12-01T13:44:46.944+0300] {dag.py:3722} INFO - Setting next_dagrun for tutorial_dag to None, run_after=None
[2023-12-01T13:44:47.003+0300] {processor.py:179} INFO - Processing /home/petr/project/venv/lib/python3.10/site-packages/airflow/example_dags/tutorial_dag.py took 0.281 seconds
[2023-12-01T13:45:17.550+0300] {processor.py:157} INFO - Started process (PID=4814) to work on /home/petr/project/venv/lib/python3.10/site-packages/airflow/example_dags/tutorial_dag.py
[2023-12-01T13:45:17.552+0300] {processor.py:829} INFO - Processing file /home/petr/project/venv/lib/python3.10/site-packages/airflow/example_dags/tutorial_dag.py for tasks to queue
[2023-12-01T13:45:17.553+0300] {logging_mixin.py:154} INFO - [2023-12-01T13:45:17.553+0300] {dagbag.py:536} INFO - Filling up the DagBag from /home/petr/project/venv/lib/python3.10/site-packages/airflow/example_dags/tutorial_dag.py
[2023-12-01T13:45:17.561+0300] {processor.py:839} INFO - DAG(s) dict_keys(['tutorial_dag']) retrieved from /home/petr/project/venv/lib/python3.10/site-packages/airflow/example_dags/tutorial_dag.py
[2023-12-01T13:45:17.625+0300] {logging_mixin.py:154} INFO - [2023-12-01T13:45:17.625+0300] {dag.py:2941} INFO - Sync 1 DAGs
[2023-12-01T13:45:17.639+0300] {logging_mixin.py:154} INFO - [2023-12-01T13:45:17.639+0300] {dag.py:3722} INFO - Setting next_dagrun for tutorial_dag to None, run_after=None
[2023-12-01T13:45:17.675+0300] {processor.py:179} INFO - Processing /home/petr/project/venv/lib/python3.10/site-packages/airflow/example_dags/tutorial_dag.py took 0.146 seconds
[2023-12-01T13:46:43.177+0300] {processor.py:157} INFO - Started process (PID=4931) to work on /home/petr/project/venv/lib/python3.10/site-packages/airflow/example_dags/tutorial_dag.py
[2023-12-01T13:46:43.187+0300] {processor.py:829} INFO - Processing file /home/petr/project/venv/lib/python3.10/site-packages/airflow/example_dags/tutorial_dag.py for tasks to queue
[2023-12-01T13:46:43.189+0300] {logging_mixin.py:154} INFO - [2023-12-01T13:46:43.188+0300] {dagbag.py:536} INFO - Filling up the DagBag from /home/petr/project/venv/lib/python3.10/site-packages/airflow/example_dags/tutorial_dag.py
[2023-12-01T13:46:43.224+0300] {processor.py:839} INFO - DAG(s) dict_keys(['tutorial_dag']) retrieved from /home/petr/project/venv/lib/python3.10/site-packages/airflow/example_dags/tutorial_dag.py
[2023-12-01T13:46:43.367+0300] {logging_mixin.py:154} INFO - [2023-12-01T13:46:43.367+0300] {dag.py:2941} INFO - Sync 1 DAGs
[2023-12-01T13:46:43.409+0300] {logging_mixin.py:154} INFO - [2023-12-01T13:46:43.409+0300] {dag.py:3722} INFO - Setting next_dagrun for tutorial_dag to None, run_after=None
[2023-12-01T13:46:43.491+0300] {processor.py:179} INFO - Processing /home/petr/project/venv/lib/python3.10/site-packages/airflow/example_dags/tutorial_dag.py took 0.337 seconds
[2023-12-01T13:47:13.809+0300] {processor.py:157} INFO - Started process (PID=5036) to work on /home/petr/project/venv/lib/python3.10/site-packages/airflow/example_dags/tutorial_dag.py
[2023-12-01T13:47:13.816+0300] {processor.py:829} INFO - Processing file /home/petr/project/venv/lib/python3.10/site-packages/airflow/example_dags/tutorial_dag.py for tasks to queue
[2023-12-01T13:47:13.817+0300] {logging_mixin.py:154} INFO - [2023-12-01T13:47:13.817+0300] {dagbag.py:536} INFO - Filling up the DagBag from /home/petr/project/venv/lib/python3.10/site-packages/airflow/example_dags/tutorial_dag.py
[2023-12-01T13:47:13.821+0300] {processor.py:839} INFO - DAG(s) dict_keys(['tutorial_dag']) retrieved from /home/petr/project/venv/lib/python3.10/site-packages/airflow/example_dags/tutorial_dag.py
[2023-12-01T13:47:13.886+0300] {logging_mixin.py:154} INFO - [2023-12-01T13:47:13.886+0300] {dag.py:2941} INFO - Sync 1 DAGs
[2023-12-01T13:47:13.908+0300] {logging_mixin.py:154} INFO - [2023-12-01T13:47:13.908+0300] {dag.py:3722} INFO - Setting next_dagrun for tutorial_dag to None, run_after=None
[2023-12-01T13:47:13.976+0300] {processor.py:179} INFO - Processing /home/petr/project/venv/lib/python3.10/site-packages/airflow/example_dags/tutorial_dag.py took 0.170 seconds
[2023-12-01T13:47:44.592+0300] {processor.py:157} INFO - Started process (PID=5163) to work on /home/petr/project/venv/lib/python3.10/site-packages/airflow/example_dags/tutorial_dag.py
[2023-12-01T13:47:44.593+0300] {processor.py:829} INFO - Processing file /home/petr/project/venv/lib/python3.10/site-packages/airflow/example_dags/tutorial_dag.py for tasks to queue
[2023-12-01T13:47:44.594+0300] {logging_mixin.py:154} INFO - [2023-12-01T13:47:44.594+0300] {dagbag.py:536} INFO - Filling up the DagBag from /home/petr/project/venv/lib/python3.10/site-packages/airflow/example_dags/tutorial_dag.py
[2023-12-01T13:47:44.598+0300] {processor.py:839} INFO - DAG(s) dict_keys(['tutorial_dag']) retrieved from /home/petr/project/venv/lib/python3.10/site-packages/airflow/example_dags/tutorial_dag.py
[2023-12-01T13:47:44.655+0300] {logging_mixin.py:154} INFO - [2023-12-01T13:47:44.655+0300] {dag.py:2941} INFO - Sync 1 DAGs
[2023-12-01T13:47:44.676+0300] {logging_mixin.py:154} INFO - [2023-12-01T13:47:44.676+0300] {dag.py:3722} INFO - Setting next_dagrun for tutorial_dag to None, run_after=None
[2023-12-01T13:47:44.699+0300] {processor.py:179} INFO - Processing /home/petr/project/venv/lib/python3.10/site-packages/airflow/example_dags/tutorial_dag.py took 0.118 seconds
[2023-12-01T13:49:10.086+0300] {processor.py:157} INFO - Started process (PID=5309) to work on /home/petr/project/venv/lib/python3.10/site-packages/airflow/example_dags/tutorial_dag.py
[2023-12-01T13:49:10.096+0300] {processor.py:829} INFO - Processing file /home/petr/project/venv/lib/python3.10/site-packages/airflow/example_dags/tutorial_dag.py for tasks to queue
[2023-12-01T13:49:10.097+0300] {logging_mixin.py:154} INFO - [2023-12-01T13:49:10.097+0300] {dagbag.py:536} INFO - Filling up the DagBag from /home/petr/project/venv/lib/python3.10/site-packages/airflow/example_dags/tutorial_dag.py
[2023-12-01T13:49:10.114+0300] {processor.py:839} INFO - DAG(s) dict_keys(['tutorial_dag']) retrieved from /home/petr/project/venv/lib/python3.10/site-packages/airflow/example_dags/tutorial_dag.py
[2023-12-01T13:49:10.175+0300] {logging_mixin.py:154} INFO - [2023-12-01T13:49:10.174+0300] {dag.py:2941} INFO - Sync 1 DAGs
[2023-12-01T13:49:10.197+0300] {logging_mixin.py:154} INFO - [2023-12-01T13:49:10.197+0300] {dag.py:3722} INFO - Setting next_dagrun for tutorial_dag to None, run_after=None
[2023-12-01T13:49:10.234+0300] {processor.py:179} INFO - Processing /home/petr/project/venv/lib/python3.10/site-packages/airflow/example_dags/tutorial_dag.py took 0.151 seconds
[2023-12-01T13:49:41.102+0300] {processor.py:157} INFO - Started process (PID=5409) to work on /home/petr/project/venv/lib/python3.10/site-packages/airflow/example_dags/tutorial_dag.py
[2023-12-01T13:49:41.111+0300] {processor.py:829} INFO - Processing file /home/petr/project/venv/lib/python3.10/site-packages/airflow/example_dags/tutorial_dag.py for tasks to queue
[2023-12-01T13:49:41.113+0300] {logging_mixin.py:154} INFO - [2023-12-01T13:49:41.112+0300] {dagbag.py:536} INFO - Filling up the DagBag from /home/petr/project/venv/lib/python3.10/site-packages/airflow/example_dags/tutorial_dag.py
[2023-12-01T13:49:41.117+0300] {processor.py:839} INFO - DAG(s) dict_keys(['tutorial_dag']) retrieved from /home/petr/project/venv/lib/python3.10/site-packages/airflow/example_dags/tutorial_dag.py
[2023-12-01T13:49:41.196+0300] {logging_mixin.py:154} INFO - [2023-12-01T13:49:41.193+0300] {dag.py:2941} INFO - Sync 1 DAGs
[2023-12-01T13:49:41.214+0300] {logging_mixin.py:154} INFO - [2023-12-01T13:49:41.214+0300] {dag.py:3722} INFO - Setting next_dagrun for tutorial_dag to None, run_after=None
[2023-12-01T13:49:41.298+0300] {processor.py:179} INFO - Processing /home/petr/project/venv/lib/python3.10/site-packages/airflow/example_dags/tutorial_dag.py took 0.200 seconds
[2023-12-01T13:50:11.833+0300] {processor.py:157} INFO - Started process (PID=5519) to work on /home/petr/project/venv/lib/python3.10/site-packages/airflow/example_dags/tutorial_dag.py
[2023-12-01T13:50:11.835+0300] {processor.py:829} INFO - Processing file /home/petr/project/venv/lib/python3.10/site-packages/airflow/example_dags/tutorial_dag.py for tasks to queue
[2023-12-01T13:50:11.835+0300] {logging_mixin.py:154} INFO - [2023-12-01T13:50:11.835+0300] {dagbag.py:536} INFO - Filling up the DagBag from /home/petr/project/venv/lib/python3.10/site-packages/airflow/example_dags/tutorial_dag.py
[2023-12-01T13:50:11.839+0300] {processor.py:839} INFO - DAG(s) dict_keys(['tutorial_dag']) retrieved from /home/petr/project/venv/lib/python3.10/site-packages/airflow/example_dags/tutorial_dag.py
[2023-12-01T13:50:11.896+0300] {logging_mixin.py:154} INFO - [2023-12-01T13:50:11.896+0300] {dag.py:2941} INFO - Sync 1 DAGs
[2023-12-01T13:50:11.918+0300] {logging_mixin.py:154} INFO - [2023-12-01T13:50:11.918+0300] {dag.py:3722} INFO - Setting next_dagrun for tutorial_dag to None, run_after=None
[2023-12-01T13:50:11.940+0300] {processor.py:179} INFO - Processing /home/petr/project/venv/lib/python3.10/site-packages/airflow/example_dags/tutorial_dag.py took 0.119 seconds
[2023-12-01T20:00:44.485+0300] {processor.py:157} INFO - Started process (PID=5749) to work on /home/petr/project/venv/lib/python3.10/site-packages/airflow/example_dags/tutorial_dag.py
[2023-12-01T20:00:44.499+0300] {processor.py:829} INFO - Processing file /home/petr/project/venv/lib/python3.10/site-packages/airflow/example_dags/tutorial_dag.py for tasks to queue
[2023-12-01T20:00:44.500+0300] {logging_mixin.py:154} INFO - [2023-12-01T20:00:44.500+0300] {dagbag.py:536} INFO - Filling up the DagBag from /home/petr/project/venv/lib/python3.10/site-packages/airflow/example_dags/tutorial_dag.py
[2023-12-01T20:00:44.668+0300] {processor.py:839} INFO - DAG(s) dict_keys(['tutorial_dag']) retrieved from /home/petr/project/venv/lib/python3.10/site-packages/airflow/example_dags/tutorial_dag.py
[2023-12-01T20:00:45.125+0300] {logging_mixin.py:154} INFO - [2023-12-01T20:00:45.125+0300] {dag.py:2941} INFO - Sync 1 DAGs
[2023-12-01T20:00:45.352+0300] {logging_mixin.py:154} INFO - [2023-12-01T20:00:45.352+0300] {dag.py:3722} INFO - Setting next_dagrun for tutorial_dag to None, run_after=None
[2023-12-01T20:00:45.750+0300] {processor.py:179} INFO - Processing /home/petr/project/venv/lib/python3.10/site-packages/airflow/example_dags/tutorial_dag.py took 1.334 seconds
