[2023-12-01T13:38:05.791+0300] {processor.py:157} INFO - Started process (PID=3350) to work on /home/petr/project/venv/lib/python3.10/site-packages/airflow/example_dags/tutorial_taskflow_api_virtualenv.py
[2023-12-01T13:38:05.791+0300] {processor.py:829} INFO - Processing file /home/petr/project/venv/lib/python3.10/site-packages/airflow/example_dags/tutorial_taskflow_api_virtualenv.py for tasks to queue
[2023-12-01T13:38:05.792+0300] {logging_mixin.py:154} INFO - [2023-12-01T13:38:05.792+0300] {dagbag.py:536} INFO - Filling up the DagBag from /home/petr/project/venv/lib/python3.10/site-packages/airflow/example_dags/tutorial_taskflow_api_virtualenv.py
[2023-12-01T13:38:05.799+0300] {logging_mixin.py:154} INFO - [2023-12-01T13:38:05.799+0300] {tutorial_taskflow_api_virtualenv.py:29} WARNING - The tutorial_taskflow_api_virtualenv example DAG requires virtualenv, please install it.
[2023-12-01T13:38:05.799+0300] {processor.py:841} WARNING - No viable dags retrieved from /home/petr/project/venv/lib/python3.10/site-packages/airflow/example_dags/tutorial_taskflow_api_virtualenv.py
[2023-12-01T13:38:05.841+0300] {processor.py:179} INFO - Processing /home/petr/project/venv/lib/python3.10/site-packages/airflow/example_dags/tutorial_taskflow_api_virtualenv.py took 0.062 seconds
[2023-12-01T13:38:36.601+0300] {processor.py:157} INFO - Started process (PID=3453) to work on /home/petr/project/venv/lib/python3.10/site-packages/airflow/example_dags/tutorial_taskflow_api_virtualenv.py
[2023-12-01T13:38:36.601+0300] {processor.py:829} INFO - Processing file /home/petr/project/venv/lib/python3.10/site-packages/airflow/example_dags/tutorial_taskflow_api_virtualenv.py for tasks to queue
[2023-12-01T13:38:36.611+0300] {logging_mixin.py:154} INFO - [2023-12-01T13:38:36.602+0300] {dagbag.py:536} INFO - Filling up the DagBag from /home/petr/project/venv/lib/python3.10/site-packages/airflow/example_dags/tutorial_taskflow_api_virtualenv.py
[2023-12-01T13:38:36.621+0300] {logging_mixin.py:154} INFO - [2023-12-01T13:38:36.620+0300] {tutorial_taskflow_api_virtualenv.py:29} WARNING - The tutorial_taskflow_api_virtualenv example DAG requires virtualenv, please install it.
[2023-12-01T13:38:36.621+0300] {processor.py:841} WARNING - No viable dags retrieved from /home/petr/project/venv/lib/python3.10/site-packages/airflow/example_dags/tutorial_taskflow_api_virtualenv.py
[2023-12-01T13:38:36.665+0300] {processor.py:179} INFO - Processing /home/petr/project/venv/lib/python3.10/site-packages/airflow/example_dags/tutorial_taskflow_api_virtualenv.py took 0.069 seconds
[2023-12-01T13:39:08.083+0300] {processor.py:157} INFO - Started process (PID=3556) to work on /home/petr/project/venv/lib/python3.10/site-packages/airflow/example_dags/tutorial_taskflow_api_virtualenv.py
[2023-12-01T13:39:08.106+0300] {processor.py:829} INFO - Processing file /home/petr/project/venv/lib/python3.10/site-packages/airflow/example_dags/tutorial_taskflow_api_virtualenv.py for tasks to queue
[2023-12-01T13:39:08.108+0300] {logging_mixin.py:154} INFO - [2023-12-01T13:39:08.107+0300] {dagbag.py:536} INFO - Filling up the DagBag from /home/petr/project/venv/lib/python3.10/site-packages/airflow/example_dags/tutorial_taskflow_api_virtualenv.py
[2023-12-01T13:39:08.111+0300] {logging_mixin.py:154} INFO - [2023-12-01T13:39:08.111+0300] {tutorial_taskflow_api_virtualenv.py:29} WARNING - The tutorial_taskflow_api_virtualenv example DAG requires virtualenv, please install it.
[2023-12-01T13:39:08.111+0300] {processor.py:841} WARNING - No viable dags retrieved from /home/petr/project/venv/lib/python3.10/site-packages/airflow/example_dags/tutorial_taskflow_api_virtualenv.py
[2023-12-01T13:39:08.223+0300] {processor.py:179} INFO - Processing /home/petr/project/venv/lib/python3.10/site-packages/airflow/example_dags/tutorial_taskflow_api_virtualenv.py took 0.144 seconds
[2023-12-01T13:39:38.825+0300] {processor.py:157} INFO - Started process (PID=3662) to work on /home/petr/project/venv/lib/python3.10/site-packages/airflow/example_dags/tutorial_taskflow_api_virtualenv.py
[2023-12-01T13:39:38.826+0300] {processor.py:829} INFO - Processing file /home/petr/project/venv/lib/python3.10/site-packages/airflow/example_dags/tutorial_taskflow_api_virtualenv.py for tasks to queue
[2023-12-01T13:39:38.827+0300] {logging_mixin.py:154} INFO - [2023-12-01T13:39:38.826+0300] {dagbag.py:536} INFO - Filling up the DagBag from /home/petr/project/venv/lib/python3.10/site-packages/airflow/example_dags/tutorial_taskflow_api_virtualenv.py
[2023-12-01T13:39:38.829+0300] {logging_mixin.py:154} INFO - [2023-12-01T13:39:38.829+0300] {tutorial_taskflow_api_virtualenv.py:29} WARNING - The tutorial_taskflow_api_virtualenv example DAG requires virtualenv, please install it.
[2023-12-01T13:39:38.829+0300] {processor.py:841} WARNING - No viable dags retrieved from /home/petr/project/venv/lib/python3.10/site-packages/airflow/example_dags/tutorial_taskflow_api_virtualenv.py
[2023-12-01T13:39:38.851+0300] {processor.py:179} INFO - Processing /home/petr/project/venv/lib/python3.10/site-packages/airflow/example_dags/tutorial_taskflow_api_virtualenv.py took 0.030 seconds
[2023-12-01T13:40:10.092+0300] {processor.py:157} INFO - Started process (PID=3792) to work on /home/petr/project/venv/lib/python3.10/site-packages/airflow/example_dags/tutorial_taskflow_api_virtualenv.py
[2023-12-01T13:40:10.101+0300] {processor.py:829} INFO - Processing file /home/petr/project/venv/lib/python3.10/site-packages/airflow/example_dags/tutorial_taskflow_api_virtualenv.py for tasks to queue
[2023-12-01T13:40:10.103+0300] {logging_mixin.py:154} INFO - [2023-12-01T13:40:10.101+0300] {dagbag.py:536} INFO - Filling up the DagBag from /home/petr/project/venv/lib/python3.10/site-packages/airflow/example_dags/tutorial_taskflow_api_virtualenv.py
[2023-12-01T13:40:10.105+0300] {logging_mixin.py:154} INFO - [2023-12-01T13:40:10.105+0300] {tutorial_taskflow_api_virtualenv.py:29} WARNING - The tutorial_taskflow_api_virtualenv example DAG requires virtualenv, please install it.
[2023-12-01T13:40:10.105+0300] {processor.py:841} WARNING - No viable dags retrieved from /home/petr/project/venv/lib/python3.10/site-packages/airflow/example_dags/tutorial_taskflow_api_virtualenv.py
[2023-12-01T13:40:10.239+0300] {processor.py:179} INFO - Processing /home/petr/project/venv/lib/python3.10/site-packages/airflow/example_dags/tutorial_taskflow_api_virtualenv.py took 0.150 seconds
[2023-12-01T13:40:40.441+0300] {processor.py:157} INFO - Started process (PID=3894) to work on /home/petr/project/venv/lib/python3.10/site-packages/airflow/example_dags/tutorial_taskflow_api_virtualenv.py
[2023-12-01T13:40:40.442+0300] {processor.py:829} INFO - Processing file /home/petr/project/venv/lib/python3.10/site-packages/airflow/example_dags/tutorial_taskflow_api_virtualenv.py for tasks to queue
[2023-12-01T13:40:40.443+0300] {logging_mixin.py:154} INFO - [2023-12-01T13:40:40.442+0300] {dagbag.py:536} INFO - Filling up the DagBag from /home/petr/project/venv/lib/python3.10/site-packages/airflow/example_dags/tutorial_taskflow_api_virtualenv.py
[2023-12-01T13:40:40.445+0300] {logging_mixin.py:154} INFO - [2023-12-01T13:40:40.445+0300] {tutorial_taskflow_api_virtualenv.py:29} WARNING - The tutorial_taskflow_api_virtualenv example DAG requires virtualenv, please install it.
[2023-12-01T13:40:40.445+0300] {processor.py:841} WARNING - No viable dags retrieved from /home/petr/project/venv/lib/python3.10/site-packages/airflow/example_dags/tutorial_taskflow_api_virtualenv.py
[2023-12-01T13:40:40.463+0300] {processor.py:179} INFO - Processing /home/petr/project/venv/lib/python3.10/site-packages/airflow/example_dags/tutorial_taskflow_api_virtualenv.py took 0.025 seconds
[2023-12-01T13:41:10.786+0300] {processor.py:157} INFO - Started process (PID=3992) to work on /home/petr/project/venv/lib/python3.10/site-packages/airflow/example_dags/tutorial_taskflow_api_virtualenv.py
[2023-12-01T13:41:10.787+0300] {processor.py:829} INFO - Processing file /home/petr/project/venv/lib/python3.10/site-packages/airflow/example_dags/tutorial_taskflow_api_virtualenv.py for tasks to queue
[2023-12-01T13:41:10.788+0300] {logging_mixin.py:154} INFO - [2023-12-01T13:41:10.788+0300] {dagbag.py:536} INFO - Filling up the DagBag from /home/petr/project/venv/lib/python3.10/site-packages/airflow/example_dags/tutorial_taskflow_api_virtualenv.py
[2023-12-01T13:41:10.797+0300] {logging_mixin.py:154} INFO - [2023-12-01T13:41:10.797+0300] {tutorial_taskflow_api_virtualenv.py:29} WARNING - The tutorial_taskflow_api_virtualenv example DAG requires virtualenv, please install it.
[2023-12-01T13:41:10.797+0300] {processor.py:841} WARNING - No viable dags retrieved from /home/petr/project/venv/lib/python3.10/site-packages/airflow/example_dags/tutorial_taskflow_api_virtualenv.py
[2023-12-01T13:41:10.837+0300] {processor.py:179} INFO - Processing /home/petr/project/venv/lib/python3.10/site-packages/airflow/example_dags/tutorial_taskflow_api_virtualenv.py took 0.066 seconds
[2023-12-01T13:41:41.747+0300] {processor.py:157} INFO - Started process (PID=4099) to work on /home/petr/project/venv/lib/python3.10/site-packages/airflow/example_dags/tutorial_taskflow_api_virtualenv.py
[2023-12-01T13:41:41.757+0300] {processor.py:829} INFO - Processing file /home/petr/project/venv/lib/python3.10/site-packages/airflow/example_dags/tutorial_taskflow_api_virtualenv.py for tasks to queue
[2023-12-01T13:41:41.758+0300] {logging_mixin.py:154} INFO - [2023-12-01T13:41:41.758+0300] {dagbag.py:536} INFO - Filling up the DagBag from /home/petr/project/venv/lib/python3.10/site-packages/airflow/example_dags/tutorial_taskflow_api_virtualenv.py
[2023-12-01T13:41:41.765+0300] {logging_mixin.py:154} INFO - [2023-12-01T13:41:41.765+0300] {tutorial_taskflow_api_virtualenv.py:29} WARNING - The tutorial_taskflow_api_virtualenv example DAG requires virtualenv, please install it.
[2023-12-01T13:41:41.765+0300] {processor.py:841} WARNING - No viable dags retrieved from /home/petr/project/venv/lib/python3.10/site-packages/airflow/example_dags/tutorial_taskflow_api_virtualenv.py
[2023-12-01T13:41:41.792+0300] {processor.py:179} INFO - Processing /home/petr/project/venv/lib/python3.10/site-packages/airflow/example_dags/tutorial_taskflow_api_virtualenv.py took 0.049 seconds
[2023-12-01T13:42:12.106+0300] {processor.py:157} INFO - Started process (PID=4206) to work on /home/petr/project/venv/lib/python3.10/site-packages/airflow/example_dags/tutorial_taskflow_api_virtualenv.py
[2023-12-01T13:42:12.107+0300] {processor.py:829} INFO - Processing file /home/petr/project/venv/lib/python3.10/site-packages/airflow/example_dags/tutorial_taskflow_api_virtualenv.py for tasks to queue
[2023-12-01T13:42:12.107+0300] {logging_mixin.py:154} INFO - [2023-12-01T13:42:12.107+0300] {dagbag.py:536} INFO - Filling up the DagBag from /home/petr/project/venv/lib/python3.10/site-packages/airflow/example_dags/tutorial_taskflow_api_virtualenv.py
[2023-12-01T13:42:12.110+0300] {logging_mixin.py:154} INFO - [2023-12-01T13:42:12.110+0300] {tutorial_taskflow_api_virtualenv.py:29} WARNING - The tutorial_taskflow_api_virtualenv example DAG requires virtualenv, please install it.
[2023-12-01T13:42:12.110+0300] {processor.py:841} WARNING - No viable dags retrieved from /home/petr/project/venv/lib/python3.10/site-packages/airflow/example_dags/tutorial_taskflow_api_virtualenv.py
[2023-12-01T13:42:12.127+0300] {processor.py:179} INFO - Processing /home/petr/project/venv/lib/python3.10/site-packages/airflow/example_dags/tutorial_taskflow_api_virtualenv.py took 0.024 seconds
[2023-12-01T13:42:42.856+0300] {processor.py:157} INFO - Started process (PID=4310) to work on /home/petr/project/venv/lib/python3.10/site-packages/airflow/example_dags/tutorial_taskflow_api_virtualenv.py
[2023-12-01T13:42:42.857+0300] {processor.py:829} INFO - Processing file /home/petr/project/venv/lib/python3.10/site-packages/airflow/example_dags/tutorial_taskflow_api_virtualenv.py for tasks to queue
[2023-12-01T13:42:42.857+0300] {logging_mixin.py:154} INFO - [2023-12-01T13:42:42.857+0300] {dagbag.py:536} INFO - Filling up the DagBag from /home/petr/project/venv/lib/python3.10/site-packages/airflow/example_dags/tutorial_taskflow_api_virtualenv.py
[2023-12-01T13:42:42.859+0300] {logging_mixin.py:154} INFO - [2023-12-01T13:42:42.859+0300] {tutorial_taskflow_api_virtualenv.py:29} WARNING - The tutorial_taskflow_api_virtualenv example DAG requires virtualenv, please install it.
[2023-12-01T13:42:42.860+0300] {processor.py:841} WARNING - No viable dags retrieved from /home/petr/project/venv/lib/python3.10/site-packages/airflow/example_dags/tutorial_taskflow_api_virtualenv.py
[2023-12-01T13:42:42.916+0300] {processor.py:179} INFO - Processing /home/petr/project/venv/lib/python3.10/site-packages/airflow/example_dags/tutorial_taskflow_api_virtualenv.py took 0.062 seconds
[2023-12-01T13:43:14.059+0300] {processor.py:157} INFO - Started process (PID=4410) to work on /home/petr/project/venv/lib/python3.10/site-packages/airflow/example_dags/tutorial_taskflow_api_virtualenv.py
[2023-12-01T13:43:14.060+0300] {processor.py:829} INFO - Processing file /home/petr/project/venv/lib/python3.10/site-packages/airflow/example_dags/tutorial_taskflow_api_virtualenv.py for tasks to queue
[2023-12-01T13:43:14.061+0300] {logging_mixin.py:154} INFO - [2023-12-01T13:43:14.061+0300] {dagbag.py:536} INFO - Filling up the DagBag from /home/petr/project/venv/lib/python3.10/site-packages/airflow/example_dags/tutorial_taskflow_api_virtualenv.py
[2023-12-01T13:43:14.064+0300] {logging_mixin.py:154} INFO - [2023-12-01T13:43:14.063+0300] {tutorial_taskflow_api_virtualenv.py:29} WARNING - The tutorial_taskflow_api_virtualenv example DAG requires virtualenv, please install it.
[2023-12-01T13:43:14.064+0300] {processor.py:841} WARNING - No viable dags retrieved from /home/petr/project/venv/lib/python3.10/site-packages/airflow/example_dags/tutorial_taskflow_api_virtualenv.py
[2023-12-01T13:43:14.082+0300] {processor.py:179} INFO - Processing /home/petr/project/venv/lib/python3.10/site-packages/airflow/example_dags/tutorial_taskflow_api_virtualenv.py took 0.030 seconds
[2023-12-01T13:43:45.952+0300] {processor.py:157} INFO - Started process (PID=4510) to work on /home/petr/project/venv/lib/python3.10/site-packages/airflow/example_dags/tutorial_taskflow_api_virtualenv.py
[2023-12-01T13:43:45.953+0300] {processor.py:829} INFO - Processing file /home/petr/project/venv/lib/python3.10/site-packages/airflow/example_dags/tutorial_taskflow_api_virtualenv.py for tasks to queue
[2023-12-01T13:43:45.953+0300] {logging_mixin.py:154} INFO - [2023-12-01T13:43:45.953+0300] {dagbag.py:536} INFO - Filling up the DagBag from /home/petr/project/venv/lib/python3.10/site-packages/airflow/example_dags/tutorial_taskflow_api_virtualenv.py
[2023-12-01T13:43:45.956+0300] {logging_mixin.py:154} INFO - [2023-12-01T13:43:45.956+0300] {tutorial_taskflow_api_virtualenv.py:29} WARNING - The tutorial_taskflow_api_virtualenv example DAG requires virtualenv, please install it.
[2023-12-01T13:43:45.956+0300] {processor.py:841} WARNING - No viable dags retrieved from /home/petr/project/venv/lib/python3.10/site-packages/airflow/example_dags/tutorial_taskflow_api_virtualenv.py
[2023-12-01T13:43:45.975+0300] {processor.py:179} INFO - Processing /home/petr/project/venv/lib/python3.10/site-packages/airflow/example_dags/tutorial_taskflow_api_virtualenv.py took 0.027 seconds
[2023-12-01T13:44:16.032+0300] {processor.py:157} INFO - Started process (PID=4608) to work on /home/petr/project/venv/lib/python3.10/site-packages/airflow/example_dags/tutorial_taskflow_api_virtualenv.py
[2023-12-01T13:44:16.037+0300] {processor.py:829} INFO - Processing file /home/petr/project/venv/lib/python3.10/site-packages/airflow/example_dags/tutorial_taskflow_api_virtualenv.py for tasks to queue
[2023-12-01T13:44:16.037+0300] {logging_mixin.py:154} INFO - [2023-12-01T13:44:16.037+0300] {dagbag.py:536} INFO - Filling up the DagBag from /home/petr/project/venv/lib/python3.10/site-packages/airflow/example_dags/tutorial_taskflow_api_virtualenv.py
[2023-12-01T13:44:16.039+0300] {logging_mixin.py:154} INFO - [2023-12-01T13:44:16.039+0300] {tutorial_taskflow_api_virtualenv.py:29} WARNING - The tutorial_taskflow_api_virtualenv example DAG requires virtualenv, please install it.
[2023-12-01T13:44:16.039+0300] {processor.py:841} WARNING - No viable dags retrieved from /home/petr/project/venv/lib/python3.10/site-packages/airflow/example_dags/tutorial_taskflow_api_virtualenv.py
[2023-12-01T13:44:16.089+0300] {processor.py:179} INFO - Processing /home/petr/project/venv/lib/python3.10/site-packages/airflow/example_dags/tutorial_taskflow_api_virtualenv.py took 0.060 seconds
[2023-12-01T13:44:47.673+0300] {processor.py:157} INFO - Started process (PID=4710) to work on /home/petr/project/venv/lib/python3.10/site-packages/airflow/example_dags/tutorial_taskflow_api_virtualenv.py
[2023-12-01T13:44:47.676+0300] {processor.py:829} INFO - Processing file /home/petr/project/venv/lib/python3.10/site-packages/airflow/example_dags/tutorial_taskflow_api_virtualenv.py for tasks to queue
[2023-12-01T13:44:47.677+0300] {logging_mixin.py:154} INFO - [2023-12-01T13:44:47.676+0300] {dagbag.py:536} INFO - Filling up the DagBag from /home/petr/project/venv/lib/python3.10/site-packages/airflow/example_dags/tutorial_taskflow_api_virtualenv.py
[2023-12-01T13:44:47.679+0300] {logging_mixin.py:154} INFO - [2023-12-01T13:44:47.679+0300] {tutorial_taskflow_api_virtualenv.py:29} WARNING - The tutorial_taskflow_api_virtualenv example DAG requires virtualenv, please install it.
[2023-12-01T13:44:47.679+0300] {processor.py:841} WARNING - No viable dags retrieved from /home/petr/project/venv/lib/python3.10/site-packages/airflow/example_dags/tutorial_taskflow_api_virtualenv.py
[2023-12-01T13:44:47.719+0300] {processor.py:179} INFO - Processing /home/petr/project/venv/lib/python3.10/site-packages/airflow/example_dags/tutorial_taskflow_api_virtualenv.py took 0.058 seconds
[2023-12-01T13:45:18.307+0300] {processor.py:157} INFO - Started process (PID=4830) to work on /home/petr/project/venv/lib/python3.10/site-packages/airflow/example_dags/tutorial_taskflow_api_virtualenv.py
[2023-12-01T13:45:18.327+0300] {processor.py:829} INFO - Processing file /home/petr/project/venv/lib/python3.10/site-packages/airflow/example_dags/tutorial_taskflow_api_virtualenv.py for tasks to queue
[2023-12-01T13:45:18.328+0300] {logging_mixin.py:154} INFO - [2023-12-01T13:45:18.327+0300] {dagbag.py:536} INFO - Filling up the DagBag from /home/petr/project/venv/lib/python3.10/site-packages/airflow/example_dags/tutorial_taskflow_api_virtualenv.py
[2023-12-01T13:45:18.331+0300] {logging_mixin.py:154} INFO - [2023-12-01T13:45:18.331+0300] {tutorial_taskflow_api_virtualenv.py:29} WARNING - The tutorial_taskflow_api_virtualenv example DAG requires virtualenv, please install it.
[2023-12-01T13:45:18.332+0300] {processor.py:841} WARNING - No viable dags retrieved from /home/petr/project/venv/lib/python3.10/site-packages/airflow/example_dags/tutorial_taskflow_api_virtualenv.py
[2023-12-01T13:45:18.453+0300] {processor.py:179} INFO - Processing /home/petr/project/venv/lib/python3.10/site-packages/airflow/example_dags/tutorial_taskflow_api_virtualenv.py took 0.195 seconds
[2023-12-01T13:46:45.149+0300] {processor.py:157} INFO - Started process (PID=4946) to work on /home/petr/project/venv/lib/python3.10/site-packages/airflow/example_dags/tutorial_taskflow_api_virtualenv.py
[2023-12-01T13:46:45.177+0300] {processor.py:829} INFO - Processing file /home/petr/project/venv/lib/python3.10/site-packages/airflow/example_dags/tutorial_taskflow_api_virtualenv.py for tasks to queue
[2023-12-01T13:46:45.178+0300] {logging_mixin.py:154} INFO - [2023-12-01T13:46:45.178+0300] {dagbag.py:536} INFO - Filling up the DagBag from /home/petr/project/venv/lib/python3.10/site-packages/airflow/example_dags/tutorial_taskflow_api_virtualenv.py
[2023-12-01T13:46:45.202+0300] {logging_mixin.py:154} INFO - [2023-12-01T13:46:45.202+0300] {tutorial_taskflow_api_virtualenv.py:29} WARNING - The tutorial_taskflow_api_virtualenv example DAG requires virtualenv, please install it.
[2023-12-01T13:46:45.203+0300] {processor.py:841} WARNING - No viable dags retrieved from /home/petr/project/venv/lib/python3.10/site-packages/airflow/example_dags/tutorial_taskflow_api_virtualenv.py
[2023-12-01T13:46:45.309+0300] {processor.py:179} INFO - Processing /home/petr/project/venv/lib/python3.10/site-packages/airflow/example_dags/tutorial_taskflow_api_virtualenv.py took 0.188 seconds
[2023-12-01T13:47:15.412+0300] {processor.py:157} INFO - Started process (PID=5050) to work on /home/petr/project/venv/lib/python3.10/site-packages/airflow/example_dags/tutorial_taskflow_api_virtualenv.py
[2023-12-01T13:47:15.413+0300] {processor.py:829} INFO - Processing file /home/petr/project/venv/lib/python3.10/site-packages/airflow/example_dags/tutorial_taskflow_api_virtualenv.py for tasks to queue
[2023-12-01T13:47:15.414+0300] {logging_mixin.py:154} INFO - [2023-12-01T13:47:15.413+0300] {dagbag.py:536} INFO - Filling up the DagBag from /home/petr/project/venv/lib/python3.10/site-packages/airflow/example_dags/tutorial_taskflow_api_virtualenv.py
[2023-12-01T13:47:15.416+0300] {logging_mixin.py:154} INFO - [2023-12-01T13:47:15.416+0300] {tutorial_taskflow_api_virtualenv.py:29} WARNING - The tutorial_taskflow_api_virtualenv example DAG requires virtualenv, please install it.
[2023-12-01T13:47:15.416+0300] {processor.py:841} WARNING - No viable dags retrieved from /home/petr/project/venv/lib/python3.10/site-packages/airflow/example_dags/tutorial_taskflow_api_virtualenv.py
[2023-12-01T13:47:15.439+0300] {processor.py:179} INFO - Processing /home/petr/project/venv/lib/python3.10/site-packages/airflow/example_dags/tutorial_taskflow_api_virtualenv.py took 0.030 seconds
[2023-12-01T13:47:46.307+0300] {processor.py:157} INFO - Started process (PID=5177) to work on /home/petr/project/venv/lib/python3.10/site-packages/airflow/example_dags/tutorial_taskflow_api_virtualenv.py
[2023-12-01T13:47:46.315+0300] {processor.py:829} INFO - Processing file /home/petr/project/venv/lib/python3.10/site-packages/airflow/example_dags/tutorial_taskflow_api_virtualenv.py for tasks to queue
[2023-12-01T13:47:46.316+0300] {logging_mixin.py:154} INFO - [2023-12-01T13:47:46.316+0300] {dagbag.py:536} INFO - Filling up the DagBag from /home/petr/project/venv/lib/python3.10/site-packages/airflow/example_dags/tutorial_taskflow_api_virtualenv.py
[2023-12-01T13:47:46.338+0300] {logging_mixin.py:154} INFO - [2023-12-01T13:47:46.337+0300] {tutorial_taskflow_api_virtualenv.py:29} WARNING - The tutorial_taskflow_api_virtualenv example DAG requires virtualenv, please install it.
[2023-12-01T13:47:46.338+0300] {processor.py:841} WARNING - No viable dags retrieved from /home/petr/project/venv/lib/python3.10/site-packages/airflow/example_dags/tutorial_taskflow_api_virtualenv.py
[2023-12-01T13:47:46.394+0300] {processor.py:179} INFO - Processing /home/petr/project/venv/lib/python3.10/site-packages/airflow/example_dags/tutorial_taskflow_api_virtualenv.py took 0.112 seconds
[2023-12-01T13:49:10.684+0300] {processor.py:157} INFO - Started process (PID=5322) to work on /home/petr/project/venv/lib/python3.10/site-packages/airflow/example_dags/tutorial_taskflow_api_virtualenv.py
[2023-12-01T13:49:10.689+0300] {processor.py:829} INFO - Processing file /home/petr/project/venv/lib/python3.10/site-packages/airflow/example_dags/tutorial_taskflow_api_virtualenv.py for tasks to queue
[2023-12-01T13:49:10.690+0300] {logging_mixin.py:154} INFO - [2023-12-01T13:49:10.690+0300] {dagbag.py:536} INFO - Filling up the DagBag from /home/petr/project/venv/lib/python3.10/site-packages/airflow/example_dags/tutorial_taskflow_api_virtualenv.py
[2023-12-01T13:49:10.692+0300] {logging_mixin.py:154} INFO - [2023-12-01T13:49:10.692+0300] {tutorial_taskflow_api_virtualenv.py:29} WARNING - The tutorial_taskflow_api_virtualenv example DAG requires virtualenv, please install it.
[2023-12-01T13:49:10.692+0300] {processor.py:841} WARNING - No viable dags retrieved from /home/petr/project/venv/lib/python3.10/site-packages/airflow/example_dags/tutorial_taskflow_api_virtualenv.py
[2023-12-01T13:49:10.731+0300] {processor.py:179} INFO - Processing /home/petr/project/venv/lib/python3.10/site-packages/airflow/example_dags/tutorial_taskflow_api_virtualenv.py took 0.052 seconds
[2023-12-01T13:49:41.958+0300] {processor.py:157} INFO - Started process (PID=5420) to work on /home/petr/project/venv/lib/python3.10/site-packages/airflow/example_dags/tutorial_taskflow_api_virtualenv.py
[2023-12-01T13:49:41.960+0300] {processor.py:829} INFO - Processing file /home/petr/project/venv/lib/python3.10/site-packages/airflow/example_dags/tutorial_taskflow_api_virtualenv.py for tasks to queue
[2023-12-01T13:49:41.961+0300] {logging_mixin.py:154} INFO - [2023-12-01T13:49:41.961+0300] {dagbag.py:536} INFO - Filling up the DagBag from /home/petr/project/venv/lib/python3.10/site-packages/airflow/example_dags/tutorial_taskflow_api_virtualenv.py
[2023-12-01T13:49:41.964+0300] {logging_mixin.py:154} INFO - [2023-12-01T13:49:41.964+0300] {tutorial_taskflow_api_virtualenv.py:29} WARNING - The tutorial_taskflow_api_virtualenv example DAG requires virtualenv, please install it.
[2023-12-01T13:49:41.964+0300] {processor.py:841} WARNING - No viable dags retrieved from /home/petr/project/venv/lib/python3.10/site-packages/airflow/example_dags/tutorial_taskflow_api_virtualenv.py
[2023-12-01T13:49:42.016+0300] {processor.py:179} INFO - Processing /home/petr/project/venv/lib/python3.10/site-packages/airflow/example_dags/tutorial_taskflow_api_virtualenv.py took 0.062 seconds
[2023-12-01T13:50:12.317+0300] {processor.py:157} INFO - Started process (PID=5531) to work on /home/petr/project/venv/lib/python3.10/site-packages/airflow/example_dags/tutorial_taskflow_api_virtualenv.py
[2023-12-01T13:50:12.333+0300] {processor.py:829} INFO - Processing file /home/petr/project/venv/lib/python3.10/site-packages/airflow/example_dags/tutorial_taskflow_api_virtualenv.py for tasks to queue
[2023-12-01T13:50:12.333+0300] {logging_mixin.py:154} INFO - [2023-12-01T13:50:12.333+0300] {dagbag.py:536} INFO - Filling up the DagBag from /home/petr/project/venv/lib/python3.10/site-packages/airflow/example_dags/tutorial_taskflow_api_virtualenv.py
[2023-12-01T13:50:12.335+0300] {logging_mixin.py:154} INFO - [2023-12-01T13:50:12.335+0300] {tutorial_taskflow_api_virtualenv.py:29} WARNING - The tutorial_taskflow_api_virtualenv example DAG requires virtualenv, please install it.
[2023-12-01T13:50:12.336+0300] {processor.py:841} WARNING - No viable dags retrieved from /home/petr/project/venv/lib/python3.10/site-packages/airflow/example_dags/tutorial_taskflow_api_virtualenv.py
[2023-12-01T13:50:12.365+0300] {processor.py:179} INFO - Processing /home/petr/project/venv/lib/python3.10/site-packages/airflow/example_dags/tutorial_taskflow_api_virtualenv.py took 0.051 seconds
[2023-12-01T20:00:51.143+0300] {processor.py:157} INFO - Started process (PID=5907) to work on /home/petr/project/venv/lib/python3.10/site-packages/airflow/example_dags/tutorial_taskflow_api_virtualenv.py
[2023-12-01T20:00:51.177+0300] {processor.py:829} INFO - Processing file /home/petr/project/venv/lib/python3.10/site-packages/airflow/example_dags/tutorial_taskflow_api_virtualenv.py for tasks to queue
[2023-12-01T20:00:51.179+0300] {logging_mixin.py:154} INFO - [2023-12-01T20:00:51.178+0300] {dagbag.py:536} INFO - Filling up the DagBag from /home/petr/project/venv/lib/python3.10/site-packages/airflow/example_dags/tutorial_taskflow_api_virtualenv.py
[2023-12-01T20:00:51.184+0300] {logging_mixin.py:154} INFO - [2023-12-01T20:00:51.184+0300] {tutorial_taskflow_api_virtualenv.py:29} WARNING - The tutorial_taskflow_api_virtualenv example DAG requires virtualenv, please install it.
[2023-12-01T20:00:51.185+0300] {processor.py:841} WARNING - No viable dags retrieved from /home/petr/project/venv/lib/python3.10/site-packages/airflow/example_dags/tutorial_taskflow_api_virtualenv.py
[2023-12-01T20:00:51.393+0300] {processor.py:179} INFO - Processing /home/petr/project/venv/lib/python3.10/site-packages/airflow/example_dags/tutorial_taskflow_api_virtualenv.py took 0.296 seconds
