[2023-12-01T13:38:04.475+0300] {processor.py:157} INFO - Started process (PID=3330) to work on /home/petr/project/airflow/dags/run_airflow.py
[2023-12-01T13:38:04.479+0300] {processor.py:829} INFO - Processing file /home/petr/project/airflow/dags/run_airflow.py for tasks to queue
[2023-12-01T13:38:04.481+0300] {logging_mixin.py:154} INFO - [2023-12-01T13:38:04.480+0300] {dagbag.py:536} INFO - Filling up the DagBag from /home/petr/project/airflow/dags/run_airflow.py
[2023-12-01T13:38:04.601+0300] {processor.py:839} INFO - DAG(s) dict_keys(['my_task_score']) retrieved from /home/petr/project/airflow/dags/run_airflow.py
[2023-12-01T13:38:04.805+0300] {logging_mixin.py:154} INFO - [2023-12-01T13:38:04.805+0300] {dag.py:2941} INFO - Sync 1 DAGs
[2023-12-01T13:38:04.853+0300] {logging_mixin.py:154} INFO - [2023-12-01T13:38:04.852+0300] {dag.py:3722} INFO - Setting next_dagrun for my_task_score to None, run_after=None
[2023-12-01T13:38:04.901+0300] {processor.py:179} INFO - Processing /home/petr/project/airflow/dags/run_airflow.py took 0.461 seconds
[2023-12-01T13:38:35.037+0300] {processor.py:157} INFO - Started process (PID=3434) to work on /home/petr/project/airflow/dags/run_airflow.py
[2023-12-01T13:38:35.049+0300] {processor.py:829} INFO - Processing file /home/petr/project/airflow/dags/run_airflow.py for tasks to queue
[2023-12-01T13:38:35.050+0300] {logging_mixin.py:154} INFO - [2023-12-01T13:38:35.050+0300] {dagbag.py:536} INFO - Filling up the DagBag from /home/petr/project/airflow/dags/run_airflow.py
[2023-12-01T13:38:35.056+0300] {processor.py:839} INFO - DAG(s) dict_keys(['my_task_score']) retrieved from /home/petr/project/airflow/dags/run_airflow.py
[2023-12-01T13:38:35.111+0300] {logging_mixin.py:154} INFO - [2023-12-01T13:38:35.111+0300] {dag.py:2941} INFO - Sync 1 DAGs
[2023-12-01T13:38:35.134+0300] {logging_mixin.py:154} INFO - [2023-12-01T13:38:35.133+0300] {dag.py:3722} INFO - Setting next_dagrun for my_task_score to None, run_after=None
[2023-12-01T13:38:35.168+0300] {processor.py:179} INFO - Processing /home/petr/project/airflow/dags/run_airflow.py took 0.134 seconds
[2023-12-01T13:39:05.836+0300] {processor.py:157} INFO - Started process (PID=3535) to work on /home/petr/project/airflow/dags/run_airflow.py
[2023-12-01T13:39:05.838+0300] {processor.py:829} INFO - Processing file /home/petr/project/airflow/dags/run_airflow.py for tasks to queue
[2023-12-01T13:39:05.839+0300] {logging_mixin.py:154} INFO - [2023-12-01T13:39:05.839+0300] {dagbag.py:536} INFO - Filling up the DagBag from /home/petr/project/airflow/dags/run_airflow.py
[2023-12-01T13:39:05.844+0300] {processor.py:839} INFO - DAG(s) dict_keys(['my_task_score']) retrieved from /home/petr/project/airflow/dags/run_airflow.py
[2023-12-01T13:39:05.902+0300] {logging_mixin.py:154} INFO - [2023-12-01T13:39:05.901+0300] {dag.py:2941} INFO - Sync 1 DAGs
[2023-12-01T13:39:05.922+0300] {logging_mixin.py:154} INFO - [2023-12-01T13:39:05.922+0300] {dag.py:3722} INFO - Setting next_dagrun for my_task_score to None, run_after=None
[2023-12-01T13:39:05.968+0300] {processor.py:179} INFO - Processing /home/petr/project/airflow/dags/run_airflow.py took 0.150 seconds
[2023-12-01T13:39:36.875+0300] {processor.py:157} INFO - Started process (PID=3642) to work on /home/petr/project/airflow/dags/run_airflow.py
[2023-12-01T13:39:36.875+0300] {processor.py:829} INFO - Processing file /home/petr/project/airflow/dags/run_airflow.py for tasks to queue
[2023-12-01T13:39:36.876+0300] {logging_mixin.py:154} INFO - [2023-12-01T13:39:36.876+0300] {dagbag.py:536} INFO - Filling up the DagBag from /home/petr/project/airflow/dags/run_airflow.py
[2023-12-01T13:39:36.894+0300] {processor.py:839} INFO - DAG(s) dict_keys(['my_task_score']) retrieved from /home/petr/project/airflow/dags/run_airflow.py
[2023-12-01T13:39:36.951+0300] {logging_mixin.py:154} INFO - [2023-12-01T13:39:36.950+0300] {dag.py:2941} INFO - Sync 1 DAGs
[2023-12-01T13:39:36.969+0300] {logging_mixin.py:154} INFO - [2023-12-01T13:39:36.969+0300] {dag.py:3722} INFO - Setting next_dagrun for my_task_score to None, run_after=None
[2023-12-01T13:39:37.015+0300] {processor.py:179} INFO - Processing /home/petr/project/airflow/dags/run_airflow.py took 0.144 seconds
[2023-12-01T13:40:07.922+0300] {processor.py:157} INFO - Started process (PID=3766) to work on /home/petr/project/airflow/dags/run_airflow.py
[2023-12-01T13:40:07.979+0300] {processor.py:829} INFO - Processing file /home/petr/project/airflow/dags/run_airflow.py for tasks to queue
[2023-12-01T13:40:07.994+0300] {logging_mixin.py:154} INFO - [2023-12-01T13:40:07.993+0300] {dagbag.py:536} INFO - Filling up the DagBag from /home/petr/project/airflow/dags/run_airflow.py
[2023-12-01T13:40:08.130+0300] {processor.py:839} INFO - DAG(s) dict_keys(['my_task_score']) retrieved from /home/petr/project/airflow/dags/run_airflow.py
[2023-12-01T13:40:08.412+0300] {logging_mixin.py:154} INFO - [2023-12-01T13:40:08.412+0300] {dag.py:2941} INFO - Sync 1 DAGs
[2023-12-01T13:40:08.510+0300] {logging_mixin.py:154} INFO - [2023-12-01T13:40:08.510+0300] {dag.py:3722} INFO - Setting next_dagrun for my_task_score to None, run_after=None
[2023-12-01T13:40:08.601+0300] {processor.py:179} INFO - Processing /home/petr/project/airflow/dags/run_airflow.py took 0.746 seconds
[2023-12-01T13:40:38.677+0300] {processor.py:157} INFO - Started process (PID=3876) to work on /home/petr/project/airflow/dags/run_airflow.py
[2023-12-01T13:40:38.678+0300] {processor.py:829} INFO - Processing file /home/petr/project/airflow/dags/run_airflow.py for tasks to queue
[2023-12-01T13:40:38.679+0300] {logging_mixin.py:154} INFO - [2023-12-01T13:40:38.679+0300] {dagbag.py:536} INFO - Filling up the DagBag from /home/petr/project/airflow/dags/run_airflow.py
[2023-12-01T13:40:38.688+0300] {processor.py:839} INFO - DAG(s) dict_keys(['my_task_score']) retrieved from /home/petr/project/airflow/dags/run_airflow.py
[2023-12-01T13:40:38.712+0300] {logging_mixin.py:154} INFO - [2023-12-01T13:40:38.712+0300] {dag.py:2941} INFO - Sync 1 DAGs
[2023-12-01T13:40:38.721+0300] {logging_mixin.py:154} INFO - [2023-12-01T13:40:38.721+0300] {dag.py:3722} INFO - Setting next_dagrun for my_task_score to None, run_after=None
[2023-12-01T13:40:38.755+0300] {processor.py:179} INFO - Processing /home/petr/project/airflow/dags/run_airflow.py took 0.081 seconds
[2023-12-01T13:41:09.585+0300] {processor.py:157} INFO - Started process (PID=3975) to work on /home/petr/project/airflow/dags/run_airflow.py
[2023-12-01T13:41:09.608+0300] {processor.py:829} INFO - Processing file /home/petr/project/airflow/dags/run_airflow.py for tasks to queue
[2023-12-01T13:41:09.609+0300] {logging_mixin.py:154} INFO - [2023-12-01T13:41:09.609+0300] {dagbag.py:536} INFO - Filling up the DagBag from /home/petr/project/airflow/dags/run_airflow.py
[2023-12-01T13:41:09.648+0300] {processor.py:839} INFO - DAG(s) dict_keys(['my_task_score']) retrieved from /home/petr/project/airflow/dags/run_airflow.py
[2023-12-01T13:41:09.759+0300] {logging_mixin.py:154} INFO - [2023-12-01T13:41:09.759+0300] {dag.py:2941} INFO - Sync 1 DAGs
[2023-12-01T13:41:09.801+0300] {logging_mixin.py:154} INFO - [2023-12-01T13:41:09.801+0300] {dag.py:3722} INFO - Setting next_dagrun for my_task_score to None, run_after=None
[2023-12-01T13:41:09.918+0300] {processor.py:179} INFO - Processing /home/petr/project/airflow/dags/run_airflow.py took 0.340 seconds
[2023-12-01T13:41:40.434+0300] {processor.py:157} INFO - Started process (PID=4079) to work on /home/petr/project/airflow/dags/run_airflow.py
[2023-12-01T13:41:40.457+0300] {processor.py:829} INFO - Processing file /home/petr/project/airflow/dags/run_airflow.py for tasks to queue
[2023-12-01T13:41:40.458+0300] {logging_mixin.py:154} INFO - [2023-12-01T13:41:40.457+0300] {dagbag.py:536} INFO - Filling up the DagBag from /home/petr/project/airflow/dags/run_airflow.py
[2023-12-01T13:41:40.479+0300] {processor.py:839} INFO - DAG(s) dict_keys(['my_task_score']) retrieved from /home/petr/project/airflow/dags/run_airflow.py
[2023-12-01T13:41:40.641+0300] {logging_mixin.py:154} INFO - [2023-12-01T13:41:40.641+0300] {dag.py:2941} INFO - Sync 1 DAGs
[2023-12-01T13:41:40.706+0300] {logging_mixin.py:154} INFO - [2023-12-01T13:41:40.706+0300] {dag.py:3722} INFO - Setting next_dagrun for my_task_score to None, run_after=None
[2023-12-01T13:41:40.819+0300] {processor.py:179} INFO - Processing /home/petr/project/airflow/dags/run_airflow.py took 0.389 seconds
[2023-12-01T13:42:11.187+0300] {processor.py:157} INFO - Started process (PID=4186) to work on /home/petr/project/airflow/dags/run_airflow.py
[2023-12-01T13:42:11.193+0300] {processor.py:829} INFO - Processing file /home/petr/project/airflow/dags/run_airflow.py for tasks to queue
[2023-12-01T13:42:11.194+0300] {logging_mixin.py:154} INFO - [2023-12-01T13:42:11.194+0300] {dagbag.py:536} INFO - Filling up the DagBag from /home/petr/project/airflow/dags/run_airflow.py
[2023-12-01T13:42:11.200+0300] {processor.py:839} INFO - DAG(s) dict_keys(['my_task_score']) retrieved from /home/petr/project/airflow/dags/run_airflow.py
[2023-12-01T13:42:11.257+0300] {logging_mixin.py:154} INFO - [2023-12-01T13:42:11.257+0300] {dag.py:2941} INFO - Sync 1 DAGs
[2023-12-01T13:42:11.275+0300] {logging_mixin.py:154} INFO - [2023-12-01T13:42:11.275+0300] {dag.py:3722} INFO - Setting next_dagrun for my_task_score to None, run_after=None
[2023-12-01T13:42:11.322+0300] {processor.py:179} INFO - Processing /home/petr/project/airflow/dags/run_airflow.py took 0.138 seconds
[2023-12-01T13:42:41.868+0300] {processor.py:157} INFO - Started process (PID=4290) to work on /home/petr/project/airflow/dags/run_airflow.py
[2023-12-01T13:42:41.869+0300] {processor.py:829} INFO - Processing file /home/petr/project/airflow/dags/run_airflow.py for tasks to queue
[2023-12-01T13:42:41.869+0300] {logging_mixin.py:154} INFO - [2023-12-01T13:42:41.869+0300] {dagbag.py:536} INFO - Filling up the DagBag from /home/petr/project/airflow/dags/run_airflow.py
[2023-12-01T13:42:41.896+0300] {processor.py:839} INFO - DAG(s) dict_keys(['my_task_score']) retrieved from /home/petr/project/airflow/dags/run_airflow.py
[2023-12-01T13:42:42.020+0300] {logging_mixin.py:154} INFO - [2023-12-01T13:42:42.020+0300] {dag.py:2941} INFO - Sync 1 DAGs
[2023-12-01T13:42:42.066+0300] {logging_mixin.py:154} INFO - [2023-12-01T13:42:42.066+0300] {dag.py:3722} INFO - Setting next_dagrun for my_task_score to None, run_after=None
[2023-12-01T13:42:42.114+0300] {processor.py:179} INFO - Processing /home/petr/project/airflow/dags/run_airflow.py took 0.248 seconds
[2023-12-01T13:43:13.081+0300] {processor.py:157} INFO - Started process (PID=4390) to work on /home/petr/project/airflow/dags/run_airflow.py
[2023-12-01T13:43:13.091+0300] {processor.py:829} INFO - Processing file /home/petr/project/airflow/dags/run_airflow.py for tasks to queue
[2023-12-01T13:43:13.091+0300] {logging_mixin.py:154} INFO - [2023-12-01T13:43:13.091+0300] {dagbag.py:536} INFO - Filling up the DagBag from /home/petr/project/airflow/dags/run_airflow.py
[2023-12-01T13:43:13.110+0300] {processor.py:839} INFO - DAG(s) dict_keys(['my_task_score']) retrieved from /home/petr/project/airflow/dags/run_airflow.py
[2023-12-01T13:43:13.166+0300] {logging_mixin.py:154} INFO - [2023-12-01T13:43:13.166+0300] {dag.py:2941} INFO - Sync 1 DAGs
[2023-12-01T13:43:13.191+0300] {logging_mixin.py:154} INFO - [2023-12-01T13:43:13.190+0300] {dag.py:3722} INFO - Setting next_dagrun for my_task_score to None, run_after=None
[2023-12-01T13:43:13.243+0300] {processor.py:179} INFO - Processing /home/petr/project/airflow/dags/run_airflow.py took 0.164 seconds
[2023-12-01T13:43:44.216+0300] {processor.py:157} INFO - Started process (PID=4490) to work on /home/petr/project/airflow/dags/run_airflow.py
[2023-12-01T13:43:44.217+0300] {processor.py:829} INFO - Processing file /home/petr/project/airflow/dags/run_airflow.py for tasks to queue
[2023-12-01T13:43:44.218+0300] {logging_mixin.py:154} INFO - [2023-12-01T13:43:44.218+0300] {dagbag.py:536} INFO - Filling up the DagBag from /home/petr/project/airflow/dags/run_airflow.py
[2023-12-01T13:43:44.285+0300] {processor.py:839} INFO - DAG(s) dict_keys(['my_task_score']) retrieved from /home/petr/project/airflow/dags/run_airflow.py
[2023-12-01T13:43:44.421+0300] {logging_mixin.py:154} INFO - [2023-12-01T13:43:44.421+0300] {dag.py:2941} INFO - Sync 1 DAGs
[2023-12-01T13:43:44.468+0300] {logging_mixin.py:154} INFO - [2023-12-01T13:43:44.467+0300] {dag.py:3722} INFO - Setting next_dagrun for my_task_score to None, run_after=None
[2023-12-01T13:43:44.555+0300] {processor.py:179} INFO - Processing /home/petr/project/airflow/dags/run_airflow.py took 0.343 seconds
[2023-12-01T13:44:15.272+0300] {processor.py:157} INFO - Started process (PID=4589) to work on /home/petr/project/airflow/dags/run_airflow.py
[2023-12-01T13:44:15.274+0300] {processor.py:829} INFO - Processing file /home/petr/project/airflow/dags/run_airflow.py for tasks to queue
[2023-12-01T13:44:15.274+0300] {logging_mixin.py:154} INFO - [2023-12-01T13:44:15.274+0300] {dagbag.py:536} INFO - Filling up the DagBag from /home/petr/project/airflow/dags/run_airflow.py
[2023-12-01T13:44:15.294+0300] {processor.py:839} INFO - DAG(s) dict_keys(['my_task_score']) retrieved from /home/petr/project/airflow/dags/run_airflow.py
[2023-12-01T13:44:15.345+0300] {logging_mixin.py:154} INFO - [2023-12-01T13:44:15.344+0300] {dag.py:2941} INFO - Sync 1 DAGs
[2023-12-01T13:44:15.365+0300] {logging_mixin.py:154} INFO - [2023-12-01T13:44:15.364+0300] {dag.py:3722} INFO - Setting next_dagrun for my_task_score to None, run_after=None
[2023-12-01T13:44:15.418+0300] {processor.py:179} INFO - Processing /home/petr/project/airflow/dags/run_airflow.py took 0.161 seconds
[2023-12-01T13:44:46.311+0300] {processor.py:157} INFO - Started process (PID=4690) to work on /home/petr/project/airflow/dags/run_airflow.py
[2023-12-01T13:44:46.316+0300] {processor.py:829} INFO - Processing file /home/petr/project/airflow/dags/run_airflow.py for tasks to queue
[2023-12-01T13:44:46.317+0300] {logging_mixin.py:154} INFO - [2023-12-01T13:44:46.317+0300] {dagbag.py:536} INFO - Filling up the DagBag from /home/petr/project/airflow/dags/run_airflow.py
[2023-12-01T13:44:46.337+0300] {processor.py:839} INFO - DAG(s) dict_keys(['my_task_score']) retrieved from /home/petr/project/airflow/dags/run_airflow.py
[2023-12-01T13:44:46.441+0300] {logging_mixin.py:154} INFO - [2023-12-01T13:44:46.440+0300] {dag.py:2941} INFO - Sync 1 DAGs
[2023-12-01T13:44:46.476+0300] {logging_mixin.py:154} INFO - [2023-12-01T13:44:46.476+0300] {dag.py:3722} INFO - Setting next_dagrun for my_task_score to None, run_after=None
[2023-12-01T13:44:46.565+0300] {processor.py:179} INFO - Processing /home/petr/project/airflow/dags/run_airflow.py took 0.261 seconds
[2023-12-01T13:45:17.039+0300] {processor.py:157} INFO - Started process (PID=4809) to work on /home/petr/project/airflow/dags/run_airflow.py
[2023-12-01T13:45:17.041+0300] {processor.py:829} INFO - Processing file /home/petr/project/airflow/dags/run_airflow.py for tasks to queue
[2023-12-01T13:45:17.042+0300] {logging_mixin.py:154} INFO - [2023-12-01T13:45:17.042+0300] {dagbag.py:536} INFO - Filling up the DagBag from /home/petr/project/airflow/dags/run_airflow.py
[2023-12-01T13:45:17.066+0300] {processor.py:839} INFO - DAG(s) dict_keys(['my_task_score']) retrieved from /home/petr/project/airflow/dags/run_airflow.py
[2023-12-01T13:45:17.270+0300] {logging_mixin.py:154} INFO - [2023-12-01T13:45:17.269+0300] {dag.py:2941} INFO - Sync 1 DAGs
[2023-12-01T13:45:17.308+0300] {logging_mixin.py:154} INFO - [2023-12-01T13:45:17.308+0300] {dag.py:3722} INFO - Setting next_dagrun for my_task_score to None, run_after=None
[2023-12-01T13:45:17.392+0300] {processor.py:179} INFO - Processing /home/petr/project/airflow/dags/run_airflow.py took 0.372 seconds
[2023-12-01T13:46:42.342+0300] {processor.py:157} INFO - Started process (PID=4925) to work on /home/petr/project/airflow/dags/run_airflow.py
[2023-12-01T13:46:42.565+0300] {processor.py:829} INFO - Processing file /home/petr/project/airflow/dags/run_airflow.py for tasks to queue
[2023-12-01T13:46:42.567+0300] {logging_mixin.py:154} INFO - [2023-12-01T13:46:42.566+0300] {dagbag.py:536} INFO - Filling up the DagBag from /home/petr/project/airflow/dags/run_airflow.py
[2023-12-01T13:46:42.709+0300] {processor.py:839} INFO - DAG(s) dict_keys(['my_task_score']) retrieved from /home/petr/project/airflow/dags/run_airflow.py
[2023-12-01T13:46:42.882+0300] {logging_mixin.py:154} INFO - [2023-12-01T13:46:42.882+0300] {dag.py:2941} INFO - Sync 1 DAGs
[2023-12-01T13:46:42.934+0300] {logging_mixin.py:154} INFO - [2023-12-01T13:46:42.934+0300] {dag.py:3722} INFO - Setting next_dagrun for my_task_score to None, run_after=None
[2023-12-01T13:46:43.013+0300] {processor.py:179} INFO - Processing /home/petr/project/airflow/dags/run_airflow.py took 0.764 seconds
[2023-12-01T13:47:13.501+0300] {processor.py:157} INFO - Started process (PID=5030) to work on /home/petr/project/airflow/dags/run_airflow.py
[2023-12-01T13:47:13.521+0300] {processor.py:829} INFO - Processing file /home/petr/project/airflow/dags/run_airflow.py for tasks to queue
[2023-12-01T13:47:13.522+0300] {logging_mixin.py:154} INFO - [2023-12-01T13:47:13.522+0300] {dagbag.py:536} INFO - Filling up the DagBag from /home/petr/project/airflow/dags/run_airflow.py
[2023-12-01T13:47:13.547+0300] {processor.py:839} INFO - DAG(s) dict_keys(['my_task_score']) retrieved from /home/petr/project/airflow/dags/run_airflow.py
[2023-12-01T13:47:13.604+0300] {logging_mixin.py:154} INFO - [2023-12-01T13:47:13.604+0300] {dag.py:2941} INFO - Sync 1 DAGs
[2023-12-01T13:47:13.630+0300] {logging_mixin.py:154} INFO - [2023-12-01T13:47:13.630+0300] {dag.py:3722} INFO - Setting next_dagrun for my_task_score to None, run_after=None
[2023-12-01T13:47:13.689+0300] {processor.py:179} INFO - Processing /home/petr/project/airflow/dags/run_airflow.py took 0.192 seconds
[2023-12-01T13:47:44.235+0300] {processor.py:157} INFO - Started process (PID=5157) to work on /home/petr/project/airflow/dags/run_airflow.py
[2023-12-01T13:47:44.257+0300] {processor.py:829} INFO - Processing file /home/petr/project/airflow/dags/run_airflow.py for tasks to queue
[2023-12-01T13:47:44.259+0300] {logging_mixin.py:154} INFO - [2023-12-01T13:47:44.258+0300] {dagbag.py:536} INFO - Filling up the DagBag from /home/petr/project/airflow/dags/run_airflow.py
[2023-12-01T13:47:44.283+0300] {processor.py:839} INFO - DAG(s) dict_keys(['my_task_score']) retrieved from /home/petr/project/airflow/dags/run_airflow.py
[2023-12-01T13:47:44.348+0300] {logging_mixin.py:154} INFO - [2023-12-01T13:47:44.348+0300] {dag.py:2941} INFO - Sync 1 DAGs
[2023-12-01T13:47:44.385+0300] {logging_mixin.py:154} INFO - [2023-12-01T13:47:44.385+0300] {dag.py:3722} INFO - Setting next_dagrun for my_task_score to None, run_after=None
[2023-12-01T13:47:44.454+0300] {processor.py:179} INFO - Processing /home/petr/project/airflow/dags/run_airflow.py took 0.247 seconds
[2023-12-01T13:49:09.752+0300] {processor.py:157} INFO - Started process (PID=5303) to work on /home/petr/project/airflow/dags/run_airflow.py
[2023-12-01T13:49:09.764+0300] {processor.py:829} INFO - Processing file /home/petr/project/airflow/dags/run_airflow.py for tasks to queue
[2023-12-01T13:49:09.765+0300] {logging_mixin.py:154} INFO - [2023-12-01T13:49:09.764+0300] {dagbag.py:536} INFO - Filling up the DagBag from /home/petr/project/airflow/dags/run_airflow.py
[2023-12-01T13:49:09.783+0300] {processor.py:839} INFO - DAG(s) dict_keys(['my_task_score']) retrieved from /home/petr/project/airflow/dags/run_airflow.py
[2023-12-01T13:49:09.882+0300] {logging_mixin.py:154} INFO - [2023-12-01T13:49:09.882+0300] {dag.py:2941} INFO - Sync 1 DAGs
[2023-12-01T13:49:09.904+0300] {logging_mixin.py:154} INFO - [2023-12-01T13:49:09.904+0300] {dag.py:3722} INFO - Setting next_dagrun for my_task_score to None, run_after=None
[2023-12-01T13:49:09.948+0300] {processor.py:179} INFO - Processing /home/petr/project/airflow/dags/run_airflow.py took 0.199 seconds
[2023-12-01T13:49:40.798+0300] {processor.py:157} INFO - Started process (PID=5403) to work on /home/petr/project/airflow/dags/run_airflow.py
[2023-12-01T13:49:40.804+0300] {processor.py:829} INFO - Processing file /home/petr/project/airflow/dags/run_airflow.py for tasks to queue
[2023-12-01T13:49:40.805+0300] {logging_mixin.py:154} INFO - [2023-12-01T13:49:40.805+0300] {dagbag.py:536} INFO - Filling up the DagBag from /home/petr/project/airflow/dags/run_airflow.py
[2023-12-01T13:49:40.811+0300] {processor.py:839} INFO - DAG(s) dict_keys(['my_task_score']) retrieved from /home/petr/project/airflow/dags/run_airflow.py
[2023-12-01T13:49:40.880+0300] {logging_mixin.py:154} INFO - [2023-12-01T13:49:40.880+0300] {dag.py:2941} INFO - Sync 1 DAGs
[2023-12-01T13:49:40.913+0300] {logging_mixin.py:154} INFO - [2023-12-01T13:49:40.913+0300] {dag.py:3722} INFO - Setting next_dagrun for my_task_score to None, run_after=None
[2023-12-01T13:49:40.986+0300] {processor.py:179} INFO - Processing /home/petr/project/airflow/dags/run_airflow.py took 0.191 seconds
[2023-12-01T13:50:11.576+0300] {processor.py:157} INFO - Started process (PID=5513) to work on /home/petr/project/airflow/dags/run_airflow.py
[2023-12-01T13:50:11.581+0300] {processor.py:829} INFO - Processing file /home/petr/project/airflow/dags/run_airflow.py for tasks to queue
[2023-12-01T13:50:11.582+0300] {logging_mixin.py:154} INFO - [2023-12-01T13:50:11.582+0300] {dagbag.py:536} INFO - Filling up the DagBag from /home/petr/project/airflow/dags/run_airflow.py
[2023-12-01T13:50:11.589+0300] {processor.py:839} INFO - DAG(s) dict_keys(['my_task_score']) retrieved from /home/petr/project/airflow/dags/run_airflow.py
[2023-12-01T13:50:11.650+0300] {logging_mixin.py:154} INFO - [2023-12-01T13:50:11.650+0300] {dag.py:2941} INFO - Sync 1 DAGs
[2023-12-01T13:50:11.667+0300] {logging_mixin.py:154} INFO - [2023-12-01T13:50:11.667+0300] {dag.py:3722} INFO - Setting next_dagrun for my_task_score to None, run_after=None
[2023-12-01T13:50:11.711+0300] {processor.py:179} INFO - Processing /home/petr/project/airflow/dags/run_airflow.py took 0.138 seconds
[2023-12-01T20:00:39.979+0300] {processor.py:157} INFO - Started process (PID=5663) to work on /home/petr/project/airflow/dags/run_airflow.py
[2023-12-01T20:00:40.018+0300] {processor.py:829} INFO - Processing file /home/petr/project/airflow/dags/run_airflow.py for tasks to queue
[2023-12-01T20:00:40.021+0300] {logging_mixin.py:154} INFO - [2023-12-01T20:00:40.020+0300] {dagbag.py:536} INFO - Filling up the DagBag from /home/petr/project/airflow/dags/run_airflow.py
[2023-12-01T20:00:40.805+0300] {processor.py:839} INFO - DAG(s) dict_keys(['my_task_score']) retrieved from /home/petr/project/airflow/dags/run_airflow.py
[2023-12-01T20:00:42.080+0300] {logging_mixin.py:154} INFO - [2023-12-01T20:00:42.080+0300] {dag.py:2941} INFO - Sync 1 DAGs
[2023-12-01T20:00:42.508+0300] {logging_mixin.py:154} INFO - [2023-12-01T20:00:42.507+0300] {dag.py:3722} INFO - Setting next_dagrun for my_task_score to None, run_after=None
[2023-12-01T20:00:43.363+0300] {processor.py:179} INFO - Processing /home/petr/project/airflow/dags/run_airflow.py took 3.893 seconds
